[0.033s] Invoking command in '/home/ros2-user/ros2_workspace/robotics-v1/build/resource_builder': CMAKE_PREFIX_PATH=/home/ros2-user/ros2_workspace/robotics-v1/install/resource_utils:/home/ros2-user/ros2_workspace/robotics-v1/install/utils:/home/ros2-user/ros2_workspace/robotics-v1/install/cmake_helpers:/opt/ros/foxy PKG_CONFIG_PATH=/home/ros2-user/ros2_workspace/robotics-v1/install/resource_utils/lib/x86_64-linux-gnu/pkgconfig:/home/ros2-user/ros2_workspace/robotics-v1/install/resource_utils/lib/pkgconfig:/home/ros2-user/ros2_workspace/robotics-v1/install/utils/lib/x86_64-linux-gnu/pkgconfig:/home/ros2-user/ros2_workspace/robotics-v1/install/utils/lib/pkgconfig:/home/ros2-user/ros2_workspace/robotics-v1/install/cmake_helpers/lib/x86_64-linux-gnu/pkgconfig:/home/ros2-user/ros2_workspace/robotics-v1/install/cmake_helpers/lib/pkgconfig /usr/bin/cmake /home/ros2-user/ros2_workspace/robotics-v1/src/tools/resource_builder -DCMAKE_BUILD_TYPE=Debug -DCMAKE_CXX_COMPILER=/usr/bin/g++ -DCMAKE_INSTALL_PREFIX=/home/ros2-user/ros2_workspace/robotics-v1/install/resource_builder
[0.228s] -- The CXX compiler identification is GNU 9.4.0
[0.239s] -- Check for working CXX compiler: /usr/bin/g++
[0.497s] -- Check for working CXX compiler: /usr/bin/g++ -- works
[0.499s] -- Detecting CXX compiler ABI info
[0.763s] -- Detecting CXX compiler ABI info - done
[0.796s] -- Detecting CXX compile features
[0.799s] -- Detecting CXX compile features - done
[0.804s] -- Found cmake_helpers: 1.0.0 (/home/ros2-user/ros2_workspace/robotics-v1/install/cmake_helpers/share/cmake_helpers/cmake)
[0.813s] -- Looking for C++ include pthread.h
[1.099s] -- Looking for C++ include pthread.h - found
[1.101s] -- Performing Test CMAKE_HAVE_LIBC_PTHREAD
[1.353s] -- Performing Test CMAKE_HAVE_LIBC_PTHREAD - Failed
[1.355s] -- Looking for pthread_create in pthreads
[1.561s] -- Looking for pthread_create in pthreads - not found
[1.562s] -- Looking for pthread_create in pthread
[1.811s] -- Looking for pthread_create in pthread - found
[1.815s] -- Found Threads: TRUE  
[1.824s] -- Found ament_cmake: 0.9.11 (/opt/ros/foxy/share/ament_cmake/cmake)
[1.886s] -- Found PythonInterp: /usr/bin/python3 (found suitable version "3.8.10", minimum required is "3") 
[1.887s] -- Using PYTHON_EXECUTABLE: /usr/bin/python3
[2.516s] -- Configuring done
[2.538s] -- Generating done
[2.544s] -- Build files have been written to: /home/ros2-user/ros2_workspace/robotics-v1/build/resource_builder
[2.553s] Invoked command in '/home/ros2-user/ros2_workspace/robotics-v1/build/resource_builder' returned '0': CMAKE_PREFIX_PATH=/home/ros2-user/ros2_workspace/robotics-v1/install/resource_utils:/home/ros2-user/ros2_workspace/robotics-v1/install/utils:/home/ros2-user/ros2_workspace/robotics-v1/install/cmake_helpers:/opt/ros/foxy PKG_CONFIG_PATH=/home/ros2-user/ros2_workspace/robotics-v1/install/resource_utils/lib/x86_64-linux-gnu/pkgconfig:/home/ros2-user/ros2_workspace/robotics-v1/install/resource_utils/lib/pkgconfig:/home/ros2-user/ros2_workspace/robotics-v1/install/utils/lib/x86_64-linux-gnu/pkgconfig:/home/ros2-user/ros2_workspace/robotics-v1/install/utils/lib/pkgconfig:/home/ros2-user/ros2_workspace/robotics-v1/install/cmake_helpers/lib/x86_64-linux-gnu/pkgconfig:/home/ros2-user/ros2_workspace/robotics-v1/install/cmake_helpers/lib/pkgconfig /usr/bin/cmake /home/ros2-user/ros2_workspace/robotics-v1/src/tools/resource_builder -DCMAKE_BUILD_TYPE=Debug -DCMAKE_CXX_COMPILER=/usr/bin/g++ -DCMAKE_INSTALL_PREFIX=/home/ros2-user/ros2_workspace/robotics-v1/install/resource_builder
[2.560s] Invoking command in '/home/ros2-user/ros2_workspace/robotics-v1/build/resource_builder': CMAKE_PREFIX_PATH=/home/ros2-user/ros2_workspace/robotics-v1/install/resource_utils:/home/ros2-user/ros2_workspace/robotics-v1/install/utils:/home/ros2-user/ros2_workspace/robotics-v1/install/cmake_helpers:/opt/ros/foxy PKG_CONFIG_PATH=/home/ros2-user/ros2_workspace/robotics-v1/install/resource_utils/lib/x86_64-linux-gnu/pkgconfig:/home/ros2-user/ros2_workspace/robotics-v1/install/resource_utils/lib/pkgconfig:/home/ros2-user/ros2_workspace/robotics-v1/install/utils/lib/x86_64-linux-gnu/pkgconfig:/home/ros2-user/ros2_workspace/robotics-v1/install/utils/lib/pkgconfig:/home/ros2-user/ros2_workspace/robotics-v1/install/cmake_helpers/lib/x86_64-linux-gnu/pkgconfig:/home/ros2-user/ros2_workspace/robotics-v1/install/cmake_helpers/lib/pkgconfig /usr/bin/cmake --build /home/ros2-user/ros2_workspace/robotics-v1/build/resource_builder -- -j4 -l4
[2.689s] [35m[1mScanning dependencies of target resource_builder[0m
[2.735s] [ 16%] [32mBuilding CXX object CMakeFiles/resource_builder.dir/src/main.cpp.o[0m
[2.739s] [ 33%] [32mBuilding CXX object CMakeFiles/resource_builder.dir/src/FileBuilder.cpp.o[0m
[2.751s] [ 50%] [32mBuilding CXX object CMakeFiles/resource_builder.dir/src/FileParser.cpp.o[0m
[2.765s] [ 66%] [32mBuilding CXX object CMakeFiles/resource_builder.dir/src/ResourceParser.cpp.o[0m
[4.571s] [ 83%] [32mBuilding CXX object CMakeFiles/resource_builder.dir/src/SyntaxChecker.cpp.o[0m
[6.323s] [100%] [32m[1mLinking CXX executable resource_builder[0m
[6.633s] [100%] Built target resource_builder
[6.679s] Invoked command in '/home/ros2-user/ros2_workspace/robotics-v1/build/resource_builder' returned '0': CMAKE_PREFIX_PATH=/home/ros2-user/ros2_workspace/robotics-v1/install/resource_utils:/home/ros2-user/ros2_workspace/robotics-v1/install/utils:/home/ros2-user/ros2_workspace/robotics-v1/install/cmake_helpers:/opt/ros/foxy PKG_CONFIG_PATH=/home/ros2-user/ros2_workspace/robotics-v1/install/resource_utils/lib/x86_64-linux-gnu/pkgconfig:/home/ros2-user/ros2_workspace/robotics-v1/install/resource_utils/lib/pkgconfig:/home/ros2-user/ros2_workspace/robotics-v1/install/utils/lib/x86_64-linux-gnu/pkgconfig:/home/ros2-user/ros2_workspace/robotics-v1/install/utils/lib/pkgconfig:/home/ros2-user/ros2_workspace/robotics-v1/install/cmake_helpers/lib/x86_64-linux-gnu/pkgconfig:/home/ros2-user/ros2_workspace/robotics-v1/install/cmake_helpers/lib/pkgconfig /usr/bin/cmake --build /home/ros2-user/ros2_workspace/robotics-v1/build/resource_builder -- -j4 -l4
[6.800s] Invoking command in '/home/ros2-user/ros2_workspace/robotics-v1/build/resource_builder': CMAKE_PREFIX_PATH=/home/ros2-user/ros2_workspace/robotics-v1/install/resource_utils:/home/ros2-user/ros2_workspace/robotics-v1/install/utils:/home/ros2-user/ros2_workspace/robotics-v1/install/cmake_helpers:/opt/ros/foxy PKG_CONFIG_PATH=/home/ros2-user/ros2_workspace/robotics-v1/install/resource_utils/lib/x86_64-linux-gnu/pkgconfig:/home/ros2-user/ros2_workspace/robotics-v1/install/resource_utils/lib/pkgconfig:/home/ros2-user/ros2_workspace/robotics-v1/install/utils/lib/x86_64-linux-gnu/pkgconfig:/home/ros2-user/ros2_workspace/robotics-v1/install/utils/lib/pkgconfig:/home/ros2-user/ros2_workspace/robotics-v1/install/cmake_helpers/lib/x86_64-linux-gnu/pkgconfig:/home/ros2-user/ros2_workspace/robotics-v1/install/cmake_helpers/lib/pkgconfig /usr/bin/cmake --install /home/ros2-user/ros2_workspace/robotics-v1/build/resource_builder
[6.824s] -- Install configuration: "Debug"
[6.825s] -- Installing: /home/ros2-user/ros2_workspace/robotics-v1/install/resource_builder/share/resource_builder/package.xml
[6.827s] -- Installing: /home/ros2-user/ros2_workspace/robotics-v1/install/resource_builder/lib/resource_builder/resource_builder
[6.834s] -- Installing: /home/ros2-user/ros2_workspace/robotics-v1/install/resource_builder/share/ament_index/resource_index/packages/resource_builder
[6.835s] -- Installing: /home/ros2-user/ros2_workspace/robotics-v1/install/resource_builder/share/resource_builder/hook/ament_prefix_path.dsv
[6.836s] -- Installing: /home/ros2-user/ros2_workspace/robotics-v1/install/resource_builder/share/resource_builder/hook/ros_package_path.dsv
[6.839s] -- Installing: /home/ros2-user/ros2_workspace/robotics-v1/install/resource_builder/share/ament_index/resource_index/package_run_dependencies/resource_builder
[6.841s] -- Installing: /home/ros2-user/ros2_workspace/robotics-v1/install/resource_builder/share/ament_index/resource_index/parent_prefix_path/resource_builder
[6.842s] -- Installing: /home/ros2-user/ros2_workspace/robotics-v1/install/resource_builder/share/resource_builder/environment/ament_prefix_path.sh
[6.844s] -- Installing: /home/ros2-user/ros2_workspace/robotics-v1/install/resource_builder/share/resource_builder/environment/ament_prefix_path.dsv
[6.846s] -- Installing: /home/ros2-user/ros2_workspace/robotics-v1/install/resource_builder/share/resource_builder/environment/path.sh
[6.847s] -- Installing: /home/ros2-user/ros2_workspace/robotics-v1/install/resource_builder/share/resource_builder/environment/path.dsv
[6.848s] -- Installing: /home/ros2-user/ros2_workspace/robotics-v1/install/resource_builder/share/resource_builder/local_setup.bash
[6.849s] -- Installing: /home/ros2-user/ros2_workspace/robotics-v1/install/resource_builder/share/resource_builder/local_setup.sh
[6.853s] -- Installing: /home/ros2-user/ros2_workspace/robotics-v1/install/resource_builder/share/resource_builder/local_setup.zsh
[6.853s] -- Installing: /home/ros2-user/ros2_workspace/robotics-v1/install/resource_builder/share/resource_builder/local_setup.dsv
[6.855s] -- Installing: /home/ros2-user/ros2_workspace/robotics-v1/install/resource_builder/share/resource_builder/package.dsv
[6.856s] -- Up-to-date: /home/ros2-user/ros2_workspace/robotics-v1/install/resource_builder/share/ament_index/resource_index/packages/resource_builder
[6.856s] -- Installing: /home/ros2-user/ros2_workspace/robotics-v1/install/resource_builder/share/resource_builder/cmake/resource_builderConfig.cmake
[6.857s] -- Installing: /home/ros2-user/ros2_workspace/robotics-v1/install/resource_builder/share/resource_builder/cmake/resource_builderConfig-version.cmake
[6.857s] -- Up-to-date: /home/ros2-user/ros2_workspace/robotics-v1/install/resource_builder/share/resource_builder/package.xml
[6.859s] -- Installing: /home/ros2-user/ros2_workspace/robotics-v1/install/resource_builder/bin/resource_builder
[6.865s] -- Installing: /home/ros2-user/ros2_workspace/robotics-v1/install/resource_builder/include
[6.866s] -- Installing: /home/ros2-user/ros2_workspace/robotics-v1/install/resource_builder/include/resource_builder
[6.867s] -- Installing: /home/ros2-user/ros2_workspace/robotics-v1/install/resource_builder/include/resource_builder/ResourceParser.h
[6.867s] -- Installing: /home/ros2-user/ros2_workspace/robotics-v1/install/resource_builder/include/resource_builder/SyntaxChecker.h
[6.868s] -- Installing: /home/ros2-user/ros2_workspace/robotics-v1/install/resource_builder/include/resource_builder/FileBuilder.h
[6.868s] -- Installing: /home/ros2-user/ros2_workspace/robotics-v1/install/resource_builder/include/resource_builder/FileParser.h
[6.869s] -- Installing: /home/ros2-user/ros2_workspace/robotics-v1/install/resource_builder/lib/cmake/resource_builder/resource_builderTargets.cmake
[6.869s] -- Installing: /home/ros2-user/ros2_workspace/robotics-v1/install/resource_builder/lib/cmake/resource_builder/resource_builderTargets-debug.cmake
[6.869s] -- Installing: /home/ros2-user/ros2_workspace/robotics-v1/install/resource_builder/lib/cmake/resource_builder/resource_builderConfig.cmake
[6.876s] Invoked command in '/home/ros2-user/ros2_workspace/robotics-v1/build/resource_builder' returned '0': CMAKE_PREFIX_PATH=/home/ros2-user/ros2_workspace/robotics-v1/install/resource_utils:/home/ros2-user/ros2_workspace/robotics-v1/install/utils:/home/ros2-user/ros2_workspace/robotics-v1/install/cmake_helpers:/opt/ros/foxy PKG_CONFIG_PATH=/home/ros2-user/ros2_workspace/robotics-v1/install/resource_utils/lib/x86_64-linux-gnu/pkgconfig:/home/ros2-user/ros2_workspace/robotics-v1/install/resource_utils/lib/pkgconfig:/home/ros2-user/ros2_workspace/robotics-v1/install/utils/lib/x86_64-linux-gnu/pkgconfig:/home/ros2-user/ros2_workspace/robotics-v1/install/utils/lib/pkgconfig:/home/ros2-user/ros2_workspace/robotics-v1/install/cmake_helpers/lib/x86_64-linux-gnu/pkgconfig:/home/ros2-user/ros2_workspace/robotics-v1/install/cmake_helpers/lib/pkgconfig /usr/bin/cmake --install /home/ros2-user/ros2_workspace/robotics-v1/build/resource_builder
