[0.060s] Invoking command in '/home/ros2-user/ros2_workspace/robotics-v1/build/robo_miner_interfaces': CMAKE_PREFIX_PATH=/opt/ros/foxy /usr/bin/cmake /home/ros2-user/ros2_workspace/robotics-v1/src/robo_miner/robo_miner_interfaces -DCMAKE_INSTALL_PREFIX=/home/ros2-user/ros2_workspace/robotics-v1/install/robo_miner_interfaces
[0.086s] -- Found ament_cmake: 0.9.11 (/opt/ros/foxy/share/ament_cmake/cmake)
[0.122s] -- Found PythonInterp: /usr/bin/python3 (found suitable version "3.8.10", minimum required is "3") 
[0.122s] -- Using PYTHON_EXECUTABLE: /usr/bin/python3
[0.405s] -- Override CMake install command with custom implementation using symlinks instead of copying resources
[0.414s] -- Found rosidl_default_generators: 1.0.1 (/opt/ros/foxy/share/rosidl_default_generators/cmake)
[0.417s] -- Using all available rosidl_typesupport_c: rosidl_typesupport_fastrtps_c;rosidl_typesupport_introspection_c
[0.420s] -- Found rosidl_adapter: 1.3.0 (/opt/ros/foxy/share/rosidl_adapter/cmake)
[0.569s] -- Using all available rosidl_typesupport_cpp: rosidl_typesupport_fastrtps_cpp;rosidl_typesupport_introspection_cpp
[0.659s] -- Found PythonInterp: /usr/bin/python3 (found version "3.8.10") 
[0.886s] -- Found ament_cmake_ros: 0.9.2 (/opt/ros/foxy/share/ament_cmake_ros/cmake)
[1.028s] -- Using all available rosidl_typesupport_c: rosidl_typesupport_fastrtps_c;rosidl_typesupport_introspection_c
[1.051s] -- Using all available rosidl_typesupport_cpp: rosidl_typesupport_fastrtps_cpp;rosidl_typesupport_introspection_cpp
[1.086s] -- Found PythonInterp: /usr/bin/python3 (found suitable version "3.8.10", minimum required is "3.5") 
[1.086s] -- Found python_cmake_module: 0.8.1 (/opt/ros/foxy/share/python_cmake_module/cmake)
[1.112s] -- Using PYTHON_EXECUTABLE: /usr/bin/python3
[1.113s] -- Using PYTHON_INCLUDE_DIRS: /usr/include/python3.8
[1.113s] -- Using PYTHON_LIBRARIES: /usr/lib/x86_64-linux-gnu/libpython3.8.so
[1.167s] -- Configuring done
[1.281s] -- Generating done
[1.298s] -- Build files have been written to: /home/ros2-user/ros2_workspace/robotics-v1/build/robo_miner_interfaces
[1.310s] Invoked command in '/home/ros2-user/ros2_workspace/robotics-v1/build/robo_miner_interfaces' returned '0': CMAKE_PREFIX_PATH=/opt/ros/foxy /usr/bin/cmake /home/ros2-user/ros2_workspace/robotics-v1/src/robo_miner/robo_miner_interfaces -DCMAKE_INSTALL_PREFIX=/home/ros2-user/ros2_workspace/robotics-v1/install/robo_miner_interfaces
[1.311s] Invoking command in '/home/ros2-user/ros2_workspace/robotics-v1/build/robo_miner_interfaces': CMAKE_PREFIX_PATH=/opt/ros/foxy /usr/bin/cmake --build /home/ros2-user/ros2_workspace/robotics-v1/build/robo_miner_interfaces -- -j4 -l4
[1.566s] [  0%] Built target robo_miner_interfaces__cpp
[1.569s] [ 12%] Built target robo_miner_interfaces__rosidl_generator_c
[1.673s] [ 24%] Built target robo_miner_interfaces__rosidl_typesupport_cpp
[1.697s] [ 35%] Built target robo_miner_interfaces__rosidl_typesupport_fastrtps_cpp
[1.729s] [ 46%] Built target robo_miner_interfaces__rosidl_typesupport_c
[1.893s] [ 67%] Built target robo_miner_interfaces__rosidl_typesupport_introspection_c
[1.893s] [ 70%] Built target robo_miner_interfaces__rosidl_typesupport_introspection_cpp
[1.951s] [ 82%] Built target robo_miner_interfaces__rosidl_typesupport_fastrtps_c
[2.002s] [ 82%] Built target robo_miner_interfaces
[2.051s] [ 83%] Built target robo_miner_interfaces__py
[2.165s] [ 94%] Built target robo_miner_interfaces__python
[2.236s] [ 96%] Built target robo_miner_interfaces__rosidl_typesupport_fastrtps_c__pyext
[2.249s] [ 98%] Built target robo_miner_interfaces__rosidl_typesupport_c__pyext
[2.290s] [100%] Built target robo_miner_interfaces__rosidl_typesupport_introspection_c__pyext
[2.347s] Invoked command in '/home/ros2-user/ros2_workspace/robotics-v1/build/robo_miner_interfaces' returned '0': CMAKE_PREFIX_PATH=/opt/ros/foxy /usr/bin/cmake --build /home/ros2-user/ros2_workspace/robotics-v1/build/robo_miner_interfaces -- -j4 -l4
[3.157s] Invoking command in '/home/ros2-user/ros2_workspace/robotics-v1/build/robo_miner_interfaces': CMAKE_PREFIX_PATH=/opt/ros/foxy /usr/bin/cmake --install /home/ros2-user/ros2_workspace/robotics-v1/build/robo_miner_interfaces
[3.169s] -- Install configuration: "Debug"
[3.171s] -- Execute custom install script
[3.172s] -- Up-to-date symlink: /home/ros2-user/ros2_workspace/robotics-v1/install/robo_miner_interfaces/share/ament_index/resource_index/rosidl_interfaces/robo_miner_interfaces
[3.174s] -- Up-to-date symlink: /home/ros2-user/ros2_workspace/robotics-v1/install/robo_miner_interfaces/include/robo_miner_interfaces/msg/detail/field_point__functions.h
[3.176s] -- Up-to-date symlink: /home/ros2-user/ros2_workspace/robotics-v1/install/robo_miner_interfaces/include/robo_miner_interfaces/msg/detail/field_point__struct.h
[3.176s] -- Up-to-date symlink: /home/ros2-user/ros2_workspace/robotics-v1/install/robo_miner_interfaces/include/robo_miner_interfaces/msg/detail/field_point__type_support.h
[3.181s] -- Up-to-date symlink: /home/ros2-user/ros2_workspace/robotics-v1/install/robo_miner_interfaces/include/robo_miner_interfaces/msg/detail/robot_move_type__functions.h
[3.181s] -- Up-to-date symlink: /home/ros2-user/ros2_workspace/robotics-v1/install/robo_miner_interfaces/include/robo_miner_interfaces/msg/detail/robot_move_type__struct.h
[3.181s] -- Up-to-date symlink: /home/ros2-user/ros2_workspace/robotics-v1/install/robo_miner_interfaces/include/robo_miner_interfaces/msg/detail/robot_move_type__type_support.h
[3.181s] -- Up-to-date symlink: /home/ros2-user/ros2_workspace/robotics-v1/install/robo_miner_interfaces/include/robo_miner_interfaces/msg/detail/robot_position_response__functions.h
[3.182s] -- Up-to-date symlink: /home/ros2-user/ros2_workspace/robotics-v1/install/robo_miner_interfaces/include/robo_miner_interfaces/msg/detail/robot_position_response__struct.h
[3.184s] -- Up-to-date symlink: /home/ros2-user/ros2_workspace/robotics-v1/install/robo_miner_interfaces/include/robo_miner_interfaces/msg/detail/robot_position_response__type_support.h
[3.184s] -- Up-to-date symlink: /home/ros2-user/ros2_workspace/robotics-v1/install/robo_miner_interfaces/include/robo_miner_interfaces/msg/detail/u_int8_multi_array__functions.h
[3.185s] -- Up-to-date symlink: /home/ros2-user/ros2_workspace/robotics-v1/install/robo_miner_interfaces/include/robo_miner_interfaces/msg/detail/u_int8_multi_array__struct.h
[3.191s] -- Up-to-date symlink: /home/ros2-user/ros2_workspace/robotics-v1/install/robo_miner_interfaces/include/robo_miner_interfaces/msg/detail/u_int8_multi_array__type_support.h
[3.192s] -- Up-to-date symlink: /home/ros2-user/ros2_workspace/robotics-v1/install/robo_miner_interfaces/include/robo_miner_interfaces/msg/detail/user_authenticate__functions.h
[3.192s] -- Up-to-date symlink: /home/ros2-user/ros2_workspace/robotics-v1/install/robo_miner_interfaces/include/robo_miner_interfaces/msg/detail/user_authenticate__struct.h
[3.193s] -- Up-to-date symlink: /home/ros2-user/ros2_workspace/robotics-v1/install/robo_miner_interfaces/include/robo_miner_interfaces/msg/detail/user_authenticate__type_support.h
[3.193s] -- Up-to-date symlink: /home/ros2-user/ros2_workspace/robotics-v1/install/robo_miner_interfaces/include/robo_miner_interfaces/msg/field_point.h
[3.194s] -- Up-to-date symlink: /home/ros2-user/ros2_workspace/robotics-v1/install/robo_miner_interfaces/include/robo_miner_interfaces/msg/robot_move_type.h
[3.195s] -- Up-to-date symlink: /home/ros2-user/ros2_workspace/robotics-v1/install/robo_miner_interfaces/include/robo_miner_interfaces/msg/robot_position_response.h
[3.195s] -- Up-to-date symlink: /home/ros2-user/ros2_workspace/robotics-v1/install/robo_miner_interfaces/include/robo_miner_interfaces/msg/rosidl_generator_c__visibility_control.h
[3.197s] -- Up-to-date symlink: /home/ros2-user/ros2_workspace/robotics-v1/install/robo_miner_interfaces/include/robo_miner_interfaces/msg/u_int8_multi_array.h
[3.199s] -- Up-to-date symlink: /home/ros2-user/ros2_workspace/robotics-v1/install/robo_miner_interfaces/include/robo_miner_interfaces/msg/user_authenticate.h
[3.199s] -- Up-to-date symlink: /home/ros2-user/ros2_workspace/robotics-v1/install/robo_miner_interfaces/include/robo_miner_interfaces/srv/activate_mining_validate.h
[3.205s] -- Up-to-date symlink: /home/ros2-user/ros2_workspace/robotics-v1/install/robo_miner_interfaces/include/robo_miner_interfaces/srv/detail/activate_mining_validate__functions.h
[3.207s] -- Up-to-date symlink: /home/ros2-user/ros2_workspace/robotics-v1/install/robo_miner_interfaces/include/robo_miner_interfaces/srv/detail/activate_mining_validate__struct.h
[3.221s] -- Up-to-date symlink: /home/ros2-user/ros2_workspace/robotics-v1/install/robo_miner_interfaces/include/robo_miner_interfaces/srv/detail/activate_mining_validate__type_support.h
[3.224s] -- Up-to-date symlink: /home/ros2-user/ros2_workspace/robotics-v1/install/robo_miner_interfaces/include/robo_miner_interfaces/srv/detail/field_map_validate__functions.h
[3.225s] -- Up-to-date symlink: /home/ros2-user/ros2_workspace/robotics-v1/install/robo_miner_interfaces/include/robo_miner_interfaces/srv/detail/field_map_validate__struct.h
[3.232s] -- Up-to-date symlink: /home/ros2-user/ros2_workspace/robotics-v1/install/robo_miner_interfaces/include/robo_miner_interfaces/srv/detail/field_map_validate__type_support.h
[3.238s] -- Up-to-date symlink: /home/ros2-user/ros2_workspace/robotics-v1/install/robo_miner_interfaces/include/robo_miner_interfaces/srv/detail/longest_sequence_validate__functions.h
[3.238s] -- Up-to-date symlink: /home/ros2-user/ros2_workspace/robotics-v1/install/robo_miner_interfaces/include/robo_miner_interfaces/srv/detail/longest_sequence_validate__struct.h
[3.238s] -- Up-to-date symlink: /home/ros2-user/ros2_workspace/robotics-v1/install/robo_miner_interfaces/include/robo_miner_interfaces/srv/detail/longest_sequence_validate__type_support.h
[3.238s] -- Up-to-date symlink: /home/ros2-user/ros2_workspace/robotics-v1/install/robo_miner_interfaces/include/robo_miner_interfaces/srv/detail/query_initial_robot_position__functions.h
[3.238s] -- Up-to-date symlink: /home/ros2-user/ros2_workspace/robotics-v1/install/robo_miner_interfaces/include/robo_miner_interfaces/srv/detail/query_initial_robot_position__struct.h
[3.239s] -- Up-to-date symlink: /home/ros2-user/ros2_workspace/robotics-v1/install/robo_miner_interfaces/include/robo_miner_interfaces/srv/detail/query_initial_robot_position__type_support.h
[3.239s] -- Up-to-date symlink: /home/ros2-user/ros2_workspace/robotics-v1/install/robo_miner_interfaces/include/robo_miner_interfaces/srv/detail/robot_move__functions.h
[3.239s] -- Up-to-date symlink: /home/ros2-user/ros2_workspace/robotics-v1/install/robo_miner_interfaces/include/robo_miner_interfaces/srv/detail/robot_move__struct.h
[3.239s] -- Up-to-date symlink: /home/ros2-user/ros2_workspace/robotics-v1/install/robo_miner_interfaces/include/robo_miner_interfaces/srv/detail/robot_move__type_support.h
[3.242s] -- Up-to-date symlink: /home/ros2-user/ros2_workspace/robotics-v1/install/robo_miner_interfaces/include/robo_miner_interfaces/srv/field_map_validate.h
[3.243s] -- Up-to-date symlink: /home/ros2-user/ros2_workspace/robotics-v1/install/robo_miner_interfaces/include/robo_miner_interfaces/srv/longest_sequence_validate.h
[3.245s] -- Up-to-date symlink: /home/ros2-user/ros2_workspace/robotics-v1/install/robo_miner_interfaces/include/robo_miner_interfaces/srv/query_initial_robot_position.h
[3.246s] -- Up-to-date symlink: /home/ros2-user/ros2_workspace/robotics-v1/install/robo_miner_interfaces/include/robo_miner_interfaces/srv/robot_move.h
[3.247s] -- Up-to-date symlink: /home/ros2-user/ros2_workspace/robotics-v1/install/robo_miner_interfaces/share/robo_miner_interfaces/environment/library_path.sh
[3.248s] -- Up-to-date symlink: /home/ros2-user/ros2_workspace/robotics-v1/install/robo_miner_interfaces/share/robo_miner_interfaces/environment/library_path.dsv
[3.248s] -- Up-to-date symlink: /home/ros2-user/ros2_workspace/robotics-v1/install/robo_miner_interfaces/include/robo_miner_interfaces/msg/detail/field_point__rosidl_typesupport_fastrtps_c.h
[3.248s] -- Up-to-date symlink: /home/ros2-user/ros2_workspace/robotics-v1/install/robo_miner_interfaces/include/robo_miner_interfaces/msg/detail/robot_move_type__rosidl_typesupport_fastrtps_c.h
[3.248s] -- Up-to-date symlink: /home/ros2-user/ros2_workspace/robotics-v1/install/robo_miner_interfaces/include/robo_miner_interfaces/msg/detail/robot_position_response__rosidl_typesupport_fastrtps_c.h
[3.248s] -- Up-to-date symlink: /home/ros2-user/ros2_workspace/robotics-v1/install/robo_miner_interfaces/include/robo_miner_interfaces/msg/detail/u_int8_multi_array__rosidl_typesupport_fastrtps_c.h
[3.252s] -- Up-to-date symlink: /home/ros2-user/ros2_workspace/robotics-v1/install/robo_miner_interfaces/include/robo_miner_interfaces/msg/detail/user_authenticate__rosidl_typesupport_fastrtps_c.h
[3.257s] -- Up-to-date symlink: /home/ros2-user/ros2_workspace/robotics-v1/install/robo_miner_interfaces/include/robo_miner_interfaces/msg/rosidl_typesupport_fastrtps_c__visibility_control.h
[3.259s] -- Up-to-date symlink: /home/ros2-user/ros2_workspace/robotics-v1/install/robo_miner_interfaces/include/robo_miner_interfaces/srv/detail/activate_mining_validate__rosidl_typesupport_fastrtps_c.h
[3.260s] -- Up-to-date symlink: /home/ros2-user/ros2_workspace/robotics-v1/install/robo_miner_interfaces/include/robo_miner_interfaces/srv/detail/field_map_validate__rosidl_typesupport_fastrtps_c.h
[3.260s] -- Up-to-date symlink: /home/ros2-user/ros2_workspace/robotics-v1/install/robo_miner_interfaces/include/robo_miner_interfaces/srv/detail/longest_sequence_validate__rosidl_typesupport_fastrtps_c.h
[3.260s] -- Up-to-date symlink: /home/ros2-user/ros2_workspace/robotics-v1/install/robo_miner_interfaces/include/robo_miner_interfaces/srv/detail/query_initial_robot_position__rosidl_typesupport_fastrtps_c.h
[3.260s] -- Up-to-date symlink: /home/ros2-user/ros2_workspace/robotics-v1/install/robo_miner_interfaces/include/robo_miner_interfaces/srv/detail/robot_move__rosidl_typesupport_fastrtps_c.h
[3.261s] -- Up-to-date symlink: /home/ros2-user/ros2_workspace/robotics-v1/install/robo_miner_interfaces/lib/librobo_miner_interfaces__rosidl_typesupport_fastrtps_c.so
[3.263s] -- Up-to-date symlink: /home/ros2-user/ros2_workspace/robotics-v1/install/robo_miner_interfaces/include/robo_miner_interfaces/msg/detail/field_point__rosidl_typesupport_fastrtps_cpp.hpp
[3.264s] -- Up-to-date symlink: /home/ros2-user/ros2_workspace/robotics-v1/install/robo_miner_interfaces/include/robo_miner_interfaces/msg/detail/robot_move_type__rosidl_typesupport_fastrtps_cpp.hpp
[3.265s] -- Up-to-date symlink: /home/ros2-user/ros2_workspace/robotics-v1/install/robo_miner_interfaces/include/robo_miner_interfaces/msg/detail/robot_position_response__rosidl_typesupport_fastrtps_cpp.hpp
[3.265s] -- Up-to-date symlink: /home/ros2-user/ros2_workspace/robotics-v1/install/robo_miner_interfaces/include/robo_miner_interfaces/msg/detail/u_int8_multi_array__rosidl_typesupport_fastrtps_cpp.hpp
[3.266s] -- Up-to-date symlink: /home/ros2-user/ros2_workspace/robotics-v1/install/robo_miner_interfaces/include/robo_miner_interfaces/msg/detail/user_authenticate__rosidl_typesupport_fastrtps_cpp.hpp
[3.267s] -- Up-to-date symlink: /home/ros2-user/ros2_workspace/robotics-v1/install/robo_miner_interfaces/include/robo_miner_interfaces/msg/rosidl_typesupport_fastrtps_cpp__visibility_control.h
[3.268s] -- Up-to-date symlink: /home/ros2-user/ros2_workspace/robotics-v1/install/robo_miner_interfaces/include/robo_miner_interfaces/srv/detail/activate_mining_validate__rosidl_typesupport_fastrtps_cpp.hpp
[3.269s] -- Up-to-date symlink: /home/ros2-user/ros2_workspace/robotics-v1/install/robo_miner_interfaces/include/robo_miner_interfaces/srv/detail/field_map_validate__rosidl_typesupport_fastrtps_cpp.hpp
[3.270s] -- Up-to-date symlink: /home/ros2-user/ros2_workspace/robotics-v1/install/robo_miner_interfaces/include/robo_miner_interfaces/srv/detail/longest_sequence_validate__rosidl_typesupport_fastrtps_cpp.hpp
[3.275s] -- Up-to-date symlink: /home/ros2-user/ros2_workspace/robotics-v1/install/robo_miner_interfaces/include/robo_miner_interfaces/srv/detail/query_initial_robot_position__rosidl_typesupport_fastrtps_cpp.hpp
[3.276s] -- Up-to-date symlink: /home/ros2-user/ros2_workspace/robotics-v1/install/robo_miner_interfaces/include/robo_miner_interfaces/srv/detail/robot_move__rosidl_typesupport_fastrtps_cpp.hpp
[3.278s] -- Up-to-date symlink: /home/ros2-user/ros2_workspace/robotics-v1/install/robo_miner_interfaces/lib/librobo_miner_interfaces__rosidl_typesupport_fastrtps_cpp.so
[3.278s] -- Up-to-date symlink: /home/ros2-user/ros2_workspace/robotics-v1/install/robo_miner_interfaces/include/robo_miner_interfaces/msg/detail/field_point__rosidl_typesupport_introspection_c.h
[3.279s] -- Up-to-date symlink: /home/ros2-user/ros2_workspace/robotics-v1/install/robo_miner_interfaces/include/robo_miner_interfaces/msg/detail/robot_move_type__rosidl_typesupport_introspection_c.h
[3.279s] -- Up-to-date symlink: /home/ros2-user/ros2_workspace/robotics-v1/install/robo_miner_interfaces/include/robo_miner_interfaces/msg/detail/robot_position_response__rosidl_typesupport_introspection_c.h
[3.280s] -- Up-to-date symlink: /home/ros2-user/ros2_workspace/robotics-v1/install/robo_miner_interfaces/include/robo_miner_interfaces/msg/detail/u_int8_multi_array__rosidl_typesupport_introspection_c.h
[3.282s] -- Up-to-date symlink: /home/ros2-user/ros2_workspace/robotics-v1/install/robo_miner_interfaces/include/robo_miner_interfaces/msg/detail/user_authenticate__rosidl_typesupport_introspection_c.h
[3.282s] -- Up-to-date symlink: /home/ros2-user/ros2_workspace/robotics-v1/install/robo_miner_interfaces/include/robo_miner_interfaces/msg/rosidl_typesupport_introspection_c__visibility_control.h
[3.283s] -- Up-to-date symlink: /home/ros2-user/ros2_workspace/robotics-v1/install/robo_miner_interfaces/include/robo_miner_interfaces/srv/detail/activate_mining_validate__rosidl_typesupport_introspection_c.h
[3.292s] -- Up-to-date symlink: /home/ros2-user/ros2_workspace/robotics-v1/install/robo_miner_interfaces/include/robo_miner_interfaces/srv/detail/field_map_validate__rosidl_typesupport_introspection_c.h
[3.294s] -- Up-to-date symlink: /home/ros2-user/ros2_workspace/robotics-v1/install/robo_miner_interfaces/include/robo_miner_interfaces/srv/detail/longest_sequence_validate__rosidl_typesupport_introspection_c.h
[3.295s] -- Up-to-date symlink: /home/ros2-user/ros2_workspace/robotics-v1/install/robo_miner_interfaces/include/robo_miner_interfaces/srv/detail/query_initial_robot_position__rosidl_typesupport_introspection_c.h
[3.296s] -- Up-to-date symlink: /home/ros2-user/ros2_workspace/robotics-v1/install/robo_miner_interfaces/include/robo_miner_interfaces/srv/detail/robot_move__rosidl_typesupport_introspection_c.h
[3.297s] -- Up-to-date symlink: /home/ros2-user/ros2_workspace/robotics-v1/install/robo_miner_interfaces/include/robo_miner_interfaces/msg/detail/field_point__builder.hpp
[3.298s] -- Up-to-date symlink: /home/ros2-user/ros2_workspace/robotics-v1/install/robo_miner_interfaces/include/robo_miner_interfaces/msg/detail/field_point__struct.hpp
[3.298s] -- Up-to-date symlink: /home/ros2-user/ros2_workspace/robotics-v1/install/robo_miner_interfaces/include/robo_miner_interfaces/msg/detail/field_point__traits.hpp
[3.300s] -- Up-to-date symlink: /home/ros2-user/ros2_workspace/robotics-v1/install/robo_miner_interfaces/include/robo_miner_interfaces/msg/detail/robot_move_type__builder.hpp
[3.301s] -- Up-to-date symlink: /home/ros2-user/ros2_workspace/robotics-v1/install/robo_miner_interfaces/include/robo_miner_interfaces/msg/detail/robot_move_type__struct.hpp
[3.301s] -- Up-to-date symlink: /home/ros2-user/ros2_workspace/robotics-v1/install/robo_miner_interfaces/include/robo_miner_interfaces/msg/detail/robot_move_type__traits.hpp
[3.301s] -- Up-to-date symlink: /home/ros2-user/ros2_workspace/robotics-v1/install/robo_miner_interfaces/include/robo_miner_interfaces/msg/detail/robot_position_response__builder.hpp
[3.301s] -- Up-to-date symlink: /home/ros2-user/ros2_workspace/robotics-v1/install/robo_miner_interfaces/include/robo_miner_interfaces/msg/detail/robot_position_response__struct.hpp
[3.301s] -- Up-to-date symlink: /home/ros2-user/ros2_workspace/robotics-v1/install/robo_miner_interfaces/include/robo_miner_interfaces/msg/detail/robot_position_response__traits.hpp
[3.302s] -- Up-to-date symlink: /home/ros2-user/ros2_workspace/robotics-v1/install/robo_miner_interfaces/include/robo_miner_interfaces/msg/detail/u_int8_multi_array__builder.hpp
[3.302s] -- Up-to-date symlink: /home/ros2-user/ros2_workspace/robotics-v1/install/robo_miner_interfaces/include/robo_miner_interfaces/msg/detail/u_int8_multi_array__struct.hpp
[3.302s] -- Up-to-date symlink: /home/ros2-user/ros2_workspace/robotics-v1/install/robo_miner_interfaces/include/robo_miner_interfaces/msg/detail/u_int8_multi_array__traits.hpp
[3.302s] -- Up-to-date symlink: /home/ros2-user/ros2_workspace/robotics-v1/install/robo_miner_interfaces/include/robo_miner_interfaces/msg/detail/user_authenticate__builder.hpp
[3.302s] -- Up-to-date symlink: /home/ros2-user/ros2_workspace/robotics-v1/install/robo_miner_interfaces/include/robo_miner_interfaces/msg/detail/user_authenticate__struct.hpp
[3.302s] -- Up-to-date symlink: /home/ros2-user/ros2_workspace/robotics-v1/install/robo_miner_interfaces/include/robo_miner_interfaces/msg/detail/user_authenticate__traits.hpp
[3.303s] -- Up-to-date symlink: /home/ros2-user/ros2_workspace/robotics-v1/install/robo_miner_interfaces/include/robo_miner_interfaces/msg/field_point.hpp
[3.303s] -- Up-to-date symlink: /home/ros2-user/ros2_workspace/robotics-v1/install/robo_miner_interfaces/include/robo_miner_interfaces/msg/robot_move_type.hpp
[3.303s] -- Up-to-date symlink: /home/ros2-user/ros2_workspace/robotics-v1/install/robo_miner_interfaces/include/robo_miner_interfaces/msg/robot_position_response.hpp
[3.303s] -- Up-to-date symlink: /home/ros2-user/ros2_workspace/robotics-v1/install/robo_miner_interfaces/include/robo_miner_interfaces/msg/u_int8_multi_array.hpp
[3.303s] -- Up-to-date symlink: /home/ros2-user/ros2_workspace/robotics-v1/install/robo_miner_interfaces/include/robo_miner_interfaces/msg/user_authenticate.hpp
[3.303s] -- Up-to-date symlink: /home/ros2-user/ros2_workspace/robotics-v1/install/robo_miner_interfaces/include/robo_miner_interfaces/srv/activate_mining_validate.hpp
[3.304s] -- Up-to-date symlink: /home/ros2-user/ros2_workspace/robotics-v1/install/robo_miner_interfaces/include/robo_miner_interfaces/srv/detail/activate_mining_validate__builder.hpp
[3.304s] -- Up-to-date symlink: /home/ros2-user/ros2_workspace/robotics-v1/install/robo_miner_interfaces/include/robo_miner_interfaces/srv/detail/activate_mining_validate__struct.hpp
[3.304s] -- Up-to-date symlink: /home/ros2-user/ros2_workspace/robotics-v1/install/robo_miner_interfaces/include/robo_miner_interfaces/srv/detail/activate_mining_validate__traits.hpp
[3.304s] -- Up-to-date symlink: /home/ros2-user/ros2_workspace/robotics-v1/install/robo_miner_interfaces/include/robo_miner_interfaces/srv/detail/field_map_validate__builder.hpp
[3.304s] -- Up-to-date symlink: /home/ros2-user/ros2_workspace/robotics-v1/install/robo_miner_interfaces/include/robo_miner_interfaces/srv/detail/field_map_validate__struct.hpp
[3.304s] -- Up-to-date symlink: /home/ros2-user/ros2_workspace/robotics-v1/install/robo_miner_interfaces/include/robo_miner_interfaces/srv/detail/field_map_validate__traits.hpp
[3.305s] -- Up-to-date symlink: /home/ros2-user/ros2_workspace/robotics-v1/install/robo_miner_interfaces/include/robo_miner_interfaces/srv/detail/longest_sequence_validate__builder.hpp
[3.305s] -- Up-to-date symlink: /home/ros2-user/ros2_workspace/robotics-v1/install/robo_miner_interfaces/include/robo_miner_interfaces/srv/detail/longest_sequence_validate__struct.hpp
[3.305s] -- Up-to-date symlink: /home/ros2-user/ros2_workspace/robotics-v1/install/robo_miner_interfaces/include/robo_miner_interfaces/srv/detail/longest_sequence_validate__traits.hpp
[3.305s] -- Up-to-date symlink: /home/ros2-user/ros2_workspace/robotics-v1/install/robo_miner_interfaces/include/robo_miner_interfaces/srv/detail/query_initial_robot_position__builder.hpp
[3.305s] -- Up-to-date symlink: /home/ros2-user/ros2_workspace/robotics-v1/install/robo_miner_interfaces/include/robo_miner_interfaces/srv/detail/query_initial_robot_position__struct.hpp
[3.305s] -- Up-to-date symlink: /home/ros2-user/ros2_workspace/robotics-v1/install/robo_miner_interfaces/include/robo_miner_interfaces/srv/detail/query_initial_robot_position__traits.hpp
[3.306s] -- Up-to-date symlink: /home/ros2-user/ros2_workspace/robotics-v1/install/robo_miner_interfaces/include/robo_miner_interfaces/srv/detail/robot_move__builder.hpp
[3.306s] -- Up-to-date symlink: /home/ros2-user/ros2_workspace/robotics-v1/install/robo_miner_interfaces/include/robo_miner_interfaces/srv/detail/robot_move__struct.hpp
[3.306s] -- Up-to-date symlink: /home/ros2-user/ros2_workspace/robotics-v1/install/robo_miner_interfaces/include/robo_miner_interfaces/srv/detail/robot_move__traits.hpp
[3.306s] -- Up-to-date symlink: /home/ros2-user/ros2_workspace/robotics-v1/install/robo_miner_interfaces/include/robo_miner_interfaces/srv/field_map_validate.hpp
[3.306s] -- Up-to-date symlink: /home/ros2-user/ros2_workspace/robotics-v1/install/robo_miner_interfaces/include/robo_miner_interfaces/srv/longest_sequence_validate.hpp
[3.306s] -- Up-to-date symlink: /home/ros2-user/ros2_workspace/robotics-v1/install/robo_miner_interfaces/include/robo_miner_interfaces/srv/query_initial_robot_position.hpp
[3.307s] -- Up-to-date symlink: /home/ros2-user/ros2_workspace/robotics-v1/install/robo_miner_interfaces/include/robo_miner_interfaces/srv/robot_move.hpp
[3.307s] -- Up-to-date symlink: /home/ros2-user/ros2_workspace/robotics-v1/install/robo_miner_interfaces/include/robo_miner_interfaces/msg/detail/field_point__rosidl_typesupport_introspection_cpp.hpp
[3.307s] -- Up-to-date symlink: /home/ros2-user/ros2_workspace/robotics-v1/install/robo_miner_interfaces/include/robo_miner_interfaces/msg/detail/robot_move_type__rosidl_typesupport_introspection_cpp.hpp
[3.307s] -- Up-to-date symlink: /home/ros2-user/ros2_workspace/robotics-v1/install/robo_miner_interfaces/include/robo_miner_interfaces/msg/detail/robot_position_response__rosidl_typesupport_introspection_cpp.hpp
[3.307s] -- Up-to-date symlink: /home/ros2-user/ros2_workspace/robotics-v1/install/robo_miner_interfaces/include/robo_miner_interfaces/msg/detail/u_int8_multi_array__rosidl_typesupport_introspection_cpp.hpp
[3.308s] -- Up-to-date symlink: /home/ros2-user/ros2_workspace/robotics-v1/install/robo_miner_interfaces/include/robo_miner_interfaces/msg/detail/user_authenticate__rosidl_typesupport_introspection_cpp.hpp
[3.308s] -- Up-to-date symlink: /home/ros2-user/ros2_workspace/robotics-v1/install/robo_miner_interfaces/include/robo_miner_interfaces/srv/detail/activate_mining_validate__rosidl_typesupport_introspection_cpp.hpp
[3.308s] -- Up-to-date symlink: /home/ros2-user/ros2_workspace/robotics-v1/install/robo_miner_interfaces/include/robo_miner_interfaces/srv/detail/field_map_validate__rosidl_typesupport_introspection_cpp.hpp
[3.308s] -- Up-to-date symlink: /home/ros2-user/ros2_workspace/robotics-v1/install/robo_miner_interfaces/include/robo_miner_interfaces/srv/detail/longest_sequence_validate__rosidl_typesupport_introspection_cpp.hpp
[3.308s] -- Up-to-date symlink: /home/ros2-user/ros2_workspace/robotics-v1/install/robo_miner_interfaces/include/robo_miner_interfaces/srv/detail/query_initial_robot_position__rosidl_typesupport_introspection_cpp.hpp
[3.308s] -- Up-to-date symlink: /home/ros2-user/ros2_workspace/robotics-v1/install/robo_miner_interfaces/include/robo_miner_interfaces/srv/detail/robot_move__rosidl_typesupport_introspection_cpp.hpp
[3.309s] -- Up-to-date symlink: /home/ros2-user/ros2_workspace/robotics-v1/install/robo_miner_interfaces/share/robo_miner_interfaces/environment/pythonpath.sh
[3.309s] -- Up-to-date symlink: /home/ros2-user/ros2_workspace/robotics-v1/install/robo_miner_interfaces/share/robo_miner_interfaces/environment/pythonpath.dsv
[3.309s] -- Up-to-date symlink: /home/ros2-user/ros2_workspace/robotics-v1/install/robo_miner_interfaces/lib/python3.8/site-packages/robo_miner_interfaces/__init__.py
[3.309s] -- Up-to-date symlink: /home/ros2-user/ros2_workspace/robotics-v1/install/robo_miner_interfaces/lib/python3.8/site-packages/robo_miner_interfaces/msg/__init__.py
[3.309s] -- Up-to-date symlink: /home/ros2-user/ros2_workspace/robotics-v1/install/robo_miner_interfaces/lib/python3.8/site-packages/robo_miner_interfaces/msg/_field_point.py
[3.309s] -- Up-to-date symlink: /home/ros2-user/ros2_workspace/robotics-v1/install/robo_miner_interfaces/lib/python3.8/site-packages/robo_miner_interfaces/msg/_robot_move_type.py
[3.310s] -- Up-to-date symlink: /home/ros2-user/ros2_workspace/robotics-v1/install/robo_miner_interfaces/lib/python3.8/site-packages/robo_miner_interfaces/msg/_robot_position_response.py
[3.310s] -- Up-to-date symlink: /home/ros2-user/ros2_workspace/robotics-v1/install/robo_miner_interfaces/lib/python3.8/site-packages/robo_miner_interfaces/msg/_u_int8_multi_array.py
[3.310s] -- Up-to-date symlink: /home/ros2-user/ros2_workspace/robotics-v1/install/robo_miner_interfaces/lib/python3.8/site-packages/robo_miner_interfaces/msg/_user_authenticate.py
[3.310s] -- Up-to-date symlink: /home/ros2-user/ros2_workspace/robotics-v1/install/robo_miner_interfaces/lib/python3.8/site-packages/robo_miner_interfaces/srv/__init__.py
[3.310s] -- Up-to-date symlink: /home/ros2-user/ros2_workspace/robotics-v1/install/robo_miner_interfaces/lib/python3.8/site-packages/robo_miner_interfaces/srv/_activate_mining_validate.py
[3.310s] -- Up-to-date symlink: /home/ros2-user/ros2_workspace/robotics-v1/install/robo_miner_interfaces/lib/python3.8/site-packages/robo_miner_interfaces/srv/_field_map_validate.py
[3.310s] -- Up-to-date symlink: /home/ros2-user/ros2_workspace/robotics-v1/install/robo_miner_interfaces/lib/python3.8/site-packages/robo_miner_interfaces/srv/_longest_sequence_validate.py
[3.311s] -- Up-to-date symlink: /home/ros2-user/ros2_workspace/robotics-v1/install/robo_miner_interfaces/lib/python3.8/site-packages/robo_miner_interfaces/srv/_query_initial_robot_position.py
[3.311s] -- Up-to-date symlink: /home/ros2-user/ros2_workspace/robotics-v1/install/robo_miner_interfaces/lib/python3.8/site-packages/robo_miner_interfaces/srv/_robot_move.py
[3.311s] -- Up-to-date symlink: /home/ros2-user/ros2_workspace/robotics-v1/install/robo_miner_interfaces/lib/python3.8/site-packages/robo_miner_interfaces/robo_miner_interfaces_s__rosidl_typesupport_fastrtps_c.cpython-38-x86_64-linux-gnu.so
[3.311s] -- Up-to-date symlink: /home/ros2-user/ros2_workspace/robotics-v1/install/robo_miner_interfaces/lib/python3.8/site-packages/robo_miner_interfaces/robo_miner_interfaces_s__rosidl_typesupport_introspection_c.cpython-38-x86_64-linux-gnu.so
[3.311s] -- Up-to-date symlink: /home/ros2-user/ros2_workspace/robotics-v1/install/robo_miner_interfaces/lib/python3.8/site-packages/robo_miner_interfaces/robo_miner_interfaces_s__rosidl_typesupport_c.cpython-38-x86_64-linux-gnu.so
[3.311s] -- Up-to-date symlink: /home/ros2-user/ros2_workspace/robotics-v1/install/robo_miner_interfaces/lib/librobo_miner_interfaces__python.so
[3.312s] -- Up-to-date symlink: /home/ros2-user/ros2_workspace/robotics-v1/install/robo_miner_interfaces/share/robo_miner_interfaces/msg/FieldPoint.idl
[3.312s] -- Up-to-date symlink: /home/ros2-user/ros2_workspace/robotics-v1/install/robo_miner_interfaces/share/robo_miner_interfaces/msg/RobotPositionResponse.idl
[3.312s] -- Up-to-date symlink: /home/ros2-user/ros2_workspace/robotics-v1/install/robo_miner_interfaces/share/robo_miner_interfaces/msg/UInt8MultiArray.idl
[3.312s] -- Up-to-date symlink: /home/ros2-user/ros2_workspace/robotics-v1/install/robo_miner_interfaces/share/robo_miner_interfaces/msg/RobotMoveType.idl
[3.312s] -- Up-to-date symlink: /home/ros2-user/ros2_workspace/robotics-v1/install/robo_miner_interfaces/share/robo_miner_interfaces/msg/UserAuthenticate.idl
[3.312s] -- Up-to-date symlink: /home/ros2-user/ros2_workspace/robotics-v1/install/robo_miner_interfaces/share/robo_miner_interfaces/srv/ActivateMiningValidate.idl
[3.313s] -- Up-to-date symlink: /home/ros2-user/ros2_workspace/robotics-v1/install/robo_miner_interfaces/share/robo_miner_interfaces/srv/RobotMove.idl
[3.313s] -- Up-to-date symlink: /home/ros2-user/ros2_workspace/robotics-v1/install/robo_miner_interfaces/share/robo_miner_interfaces/srv/LongestSequenceValidate.idl
[3.313s] -- Up-to-date symlink: /home/ros2-user/ros2_workspace/robotics-v1/install/robo_miner_interfaces/share/robo_miner_interfaces/srv/FieldMapValidate.idl
[3.313s] -- Up-to-date symlink: /home/ros2-user/ros2_workspace/robotics-v1/install/robo_miner_interfaces/share/robo_miner_interfaces/srv/QueryInitialRobotPosition.idl
[3.314s] -- Up-to-date symlink: /home/ros2-user/ros2_workspace/robotics-v1/install/robo_miner_interfaces/share/robo_miner_interfaces/msg/FieldPoint.msg
[3.314s] -- Up-to-date symlink: /home/ros2-user/ros2_workspace/robotics-v1/install/robo_miner_interfaces/share/robo_miner_interfaces/msg/RobotPositionResponse.msg
[3.314s] -- Up-to-date symlink: /home/ros2-user/ros2_workspace/robotics-v1/install/robo_miner_interfaces/share/robo_miner_interfaces/msg/UInt8MultiArray.msg
[3.314s] -- Up-to-date symlink: /home/ros2-user/ros2_workspace/robotics-v1/install/robo_miner_interfaces/share/robo_miner_interfaces/msg/RobotMoveType.msg
[3.314s] -- Up-to-date symlink: /home/ros2-user/ros2_workspace/robotics-v1/install/robo_miner_interfaces/share/robo_miner_interfaces/msg/UserAuthenticate.msg
[3.314s] -- Up-to-date symlink: /home/ros2-user/ros2_workspace/robotics-v1/install/robo_miner_interfaces/share/robo_miner_interfaces/srv/ActivateMiningValidate.srv
[3.315s] -- Up-to-date symlink: /home/ros2-user/ros2_workspace/robotics-v1/install/robo_miner_interfaces/share/robo_miner_interfaces/srv/ActivateMiningValidate_Request.msg
[3.315s] -- Up-to-date symlink: /home/ros2-user/ros2_workspace/robotics-v1/install/robo_miner_interfaces/share/robo_miner_interfaces/srv/ActivateMiningValidate_Response.msg
[3.315s] -- Up-to-date symlink: /home/ros2-user/ros2_workspace/robotics-v1/install/robo_miner_interfaces/share/robo_miner_interfaces/srv/RobotMove.srv
[3.318s] -- Up-to-date symlink: /home/ros2-user/ros2_workspace/robotics-v1/install/robo_miner_interfaces/share/robo_miner_interfaces/srv/RobotMove_Request.msg
[3.319s] -- Up-to-date symlink: /home/ros2-user/ros2_workspace/robotics-v1/install/robo_miner_interfaces/share/robo_miner_interfaces/srv/RobotMove_Response.msg
[3.321s] -- Up-to-date symlink: /home/ros2-user/ros2_workspace/robotics-v1/install/robo_miner_interfaces/share/robo_miner_interfaces/srv/LongestSequenceValidate.srv
[3.323s] -- Up-to-date symlink: /home/ros2-user/ros2_workspace/robotics-v1/install/robo_miner_interfaces/share/robo_miner_interfaces/srv/LongestSequenceValidate_Request.msg
[3.323s] -- Up-to-date symlink: /home/ros2-user/ros2_workspace/robotics-v1/install/robo_miner_interfaces/share/robo_miner_interfaces/srv/LongestSequenceValidate_Response.msg
[3.323s] -- Up-to-date symlink: /home/ros2-user/ros2_workspace/robotics-v1/install/robo_miner_interfaces/share/robo_miner_interfaces/srv/FieldMapValidate.srv
[3.324s] -- Up-to-date symlink: /home/ros2-user/ros2_workspace/robotics-v1/install/robo_miner_interfaces/share/robo_miner_interfaces/srv/FieldMapValidate_Request.msg
[3.325s] -- Up-to-date symlink: /home/ros2-user/ros2_workspace/robotics-v1/install/robo_miner_interfaces/share/robo_miner_interfaces/srv/FieldMapValidate_Response.msg
[3.325s] -- Up-to-date symlink: /home/ros2-user/ros2_workspace/robotics-v1/install/robo_miner_interfaces/share/robo_miner_interfaces/srv/QueryInitialRobotPosition.srv
[3.326s] -- Up-to-date symlink: /home/ros2-user/ros2_workspace/robotics-v1/install/robo_miner_interfaces/share/robo_miner_interfaces/srv/QueryInitialRobotPosition_Request.msg
[3.326s] -- Up-to-date symlink: /home/ros2-user/ros2_workspace/robotics-v1/install/robo_miner_interfaces/share/robo_miner_interfaces/srv/QueryInitialRobotPosition_Response.msg
[3.327s] -- Up-to-date symlink: /home/ros2-user/ros2_workspace/robotics-v1/install/robo_miner_interfaces/share/ament_index/resource_index/package_run_dependencies/robo_miner_interfaces
[3.327s] -- Up-to-date symlink: /home/ros2-user/ros2_workspace/robotics-v1/install/robo_miner_interfaces/share/ament_index/resource_index/parent_prefix_path/robo_miner_interfaces
[3.327s] -- Up-to-date symlink: /home/ros2-user/ros2_workspace/robotics-v1/install/robo_miner_interfaces/share/robo_miner_interfaces/environment/ament_prefix_path.sh
[3.328s] -- Up-to-date symlink: /home/ros2-user/ros2_workspace/robotics-v1/install/robo_miner_interfaces/share/robo_miner_interfaces/environment/ament_prefix_path.dsv
[3.328s] -- Up-to-date symlink: /home/ros2-user/ros2_workspace/robotics-v1/install/robo_miner_interfaces/share/robo_miner_interfaces/environment/path.sh
[3.329s] -- Up-to-date symlink: /home/ros2-user/ros2_workspace/robotics-v1/install/robo_miner_interfaces/share/robo_miner_interfaces/environment/path.dsv
[3.329s] -- Up-to-date symlink: /home/ros2-user/ros2_workspace/robotics-v1/install/robo_miner_interfaces/share/robo_miner_interfaces/local_setup.bash
[3.329s] -- Up-to-date symlink: /home/ros2-user/ros2_workspace/robotics-v1/install/robo_miner_interfaces/share/robo_miner_interfaces/local_setup.sh
[3.330s] -- Up-to-date symlink: /home/ros2-user/ros2_workspace/robotics-v1/install/robo_miner_interfaces/share/robo_miner_interfaces/local_setup.zsh
[3.330s] -- Up-to-date symlink: /home/ros2-user/ros2_workspace/robotics-v1/install/robo_miner_interfaces/share/robo_miner_interfaces/local_setup.dsv
[3.331s] -- Symlinking: /home/ros2-user/ros2_workspace/robotics-v1/install/robo_miner_interfaces/share/robo_miner_interfaces/package.dsv
[3.331s] -- Up-to-date symlink: /home/ros2-user/ros2_workspace/robotics-v1/install/robo_miner_interfaces/share/ament_index/resource_index/packages/robo_miner_interfaces
[3.333s] -- Up-to-date symlink: /home/ros2-user/ros2_workspace/robotics-v1/install/robo_miner_interfaces/share/robo_miner_interfaces/cmake/rosidl_cmake-extras.cmake
[3.333s] -- Up-to-date symlink: /home/ros2-user/ros2_workspace/robotics-v1/install/robo_miner_interfaces/share/robo_miner_interfaces/cmake/ament_cmake_export_dependencies-extras.cmake
[3.333s] -- Up-to-date symlink: /home/ros2-user/ros2_workspace/robotics-v1/install/robo_miner_interfaces/share/robo_miner_interfaces/cmake/ament_cmake_export_libraries-extras.cmake
[3.333s] -- Up-to-date symlink: /home/ros2-user/ros2_workspace/robotics-v1/install/robo_miner_interfaces/share/robo_miner_interfaces/cmake/ament_cmake_export_targets-extras.cmake
[3.336s] -- Up-to-date symlink: /home/ros2-user/ros2_workspace/robotics-v1/install/robo_miner_interfaces/share/robo_miner_interfaces/cmake/ament_cmake_export_include_directories-extras.cmake
[3.336s] -- Up-to-date symlink: /home/ros2-user/ros2_workspace/robotics-v1/install/robo_miner_interfaces/share/robo_miner_interfaces/cmake/rosidl_cmake_export_typesupport_libraries-extras.cmake
[3.340s] -- Up-to-date symlink: /home/ros2-user/ros2_workspace/robotics-v1/install/robo_miner_interfaces/share/robo_miner_interfaces/cmake/rosidl_cmake_export_typesupport_targets-extras.cmake
[3.342s] -- Up-to-date symlink: /home/ros2-user/ros2_workspace/robotics-v1/install/robo_miner_interfaces/share/robo_miner_interfaces/cmake/robo_miner_interfacesConfig.cmake
[3.342s] -- Up-to-date symlink: /home/ros2-user/ros2_workspace/robotics-v1/install/robo_miner_interfaces/share/robo_miner_interfaces/cmake/robo_miner_interfacesConfig-version.cmake
[3.346s] -- Up-to-date symlink: /home/ros2-user/ros2_workspace/robotics-v1/install/robo_miner_interfaces/share/robo_miner_interfaces/package.xml
[3.347s] -- Up-to-date: /home/ros2-user/ros2_workspace/robotics-v1/install/robo_miner_interfaces/lib/librobo_miner_interfaces__rosidl_generator_c.so
[3.347s] -- Up-to-date: /home/ros2-user/ros2_workspace/robotics-v1/install/robo_miner_interfaces/lib/librobo_miner_interfaces__rosidl_typesupport_introspection_c.so
[3.347s] -- Up-to-date: /home/ros2-user/ros2_workspace/robotics-v1/install/robo_miner_interfaces/lib/librobo_miner_interfaces__rosidl_typesupport_c.so
[3.349s] -- Up-to-date: /home/ros2-user/ros2_workspace/robotics-v1/install/robo_miner_interfaces/lib/librobo_miner_interfaces__rosidl_typesupport_introspection_cpp.so
[3.364s] -- Up-to-date: /home/ros2-user/ros2_workspace/robotics-v1/install/robo_miner_interfaces/lib/librobo_miner_interfaces__rosidl_typesupport_cpp.so
[3.419s] Compiling '/home/ros2-user/ros2_workspace/robotics-v1/install/robo_miner_interfaces/lib/python3.8/site-packages/robo_miner_interfaces/__init__.py'...
[3.424s] -- Up-to-date: /home/ros2-user/ros2_workspace/robotics-v1/install/robo_miner_interfaces/share/robo_miner_interfaces/cmake/robo_miner_interfaces__rosidl_generator_cExport.cmake
[3.425s] -- Installing: /home/ros2-user/ros2_workspace/robotics-v1/install/robo_miner_interfaces/share/robo_miner_interfaces/cmake/robo_miner_interfaces__rosidl_generator_cExport-debug.cmake
[3.425s] -- Up-to-date: /home/ros2-user/ros2_workspace/robotics-v1/install/robo_miner_interfaces/share/robo_miner_interfaces/cmake/robo_miner_interfaces__rosidl_typesupport_introspection_cExport.cmake
[3.426s] -- Installing: /home/ros2-user/ros2_workspace/robotics-v1/install/robo_miner_interfaces/share/robo_miner_interfaces/cmake/robo_miner_interfaces__rosidl_typesupport_introspection_cExport-debug.cmake
[3.426s] -- Up-to-date: /home/ros2-user/ros2_workspace/robotics-v1/install/robo_miner_interfaces/share/robo_miner_interfaces/cmake/robo_miner_interfaces__rosidl_typesupport_cExport.cmake
[3.426s] -- Installing: /home/ros2-user/ros2_workspace/robotics-v1/install/robo_miner_interfaces/share/robo_miner_interfaces/cmake/robo_miner_interfaces__rosidl_typesupport_cExport-debug.cmake
[3.427s] -- Up-to-date: /home/ros2-user/ros2_workspace/robotics-v1/install/robo_miner_interfaces/share/robo_miner_interfaces/cmake/robo_miner_interfaces__rosidl_generator_cppExport.cmake
[3.427s] -- Up-to-date: /home/ros2-user/ros2_workspace/robotics-v1/install/robo_miner_interfaces/share/robo_miner_interfaces/cmake/robo_miner_interfaces__rosidl_typesupport_introspection_cppExport.cmake
[3.428s] -- Installing: /home/ros2-user/ros2_workspace/robotics-v1/install/robo_miner_interfaces/share/robo_miner_interfaces/cmake/robo_miner_interfaces__rosidl_typesupport_introspection_cppExport-debug.cmake
[3.428s] -- Up-to-date: /home/ros2-user/ros2_workspace/robotics-v1/install/robo_miner_interfaces/share/robo_miner_interfaces/cmake/robo_miner_interfaces__rosidl_typesupport_cppExport.cmake
[3.429s] -- Installing: /home/ros2-user/ros2_workspace/robotics-v1/install/robo_miner_interfaces/share/robo_miner_interfaces/cmake/robo_miner_interfaces__rosidl_typesupport_cppExport-debug.cmake
[3.438s] Invoked command in '/home/ros2-user/ros2_workspace/robotics-v1/build/robo_miner_interfaces' returned '0': CMAKE_PREFIX_PATH=/opt/ros/foxy /usr/bin/cmake --install /home/ros2-user/ros2_workspace/robotics-v1/build/robo_miner_interfaces
