[0.056s] Invoking command in '/home/ros2-user/ros2_workspace/robotics-v1/build/robo_collector_interfaces': CMAKE_PREFIX_PATH=/opt/ros/foxy /usr/bin/cmake /home/ros2-user/ros2_workspace/robotics-v1/src/robo_collector/robo_collector_interfaces -DCMAKE_INSTALL_PREFIX=/home/ros2-user/ros2_workspace/robotics-v1/install/robo_collector_interfaces
[0.106s] -- Found ament_cmake: 0.9.11 (/opt/ros/foxy/share/ament_cmake/cmake)
[0.133s] -- Found PythonInterp: /usr/bin/python3 (found suitable version "3.8.10", minimum required is "3") 
[0.133s] -- Using PYTHON_EXECUTABLE: /usr/bin/python3
[0.326s] -- Override CMake install command with custom implementation using symlinks instead of copying resources
[0.358s] -- Found rosidl_default_generators: 1.0.1 (/opt/ros/foxy/share/rosidl_default_generators/cmake)
[0.367s] -- Using all available rosidl_typesupport_c: rosidl_typesupport_fastrtps_c;rosidl_typesupport_introspection_c
[0.370s] -- Found rosidl_adapter: 1.3.0 (/opt/ros/foxy/share/rosidl_adapter/cmake)
[0.700s] -- Using all available rosidl_typesupport_cpp: rosidl_typesupport_fastrtps_cpp;rosidl_typesupport_introspection_cpp
[0.763s] -- Found PythonInterp: /usr/bin/python3 (found version "3.8.10") 
[0.900s] -- Found ament_cmake_ros: 0.9.2 (/opt/ros/foxy/share/ament_cmake_ros/cmake)
[1.024s] -- Using all available rosidl_typesupport_c: rosidl_typesupport_fastrtps_c;rosidl_typesupport_introspection_c
[1.036s] -- Using all available rosidl_typesupport_cpp: rosidl_typesupport_fastrtps_cpp;rosidl_typesupport_introspection_cpp
[1.061s] -- Found PythonInterp: /usr/bin/python3 (found suitable version "3.8.10", minimum required is "3.5") 
[1.061s] -- Found python_cmake_module: 0.8.1 (/opt/ros/foxy/share/python_cmake_module/cmake)
[1.088s] -- Using PYTHON_EXECUTABLE: /usr/bin/python3
[1.088s] -- Using PYTHON_INCLUDE_DIRS: /usr/include/python3.8
[1.088s] -- Using PYTHON_LIBRARIES: /usr/lib/x86_64-linux-gnu/libpython3.8.so
[1.123s] -- Configuring done
[1.187s] -- Generating done
[1.199s] -- Build files have been written to: /home/ros2-user/ros2_workspace/robotics-v1/build/robo_collector_interfaces
[1.206s] Invoked command in '/home/ros2-user/ros2_workspace/robotics-v1/build/robo_collector_interfaces' returned '0': CMAKE_PREFIX_PATH=/opt/ros/foxy /usr/bin/cmake /home/ros2-user/ros2_workspace/robotics-v1/src/robo_collector/robo_collector_interfaces -DCMAKE_INSTALL_PREFIX=/home/ros2-user/ros2_workspace/robotics-v1/install/robo_collector_interfaces
[1.211s] Invoking command in '/home/ros2-user/ros2_workspace/robotics-v1/build/robo_collector_interfaces': CMAKE_PREFIX_PATH=/opt/ros/foxy /usr/bin/cmake --build /home/ros2-user/ros2_workspace/robotics-v1/build/robo_collector_interfaces -- -j4 -l4
[1.309s] [  2%] Built target robo_collector_interfaces__cpp
[1.331s] [ 12%] Built target robo_collector_interfaces__rosidl_generator_c
[1.399s] [ 23%] Built target robo_collector_interfaces__rosidl_typesupport_introspection_cpp
[1.402s] [ 33%] Built target robo_collector_interfaces__rosidl_typesupport_cpp
[1.418s] [ 43%] Built target robo_collector_interfaces__rosidl_typesupport_introspection_c
[1.444s] [ 53%] Built target robo_collector_interfaces__rosidl_typesupport_fastrtps_cpp
[1.486s] [ 64%] Built target robo_collector_interfaces__rosidl_typesupport_c
[1.518s] [ 74%] Built target robo_collector_interfaces__rosidl_typesupport_fastrtps_c
[1.617s] [ 74%] Built target robo_collector_interfaces
[1.680s] [ 76%] Built target robo_collector_interfaces__py
[1.763s] [ 84%] Built target robo_collector_interfaces__python
[1.842s] [ 89%] Built target robo_collector_interfaces__rosidl_typesupport_c__pyext
[1.863s] [ 94%] Built target robo_collector_interfaces__rosidl_typesupport_fastrtps_c__pyext
[1.894s] [100%] Built target robo_collector_interfaces__rosidl_typesupport_introspection_c__pyext
[1.929s] Invoked command in '/home/ros2-user/ros2_workspace/robotics-v1/build/robo_collector_interfaces' returned '0': CMAKE_PREFIX_PATH=/opt/ros/foxy /usr/bin/cmake --build /home/ros2-user/ros2_workspace/robotics-v1/build/robo_collector_interfaces -- -j4 -l4
[2.364s] Invoking command in '/home/ros2-user/ros2_workspace/robotics-v1/build/robo_collector_interfaces': CMAKE_PREFIX_PATH=/opt/ros/foxy /usr/bin/cmake --install /home/ros2-user/ros2_workspace/robotics-v1/build/robo_collector_interfaces
[2.392s] -- Install configuration: "Debug"
[2.393s] -- Execute custom install script
[2.394s] -- Up-to-date symlink: /home/ros2-user/ros2_workspace/robotics-v1/install/robo_collector_interfaces/share/ament_index/resource_index/rosidl_interfaces/robo_collector_interfaces
[2.398s] -- Up-to-date symlink: /home/ros2-user/ros2_workspace/robotics-v1/install/robo_collector_interfaces/include/robo_collector_interfaces/msg/detail/robot_move_type__functions.h
[2.399s] -- Up-to-date symlink: /home/ros2-user/ros2_workspace/robotics-v1/install/robo_collector_interfaces/include/robo_collector_interfaces/msg/detail/robot_move_type__struct.h
[2.402s] -- Up-to-date symlink: /home/ros2-user/ros2_workspace/robotics-v1/install/robo_collector_interfaces/include/robo_collector_interfaces/msg/detail/robot_move_type__type_support.h
[2.404s] -- Up-to-date symlink: /home/ros2-user/ros2_workspace/robotics-v1/install/robo_collector_interfaces/include/robo_collector_interfaces/msg/detail/user_authenticate__functions.h
[2.408s] -- Up-to-date symlink: /home/ros2-user/ros2_workspace/robotics-v1/install/robo_collector_interfaces/include/robo_collector_interfaces/msg/detail/user_authenticate__struct.h
[2.416s] -- Up-to-date symlink: /home/ros2-user/ros2_workspace/robotics-v1/install/robo_collector_interfaces/include/robo_collector_interfaces/msg/detail/user_authenticate__type_support.h
[2.417s] -- Up-to-date symlink: /home/ros2-user/ros2_workspace/robotics-v1/install/robo_collector_interfaces/include/robo_collector_interfaces/msg/robot_move_type.h
[2.417s] -- Up-to-date symlink: /home/ros2-user/ros2_workspace/robotics-v1/install/robo_collector_interfaces/include/robo_collector_interfaces/msg/rosidl_generator_c__visibility_control.h
[2.418s] -- Up-to-date symlink: /home/ros2-user/ros2_workspace/robotics-v1/install/robo_collector_interfaces/include/robo_collector_interfaces/msg/user_authenticate.h
[2.419s] -- Up-to-date symlink: /home/ros2-user/ros2_workspace/robotics-v1/install/robo_collector_interfaces/share/robo_collector_interfaces/environment/library_path.sh
[2.421s] -- Up-to-date symlink: /home/ros2-user/ros2_workspace/robotics-v1/install/robo_collector_interfaces/share/robo_collector_interfaces/environment/library_path.dsv
[2.424s] -- Up-to-date symlink: /home/ros2-user/ros2_workspace/robotics-v1/install/robo_collector_interfaces/include/robo_collector_interfaces/msg/detail/robot_move_type__rosidl_typesupport_fastrtps_c.h
[2.427s] -- Up-to-date symlink: /home/ros2-user/ros2_workspace/robotics-v1/install/robo_collector_interfaces/include/robo_collector_interfaces/msg/detail/user_authenticate__rosidl_typesupport_fastrtps_c.h
[2.427s] -- Up-to-date symlink: /home/ros2-user/ros2_workspace/robotics-v1/install/robo_collector_interfaces/include/robo_collector_interfaces/msg/rosidl_typesupport_fastrtps_c__visibility_control.h
[2.431s] -- Up-to-date symlink: /home/ros2-user/ros2_workspace/robotics-v1/install/robo_collector_interfaces/lib/librobo_collector_interfaces__rosidl_typesupport_fastrtps_c.so
[2.433s] -- Up-to-date symlink: /home/ros2-user/ros2_workspace/robotics-v1/install/robo_collector_interfaces/include/robo_collector_interfaces/msg/detail/robot_move_type__rosidl_typesupport_fastrtps_cpp.hpp
[2.434s] -- Up-to-date symlink: /home/ros2-user/ros2_workspace/robotics-v1/install/robo_collector_interfaces/include/robo_collector_interfaces/msg/detail/user_authenticate__rosidl_typesupport_fastrtps_cpp.hpp
[2.434s] -- Up-to-date symlink: /home/ros2-user/ros2_workspace/robotics-v1/install/robo_collector_interfaces/include/robo_collector_interfaces/msg/rosidl_typesupport_fastrtps_cpp__visibility_control.h
[2.436s] -- Up-to-date symlink: /home/ros2-user/ros2_workspace/robotics-v1/install/robo_collector_interfaces/lib/librobo_collector_interfaces__rosidl_typesupport_fastrtps_cpp.so
[2.438s] -- Up-to-date symlink: /home/ros2-user/ros2_workspace/robotics-v1/install/robo_collector_interfaces/include/robo_collector_interfaces/msg/detail/robot_move_type__rosidl_typesupport_introspection_c.h
[2.440s] -- Up-to-date symlink: /home/ros2-user/ros2_workspace/robotics-v1/install/robo_collector_interfaces/include/robo_collector_interfaces/msg/detail/user_authenticate__rosidl_typesupport_introspection_c.h
[2.441s] -- Up-to-date symlink: /home/ros2-user/ros2_workspace/robotics-v1/install/robo_collector_interfaces/include/robo_collector_interfaces/msg/rosidl_typesupport_introspection_c__visibility_control.h
[2.444s] -- Up-to-date symlink: /home/ros2-user/ros2_workspace/robotics-v1/install/robo_collector_interfaces/include/robo_collector_interfaces/msg/detail/robot_move_type__builder.hpp
[2.444s] -- Up-to-date symlink: /home/ros2-user/ros2_workspace/robotics-v1/install/robo_collector_interfaces/include/robo_collector_interfaces/msg/detail/robot_move_type__struct.hpp
[2.446s] -- Up-to-date symlink: /home/ros2-user/ros2_workspace/robotics-v1/install/robo_collector_interfaces/include/robo_collector_interfaces/msg/detail/robot_move_type__traits.hpp
[2.453s] -- Up-to-date symlink: /home/ros2-user/ros2_workspace/robotics-v1/install/robo_collector_interfaces/include/robo_collector_interfaces/msg/detail/user_authenticate__builder.hpp
[2.453s] -- Up-to-date symlink: /home/ros2-user/ros2_workspace/robotics-v1/install/robo_collector_interfaces/include/robo_collector_interfaces/msg/detail/user_authenticate__struct.hpp
[2.453s] -- Up-to-date symlink: /home/ros2-user/ros2_workspace/robotics-v1/install/robo_collector_interfaces/include/robo_collector_interfaces/msg/detail/user_authenticate__traits.hpp
[2.453s] -- Up-to-date symlink: /home/ros2-user/ros2_workspace/robotics-v1/install/robo_collector_interfaces/include/robo_collector_interfaces/msg/robot_move_type.hpp
[2.453s] -- Up-to-date symlink: /home/ros2-user/ros2_workspace/robotics-v1/install/robo_collector_interfaces/include/robo_collector_interfaces/msg/user_authenticate.hpp
[2.455s] -- Up-to-date symlink: /home/ros2-user/ros2_workspace/robotics-v1/install/robo_collector_interfaces/include/robo_collector_interfaces/msg/detail/robot_move_type__rosidl_typesupport_introspection_cpp.hpp
[2.455s] -- Up-to-date symlink: /home/ros2-user/ros2_workspace/robotics-v1/install/robo_collector_interfaces/include/robo_collector_interfaces/msg/detail/user_authenticate__rosidl_typesupport_introspection_cpp.hpp
[2.456s] -- Up-to-date symlink: /home/ros2-user/ros2_workspace/robotics-v1/install/robo_collector_interfaces/share/robo_collector_interfaces/environment/pythonpath.sh
[2.456s] -- Up-to-date symlink: /home/ros2-user/ros2_workspace/robotics-v1/install/robo_collector_interfaces/share/robo_collector_interfaces/environment/pythonpath.dsv
[2.459s] -- Up-to-date symlink: /home/ros2-user/ros2_workspace/robotics-v1/install/robo_collector_interfaces/lib/python3.8/site-packages/robo_collector_interfaces/__init__.py
[2.459s] -- Up-to-date symlink: /home/ros2-user/ros2_workspace/robotics-v1/install/robo_collector_interfaces/lib/python3.8/site-packages/robo_collector_interfaces/msg/__init__.py
[2.459s] -- Up-to-date symlink: /home/ros2-user/ros2_workspace/robotics-v1/install/robo_collector_interfaces/lib/python3.8/site-packages/robo_collector_interfaces/msg/_robot_move_type.py
[2.461s] -- Up-to-date symlink: /home/ros2-user/ros2_workspace/robotics-v1/install/robo_collector_interfaces/lib/python3.8/site-packages/robo_collector_interfaces/msg/_user_authenticate.py
[2.463s] -- Up-to-date symlink: /home/ros2-user/ros2_workspace/robotics-v1/install/robo_collector_interfaces/lib/python3.8/site-packages/robo_collector_interfaces/robo_collector_interfaces_s__rosidl_typesupport_fastrtps_c.cpython-38-x86_64-linux-gnu.so
[2.463s] -- Up-to-date symlink: /home/ros2-user/ros2_workspace/robotics-v1/install/robo_collector_interfaces/lib/python3.8/site-packages/robo_collector_interfaces/robo_collector_interfaces_s__rosidl_typesupport_introspection_c.cpython-38-x86_64-linux-gnu.so
[2.464s] -- Up-to-date symlink: /home/ros2-user/ros2_workspace/robotics-v1/install/robo_collector_interfaces/lib/python3.8/site-packages/robo_collector_interfaces/robo_collector_interfaces_s__rosidl_typesupport_c.cpython-38-x86_64-linux-gnu.so
[2.466s] -- Up-to-date symlink: /home/ros2-user/ros2_workspace/robotics-v1/install/robo_collector_interfaces/lib/librobo_collector_interfaces__python.so
[2.466s] -- Up-to-date symlink: /home/ros2-user/ros2_workspace/robotics-v1/install/robo_collector_interfaces/share/robo_collector_interfaces/msg/RobotMoveType.idl
[2.467s] -- Up-to-date symlink: /home/ros2-user/ros2_workspace/robotics-v1/install/robo_collector_interfaces/share/robo_collector_interfaces/msg/UserAuthenticate.idl
[2.468s] -- Up-to-date symlink: /home/ros2-user/ros2_workspace/robotics-v1/install/robo_collector_interfaces/share/robo_collector_interfaces/msg/RobotMoveType.msg
[2.480s] -- Up-to-date symlink: /home/ros2-user/ros2_workspace/robotics-v1/install/robo_collector_interfaces/share/robo_collector_interfaces/msg/UserAuthenticate.msg
[2.482s] -- Up-to-date symlink: /home/ros2-user/ros2_workspace/robotics-v1/install/robo_collector_interfaces/share/ament_index/resource_index/package_run_dependencies/robo_collector_interfaces
[2.482s] -- Up-to-date symlink: /home/ros2-user/ros2_workspace/robotics-v1/install/robo_collector_interfaces/share/ament_index/resource_index/parent_prefix_path/robo_collector_interfaces
[2.482s] -- Up-to-date symlink: /home/ros2-user/ros2_workspace/robotics-v1/install/robo_collector_interfaces/share/robo_collector_interfaces/environment/ament_prefix_path.sh
[2.482s] -- Up-to-date symlink: /home/ros2-user/ros2_workspace/robotics-v1/install/robo_collector_interfaces/share/robo_collector_interfaces/environment/ament_prefix_path.dsv
[2.483s] -- Up-to-date symlink: /home/ros2-user/ros2_workspace/robotics-v1/install/robo_collector_interfaces/share/robo_collector_interfaces/environment/path.sh
[2.483s] -- Up-to-date symlink: /home/ros2-user/ros2_workspace/robotics-v1/install/robo_collector_interfaces/share/robo_collector_interfaces/environment/path.dsv
[2.483s] -- Up-to-date symlink: /home/ros2-user/ros2_workspace/robotics-v1/install/robo_collector_interfaces/share/robo_collector_interfaces/local_setup.bash
[2.483s] -- Up-to-date symlink: /home/ros2-user/ros2_workspace/robotics-v1/install/robo_collector_interfaces/share/robo_collector_interfaces/local_setup.sh
[2.483s] -- Up-to-date symlink: /home/ros2-user/ros2_workspace/robotics-v1/install/robo_collector_interfaces/share/robo_collector_interfaces/local_setup.zsh
[2.483s] -- Up-to-date symlink: /home/ros2-user/ros2_workspace/robotics-v1/install/robo_collector_interfaces/share/robo_collector_interfaces/local_setup.dsv
[2.483s] -- Symlinking: /home/ros2-user/ros2_workspace/robotics-v1/install/robo_collector_interfaces/share/robo_collector_interfaces/package.dsv
[2.503s] -- Up-to-date symlink: /home/ros2-user/ros2_workspace/robotics-v1/install/robo_collector_interfaces/share/ament_index/resource_index/packages/robo_collector_interfaces
[2.503s] -- Up-to-date symlink: /home/ros2-user/ros2_workspace/robotics-v1/install/robo_collector_interfaces/share/robo_collector_interfaces/cmake/rosidl_cmake-extras.cmake
[2.504s] -- Up-to-date symlink: /home/ros2-user/ros2_workspace/robotics-v1/install/robo_collector_interfaces/share/robo_collector_interfaces/cmake/ament_cmake_export_dependencies-extras.cmake
[2.504s] -- Up-to-date symlink: /home/ros2-user/ros2_workspace/robotics-v1/install/robo_collector_interfaces/share/robo_collector_interfaces/cmake/ament_cmake_export_libraries-extras.cmake
[2.507s] -- Up-to-date symlink: /home/ros2-user/ros2_workspace/robotics-v1/install/robo_collector_interfaces/share/robo_collector_interfaces/cmake/ament_cmake_export_targets-extras.cmake
[2.507s] -- Up-to-date symlink: /home/ros2-user/ros2_workspace/robotics-v1/install/robo_collector_interfaces/share/robo_collector_interfaces/cmake/ament_cmake_export_include_directories-extras.cmake
[2.507s] -- Up-to-date symlink: /home/ros2-user/ros2_workspace/robotics-v1/install/robo_collector_interfaces/share/robo_collector_interfaces/cmake/rosidl_cmake_export_typesupport_libraries-extras.cmake
[2.508s] -- Up-to-date symlink: /home/ros2-user/ros2_workspace/robotics-v1/install/robo_collector_interfaces/share/robo_collector_interfaces/cmake/rosidl_cmake_export_typesupport_targets-extras.cmake
[2.515s] -- Up-to-date symlink: /home/ros2-user/ros2_workspace/robotics-v1/install/robo_collector_interfaces/share/robo_collector_interfaces/cmake/robo_collector_interfacesConfig.cmake
[2.516s] -- Up-to-date symlink: /home/ros2-user/ros2_workspace/robotics-v1/install/robo_collector_interfaces/share/robo_collector_interfaces/cmake/robo_collector_interfacesConfig-version.cmake
[2.521s] -- Up-to-date symlink: /home/ros2-user/ros2_workspace/robotics-v1/install/robo_collector_interfaces/share/robo_collector_interfaces/package.xml
[2.521s] -- Up-to-date: /home/ros2-user/ros2_workspace/robotics-v1/install/robo_collector_interfaces/lib/librobo_collector_interfaces__rosidl_generator_c.so
[2.522s] -- Up-to-date: /home/ros2-user/ros2_workspace/robotics-v1/install/robo_collector_interfaces/lib/librobo_collector_interfaces__rosidl_typesupport_introspection_c.so
[2.522s] -- Up-to-date: /home/ros2-user/ros2_workspace/robotics-v1/install/robo_collector_interfaces/lib/librobo_collector_interfaces__rosidl_typesupport_c.so
[2.528s] -- Up-to-date: /home/ros2-user/ros2_workspace/robotics-v1/install/robo_collector_interfaces/lib/librobo_collector_interfaces__rosidl_typesupport_introspection_cpp.so
[2.528s] -- Up-to-date: /home/ros2-user/ros2_workspace/robotics-v1/install/robo_collector_interfaces/lib/librobo_collector_interfaces__rosidl_typesupport_cpp.so
[2.600s] Compiling '/home/ros2-user/ros2_workspace/robotics-v1/install/robo_collector_interfaces/lib/python3.8/site-packages/robo_collector_interfaces/__init__.py'...
[2.601s] -- Up-to-date: /home/ros2-user/ros2_workspace/robotics-v1/install/robo_collector_interfaces/share/robo_collector_interfaces/cmake/robo_collector_interfaces__rosidl_generator_cExport.cmake
[2.601s] -- Installing: /home/ros2-user/ros2_workspace/robotics-v1/install/robo_collector_interfaces/share/robo_collector_interfaces/cmake/robo_collector_interfaces__rosidl_generator_cExport-debug.cmake
[2.601s] -- Up-to-date: /home/ros2-user/ros2_workspace/robotics-v1/install/robo_collector_interfaces/share/robo_collector_interfaces/cmake/robo_collector_interfaces__rosidl_typesupport_introspection_cExport.cmake
[2.601s] -- Installing: /home/ros2-user/ros2_workspace/robotics-v1/install/robo_collector_interfaces/share/robo_collector_interfaces/cmake/robo_collector_interfaces__rosidl_typesupport_introspection_cExport-debug.cmake
[2.602s] -- Up-to-date: /home/ros2-user/ros2_workspace/robotics-v1/install/robo_collector_interfaces/share/robo_collector_interfaces/cmake/robo_collector_interfaces__rosidl_typesupport_cExport.cmake
[2.602s] -- Installing: /home/ros2-user/ros2_workspace/robotics-v1/install/robo_collector_interfaces/share/robo_collector_interfaces/cmake/robo_collector_interfaces__rosidl_typesupport_cExport-debug.cmake
[2.603s] -- Up-to-date: /home/ros2-user/ros2_workspace/robotics-v1/install/robo_collector_interfaces/share/robo_collector_interfaces/cmake/robo_collector_interfaces__rosidl_generator_cppExport.cmake
[2.603s] -- Up-to-date: /home/ros2-user/ros2_workspace/robotics-v1/install/robo_collector_interfaces/share/robo_collector_interfaces/cmake/robo_collector_interfaces__rosidl_typesupport_introspection_cppExport.cmake
[2.604s] -- Installing: /home/ros2-user/ros2_workspace/robotics-v1/install/robo_collector_interfaces/share/robo_collector_interfaces/cmake/robo_collector_interfaces__rosidl_typesupport_introspection_cppExport-debug.cmake
[2.604s] -- Up-to-date: /home/ros2-user/ros2_workspace/robotics-v1/install/robo_collector_interfaces/share/robo_collector_interfaces/cmake/robo_collector_interfaces__rosidl_typesupport_cppExport.cmake
[2.604s] -- Installing: /home/ros2-user/ros2_workspace/robotics-v1/install/robo_collector_interfaces/share/robo_collector_interfaces/cmake/robo_collector_interfaces__rosidl_typesupport_cppExport-debug.cmake
[2.611s] Invoked command in '/home/ros2-user/ros2_workspace/robotics-v1/build/robo_collector_interfaces' returned '0': CMAKE_PREFIX_PATH=/opt/ros/foxy /usr/bin/cmake --install /home/ros2-user/ros2_workspace/robotics-v1/build/robo_collector_interfaces
