[0.056s] Invoking command in '/home/ros2-user/ros2_workspace/robotics-v1/build/ur_dashboard_msgs': CMAKE_PREFIX_PATH=/opt/ros/foxy /usr/bin/cmake /home/ros2-user/ros2_workspace/robotics-v1/src/ur_driver/Universal_Robots_ROS2_Driver/ur_dashboard_msgs -DCMAKE_INSTALL_PREFIX=/home/ros2-user/ros2_workspace/robotics-v1/install/ur_dashboard_msgs
[0.098s] -- Found ament_cmake: 0.9.11 (/opt/ros/foxy/share/ament_cmake/cmake)
[0.136s] -- Found PythonInterp: /usr/bin/python3 (found suitable version "3.8.10", minimum required is "3") 
[0.136s] -- Using PYTHON_EXECUTABLE: /usr/bin/python3
[0.332s] -- Override CMake install command with custom implementation using symlinks instead of copying resources
[0.342s] -- Found rosidl_default_generators: 1.0.1 (/opt/ros/foxy/share/rosidl_default_generators/cmake)
[0.345s] -- Using all available rosidl_typesupport_c: rosidl_typesupport_fastrtps_c;rosidl_typesupport_introspection_c
[0.352s] -- Found rosidl_adapter: 1.3.0 (/opt/ros/foxy/share/rosidl_adapter/cmake)
[0.582s] -- Using all available rosidl_typesupport_cpp: rosidl_typesupport_fastrtps_cpp;rosidl_typesupport_introspection_cpp
[0.624s] -- Found action_msgs: 1.0.0 (/opt/ros/foxy/share/action_msgs/cmake)
[0.746s] -- Found PythonInterp: /usr/bin/python3 (found version "3.8.10") 
[1.079s] -- Found ament_cmake_ros: 0.9.2 (/opt/ros/foxy/share/ament_cmake_ros/cmake)
[1.416s] -- Using all available rosidl_typesupport_c: rosidl_typesupport_fastrtps_c;rosidl_typesupport_introspection_c
[1.465s] -- Using all available rosidl_typesupport_cpp: rosidl_typesupport_fastrtps_cpp;rosidl_typesupport_introspection_cpp
[1.518s] -- Found PythonInterp: /usr/bin/python3 (found suitable version "3.8.10", minimum required is "3.5") 
[1.520s] -- Found python_cmake_module: 0.8.1 (/opt/ros/foxy/share/python_cmake_module/cmake)
[1.547s] -- Using PYTHON_EXECUTABLE: /usr/bin/python3
[1.547s] -- Using PYTHON_INCLUDE_DIRS: /usr/include/python3.8
[1.547s] -- Using PYTHON_LIBRARIES: /usr/lib/x86_64-linux-gnu/libpython3.8.so
[1.677s] -- Configuring done
[1.845s] -- Generating done
[1.859s] -- Build files have been written to: /home/ros2-user/ros2_workspace/robotics-v1/build/ur_dashboard_msgs
[1.871s] Invoked command in '/home/ros2-user/ros2_workspace/robotics-v1/build/ur_dashboard_msgs' returned '0': CMAKE_PREFIX_PATH=/opt/ros/foxy /usr/bin/cmake /home/ros2-user/ros2_workspace/robotics-v1/src/ur_driver/Universal_Robots_ROS2_Driver/ur_dashboard_msgs -DCMAKE_INSTALL_PREFIX=/home/ros2-user/ros2_workspace/robotics-v1/install/ur_dashboard_msgs
[1.876s] Invoking command in '/home/ros2-user/ros2_workspace/robotics-v1/build/ur_dashboard_msgs': CMAKE_PREFIX_PATH=/opt/ros/foxy /usr/bin/cmake --build /home/ros2-user/ros2_workspace/robotics-v1/build/ur_dashboard_msgs -- -j4 -l4
[2.063s] [  0%] Built target ur_dashboard_msgs__cpp
[2.083s] [ 12%] Built target ur_dashboard_msgs__rosidl_generator_c
[2.144s] [ 24%] Built target ur_dashboard_msgs__rosidl_typesupport_introspection_cpp
[2.184s] [ 36%] Built target ur_dashboard_msgs__rosidl_typesupport_cpp
[2.191s] [ 48%] Built target ur_dashboard_msgs__rosidl_typesupport_fastrtps_cpp
[2.208s] [ 60%] Built target ur_dashboard_msgs__rosidl_typesupport_c
[2.244s] [ 72%] Built target ur_dashboard_msgs__rosidl_typesupport_introspection_c
[2.282s] [ 84%] Built target ur_dashboard_msgs__rosidl_typesupport_fastrtps_c
[2.325s] [ 84%] Built target ur_dashboard_msgs
[2.418s] [ 85%] Built target ur_dashboard_msgs__py
[2.548s] [ 96%] Built target ur_dashboard_msgs__python
[2.621s] [ 97%] Built target ur_dashboard_msgs__rosidl_typesupport_fastrtps_c__pyext
[2.629s] [ 98%] Built target ur_dashboard_msgs__rosidl_typesupport_c__pyext
[2.647s] [100%] Built target ur_dashboard_msgs__rosidl_typesupport_introspection_c__pyext
[2.686s] Invoked command in '/home/ros2-user/ros2_workspace/robotics-v1/build/ur_dashboard_msgs' returned '0': CMAKE_PREFIX_PATH=/opt/ros/foxy /usr/bin/cmake --build /home/ros2-user/ros2_workspace/robotics-v1/build/ur_dashboard_msgs -- -j4 -l4
[3.520s] Invoking command in '/home/ros2-user/ros2_workspace/robotics-v1/build/ur_dashboard_msgs': CMAKE_PREFIX_PATH=/opt/ros/foxy /usr/bin/cmake --install /home/ros2-user/ros2_workspace/robotics-v1/build/ur_dashboard_msgs
[3.532s] -- Install configuration: "Debug"
[3.535s] -- Execute custom install script
[3.535s] -- Up-to-date symlink: /home/ros2-user/ros2_workspace/robotics-v1/install/ur_dashboard_msgs/share/ament_index/resource_index/rosidl_interfaces/ur_dashboard_msgs
[3.537s] -- Up-to-date symlink: /home/ros2-user/ros2_workspace/robotics-v1/install/ur_dashboard_msgs/include/ur_dashboard_msgs/action/detail/set_mode__functions.h
[3.537s] -- Up-to-date symlink: /home/ros2-user/ros2_workspace/robotics-v1/install/ur_dashboard_msgs/include/ur_dashboard_msgs/action/detail/set_mode__struct.h
[3.538s] -- Up-to-date symlink: /home/ros2-user/ros2_workspace/robotics-v1/install/ur_dashboard_msgs/include/ur_dashboard_msgs/action/detail/set_mode__type_support.h
[3.538s] -- Up-to-date symlink: /home/ros2-user/ros2_workspace/robotics-v1/install/ur_dashboard_msgs/include/ur_dashboard_msgs/action/set_mode.h
[3.539s] -- Up-to-date symlink: /home/ros2-user/ros2_workspace/robotics-v1/install/ur_dashboard_msgs/include/ur_dashboard_msgs/msg/detail/program_state__functions.h
[3.539s] -- Up-to-date symlink: /home/ros2-user/ros2_workspace/robotics-v1/install/ur_dashboard_msgs/include/ur_dashboard_msgs/msg/detail/program_state__struct.h
[3.540s] -- Up-to-date symlink: /home/ros2-user/ros2_workspace/robotics-v1/install/ur_dashboard_msgs/include/ur_dashboard_msgs/msg/detail/program_state__type_support.h
[3.541s] -- Up-to-date symlink: /home/ros2-user/ros2_workspace/robotics-v1/install/ur_dashboard_msgs/include/ur_dashboard_msgs/msg/detail/robot_mode__functions.h
[3.542s] -- Up-to-date symlink: /home/ros2-user/ros2_workspace/robotics-v1/install/ur_dashboard_msgs/include/ur_dashboard_msgs/msg/detail/robot_mode__struct.h
[3.542s] -- Up-to-date symlink: /home/ros2-user/ros2_workspace/robotics-v1/install/ur_dashboard_msgs/include/ur_dashboard_msgs/msg/detail/robot_mode__type_support.h
[3.543s] -- Up-to-date symlink: /home/ros2-user/ros2_workspace/robotics-v1/install/ur_dashboard_msgs/include/ur_dashboard_msgs/msg/detail/safety_mode__functions.h
[3.543s] -- Up-to-date symlink: /home/ros2-user/ros2_workspace/robotics-v1/install/ur_dashboard_msgs/include/ur_dashboard_msgs/msg/detail/safety_mode__struct.h
[3.544s] -- Up-to-date symlink: /home/ros2-user/ros2_workspace/robotics-v1/install/ur_dashboard_msgs/include/ur_dashboard_msgs/msg/detail/safety_mode__type_support.h
[3.545s] -- Up-to-date symlink: /home/ros2-user/ros2_workspace/robotics-v1/install/ur_dashboard_msgs/include/ur_dashboard_msgs/msg/program_state.h
[3.545s] -- Up-to-date symlink: /home/ros2-user/ros2_workspace/robotics-v1/install/ur_dashboard_msgs/include/ur_dashboard_msgs/msg/robot_mode.h
[3.546s] -- Up-to-date symlink: /home/ros2-user/ros2_workspace/robotics-v1/install/ur_dashboard_msgs/include/ur_dashboard_msgs/msg/rosidl_generator_c__visibility_control.h
[3.549s] -- Up-to-date symlink: /home/ros2-user/ros2_workspace/robotics-v1/install/ur_dashboard_msgs/include/ur_dashboard_msgs/msg/safety_mode.h
[3.550s] -- Up-to-date symlink: /home/ros2-user/ros2_workspace/robotics-v1/install/ur_dashboard_msgs/include/ur_dashboard_msgs/srv/add_to_log.h
[3.551s] -- Up-to-date symlink: /home/ros2-user/ros2_workspace/robotics-v1/install/ur_dashboard_msgs/include/ur_dashboard_msgs/srv/detail/add_to_log__functions.h
[3.551s] -- Up-to-date symlink: /home/ros2-user/ros2_workspace/robotics-v1/install/ur_dashboard_msgs/include/ur_dashboard_msgs/srv/detail/add_to_log__struct.h
[3.552s] -- Up-to-date symlink: /home/ros2-user/ros2_workspace/robotics-v1/install/ur_dashboard_msgs/include/ur_dashboard_msgs/srv/detail/add_to_log__type_support.h
[3.552s] -- Up-to-date symlink: /home/ros2-user/ros2_workspace/robotics-v1/install/ur_dashboard_msgs/include/ur_dashboard_msgs/srv/detail/get_loaded_program__functions.h
[3.554s] -- Up-to-date symlink: /home/ros2-user/ros2_workspace/robotics-v1/install/ur_dashboard_msgs/include/ur_dashboard_msgs/srv/detail/get_loaded_program__struct.h
[3.554s] -- Up-to-date symlink: /home/ros2-user/ros2_workspace/robotics-v1/install/ur_dashboard_msgs/include/ur_dashboard_msgs/srv/detail/get_loaded_program__type_support.h
[3.555s] -- Up-to-date symlink: /home/ros2-user/ros2_workspace/robotics-v1/install/ur_dashboard_msgs/include/ur_dashboard_msgs/srv/detail/get_program_state__functions.h
[3.555s] -- Up-to-date symlink: /home/ros2-user/ros2_workspace/robotics-v1/install/ur_dashboard_msgs/include/ur_dashboard_msgs/srv/detail/get_program_state__struct.h
[3.555s] -- Up-to-date symlink: /home/ros2-user/ros2_workspace/robotics-v1/install/ur_dashboard_msgs/include/ur_dashboard_msgs/srv/detail/get_program_state__type_support.h
[3.556s] -- Up-to-date symlink: /home/ros2-user/ros2_workspace/robotics-v1/install/ur_dashboard_msgs/include/ur_dashboard_msgs/srv/detail/get_robot_mode__functions.h
[3.558s] -- Up-to-date symlink: /home/ros2-user/ros2_workspace/robotics-v1/install/ur_dashboard_msgs/include/ur_dashboard_msgs/srv/detail/get_robot_mode__struct.h
[3.559s] -- Up-to-date symlink: /home/ros2-user/ros2_workspace/robotics-v1/install/ur_dashboard_msgs/include/ur_dashboard_msgs/srv/detail/get_robot_mode__type_support.h
[3.561s] -- Up-to-date symlink: /home/ros2-user/ros2_workspace/robotics-v1/install/ur_dashboard_msgs/include/ur_dashboard_msgs/srv/detail/get_safety_mode__functions.h
[3.562s] -- Up-to-date symlink: /home/ros2-user/ros2_workspace/robotics-v1/install/ur_dashboard_msgs/include/ur_dashboard_msgs/srv/detail/get_safety_mode__struct.h
[3.562s] -- Up-to-date symlink: /home/ros2-user/ros2_workspace/robotics-v1/install/ur_dashboard_msgs/include/ur_dashboard_msgs/srv/detail/get_safety_mode__type_support.h
[3.562s] -- Up-to-date symlink: /home/ros2-user/ros2_workspace/robotics-v1/install/ur_dashboard_msgs/include/ur_dashboard_msgs/srv/detail/is_program_running__functions.h
[3.564s] -- Up-to-date symlink: /home/ros2-user/ros2_workspace/robotics-v1/install/ur_dashboard_msgs/include/ur_dashboard_msgs/srv/detail/is_program_running__struct.h
[3.570s] -- Up-to-date symlink: /home/ros2-user/ros2_workspace/robotics-v1/install/ur_dashboard_msgs/include/ur_dashboard_msgs/srv/detail/is_program_running__type_support.h
[3.571s] -- Up-to-date symlink: /home/ros2-user/ros2_workspace/robotics-v1/install/ur_dashboard_msgs/include/ur_dashboard_msgs/srv/detail/is_program_saved__functions.h
[3.572s] -- Up-to-date symlink: /home/ros2-user/ros2_workspace/robotics-v1/install/ur_dashboard_msgs/include/ur_dashboard_msgs/srv/detail/is_program_saved__struct.h
[3.572s] -- Up-to-date symlink: /home/ros2-user/ros2_workspace/robotics-v1/install/ur_dashboard_msgs/include/ur_dashboard_msgs/srv/detail/is_program_saved__type_support.h
[3.573s] -- Up-to-date symlink: /home/ros2-user/ros2_workspace/robotics-v1/install/ur_dashboard_msgs/include/ur_dashboard_msgs/srv/detail/load__functions.h
[3.574s] -- Up-to-date symlink: /home/ros2-user/ros2_workspace/robotics-v1/install/ur_dashboard_msgs/include/ur_dashboard_msgs/srv/detail/load__struct.h
[3.575s] -- Up-to-date symlink: /home/ros2-user/ros2_workspace/robotics-v1/install/ur_dashboard_msgs/include/ur_dashboard_msgs/srv/detail/load__type_support.h
[3.575s] -- Up-to-date symlink: /home/ros2-user/ros2_workspace/robotics-v1/install/ur_dashboard_msgs/include/ur_dashboard_msgs/srv/detail/popup__functions.h
[3.576s] -- Up-to-date symlink: /home/ros2-user/ros2_workspace/robotics-v1/install/ur_dashboard_msgs/include/ur_dashboard_msgs/srv/detail/popup__struct.h
[3.576s] -- Up-to-date symlink: /home/ros2-user/ros2_workspace/robotics-v1/install/ur_dashboard_msgs/include/ur_dashboard_msgs/srv/detail/popup__type_support.h
[3.581s] -- Up-to-date symlink: /home/ros2-user/ros2_workspace/robotics-v1/install/ur_dashboard_msgs/include/ur_dashboard_msgs/srv/detail/raw_request__functions.h
[3.582s] -- Up-to-date symlink: /home/ros2-user/ros2_workspace/robotics-v1/install/ur_dashboard_msgs/include/ur_dashboard_msgs/srv/detail/raw_request__struct.h
[3.584s] -- Up-to-date symlink: /home/ros2-user/ros2_workspace/robotics-v1/install/ur_dashboard_msgs/include/ur_dashboard_msgs/srv/detail/raw_request__type_support.h
[3.586s] -- Up-to-date symlink: /home/ros2-user/ros2_workspace/robotics-v1/install/ur_dashboard_msgs/include/ur_dashboard_msgs/srv/get_loaded_program.h
[3.586s] -- Up-to-date symlink: /home/ros2-user/ros2_workspace/robotics-v1/install/ur_dashboard_msgs/include/ur_dashboard_msgs/srv/get_program_state.h
[3.589s] -- Up-to-date symlink: /home/ros2-user/ros2_workspace/robotics-v1/install/ur_dashboard_msgs/include/ur_dashboard_msgs/srv/get_robot_mode.h
[3.591s] -- Up-to-date symlink: /home/ros2-user/ros2_workspace/robotics-v1/install/ur_dashboard_msgs/include/ur_dashboard_msgs/srv/get_safety_mode.h
[3.592s] -- Up-to-date symlink: /home/ros2-user/ros2_workspace/robotics-v1/install/ur_dashboard_msgs/include/ur_dashboard_msgs/srv/is_program_running.h
[3.593s] -- Up-to-date symlink: /home/ros2-user/ros2_workspace/robotics-v1/install/ur_dashboard_msgs/include/ur_dashboard_msgs/srv/is_program_saved.h
[3.594s] -- Up-to-date symlink: /home/ros2-user/ros2_workspace/robotics-v1/install/ur_dashboard_msgs/include/ur_dashboard_msgs/srv/load.h
[3.594s] -- Up-to-date symlink: /home/ros2-user/ros2_workspace/robotics-v1/install/ur_dashboard_msgs/include/ur_dashboard_msgs/srv/popup.h
[3.594s] -- Up-to-date symlink: /home/ros2-user/ros2_workspace/robotics-v1/install/ur_dashboard_msgs/include/ur_dashboard_msgs/srv/raw_request.h
[3.594s] -- Up-to-date symlink: /home/ros2-user/ros2_workspace/robotics-v1/install/ur_dashboard_msgs/share/ur_dashboard_msgs/environment/library_path.sh
[3.594s] -- Up-to-date symlink: /home/ros2-user/ros2_workspace/robotics-v1/install/ur_dashboard_msgs/share/ur_dashboard_msgs/environment/library_path.dsv
[3.595s] -- Up-to-date symlink: /home/ros2-user/ros2_workspace/robotics-v1/install/ur_dashboard_msgs/include/ur_dashboard_msgs/action/detail/set_mode__rosidl_typesupport_fastrtps_c.h
[3.595s] -- Up-to-date symlink: /home/ros2-user/ros2_workspace/robotics-v1/install/ur_dashboard_msgs/include/ur_dashboard_msgs/msg/detail/program_state__rosidl_typesupport_fastrtps_c.h
[3.595s] -- Up-to-date symlink: /home/ros2-user/ros2_workspace/robotics-v1/install/ur_dashboard_msgs/include/ur_dashboard_msgs/msg/detail/robot_mode__rosidl_typesupport_fastrtps_c.h
[3.596s] -- Up-to-date symlink: /home/ros2-user/ros2_workspace/robotics-v1/install/ur_dashboard_msgs/include/ur_dashboard_msgs/msg/detail/safety_mode__rosidl_typesupport_fastrtps_c.h
[3.596s] -- Up-to-date symlink: /home/ros2-user/ros2_workspace/robotics-v1/install/ur_dashboard_msgs/include/ur_dashboard_msgs/msg/rosidl_typesupport_fastrtps_c__visibility_control.h
[3.598s] -- Up-to-date symlink: /home/ros2-user/ros2_workspace/robotics-v1/install/ur_dashboard_msgs/include/ur_dashboard_msgs/srv/detail/add_to_log__rosidl_typesupport_fastrtps_c.h
[3.599s] -- Up-to-date symlink: /home/ros2-user/ros2_workspace/robotics-v1/install/ur_dashboard_msgs/include/ur_dashboard_msgs/srv/detail/get_loaded_program__rosidl_typesupport_fastrtps_c.h
[3.600s] -- Up-to-date symlink: /home/ros2-user/ros2_workspace/robotics-v1/install/ur_dashboard_msgs/include/ur_dashboard_msgs/srv/detail/get_program_state__rosidl_typesupport_fastrtps_c.h
[3.601s] -- Up-to-date symlink: /home/ros2-user/ros2_workspace/robotics-v1/install/ur_dashboard_msgs/include/ur_dashboard_msgs/srv/detail/get_robot_mode__rosidl_typesupport_fastrtps_c.h
[3.602s] -- Up-to-date symlink: /home/ros2-user/ros2_workspace/robotics-v1/install/ur_dashboard_msgs/include/ur_dashboard_msgs/srv/detail/get_safety_mode__rosidl_typesupport_fastrtps_c.h
[3.602s] -- Up-to-date symlink: /home/ros2-user/ros2_workspace/robotics-v1/install/ur_dashboard_msgs/include/ur_dashboard_msgs/srv/detail/is_program_running__rosidl_typesupport_fastrtps_c.h
[3.603s] -- Up-to-date symlink: /home/ros2-user/ros2_workspace/robotics-v1/install/ur_dashboard_msgs/include/ur_dashboard_msgs/srv/detail/is_program_saved__rosidl_typesupport_fastrtps_c.h
[3.603s] -- Up-to-date symlink: /home/ros2-user/ros2_workspace/robotics-v1/install/ur_dashboard_msgs/include/ur_dashboard_msgs/srv/detail/load__rosidl_typesupport_fastrtps_c.h
[3.604s] -- Up-to-date symlink: /home/ros2-user/ros2_workspace/robotics-v1/install/ur_dashboard_msgs/include/ur_dashboard_msgs/srv/detail/popup__rosidl_typesupport_fastrtps_c.h
[3.604s] -- Up-to-date symlink: /home/ros2-user/ros2_workspace/robotics-v1/install/ur_dashboard_msgs/include/ur_dashboard_msgs/srv/detail/raw_request__rosidl_typesupport_fastrtps_c.h
[3.604s] -- Up-to-date symlink: /home/ros2-user/ros2_workspace/robotics-v1/install/ur_dashboard_msgs/lib/libur_dashboard_msgs__rosidl_typesupport_fastrtps_c.so
[3.604s] -- Up-to-date symlink: /home/ros2-user/ros2_workspace/robotics-v1/install/ur_dashboard_msgs/include/ur_dashboard_msgs/action/detail/set_mode__rosidl_typesupport_fastrtps_cpp.hpp
[3.605s] -- Up-to-date symlink: /home/ros2-user/ros2_workspace/robotics-v1/install/ur_dashboard_msgs/include/ur_dashboard_msgs/msg/detail/program_state__rosidl_typesupport_fastrtps_cpp.hpp
[3.606s] -- Up-to-date symlink: /home/ros2-user/ros2_workspace/robotics-v1/install/ur_dashboard_msgs/include/ur_dashboard_msgs/msg/detail/robot_mode__rosidl_typesupport_fastrtps_cpp.hpp
[3.607s] -- Up-to-date symlink: /home/ros2-user/ros2_workspace/robotics-v1/install/ur_dashboard_msgs/include/ur_dashboard_msgs/msg/detail/safety_mode__rosidl_typesupport_fastrtps_cpp.hpp
[3.607s] -- Up-to-date symlink: /home/ros2-user/ros2_workspace/robotics-v1/install/ur_dashboard_msgs/include/ur_dashboard_msgs/msg/rosidl_typesupport_fastrtps_cpp__visibility_control.h
[3.608s] -- Up-to-date symlink: /home/ros2-user/ros2_workspace/robotics-v1/install/ur_dashboard_msgs/include/ur_dashboard_msgs/srv/detail/add_to_log__rosidl_typesupport_fastrtps_cpp.hpp
[3.608s] -- Up-to-date symlink: /home/ros2-user/ros2_workspace/robotics-v1/install/ur_dashboard_msgs/include/ur_dashboard_msgs/srv/detail/get_loaded_program__rosidl_typesupport_fastrtps_cpp.hpp
[3.610s] -- Up-to-date symlink: /home/ros2-user/ros2_workspace/robotics-v1/install/ur_dashboard_msgs/include/ur_dashboard_msgs/srv/detail/get_program_state__rosidl_typesupport_fastrtps_cpp.hpp
[3.611s] -- Up-to-date symlink: /home/ros2-user/ros2_workspace/robotics-v1/install/ur_dashboard_msgs/include/ur_dashboard_msgs/srv/detail/get_robot_mode__rosidl_typesupport_fastrtps_cpp.hpp
[3.611s] -- Up-to-date symlink: /home/ros2-user/ros2_workspace/robotics-v1/install/ur_dashboard_msgs/include/ur_dashboard_msgs/srv/detail/get_safety_mode__rosidl_typesupport_fastrtps_cpp.hpp
[3.613s] -- Up-to-date symlink: /home/ros2-user/ros2_workspace/robotics-v1/install/ur_dashboard_msgs/include/ur_dashboard_msgs/srv/detail/is_program_running__rosidl_typesupport_fastrtps_cpp.hpp
[3.615s] -- Up-to-date symlink: /home/ros2-user/ros2_workspace/robotics-v1/install/ur_dashboard_msgs/include/ur_dashboard_msgs/srv/detail/is_program_saved__rosidl_typesupport_fastrtps_cpp.hpp
[3.616s] -- Up-to-date symlink: /home/ros2-user/ros2_workspace/robotics-v1/install/ur_dashboard_msgs/include/ur_dashboard_msgs/srv/detail/load__rosidl_typesupport_fastrtps_cpp.hpp
[3.616s] -- Up-to-date symlink: /home/ros2-user/ros2_workspace/robotics-v1/install/ur_dashboard_msgs/include/ur_dashboard_msgs/srv/detail/popup__rosidl_typesupport_fastrtps_cpp.hpp
[3.616s] -- Up-to-date symlink: /home/ros2-user/ros2_workspace/robotics-v1/install/ur_dashboard_msgs/include/ur_dashboard_msgs/srv/detail/raw_request__rosidl_typesupport_fastrtps_cpp.hpp
[3.618s] -- Up-to-date symlink: /home/ros2-user/ros2_workspace/robotics-v1/install/ur_dashboard_msgs/lib/libur_dashboard_msgs__rosidl_typesupport_fastrtps_cpp.so
[3.618s] -- Up-to-date symlink: /home/ros2-user/ros2_workspace/robotics-v1/install/ur_dashboard_msgs/include/ur_dashboard_msgs/action/detail/set_mode__rosidl_typesupport_introspection_c.h
[3.619s] -- Up-to-date symlink: /home/ros2-user/ros2_workspace/robotics-v1/install/ur_dashboard_msgs/include/ur_dashboard_msgs/msg/detail/program_state__rosidl_typesupport_introspection_c.h
[3.619s] -- Up-to-date symlink: /home/ros2-user/ros2_workspace/robotics-v1/install/ur_dashboard_msgs/include/ur_dashboard_msgs/msg/detail/robot_mode__rosidl_typesupport_introspection_c.h
[3.619s] -- Up-to-date symlink: /home/ros2-user/ros2_workspace/robotics-v1/install/ur_dashboard_msgs/include/ur_dashboard_msgs/msg/detail/safety_mode__rosidl_typesupport_introspection_c.h
[3.620s] -- Up-to-date symlink: /home/ros2-user/ros2_workspace/robotics-v1/install/ur_dashboard_msgs/include/ur_dashboard_msgs/msg/rosidl_typesupport_introspection_c__visibility_control.h
[3.621s] -- Up-to-date symlink: /home/ros2-user/ros2_workspace/robotics-v1/install/ur_dashboard_msgs/include/ur_dashboard_msgs/srv/detail/add_to_log__rosidl_typesupport_introspection_c.h
[3.621s] -- Up-to-date symlink: /home/ros2-user/ros2_workspace/robotics-v1/install/ur_dashboard_msgs/include/ur_dashboard_msgs/srv/detail/get_loaded_program__rosidl_typesupport_introspection_c.h
[3.622s] -- Up-to-date symlink: /home/ros2-user/ros2_workspace/robotics-v1/install/ur_dashboard_msgs/include/ur_dashboard_msgs/srv/detail/get_program_state__rosidl_typesupport_introspection_c.h
[3.623s] -- Up-to-date symlink: /home/ros2-user/ros2_workspace/robotics-v1/install/ur_dashboard_msgs/include/ur_dashboard_msgs/srv/detail/get_robot_mode__rosidl_typesupport_introspection_c.h
[3.623s] -- Up-to-date symlink: /home/ros2-user/ros2_workspace/robotics-v1/install/ur_dashboard_msgs/include/ur_dashboard_msgs/srv/detail/get_safety_mode__rosidl_typesupport_introspection_c.h
[3.623s] -- Up-to-date symlink: /home/ros2-user/ros2_workspace/robotics-v1/install/ur_dashboard_msgs/include/ur_dashboard_msgs/srv/detail/is_program_running__rosidl_typesupport_introspection_c.h
[3.624s] -- Up-to-date symlink: /home/ros2-user/ros2_workspace/robotics-v1/install/ur_dashboard_msgs/include/ur_dashboard_msgs/srv/detail/is_program_saved__rosidl_typesupport_introspection_c.h
[3.626s] -- Up-to-date symlink: /home/ros2-user/ros2_workspace/robotics-v1/install/ur_dashboard_msgs/include/ur_dashboard_msgs/srv/detail/load__rosidl_typesupport_introspection_c.h
[3.626s] -- Up-to-date symlink: /home/ros2-user/ros2_workspace/robotics-v1/install/ur_dashboard_msgs/include/ur_dashboard_msgs/srv/detail/popup__rosidl_typesupport_introspection_c.h
[3.626s] -- Up-to-date symlink: /home/ros2-user/ros2_workspace/robotics-v1/install/ur_dashboard_msgs/include/ur_dashboard_msgs/srv/detail/raw_request__rosidl_typesupport_introspection_c.h
[3.628s] -- Up-to-date symlink: /home/ros2-user/ros2_workspace/robotics-v1/install/ur_dashboard_msgs/include/ur_dashboard_msgs/action/detail/set_mode__builder.hpp
[3.628s] -- Up-to-date symlink: /home/ros2-user/ros2_workspace/robotics-v1/install/ur_dashboard_msgs/include/ur_dashboard_msgs/action/detail/set_mode__struct.hpp
[3.629s] -- Up-to-date symlink: /home/ros2-user/ros2_workspace/robotics-v1/install/ur_dashboard_msgs/include/ur_dashboard_msgs/action/detail/set_mode__traits.hpp
[3.629s] -- Up-to-date symlink: /home/ros2-user/ros2_workspace/robotics-v1/install/ur_dashboard_msgs/include/ur_dashboard_msgs/action/set_mode.hpp
[3.631s] -- Up-to-date symlink: /home/ros2-user/ros2_workspace/robotics-v1/install/ur_dashboard_msgs/include/ur_dashboard_msgs/msg/detail/program_state__builder.hpp
[3.632s] -- Up-to-date symlink: /home/ros2-user/ros2_workspace/robotics-v1/install/ur_dashboard_msgs/include/ur_dashboard_msgs/msg/detail/program_state__struct.hpp
[3.633s] -- Up-to-date symlink: /home/ros2-user/ros2_workspace/robotics-v1/install/ur_dashboard_msgs/include/ur_dashboard_msgs/msg/detail/program_state__traits.hpp
[3.634s] -- Up-to-date symlink: /home/ros2-user/ros2_workspace/robotics-v1/install/ur_dashboard_msgs/include/ur_dashboard_msgs/msg/detail/robot_mode__builder.hpp
[3.635s] -- Up-to-date symlink: /home/ros2-user/ros2_workspace/robotics-v1/install/ur_dashboard_msgs/include/ur_dashboard_msgs/msg/detail/robot_mode__struct.hpp
[3.636s] -- Up-to-date symlink: /home/ros2-user/ros2_workspace/robotics-v1/install/ur_dashboard_msgs/include/ur_dashboard_msgs/msg/detail/robot_mode__traits.hpp
[3.636s] -- Up-to-date symlink: /home/ros2-user/ros2_workspace/robotics-v1/install/ur_dashboard_msgs/include/ur_dashboard_msgs/msg/detail/safety_mode__builder.hpp
[3.637s] -- Up-to-date symlink: /home/ros2-user/ros2_workspace/robotics-v1/install/ur_dashboard_msgs/include/ur_dashboard_msgs/msg/detail/safety_mode__struct.hpp
[3.638s] -- Up-to-date symlink: /home/ros2-user/ros2_workspace/robotics-v1/install/ur_dashboard_msgs/include/ur_dashboard_msgs/msg/detail/safety_mode__traits.hpp
[3.638s] -- Up-to-date symlink: /home/ros2-user/ros2_workspace/robotics-v1/install/ur_dashboard_msgs/include/ur_dashboard_msgs/msg/program_state.hpp
[3.639s] -- Up-to-date symlink: /home/ros2-user/ros2_workspace/robotics-v1/install/ur_dashboard_msgs/include/ur_dashboard_msgs/msg/robot_mode.hpp
[3.640s] -- Up-to-date symlink: /home/ros2-user/ros2_workspace/robotics-v1/install/ur_dashboard_msgs/include/ur_dashboard_msgs/msg/safety_mode.hpp
[3.643s] -- Up-to-date symlink: /home/ros2-user/ros2_workspace/robotics-v1/install/ur_dashboard_msgs/include/ur_dashboard_msgs/srv/add_to_log.hpp
[3.643s] -- Up-to-date symlink: /home/ros2-user/ros2_workspace/robotics-v1/install/ur_dashboard_msgs/include/ur_dashboard_msgs/srv/detail/add_to_log__builder.hpp
[3.644s] -- Up-to-date symlink: /home/ros2-user/ros2_workspace/robotics-v1/install/ur_dashboard_msgs/include/ur_dashboard_msgs/srv/detail/add_to_log__struct.hpp
[3.644s] -- Up-to-date symlink: /home/ros2-user/ros2_workspace/robotics-v1/install/ur_dashboard_msgs/include/ur_dashboard_msgs/srv/detail/add_to_log__traits.hpp
[3.645s] -- Up-to-date symlink: /home/ros2-user/ros2_workspace/robotics-v1/install/ur_dashboard_msgs/include/ur_dashboard_msgs/srv/detail/get_loaded_program__builder.hpp
[3.646s] -- Up-to-date symlink: /home/ros2-user/ros2_workspace/robotics-v1/install/ur_dashboard_msgs/include/ur_dashboard_msgs/srv/detail/get_loaded_program__struct.hpp
[3.646s] -- Up-to-date symlink: /home/ros2-user/ros2_workspace/robotics-v1/install/ur_dashboard_msgs/include/ur_dashboard_msgs/srv/detail/get_loaded_program__traits.hpp
[3.647s] -- Up-to-date symlink: /home/ros2-user/ros2_workspace/robotics-v1/install/ur_dashboard_msgs/include/ur_dashboard_msgs/srv/detail/get_program_state__builder.hpp
[3.648s] -- Up-to-date symlink: /home/ros2-user/ros2_workspace/robotics-v1/install/ur_dashboard_msgs/include/ur_dashboard_msgs/srv/detail/get_program_state__struct.hpp
[3.648s] -- Up-to-date symlink: /home/ros2-user/ros2_workspace/robotics-v1/install/ur_dashboard_msgs/include/ur_dashboard_msgs/srv/detail/get_program_state__traits.hpp
[3.648s] -- Up-to-date symlink: /home/ros2-user/ros2_workspace/robotics-v1/install/ur_dashboard_msgs/include/ur_dashboard_msgs/srv/detail/get_robot_mode__builder.hpp
[3.650s] -- Up-to-date symlink: /home/ros2-user/ros2_workspace/robotics-v1/install/ur_dashboard_msgs/include/ur_dashboard_msgs/srv/detail/get_robot_mode__struct.hpp
[3.651s] -- Up-to-date symlink: /home/ros2-user/ros2_workspace/robotics-v1/install/ur_dashboard_msgs/include/ur_dashboard_msgs/srv/detail/get_robot_mode__traits.hpp
[3.651s] -- Up-to-date symlink: /home/ros2-user/ros2_workspace/robotics-v1/install/ur_dashboard_msgs/include/ur_dashboard_msgs/srv/detail/get_safety_mode__builder.hpp
[3.652s] -- Up-to-date symlink: /home/ros2-user/ros2_workspace/robotics-v1/install/ur_dashboard_msgs/include/ur_dashboard_msgs/srv/detail/get_safety_mode__struct.hpp
[3.652s] -- Up-to-date symlink: /home/ros2-user/ros2_workspace/robotics-v1/install/ur_dashboard_msgs/include/ur_dashboard_msgs/srv/detail/get_safety_mode__traits.hpp
[3.652s] -- Up-to-date symlink: /home/ros2-user/ros2_workspace/robotics-v1/install/ur_dashboard_msgs/include/ur_dashboard_msgs/srv/detail/is_program_running__builder.hpp
[3.654s] -- Up-to-date symlink: /home/ros2-user/ros2_workspace/robotics-v1/install/ur_dashboard_msgs/include/ur_dashboard_msgs/srv/detail/is_program_running__struct.hpp
[3.655s] -- Up-to-date symlink: /home/ros2-user/ros2_workspace/robotics-v1/install/ur_dashboard_msgs/include/ur_dashboard_msgs/srv/detail/is_program_running__traits.hpp
[3.655s] -- Up-to-date symlink: /home/ros2-user/ros2_workspace/robotics-v1/install/ur_dashboard_msgs/include/ur_dashboard_msgs/srv/detail/is_program_saved__builder.hpp
[3.655s] -- Up-to-date symlink: /home/ros2-user/ros2_workspace/robotics-v1/install/ur_dashboard_msgs/include/ur_dashboard_msgs/srv/detail/is_program_saved__struct.hpp
[3.657s] -- Up-to-date symlink: /home/ros2-user/ros2_workspace/robotics-v1/install/ur_dashboard_msgs/include/ur_dashboard_msgs/srv/detail/is_program_saved__traits.hpp
[3.658s] -- Up-to-date symlink: /home/ros2-user/ros2_workspace/robotics-v1/install/ur_dashboard_msgs/include/ur_dashboard_msgs/srv/detail/load__builder.hpp
[3.658s] -- Up-to-date symlink: /home/ros2-user/ros2_workspace/robotics-v1/install/ur_dashboard_msgs/include/ur_dashboard_msgs/srv/detail/load__struct.hpp
[3.659s] -- Up-to-date symlink: /home/ros2-user/ros2_workspace/robotics-v1/install/ur_dashboard_msgs/include/ur_dashboard_msgs/srv/detail/load__traits.hpp
[3.660s] -- Up-to-date symlink: /home/ros2-user/ros2_workspace/robotics-v1/install/ur_dashboard_msgs/include/ur_dashboard_msgs/srv/detail/popup__builder.hpp
[3.660s] -- Up-to-date symlink: /home/ros2-user/ros2_workspace/robotics-v1/install/ur_dashboard_msgs/include/ur_dashboard_msgs/srv/detail/popup__struct.hpp
[3.660s] -- Up-to-date symlink: /home/ros2-user/ros2_workspace/robotics-v1/install/ur_dashboard_msgs/include/ur_dashboard_msgs/srv/detail/popup__traits.hpp
[3.662s] -- Up-to-date symlink: /home/ros2-user/ros2_workspace/robotics-v1/install/ur_dashboard_msgs/include/ur_dashboard_msgs/srv/detail/raw_request__builder.hpp
[3.663s] -- Up-to-date symlink: /home/ros2-user/ros2_workspace/robotics-v1/install/ur_dashboard_msgs/include/ur_dashboard_msgs/srv/detail/raw_request__struct.hpp
[3.663s] -- Up-to-date symlink: /home/ros2-user/ros2_workspace/robotics-v1/install/ur_dashboard_msgs/include/ur_dashboard_msgs/srv/detail/raw_request__traits.hpp
[3.663s] -- Up-to-date symlink: /home/ros2-user/ros2_workspace/robotics-v1/install/ur_dashboard_msgs/include/ur_dashboard_msgs/srv/get_loaded_program.hpp
[3.664s] -- Up-to-date symlink: /home/ros2-user/ros2_workspace/robotics-v1/install/ur_dashboard_msgs/include/ur_dashboard_msgs/srv/get_program_state.hpp
[3.664s] -- Up-to-date symlink: /home/ros2-user/ros2_workspace/robotics-v1/install/ur_dashboard_msgs/include/ur_dashboard_msgs/srv/get_robot_mode.hpp
[3.665s] -- Up-to-date symlink: /home/ros2-user/ros2_workspace/robotics-v1/install/ur_dashboard_msgs/include/ur_dashboard_msgs/srv/get_safety_mode.hpp
[3.666s] -- Up-to-date symlink: /home/ros2-user/ros2_workspace/robotics-v1/install/ur_dashboard_msgs/include/ur_dashboard_msgs/srv/is_program_running.hpp
[3.667s] -- Up-to-date symlink: /home/ros2-user/ros2_workspace/robotics-v1/install/ur_dashboard_msgs/include/ur_dashboard_msgs/srv/is_program_saved.hpp
[3.668s] -- Up-to-date symlink: /home/ros2-user/ros2_workspace/robotics-v1/install/ur_dashboard_msgs/include/ur_dashboard_msgs/srv/load.hpp
[3.668s] -- Up-to-date symlink: /home/ros2-user/ros2_workspace/robotics-v1/install/ur_dashboard_msgs/include/ur_dashboard_msgs/srv/popup.hpp
[3.670s] -- Up-to-date symlink: /home/ros2-user/ros2_workspace/robotics-v1/install/ur_dashboard_msgs/include/ur_dashboard_msgs/srv/raw_request.hpp
[3.670s] -- Up-to-date symlink: /home/ros2-user/ros2_workspace/robotics-v1/install/ur_dashboard_msgs/include/ur_dashboard_msgs/action/detail/set_mode__rosidl_typesupport_introspection_cpp.hpp
[3.671s] -- Up-to-date symlink: /home/ros2-user/ros2_workspace/robotics-v1/install/ur_dashboard_msgs/include/ur_dashboard_msgs/msg/detail/program_state__rosidl_typesupport_introspection_cpp.hpp
[3.673s] -- Up-to-date symlink: /home/ros2-user/ros2_workspace/robotics-v1/install/ur_dashboard_msgs/include/ur_dashboard_msgs/msg/detail/robot_mode__rosidl_typesupport_introspection_cpp.hpp
[3.673s] -- Up-to-date symlink: /home/ros2-user/ros2_workspace/robotics-v1/install/ur_dashboard_msgs/include/ur_dashboard_msgs/msg/detail/safety_mode__rosidl_typesupport_introspection_cpp.hpp
[3.674s] -- Up-to-date symlink: /home/ros2-user/ros2_workspace/robotics-v1/install/ur_dashboard_msgs/include/ur_dashboard_msgs/srv/detail/add_to_log__rosidl_typesupport_introspection_cpp.hpp
[3.674s] -- Up-to-date symlink: /home/ros2-user/ros2_workspace/robotics-v1/install/ur_dashboard_msgs/include/ur_dashboard_msgs/srv/detail/get_loaded_program__rosidl_typesupport_introspection_cpp.hpp
[3.675s] -- Up-to-date symlink: /home/ros2-user/ros2_workspace/robotics-v1/install/ur_dashboard_msgs/include/ur_dashboard_msgs/srv/detail/get_program_state__rosidl_typesupport_introspection_cpp.hpp
[3.676s] -- Up-to-date symlink: /home/ros2-user/ros2_workspace/robotics-v1/install/ur_dashboard_msgs/include/ur_dashboard_msgs/srv/detail/get_robot_mode__rosidl_typesupport_introspection_cpp.hpp
[3.677s] -- Up-to-date symlink: /home/ros2-user/ros2_workspace/robotics-v1/install/ur_dashboard_msgs/include/ur_dashboard_msgs/srv/detail/get_safety_mode__rosidl_typesupport_introspection_cpp.hpp
[3.679s] -- Up-to-date symlink: /home/ros2-user/ros2_workspace/robotics-v1/install/ur_dashboard_msgs/include/ur_dashboard_msgs/srv/detail/is_program_running__rosidl_typesupport_introspection_cpp.hpp
[3.680s] -- Up-to-date symlink: /home/ros2-user/ros2_workspace/robotics-v1/install/ur_dashboard_msgs/include/ur_dashboard_msgs/srv/detail/is_program_saved__rosidl_typesupport_introspection_cpp.hpp
[3.681s] -- Up-to-date symlink: /home/ros2-user/ros2_workspace/robotics-v1/install/ur_dashboard_msgs/include/ur_dashboard_msgs/srv/detail/load__rosidl_typesupport_introspection_cpp.hpp
[3.681s] -- Up-to-date symlink: /home/ros2-user/ros2_workspace/robotics-v1/install/ur_dashboard_msgs/include/ur_dashboard_msgs/srv/detail/popup__rosidl_typesupport_introspection_cpp.hpp
[3.682s] -- Up-to-date symlink: /home/ros2-user/ros2_workspace/robotics-v1/install/ur_dashboard_msgs/include/ur_dashboard_msgs/srv/detail/raw_request__rosidl_typesupport_introspection_cpp.hpp
[3.683s] -- Up-to-date symlink: /home/ros2-user/ros2_workspace/robotics-v1/install/ur_dashboard_msgs/share/ur_dashboard_msgs/environment/pythonpath.sh
[3.683s] -- Up-to-date symlink: /home/ros2-user/ros2_workspace/robotics-v1/install/ur_dashboard_msgs/share/ur_dashboard_msgs/environment/pythonpath.dsv
[3.684s] -- Up-to-date symlink: /home/ros2-user/ros2_workspace/robotics-v1/install/ur_dashboard_msgs/lib/python3.8/site-packages/ur_dashboard_msgs/__init__.py
[3.685s] -- Up-to-date symlink: /home/ros2-user/ros2_workspace/robotics-v1/install/ur_dashboard_msgs/lib/python3.8/site-packages/ur_dashboard_msgs/msg/__init__.py
[3.685s] -- Up-to-date symlink: /home/ros2-user/ros2_workspace/robotics-v1/install/ur_dashboard_msgs/lib/python3.8/site-packages/ur_dashboard_msgs/msg/_program_state.py
[3.686s] -- Up-to-date symlink: /home/ros2-user/ros2_workspace/robotics-v1/install/ur_dashboard_msgs/lib/python3.8/site-packages/ur_dashboard_msgs/msg/_robot_mode.py
[3.687s] -- Up-to-date symlink: /home/ros2-user/ros2_workspace/robotics-v1/install/ur_dashboard_msgs/lib/python3.8/site-packages/ur_dashboard_msgs/msg/_safety_mode.py
[3.694s] -- Up-to-date symlink: /home/ros2-user/ros2_workspace/robotics-v1/install/ur_dashboard_msgs/lib/python3.8/site-packages/ur_dashboard_msgs/srv/__init__.py
[3.694s] -- Up-to-date symlink: /home/ros2-user/ros2_workspace/robotics-v1/install/ur_dashboard_msgs/lib/python3.8/site-packages/ur_dashboard_msgs/srv/_add_to_log.py
[3.694s] -- Up-to-date symlink: /home/ros2-user/ros2_workspace/robotics-v1/install/ur_dashboard_msgs/lib/python3.8/site-packages/ur_dashboard_msgs/srv/_get_loaded_program.py
[3.703s] -- Up-to-date symlink: /home/ros2-user/ros2_workspace/robotics-v1/install/ur_dashboard_msgs/lib/python3.8/site-packages/ur_dashboard_msgs/srv/_get_program_state.py
[3.704s] -- Up-to-date symlink: /home/ros2-user/ros2_workspace/robotics-v1/install/ur_dashboard_msgs/lib/python3.8/site-packages/ur_dashboard_msgs/srv/_get_robot_mode.py
[3.704s] -- Up-to-date symlink: /home/ros2-user/ros2_workspace/robotics-v1/install/ur_dashboard_msgs/lib/python3.8/site-packages/ur_dashboard_msgs/srv/_get_safety_mode.py
[3.704s] -- Up-to-date symlink: /home/ros2-user/ros2_workspace/robotics-v1/install/ur_dashboard_msgs/lib/python3.8/site-packages/ur_dashboard_msgs/srv/_is_program_running.py
[3.705s] -- Up-to-date symlink: /home/ros2-user/ros2_workspace/robotics-v1/install/ur_dashboard_msgs/lib/python3.8/site-packages/ur_dashboard_msgs/srv/_is_program_saved.py
[3.705s] -- Up-to-date symlink: /home/ros2-user/ros2_workspace/robotics-v1/install/ur_dashboard_msgs/lib/python3.8/site-packages/ur_dashboard_msgs/srv/_load.py
[3.706s] -- Up-to-date symlink: /home/ros2-user/ros2_workspace/robotics-v1/install/ur_dashboard_msgs/lib/python3.8/site-packages/ur_dashboard_msgs/srv/_popup.py
[3.706s] -- Up-to-date symlink: /home/ros2-user/ros2_workspace/robotics-v1/install/ur_dashboard_msgs/lib/python3.8/site-packages/ur_dashboard_msgs/srv/_raw_request.py
[3.706s] -- Up-to-date symlink: /home/ros2-user/ros2_workspace/robotics-v1/install/ur_dashboard_msgs/lib/python3.8/site-packages/ur_dashboard_msgs/action/__init__.py
[3.707s] -- Up-to-date symlink: /home/ros2-user/ros2_workspace/robotics-v1/install/ur_dashboard_msgs/lib/python3.8/site-packages/ur_dashboard_msgs/action/_set_mode.py
[3.707s] -- Up-to-date symlink: /home/ros2-user/ros2_workspace/robotics-v1/install/ur_dashboard_msgs/lib/python3.8/site-packages/ur_dashboard_msgs/ur_dashboard_msgs_s__rosidl_typesupport_fastrtps_c.cpython-38-x86_64-linux-gnu.so
[3.708s] -- Up-to-date symlink: /home/ros2-user/ros2_workspace/robotics-v1/install/ur_dashboard_msgs/lib/python3.8/site-packages/ur_dashboard_msgs/ur_dashboard_msgs_s__rosidl_typesupport_introspection_c.cpython-38-x86_64-linux-gnu.so
[3.708s] -- Up-to-date symlink: /home/ros2-user/ros2_workspace/robotics-v1/install/ur_dashboard_msgs/lib/python3.8/site-packages/ur_dashboard_msgs/ur_dashboard_msgs_s__rosidl_typesupport_c.cpython-38-x86_64-linux-gnu.so
[3.708s] -- Up-to-date symlink: /home/ros2-user/ros2_workspace/robotics-v1/install/ur_dashboard_msgs/lib/libur_dashboard_msgs__python.so
[3.709s] -- Up-to-date symlink: /home/ros2-user/ros2_workspace/robotics-v1/install/ur_dashboard_msgs/share/ur_dashboard_msgs/msg/ProgramState.idl
[3.709s] -- Up-to-date symlink: /home/ros2-user/ros2_workspace/robotics-v1/install/ur_dashboard_msgs/share/ur_dashboard_msgs/msg/RobotMode.idl
[3.709s] -- Up-to-date symlink: /home/ros2-user/ros2_workspace/robotics-v1/install/ur_dashboard_msgs/share/ur_dashboard_msgs/msg/SafetyMode.idl
[3.709s] -- Up-to-date symlink: /home/ros2-user/ros2_workspace/robotics-v1/install/ur_dashboard_msgs/share/ur_dashboard_msgs/srv/AddToLog.idl
[3.712s] -- Up-to-date symlink: /home/ros2-user/ros2_workspace/robotics-v1/install/ur_dashboard_msgs/share/ur_dashboard_msgs/srv/GetLoadedProgram.idl
[3.714s] -- Up-to-date symlink: /home/ros2-user/ros2_workspace/robotics-v1/install/ur_dashboard_msgs/share/ur_dashboard_msgs/srv/GetProgramState.idl
[3.715s] -- Up-to-date symlink: /home/ros2-user/ros2_workspace/robotics-v1/install/ur_dashboard_msgs/share/ur_dashboard_msgs/srv/GetRobotMode.idl
[3.717s] -- Up-to-date symlink: /home/ros2-user/ros2_workspace/robotics-v1/install/ur_dashboard_msgs/share/ur_dashboard_msgs/srv/GetSafetyMode.idl
[3.719s] -- Up-to-date symlink: /home/ros2-user/ros2_workspace/robotics-v1/install/ur_dashboard_msgs/share/ur_dashboard_msgs/srv/IsProgramRunning.idl
[3.720s] -- Up-to-date symlink: /home/ros2-user/ros2_workspace/robotics-v1/install/ur_dashboard_msgs/share/ur_dashboard_msgs/srv/IsProgramSaved.idl
[3.722s] -- Up-to-date symlink: /home/ros2-user/ros2_workspace/robotics-v1/install/ur_dashboard_msgs/share/ur_dashboard_msgs/srv/Load.idl
[3.726s] -- Up-to-date symlink: /home/ros2-user/ros2_workspace/robotics-v1/install/ur_dashboard_msgs/share/ur_dashboard_msgs/srv/Popup.idl
[3.734s] -- Up-to-date symlink: /home/ros2-user/ros2_workspace/robotics-v1/install/ur_dashboard_msgs/share/ur_dashboard_msgs/srv/RawRequest.idl
[3.734s] -- Up-to-date symlink: /home/ros2-user/ros2_workspace/robotics-v1/install/ur_dashboard_msgs/share/ur_dashboard_msgs/action/SetMode.idl
[3.735s] -- Up-to-date symlink: /home/ros2-user/ros2_workspace/robotics-v1/install/ur_dashboard_msgs/share/ur_dashboard_msgs/msg/ProgramState.msg
[3.735s] -- Up-to-date symlink: /home/ros2-user/ros2_workspace/robotics-v1/install/ur_dashboard_msgs/share/ur_dashboard_msgs/msg/RobotMode.msg
[3.735s] -- Up-to-date symlink: /home/ros2-user/ros2_workspace/robotics-v1/install/ur_dashboard_msgs/share/ur_dashboard_msgs/msg/SafetyMode.msg
[3.735s] -- Up-to-date symlink: /home/ros2-user/ros2_workspace/robotics-v1/install/ur_dashboard_msgs/share/ur_dashboard_msgs/srv/AddToLog.srv
[3.736s] -- Up-to-date symlink: /home/ros2-user/ros2_workspace/robotics-v1/install/ur_dashboard_msgs/share/ur_dashboard_msgs/srv/AddToLog_Request.msg
[3.736s] -- Up-to-date symlink: /home/ros2-user/ros2_workspace/robotics-v1/install/ur_dashboard_msgs/share/ur_dashboard_msgs/srv/AddToLog_Response.msg
[3.736s] -- Up-to-date symlink: /home/ros2-user/ros2_workspace/robotics-v1/install/ur_dashboard_msgs/share/ur_dashboard_msgs/srv/GetLoadedProgram.srv
[3.736s] -- Up-to-date symlink: /home/ros2-user/ros2_workspace/robotics-v1/install/ur_dashboard_msgs/share/ur_dashboard_msgs/srv/GetLoadedProgram_Request.msg
[3.737s] -- Up-to-date symlink: /home/ros2-user/ros2_workspace/robotics-v1/install/ur_dashboard_msgs/share/ur_dashboard_msgs/srv/GetLoadedProgram_Response.msg
[3.737s] -- Up-to-date symlink: /home/ros2-user/ros2_workspace/robotics-v1/install/ur_dashboard_msgs/share/ur_dashboard_msgs/srv/GetProgramState.srv
[3.737s] -- Up-to-date symlink: /home/ros2-user/ros2_workspace/robotics-v1/install/ur_dashboard_msgs/share/ur_dashboard_msgs/srv/GetProgramState_Request.msg
[3.737s] -- Up-to-date symlink: /home/ros2-user/ros2_workspace/robotics-v1/install/ur_dashboard_msgs/share/ur_dashboard_msgs/srv/GetProgramState_Response.msg
[3.738s] -- Up-to-date symlink: /home/ros2-user/ros2_workspace/robotics-v1/install/ur_dashboard_msgs/share/ur_dashboard_msgs/srv/GetRobotMode.srv
[3.738s] -- Up-to-date symlink: /home/ros2-user/ros2_workspace/robotics-v1/install/ur_dashboard_msgs/share/ur_dashboard_msgs/srv/GetRobotMode_Request.msg
[3.738s] -- Up-to-date symlink: /home/ros2-user/ros2_workspace/robotics-v1/install/ur_dashboard_msgs/share/ur_dashboard_msgs/srv/GetRobotMode_Response.msg
[3.739s] -- Up-to-date symlink: /home/ros2-user/ros2_workspace/robotics-v1/install/ur_dashboard_msgs/share/ur_dashboard_msgs/srv/GetSafetyMode.srv
[3.739s] -- Up-to-date symlink: /home/ros2-user/ros2_workspace/robotics-v1/install/ur_dashboard_msgs/share/ur_dashboard_msgs/srv/GetSafetyMode_Request.msg
[3.739s] -- Up-to-date symlink: /home/ros2-user/ros2_workspace/robotics-v1/install/ur_dashboard_msgs/share/ur_dashboard_msgs/srv/GetSafetyMode_Response.msg
[3.739s] -- Up-to-date symlink: /home/ros2-user/ros2_workspace/robotics-v1/install/ur_dashboard_msgs/share/ur_dashboard_msgs/srv/IsProgramRunning.srv
[3.739s] -- Up-to-date symlink: /home/ros2-user/ros2_workspace/robotics-v1/install/ur_dashboard_msgs/share/ur_dashboard_msgs/srv/IsProgramRunning_Request.msg
[3.740s] -- Up-to-date symlink: /home/ros2-user/ros2_workspace/robotics-v1/install/ur_dashboard_msgs/share/ur_dashboard_msgs/srv/IsProgramRunning_Response.msg
[3.742s] -- Up-to-date symlink: /home/ros2-user/ros2_workspace/robotics-v1/install/ur_dashboard_msgs/share/ur_dashboard_msgs/srv/IsProgramSaved.srv
[3.743s] -- Up-to-date symlink: /home/ros2-user/ros2_workspace/robotics-v1/install/ur_dashboard_msgs/share/ur_dashboard_msgs/srv/IsProgramSaved_Request.msg
[3.755s] -- Up-to-date symlink: /home/ros2-user/ros2_workspace/robotics-v1/install/ur_dashboard_msgs/share/ur_dashboard_msgs/srv/IsProgramSaved_Response.msg
[3.755s] -- Up-to-date symlink: /home/ros2-user/ros2_workspace/robotics-v1/install/ur_dashboard_msgs/share/ur_dashboard_msgs/srv/Load.srv
[3.756s] -- Up-to-date symlink: /home/ros2-user/ros2_workspace/robotics-v1/install/ur_dashboard_msgs/share/ur_dashboard_msgs/srv/Load_Request.msg
[3.756s] -- Up-to-date symlink: /home/ros2-user/ros2_workspace/robotics-v1/install/ur_dashboard_msgs/share/ur_dashboard_msgs/srv/Load_Response.msg
[3.756s] -- Up-to-date symlink: /home/ros2-user/ros2_workspace/robotics-v1/install/ur_dashboard_msgs/share/ur_dashboard_msgs/srv/Popup.srv
[3.756s] -- Up-to-date symlink: /home/ros2-user/ros2_workspace/robotics-v1/install/ur_dashboard_msgs/share/ur_dashboard_msgs/srv/Popup_Request.msg
[3.756s] -- Up-to-date symlink: /home/ros2-user/ros2_workspace/robotics-v1/install/ur_dashboard_msgs/share/ur_dashboard_msgs/srv/Popup_Response.msg
[3.757s] -- Up-to-date symlink: /home/ros2-user/ros2_workspace/robotics-v1/install/ur_dashboard_msgs/share/ur_dashboard_msgs/srv/RawRequest.srv
[3.757s] -- Up-to-date symlink: /home/ros2-user/ros2_workspace/robotics-v1/install/ur_dashboard_msgs/share/ur_dashboard_msgs/srv/RawRequest_Request.msg
[3.757s] -- Up-to-date symlink: /home/ros2-user/ros2_workspace/robotics-v1/install/ur_dashboard_msgs/share/ur_dashboard_msgs/srv/RawRequest_Response.msg
[3.757s] -- Up-to-date symlink: /home/ros2-user/ros2_workspace/robotics-v1/install/ur_dashboard_msgs/share/ur_dashboard_msgs/action/SetMode.action
[3.757s] -- Up-to-date symlink: /home/ros2-user/ros2_workspace/robotics-v1/install/ur_dashboard_msgs/share/ament_index/resource_index/package_run_dependencies/ur_dashboard_msgs
[3.758s] -- Up-to-date symlink: /home/ros2-user/ros2_workspace/robotics-v1/install/ur_dashboard_msgs/share/ament_index/resource_index/parent_prefix_path/ur_dashboard_msgs
[3.758s] -- Up-to-date symlink: /home/ros2-user/ros2_workspace/robotics-v1/install/ur_dashboard_msgs/share/ur_dashboard_msgs/environment/ament_prefix_path.sh
[3.758s] -- Up-to-date symlink: /home/ros2-user/ros2_workspace/robotics-v1/install/ur_dashboard_msgs/share/ur_dashboard_msgs/environment/ament_prefix_path.dsv
[3.758s] -- Up-to-date symlink: /home/ros2-user/ros2_workspace/robotics-v1/install/ur_dashboard_msgs/share/ur_dashboard_msgs/environment/path.sh
[3.758s] -- Up-to-date symlink: /home/ros2-user/ros2_workspace/robotics-v1/install/ur_dashboard_msgs/share/ur_dashboard_msgs/environment/path.dsv
[3.758s] -- Up-to-date symlink: /home/ros2-user/ros2_workspace/robotics-v1/install/ur_dashboard_msgs/share/ur_dashboard_msgs/local_setup.bash
[3.759s] -- Up-to-date symlink: /home/ros2-user/ros2_workspace/robotics-v1/install/ur_dashboard_msgs/share/ur_dashboard_msgs/local_setup.sh
[3.759s] -- Up-to-date symlink: /home/ros2-user/ros2_workspace/robotics-v1/install/ur_dashboard_msgs/share/ur_dashboard_msgs/local_setup.zsh
[3.759s] -- Up-to-date symlink: /home/ros2-user/ros2_workspace/robotics-v1/install/ur_dashboard_msgs/share/ur_dashboard_msgs/local_setup.dsv
[3.759s] -- Symlinking: /home/ros2-user/ros2_workspace/robotics-v1/install/ur_dashboard_msgs/share/ur_dashboard_msgs/package.dsv
[3.761s] -- Up-to-date symlink: /home/ros2-user/ros2_workspace/robotics-v1/install/ur_dashboard_msgs/share/ament_index/resource_index/packages/ur_dashboard_msgs
[3.761s] -- Up-to-date symlink: /home/ros2-user/ros2_workspace/robotics-v1/install/ur_dashboard_msgs/share/ur_dashboard_msgs/cmake/rosidl_cmake-extras.cmake
[3.761s] -- Up-to-date symlink: /home/ros2-user/ros2_workspace/robotics-v1/install/ur_dashboard_msgs/share/ur_dashboard_msgs/cmake/ament_cmake_export_dependencies-extras.cmake
[3.761s] -- Up-to-date symlink: /home/ros2-user/ros2_workspace/robotics-v1/install/ur_dashboard_msgs/share/ur_dashboard_msgs/cmake/ament_cmake_export_libraries-extras.cmake
[3.761s] -- Up-to-date symlink: /home/ros2-user/ros2_workspace/robotics-v1/install/ur_dashboard_msgs/share/ur_dashboard_msgs/cmake/ament_cmake_export_targets-extras.cmake
[3.762s] -- Up-to-date symlink: /home/ros2-user/ros2_workspace/robotics-v1/install/ur_dashboard_msgs/share/ur_dashboard_msgs/cmake/ament_cmake_export_include_directories-extras.cmake
[3.762s] -- Up-to-date symlink: /home/ros2-user/ros2_workspace/robotics-v1/install/ur_dashboard_msgs/share/ur_dashboard_msgs/cmake/rosidl_cmake_export_typesupport_libraries-extras.cmake
[3.762s] -- Up-to-date symlink: /home/ros2-user/ros2_workspace/robotics-v1/install/ur_dashboard_msgs/share/ur_dashboard_msgs/cmake/rosidl_cmake_export_typesupport_targets-extras.cmake
[3.762s] -- Up-to-date symlink: /home/ros2-user/ros2_workspace/robotics-v1/install/ur_dashboard_msgs/share/ur_dashboard_msgs/cmake/ur_dashboard_msgsConfig.cmake
[3.762s] -- Up-to-date symlink: /home/ros2-user/ros2_workspace/robotics-v1/install/ur_dashboard_msgs/share/ur_dashboard_msgs/cmake/ur_dashboard_msgsConfig-version.cmake
[3.762s] -- Up-to-date symlink: /home/ros2-user/ros2_workspace/robotics-v1/install/ur_dashboard_msgs/share/ur_dashboard_msgs/package.xml
[3.762s] -- Up-to-date: /home/ros2-user/ros2_workspace/robotics-v1/install/ur_dashboard_msgs/lib/libur_dashboard_msgs__rosidl_generator_c.so
[3.763s] -- Up-to-date: /home/ros2-user/ros2_workspace/robotics-v1/install/ur_dashboard_msgs/lib/libur_dashboard_msgs__rosidl_typesupport_introspection_c.so
[3.763s] -- Up-to-date: /home/ros2-user/ros2_workspace/robotics-v1/install/ur_dashboard_msgs/lib/libur_dashboard_msgs__rosidl_typesupport_c.so
[3.763s] -- Up-to-date: /home/ros2-user/ros2_workspace/robotics-v1/install/ur_dashboard_msgs/lib/libur_dashboard_msgs__rosidl_typesupport_introspection_cpp.so
[3.763s] -- Up-to-date: /home/ros2-user/ros2_workspace/robotics-v1/install/ur_dashboard_msgs/lib/libur_dashboard_msgs__rosidl_typesupport_cpp.so
[3.799s] Compiling '/home/ros2-user/ros2_workspace/robotics-v1/install/ur_dashboard_msgs/lib/python3.8/site-packages/ur_dashboard_msgs/__init__.py'...
[3.799s] -- Up-to-date: /home/ros2-user/ros2_workspace/robotics-v1/install/ur_dashboard_msgs/share/ur_dashboard_msgs/cmake/ur_dashboard_msgs__rosidl_generator_cExport.cmake
[3.799s] -- Installing: /home/ros2-user/ros2_workspace/robotics-v1/install/ur_dashboard_msgs/share/ur_dashboard_msgs/cmake/ur_dashboard_msgs__rosidl_generator_cExport-debug.cmake
[3.805s] -- Up-to-date: /home/ros2-user/ros2_workspace/robotics-v1/install/ur_dashboard_msgs/share/ur_dashboard_msgs/cmake/ur_dashboard_msgs__rosidl_typesupport_introspection_cExport.cmake
[3.805s] -- Installing: /home/ros2-user/ros2_workspace/robotics-v1/install/ur_dashboard_msgs/share/ur_dashboard_msgs/cmake/ur_dashboard_msgs__rosidl_typesupport_introspection_cExport-debug.cmake
[3.806s] -- Up-to-date: /home/ros2-user/ros2_workspace/robotics-v1/install/ur_dashboard_msgs/share/ur_dashboard_msgs/cmake/ur_dashboard_msgs__rosidl_typesupport_cExport.cmake
[3.807s] -- Installing: /home/ros2-user/ros2_workspace/robotics-v1/install/ur_dashboard_msgs/share/ur_dashboard_msgs/cmake/ur_dashboard_msgs__rosidl_typesupport_cExport-debug.cmake
[3.807s] -- Up-to-date: /home/ros2-user/ros2_workspace/robotics-v1/install/ur_dashboard_msgs/share/ur_dashboard_msgs/cmake/ur_dashboard_msgs__rosidl_generator_cppExport.cmake
[3.808s] -- Up-to-date: /home/ros2-user/ros2_workspace/robotics-v1/install/ur_dashboard_msgs/share/ur_dashboard_msgs/cmake/ur_dashboard_msgs__rosidl_typesupport_introspection_cppExport.cmake
[3.812s] -- Installing: /home/ros2-user/ros2_workspace/robotics-v1/install/ur_dashboard_msgs/share/ur_dashboard_msgs/cmake/ur_dashboard_msgs__rosidl_typesupport_introspection_cppExport-debug.cmake
[3.812s] -- Up-to-date: /home/ros2-user/ros2_workspace/robotics-v1/install/ur_dashboard_msgs/share/ur_dashboard_msgs/cmake/ur_dashboard_msgs__rosidl_typesupport_cppExport.cmake
[3.813s] -- Installing: /home/ros2-user/ros2_workspace/robotics-v1/install/ur_dashboard_msgs/share/ur_dashboard_msgs/cmake/ur_dashboard_msgs__rosidl_typesupport_cppExport-debug.cmake
[3.816s] Invoked command in '/home/ros2-user/ros2_workspace/robotics-v1/build/ur_dashboard_msgs' returned '0': CMAKE_PREFIX_PATH=/opt/ros/foxy /usr/bin/cmake --install /home/ros2-user/ros2_workspace/robotics-v1/build/ur_dashboard_msgs
