[0.412s] Invoking command in '/home/ros2-user/ros2_workspace/robotics-v1/build/robo_common': CMAKE_PREFIX_PATH=/home/ros2-user/ros2_workspace/robotics-v1/install/manager_utils:/home/ros2-user/ros2_workspace/robotics-v1/install/sdl_utils:/home/ros2-user/ros2_workspace/robotics-v1/install/resource_utils:/home/ros2-user/ros2_workspace/robotics-v1/install/utils:/home/ros2-user/ros2_workspace/robotics-v1/install/cmake_helpers:/opt/ros/foxy PKG_CONFIG_PATH=/home/ros2-user/ros2_workspace/robotics-v1/install/manager_utils/lib/x86_64-linux-gnu/pkgconfig:/home/ros2-user/ros2_workspace/robotics-v1/install/manager_utils/lib/pkgconfig:/home/ros2-user/ros2_workspace/robotics-v1/install/sdl_utils/lib/x86_64-linux-gnu/pkgconfig:/home/ros2-user/ros2_workspace/robotics-v1/install/sdl_utils/lib/pkgconfig:/home/ros2-user/ros2_workspace/robotics-v1/install/resource_utils/lib/x86_64-linux-gnu/pkgconfig:/home/ros2-user/ros2_workspace/robotics-v1/install/resource_utils/lib/pkgconfig:/home/ros2-user/ros2_workspace/robotics-v1/install/utils/lib/x86_64-linux-gnu/pkgconfig:/home/ros2-user/ros2_workspace/robotics-v1/install/utils/lib/pkgconfig:/home/ros2-user/ros2_workspace/robotics-v1/install/cmake_helpers/lib/x86_64-linux-gnu/pkgconfig:/home/ros2-user/ros2_workspace/robotics-v1/install/cmake_helpers/lib/pkgconfig /usr/bin/cmake /home/ros2-user/ros2_workspace/robotics-v1/src/robo_common -DCMAKE_BUILD_TYPE=Debug -DCMAKE_CXX_COMPILER=/usr/bin/g++ -DCMAKE_INSTALL_PREFIX=/home/ros2-user/ros2_workspace/robotics-v1/install/robo_common
[0.997s] -- The CXX compiler identification is GNU 9.4.0
[1.221s] -- Check for working CXX compiler: /usr/bin/g++
[2.170s] -- Check for working CXX compiler: /usr/bin/g++ -- works
[2.187s] -- Detecting CXX compiler ABI info
[3.329s] -- Detecting CXX compiler ABI info - done
[3.363s] -- Detecting CXX compile features
[3.364s] -- Detecting CXX compile features - done
[3.369s] -- Found cmake_helpers: 1.0.0 (/home/ros2-user/ros2_workspace/robotics-v1/install/cmake_helpers/share/cmake_helpers/cmake)
[3.379s] -- Looking for C++ include pthread.h
[3.739s] -- Looking for C++ include pthread.h - found
[3.740s] -- Performing Test CMAKE_HAVE_LIBC_PTHREAD
[3.980s] -- Performing Test CMAKE_HAVE_LIBC_PTHREAD - Failed
[3.981s] -- Looking for pthread_create in pthreads
[4.884s] -- Looking for pthread_create in pthreads - not found
[4.884s] -- Looking for pthread_create in pthread
[5.882s] -- Looking for pthread_create in pthread - found
[5.884s] -- Found Threads: TRUE  
[5.895s] -- Found ament_cmake: 0.9.11 (/opt/ros/foxy/share/ament_cmake/cmake)
[5.957s] -- Found PythonInterp: /usr/bin/python3 (found suitable version "3.8.10", minimum required is "3") 
[5.959s] -- Using PYTHON_EXECUTABLE: /usr/bin/python3
[6.732s] -- Configuring done
[6.773s] -- Generating done
[6.780s] -- Build files have been written to: /home/ros2-user/ros2_workspace/robotics-v1/build/robo_common
[6.797s] Invoked command in '/home/ros2-user/ros2_workspace/robotics-v1/build/robo_common' returned '0': CMAKE_PREFIX_PATH=/home/ros2-user/ros2_workspace/robotics-v1/install/manager_utils:/home/ros2-user/ros2_workspace/robotics-v1/install/sdl_utils:/home/ros2-user/ros2_workspace/robotics-v1/install/resource_utils:/home/ros2-user/ros2_workspace/robotics-v1/install/utils:/home/ros2-user/ros2_workspace/robotics-v1/install/cmake_helpers:/opt/ros/foxy PKG_CONFIG_PATH=/home/ros2-user/ros2_workspace/robotics-v1/install/manager_utils/lib/x86_64-linux-gnu/pkgconfig:/home/ros2-user/ros2_workspace/robotics-v1/install/manager_utils/lib/pkgconfig:/home/ros2-user/ros2_workspace/robotics-v1/install/sdl_utils/lib/x86_64-linux-gnu/pkgconfig:/home/ros2-user/ros2_workspace/robotics-v1/install/sdl_utils/lib/pkgconfig:/home/ros2-user/ros2_workspace/robotics-v1/install/resource_utils/lib/x86_64-linux-gnu/pkgconfig:/home/ros2-user/ros2_workspace/robotics-v1/install/resource_utils/lib/pkgconfig:/home/ros2-user/ros2_workspace/robotics-v1/install/utils/lib/x86_64-linux-gnu/pkgconfig:/home/ros2-user/ros2_workspace/robotics-v1/install/utils/lib/pkgconfig:/home/ros2-user/ros2_workspace/robotics-v1/install/cmake_helpers/lib/x86_64-linux-gnu/pkgconfig:/home/ros2-user/ros2_workspace/robotics-v1/install/cmake_helpers/lib/pkgconfig /usr/bin/cmake /home/ros2-user/ros2_workspace/robotics-v1/src/robo_common -DCMAKE_BUILD_TYPE=Debug -DCMAKE_CXX_COMPILER=/usr/bin/g++ -DCMAKE_INSTALL_PREFIX=/home/ros2-user/ros2_workspace/robotics-v1/install/robo_common
[6.801s] Invoking command in '/home/ros2-user/ros2_workspace/robotics-v1/build/robo_common': CMAKE_PREFIX_PATH=/home/ros2-user/ros2_workspace/robotics-v1/install/manager_utils:/home/ros2-user/ros2_workspace/robotics-v1/install/sdl_utils:/home/ros2-user/ros2_workspace/robotics-v1/install/resource_utils:/home/ros2-user/ros2_workspace/robotics-v1/install/utils:/home/ros2-user/ros2_workspace/robotics-v1/install/cmake_helpers:/opt/ros/foxy PKG_CONFIG_PATH=/home/ros2-user/ros2_workspace/robotics-v1/install/manager_utils/lib/x86_64-linux-gnu/pkgconfig:/home/ros2-user/ros2_workspace/robotics-v1/install/manager_utils/lib/pkgconfig:/home/ros2-user/ros2_workspace/robotics-v1/install/sdl_utils/lib/x86_64-linux-gnu/pkgconfig:/home/ros2-user/ros2_workspace/robotics-v1/install/sdl_utils/lib/pkgconfig:/home/ros2-user/ros2_workspace/robotics-v1/install/resource_utils/lib/x86_64-linux-gnu/pkgconfig:/home/ros2-user/ros2_workspace/robotics-v1/install/resource_utils/lib/pkgconfig:/home/ros2-user/ros2_workspace/robotics-v1/install/utils/lib/x86_64-linux-gnu/pkgconfig:/home/ros2-user/ros2_workspace/robotics-v1/install/utils/lib/pkgconfig:/home/ros2-user/ros2_workspace/robotics-v1/install/cmake_helpers/lib/x86_64-linux-gnu/pkgconfig:/home/ros2-user/ros2_workspace/robotics-v1/install/cmake_helpers/lib/pkgconfig /usr/bin/cmake --build /home/ros2-user/ros2_workspace/robotics-v1/build/robo_common -- -j4 -l4
[7.542s] [35m[1mScanning dependencies of target robo_common[0m
[7.907s] [  3%] [32mBuilding CXX object CMakeFiles/robo_common.dir/src/layout/RoboCommonLayout.cpp.o[0m
[11.054s] [  6%] [32mBuilding CXX object CMakeFiles/robo_common.dir/src/layout/field/FieldUtils.cpp.o[0m
[12.029s] [ 10%] [32mBuilding CXX object CMakeFiles/robo_common.dir/src/layout/field/Tile.cpp.o[0m
[13.272s] [ 13%] [32mBuilding CXX object CMakeFiles/robo_common.dir/src/layout/field/ObjectApproachOverlay.cpp.o[0m
[14.533s] [ 17%] [32mBuilding CXX object CMakeFiles/robo_common.dir/src/layout/field/fog_of_war/FogOfWar.cpp.o[0m
[16.086s] [ 20%] [32mBuilding CXX object CMakeFiles/robo_common.dir/src/layout/field/fog_of_war/FogCollisionObject.cpp.o[0m
[17.404s] [ 24%] [32mBuilding CXX object CMakeFiles/robo_common.dir/src/layout/field/obstacles/Obstacle.cpp.o[0m
[18.548s] [ 27%] [32mBuilding CXX object CMakeFiles/robo_common.dir/src/layout/field/obstacles/ObstacleHandler.cpp.o[0m
[19.903s] [ 31%] [32mBuilding CXX object CMakeFiles/robo_common.dir/src/layout/panels/TimePanel.cpp.o[0m
[21.519s] [ 34%] [32mBuilding CXX object CMakeFiles/robo_common.dir/src/layout/panels/NumberCounterPanel.cpp.o[0m
[23.616s] [ 37%] [32mBuilding CXX object CMakeFiles/robo_common.dir/src/layout/panels/IndicatorPanel.cpp.o[0m
[25.362s] [ 41%] [32mBuilding CXX object CMakeFiles/robo_common.dir/src/layout/debug/DebugField.cpp.o[0m
[26.640s] [ 44%] [32mBuilding CXX object CMakeFiles/robo_common.dir/src/layout/entities/robot/Robot.cpp.o[0m
[27.794s] [ 48%] [32mBuilding CXX object CMakeFiles/robo_common.dir/src/layout/entities/robot/helpers/RobotInitHelper.cpp.o[0m
[29.638s] [ 51%] [32mBuilding CXX object CMakeFiles/robo_common.dir/src/layout/entities/robot/helpers/RobotUtils.cpp.o[0m
[30.381s] [ 55%] [32mBuilding CXX object CMakeFiles/robo_common.dir/src/layout/entities/robot/animation/RobotAnimator.cpp.o[0m
[32.010s] [ 58%] [32mBuilding CXX object CMakeFiles/robo_common.dir/src/layout/entities/robot/animation/RobotAnimEndCb.cpp.o[0m
[33.129s] [ 62%] [32mBuilding CXX object CMakeFiles/robo_common.dir/src/layout/entities/robot/animation/PlayerDamageAnimEndCb.cpp.o[0m
[34.171s] [ 65%] [32mBuilding CXX object CMakeFiles/robo_common.dir/src/layout/animators/GameEndAnimator.cpp.o[0m
[35.961s] [ 68%] [32mBuilding CXX object CMakeFiles/robo_common.dir/src/layout/animators/AchievementAnimator.cpp.o[0m
[37.248s] [ 72%] [32mBuilding CXX object CMakeFiles/robo_common.dir/src/layout/animators/EndScreenAppearAnimator.cpp.o[0m
[38.635s] [ 75%] [32mBuilding CXX object CMakeFiles/robo_common.dir/src/layout/animators/CountdownAnimator.cpp.o[0m
[39.836s] [ 79%] [32mBuilding CXX object CMakeFiles/robo_common.dir/src/layout/animators/HelpPageAnimator.cpp.o[0m
[40.905s] [ 82%] [32mBuilding CXX object CMakeFiles/robo_common.dir/src/layout/helpers/RoboCommonLayoutInitHelper.cpp.o[0m
[43.497s] [ 86%] [32mBuilding CXX object CMakeFiles/robo_common.dir/src/helpers/CollisionWatcher.cpp.o[0m
[44.872s] [ 89%] [32mBuilding CXX object CMakeFiles/robo_common.dir/src/helpers/LevelFileLoader.cpp.o[0m
[46.344s] [ 93%] [32mBuilding CXX object CMakeFiles/robo_common.dir/src/layout/field/FieldPos.cpp.o[0m
[46.460s] [ 96%] [32mBuilding CXX object CMakeFiles/robo_common.dir/src/layout/field/Field.cpp.o[0m
[48.086s] [100%] [32m[1mLinking CXX static library librobo_common.a[0m
[49.029s] [100%] Built target robo_common
[49.065s] Invoked command in '/home/ros2-user/ros2_workspace/robotics-v1/build/robo_common' returned '0': CMAKE_PREFIX_PATH=/home/ros2-user/ros2_workspace/robotics-v1/install/manager_utils:/home/ros2-user/ros2_workspace/robotics-v1/install/sdl_utils:/home/ros2-user/ros2_workspace/robotics-v1/install/resource_utils:/home/ros2-user/ros2_workspace/robotics-v1/install/utils:/home/ros2-user/ros2_workspace/robotics-v1/install/cmake_helpers:/opt/ros/foxy PKG_CONFIG_PATH=/home/ros2-user/ros2_workspace/robotics-v1/install/manager_utils/lib/x86_64-linux-gnu/pkgconfig:/home/ros2-user/ros2_workspace/robotics-v1/install/manager_utils/lib/pkgconfig:/home/ros2-user/ros2_workspace/robotics-v1/install/sdl_utils/lib/x86_64-linux-gnu/pkgconfig:/home/ros2-user/ros2_workspace/robotics-v1/install/sdl_utils/lib/pkgconfig:/home/ros2-user/ros2_workspace/robotics-v1/install/resource_utils/lib/x86_64-linux-gnu/pkgconfig:/home/ros2-user/ros2_workspace/robotics-v1/install/resource_utils/lib/pkgconfig:/home/ros2-user/ros2_workspace/robotics-v1/install/utils/lib/x86_64-linux-gnu/pkgconfig:/home/ros2-user/ros2_workspace/robotics-v1/install/utils/lib/pkgconfig:/home/ros2-user/ros2_workspace/robotics-v1/install/cmake_helpers/lib/x86_64-linux-gnu/pkgconfig:/home/ros2-user/ros2_workspace/robotics-v1/install/cmake_helpers/lib/pkgconfig /usr/bin/cmake --build /home/ros2-user/ros2_workspace/robotics-v1/build/robo_common -- -j4 -l4
[49.332s] Invoking command in '/home/ros2-user/ros2_workspace/robotics-v1/build/robo_common': CMAKE_PREFIX_PATH=/home/ros2-user/ros2_workspace/robotics-v1/install/manager_utils:/home/ros2-user/ros2_workspace/robotics-v1/install/sdl_utils:/home/ros2-user/ros2_workspace/robotics-v1/install/resource_utils:/home/ros2-user/ros2_workspace/robotics-v1/install/utils:/home/ros2-user/ros2_workspace/robotics-v1/install/cmake_helpers:/opt/ros/foxy PKG_CONFIG_PATH=/home/ros2-user/ros2_workspace/robotics-v1/install/manager_utils/lib/x86_64-linux-gnu/pkgconfig:/home/ros2-user/ros2_workspace/robotics-v1/install/manager_utils/lib/pkgconfig:/home/ros2-user/ros2_workspace/robotics-v1/install/sdl_utils/lib/x86_64-linux-gnu/pkgconfig:/home/ros2-user/ros2_workspace/robotics-v1/install/sdl_utils/lib/pkgconfig:/home/ros2-user/ros2_workspace/robotics-v1/install/resource_utils/lib/x86_64-linux-gnu/pkgconfig:/home/ros2-user/ros2_workspace/robotics-v1/install/resource_utils/lib/pkgconfig:/home/ros2-user/ros2_workspace/robotics-v1/install/utils/lib/x86_64-linux-gnu/pkgconfig:/home/ros2-user/ros2_workspace/robotics-v1/install/utils/lib/pkgconfig:/home/ros2-user/ros2_workspace/robotics-v1/install/cmake_helpers/lib/x86_64-linux-gnu/pkgconfig:/home/ros2-user/ros2_workspace/robotics-v1/install/cmake_helpers/lib/pkgconfig /usr/bin/cmake --install /home/ros2-user/ros2_workspace/robotics-v1/build/robo_common
[49.372s] -- Install configuration: "Debug"
[49.373s] -- Installing: /home/ros2-user/ros2_workspace/robotics-v1/install/robo_common/share/robo_common/package.xml
[49.373s] -- Installing: /home/ros2-user/ros2_workspace/robotics-v1/install/robo_common/lib/robo_common/librobo_common.a
[49.404s] -- Installing: /home/ros2-user/ros2_workspace/robotics-v1/install/robo_common/share/ament_index/resource_index/packages/robo_common
[49.405s] -- Installing: /home/ros2-user/ros2_workspace/robotics-v1/install/robo_common/share/robo_common/hook/ament_prefix_path.dsv
[49.407s] -- Installing: /home/ros2-user/ros2_workspace/robotics-v1/install/robo_common/share/robo_common/hook/ros_package_path.dsv
[49.407s] -- Installing: /home/ros2-user/ros2_workspace/robotics-v1/install/robo_common/share/ament_index/resource_index/package_run_dependencies/robo_common
[49.408s] -- Installing: /home/ros2-user/ros2_workspace/robotics-v1/install/robo_common/share/ament_index/resource_index/parent_prefix_path/robo_common
[49.409s] -- Installing: /home/ros2-user/ros2_workspace/robotics-v1/install/robo_common/share/robo_common/environment/ament_prefix_path.sh
[49.411s] -- Installing: /home/ros2-user/ros2_workspace/robotics-v1/install/robo_common/share/robo_common/environment/ament_prefix_path.dsv
[49.411s] -- Installing: /home/ros2-user/ros2_workspace/robotics-v1/install/robo_common/share/robo_common/environment/path.sh
[49.411s] -- Installing: /home/ros2-user/ros2_workspace/robotics-v1/install/robo_common/share/robo_common/environment/path.dsv
[49.411s] -- Installing: /home/ros2-user/ros2_workspace/robotics-v1/install/robo_common/share/robo_common/local_setup.bash
[49.412s] -- Installing: /home/ros2-user/ros2_workspace/robotics-v1/install/robo_common/share/robo_common/local_setup.sh
[49.412s] -- Installing: /home/ros2-user/ros2_workspace/robotics-v1/install/robo_common/share/robo_common/local_setup.zsh
[49.413s] -- Installing: /home/ros2-user/ros2_workspace/robotics-v1/install/robo_common/share/robo_common/local_setup.dsv
[49.413s] -- Installing: /home/ros2-user/ros2_workspace/robotics-v1/install/robo_common/share/robo_common/package.dsv
[49.413s] -- Up-to-date: /home/ros2-user/ros2_workspace/robotics-v1/install/robo_common/share/ament_index/resource_index/packages/robo_common
[49.415s] -- Installing: /home/ros2-user/ros2_workspace/robotics-v1/install/robo_common/share/robo_common/cmake/robo_commonConfig.cmake
[49.415s] -- Installing: /home/ros2-user/ros2_workspace/robotics-v1/install/robo_common/share/robo_common/cmake/robo_commonConfig-version.cmake
[49.415s] -- Up-to-date: /home/ros2-user/ros2_workspace/robotics-v1/install/robo_common/share/robo_common/package.xml
[49.415s] -- Installing: /home/ros2-user/ros2_workspace/robotics-v1/install/robo_common/lib/librobo_common.a
[49.485s] -- Installing: /home/ros2-user/ros2_workspace/robotics-v1/install/robo_common/include
[49.486s] -- Installing: /home/ros2-user/ros2_workspace/robotics-v1/install/robo_common/include/robo_common
[49.487s] -- Installing: /home/ros2-user/ros2_workspace/robotics-v1/install/robo_common/include/robo_common/helpers
[49.487s] -- Installing: /home/ros2-user/ros2_workspace/robotics-v1/install/robo_common/include/robo_common/helpers/CollisionObject.h
[49.488s] -- Installing: /home/ros2-user/ros2_workspace/robotics-v1/install/robo_common/include/robo_common/helpers/CollisionWatcher.h
[49.489s] -- Installing: /home/ros2-user/ros2_workspace/robotics-v1/install/robo_common/include/robo_common/helpers/LevelFileLoader.h
[49.490s] -- Installing: /home/ros2-user/ros2_workspace/robotics-v1/install/robo_common/include/robo_common/defines
[49.490s] -- Installing: /home/ros2-user/ros2_workspace/robotics-v1/install/robo_common/include/robo_common/defines/RoboCommonDefines.h
[49.492s] -- Installing: /home/ros2-user/ros2_workspace/robotics-v1/install/robo_common/include/robo_common/defines/RoboCommonFunctionalDefines.h
[49.492s] -- Installing: /home/ros2-user/ros2_workspace/robotics-v1/install/robo_common/include/robo_common/layout
[49.493s] -- Installing: /home/ros2-user/ros2_workspace/robotics-v1/install/robo_common/include/robo_common/layout/RoboCommonLayout.h
[49.498s] -- Installing: /home/ros2-user/ros2_workspace/robotics-v1/install/robo_common/include/robo_common/layout/config
[49.500s] -- Installing: /home/ros2-user/ros2_workspace/robotics-v1/install/robo_common/include/robo_common/layout/config/RoboCommonLayoutConfig.h
[49.501s] -- Installing: /home/ros2-user/ros2_workspace/robotics-v1/install/robo_common/include/robo_common/layout/entities
[49.511s] -- Installing: /home/ros2-user/ros2_workspace/robotics-v1/install/robo_common/include/robo_common/layout/entities/robot
[49.519s] -- Installing: /home/ros2-user/ros2_workspace/robotics-v1/install/robo_common/include/robo_common/layout/entities/robot/config
[49.520s] -- Installing: /home/ros2-user/ros2_workspace/robotics-v1/install/robo_common/include/robo_common/layout/entities/robot/config/RobotBaseConfig.h
[49.522s] -- Installing: /home/ros2-user/ros2_workspace/robotics-v1/install/robo_common/include/robo_common/layout/entities/robot/helpers
[49.534s] -- Installing: /home/ros2-user/ros2_workspace/robotics-v1/install/robo_common/include/robo_common/layout/entities/robot/helpers/RobotUtils.h
[49.534s] -- Installing: /home/ros2-user/ros2_workspace/robotics-v1/install/robo_common/include/robo_common/layout/entities/robot/helpers/RobotInitHelper.h
[49.534s] -- Installing: /home/ros2-user/ros2_workspace/robotics-v1/install/robo_common/include/robo_common/layout/entities/robot/helpers/RobotActInterface.h
[49.536s] -- Installing: /home/ros2-user/ros2_workspace/robotics-v1/install/robo_common/include/robo_common/layout/entities/robot/Robot.h
[49.540s] -- Installing: /home/ros2-user/ros2_workspace/robotics-v1/install/robo_common/include/robo_common/layout/entities/robot/animation
[49.541s] -- Installing: /home/ros2-user/ros2_workspace/robotics-v1/install/robo_common/include/robo_common/layout/entities/robot/animation/RobotAnimator.h
[49.542s] -- Installing: /home/ros2-user/ros2_workspace/robotics-v1/install/robo_common/include/robo_common/layout/entities/robot/animation/PlayerDamageAnimEndCb.h
[49.544s] -- Installing: /home/ros2-user/ros2_workspace/robotics-v1/install/robo_common/include/robo_common/layout/entities/robot/animation/RobotAnimEndCb.h
[49.546s] -- Installing: /home/ros2-user/ros2_workspace/robotics-v1/install/robo_common/include/robo_common/layout/animators
[49.547s] -- Installing: /home/ros2-user/ros2_workspace/robotics-v1/install/robo_common/include/robo_common/layout/animators/AchievementAnimator.h
[49.548s] -- Installing: /home/ros2-user/ros2_workspace/robotics-v1/install/robo_common/include/robo_common/layout/animators/HelpPageAnimator.h
[49.549s] -- Installing: /home/ros2-user/ros2_workspace/robotics-v1/install/robo_common/include/robo_common/layout/animators/config
[49.550s] -- Installing: /home/ros2-user/ros2_workspace/robotics-v1/install/robo_common/include/robo_common/layout/animators/config/HelpPageAnimatorConfig.h
[49.551s] -- Installing: /home/ros2-user/ros2_workspace/robotics-v1/install/robo_common/include/robo_common/layout/animators/config/AchievementAnimatorConfig.h
[49.554s] -- Installing: /home/ros2-user/ros2_workspace/robotics-v1/install/robo_common/include/robo_common/layout/animators/config/GameEndAnimatorConfig.h
[49.555s] -- Installing: /home/ros2-user/ros2_workspace/robotics-v1/install/robo_common/include/robo_common/layout/animators/GameEndAnimator.h
[49.559s] -- Installing: /home/ros2-user/ros2_workspace/robotics-v1/install/robo_common/include/robo_common/layout/animators/EndScreenAppearAnimator.h
[49.563s] -- Installing: /home/ros2-user/ros2_workspace/robotics-v1/install/robo_common/include/robo_common/layout/animators/CountdownAnimator.h
[49.566s] -- Installing: /home/ros2-user/ros2_workspace/robotics-v1/install/robo_common/include/robo_common/layout/debug
[49.567s] -- Installing: /home/ros2-user/ros2_workspace/robotics-v1/install/robo_common/include/robo_common/layout/debug/config
[49.568s] -- Installing: /home/ros2-user/ros2_workspace/robotics-v1/install/robo_common/include/robo_common/layout/debug/config/DebugFieldConfig.h
[49.568s] -- Installing: /home/ros2-user/ros2_workspace/robotics-v1/install/robo_common/include/robo_common/layout/debug/DebugField.h
[49.569s] -- Installing: /home/ros2-user/ros2_workspace/robotics-v1/install/robo_common/include/robo_common/layout/helpers
[49.569s] -- Installing: /home/ros2-user/ros2_workspace/robotics-v1/install/robo_common/include/robo_common/layout/helpers/RoboCommonLayoutInterfaces.h
[49.570s] -- Installing: /home/ros2-user/ros2_workspace/robotics-v1/install/robo_common/include/robo_common/layout/helpers/RoboCommonLayoutInitHelper.h
[49.571s] -- Installing: /home/ros2-user/ros2_workspace/robotics-v1/install/robo_common/include/robo_common/layout/field
[49.571s] -- Installing: /home/ros2-user/ros2_workspace/robotics-v1/install/robo_common/include/robo_common/layout/field/Tile.h
[49.574s] -- Installing: /home/ros2-user/ros2_workspace/robotics-v1/install/robo_common/include/robo_common/layout/field/fog_of_war
[49.576s] -- Installing: /home/ros2-user/ros2_workspace/robotics-v1/install/robo_common/include/robo_common/layout/field/fog_of_war/FogCollisionObject.h
[49.576s] -- Installing: /home/ros2-user/ros2_workspace/robotics-v1/install/robo_common/include/robo_common/layout/field/fog_of_war/FogOfWar.h
[49.577s] -- Installing: /home/ros2-user/ros2_workspace/robotics-v1/install/robo_common/include/robo_common/layout/field/config
[49.579s] -- Installing: /home/ros2-user/ros2_workspace/robotics-v1/install/robo_common/include/robo_common/layout/field/config/FieldConfig.h
[49.579s] -- Installing: /home/ros2-user/ros2_workspace/robotics-v1/install/robo_common/include/robo_common/layout/field/config/FogOfWarConfig.h
[49.579s] -- Installing: /home/ros2-user/ros2_workspace/robotics-v1/install/robo_common/include/robo_common/layout/field/config/ObstacleHandlerConfig.h
[49.580s] -- Installing: /home/ros2-user/ros2_workspace/robotics-v1/install/robo_common/include/robo_common/layout/field/config/TileConfig.h
[49.582s] -- Installing: /home/ros2-user/ros2_workspace/robotics-v1/install/robo_common/include/robo_common/layout/field/ObjectApproachOverlay.h
[49.583s] -- Installing: /home/ros2-user/ros2_workspace/robotics-v1/install/robo_common/include/robo_common/layout/field/FieldPos.h
[49.583s] -- Installing: /home/ros2-user/ros2_workspace/robotics-v1/install/robo_common/include/robo_common/layout/field/FieldUtils.h
[49.583s] -- Installing: /home/ros2-user/ros2_workspace/robotics-v1/install/robo_common/include/robo_common/layout/field/obstacles
[49.584s] -- Installing: /home/ros2-user/ros2_workspace/robotics-v1/install/robo_common/include/robo_common/layout/field/obstacles/ObstacleHandler.h
[49.584s] -- Installing: /home/ros2-user/ros2_workspace/robotics-v1/install/robo_common/include/robo_common/layout/field/obstacles/Obstacle.h
[49.585s] -- Installing: /home/ros2-user/ros2_workspace/robotics-v1/install/robo_common/include/robo_common/layout/field/Field.h
[49.585s] -- Installing: /home/ros2-user/ros2_workspace/robotics-v1/install/robo_common/include/robo_common/layout/panels
[49.585s] -- Installing: /home/ros2-user/ros2_workspace/robotics-v1/install/robo_common/include/robo_common/layout/panels/TimePanel.h
[49.585s] -- Installing: /home/ros2-user/ros2_workspace/robotics-v1/install/robo_common/include/robo_common/layout/panels/config
[49.585s] -- Installing: /home/ros2-user/ros2_workspace/robotics-v1/install/robo_common/include/robo_common/layout/panels/config/TimePanelConfig.h
[49.586s] -- Installing: /home/ros2-user/ros2_workspace/robotics-v1/install/robo_common/include/robo_common/layout/panels/config/NumberCounterPanelConfig.h
[49.586s] -- Installing: /home/ros2-user/ros2_workspace/robotics-v1/install/robo_common/include/robo_common/layout/panels/config/IndicatorPanelConfig.h
[49.587s] -- Installing: /home/ros2-user/ros2_workspace/robotics-v1/install/robo_common/include/robo_common/layout/panels/NumberCounterPanel.h
[49.589s] -- Installing: /home/ros2-user/ros2_workspace/robotics-v1/install/robo_common/include/robo_common/layout/panels/IndicatorPanel.h
[49.590s] -- Installing: /home/ros2-user/ros2_workspace/robotics-v1/install/robo_common/lib/cmake/robo_common/robo_commonTargets.cmake
[49.591s] -- Installing: /home/ros2-user/ros2_workspace/robotics-v1/install/robo_common/lib/cmake/robo_common/robo_commonTargets-debug.cmake
[49.591s] -- Installing: /home/ros2-user/ros2_workspace/robotics-v1/install/robo_common/lib/cmake/robo_common/robo_commonConfig.cmake
[49.592s] Invoked command in '/home/ros2-user/ros2_workspace/robotics-v1/build/robo_common' returned '0': CMAKE_PREFIX_PATH=/home/ros2-user/ros2_workspace/robotics-v1/install/manager_utils:/home/ros2-user/ros2_workspace/robotics-v1/install/sdl_utils:/home/ros2-user/ros2_workspace/robotics-v1/install/resource_utils:/home/ros2-user/ros2_workspace/robotics-v1/install/utils:/home/ros2-user/ros2_workspace/robotics-v1/install/cmake_helpers:/opt/ros/foxy PKG_CONFIG_PATH=/home/ros2-user/ros2_workspace/robotics-v1/install/manager_utils/lib/x86_64-linux-gnu/pkgconfig:/home/ros2-user/ros2_workspace/robotics-v1/install/manager_utils/lib/pkgconfig:/home/ros2-user/ros2_workspace/robotics-v1/install/sdl_utils/lib/x86_64-linux-gnu/pkgconfig:/home/ros2-user/ros2_workspace/robotics-v1/install/sdl_utils/lib/pkgconfig:/home/ros2-user/ros2_workspace/robotics-v1/install/resource_utils/lib/x86_64-linux-gnu/pkgconfig:/home/ros2-user/ros2_workspace/robotics-v1/install/resource_utils/lib/pkgconfig:/home/ros2-user/ros2_workspace/robotics-v1/install/utils/lib/x86_64-linux-gnu/pkgconfig:/home/ros2-user/ros2_workspace/robotics-v1/install/utils/lib/pkgconfig:/home/ros2-user/ros2_workspace/robotics-v1/install/cmake_helpers/lib/x86_64-linux-gnu/pkgconfig:/home/ros2-user/ros2_workspace/robotics-v1/install/cmake_helpers/lib/pkgconfig /usr/bin/cmake --install /home/ros2-user/ros2_workspace/robotics-v1/build/robo_common
