[0.067s] Invoking command in '/home/ros2-user/ros2_workspace/robotics-v1/build/manager_utils': CMAKE_PREFIX_PATH=/home/ros2-user/ros2_workspace/robotics-v1/install/sdl_utils:/home/ros2-user/ros2_workspace/robotics-v1/install/resource_utils:/home/ros2-user/ros2_workspace/robotics-v1/install/utils:/home/ros2-user/ros2_workspace/robotics-v1/install/cmake_helpers:/opt/ros/foxy PKG_CONFIG_PATH=/home/ros2-user/ros2_workspace/robotics-v1/install/sdl_utils/lib/x86_64-linux-gnu/pkgconfig:/home/ros2-user/ros2_workspace/robotics-v1/install/sdl_utils/lib/pkgconfig:/home/ros2-user/ros2_workspace/robotics-v1/install/resource_utils/lib/x86_64-linux-gnu/pkgconfig:/home/ros2-user/ros2_workspace/robotics-v1/install/resource_utils/lib/pkgconfig:/home/ros2-user/ros2_workspace/robotics-v1/install/utils/lib/x86_64-linux-gnu/pkgconfig:/home/ros2-user/ros2_workspace/robotics-v1/install/utils/lib/pkgconfig:/home/ros2-user/ros2_workspace/robotics-v1/install/cmake_helpers/lib/x86_64-linux-gnu/pkgconfig:/home/ros2-user/ros2_workspace/robotics-v1/install/cmake_helpers/lib/pkgconfig /usr/bin/cmake /home/ros2-user/ros2_workspace/robotics-v1/src/lib/manager_utils -DCMAKE_INSTALL_PREFIX=/home/ros2-user/ros2_workspace/robotics-v1/install/manager_utils
[0.095s] -- Found cmake_helpers: 1.0.0 (/home/ros2-user/ros2_workspace/robotics-v1/install/cmake_helpers/share/cmake_helpers/cmake)
[0.106s] -- Found ament_cmake: 0.9.11 (/opt/ros/foxy/share/ament_cmake/cmake)
[0.144s] -- Using PYTHON_EXECUTABLE: /usr/bin/python3
[0.497s] -- Configuring done
[0.522s] -- Generating done
[0.527s] -- Build files have been written to: /home/ros2-user/ros2_workspace/robotics-v1/build/manager_utils
[0.537s] Invoked command in '/home/ros2-user/ros2_workspace/robotics-v1/build/manager_utils' returned '0': CMAKE_PREFIX_PATH=/home/ros2-user/ros2_workspace/robotics-v1/install/sdl_utils:/home/ros2-user/ros2_workspace/robotics-v1/install/resource_utils:/home/ros2-user/ros2_workspace/robotics-v1/install/utils:/home/ros2-user/ros2_workspace/robotics-v1/install/cmake_helpers:/opt/ros/foxy PKG_CONFIG_PATH=/home/ros2-user/ros2_workspace/robotics-v1/install/sdl_utils/lib/x86_64-linux-gnu/pkgconfig:/home/ros2-user/ros2_workspace/robotics-v1/install/sdl_utils/lib/pkgconfig:/home/ros2-user/ros2_workspace/robotics-v1/install/resource_utils/lib/x86_64-linux-gnu/pkgconfig:/home/ros2-user/ros2_workspace/robotics-v1/install/resource_utils/lib/pkgconfig:/home/ros2-user/ros2_workspace/robotics-v1/install/utils/lib/x86_64-linux-gnu/pkgconfig:/home/ros2-user/ros2_workspace/robotics-v1/install/utils/lib/pkgconfig:/home/ros2-user/ros2_workspace/robotics-v1/install/cmake_helpers/lib/x86_64-linux-gnu/pkgconfig:/home/ros2-user/ros2_workspace/robotics-v1/install/cmake_helpers/lib/pkgconfig /usr/bin/cmake /home/ros2-user/ros2_workspace/robotics-v1/src/lib/manager_utils -DCMAKE_INSTALL_PREFIX=/home/ros2-user/ros2_workspace/robotics-v1/install/manager_utils
[0.538s] Invoking command in '/home/ros2-user/ros2_workspace/robotics-v1/build/manager_utils': CMAKE_PREFIX_PATH=/home/ros2-user/ros2_workspace/robotics-v1/install/sdl_utils:/home/ros2-user/ros2_workspace/robotics-v1/install/resource_utils:/home/ros2-user/ros2_workspace/robotics-v1/install/utils:/home/ros2-user/ros2_workspace/robotics-v1/install/cmake_helpers:/opt/ros/foxy PKG_CONFIG_PATH=/home/ros2-user/ros2_workspace/robotics-v1/install/sdl_utils/lib/x86_64-linux-gnu/pkgconfig:/home/ros2-user/ros2_workspace/robotics-v1/install/sdl_utils/lib/pkgconfig:/home/ros2-user/ros2_workspace/robotics-v1/install/resource_utils/lib/x86_64-linux-gnu/pkgconfig:/home/ros2-user/ros2_workspace/robotics-v1/install/resource_utils/lib/pkgconfig:/home/ros2-user/ros2_workspace/robotics-v1/install/utils/lib/x86_64-linux-gnu/pkgconfig:/home/ros2-user/ros2_workspace/robotics-v1/install/utils/lib/pkgconfig:/home/ros2-user/ros2_workspace/robotics-v1/install/cmake_helpers/lib/x86_64-linux-gnu/pkgconfig:/home/ros2-user/ros2_workspace/robotics-v1/install/cmake_helpers/lib/pkgconfig /usr/bin/cmake --build /home/ros2-user/ros2_workspace/robotics-v1/build/manager_utils -- -j4 -l4
[0.756s] [100%] Built target manager_utils
[0.903s] Invoked command in '/home/ros2-user/ros2_workspace/robotics-v1/build/manager_utils' returned '0': CMAKE_PREFIX_PATH=/home/ros2-user/ros2_workspace/robotics-v1/install/sdl_utils:/home/ros2-user/ros2_workspace/robotics-v1/install/resource_utils:/home/ros2-user/ros2_workspace/robotics-v1/install/utils:/home/ros2-user/ros2_workspace/robotics-v1/install/cmake_helpers:/opt/ros/foxy PKG_CONFIG_PATH=/home/ros2-user/ros2_workspace/robotics-v1/install/sdl_utils/lib/x86_64-linux-gnu/pkgconfig:/home/ros2-user/ros2_workspace/robotics-v1/install/sdl_utils/lib/pkgconfig:/home/ros2-user/ros2_workspace/robotics-v1/install/resource_utils/lib/x86_64-linux-gnu/pkgconfig:/home/ros2-user/ros2_workspace/robotics-v1/install/resource_utils/lib/pkgconfig:/home/ros2-user/ros2_workspace/robotics-v1/install/utils/lib/x86_64-linux-gnu/pkgconfig:/home/ros2-user/ros2_workspace/robotics-v1/install/utils/lib/pkgconfig:/home/ros2-user/ros2_workspace/robotics-v1/install/cmake_helpers/lib/x86_64-linux-gnu/pkgconfig:/home/ros2-user/ros2_workspace/robotics-v1/install/cmake_helpers/lib/pkgconfig /usr/bin/cmake --build /home/ros2-user/ros2_workspace/robotics-v1/build/manager_utils -- -j4 -l4
[1.103s] Invoking command in '/home/ros2-user/ros2_workspace/robotics-v1/build/manager_utils': CMAKE_PREFIX_PATH=/home/ros2-user/ros2_workspace/robotics-v1/install/sdl_utils:/home/ros2-user/ros2_workspace/robotics-v1/install/resource_utils:/home/ros2-user/ros2_workspace/robotics-v1/install/utils:/home/ros2-user/ros2_workspace/robotics-v1/install/cmake_helpers:/opt/ros/foxy PKG_CONFIG_PATH=/home/ros2-user/ros2_workspace/robotics-v1/install/sdl_utils/lib/x86_64-linux-gnu/pkgconfig:/home/ros2-user/ros2_workspace/robotics-v1/install/sdl_utils/lib/pkgconfig:/home/ros2-user/ros2_workspace/robotics-v1/install/resource_utils/lib/x86_64-linux-gnu/pkgconfig:/home/ros2-user/ros2_workspace/robotics-v1/install/resource_utils/lib/pkgconfig:/home/ros2-user/ros2_workspace/robotics-v1/install/utils/lib/x86_64-linux-gnu/pkgconfig:/home/ros2-user/ros2_workspace/robotics-v1/install/utils/lib/pkgconfig:/home/ros2-user/ros2_workspace/robotics-v1/install/cmake_helpers/lib/x86_64-linux-gnu/pkgconfig:/home/ros2-user/ros2_workspace/robotics-v1/install/cmake_helpers/lib/pkgconfig /usr/bin/cmake --install /home/ros2-user/ros2_workspace/robotics-v1/build/manager_utils
[1.124s] -- Install configuration: "Debug"
[1.125s] -- Up-to-date: /home/ros2-user/ros2_workspace/robotics-v1/install/manager_utils/share/manager_utils/package.xml
[1.125s] -- Up-to-date: /home/ros2-user/ros2_workspace/robotics-v1/install/manager_utils/lib/manager_utils/libmanager_utils.a
[1.125s] -- Installing: /home/ros2-user/ros2_workspace/robotics-v1/install/manager_utils/share/ament_index/resource_index/packages/manager_utils
[1.126s] -- Installing: /home/ros2-user/ros2_workspace/robotics-v1/install/manager_utils/share/manager_utils/hook/ament_prefix_path.dsv
[1.127s] -- Installing: /home/ros2-user/ros2_workspace/robotics-v1/install/manager_utils/share/manager_utils/hook/ros_package_path.dsv
[1.127s] -- Up-to-date: /home/ros2-user/ros2_workspace/robotics-v1/install/manager_utils/share/ament_index/resource_index/package_run_dependencies/manager_utils
[1.128s] -- Up-to-date: /home/ros2-user/ros2_workspace/robotics-v1/install/manager_utils/share/ament_index/resource_index/parent_prefix_path/manager_utils
[1.129s] -- Up-to-date: /home/ros2-user/ros2_workspace/robotics-v1/install/manager_utils/share/manager_utils/environment/ament_prefix_path.sh
[1.129s] -- Installing: /home/ros2-user/ros2_workspace/robotics-v1/install/manager_utils/share/manager_utils/environment/ament_prefix_path.dsv
[1.131s] -- Up-to-date: /home/ros2-user/ros2_workspace/robotics-v1/install/manager_utils/share/manager_utils/environment/path.sh
[1.131s] -- Installing: /home/ros2-user/ros2_workspace/robotics-v1/install/manager_utils/share/manager_utils/environment/path.dsv
[1.131s] -- Up-to-date: /home/ros2-user/ros2_workspace/robotics-v1/install/manager_utils/share/manager_utils/local_setup.bash
[1.133s] -- Up-to-date: /home/ros2-user/ros2_workspace/robotics-v1/install/manager_utils/share/manager_utils/local_setup.sh
[1.133s] -- Up-to-date: /home/ros2-user/ros2_workspace/robotics-v1/install/manager_utils/share/manager_utils/local_setup.zsh
[1.134s] -- Installing: /home/ros2-user/ros2_workspace/robotics-v1/install/manager_utils/share/manager_utils/local_setup.dsv
[1.136s] -- Installing: /home/ros2-user/ros2_workspace/robotics-v1/install/manager_utils/share/manager_utils/package.dsv
[1.137s] -- Installing: /home/ros2-user/ros2_workspace/robotics-v1/install/manager_utils/share/ament_index/resource_index/packages/manager_utils
[1.137s] -- Up-to-date: /home/ros2-user/ros2_workspace/robotics-v1/install/manager_utils/share/manager_utils/cmake/manager_utilsConfig.cmake
[1.137s] -- Up-to-date: /home/ros2-user/ros2_workspace/robotics-v1/install/manager_utils/share/manager_utils/cmake/manager_utilsConfig-version.cmake
[1.137s] -- Up-to-date: /home/ros2-user/ros2_workspace/robotics-v1/install/manager_utils/share/manager_utils/package.xml
[1.137s] -- Up-to-date: /home/ros2-user/ros2_workspace/robotics-v1/install/manager_utils/lib/libmanager_utils.a
[1.137s] -- Up-to-date: /home/ros2-user/ros2_workspace/robotics-v1/install/manager_utils/include
[1.137s] -- Up-to-date: /home/ros2-user/ros2_workspace/robotics-v1/install/manager_utils/include/manager_utils
[1.138s] -- Up-to-date: /home/ros2-user/ros2_workspace/robotics-v1/install/manager_utils/include/manager_utils/drawing
[1.138s] -- Up-to-date: /home/ros2-user/ros2_workspace/robotics-v1/install/manager_utils/include/manager_utils/drawing/DynamicImage.h
[1.140s] -- Up-to-date: /home/ros2-user/ros2_workspace/robotics-v1/install/manager_utils/include/manager_utils/drawing/NumberCounter.h
[1.140s] -- Up-to-date: /home/ros2-user/ros2_workspace/robotics-v1/install/manager_utils/include/manager_utils/drawing/Sprite.h
[1.140s] -- Up-to-date: /home/ros2-user/ros2_workspace/robotics-v1/install/manager_utils/include/manager_utils/drawing/Text.h
[1.143s] -- Up-to-date: /home/ros2-user/ros2_workspace/robotics-v1/install/manager_utils/include/manager_utils/drawing/Widget.h
[1.143s] -- Up-to-date: /home/ros2-user/ros2_workspace/robotics-v1/install/manager_utils/include/manager_utils/drawing/Fbo.h
[1.143s] -- Up-to-date: /home/ros2-user/ros2_workspace/robotics-v1/install/manager_utils/include/manager_utils/drawing/Image.h
[1.143s] -- Up-to-date: /home/ros2-user/ros2_workspace/robotics-v1/install/manager_utils/include/manager_utils/drawing/animation
[1.144s] -- Up-to-date: /home/ros2-user/ros2_workspace/robotics-v1/install/manager_utils/include/manager_utils/drawing/animation/AnimationBase.h
[1.144s] -- Up-to-date: /home/ros2-user/ros2_workspace/robotics-v1/install/manager_utils/include/manager_utils/drawing/animation/RotationAnimation.h
[1.144s] -- Up-to-date: /home/ros2-user/ros2_workspace/robotics-v1/install/manager_utils/include/manager_utils/drawing/animation/PulseAnimation.h
[1.144s] -- Up-to-date: /home/ros2-user/ros2_workspace/robotics-v1/install/manager_utils/include/manager_utils/drawing/animation/FrameAnimation.h
[1.144s] -- Up-to-date: /home/ros2-user/ros2_workspace/robotics-v1/install/manager_utils/include/manager_utils/drawing/animation/defines
[1.145s] -- Up-to-date: /home/ros2-user/ros2_workspace/robotics-v1/install/manager_utils/include/manager_utils/drawing/animation/defines/CommonAnimationStructs.h
[1.145s] -- Up-to-date: /home/ros2-user/ros2_workspace/robotics-v1/install/manager_utils/include/manager_utils/drawing/animation/defines/AnimationDefines.h
[1.145s] -- Up-to-date: /home/ros2-user/ros2_workspace/robotics-v1/install/manager_utils/include/manager_utils/drawing/animation/AnimationEndCb.h
[1.145s] -- Up-to-date: /home/ros2-user/ros2_workspace/robotics-v1/install/manager_utils/include/manager_utils/drawing/animation/PositionAnimation.h
[1.145s] -- Up-to-date: /home/ros2-user/ros2_workspace/robotics-v1/install/manager_utils/include/manager_utils/sound
[1.145s] -- Up-to-date: /home/ros2-user/ros2_workspace/robotics-v1/install/manager_utils/include/manager_utils/sound/Sound.h
[1.146s] -- Up-to-date: /home/ros2-user/ros2_workspace/robotics-v1/install/manager_utils/include/manager_utils/sound/Music.h
[1.146s] -- Up-to-date: /home/ros2-user/ros2_workspace/robotics-v1/install/manager_utils/include/manager_utils/sound/SoundWidgetEndCb.h
[1.146s] -- Up-to-date: /home/ros2-user/ros2_workspace/robotics-v1/install/manager_utils/include/manager_utils/sound/SoundWidget.h
[1.146s] -- Up-to-date: /home/ros2-user/ros2_workspace/robotics-v1/install/manager_utils/include/manager_utils/managers
[1.146s] -- Up-to-date: /home/ros2-user/ros2_workspace/robotics-v1/install/manager_utils/include/manager_utils/managers/config
[1.146s] -- Up-to-date: /home/ros2-user/ros2_workspace/robotics-v1/install/manager_utils/include/manager_utils/managers/config/DrawMgrConfig.h
[1.147s] -- Up-to-date: /home/ros2-user/ros2_workspace/robotics-v1/install/manager_utils/include/manager_utils/managers/config/ManagerHandlerConfig.h
[1.147s] -- Up-to-date: /home/ros2-user/ros2_workspace/robotics-v1/install/manager_utils/include/manager_utils/managers/MgrBase.h
[1.147s] -- Up-to-date: /home/ros2-user/ros2_workspace/robotics-v1/install/manager_utils/include/manager_utils/managers/DrawMgr.h
[1.147s] -- Up-to-date: /home/ros2-user/ros2_workspace/robotics-v1/install/manager_utils/include/manager_utils/managers/SoundMgr.h
[1.147s] -- Up-to-date: /home/ros2-user/ros2_workspace/robotics-v1/install/manager_utils/include/manager_utils/managers/ManagerHandler.h
[1.148s] -- Up-to-date: /home/ros2-user/ros2_workspace/robotics-v1/install/manager_utils/include/manager_utils/managers/RsrcMgr.h
[1.148s] -- Up-to-date: /home/ros2-user/ros2_workspace/robotics-v1/install/manager_utils/include/manager_utils/managers/TimerMgr.h
[1.148s] -- Up-to-date: /home/ros2-user/ros2_workspace/robotics-v1/install/manager_utils/include/manager_utils/time
[1.148s] -- Up-to-date: /home/ros2-user/ros2_workspace/robotics-v1/install/manager_utils/include/manager_utils/time/TimerClientSpeedAdjustable.h
[1.149s] -- Up-to-date: /home/ros2-user/ros2_workspace/robotics-v1/install/manager_utils/include/manager_utils/time/UserTimerClient.h
[1.149s] -- Up-to-date: /home/ros2-user/ros2_workspace/robotics-v1/install/manager_utils/include/manager_utils/time/defines
[1.149s] -- Up-to-date: /home/ros2-user/ros2_workspace/robotics-v1/install/manager_utils/include/manager_utils/time/defines/TimerClientDefines.h
[1.149s] -- Up-to-date: /home/ros2-user/ros2_workspace/robotics-v1/install/manager_utils/include/manager_utils/time/TimerClient.h
[1.150s] -- Up-to-date: /home/ros2-user/ros2_workspace/robotics-v1/install/manager_utils/include/manager_utils/input
[1.150s] -- Up-to-date: /home/ros2-user/ros2_workspace/robotics-v1/install/manager_utils/include/manager_utils/input/Scroller.h
[1.150s] -- Up-to-date: /home/ros2-user/ros2_workspace/robotics-v1/install/manager_utils/include/manager_utils/input/ButtonBase.h
[1.150s] -- Up-to-date: /home/ros2-user/ros2_workspace/robotics-v1/install/manager_utils/lib/cmake/manager_utils/manager_utilsTargets.cmake
[1.150s] -- Installing: /home/ros2-user/ros2_workspace/robotics-v1/install/manager_utils/lib/cmake/manager_utils/manager_utilsTargets-debug.cmake
[1.150s] -- Up-to-date: /home/ros2-user/ros2_workspace/robotics-v1/install/manager_utils/lib/cmake/manager_utils/manager_utilsConfig.cmake
[1.154s] Invoked command in '/home/ros2-user/ros2_workspace/robotics-v1/build/manager_utils' returned '0': CMAKE_PREFIX_PATH=/home/ros2-user/ros2_workspace/robotics-v1/install/sdl_utils:/home/ros2-user/ros2_workspace/robotics-v1/install/resource_utils:/home/ros2-user/ros2_workspace/robotics-v1/install/utils:/home/ros2-user/ros2_workspace/robotics-v1/install/cmake_helpers:/opt/ros/foxy PKG_CONFIG_PATH=/home/ros2-user/ros2_workspace/robotics-v1/install/sdl_utils/lib/x86_64-linux-gnu/pkgconfig:/home/ros2-user/ros2_workspace/robotics-v1/install/sdl_utils/lib/pkgconfig:/home/ros2-user/ros2_workspace/robotics-v1/install/resource_utils/lib/x86_64-linux-gnu/pkgconfig:/home/ros2-user/ros2_workspace/robotics-v1/install/resource_utils/lib/pkgconfig:/home/ros2-user/ros2_workspace/robotics-v1/install/utils/lib/x86_64-linux-gnu/pkgconfig:/home/ros2-user/ros2_workspace/robotics-v1/install/utils/lib/pkgconfig:/home/ros2-user/ros2_workspace/robotics-v1/install/cmake_helpers/lib/x86_64-linux-gnu/pkgconfig:/home/ros2-user/ros2_workspace/robotics-v1/install/cmake_helpers/lib/pkgconfig /usr/bin/cmake --install /home/ros2-user/ros2_workspace/robotics-v1/build/manager_utils
