[0.045s] Invoking command in '/home/ros2-user/ros2_workspace/robotics-v1/build/robo_miner_gui': AMENT_PREFIX_PATH=/home/ros2-user/ros2_workspace/robotics-v1/install/robo_miner_common:/home/ros2-user/ros2_workspace/robotics-v1/install/robo_miner_interfaces:${AMENT_PREFIX_PATH} CMAKE_PREFIX_PATH=/home/ros2-user/ros2_workspace/robotics-v1/install/ros2_game_engine:/home/ros2-user/ros2_workspace/robotics-v1/install/robo_miner_common:/home/ros2-user/ros2_workspace/robotics-v1/install/robo_common:/home/ros2-user/ros2_workspace/robotics-v1/install/game_engine:/home/ros2-user/ros2_workspace/robotics-v1/install/manager_utils:/home/ros2-user/ros2_workspace/robotics-v1/install/sdl_utils:/home/ros2-user/ros2_workspace/robotics-v1/install/resource_utils:/home/ros2-user/ros2_workspace/robotics-v1/install/utils:/home/ros2-user/ros2_workspace/robotics-v1/install/robo_miner_interfaces:/home/ros2-user/ros2_workspace/robotics-v1/install/cmake_helpers:/opt/ros/foxy LD_LIBRARY_PATH=/home/ros2-user/ros2_workspace/robotics-v1/install/robo_miner_interfaces/lib:${LD_LIBRARY_PATH} PKG_CONFIG_PATH=/home/ros2-user/ros2_workspace/robotics-v1/install/ros2_game_engine/lib/x86_64-linux-gnu/pkgconfig:/home/ros2-user/ros2_workspace/robotics-v1/install/ros2_game_engine/lib/pkgconfig:/home/ros2-user/ros2_workspace/robotics-v1/install/robo_common/lib/x86_64-linux-gnu/pkgconfig:/home/ros2-user/ros2_workspace/robotics-v1/install/robo_common/lib/pkgconfig:/home/ros2-user/ros2_workspace/robotics-v1/install/game_engine/lib/x86_64-linux-gnu/pkgconfig:/home/ros2-user/ros2_workspace/robotics-v1/install/game_engine/lib/pkgconfig:/home/ros2-user/ros2_workspace/robotics-v1/install/manager_utils/lib/x86_64-linux-gnu/pkgconfig:/home/ros2-user/ros2_workspace/robotics-v1/install/manager_utils/lib/pkgconfig:/home/ros2-user/ros2_workspace/robotics-v1/install/sdl_utils/lib/x86_64-linux-gnu/pkgconfig:/home/ros2-user/ros2_workspace/robotics-v1/install/sdl_utils/lib/pkgconfig:/home/ros2-user/ros2_workspace/robotics-v1/install/resource_utils/lib/x86_64-linux-gnu/pkgconfig:/home/ros2-user/ros2_workspace/robotics-v1/install/resource_utils/lib/pkgconfig:/home/ros2-user/ros2_workspace/robotics-v1/install/utils/lib/x86_64-linux-gnu/pkgconfig:/home/ros2-user/ros2_workspace/robotics-v1/install/utils/lib/pkgconfig:/home/ros2-user/ros2_workspace/robotics-v1/install/cmake_helpers/lib/x86_64-linux-gnu/pkgconfig:/home/ros2-user/ros2_workspace/robotics-v1/install/cmake_helpers/lib/pkgconfig PYTHONPATH=/home/ros2-user/ros2_workspace/robotics-v1/install/robo_miner_interfaces/lib/python3.8/site-packages:${PYTHONPATH} /usr/bin/cmake /home/ros2-user/ros2_workspace/robotics-v1/src/robo_miner/robo_miner_gui -DCMAKE_INSTALL_PREFIX=/home/ros2-user/ros2_workspace/robotics-v1/install/robo_miner_gui
[0.060s] -- Found cmake_helpers: 1.0.0 (/home/ros2-user/ros2_workspace/robotics-v1/install/cmake_helpers/share/cmake_helpers/cmake)
[0.061s] -- Found ament_cmake: 0.9.11 (/opt/ros/foxy/share/ament_cmake/cmake)
[0.084s] -- Using PYTHON_EXECUTABLE: /usr/bin/python3
[0.311s] -- Override CMake install command with custom implementation using symlinks instead of copying resources
[0.320s] -- Found ament_index_cpp: 1.1.0 (/opt/ros/foxy/share/ament_index_cpp/cmake)
[0.323s] -- Found rclcpp: 2.4.2 (/opt/ros/foxy/share/rclcpp/cmake)
[0.358s] -- Using all available rosidl_typesupport_c: rosidl_typesupport_fastrtps_c;rosidl_typesupport_introspection_c
[0.363s] -- Found rosidl_adapter: 1.3.0 (/opt/ros/foxy/share/rosidl_adapter/cmake)
[0.491s] -- Using all available rosidl_typesupport_cpp: rosidl_typesupport_fastrtps_cpp;rosidl_typesupport_introspection_cpp
[0.543s] -- Found rmw_implementation_cmake: 1.0.3 (/opt/ros/foxy/share/rmw_implementation_cmake/cmake)
[0.545s] -- Using RMW implementation 'rmw_fastrtps_cpp' as default
[0.708s] -- Found robo_miner_interfaces: 1.0.0 (/home/ros2-user/ros2_workspace/robotics-v1/install/robo_miner_interfaces/share/robo_miner_interfaces/cmake)
[5.435s] -- Configuring done
[6.244s] -- Generating done
[6.251s] -- Build files have been written to: /home/ros2-user/ros2_workspace/robotics-v1/build/robo_miner_gui
[6.259s] Invoked command in '/home/ros2-user/ros2_workspace/robotics-v1/build/robo_miner_gui' returned '0': AMENT_PREFIX_PATH=/home/ros2-user/ros2_workspace/robotics-v1/install/robo_miner_common:/home/ros2-user/ros2_workspace/robotics-v1/install/robo_miner_interfaces:${AMENT_PREFIX_PATH} CMAKE_PREFIX_PATH=/home/ros2-user/ros2_workspace/robotics-v1/install/ros2_game_engine:/home/ros2-user/ros2_workspace/robotics-v1/install/robo_miner_common:/home/ros2-user/ros2_workspace/robotics-v1/install/robo_common:/home/ros2-user/ros2_workspace/robotics-v1/install/game_engine:/home/ros2-user/ros2_workspace/robotics-v1/install/manager_utils:/home/ros2-user/ros2_workspace/robotics-v1/install/sdl_utils:/home/ros2-user/ros2_workspace/robotics-v1/install/resource_utils:/home/ros2-user/ros2_workspace/robotics-v1/install/utils:/home/ros2-user/ros2_workspace/robotics-v1/install/robo_miner_interfaces:/home/ros2-user/ros2_workspace/robotics-v1/install/cmake_helpers:/opt/ros/foxy LD_LIBRARY_PATH=/home/ros2-user/ros2_workspace/robotics-v1/install/robo_miner_interfaces/lib:${LD_LIBRARY_PATH} PKG_CONFIG_PATH=/home/ros2-user/ros2_workspace/robotics-v1/install/ros2_game_engine/lib/x86_64-linux-gnu/pkgconfig:/home/ros2-user/ros2_workspace/robotics-v1/install/ros2_game_engine/lib/pkgconfig:/home/ros2-user/ros2_workspace/robotics-v1/install/robo_common/lib/x86_64-linux-gnu/pkgconfig:/home/ros2-user/ros2_workspace/robotics-v1/install/robo_common/lib/pkgconfig:/home/ros2-user/ros2_workspace/robotics-v1/install/game_engine/lib/x86_64-linux-gnu/pkgconfig:/home/ros2-user/ros2_workspace/robotics-v1/install/game_engine/lib/pkgconfig:/home/ros2-user/ros2_workspace/robotics-v1/install/manager_utils/lib/x86_64-linux-gnu/pkgconfig:/home/ros2-user/ros2_workspace/robotics-v1/install/manager_utils/lib/pkgconfig:/home/ros2-user/ros2_workspace/robotics-v1/install/sdl_utils/lib/x86_64-linux-gnu/pkgconfig:/home/ros2-user/ros2_workspace/robotics-v1/install/sdl_utils/lib/pkgconfig:/home/ros2-user/ros2_workspace/robotics-v1/install/resource_utils/lib/x86_64-linux-gnu/pkgconfig:/home/ros2-user/ros2_workspace/robotics-v1/install/resource_utils/lib/pkgconfig:/home/ros2-user/ros2_workspace/robotics-v1/install/utils/lib/x86_64-linux-gnu/pkgconfig:/home/ros2-user/ros2_workspace/robotics-v1/install/utils/lib/pkgconfig:/home/ros2-user/ros2_workspace/robotics-v1/install/cmake_helpers/lib/x86_64-linux-gnu/pkgconfig:/home/ros2-user/ros2_workspace/robotics-v1/install/cmake_helpers/lib/pkgconfig PYTHONPATH=/home/ros2-user/ros2_workspace/robotics-v1/install/robo_miner_interfaces/lib/python3.8/site-packages:${PYTHONPATH} /usr/bin/cmake /home/ros2-user/ros2_workspace/robotics-v1/src/robo_miner/robo_miner_gui -DCMAKE_INSTALL_PREFIX=/home/ros2-user/ros2_workspace/robotics-v1/install/robo_miner_gui
[6.273s] Invoking command in '/home/ros2-user/ros2_workspace/robotics-v1/build/robo_miner_gui': AMENT_PREFIX_PATH=/home/ros2-user/ros2_workspace/robotics-v1/install/robo_miner_common:/home/ros2-user/ros2_workspace/robotics-v1/install/robo_miner_interfaces:${AMENT_PREFIX_PATH} CMAKE_PREFIX_PATH=/home/ros2-user/ros2_workspace/robotics-v1/install/ros2_game_engine:/home/ros2-user/ros2_workspace/robotics-v1/install/robo_miner_common:/home/ros2-user/ros2_workspace/robotics-v1/install/robo_common:/home/ros2-user/ros2_workspace/robotics-v1/install/game_engine:/home/ros2-user/ros2_workspace/robotics-v1/install/manager_utils:/home/ros2-user/ros2_workspace/robotics-v1/install/sdl_utils:/home/ros2-user/ros2_workspace/robotics-v1/install/resource_utils:/home/ros2-user/ros2_workspace/robotics-v1/install/utils:/home/ros2-user/ros2_workspace/robotics-v1/install/robo_miner_interfaces:/home/ros2-user/ros2_workspace/robotics-v1/install/cmake_helpers:/opt/ros/foxy LD_LIBRARY_PATH=/home/ros2-user/ros2_workspace/robotics-v1/install/robo_miner_interfaces/lib:${LD_LIBRARY_PATH} PKG_CONFIG_PATH=/home/ros2-user/ros2_workspace/robotics-v1/install/ros2_game_engine/lib/x86_64-linux-gnu/pkgconfig:/home/ros2-user/ros2_workspace/robotics-v1/install/ros2_game_engine/lib/pkgconfig:/home/ros2-user/ros2_workspace/robotics-v1/install/robo_common/lib/x86_64-linux-gnu/pkgconfig:/home/ros2-user/ros2_workspace/robotics-v1/install/robo_common/lib/pkgconfig:/home/ros2-user/ros2_workspace/robotics-v1/install/game_engine/lib/x86_64-linux-gnu/pkgconfig:/home/ros2-user/ros2_workspace/robotics-v1/install/game_engine/lib/pkgconfig:/home/ros2-user/ros2_workspace/robotics-v1/install/manager_utils/lib/x86_64-linux-gnu/pkgconfig:/home/ros2-user/ros2_workspace/robotics-v1/install/manager_utils/lib/pkgconfig:/home/ros2-user/ros2_workspace/robotics-v1/install/sdl_utils/lib/x86_64-linux-gnu/pkgconfig:/home/ros2-user/ros2_workspace/robotics-v1/install/sdl_utils/lib/pkgconfig:/home/ros2-user/ros2_workspace/robotics-v1/install/resource_utils/lib/x86_64-linux-gnu/pkgconfig:/home/ros2-user/ros2_workspace/robotics-v1/install/resource_utils/lib/pkgconfig:/home/ros2-user/ros2_workspace/robotics-v1/install/utils/lib/x86_64-linux-gnu/pkgconfig:/home/ros2-user/ros2_workspace/robotics-v1/install/utils/lib/pkgconfig:/home/ros2-user/ros2_workspace/robotics-v1/install/cmake_helpers/lib/x86_64-linux-gnu/pkgconfig:/home/ros2-user/ros2_workspace/robotics-v1/install/cmake_helpers/lib/pkgconfig PYTHONPATH=/home/ros2-user/ros2_workspace/robotics-v1/install/robo_miner_interfaces/lib/python3.8/site-packages:${PYTHONPATH} /usr/bin/cmake --build /home/ros2-user/ros2_workspace/robotics-v1/build/robo_miner_gui -- -j4 -l4
[7.157s] [35m[1mScanning dependencies of target robo_miner_gui[0m
[8.117s] [  5%] [32mBuilding CXX object CMakeFiles/robo_miner_gui.dir/src/main.cpp.o[0m
[18.408s] [ 11%] [32mBuilding CXX object CMakeFiles/robo_miner_gui.dir/src/external_api/MinerControllerExternalBridge.cpp.o[0m
[32.691s] [ 17%] [32mBuilding CXX object CMakeFiles/robo_miner_gui.dir/src/helpers/RoboMinerBuilder.cpp.o[0m
[35.305s] [ 23%] [32mBuilding CXX object CMakeFiles/robo_miner_gui.dir/src/helpers/RoboMinerGuiInitHelper.cpp.o[0m
[39.001s] [ 29%] [32mBuilding CXX object CMakeFiles/robo_miner_gui.dir/src/helpers/MovementWatcher.cpp.o[0m
[39.611s] [ 35%] [32mBuilding CXX object CMakeFiles/robo_miner_gui.dir/src/helpers/SolutionValidator.cpp.o[0m
[40.587s] [ 41%] [32mBuilding CXX object CMakeFiles/robo_miner_gui.dir/src/layout/RoboMinerLayout.cpp.o[0m
[41.300s] [ 47%] [32mBuilding CXX object CMakeFiles/robo_miner_gui.dir/src/layout/entities/Crystal.cpp.o[0m
[41.885s] [ 52%] [32mBuilding CXX object CMakeFiles/robo_miner_gui.dir/src/layout/entities/CrystalHandler.cpp.o[0m
[42.657s] [ 58%] [32mBuilding CXX object CMakeFiles/robo_miner_gui.dir/src/layout/panels/PanelHandler.cpp.o[0m
[43.220s] [ 64%] [32mBuilding CXX object CMakeFiles/robo_miner_gui.dir/src/layout/helpers/RoboMinerLayoutInitHelper.cpp.o[0m
[43.998s] [ 70%] [32mBuilding CXX object CMakeFiles/robo_miner_gui.dir/src/config/RoboMinerGuiConfigGenerator.cpp.o[0m
[46.424s] [ 76%] [32mBuilding CXX object CMakeFiles/robo_miner_gui.dir/src/RoboMinerGui.cpp.o[0m
[48.929s] [ 82%] [32m[1mLinking CXX executable robo_miner_gui[0m
[51.443s] [100%] Built target robo_miner_gui
[51.480s] Invoked command in '/home/ros2-user/ros2_workspace/robotics-v1/build/robo_miner_gui' returned '0': AMENT_PREFIX_PATH=/home/ros2-user/ros2_workspace/robotics-v1/install/robo_miner_common:/home/ros2-user/ros2_workspace/robotics-v1/install/robo_miner_interfaces:${AMENT_PREFIX_PATH} CMAKE_PREFIX_PATH=/home/ros2-user/ros2_workspace/robotics-v1/install/ros2_game_engine:/home/ros2-user/ros2_workspace/robotics-v1/install/robo_miner_common:/home/ros2-user/ros2_workspace/robotics-v1/install/robo_common:/home/ros2-user/ros2_workspace/robotics-v1/install/game_engine:/home/ros2-user/ros2_workspace/robotics-v1/install/manager_utils:/home/ros2-user/ros2_workspace/robotics-v1/install/sdl_utils:/home/ros2-user/ros2_workspace/robotics-v1/install/resource_utils:/home/ros2-user/ros2_workspace/robotics-v1/install/utils:/home/ros2-user/ros2_workspace/robotics-v1/install/robo_miner_interfaces:/home/ros2-user/ros2_workspace/robotics-v1/install/cmake_helpers:/opt/ros/foxy LD_LIBRARY_PATH=/home/ros2-user/ros2_workspace/robotics-v1/install/robo_miner_interfaces/lib:${LD_LIBRARY_PATH} PKG_CONFIG_PATH=/home/ros2-user/ros2_workspace/robotics-v1/install/ros2_game_engine/lib/x86_64-linux-gnu/pkgconfig:/home/ros2-user/ros2_workspace/robotics-v1/install/ros2_game_engine/lib/pkgconfig:/home/ros2-user/ros2_workspace/robotics-v1/install/robo_common/lib/x86_64-linux-gnu/pkgconfig:/home/ros2-user/ros2_workspace/robotics-v1/install/robo_common/lib/pkgconfig:/home/ros2-user/ros2_workspace/robotics-v1/install/game_engine/lib/x86_64-linux-gnu/pkgconfig:/home/ros2-user/ros2_workspace/robotics-v1/install/game_engine/lib/pkgconfig:/home/ros2-user/ros2_workspace/robotics-v1/install/manager_utils/lib/x86_64-linux-gnu/pkgconfig:/home/ros2-user/ros2_workspace/robotics-v1/install/manager_utils/lib/pkgconfig:/home/ros2-user/ros2_workspace/robotics-v1/install/sdl_utils/lib/x86_64-linux-gnu/pkgconfig:/home/ros2-user/ros2_workspace/robotics-v1/install/sdl_utils/lib/pkgconfig:/home/ros2-user/ros2_workspace/robotics-v1/install/resource_utils/lib/x86_64-linux-gnu/pkgconfig:/home/ros2-user/ros2_workspace/robotics-v1/install/resource_utils/lib/pkgconfig:/home/ros2-user/ros2_workspace/robotics-v1/install/utils/lib/x86_64-linux-gnu/pkgconfig:/home/ros2-user/ros2_workspace/robotics-v1/install/utils/lib/pkgconfig:/home/ros2-user/ros2_workspace/robotics-v1/install/cmake_helpers/lib/x86_64-linux-gnu/pkgconfig:/home/ros2-user/ros2_workspace/robotics-v1/install/cmake_helpers/lib/pkgconfig PYTHONPATH=/home/ros2-user/ros2_workspace/robotics-v1/install/robo_miner_interfaces/lib/python3.8/site-packages:${PYTHONPATH} /usr/bin/cmake --build /home/ros2-user/ros2_workspace/robotics-v1/build/robo_miner_gui -- -j4 -l4
[51.605s] Invoking command in '/home/ros2-user/ros2_workspace/robotics-v1/build/robo_miner_gui': AMENT_PREFIX_PATH=/home/ros2-user/ros2_workspace/robotics-v1/install/robo_miner_common:/home/ros2-user/ros2_workspace/robotics-v1/install/robo_miner_interfaces:${AMENT_PREFIX_PATH} CMAKE_PREFIX_PATH=/home/ros2-user/ros2_workspace/robotics-v1/install/ros2_game_engine:/home/ros2-user/ros2_workspace/robotics-v1/install/robo_miner_common:/home/ros2-user/ros2_workspace/robotics-v1/install/robo_common:/home/ros2-user/ros2_workspace/robotics-v1/install/game_engine:/home/ros2-user/ros2_workspace/robotics-v1/install/manager_utils:/home/ros2-user/ros2_workspace/robotics-v1/install/sdl_utils:/home/ros2-user/ros2_workspace/robotics-v1/install/resource_utils:/home/ros2-user/ros2_workspace/robotics-v1/install/utils:/home/ros2-user/ros2_workspace/robotics-v1/install/robo_miner_interfaces:/home/ros2-user/ros2_workspace/robotics-v1/install/cmake_helpers:/opt/ros/foxy LD_LIBRARY_PATH=/home/ros2-user/ros2_workspace/robotics-v1/install/robo_miner_interfaces/lib:${LD_LIBRARY_PATH} PKG_CONFIG_PATH=/home/ros2-user/ros2_workspace/robotics-v1/install/ros2_game_engine/lib/x86_64-linux-gnu/pkgconfig:/home/ros2-user/ros2_workspace/robotics-v1/install/ros2_game_engine/lib/pkgconfig:/home/ros2-user/ros2_workspace/robotics-v1/install/robo_common/lib/x86_64-linux-gnu/pkgconfig:/home/ros2-user/ros2_workspace/robotics-v1/install/robo_common/lib/pkgconfig:/home/ros2-user/ros2_workspace/robotics-v1/install/game_engine/lib/x86_64-linux-gnu/pkgconfig:/home/ros2-user/ros2_workspace/robotics-v1/install/game_engine/lib/pkgconfig:/home/ros2-user/ros2_workspace/robotics-v1/install/manager_utils/lib/x86_64-linux-gnu/pkgconfig:/home/ros2-user/ros2_workspace/robotics-v1/install/manager_utils/lib/pkgconfig:/home/ros2-user/ros2_workspace/robotics-v1/install/sdl_utils/lib/x86_64-linux-gnu/pkgconfig:/home/ros2-user/ros2_workspace/robotics-v1/install/sdl_utils/lib/pkgconfig:/home/ros2-user/ros2_workspace/robotics-v1/install/resource_utils/lib/x86_64-linux-gnu/pkgconfig:/home/ros2-user/ros2_workspace/robotics-v1/install/resource_utils/lib/pkgconfig:/home/ros2-user/ros2_workspace/robotics-v1/install/utils/lib/x86_64-linux-gnu/pkgconfig:/home/ros2-user/ros2_workspace/robotics-v1/install/utils/lib/pkgconfig:/home/ros2-user/ros2_workspace/robotics-v1/install/cmake_helpers/lib/x86_64-linux-gnu/pkgconfig:/home/ros2-user/ros2_workspace/robotics-v1/install/cmake_helpers/lib/pkgconfig PYTHONPATH=/home/ros2-user/ros2_workspace/robotics-v1/install/robo_miner_interfaces/lib/python3.8/site-packages:${PYTHONPATH} /usr/bin/cmake --install /home/ros2-user/ros2_workspace/robotics-v1/build/robo_miner_gui
[51.621s] -- Install configuration: "Debug"
[51.622s] -- Execute custom install script
[51.623s] -- Up-to-date symlink: /home/ros2-user/ros2_workspace/robotics-v1/install/robo_miner_gui/share/robo_miner_gui/package.xml
[51.623s] -- Up-to-date symlink: /home/ros2-user/ros2_workspace/robotics-v1/install/robo_miner_gui/share/robo_miner_gui//launch/launch.py
[51.623s] -- Up-to-date symlink: /home/ros2-user/ros2_workspace/robotics-v1/install/robo_miner_gui/share/robo_miner_gui//config/params.yaml
[51.623s] -- Up-to-date symlink: /home/ros2-user/ros2_workspace/robotics-v1/install/robo_miner_gui/lib/robo_miner_gui/robo_miner_gui
[51.623s] -- Symlinking: /home/ros2-user/ros2_workspace/robotics-v1/install/robo_miner_gui/share/ament_index/resource_index/packages/robo_miner_gui
[51.636s] -- Up-to-date symlink: /home/ros2-user/ros2_workspace/robotics-v1/install/robo_miner_gui/share/robo_miner_gui/hook/ament_prefix_path.dsv
[51.636s] -- Up-to-date symlink: /home/ros2-user/ros2_workspace/robotics-v1/install/robo_miner_gui/share/robo_miner_gui/hook/ros_package_path.dsv
[51.637s] -- Up-to-date symlink: /home/ros2-user/ros2_workspace/robotics-v1/install/robo_miner_gui/share/ament_index/resource_index/package_run_dependencies/robo_miner_gui
[51.637s] -- Up-to-date symlink: /home/ros2-user/ros2_workspace/robotics-v1/install/robo_miner_gui/share/ament_index/resource_index/parent_prefix_path/robo_miner_gui
[51.637s] -- Up-to-date symlink: /home/ros2-user/ros2_workspace/robotics-v1/install/robo_miner_gui/share/robo_miner_gui/environment/ament_prefix_path.sh
[51.637s] -- Up-to-date symlink: /home/ros2-user/ros2_workspace/robotics-v1/install/robo_miner_gui/share/robo_miner_gui/environment/ament_prefix_path.dsv
[51.638s] -- Up-to-date symlink: /home/ros2-user/ros2_workspace/robotics-v1/install/robo_miner_gui/share/robo_miner_gui/environment/path.sh
[51.638s] -- Up-to-date symlink: /home/ros2-user/ros2_workspace/robotics-v1/install/robo_miner_gui/share/robo_miner_gui/environment/path.dsv
[51.639s] -- Up-to-date symlink: /home/ros2-user/ros2_workspace/robotics-v1/install/robo_miner_gui/share/robo_miner_gui/local_setup.bash
[51.639s] -- Up-to-date symlink: /home/ros2-user/ros2_workspace/robotics-v1/install/robo_miner_gui/share/robo_miner_gui/local_setup.sh
[51.639s] -- Up-to-date symlink: /home/ros2-user/ros2_workspace/robotics-v1/install/robo_miner_gui/share/robo_miner_gui/local_setup.zsh
[51.639s] -- Up-to-date symlink: /home/ros2-user/ros2_workspace/robotics-v1/install/robo_miner_gui/share/robo_miner_gui/local_setup.dsv
[51.640s] -- Symlinking: /home/ros2-user/ros2_workspace/robotics-v1/install/robo_miner_gui/share/robo_miner_gui/package.dsv
[51.652s] -- Symlinking: /home/ros2-user/ros2_workspace/robotics-v1/install/robo_miner_gui/share/ament_index/resource_index/packages/robo_miner_gui
[51.664s] -- Up-to-date symlink: /home/ros2-user/ros2_workspace/robotics-v1/install/robo_miner_gui/share/robo_miner_gui/cmake/robo_miner_guiConfig.cmake
[51.664s] -- Up-to-date symlink: /home/ros2-user/ros2_workspace/robotics-v1/install/robo_miner_gui/share/robo_miner_gui/cmake/robo_miner_guiConfig-version.cmake
[51.665s] -- Up-to-date symlink: /home/ros2-user/ros2_workspace/robotics-v1/install/robo_miner_gui/share/robo_miner_gui/package.xml
[51.666s] -- Up-to-date symlink: /home/ros2-user/ros2_workspace/robotics-v1/install/robo_miner_gui/share/robo_miner_gui/resources//RoboMinerGui.rsrc
[51.668s] -- Up-to-date symlink: /home/ros2-user/ros2_workspace/robotics-v1/install/robo_miner_gui/share/robo_miner_gui/resources//f/vinque_rg_20.ttf
[51.669s] -- Up-to-date symlink: /home/ros2-user/ros2_workspace/robotics-v1/install/robo_miner_gui/share/robo_miner_gui/resources//f/vinque_rg_30.ttf
[51.670s] -- Up-to-date symlink: /home/ros2-user/ros2_workspace/robotics-v1/install/robo_miner_gui/share/robo_miner_gui/resources//f/vinque_rg_75.ttf
[51.671s] -- Up-to-date symlink: /home/ros2-user/ros2_workspace/robotics-v1/install/robo_miner_gui/share/robo_miner_gui/resources//generated/RoboMinerGuiResources.h
[51.688s] -- Up-to-date symlink: /home/ros2-user/ros2_workspace/robotics-v1/install/robo_miner_gui/share/robo_miner_gui/resources//generated/RoboMinerGuiResourcesDynamic.h
[51.692s] -- Up-to-date symlink: /home/ros2-user/ros2_workspace/robotics-v1/install/robo_miner_gui/share/robo_miner_gui/resources//generated/RoboMinerGuiResourcesDynamicValues.h
[51.693s] -- Up-to-date symlink: /home/ros2-user/ros2_workspace/robotics-v1/install/robo_miner_gui/share/robo_miner_gui/resources//generated/fonts.bin
[51.694s] -- Up-to-date symlink: /home/ros2-user/ros2_workspace/robotics-v1/install/robo_miner_gui/share/robo_miner_gui/resources//generated/resources.bin
[51.694s] -- Up-to-date symlink: /home/ros2-user/ros2_workspace/robotics-v1/install/robo_miner_gui/share/robo_miner_gui/resources//generated/sounds.bin
[51.695s] -- Up-to-date symlink: /home/ros2-user/ros2_workspace/robotics-v1/install/robo_miner_gui/share/robo_miner_gui/resources//levels/level_1/field_map.txt
[51.695s] -- Up-to-date symlink: /home/ros2-user/ros2_workspace/robotics-v1/install/robo_miner_gui/share/robo_miner_gui/resources//levels/level_1/solution.txt
[51.696s] -- Up-to-date symlink: /home/ros2-user/ros2_workspace/robotics-v1/install/robo_miner_gui/share/robo_miner_gui/resources//levels/level_2/field_map.txt
[51.697s] -- Up-to-date symlink: /home/ros2-user/ros2_workspace/robotics-v1/install/robo_miner_gui/share/robo_miner_gui/resources//levels/level_2/solution.txt
[51.698s] -- Up-to-date symlink: /home/ros2-user/ros2_workspace/robotics-v1/install/robo_miner_gui/share/robo_miner_gui/resources//levels/level_3/field_map.txt
[51.702s] -- Up-to-date symlink: /home/ros2-user/ros2_workspace/robotics-v1/install/robo_miner_gui/share/robo_miner_gui/resources//levels/level_3/solution.txt
[51.703s] -- Up-to-date symlink: /home/ros2-user/ros2_workspace/robotics-v1/install/robo_miner_gui/share/robo_miner_gui/resources//p/background/fogOfWar.png
[51.704s] -- Up-to-date symlink: /home/ros2-user/ros2_workspace/robotics-v1/install/robo_miner_gui/share/robo_miner_gui/resources//p/background/map.png
[51.705s] -- Up-to-date symlink: /home/ros2-user/ros2_workspace/robotics-v1/install/robo_miner_gui/share/robo_miner_gui/resources//p/background/obstacle.png
[51.706s] -- Up-to-date symlink: /home/ros2-user/ros2_workspace/robotics-v1/install/robo_miner_gui/share/robo_miner_gui/resources//p/background/tile.png
[51.706s] -- Up-to-date symlink: /home/ros2-user/ros2_workspace/robotics-v1/install/robo_miner_gui/share/robo_miner_gui/resources//p/entities/crystals.png
[51.707s] -- Up-to-date symlink: /home/ros2-user/ros2_workspace/robotics-v1/install/robo_miner_gui/share/robo_miner_gui/resources//p/entities/damage_marker.png
[51.708s] -- Up-to-date symlink: /home/ros2-user/ros2_workspace/robotics-v1/install/robo_miner_gui/share/robo_miner_gui/resources//p/entities/player_robot.png
[51.708s] -- Up-to-date symlink: /home/ros2-user/ros2_workspace/robotics-v1/install/robo_miner_gui/share/robo_miner_gui/resources//p/panels/crystal_panel.png
[51.709s] -- Up-to-date symlink: /home/ros2-user/ros2_workspace/robotics-v1/install/robo_miner_gui/share/robo_miner_gui/resources//p/panels/health_indicator.png
[51.710s] -- Up-to-date symlink: /home/ros2-user/ros2_workspace/robotics-v1/install/robo_miner_gui/share/robo_miner_gui/resources//p/panels/health_panel.png
[51.710s] -- Up-to-date symlink: /home/ros2-user/ros2_workspace/robotics-v1/install/robo_miner_gui/share/robo_miner_gui/resources//p/panels/hor_delimiter.png
[51.711s] -- Up-to-date symlink: /home/ros2-user/ros2_workspace/robotics-v1/install/robo_miner_gui/share/robo_miner_gui/resources//p/panels/tile_panel.png
[51.712s] -- Up-to-date symlink: /home/ros2-user/ros2_workspace/robotics-v1/install/robo_miner_gui/share/robo_miner_gui/resources//p/panels/vert_delimiter.png
[51.712s] -- Up-to-date symlink: /home/ros2-user/ros2_workspace/robotics-v1/install/robo_miner_gui/share/robo_miner_gui/resources//p/stars/star_single.png
[51.713s] -- Up-to-date symlink: /home/ros2-user/ros2_workspace/robotics-v1/install/robo_miner_gui/share/robo_miner_gui/resources//p/stars/stars.png
[51.714s] Invoked command in '/home/ros2-user/ros2_workspace/robotics-v1/build/robo_miner_gui' returned '0': AMENT_PREFIX_PATH=/home/ros2-user/ros2_workspace/robotics-v1/install/robo_miner_common:/home/ros2-user/ros2_workspace/robotics-v1/install/robo_miner_interfaces:${AMENT_PREFIX_PATH} CMAKE_PREFIX_PATH=/home/ros2-user/ros2_workspace/robotics-v1/install/ros2_game_engine:/home/ros2-user/ros2_workspace/robotics-v1/install/robo_miner_common:/home/ros2-user/ros2_workspace/robotics-v1/install/robo_common:/home/ros2-user/ros2_workspace/robotics-v1/install/game_engine:/home/ros2-user/ros2_workspace/robotics-v1/install/manager_utils:/home/ros2-user/ros2_workspace/robotics-v1/install/sdl_utils:/home/ros2-user/ros2_workspace/robotics-v1/install/resource_utils:/home/ros2-user/ros2_workspace/robotics-v1/install/utils:/home/ros2-user/ros2_workspace/robotics-v1/install/robo_miner_interfaces:/home/ros2-user/ros2_workspace/robotics-v1/install/cmake_helpers:/opt/ros/foxy LD_LIBRARY_PATH=/home/ros2-user/ros2_workspace/robotics-v1/install/robo_miner_interfaces/lib:${LD_LIBRARY_PATH} PKG_CONFIG_PATH=/home/ros2-user/ros2_workspace/robotics-v1/install/ros2_game_engine/lib/x86_64-linux-gnu/pkgconfig:/home/ros2-user/ros2_workspace/robotics-v1/install/ros2_game_engine/lib/pkgconfig:/home/ros2-user/ros2_workspace/robotics-v1/install/robo_common/lib/x86_64-linux-gnu/pkgconfig:/home/ros2-user/ros2_workspace/robotics-v1/install/robo_common/lib/pkgconfig:/home/ros2-user/ros2_workspace/robotics-v1/install/game_engine/lib/x86_64-linux-gnu/pkgconfig:/home/ros2-user/ros2_workspace/robotics-v1/install/game_engine/lib/pkgconfig:/home/ros2-user/ros2_workspace/robotics-v1/install/manager_utils/lib/x86_64-linux-gnu/pkgconfig:/home/ros2-user/ros2_workspace/robotics-v1/install/manager_utils/lib/pkgconfig:/home/ros2-user/ros2_workspace/robotics-v1/install/sdl_utils/lib/x86_64-linux-gnu/pkgconfig:/home/ros2-user/ros2_workspace/robotics-v1/install/sdl_utils/lib/pkgconfig:/home/ros2-user/ros2_workspace/robotics-v1/install/resource_utils/lib/x86_64-linux-gnu/pkgconfig:/home/ros2-user/ros2_workspace/robotics-v1/install/resource_utils/lib/pkgconfig:/home/ros2-user/ros2_workspace/robotics-v1/install/utils/lib/x86_64-linux-gnu/pkgconfig:/home/ros2-user/ros2_workspace/robotics-v1/install/utils/lib/pkgconfig:/home/ros2-user/ros2_workspace/robotics-v1/install/cmake_helpers/lib/x86_64-linux-gnu/pkgconfig:/home/ros2-user/ros2_workspace/robotics-v1/install/cmake_helpers/lib/pkgconfig PYTHONPATH=/home/ros2-user/ros2_workspace/robotics-v1/install/robo_miner_interfaces/lib/python3.8/site-packages:${PYTHONPATH} /usr/bin/cmake --install /home/ros2-user/ros2_workspace/robotics-v1/build/robo_miner_gui
