[0.101s] Invoking command in '/home/ros2-user/ros2_workspace/robotics-v1/build/robo_cleaner_interfaces': CMAKE_PREFIX_PATH=/opt/ros/foxy /usr/bin/cmake /home/ros2-user/ros2_workspace/robotics-v1/src/robo_cleaner/robo_cleaner_interfaces -DCMAKE_INSTALL_PREFIX=/home/ros2-user/ros2_workspace/robotics-v1/install/robo_cleaner_interfaces
[0.169s] -- Found ament_cmake: 0.9.11 (/opt/ros/foxy/share/ament_cmake/cmake)
[0.194s] -- Found PythonInterp: /usr/bin/python3 (found suitable version "3.8.10", minimum required is "3") 
[0.194s] -- Using PYTHON_EXECUTABLE: /usr/bin/python3
[0.411s] -- Override CMake install command with custom implementation using symlinks instead of copying resources
[0.422s] -- Found rosidl_default_generators: 1.0.1 (/opt/ros/foxy/share/rosidl_default_generators/cmake)
[0.424s] -- Using all available rosidl_typesupport_c: rosidl_typesupport_fastrtps_c;rosidl_typesupport_introspection_c
[0.442s] -- Found rosidl_adapter: 1.3.0 (/opt/ros/foxy/share/rosidl_adapter/cmake)
[0.614s] -- Using all available rosidl_typesupport_cpp: rosidl_typesupport_fastrtps_cpp;rosidl_typesupport_introspection_cpp
[0.746s] -- Found PythonInterp: /usr/bin/python3 (found version "3.8.10") 
[1.180s] -- Found ament_cmake_ros: 0.9.2 (/opt/ros/foxy/share/ament_cmake_ros/cmake)
[1.395s] -- Using all available rosidl_typesupport_c: rosidl_typesupport_fastrtps_c;rosidl_typesupport_introspection_c
[1.435s] -- Using all available rosidl_typesupport_cpp: rosidl_typesupport_fastrtps_cpp;rosidl_typesupport_introspection_cpp
[1.471s] -- Found PythonInterp: /usr/bin/python3 (found suitable version "3.8.10", minimum required is "3.5") 
[1.472s] -- Found python_cmake_module: 0.8.1 (/opt/ros/foxy/share/python_cmake_module/cmake)
[1.498s] -- Using PYTHON_EXECUTABLE: /usr/bin/python3
[1.499s] -- Using PYTHON_INCLUDE_DIRS: /usr/include/python3.8
[1.499s] -- Using PYTHON_LIBRARIES: /usr/lib/x86_64-linux-gnu/libpython3.8.so
[1.576s] -- Configuring done
[1.752s] -- Generating done
[1.965s] -- Build files have been written to: /home/ros2-user/ros2_workspace/robotics-v1/build/robo_cleaner_interfaces
[1.976s] Invoked command in '/home/ros2-user/ros2_workspace/robotics-v1/build/robo_cleaner_interfaces' returned '0': CMAKE_PREFIX_PATH=/opt/ros/foxy /usr/bin/cmake /home/ros2-user/ros2_workspace/robotics-v1/src/robo_cleaner/robo_cleaner_interfaces -DCMAKE_INSTALL_PREFIX=/home/ros2-user/ros2_workspace/robotics-v1/install/robo_cleaner_interfaces
[1.981s] Invoking command in '/home/ros2-user/ros2_workspace/robotics-v1/build/robo_cleaner_interfaces': CMAKE_PREFIX_PATH=/opt/ros/foxy /usr/bin/cmake --build /home/ros2-user/ros2_workspace/robotics-v1/build/robo_cleaner_interfaces -- -j4 -l4
[2.105s] [  1%] Built target robo_cleaner_interfaces__cpp
[2.151s] [ 12%] Built target robo_cleaner_interfaces__rosidl_generator_c
[2.165s] [ 24%] Built target robo_cleaner_interfaces__rosidl_typesupport_fastrtps_cpp
[2.174s] [ 35%] Built target robo_cleaner_interfaces__rosidl_typesupport_introspection_cpp
[2.214s] [ 47%] Built target robo_cleaner_interfaces__rosidl_typesupport_cpp
[2.232s] [ 58%] Built target robo_cleaner_interfaces__rosidl_typesupport_fastrtps_c
[2.241s] [ 70%] Built target robo_cleaner_interfaces__rosidl_typesupport_introspection_c
[2.274s] [ 81%] Built target robo_cleaner_interfaces__rosidl_typesupport_c
[2.323s] [ 81%] Built target robo_cleaner_interfaces
[2.350s] [ 82%] Built target robo_cleaner_interfaces__py
[2.443s] [ 93%] Built target robo_cleaner_interfaces__python
[2.489s] [ 95%] Built target robo_cleaner_interfaces__rosidl_typesupport_fastrtps_c__pyext
[2.491s] [ 97%] Built target robo_cleaner_interfaces__rosidl_typesupport_introspection_c__pyext
[2.506s] [100%] Built target robo_cleaner_interfaces__rosidl_typesupport_c__pyext
[2.533s] Invoked command in '/home/ros2-user/ros2_workspace/robotics-v1/build/robo_cleaner_interfaces' returned '0': CMAKE_PREFIX_PATH=/opt/ros/foxy /usr/bin/cmake --build /home/ros2-user/ros2_workspace/robotics-v1/build/robo_cleaner_interfaces -- -j4 -l4
[3.386s] Invoking command in '/home/ros2-user/ros2_workspace/robotics-v1/build/robo_cleaner_interfaces': CMAKE_PREFIX_PATH=/opt/ros/foxy /usr/bin/cmake --install /home/ros2-user/ros2_workspace/robotics-v1/build/robo_cleaner_interfaces
[3.403s] -- Install configuration: "Debug"
[3.403s] -- Execute custom install script
[3.403s] -- Up-to-date symlink: /home/ros2-user/ros2_workspace/robotics-v1/install/robo_cleaner_interfaces/share/ament_index/resource_index/rosidl_interfaces/robo_cleaner_interfaces
[3.403s] -- Up-to-date symlink: /home/ros2-user/ros2_workspace/robotics-v1/install/robo_cleaner_interfaces/include/robo_cleaner_interfaces/action/detail/robot_move__functions.h
[3.404s] -- Up-to-date symlink: /home/ros2-user/ros2_workspace/robotics-v1/install/robo_cleaner_interfaces/include/robo_cleaner_interfaces/action/detail/robot_move__struct.h
[3.404s] -- Up-to-date symlink: /home/ros2-user/ros2_workspace/robotics-v1/install/robo_cleaner_interfaces/include/robo_cleaner_interfaces/action/detail/robot_move__type_support.h
[3.404s] -- Up-to-date symlink: /home/ros2-user/ros2_workspace/robotics-v1/install/robo_cleaner_interfaces/include/robo_cleaner_interfaces/action/robot_move.h
[3.405s] -- Up-to-date symlink: /home/ros2-user/ros2_workspace/robotics-v1/install/robo_cleaner_interfaces/include/robo_cleaner_interfaces/msg/battery_status.h
[3.405s] -- Up-to-date symlink: /home/ros2-user/ros2_workspace/robotics-v1/install/robo_cleaner_interfaces/include/robo_cleaner_interfaces/msg/detail/battery_status__functions.h
[3.405s] -- Up-to-date symlink: /home/ros2-user/ros2_workspace/robotics-v1/install/robo_cleaner_interfaces/include/robo_cleaner_interfaces/msg/detail/battery_status__struct.h
[3.405s] -- Up-to-date symlink: /home/ros2-user/ros2_workspace/robotics-v1/install/robo_cleaner_interfaces/include/robo_cleaner_interfaces/msg/detail/battery_status__type_support.h
[3.405s] -- Up-to-date symlink: /home/ros2-user/ros2_workspace/robotics-v1/install/robo_cleaner_interfaces/include/robo_cleaner_interfaces/msg/detail/initial_robot_state__functions.h
[3.406s] -- Up-to-date symlink: /home/ros2-user/ros2_workspace/robotics-v1/install/robo_cleaner_interfaces/include/robo_cleaner_interfaces/msg/detail/initial_robot_state__struct.h
[3.407s] -- Up-to-date symlink: /home/ros2-user/ros2_workspace/robotics-v1/install/robo_cleaner_interfaces/include/robo_cleaner_interfaces/msg/detail/initial_robot_state__type_support.h
[3.407s] -- Up-to-date symlink: /home/ros2-user/ros2_workspace/robotics-v1/install/robo_cleaner_interfaces/include/robo_cleaner_interfaces/msg/detail/robot_move_type__functions.h
[3.407s] -- Up-to-date symlink: /home/ros2-user/ros2_workspace/robotics-v1/install/robo_cleaner_interfaces/include/robo_cleaner_interfaces/msg/detail/robot_move_type__struct.h
[3.408s] -- Up-to-date symlink: /home/ros2-user/ros2_workspace/robotics-v1/install/robo_cleaner_interfaces/include/robo_cleaner_interfaces/msg/detail/robot_move_type__type_support.h
[3.408s] -- Up-to-date symlink: /home/ros2-user/ros2_workspace/robotics-v1/install/robo_cleaner_interfaces/include/robo_cleaner_interfaces/msg/detail/user_authenticate__functions.h
[3.409s] -- Up-to-date symlink: /home/ros2-user/ros2_workspace/robotics-v1/install/robo_cleaner_interfaces/include/robo_cleaner_interfaces/msg/detail/user_authenticate__struct.h
[3.410s] -- Up-to-date symlink: /home/ros2-user/ros2_workspace/robotics-v1/install/robo_cleaner_interfaces/include/robo_cleaner_interfaces/msg/detail/user_authenticate__type_support.h
[3.410s] -- Up-to-date symlink: /home/ros2-user/ros2_workspace/robotics-v1/install/robo_cleaner_interfaces/include/robo_cleaner_interfaces/msg/initial_robot_state.h
[3.410s] -- Up-to-date symlink: /home/ros2-user/ros2_workspace/robotics-v1/install/robo_cleaner_interfaces/include/robo_cleaner_interfaces/msg/robot_move_type.h
[3.411s] -- Up-to-date symlink: /home/ros2-user/ros2_workspace/robotics-v1/install/robo_cleaner_interfaces/include/robo_cleaner_interfaces/msg/rosidl_generator_c__visibility_control.h
[3.412s] -- Up-to-date symlink: /home/ros2-user/ros2_workspace/robotics-v1/install/robo_cleaner_interfaces/include/robo_cleaner_interfaces/msg/user_authenticate.h
[3.412s] -- Up-to-date symlink: /home/ros2-user/ros2_workspace/robotics-v1/install/robo_cleaner_interfaces/include/robo_cleaner_interfaces/srv/charge_battery.h
[3.413s] -- Up-to-date symlink: /home/ros2-user/ros2_workspace/robotics-v1/install/robo_cleaner_interfaces/include/robo_cleaner_interfaces/srv/detail/charge_battery__functions.h
[3.413s] -- Up-to-date symlink: /home/ros2-user/ros2_workspace/robotics-v1/install/robo_cleaner_interfaces/include/robo_cleaner_interfaces/srv/detail/charge_battery__struct.h
[3.414s] -- Up-to-date symlink: /home/ros2-user/ros2_workspace/robotics-v1/install/robo_cleaner_interfaces/include/robo_cleaner_interfaces/srv/detail/charge_battery__type_support.h
[3.415s] -- Up-to-date symlink: /home/ros2-user/ros2_workspace/robotics-v1/install/robo_cleaner_interfaces/include/robo_cleaner_interfaces/srv/detail/query_battery_status__functions.h
[3.416s] -- Up-to-date symlink: /home/ros2-user/ros2_workspace/robotics-v1/install/robo_cleaner_interfaces/include/robo_cleaner_interfaces/srv/detail/query_battery_status__struct.h
[3.416s] -- Up-to-date symlink: /home/ros2-user/ros2_workspace/robotics-v1/install/robo_cleaner_interfaces/include/robo_cleaner_interfaces/srv/detail/query_battery_status__type_support.h
[3.416s] -- Up-to-date symlink: /home/ros2-user/ros2_workspace/robotics-v1/install/robo_cleaner_interfaces/include/robo_cleaner_interfaces/srv/detail/query_initial_robot_state__functions.h
[3.419s] -- Up-to-date symlink: /home/ros2-user/ros2_workspace/robotics-v1/install/robo_cleaner_interfaces/include/robo_cleaner_interfaces/srv/detail/query_initial_robot_state__struct.h
[3.420s] -- Up-to-date symlink: /home/ros2-user/ros2_workspace/robotics-v1/install/robo_cleaner_interfaces/include/robo_cleaner_interfaces/srv/detail/query_initial_robot_state__type_support.h
[3.421s] -- Up-to-date symlink: /home/ros2-user/ros2_workspace/robotics-v1/install/robo_cleaner_interfaces/include/robo_cleaner_interfaces/srv/query_battery_status.h
[3.421s] -- Up-to-date symlink: /home/ros2-user/ros2_workspace/robotics-v1/install/robo_cleaner_interfaces/include/robo_cleaner_interfaces/srv/query_initial_robot_state.h
[3.422s] -- Up-to-date symlink: /home/ros2-user/ros2_workspace/robotics-v1/install/robo_cleaner_interfaces/share/robo_cleaner_interfaces/environment/library_path.sh
[3.422s] -- Up-to-date symlink: /home/ros2-user/ros2_workspace/robotics-v1/install/robo_cleaner_interfaces/share/robo_cleaner_interfaces/environment/library_path.dsv
[3.423s] -- Up-to-date symlink: /home/ros2-user/ros2_workspace/robotics-v1/install/robo_cleaner_interfaces/include/robo_cleaner_interfaces/action/detail/robot_move__rosidl_typesupport_fastrtps_c.h
[3.423s] -- Up-to-date symlink: /home/ros2-user/ros2_workspace/robotics-v1/install/robo_cleaner_interfaces/include/robo_cleaner_interfaces/msg/detail/battery_status__rosidl_typesupport_fastrtps_c.h
[3.424s] -- Up-to-date symlink: /home/ros2-user/ros2_workspace/robotics-v1/install/robo_cleaner_interfaces/include/robo_cleaner_interfaces/msg/detail/initial_robot_state__rosidl_typesupport_fastrtps_c.h
[3.424s] -- Up-to-date symlink: /home/ros2-user/ros2_workspace/robotics-v1/install/robo_cleaner_interfaces/include/robo_cleaner_interfaces/msg/detail/robot_move_type__rosidl_typesupport_fastrtps_c.h
[3.425s] -- Up-to-date symlink: /home/ros2-user/ros2_workspace/robotics-v1/install/robo_cleaner_interfaces/include/robo_cleaner_interfaces/msg/detail/user_authenticate__rosidl_typesupport_fastrtps_c.h
[3.425s] -- Up-to-date symlink: /home/ros2-user/ros2_workspace/robotics-v1/install/robo_cleaner_interfaces/include/robo_cleaner_interfaces/msg/rosidl_typesupport_fastrtps_c__visibility_control.h
[3.425s] -- Up-to-date symlink: /home/ros2-user/ros2_workspace/robotics-v1/install/robo_cleaner_interfaces/include/robo_cleaner_interfaces/srv/detail/charge_battery__rosidl_typesupport_fastrtps_c.h
[3.426s] -- Up-to-date symlink: /home/ros2-user/ros2_workspace/robotics-v1/install/robo_cleaner_interfaces/include/robo_cleaner_interfaces/srv/detail/query_battery_status__rosidl_typesupport_fastrtps_c.h
[3.429s] -- Up-to-date symlink: /home/ros2-user/ros2_workspace/robotics-v1/install/robo_cleaner_interfaces/include/robo_cleaner_interfaces/srv/detail/query_initial_robot_state__rosidl_typesupport_fastrtps_c.h
[3.429s] -- Up-to-date symlink: /home/ros2-user/ros2_workspace/robotics-v1/install/robo_cleaner_interfaces/lib/librobo_cleaner_interfaces__rosidl_typesupport_fastrtps_c.so
[3.430s] -- Up-to-date symlink: /home/ros2-user/ros2_workspace/robotics-v1/install/robo_cleaner_interfaces/include/robo_cleaner_interfaces/action/detail/robot_move__rosidl_typesupport_fastrtps_cpp.hpp
[3.430s] -- Up-to-date symlink: /home/ros2-user/ros2_workspace/robotics-v1/install/robo_cleaner_interfaces/include/robo_cleaner_interfaces/msg/detail/battery_status__rosidl_typesupport_fastrtps_cpp.hpp
[3.431s] -- Up-to-date symlink: /home/ros2-user/ros2_workspace/robotics-v1/install/robo_cleaner_interfaces/include/robo_cleaner_interfaces/msg/detail/initial_robot_state__rosidl_typesupport_fastrtps_cpp.hpp
[3.431s] -- Up-to-date symlink: /home/ros2-user/ros2_workspace/robotics-v1/install/robo_cleaner_interfaces/include/robo_cleaner_interfaces/msg/detail/robot_move_type__rosidl_typesupport_fastrtps_cpp.hpp
[3.431s] -- Up-to-date symlink: /home/ros2-user/ros2_workspace/robotics-v1/install/robo_cleaner_interfaces/include/robo_cleaner_interfaces/msg/detail/user_authenticate__rosidl_typesupport_fastrtps_cpp.hpp
[3.432s] -- Up-to-date symlink: /home/ros2-user/ros2_workspace/robotics-v1/install/robo_cleaner_interfaces/include/robo_cleaner_interfaces/msg/rosidl_typesupport_fastrtps_cpp__visibility_control.h
[3.432s] -- Up-to-date symlink: /home/ros2-user/ros2_workspace/robotics-v1/install/robo_cleaner_interfaces/include/robo_cleaner_interfaces/srv/detail/charge_battery__rosidl_typesupport_fastrtps_cpp.hpp
[3.433s] -- Up-to-date symlink: /home/ros2-user/ros2_workspace/robotics-v1/install/robo_cleaner_interfaces/include/robo_cleaner_interfaces/srv/detail/query_battery_status__rosidl_typesupport_fastrtps_cpp.hpp
[3.433s] -- Up-to-date symlink: /home/ros2-user/ros2_workspace/robotics-v1/install/robo_cleaner_interfaces/include/robo_cleaner_interfaces/srv/detail/query_initial_robot_state__rosidl_typesupport_fastrtps_cpp.hpp
[3.434s] -- Up-to-date symlink: /home/ros2-user/ros2_workspace/robotics-v1/install/robo_cleaner_interfaces/lib/librobo_cleaner_interfaces__rosidl_typesupport_fastrtps_cpp.so
[3.434s] -- Up-to-date symlink: /home/ros2-user/ros2_workspace/robotics-v1/install/robo_cleaner_interfaces/include/robo_cleaner_interfaces/action/detail/robot_move__rosidl_typesupport_introspection_c.h
[3.435s] -- Up-to-date symlink: /home/ros2-user/ros2_workspace/robotics-v1/install/robo_cleaner_interfaces/include/robo_cleaner_interfaces/msg/detail/battery_status__rosidl_typesupport_introspection_c.h
[3.436s] -- Up-to-date symlink: /home/ros2-user/ros2_workspace/robotics-v1/install/robo_cleaner_interfaces/include/robo_cleaner_interfaces/msg/detail/initial_robot_state__rosidl_typesupport_introspection_c.h
[3.436s] -- Up-to-date symlink: /home/ros2-user/ros2_workspace/robotics-v1/install/robo_cleaner_interfaces/include/robo_cleaner_interfaces/msg/detail/robot_move_type__rosidl_typesupport_introspection_c.h
[3.436s] -- Up-to-date symlink: /home/ros2-user/ros2_workspace/robotics-v1/install/robo_cleaner_interfaces/include/robo_cleaner_interfaces/msg/detail/user_authenticate__rosidl_typesupport_introspection_c.h
[3.437s] -- Up-to-date symlink: /home/ros2-user/ros2_workspace/robotics-v1/install/robo_cleaner_interfaces/include/robo_cleaner_interfaces/msg/rosidl_typesupport_introspection_c__visibility_control.h
[3.437s] -- Up-to-date symlink: /home/ros2-user/ros2_workspace/robotics-v1/install/robo_cleaner_interfaces/include/robo_cleaner_interfaces/srv/detail/charge_battery__rosidl_typesupport_introspection_c.h
[3.438s] -- Up-to-date symlink: /home/ros2-user/ros2_workspace/robotics-v1/install/robo_cleaner_interfaces/include/robo_cleaner_interfaces/srv/detail/query_battery_status__rosidl_typesupport_introspection_c.h
[3.438s] -- Up-to-date symlink: /home/ros2-user/ros2_workspace/robotics-v1/install/robo_cleaner_interfaces/include/robo_cleaner_interfaces/srv/detail/query_initial_robot_state__rosidl_typesupport_introspection_c.h
[3.438s] -- Up-to-date symlink: /home/ros2-user/ros2_workspace/robotics-v1/install/robo_cleaner_interfaces/include/robo_cleaner_interfaces/action/detail/robot_move__builder.hpp
[3.439s] -- Up-to-date symlink: /home/ros2-user/ros2_workspace/robotics-v1/install/robo_cleaner_interfaces/include/robo_cleaner_interfaces/action/detail/robot_move__struct.hpp
[3.439s] -- Up-to-date symlink: /home/ros2-user/ros2_workspace/robotics-v1/install/robo_cleaner_interfaces/include/robo_cleaner_interfaces/action/detail/robot_move__traits.hpp
[3.440s] -- Up-to-date symlink: /home/ros2-user/ros2_workspace/robotics-v1/install/robo_cleaner_interfaces/include/robo_cleaner_interfaces/action/robot_move.hpp
[3.441s] -- Up-to-date symlink: /home/ros2-user/ros2_workspace/robotics-v1/install/robo_cleaner_interfaces/include/robo_cleaner_interfaces/msg/battery_status.hpp
[3.441s] -- Up-to-date symlink: /home/ros2-user/ros2_workspace/robotics-v1/install/robo_cleaner_interfaces/include/robo_cleaner_interfaces/msg/detail/battery_status__builder.hpp
[3.442s] -- Up-to-date symlink: /home/ros2-user/ros2_workspace/robotics-v1/install/robo_cleaner_interfaces/include/robo_cleaner_interfaces/msg/detail/battery_status__struct.hpp
[3.442s] -- Up-to-date symlink: /home/ros2-user/ros2_workspace/robotics-v1/install/robo_cleaner_interfaces/include/robo_cleaner_interfaces/msg/detail/battery_status__traits.hpp
[3.442s] -- Up-to-date symlink: /home/ros2-user/ros2_workspace/robotics-v1/install/robo_cleaner_interfaces/include/robo_cleaner_interfaces/msg/detail/initial_robot_state__builder.hpp
[3.442s] -- Up-to-date symlink: /home/ros2-user/ros2_workspace/robotics-v1/install/robo_cleaner_interfaces/include/robo_cleaner_interfaces/msg/detail/initial_robot_state__struct.hpp
[3.443s] -- Up-to-date symlink: /home/ros2-user/ros2_workspace/robotics-v1/install/robo_cleaner_interfaces/include/robo_cleaner_interfaces/msg/detail/initial_robot_state__traits.hpp
[3.443s] -- Up-to-date symlink: /home/ros2-user/ros2_workspace/robotics-v1/install/robo_cleaner_interfaces/include/robo_cleaner_interfaces/msg/detail/robot_move_type__builder.hpp
[3.443s] -- Up-to-date symlink: /home/ros2-user/ros2_workspace/robotics-v1/install/robo_cleaner_interfaces/include/robo_cleaner_interfaces/msg/detail/robot_move_type__struct.hpp
[3.444s] -- Up-to-date symlink: /home/ros2-user/ros2_workspace/robotics-v1/install/robo_cleaner_interfaces/include/robo_cleaner_interfaces/msg/detail/robot_move_type__traits.hpp
[3.444s] -- Up-to-date symlink: /home/ros2-user/ros2_workspace/robotics-v1/install/robo_cleaner_interfaces/include/robo_cleaner_interfaces/msg/detail/user_authenticate__builder.hpp
[3.444s] -- Up-to-date symlink: /home/ros2-user/ros2_workspace/robotics-v1/install/robo_cleaner_interfaces/include/robo_cleaner_interfaces/msg/detail/user_authenticate__struct.hpp
[3.445s] -- Up-to-date symlink: /home/ros2-user/ros2_workspace/robotics-v1/install/robo_cleaner_interfaces/include/robo_cleaner_interfaces/msg/detail/user_authenticate__traits.hpp
[3.445s] -- Up-to-date symlink: /home/ros2-user/ros2_workspace/robotics-v1/install/robo_cleaner_interfaces/include/robo_cleaner_interfaces/msg/initial_robot_state.hpp
[3.445s] -- Up-to-date symlink: /home/ros2-user/ros2_workspace/robotics-v1/install/robo_cleaner_interfaces/include/robo_cleaner_interfaces/msg/robot_move_type.hpp
[3.446s] -- Up-to-date symlink: /home/ros2-user/ros2_workspace/robotics-v1/install/robo_cleaner_interfaces/include/robo_cleaner_interfaces/msg/user_authenticate.hpp
[3.446s] -- Up-to-date symlink: /home/ros2-user/ros2_workspace/robotics-v1/install/robo_cleaner_interfaces/include/robo_cleaner_interfaces/srv/charge_battery.hpp
[3.446s] -- Up-to-date symlink: /home/ros2-user/ros2_workspace/robotics-v1/install/robo_cleaner_interfaces/include/robo_cleaner_interfaces/srv/detail/charge_battery__builder.hpp
[3.447s] -- Up-to-date symlink: /home/ros2-user/ros2_workspace/robotics-v1/install/robo_cleaner_interfaces/include/robo_cleaner_interfaces/srv/detail/charge_battery__struct.hpp
[3.447s] -- Up-to-date symlink: /home/ros2-user/ros2_workspace/robotics-v1/install/robo_cleaner_interfaces/include/robo_cleaner_interfaces/srv/detail/charge_battery__traits.hpp
[3.448s] -- Up-to-date symlink: /home/ros2-user/ros2_workspace/robotics-v1/install/robo_cleaner_interfaces/include/robo_cleaner_interfaces/srv/detail/query_battery_status__builder.hpp
[3.448s] -- Up-to-date symlink: /home/ros2-user/ros2_workspace/robotics-v1/install/robo_cleaner_interfaces/include/robo_cleaner_interfaces/srv/detail/query_battery_status__struct.hpp
[3.448s] -- Up-to-date symlink: /home/ros2-user/ros2_workspace/robotics-v1/install/robo_cleaner_interfaces/include/robo_cleaner_interfaces/srv/detail/query_battery_status__traits.hpp
[3.449s] -- Up-to-date symlink: /home/ros2-user/ros2_workspace/robotics-v1/install/robo_cleaner_interfaces/include/robo_cleaner_interfaces/srv/detail/query_initial_robot_state__builder.hpp
[3.449s] -- Up-to-date symlink: /home/ros2-user/ros2_workspace/robotics-v1/install/robo_cleaner_interfaces/include/robo_cleaner_interfaces/srv/detail/query_initial_robot_state__struct.hpp
[3.450s] -- Up-to-date symlink: /home/ros2-user/ros2_workspace/robotics-v1/install/robo_cleaner_interfaces/include/robo_cleaner_interfaces/srv/detail/query_initial_robot_state__traits.hpp
[3.450s] -- Up-to-date symlink: /home/ros2-user/ros2_workspace/robotics-v1/install/robo_cleaner_interfaces/include/robo_cleaner_interfaces/srv/query_battery_status.hpp
[3.450s] -- Up-to-date symlink: /home/ros2-user/ros2_workspace/robotics-v1/install/robo_cleaner_interfaces/include/robo_cleaner_interfaces/srv/query_initial_robot_state.hpp
[3.451s] -- Up-to-date symlink: /home/ros2-user/ros2_workspace/robotics-v1/install/robo_cleaner_interfaces/include/robo_cleaner_interfaces/action/detail/robot_move__rosidl_typesupport_introspection_cpp.hpp
[3.451s] -- Up-to-date symlink: /home/ros2-user/ros2_workspace/robotics-v1/install/robo_cleaner_interfaces/include/robo_cleaner_interfaces/msg/detail/battery_status__rosidl_typesupport_introspection_cpp.hpp
[3.452s] -- Up-to-date symlink: /home/ros2-user/ros2_workspace/robotics-v1/install/robo_cleaner_interfaces/include/robo_cleaner_interfaces/msg/detail/initial_robot_state__rosidl_typesupport_introspection_cpp.hpp
[3.453s] -- Up-to-date symlink: /home/ros2-user/ros2_workspace/robotics-v1/install/robo_cleaner_interfaces/include/robo_cleaner_interfaces/msg/detail/robot_move_type__rosidl_typesupport_introspection_cpp.hpp
[3.453s] -- Up-to-date symlink: /home/ros2-user/ros2_workspace/robotics-v1/install/robo_cleaner_interfaces/include/robo_cleaner_interfaces/msg/detail/user_authenticate__rosidl_typesupport_introspection_cpp.hpp
[3.453s] -- Up-to-date symlink: /home/ros2-user/ros2_workspace/robotics-v1/install/robo_cleaner_interfaces/include/robo_cleaner_interfaces/srv/detail/charge_battery__rosidl_typesupport_introspection_cpp.hpp
[3.454s] -- Up-to-date symlink: /home/ros2-user/ros2_workspace/robotics-v1/install/robo_cleaner_interfaces/include/robo_cleaner_interfaces/srv/detail/query_battery_status__rosidl_typesupport_introspection_cpp.hpp
[3.455s] -- Up-to-date symlink: /home/ros2-user/ros2_workspace/robotics-v1/install/robo_cleaner_interfaces/include/robo_cleaner_interfaces/srv/detail/query_initial_robot_state__rosidl_typesupport_introspection_cpp.hpp
[3.455s] -- Up-to-date symlink: /home/ros2-user/ros2_workspace/robotics-v1/install/robo_cleaner_interfaces/share/robo_cleaner_interfaces/environment/pythonpath.sh
[3.456s] -- Up-to-date symlink: /home/ros2-user/ros2_workspace/robotics-v1/install/robo_cleaner_interfaces/share/robo_cleaner_interfaces/environment/pythonpath.dsv
[3.456s] -- Up-to-date symlink: /home/ros2-user/ros2_workspace/robotics-v1/install/robo_cleaner_interfaces/lib/python3.8/site-packages/robo_cleaner_interfaces/__init__.py
[3.457s] -- Up-to-date symlink: /home/ros2-user/ros2_workspace/robotics-v1/install/robo_cleaner_interfaces/lib/python3.8/site-packages/robo_cleaner_interfaces/msg/__init__.py
[3.457s] -- Up-to-date symlink: /home/ros2-user/ros2_workspace/robotics-v1/install/robo_cleaner_interfaces/lib/python3.8/site-packages/robo_cleaner_interfaces/msg/_battery_status.py
[3.457s] -- Up-to-date symlink: /home/ros2-user/ros2_workspace/robotics-v1/install/robo_cleaner_interfaces/lib/python3.8/site-packages/robo_cleaner_interfaces/msg/_initial_robot_state.py
[3.457s] -- Up-to-date symlink: /home/ros2-user/ros2_workspace/robotics-v1/install/robo_cleaner_interfaces/lib/python3.8/site-packages/robo_cleaner_interfaces/msg/_robot_move_type.py
[3.457s] -- Up-to-date symlink: /home/ros2-user/ros2_workspace/robotics-v1/install/robo_cleaner_interfaces/lib/python3.8/site-packages/robo_cleaner_interfaces/msg/_user_authenticate.py
[3.457s] -- Up-to-date symlink: /home/ros2-user/ros2_workspace/robotics-v1/install/robo_cleaner_interfaces/lib/python3.8/site-packages/robo_cleaner_interfaces/srv/__init__.py
[3.458s] -- Up-to-date symlink: /home/ros2-user/ros2_workspace/robotics-v1/install/robo_cleaner_interfaces/lib/python3.8/site-packages/robo_cleaner_interfaces/srv/_charge_battery.py
[3.458s] -- Up-to-date symlink: /home/ros2-user/ros2_workspace/robotics-v1/install/robo_cleaner_interfaces/lib/python3.8/site-packages/robo_cleaner_interfaces/srv/_query_battery_status.py
[3.458s] -- Up-to-date symlink: /home/ros2-user/ros2_workspace/robotics-v1/install/robo_cleaner_interfaces/lib/python3.8/site-packages/robo_cleaner_interfaces/srv/_query_initial_robot_state.py
[3.458s] -- Up-to-date symlink: /home/ros2-user/ros2_workspace/robotics-v1/install/robo_cleaner_interfaces/lib/python3.8/site-packages/robo_cleaner_interfaces/action/__init__.py
[3.458s] -- Up-to-date symlink: /home/ros2-user/ros2_workspace/robotics-v1/install/robo_cleaner_interfaces/lib/python3.8/site-packages/robo_cleaner_interfaces/action/_robot_move.py
[3.458s] -- Up-to-date symlink: /home/ros2-user/ros2_workspace/robotics-v1/install/robo_cleaner_interfaces/lib/python3.8/site-packages/robo_cleaner_interfaces/robo_cleaner_interfaces_s__rosidl_typesupport_fastrtps_c.cpython-38-x86_64-linux-gnu.so
[3.459s] -- Up-to-date symlink: /home/ros2-user/ros2_workspace/robotics-v1/install/robo_cleaner_interfaces/lib/python3.8/site-packages/robo_cleaner_interfaces/robo_cleaner_interfaces_s__rosidl_typesupport_introspection_c.cpython-38-x86_64-linux-gnu.so
[3.459s] -- Up-to-date symlink: /home/ros2-user/ros2_workspace/robotics-v1/install/robo_cleaner_interfaces/lib/python3.8/site-packages/robo_cleaner_interfaces/robo_cleaner_interfaces_s__rosidl_typesupport_c.cpython-38-x86_64-linux-gnu.so
[3.459s] -- Up-to-date symlink: /home/ros2-user/ros2_workspace/robotics-v1/install/robo_cleaner_interfaces/lib/librobo_cleaner_interfaces__python.so
[3.459s] -- Up-to-date symlink: /home/ros2-user/ros2_workspace/robotics-v1/install/robo_cleaner_interfaces/share/robo_cleaner_interfaces/msg/BatteryStatus.idl
[3.459s] -- Up-to-date symlink: /home/ros2-user/ros2_workspace/robotics-v1/install/robo_cleaner_interfaces/share/robo_cleaner_interfaces/msg/InitialRobotState.idl
[3.459s] -- Up-to-date symlink: /home/ros2-user/ros2_workspace/robotics-v1/install/robo_cleaner_interfaces/share/robo_cleaner_interfaces/msg/RobotMoveType.idl
[3.460s] -- Up-to-date symlink: /home/ros2-user/ros2_workspace/robotics-v1/install/robo_cleaner_interfaces/share/robo_cleaner_interfaces/msg/UserAuthenticate.idl
[3.460s] -- Up-to-date symlink: /home/ros2-user/ros2_workspace/robotics-v1/install/robo_cleaner_interfaces/share/robo_cleaner_interfaces/srv/ChargeBattery.idl
[3.460s] -- Up-to-date symlink: /home/ros2-user/ros2_workspace/robotics-v1/install/robo_cleaner_interfaces/share/robo_cleaner_interfaces/srv/QueryBatteryStatus.idl
[3.460s] -- Up-to-date symlink: /home/ros2-user/ros2_workspace/robotics-v1/install/robo_cleaner_interfaces/share/robo_cleaner_interfaces/srv/QueryInitialRobotState.idl
[3.460s] -- Up-to-date symlink: /home/ros2-user/ros2_workspace/robotics-v1/install/robo_cleaner_interfaces/share/robo_cleaner_interfaces/action/RobotMove.idl
[3.460s] -- Up-to-date symlink: /home/ros2-user/ros2_workspace/robotics-v1/install/robo_cleaner_interfaces/share/robo_cleaner_interfaces/msg/BatteryStatus.msg
[3.460s] -- Up-to-date symlink: /home/ros2-user/ros2_workspace/robotics-v1/install/robo_cleaner_interfaces/share/robo_cleaner_interfaces/msg/InitialRobotState.msg
[3.461s] -- Up-to-date symlink: /home/ros2-user/ros2_workspace/robotics-v1/install/robo_cleaner_interfaces/share/robo_cleaner_interfaces/msg/RobotMoveType.msg
[3.461s] -- Up-to-date symlink: /home/ros2-user/ros2_workspace/robotics-v1/install/robo_cleaner_interfaces/share/robo_cleaner_interfaces/msg/UserAuthenticate.msg
[3.461s] -- Up-to-date symlink: /home/ros2-user/ros2_workspace/robotics-v1/install/robo_cleaner_interfaces/share/robo_cleaner_interfaces/srv/ChargeBattery.srv
[3.461s] -- Up-to-date symlink: /home/ros2-user/ros2_workspace/robotics-v1/install/robo_cleaner_interfaces/share/robo_cleaner_interfaces/srv/ChargeBattery_Request.msg
[3.461s] -- Up-to-date symlink: /home/ros2-user/ros2_workspace/robotics-v1/install/robo_cleaner_interfaces/share/robo_cleaner_interfaces/srv/ChargeBattery_Response.msg
[3.461s] -- Up-to-date symlink: /home/ros2-user/ros2_workspace/robotics-v1/install/robo_cleaner_interfaces/share/robo_cleaner_interfaces/srv/QueryBatteryStatus.srv
[3.462s] -- Up-to-date symlink: /home/ros2-user/ros2_workspace/robotics-v1/install/robo_cleaner_interfaces/share/robo_cleaner_interfaces/srv/QueryBatteryStatus_Request.msg
[3.462s] -- Up-to-date symlink: /home/ros2-user/ros2_workspace/robotics-v1/install/robo_cleaner_interfaces/share/robo_cleaner_interfaces/srv/QueryBatteryStatus_Response.msg
[3.462s] -- Up-to-date symlink: /home/ros2-user/ros2_workspace/robotics-v1/install/robo_cleaner_interfaces/share/robo_cleaner_interfaces/srv/QueryInitialRobotState.srv
[3.462s] -- Up-to-date symlink: /home/ros2-user/ros2_workspace/robotics-v1/install/robo_cleaner_interfaces/share/robo_cleaner_interfaces/srv/QueryInitialRobotState_Request.msg
[3.462s] -- Up-to-date symlink: /home/ros2-user/ros2_workspace/robotics-v1/install/robo_cleaner_interfaces/share/robo_cleaner_interfaces/srv/QueryInitialRobotState_Response.msg
[3.462s] -- Up-to-date symlink: /home/ros2-user/ros2_workspace/robotics-v1/install/robo_cleaner_interfaces/share/robo_cleaner_interfaces/action/RobotMove.action
[3.462s] -- Up-to-date symlink: /home/ros2-user/ros2_workspace/robotics-v1/install/robo_cleaner_interfaces/share/ament_index/resource_index/package_run_dependencies/robo_cleaner_interfaces
[3.463s] -- Up-to-date symlink: /home/ros2-user/ros2_workspace/robotics-v1/install/robo_cleaner_interfaces/share/ament_index/resource_index/parent_prefix_path/robo_cleaner_interfaces
[3.463s] -- Up-to-date symlink: /home/ros2-user/ros2_workspace/robotics-v1/install/robo_cleaner_interfaces/share/robo_cleaner_interfaces/environment/ament_prefix_path.sh
[3.463s] -- Up-to-date symlink: /home/ros2-user/ros2_workspace/robotics-v1/install/robo_cleaner_interfaces/share/robo_cleaner_interfaces/environment/ament_prefix_path.dsv
[3.463s] -- Up-to-date symlink: /home/ros2-user/ros2_workspace/robotics-v1/install/robo_cleaner_interfaces/share/robo_cleaner_interfaces/environment/path.sh
[3.463s] -- Up-to-date symlink: /home/ros2-user/ros2_workspace/robotics-v1/install/robo_cleaner_interfaces/share/robo_cleaner_interfaces/environment/path.dsv
[3.463s] -- Up-to-date symlink: /home/ros2-user/ros2_workspace/robotics-v1/install/robo_cleaner_interfaces/share/robo_cleaner_interfaces/local_setup.bash
[3.463s] -- Up-to-date symlink: /home/ros2-user/ros2_workspace/robotics-v1/install/robo_cleaner_interfaces/share/robo_cleaner_interfaces/local_setup.sh
[3.464s] -- Up-to-date symlink: /home/ros2-user/ros2_workspace/robotics-v1/install/robo_cleaner_interfaces/share/robo_cleaner_interfaces/local_setup.zsh
[3.464s] -- Up-to-date symlink: /home/ros2-user/ros2_workspace/robotics-v1/install/robo_cleaner_interfaces/share/robo_cleaner_interfaces/local_setup.dsv
[3.464s] -- Symlinking: /home/ros2-user/ros2_workspace/robotics-v1/install/robo_cleaner_interfaces/share/robo_cleaner_interfaces/package.dsv
[3.474s] -- Up-to-date symlink: /home/ros2-user/ros2_workspace/robotics-v1/install/robo_cleaner_interfaces/share/ament_index/resource_index/packages/robo_cleaner_interfaces
[3.475s] -- Up-to-date symlink: /home/ros2-user/ros2_workspace/robotics-v1/install/robo_cleaner_interfaces/share/robo_cleaner_interfaces/cmake/rosidl_cmake-extras.cmake
[3.475s] -- Up-to-date symlink: /home/ros2-user/ros2_workspace/robotics-v1/install/robo_cleaner_interfaces/share/robo_cleaner_interfaces/cmake/ament_cmake_export_dependencies-extras.cmake
[3.476s] -- Up-to-date symlink: /home/ros2-user/ros2_workspace/robotics-v1/install/robo_cleaner_interfaces/share/robo_cleaner_interfaces/cmake/ament_cmake_export_libraries-extras.cmake
[3.476s] -- Up-to-date symlink: /home/ros2-user/ros2_workspace/robotics-v1/install/robo_cleaner_interfaces/share/robo_cleaner_interfaces/cmake/ament_cmake_export_targets-extras.cmake
[3.476s] -- Up-to-date symlink: /home/ros2-user/ros2_workspace/robotics-v1/install/robo_cleaner_interfaces/share/robo_cleaner_interfaces/cmake/ament_cmake_export_include_directories-extras.cmake
[3.477s] -- Up-to-date symlink: /home/ros2-user/ros2_workspace/robotics-v1/install/robo_cleaner_interfaces/share/robo_cleaner_interfaces/cmake/rosidl_cmake_export_typesupport_libraries-extras.cmake
[3.477s] -- Up-to-date symlink: /home/ros2-user/ros2_workspace/robotics-v1/install/robo_cleaner_interfaces/share/robo_cleaner_interfaces/cmake/rosidl_cmake_export_typesupport_targets-extras.cmake
[3.477s] -- Up-to-date symlink: /home/ros2-user/ros2_workspace/robotics-v1/install/robo_cleaner_interfaces/share/robo_cleaner_interfaces/cmake/robo_cleaner_interfacesConfig.cmake
[3.478s] -- Up-to-date symlink: /home/ros2-user/ros2_workspace/robotics-v1/install/robo_cleaner_interfaces/share/robo_cleaner_interfaces/cmake/robo_cleaner_interfacesConfig-version.cmake
[3.478s] -- Up-to-date symlink: /home/ros2-user/ros2_workspace/robotics-v1/install/robo_cleaner_interfaces/share/robo_cleaner_interfaces/package.xml
[3.479s] -- Up-to-date: /home/ros2-user/ros2_workspace/robotics-v1/install/robo_cleaner_interfaces/lib/librobo_cleaner_interfaces__rosidl_generator_c.so
[3.479s] -- Up-to-date: /home/ros2-user/ros2_workspace/robotics-v1/install/robo_cleaner_interfaces/lib/librobo_cleaner_interfaces__rosidl_typesupport_introspection_c.so
[3.480s] -- Up-to-date: /home/ros2-user/ros2_workspace/robotics-v1/install/robo_cleaner_interfaces/lib/librobo_cleaner_interfaces__rosidl_typesupport_c.so
[3.481s] -- Up-to-date: /home/ros2-user/ros2_workspace/robotics-v1/install/robo_cleaner_interfaces/lib/librobo_cleaner_interfaces__rosidl_typesupport_introspection_cpp.so
[3.481s] -- Up-to-date: /home/ros2-user/ros2_workspace/robotics-v1/install/robo_cleaner_interfaces/lib/librobo_cleaner_interfaces__rosidl_typesupport_cpp.so
[3.526s] Compiling '/home/ros2-user/ros2_workspace/robotics-v1/install/robo_cleaner_interfaces/lib/python3.8/site-packages/robo_cleaner_interfaces/__init__.py'...
[3.531s] -- Up-to-date: /home/ros2-user/ros2_workspace/robotics-v1/install/robo_cleaner_interfaces/share/robo_cleaner_interfaces/cmake/robo_cleaner_interfaces__rosidl_generator_cExport.cmake
[3.532s] -- Installing: /home/ros2-user/ros2_workspace/robotics-v1/install/robo_cleaner_interfaces/share/robo_cleaner_interfaces/cmake/robo_cleaner_interfaces__rosidl_generator_cExport-debug.cmake
[3.532s] -- Up-to-date: /home/ros2-user/ros2_workspace/robotics-v1/install/robo_cleaner_interfaces/share/robo_cleaner_interfaces/cmake/robo_cleaner_interfaces__rosidl_typesupport_introspection_cExport.cmake
[3.532s] -- Installing: /home/ros2-user/ros2_workspace/robotics-v1/install/robo_cleaner_interfaces/share/robo_cleaner_interfaces/cmake/robo_cleaner_interfaces__rosidl_typesupport_introspection_cExport-debug.cmake
[3.535s] -- Up-to-date: /home/ros2-user/ros2_workspace/robotics-v1/install/robo_cleaner_interfaces/share/robo_cleaner_interfaces/cmake/robo_cleaner_interfaces__rosidl_typesupport_cExport.cmake
[3.536s] -- Installing: /home/ros2-user/ros2_workspace/robotics-v1/install/robo_cleaner_interfaces/share/robo_cleaner_interfaces/cmake/robo_cleaner_interfaces__rosidl_typesupport_cExport-debug.cmake
[3.536s] -- Up-to-date: /home/ros2-user/ros2_workspace/robotics-v1/install/robo_cleaner_interfaces/share/robo_cleaner_interfaces/cmake/robo_cleaner_interfaces__rosidl_generator_cppExport.cmake
[3.536s] -- Up-to-date: /home/ros2-user/ros2_workspace/robotics-v1/install/robo_cleaner_interfaces/share/robo_cleaner_interfaces/cmake/robo_cleaner_interfaces__rosidl_typesupport_introspection_cppExport.cmake
[3.536s] -- Installing: /home/ros2-user/ros2_workspace/robotics-v1/install/robo_cleaner_interfaces/share/robo_cleaner_interfaces/cmake/robo_cleaner_interfaces__rosidl_typesupport_introspection_cppExport-debug.cmake
[3.537s] -- Up-to-date: /home/ros2-user/ros2_workspace/robotics-v1/install/robo_cleaner_interfaces/share/robo_cleaner_interfaces/cmake/robo_cleaner_interfaces__rosidl_typesupport_cppExport.cmake
[3.537s] -- Installing: /home/ros2-user/ros2_workspace/robotics-v1/install/robo_cleaner_interfaces/share/robo_cleaner_interfaces/cmake/robo_cleaner_interfaces__rosidl_typesupport_cppExport-debug.cmake
[3.545s] Invoked command in '/home/ros2-user/ros2_workspace/robotics-v1/build/robo_cleaner_interfaces' returned '0': CMAKE_PREFIX_PATH=/opt/ros/foxy /usr/bin/cmake --install /home/ros2-user/ros2_workspace/robotics-v1/build/robo_cleaner_interfaces
