-- The C compiler identification is GNU 9.4.0
-- The CXX compiler identification is GNU 9.4.0
-- Check for working C compiler: /usr/bin/cc
-- Check for working C compiler: /usr/bin/cc -- works
-- Detecting C compiler ABI info
-- Detecting C compiler ABI info - done
-- Detecting C compile features
-- Detecting C compile features - done
-- Check for working CXX compiler: /usr/bin/g++
-- Check for working CXX compiler: /usr/bin/g++ -- works
-- Detecting CXX compiler ABI info
-- Detecting CXX compiler ABI info - done
-- Detecting CXX compile features
-- Detecting CXX compile features - done
-- Found ament_cmake: 0.9.11 (/opt/ros/foxy/share/ament_cmake/cmake)
-- Found PythonInterp: /usr/bin/python3 (found suitable version "3.8.10", minimum required is "3") 
-- Using PYTHON_EXECUTABLE: /usr/bin/python3
-- Override CMake install command with custom implementation using symlinks instead of copying resources
-- Found rosidl_default_generators: 1.0.1 (/opt/ros/foxy/share/rosidl_default_generators/cmake)
-- Using all available rosidl_typesupport_c: rosidl_typesupport_fastrtps_c;rosidl_typesupport_introspection_c
-- Found rosidl_adapter: 1.3.0 (/opt/ros/foxy/share/rosidl_adapter/cmake)
-- Found OpenSSL: /usr/lib/x86_64-linux-gnu/libcrypto.so (found version "1.1.1f")  
-- Found FastRTPS: /opt/ros/foxy/include  
-- Using all available rosidl_typesupport_cpp: rosidl_typesupport_fastrtps_cpp;rosidl_typesupport_introspection_cpp
-- Found PythonInterp: /usr/bin/python3 (found version "3.8.10") 
-- Found ament_cmake_ros: 0.9.2 (/opt/ros/foxy/share/ament_cmake_ros/cmake)
-- Using all available rosidl_typesupport_c: rosidl_typesupport_fastrtps_c;rosidl_typesupport_introspection_c
-- Using all available rosidl_typesupport_cpp: rosidl_typesupport_fastrtps_cpp;rosidl_typesupport_introspection_cpp
-- Found PythonInterp: /usr/bin/python3 (found suitable version "3.8.10", minimum required is "3.5") 
-- Found python_cmake_module: 0.8.1 (/opt/ros/foxy/share/python_cmake_module/cmake)
-- Found PythonLibs: /usr/lib/x86_64-linux-gnu/libpython3.8.so (found suitable version "3.8.10", minimum required is "3.5") 
-- Using PYTHON_EXECUTABLE: /usr/bin/python3
-- Using PYTHON_INCLUDE_DIRS: /usr/include/python3.8
-- Using PYTHON_LIBRARIES: /usr/lib/x86_64-linux-gnu/libpython3.8.so
-- Found PythonExtra: .so  
-- Configuring done
-- Generating done
-- Build files have been written to: /home/ros2-user/ros2_workspace/robotics-v1/build/robo_collector_interfaces
[35m[1mScanning dependencies of target robo_collector_interfaces__cpp[0m
[  2%] [34m[1mGenerating C++ code for ROS interfaces[0m
[  5%] [34m[1mGenerating C code for ROS interfaces[0m
[35m[1mScanning dependencies of target robo_collector_interfaces__rosidl_generator_c[0m
[  7%] [32mBuilding C object CMakeFiles/robo_collector_interfaces__rosidl_generator_c.dir/rosidl_generator_c/robo_collector_interfaces/msg/detail/robot_move_type__functions.c.o[0m
[ 10%] [32mBuilding C object CMakeFiles/robo_collector_interfaces__rosidl_generator_c.dir/rosidl_generator_c/robo_collector_interfaces/msg/detail/user_authenticate__functions.c.o[0m
[ 10%] Built target robo_collector_interfaces__cpp
[ 12%] [34m[1mGenerating C++ type support for eProsima Fast-RTPS[0m
[ 15%] [34m[1mGenerating C++ introspection for ROS interfaces[0m
[ 17%] [32m[1mLinking C shared library librobo_collector_interfaces__rosidl_generator_c.so[0m
[ 17%] Built target robo_collector_interfaces__rosidl_generator_c
[ 20%] [34m[1mGenerating C++ type support dispatch for ROS interfaces[0m
[ 23%] [34m[1mGenerating C introspection for ROS interfaces[0m
[35m[1mScanning dependencies of target robo_collector_interfaces__rosidl_typesupport_introspection_cpp[0m
[35m[1mScanning dependencies of target robo_collector_interfaces__rosidl_typesupport_cpp[0m
[ 25%] [32mBuilding CXX object CMakeFiles/robo_collector_interfaces__rosidl_typesupport_introspection_cpp.dir/rosidl_typesupport_introspection_cpp/robo_collector_interfaces/msg/detail/robot_move_type__type_support.cpp.o[0m
[ 28%] [32mBuilding CXX object CMakeFiles/robo_collector_interfaces__rosidl_typesupport_cpp.dir/rosidl_typesupport_cpp/robo_collector_interfaces/msg/robot_move_type__type_support.cpp.o[0m
[35m[1mScanning dependencies of target robo_collector_interfaces__rosidl_typesupport_fastrtps_cpp[0m
[ 30%] [32mBuilding CXX object CMakeFiles/robo_collector_interfaces__rosidl_typesupport_fastrtps_cpp.dir/rosidl_typesupport_fastrtps_cpp/robo_collector_interfaces/msg/detail/dds_fastrtps/robot_move_type__type_support.cpp.o[0m
[ 33%] [32mBuilding CXX object CMakeFiles/robo_collector_interfaces__rosidl_typesupport_introspection_cpp.dir/rosidl_typesupport_introspection_cpp/robo_collector_interfaces/msg/detail/user_authenticate__type_support.cpp.o[0m
[35m[1mScanning dependencies of target robo_collector_interfaces__rosidl_typesupport_introspection_c[0m
[ 35%] [32mBuilding C object CMakeFiles/robo_collector_interfaces__rosidl_typesupport_introspection_c.dir/rosidl_typesupport_introspection_c/robo_collector_interfaces/msg/detail/robot_move_type__type_support.c.o[0m
[ 38%] [32mBuilding C object CMakeFiles/robo_collector_interfaces__rosidl_typesupport_introspection_c.dir/rosidl_typesupport_introspection_c/robo_collector_interfaces/msg/detail/user_authenticate__type_support.c.o[0m
[ 41%] [32m[1mLinking C shared library librobo_collector_interfaces__rosidl_typesupport_introspection_c.so[0m
[ 43%] [32mBuilding CXX object CMakeFiles/robo_collector_interfaces__rosidl_typesupport_cpp.dir/rosidl_typesupport_cpp/robo_collector_interfaces/msg/user_authenticate__type_support.cpp.o[0m
[ 43%] Built target robo_collector_interfaces__rosidl_typesupport_introspection_c
[ 46%] [32m[1mLinking CXX shared library librobo_collector_interfaces__rosidl_typesupport_introspection_cpp.so[0m
[ 48%] [32mBuilding CXX object CMakeFiles/robo_collector_interfaces__rosidl_typesupport_fastrtps_cpp.dir/rosidl_typesupport_fastrtps_cpp/robo_collector_interfaces/msg/detail/dds_fastrtps/user_authenticate__type_support.cpp.o[0m
[ 48%] Built target robo_collector_interfaces__rosidl_typesupport_introspection_cpp
[ 51%] [32m[1mLinking CXX shared library librobo_collector_interfaces__rosidl_typesupport_cpp.so[0m
[ 51%] Built target robo_collector_interfaces__rosidl_typesupport_cpp
[ 53%] [32m[1mLinking CXX shared library librobo_collector_interfaces__rosidl_typesupport_fastrtps_cpp.so[0m
[ 53%] Built target robo_collector_interfaces__rosidl_typesupport_fastrtps_cpp
[ 56%] [34m[1mGenerating C type support dispatch for ROS interfaces[0m
[35m[1mScanning dependencies of target robo_collector_interfaces__rosidl_typesupport_c[0m
[ 58%] [32mBuilding CXX object CMakeFiles/robo_collector_interfaces__rosidl_typesupport_c.dir/rosidl_typesupport_c/robo_collector_interfaces/msg/robot_move_type__type_support.cpp.o[0m
[ 61%] [32mBuilding CXX object CMakeFiles/robo_collector_interfaces__rosidl_typesupport_c.dir/rosidl_typesupport_c/robo_collector_interfaces/msg/user_authenticate__type_support.cpp.o[0m
[ 64%] [32m[1mLinking CXX shared library librobo_collector_interfaces__rosidl_typesupport_c.so[0m
[ 64%] Built target robo_collector_interfaces__rosidl_typesupport_c
[ 66%] [34m[1mGenerating C type support for eProsima Fast-RTPS[0m
[35m[1mScanning dependencies of target robo_collector_interfaces__rosidl_typesupport_fastrtps_c[0m
[ 69%] [32mBuilding CXX object CMakeFiles/robo_collector_interfaces__rosidl_typesupport_fastrtps_c.dir/rosidl_typesupport_fastrtps_c/robo_collector_interfaces/msg/detail/robot_move_type__type_support_c.cpp.o[0m
[ 71%] [32mBuilding CXX object CMakeFiles/robo_collector_interfaces__rosidl_typesupport_fastrtps_c.dir/rosidl_typesupport_fastrtps_c/robo_collector_interfaces/msg/detail/user_authenticate__type_support_c.cpp.o[0m
[ 74%] [32m[1mLinking CXX shared library librobo_collector_interfaces__rosidl_typesupport_fastrtps_c.so[0m
[ 74%] Built target robo_collector_interfaces__rosidl_typesupport_fastrtps_c
[35m[1mScanning dependencies of target robo_collector_interfaces[0m
[ 74%] Built target robo_collector_interfaces
[35m[1mScanning dependencies of target robo_collector_interfaces__py[0m
[ 76%] [34m[1mGenerating Python code for ROS interfaces[0m
[ 76%] Built target robo_collector_interfaces__py
[35m[1mScanning dependencies of target robo_collector_interfaces__python[0m
[ 79%] [32mBuilding C object CMakeFiles/robo_collector_interfaces__python.dir/rosidl_generator_py/robo_collector_interfaces/msg/_robot_move_type_s.c.o[0m
[ 82%] [32mBuilding C object CMakeFiles/robo_collector_interfaces__python.dir/rosidl_generator_py/robo_collector_interfaces/msg/_user_authenticate_s.c.o[0m
[ 84%] [32m[1mLinking C shared library rosidl_generator_py/robo_collector_interfaces/librobo_collector_interfaces__python.so[0m
[ 84%] Built target robo_collector_interfaces__python
[35m[1mScanning dependencies of target robo_collector_interfaces__rosidl_typesupport_c__pyext[0m
[ 87%] [32mBuilding C object CMakeFiles/robo_collector_interfaces__rosidl_typesupport_c__pyext.dir/rosidl_generator_py/robo_collector_interfaces/_robo_collector_interfaces_s.ep.rosidl_typesupport_c.c.o[0m
[ 89%] [32m[1mLinking C shared library rosidl_generator_py/robo_collector_interfaces/robo_collector_interfaces_s__rosidl_typesupport_c.cpython-38-x86_64-linux-gnu.so[0m
[ 89%] Built target robo_collector_interfaces__rosidl_typesupport_c__pyext
[35m[1mScanning dependencies of target robo_collector_interfaces__rosidl_typesupport_fastrtps_c__pyext[0m
[ 92%] [32mBuilding C object CMakeFiles/robo_collector_interfaces__rosidl_typesupport_fastrtps_c__pyext.dir/rosidl_generator_py/robo_collector_interfaces/_robo_collector_interfaces_s.ep.rosidl_typesupport_fastrtps_c.c.o[0m
[ 94%] [32m[1mLinking CXX shared library rosidl_generator_py/robo_collector_interfaces/robo_collector_interfaces_s__rosidl_typesupport_fastrtps_c.cpython-38-x86_64-linux-gnu.so[0m
[ 94%] Built target robo_collector_interfaces__rosidl_typesupport_fastrtps_c__pyext
[35m[1mScanning dependencies of target robo_collector_interfaces__rosidl_typesupport_introspection_c__pyext[0m
[ 97%] [32mBuilding C object CMakeFiles/robo_collector_interfaces__rosidl_typesupport_introspection_c__pyext.dir/rosidl_generator_py/robo_collector_interfaces/_robo_collector_interfaces_s.ep.rosidl_typesupport_introspection_c.c.o[0m
[100%] [32m[1mLinking C shared library rosidl_generator_py/robo_collector_interfaces/robo_collector_interfaces_s__rosidl_typesupport_introspection_c.cpython-38-x86_64-linux-gnu.so[0m
[100%] Built target robo_collector_interfaces__rosidl_typesupport_introspection_c__pyext
-- Install configuration: "Debug"
-- Execute custom install script
-- Symlinking: /home/ros2-user/ros2_workspace/robotics-v1/install/robo_collector_interfaces/share/ament_index/resource_index/rosidl_interfaces/robo_collector_interfaces
-- Symlinking: /home/ros2-user/ros2_workspace/robotics-v1/install/robo_collector_interfaces/include/robo_collector_interfaces/msg/detail/robot_move_type__functions.h
-- Symlinking: /home/ros2-user/ros2_workspace/robotics-v1/install/robo_collector_interfaces/include/robo_collector_interfaces/msg/detail/robot_move_type__struct.h
-- Symlinking: /home/ros2-user/ros2_workspace/robotics-v1/install/robo_collector_interfaces/include/robo_collector_interfaces/msg/detail/robot_move_type__type_support.h
-- Symlinking: /home/ros2-user/ros2_workspace/robotics-v1/install/robo_collector_interfaces/include/robo_collector_interfaces/msg/detail/user_authenticate__functions.h
-- Symlinking: /home/ros2-user/ros2_workspace/robotics-v1/install/robo_collector_interfaces/include/robo_collector_interfaces/msg/detail/user_authenticate__struct.h
-- Symlinking: /home/ros2-user/ros2_workspace/robotics-v1/install/robo_collector_interfaces/include/robo_collector_interfaces/msg/detail/user_authenticate__type_support.h
-- Symlinking: /home/ros2-user/ros2_workspace/robotics-v1/install/robo_collector_interfaces/include/robo_collector_interfaces/msg/robot_move_type.h
-- Symlinking: /home/ros2-user/ros2_workspace/robotics-v1/install/robo_collector_interfaces/include/robo_collector_interfaces/msg/rosidl_generator_c__visibility_control.h
-- Symlinking: /home/ros2-user/ros2_workspace/robotics-v1/install/robo_collector_interfaces/include/robo_collector_interfaces/msg/user_authenticate.h
-- Symlinking: /home/ros2-user/ros2_workspace/robotics-v1/install/robo_collector_interfaces/share/robo_collector_interfaces/environment/library_path.sh
-- Symlinking: /home/ros2-user/ros2_workspace/robotics-v1/install/robo_collector_interfaces/share/robo_collector_interfaces/environment/library_path.dsv
-- Symlinking: /home/ros2-user/ros2_workspace/robotics-v1/install/robo_collector_interfaces/include/robo_collector_interfaces/msg/detail/robot_move_type__rosidl_typesupport_fastrtps_c.h
-- Symlinking: /home/ros2-user/ros2_workspace/robotics-v1/install/robo_collector_interfaces/include/robo_collector_interfaces/msg/detail/user_authenticate__rosidl_typesupport_fastrtps_c.h
-- Symlinking: /home/ros2-user/ros2_workspace/robotics-v1/install/robo_collector_interfaces/include/robo_collector_interfaces/msg/rosidl_typesupport_fastrtps_c__visibility_control.h
-- Symlinking: /home/ros2-user/ros2_workspace/robotics-v1/install/robo_collector_interfaces/lib/librobo_collector_interfaces__rosidl_typesupport_fastrtps_c.so
-- Symlinking: /home/ros2-user/ros2_workspace/robotics-v1/install/robo_collector_interfaces/include/robo_collector_interfaces/msg/detail/robot_move_type__rosidl_typesupport_fastrtps_cpp.hpp
-- Symlinking: /home/ros2-user/ros2_workspace/robotics-v1/install/robo_collector_interfaces/include/robo_collector_interfaces/msg/detail/user_authenticate__rosidl_typesupport_fastrtps_cpp.hpp
-- Symlinking: /home/ros2-user/ros2_workspace/robotics-v1/install/robo_collector_interfaces/include/robo_collector_interfaces/msg/rosidl_typesupport_fastrtps_cpp__visibility_control.h
-- Symlinking: /home/ros2-user/ros2_workspace/robotics-v1/install/robo_collector_interfaces/lib/librobo_collector_interfaces__rosidl_typesupport_fastrtps_cpp.so
-- Symlinking: /home/ros2-user/ros2_workspace/robotics-v1/install/robo_collector_interfaces/include/robo_collector_interfaces/msg/detail/robot_move_type__rosidl_typesupport_introspection_c.h
-- Symlinking: /home/ros2-user/ros2_workspace/robotics-v1/install/robo_collector_interfaces/include/robo_collector_interfaces/msg/detail/user_authenticate__rosidl_typesupport_introspection_c.h
-- Symlinking: /home/ros2-user/ros2_workspace/robotics-v1/install/robo_collector_interfaces/include/robo_collector_interfaces/msg/rosidl_typesupport_introspection_c__visibility_control.h
-- Symlinking: /home/ros2-user/ros2_workspace/robotics-v1/install/robo_collector_interfaces/include/robo_collector_interfaces/msg/detail/robot_move_type__builder.hpp
-- Symlinking: /home/ros2-user/ros2_workspace/robotics-v1/install/robo_collector_interfaces/include/robo_collector_interfaces/msg/detail/robot_move_type__struct.hpp
-- Symlinking: /home/ros2-user/ros2_workspace/robotics-v1/install/robo_collector_interfaces/include/robo_collector_interfaces/msg/detail/robot_move_type__traits.hpp
-- Symlinking: /home/ros2-user/ros2_workspace/robotics-v1/install/robo_collector_interfaces/include/robo_collector_interfaces/msg/detail/user_authenticate__builder.hpp
-- Symlinking: /home/ros2-user/ros2_workspace/robotics-v1/install/robo_collector_interfaces/include/robo_collector_interfaces/msg/detail/user_authenticate__struct.hpp
-- Symlinking: /home/ros2-user/ros2_workspace/robotics-v1/install/robo_collector_interfaces/include/robo_collector_interfaces/msg/detail/user_authenticate__traits.hpp
-- Symlinking: /home/ros2-user/ros2_workspace/robotics-v1/install/robo_collector_interfaces/include/robo_collector_interfaces/msg/robot_move_type.hpp
-- Symlinking: /home/ros2-user/ros2_workspace/robotics-v1/install/robo_collector_interfaces/include/robo_collector_interfaces/msg/user_authenticate.hpp
-- Symlinking: /home/ros2-user/ros2_workspace/robotics-v1/install/robo_collector_interfaces/include/robo_collector_interfaces/msg/detail/robot_move_type__rosidl_typesupport_introspection_cpp.hpp
-- Symlinking: /home/ros2-user/ros2_workspace/robotics-v1/install/robo_collector_interfaces/include/robo_collector_interfaces/msg/detail/user_authenticate__rosidl_typesupport_introspection_cpp.hpp
-- Symlinking: /home/ros2-user/ros2_workspace/robotics-v1/install/robo_collector_interfaces/share/robo_collector_interfaces/environment/pythonpath.sh
-- Symlinking: /home/ros2-user/ros2_workspace/robotics-v1/install/robo_collector_interfaces/share/robo_collector_interfaces/environment/pythonpath.dsv
-- Symlinking: /home/ros2-user/ros2_workspace/robotics-v1/install/robo_collector_interfaces/lib/python3.8/site-packages/robo_collector_interfaces/__init__.py
-- Symlinking: /home/ros2-user/ros2_workspace/robotics-v1/install/robo_collector_interfaces/lib/python3.8/site-packages/robo_collector_interfaces/msg/__init__.py
-- Symlinking: /home/ros2-user/ros2_workspace/robotics-v1/install/robo_collector_interfaces/lib/python3.8/site-packages/robo_collector_interfaces/msg/_robot_move_type.py
-- Symlinking: /home/ros2-user/ros2_workspace/robotics-v1/install/robo_collector_interfaces/lib/python3.8/site-packages/robo_collector_interfaces/msg/_user_authenticate.py
-- Symlinking: /home/ros2-user/ros2_workspace/robotics-v1/install/robo_collector_interfaces/lib/python3.8/site-packages/robo_collector_interfaces/robo_collector_interfaces_s__rosidl_typesupport_fastrtps_c.cpython-38-x86_64-linux-gnu.so
-- Symlinking: /home/ros2-user/ros2_workspace/robotics-v1/install/robo_collector_interfaces/lib/python3.8/site-packages/robo_collector_interfaces/robo_collector_interfaces_s__rosidl_typesupport_introspection_c.cpython-38-x86_64-linux-gnu.so
-- Symlinking: /home/ros2-user/ros2_workspace/robotics-v1/install/robo_collector_interfaces/lib/python3.8/site-packages/robo_collector_interfaces/robo_collector_interfaces_s__rosidl_typesupport_c.cpython-38-x86_64-linux-gnu.so
-- Symlinking: /home/ros2-user/ros2_workspace/robotics-v1/install/robo_collector_interfaces/lib/librobo_collector_interfaces__python.so
-- Symlinking: /home/ros2-user/ros2_workspace/robotics-v1/install/robo_collector_interfaces/share/robo_collector_interfaces/msg/RobotMoveType.idl
-- Symlinking: /home/ros2-user/ros2_workspace/robotics-v1/install/robo_collector_interfaces/share/robo_collector_interfaces/msg/UserAuthenticate.idl
-- Symlinking: /home/ros2-user/ros2_workspace/robotics-v1/install/robo_collector_interfaces/share/robo_collector_interfaces/msg/RobotMoveType.msg
-- Symlinking: /home/ros2-user/ros2_workspace/robotics-v1/install/robo_collector_interfaces/share/robo_collector_interfaces/msg/UserAuthenticate.msg
-- Symlinking: /home/ros2-user/ros2_workspace/robotics-v1/install/robo_collector_interfaces/share/ament_index/resource_index/package_run_dependencies/robo_collector_interfaces
-- Symlinking: /home/ros2-user/ros2_workspace/robotics-v1/install/robo_collector_interfaces/share/ament_index/resource_index/parent_prefix_path/robo_collector_interfaces
-- Symlinking: /home/ros2-user/ros2_workspace/robotics-v1/install/robo_collector_interfaces/share/robo_collector_interfaces/environment/ament_prefix_path.sh
-- Symlinking: /home/ros2-user/ros2_workspace/robotics-v1/install/robo_collector_interfaces/share/robo_collector_interfaces/environment/ament_prefix_path.dsv
-- Symlinking: /home/ros2-user/ros2_workspace/robotics-v1/install/robo_collector_interfaces/share/robo_collector_interfaces/environment/path.sh
-- Symlinking: /home/ros2-user/ros2_workspace/robotics-v1/install/robo_collector_interfaces/share/robo_collector_interfaces/environment/path.dsv
-- Symlinking: /home/ros2-user/ros2_workspace/robotics-v1/install/robo_collector_interfaces/share/robo_collector_interfaces/local_setup.bash
-- Symlinking: /home/ros2-user/ros2_workspace/robotics-v1/install/robo_collector_interfaces/share/robo_collector_interfaces/local_setup.sh
-- Symlinking: /home/ros2-user/ros2_workspace/robotics-v1/install/robo_collector_interfaces/share/robo_collector_interfaces/local_setup.zsh
-- Symlinking: /home/ros2-user/ros2_workspace/robotics-v1/install/robo_collector_interfaces/share/robo_collector_interfaces/local_setup.dsv
-- Symlinking: /home/ros2-user/ros2_workspace/robotics-v1/install/robo_collector_interfaces/share/robo_collector_interfaces/package.dsv
-- Symlinking: /home/ros2-user/ros2_workspace/robotics-v1/install/robo_collector_interfaces/share/ament_index/resource_index/packages/robo_collector_interfaces
-- Symlinking: /home/ros2-user/ros2_workspace/robotics-v1/install/robo_collector_interfaces/share/robo_collector_interfaces/cmake/rosidl_cmake-extras.cmake
-- Symlinking: /home/ros2-user/ros2_workspace/robotics-v1/install/robo_collector_interfaces/share/robo_collector_interfaces/cmake/ament_cmake_export_dependencies-extras.cmake
-- Symlinking: /home/ros2-user/ros2_workspace/robotics-v1/install/robo_collector_interfaces/share/robo_collector_interfaces/cmake/ament_cmake_export_libraries-extras.cmake
-- Symlinking: /home/ros2-user/ros2_workspace/robotics-v1/install/robo_collector_interfaces/share/robo_collector_interfaces/cmake/ament_cmake_export_targets-extras.cmake
-- Symlinking: /home/ros2-user/ros2_workspace/robotics-v1/install/robo_collector_interfaces/share/robo_collector_interfaces/cmake/ament_cmake_export_include_directories-extras.cmake
-- Symlinking: /home/ros2-user/ros2_workspace/robotics-v1/install/robo_collector_interfaces/share/robo_collector_interfaces/cmake/rosidl_cmake_export_typesupport_libraries-extras.cmake
-- Symlinking: /home/ros2-user/ros2_workspace/robotics-v1/install/robo_collector_interfaces/share/robo_collector_interfaces/cmake/rosidl_cmake_export_typesupport_targets-extras.cmake
-- Symlinking: /home/ros2-user/ros2_workspace/robotics-v1/install/robo_collector_interfaces/share/robo_collector_interfaces/cmake/robo_collector_interfacesConfig.cmake
-- Symlinking: /home/ros2-user/ros2_workspace/robotics-v1/install/robo_collector_interfaces/share/robo_collector_interfaces/cmake/robo_collector_interfacesConfig-version.cmake
-- Symlinking: /home/ros2-user/ros2_workspace/robotics-v1/install/robo_collector_interfaces/share/robo_collector_interfaces/package.xml
-- Installing: /home/ros2-user/ros2_workspace/robotics-v1/install/robo_collector_interfaces/lib/librobo_collector_interfaces__rosidl_generator_c.so
-- Set runtime path of "/home/ros2-user/ros2_workspace/robotics-v1/install/robo_collector_interfaces/lib/librobo_collector_interfaces__rosidl_generator_c.so" to ""
-- Installing: /home/ros2-user/ros2_workspace/robotics-v1/install/robo_collector_interfaces/lib/librobo_collector_interfaces__rosidl_typesupport_introspection_c.so
-- Set runtime path of "/home/ros2-user/ros2_workspace/robotics-v1/install/robo_collector_interfaces/lib/librobo_collector_interfaces__rosidl_typesupport_introspection_c.so" to ""
-- Installing: /home/ros2-user/ros2_workspace/robotics-v1/install/robo_collector_interfaces/lib/librobo_collector_interfaces__rosidl_typesupport_c.so
-- Set runtime path of "/home/ros2-user/ros2_workspace/robotics-v1/install/robo_collector_interfaces/lib/librobo_collector_interfaces__rosidl_typesupport_c.so" to ""
-- Installing: /home/ros2-user/ros2_workspace/robotics-v1/install/robo_collector_interfaces/lib/librobo_collector_interfaces__rosidl_typesupport_introspection_cpp.so
-- Set runtime path of "/home/ros2-user/ros2_workspace/robotics-v1/install/robo_collector_interfaces/lib/librobo_collector_interfaces__rosidl_typesupport_introspection_cpp.so" to ""
-- Installing: /home/ros2-user/ros2_workspace/robotics-v1/install/robo_collector_interfaces/lib/librobo_collector_interfaces__rosidl_typesupport_cpp.so
-- Set runtime path of "/home/ros2-user/ros2_workspace/robotics-v1/install/robo_collector_interfaces/lib/librobo_collector_interfaces__rosidl_typesupport_cpp.so" to ""
Compiling '/home/ros2-user/ros2_workspace/robotics-v1/install/robo_collector_interfaces/lib/python3.8/site-packages/robo_collector_interfaces/__init__.py'...
-- Installing: /home/ros2-user/ros2_workspace/robotics-v1/install/robo_collector_interfaces/share/robo_collector_interfaces/cmake/robo_collector_interfaces__rosidl_generator_cExport.cmake
-- Installing: /home/ros2-user/ros2_workspace/robotics-v1/install/robo_collector_interfaces/share/robo_collector_interfaces/cmake/robo_collector_interfaces__rosidl_generator_cExport-debug.cmake
-- Installing: /home/ros2-user/ros2_workspace/robotics-v1/install/robo_collector_interfaces/share/robo_collector_interfaces/cmake/robo_collector_interfaces__rosidl_typesupport_introspection_cExport.cmake
-- Installing: /home/ros2-user/ros2_workspace/robotics-v1/install/robo_collector_interfaces/share/robo_collector_interfaces/cmake/robo_collector_interfaces__rosidl_typesupport_introspection_cExport-debug.cmake
-- Installing: /home/ros2-user/ros2_workspace/robotics-v1/install/robo_collector_interfaces/share/robo_collector_interfaces/cmake/robo_collector_interfaces__rosidl_typesupport_cExport.cmake
-- Installing: /home/ros2-user/ros2_workspace/robotics-v1/install/robo_collector_interfaces/share/robo_collector_interfaces/cmake/robo_collector_interfaces__rosidl_typesupport_cExport-debug.cmake
-- Installing: /home/ros2-user/ros2_workspace/robotics-v1/install/robo_collector_interfaces/share/robo_collector_interfaces/cmake/robo_collector_interfaces__rosidl_generator_cppExport.cmake
-- Installing: /home/ros2-user/ros2_workspace/robotics-v1/install/robo_collector_interfaces/share/robo_collector_interfaces/cmake/robo_collector_interfaces__rosidl_typesupport_introspection_cppExport.cmake
-- Installing: /home/ros2-user/ros2_workspace/robotics-v1/install/robo_collector_interfaces/share/robo_collector_interfaces/cmake/robo_collector_interfaces__rosidl_typesupport_introspection_cppExport-debug.cmake
-- Installing: /home/ros2-user/ros2_workspace/robotics-v1/install/robo_collector_interfaces/share/robo_collector_interfaces/cmake/robo_collector_interfaces__rosidl_typesupport_cppExport.cmake
-- Installing: /home/ros2-user/ros2_workspace/robotics-v1/install/robo_collector_interfaces/share/robo_collector_interfaces/cmake/robo_collector_interfaces__rosidl_typesupport_cppExport-debug.cmake
