[0.105s] Invoking command in '/home/ros2-user/ros2_workspace/robotics-v1/build/robo_collector_interfaces': CMAKE_PREFIX_PATH=/opt/ros/foxy /usr/bin/cmake /home/ros2-user/ros2_workspace/robotics-v1/src/robo_collector/robo_collector_interfaces -DCMAKE_BUILD_TYPE=Debug -DCMAKE_CXX_COMPILER=/usr/bin/g++ -DAMENT_CMAKE_SYMLINK_INSTALL=1 -DCMAKE_INSTALL_PREFIX=/home/ros2-user/ros2_workspace/robotics-v1/install/robo_collector_interfaces
[0.297s] -- The C compiler identification is GNU 9.4.0
[0.495s] -- The CXX compiler identification is GNU 9.4.0
[0.518s] -- Check for working C compiler: /usr/bin/cc
[0.784s] -- Check for working C compiler: /usr/bin/cc -- works
[0.784s] -- Detecting C compiler ABI info
[1.075s] -- Detecting C compiler ABI info - done
[1.107s] -- Detecting C compile features
[1.107s] -- Detecting C compile features - done
[1.113s] -- Check for working CXX compiler: /usr/bin/g++
[1.369s] -- Check for working CXX compiler: /usr/bin/g++ -- works
[1.378s] -- Detecting CXX compiler ABI info
[1.696s] -- Detecting CXX compiler ABI info - done
[1.723s] -- Detecting CXX compile features
[1.725s] -- Detecting CXX compile features - done
[1.734s] -- Found ament_cmake: 0.9.11 (/opt/ros/foxy/share/ament_cmake/cmake)
[1.804s] -- Found PythonInterp: /usr/bin/python3 (found suitable version "3.8.10", minimum required is "3") 
[1.805s] -- Using PYTHON_EXECUTABLE: /usr/bin/python3
[2.299s] -- Override CMake install command with custom implementation using symlinks instead of copying resources
[2.574s] -- Found rosidl_default_generators: 1.0.1 (/opt/ros/foxy/share/rosidl_default_generators/cmake)
[2.661s] -- Using all available rosidl_typesupport_c: rosidl_typesupport_fastrtps_c;rosidl_typesupport_introspection_c
[2.733s] -- Found rosidl_adapter: 1.3.0 (/opt/ros/foxy/share/rosidl_adapter/cmake)
[3.708s] -- Found OpenSSL: /usr/lib/x86_64-linux-gnu/libcrypto.so (found version "1.1.1f")  
[3.814s] -- Found FastRTPS: /opt/ros/foxy/include  
[4.158s] -- Using all available rosidl_typesupport_cpp: rosidl_typesupport_fastrtps_cpp;rosidl_typesupport_introspection_cpp
[4.803s] -- Found PythonInterp: /usr/bin/python3 (found version "3.8.10") 
[5.309s] -- Found ament_cmake_ros: 0.9.2 (/opt/ros/foxy/share/ament_cmake_ros/cmake)
[5.953s] -- Using all available rosidl_typesupport_c: rosidl_typesupport_fastrtps_c;rosidl_typesupport_introspection_c
[6.057s] -- Using all available rosidl_typesupport_cpp: rosidl_typesupport_fastrtps_cpp;rosidl_typesupport_introspection_cpp
[6.231s] -- Found PythonInterp: /usr/bin/python3 (found suitable version "3.8.10", minimum required is "3.5") 
[6.233s] -- Found python_cmake_module: 0.8.1 (/opt/ros/foxy/share/python_cmake_module/cmake)
[6.772s] -- Found PythonLibs: /usr/lib/x86_64-linux-gnu/libpython3.8.so (found suitable version "3.8.10", minimum required is "3.5") 
[6.772s] -- Using PYTHON_EXECUTABLE: /usr/bin/python3
[6.772s] -- Using PYTHON_INCLUDE_DIRS: /usr/include/python3.8
[6.772s] -- Using PYTHON_LIBRARIES: /usr/lib/x86_64-linux-gnu/libpython3.8.so
[6.807s] -- Found PythonExtra: .so  
[7.247s] -- Configuring done
[7.374s] -- Generating done
[7.387s] -- Build files have been written to: /home/ros2-user/ros2_workspace/robotics-v1/build/robo_collector_interfaces
[7.404s] Invoked command in '/home/ros2-user/ros2_workspace/robotics-v1/build/robo_collector_interfaces' returned '0': CMAKE_PREFIX_PATH=/opt/ros/foxy /usr/bin/cmake /home/ros2-user/ros2_workspace/robotics-v1/src/robo_collector/robo_collector_interfaces -DCMAKE_BUILD_TYPE=Debug -DCMAKE_CXX_COMPILER=/usr/bin/g++ -DAMENT_CMAKE_SYMLINK_INSTALL=1 -DCMAKE_INSTALL_PREFIX=/home/ros2-user/ros2_workspace/robotics-v1/install/robo_collector_interfaces
[7.406s] Invoking command in '/home/ros2-user/ros2_workspace/robotics-v1/build/robo_collector_interfaces': CMAKE_PREFIX_PATH=/opt/ros/foxy /usr/bin/cmake --build /home/ros2-user/ros2_workspace/robotics-v1/build/robo_collector_interfaces -- -j4 -l4
[7.725s] [35m[1mScanning dependencies of target robo_collector_interfaces__cpp[0m
[7.762s] [  2%] [34m[1mGenerating C++ code for ROS interfaces[0m
[7.783s] [  5%] [34m[1mGenerating C code for ROS interfaces[0m
[10.423s] [35m[1mScanning dependencies of target robo_collector_interfaces__rosidl_generator_c[0m
[10.808s] [  7%] [32mBuilding C object CMakeFiles/robo_collector_interfaces__rosidl_generator_c.dir/rosidl_generator_c/robo_collector_interfaces/msg/detail/robot_move_type__functions.c.o[0m
[10.814s] [ 10%] [32mBuilding C object CMakeFiles/robo_collector_interfaces__rosidl_generator_c.dir/rosidl_generator_c/robo_collector_interfaces/msg/detail/user_authenticate__functions.c.o[0m
[10.832s] [ 10%] Built target robo_collector_interfaces__cpp
[10.913s] [ 12%] [34m[1mGenerating C++ type support for eProsima Fast-RTPS[0m
[10.930s] [ 15%] [34m[1mGenerating C++ introspection for ROS interfaces[0m
[11.458s] [ 17%] [32m[1mLinking C shared library librobo_collector_interfaces__rosidl_generator_c.so[0m
[11.955s] [ 17%] Built target robo_collector_interfaces__rosidl_generator_c
[12.118s] [ 20%] [34m[1mGenerating C++ type support dispatch for ROS interfaces[0m
[12.122s] [ 23%] [34m[1mGenerating C introspection for ROS interfaces[0m
[12.766s] [35m[1mScanning dependencies of target robo_collector_interfaces__rosidl_typesupport_introspection_cpp[0m
[12.910s] [35m[1mScanning dependencies of target robo_collector_interfaces__rosidl_typesupport_cpp[0m
[13.331s] [ 25%] [32mBuilding CXX object CMakeFiles/robo_collector_interfaces__rosidl_typesupport_introspection_cpp.dir/rosidl_typesupport_introspection_cpp/robo_collector_interfaces/msg/detail/robot_move_type__type_support.cpp.o[0m
[13.615s] [ 28%] [32mBuilding CXX object CMakeFiles/robo_collector_interfaces__rosidl_typesupport_cpp.dir/rosidl_typesupport_cpp/robo_collector_interfaces/msg/robot_move_type__type_support.cpp.o[0m
[13.785s] [35m[1mScanning dependencies of target robo_collector_interfaces__rosidl_typesupport_fastrtps_cpp[0m
[13.982s] [ 30%] [32mBuilding CXX object CMakeFiles/robo_collector_interfaces__rosidl_typesupport_fastrtps_cpp.dir/rosidl_typesupport_fastrtps_cpp/robo_collector_interfaces/msg/detail/dds_fastrtps/robot_move_type__type_support.cpp.o[0m
[15.424s] [ 33%] [32mBuilding CXX object CMakeFiles/robo_collector_interfaces__rosidl_typesupport_introspection_cpp.dir/rosidl_typesupport_introspection_cpp/robo_collector_interfaces/msg/detail/user_authenticate__type_support.cpp.o[0m
[15.478s] [35m[1mScanning dependencies of target robo_collector_interfaces__rosidl_typesupport_introspection_c[0m
[15.644s] [ 35%] [32mBuilding C object CMakeFiles/robo_collector_interfaces__rosidl_typesupport_introspection_c.dir/rosidl_typesupport_introspection_c/robo_collector_interfaces/msg/detail/robot_move_type__type_support.c.o[0m
[16.164s] [ 38%] [32mBuilding C object CMakeFiles/robo_collector_interfaces__rosidl_typesupport_introspection_c.dir/rosidl_typesupport_introspection_c/robo_collector_interfaces/msg/detail/user_authenticate__type_support.c.o[0m
[16.726s] [ 41%] [32m[1mLinking C shared library librobo_collector_interfaces__rosidl_typesupport_introspection_c.so[0m
[16.990s] [ 43%] [32mBuilding CXX object CMakeFiles/robo_collector_interfaces__rosidl_typesupport_cpp.dir/rosidl_typesupport_cpp/robo_collector_interfaces/msg/user_authenticate__type_support.cpp.o[0m
[17.259s] [ 43%] Built target robo_collector_interfaces__rosidl_typesupport_introspection_c
[17.395s] [ 46%] [32m[1mLinking CXX shared library librobo_collector_interfaces__rosidl_typesupport_introspection_cpp.so[0m
[17.831s] [ 48%] [32mBuilding CXX object CMakeFiles/robo_collector_interfaces__rosidl_typesupport_fastrtps_cpp.dir/rosidl_typesupport_fastrtps_cpp/robo_collector_interfaces/msg/detail/dds_fastrtps/user_authenticate__type_support.cpp.o[0m
[18.137s] [ 48%] Built target robo_collector_interfaces__rosidl_typesupport_introspection_cpp
[18.490s] [ 51%] [32m[1mLinking CXX shared library librobo_collector_interfaces__rosidl_typesupport_cpp.so[0m
[18.719s] [ 51%] Built target robo_collector_interfaces__rosidl_typesupport_cpp
[19.767s] [ 53%] [32m[1mLinking CXX shared library librobo_collector_interfaces__rosidl_typesupport_fastrtps_cpp.so[0m
[20.208s] [ 53%] Built target robo_collector_interfaces__rosidl_typesupport_fastrtps_cpp
[20.256s] [ 56%] [34m[1mGenerating C type support dispatch for ROS interfaces[0m
[20.883s] [35m[1mScanning dependencies of target robo_collector_interfaces__rosidl_typesupport_c[0m
[21.007s] [ 58%] [32mBuilding CXX object CMakeFiles/robo_collector_interfaces__rosidl_typesupport_c.dir/rosidl_typesupport_c/robo_collector_interfaces/msg/robot_move_type__type_support.cpp.o[0m
[21.126s] [ 61%] [32mBuilding CXX object CMakeFiles/robo_collector_interfaces__rosidl_typesupport_c.dir/rosidl_typesupport_c/robo_collector_interfaces/msg/user_authenticate__type_support.cpp.o[0m
[21.240s] [ 64%] [32m[1mLinking CXX shared library librobo_collector_interfaces__rosidl_typesupport_c.so[0m
[21.422s] [ 64%] Built target robo_collector_interfaces__rosidl_typesupport_c
[21.453s] [ 66%] [34m[1mGenerating C type support for eProsima Fast-RTPS[0m
[22.113s] [35m[1mScanning dependencies of target robo_collector_interfaces__rosidl_typesupport_fastrtps_c[0m
[22.177s] [ 69%] [32mBuilding CXX object CMakeFiles/robo_collector_interfaces__rosidl_typesupport_fastrtps_c.dir/rosidl_typesupport_fastrtps_c/robo_collector_interfaces/msg/detail/robot_move_type__type_support_c.cpp.o[0m
[23.086s] [ 71%] [32mBuilding CXX object CMakeFiles/robo_collector_interfaces__rosidl_typesupport_fastrtps_c.dir/rosidl_typesupport_fastrtps_c/robo_collector_interfaces/msg/detail/user_authenticate__type_support_c.cpp.o[0m
[24.075s] [ 74%] [32m[1mLinking CXX shared library librobo_collector_interfaces__rosidl_typesupport_fastrtps_c.so[0m
[24.453s] [ 74%] Built target robo_collector_interfaces__rosidl_typesupport_fastrtps_c
[24.527s] [35m[1mScanning dependencies of target robo_collector_interfaces[0m
[24.558s] [ 74%] Built target robo_collector_interfaces
[24.592s] [35m[1mScanning dependencies of target robo_collector_interfaces__py[0m
[24.616s] [ 76%] [34m[1mGenerating Python code for ROS interfaces[0m
[26.026s] [ 76%] Built target robo_collector_interfaces__py
[26.046s] [35m[1mScanning dependencies of target robo_collector_interfaces__python[0m
[26.801s] [ 79%] [32mBuilding C object CMakeFiles/robo_collector_interfaces__python.dir/rosidl_generator_py/robo_collector_interfaces/msg/_robot_move_type_s.c.o[0m
[27.171s] [ 82%] [32mBuilding C object CMakeFiles/robo_collector_interfaces__python.dir/rosidl_generator_py/robo_collector_interfaces/msg/_user_authenticate_s.c.o[0m
[27.475s] [ 84%] [32m[1mLinking C shared library rosidl_generator_py/robo_collector_interfaces/librobo_collector_interfaces__python.so[0m
[27.740s] [ 84%] Built target robo_collector_interfaces__python
[27.813s] [35m[1mScanning dependencies of target robo_collector_interfaces__rosidl_typesupport_c__pyext[0m
[28.289s] [ 87%] [32mBuilding C object CMakeFiles/robo_collector_interfaces__rosidl_typesupport_c__pyext.dir/rosidl_generator_py/robo_collector_interfaces/_robo_collector_interfaces_s.ep.rosidl_typesupport_c.c.o[0m
[28.633s] [ 89%] [32m[1mLinking C shared library rosidl_generator_py/robo_collector_interfaces/robo_collector_interfaces_s__rosidl_typesupport_c.cpython-38-x86_64-linux-gnu.so[0m
[28.848s] [ 89%] Built target robo_collector_interfaces__rosidl_typesupport_c__pyext
[29.142s] [35m[1mScanning dependencies of target robo_collector_interfaces__rosidl_typesupport_fastrtps_c__pyext[0m
[29.261s] [ 92%] [32mBuilding C object CMakeFiles/robo_collector_interfaces__rosidl_typesupport_fastrtps_c__pyext.dir/rosidl_generator_py/robo_collector_interfaces/_robo_collector_interfaces_s.ep.rosidl_typesupport_fastrtps_c.c.o[0m
[29.712s] [ 94%] [32m[1mLinking CXX shared library rosidl_generator_py/robo_collector_interfaces/robo_collector_interfaces_s__rosidl_typesupport_fastrtps_c.cpython-38-x86_64-linux-gnu.so[0m
[30.127s] [ 94%] Built target robo_collector_interfaces__rosidl_typesupport_fastrtps_c__pyext
[30.181s] [35m[1mScanning dependencies of target robo_collector_interfaces__rosidl_typesupport_introspection_c__pyext[0m
[30.310s] [ 97%] [32mBuilding C object CMakeFiles/robo_collector_interfaces__rosidl_typesupport_introspection_c__pyext.dir/rosidl_generator_py/robo_collector_interfaces/_robo_collector_interfaces_s.ep.rosidl_typesupport_introspection_c.c.o[0m
[30.852s] [100%] [32m[1mLinking C shared library rosidl_generator_py/robo_collector_interfaces/robo_collector_interfaces_s__rosidl_typesupport_introspection_c.cpython-38-x86_64-linux-gnu.so[0m
[31.293s] [100%] Built target robo_collector_interfaces__rosidl_typesupport_introspection_c__pyext
[31.382s] Invoked command in '/home/ros2-user/ros2_workspace/robotics-v1/build/robo_collector_interfaces' returned '0': CMAKE_PREFIX_PATH=/opt/ros/foxy /usr/bin/cmake --build /home/ros2-user/ros2_workspace/robotics-v1/build/robo_collector_interfaces -- -j4 -l4
[31.790s] Invoking command in '/home/ros2-user/ros2_workspace/robotics-v1/build/robo_collector_interfaces': CMAKE_PREFIX_PATH=/opt/ros/foxy /usr/bin/cmake --install /home/ros2-user/ros2_workspace/robotics-v1/build/robo_collector_interfaces
[31.807s] -- Install configuration: "Debug"
[31.808s] -- Execute custom install script
[31.809s] -- Symlinking: /home/ros2-user/ros2_workspace/robotics-v1/install/robo_collector_interfaces/share/ament_index/resource_index/rosidl_interfaces/robo_collector_interfaces
[31.875s] -- Symlinking: /home/ros2-user/ros2_workspace/robotics-v1/install/robo_collector_interfaces/include/robo_collector_interfaces/msg/detail/robot_move_type__functions.h
[31.915s] -- Symlinking: /home/ros2-user/ros2_workspace/robotics-v1/install/robo_collector_interfaces/include/robo_collector_interfaces/msg/detail/robot_move_type__struct.h
[31.961s] -- Symlinking: /home/ros2-user/ros2_workspace/robotics-v1/install/robo_collector_interfaces/include/robo_collector_interfaces/msg/detail/robot_move_type__type_support.h
[32.004s] -- Symlinking: /home/ros2-user/ros2_workspace/robotics-v1/install/robo_collector_interfaces/include/robo_collector_interfaces/msg/detail/user_authenticate__functions.h
[32.053s] -- Symlinking: /home/ros2-user/ros2_workspace/robotics-v1/install/robo_collector_interfaces/include/robo_collector_interfaces/msg/detail/user_authenticate__struct.h
[32.103s] -- Symlinking: /home/ros2-user/ros2_workspace/robotics-v1/install/robo_collector_interfaces/include/robo_collector_interfaces/msg/detail/user_authenticate__type_support.h
[32.151s] -- Symlinking: /home/ros2-user/ros2_workspace/robotics-v1/install/robo_collector_interfaces/include/robo_collector_interfaces/msg/robot_move_type.h
[32.189s] -- Symlinking: /home/ros2-user/ros2_workspace/robotics-v1/install/robo_collector_interfaces/include/robo_collector_interfaces/msg/rosidl_generator_c__visibility_control.h
[32.228s] -- Symlinking: /home/ros2-user/ros2_workspace/robotics-v1/install/robo_collector_interfaces/include/robo_collector_interfaces/msg/user_authenticate.h
[32.277s] -- Symlinking: /home/ros2-user/ros2_workspace/robotics-v1/install/robo_collector_interfaces/share/robo_collector_interfaces/environment/library_path.sh
[32.325s] -- Symlinking: /home/ros2-user/ros2_workspace/robotics-v1/install/robo_collector_interfaces/share/robo_collector_interfaces/environment/library_path.dsv
[32.371s] -- Symlinking: /home/ros2-user/ros2_workspace/robotics-v1/install/robo_collector_interfaces/include/robo_collector_interfaces/msg/detail/robot_move_type__rosidl_typesupport_fastrtps_c.h
[32.423s] -- Symlinking: /home/ros2-user/ros2_workspace/robotics-v1/install/robo_collector_interfaces/include/robo_collector_interfaces/msg/detail/user_authenticate__rosidl_typesupport_fastrtps_c.h
[32.478s] -- Symlinking: /home/ros2-user/ros2_workspace/robotics-v1/install/robo_collector_interfaces/include/robo_collector_interfaces/msg/rosidl_typesupport_fastrtps_c__visibility_control.h
[32.504s] -- Symlinking: /home/ros2-user/ros2_workspace/robotics-v1/install/robo_collector_interfaces/lib/librobo_collector_interfaces__rosidl_typesupport_fastrtps_c.so
[32.534s] -- Symlinking: /home/ros2-user/ros2_workspace/robotics-v1/install/robo_collector_interfaces/include/robo_collector_interfaces/msg/detail/robot_move_type__rosidl_typesupport_fastrtps_cpp.hpp
[32.575s] -- Symlinking: /home/ros2-user/ros2_workspace/robotics-v1/install/robo_collector_interfaces/include/robo_collector_interfaces/msg/detail/user_authenticate__rosidl_typesupport_fastrtps_cpp.hpp
[32.621s] -- Symlinking: /home/ros2-user/ros2_workspace/robotics-v1/install/robo_collector_interfaces/include/robo_collector_interfaces/msg/rosidl_typesupport_fastrtps_cpp__visibility_control.h
[32.733s] -- Symlinking: /home/ros2-user/ros2_workspace/robotics-v1/install/robo_collector_interfaces/lib/librobo_collector_interfaces__rosidl_typesupport_fastrtps_cpp.so
[32.773s] -- Symlinking: /home/ros2-user/ros2_workspace/robotics-v1/install/robo_collector_interfaces/include/robo_collector_interfaces/msg/detail/robot_move_type__rosidl_typesupport_introspection_c.h
[32.836s] -- Symlinking: /home/ros2-user/ros2_workspace/robotics-v1/install/robo_collector_interfaces/include/robo_collector_interfaces/msg/detail/user_authenticate__rosidl_typesupport_introspection_c.h
[32.887s] -- Symlinking: /home/ros2-user/ros2_workspace/robotics-v1/install/robo_collector_interfaces/include/robo_collector_interfaces/msg/rosidl_typesupport_introspection_c__visibility_control.h
[32.912s] -- Symlinking: /home/ros2-user/ros2_workspace/robotics-v1/install/robo_collector_interfaces/include/robo_collector_interfaces/msg/detail/robot_move_type__builder.hpp
[32.944s] -- Symlinking: /home/ros2-user/ros2_workspace/robotics-v1/install/robo_collector_interfaces/include/robo_collector_interfaces/msg/detail/robot_move_type__struct.hpp
[33.006s] -- Symlinking: /home/ros2-user/ros2_workspace/robotics-v1/install/robo_collector_interfaces/include/robo_collector_interfaces/msg/detail/robot_move_type__traits.hpp
[33.036s] -- Symlinking: /home/ros2-user/ros2_workspace/robotics-v1/install/robo_collector_interfaces/include/robo_collector_interfaces/msg/detail/user_authenticate__builder.hpp
[33.058s] -- Symlinking: /home/ros2-user/ros2_workspace/robotics-v1/install/robo_collector_interfaces/include/robo_collector_interfaces/msg/detail/user_authenticate__struct.hpp
[33.108s] -- Symlinking: /home/ros2-user/ros2_workspace/robotics-v1/install/robo_collector_interfaces/include/robo_collector_interfaces/msg/detail/user_authenticate__traits.hpp
[33.158s] -- Symlinking: /home/ros2-user/ros2_workspace/robotics-v1/install/robo_collector_interfaces/include/robo_collector_interfaces/msg/robot_move_type.hpp
[33.193s] -- Symlinking: /home/ros2-user/ros2_workspace/robotics-v1/install/robo_collector_interfaces/include/robo_collector_interfaces/msg/user_authenticate.hpp
[33.245s] -- Symlinking: /home/ros2-user/ros2_workspace/robotics-v1/install/robo_collector_interfaces/include/robo_collector_interfaces/msg/detail/robot_move_type__rosidl_typesupport_introspection_cpp.hpp
[33.273s] -- Symlinking: /home/ros2-user/ros2_workspace/robotics-v1/install/robo_collector_interfaces/include/robo_collector_interfaces/msg/detail/user_authenticate__rosidl_typesupport_introspection_cpp.hpp
[33.301s] -- Symlinking: /home/ros2-user/ros2_workspace/robotics-v1/install/robo_collector_interfaces/share/robo_collector_interfaces/environment/pythonpath.sh
[33.332s] -- Symlinking: /home/ros2-user/ros2_workspace/robotics-v1/install/robo_collector_interfaces/share/robo_collector_interfaces/environment/pythonpath.dsv
[33.374s] -- Symlinking: /home/ros2-user/ros2_workspace/robotics-v1/install/robo_collector_interfaces/lib/python3.8/site-packages/robo_collector_interfaces/__init__.py
[33.402s] -- Symlinking: /home/ros2-user/ros2_workspace/robotics-v1/install/robo_collector_interfaces/lib/python3.8/site-packages/robo_collector_interfaces/msg/__init__.py
[33.429s] -- Symlinking: /home/ros2-user/ros2_workspace/robotics-v1/install/robo_collector_interfaces/lib/python3.8/site-packages/robo_collector_interfaces/msg/_robot_move_type.py
[33.454s] -- Symlinking: /home/ros2-user/ros2_workspace/robotics-v1/install/robo_collector_interfaces/lib/python3.8/site-packages/robo_collector_interfaces/msg/_user_authenticate.py
[33.481s] -- Symlinking: /home/ros2-user/ros2_workspace/robotics-v1/install/robo_collector_interfaces/lib/python3.8/site-packages/robo_collector_interfaces/robo_collector_interfaces_s__rosidl_typesupport_fastrtps_c.cpython-38-x86_64-linux-gnu.so
[33.505s] -- Symlinking: /home/ros2-user/ros2_workspace/robotics-v1/install/robo_collector_interfaces/lib/python3.8/site-packages/robo_collector_interfaces/robo_collector_interfaces_s__rosidl_typesupport_introspection_c.cpython-38-x86_64-linux-gnu.so
[33.582s] -- Symlinking: /home/ros2-user/ros2_workspace/robotics-v1/install/robo_collector_interfaces/lib/python3.8/site-packages/robo_collector_interfaces/robo_collector_interfaces_s__rosidl_typesupport_c.cpython-38-x86_64-linux-gnu.so
[33.668s] -- Symlinking: /home/ros2-user/ros2_workspace/robotics-v1/install/robo_collector_interfaces/lib/librobo_collector_interfaces__python.so
[33.732s] -- Symlinking: /home/ros2-user/ros2_workspace/robotics-v1/install/robo_collector_interfaces/share/robo_collector_interfaces/msg/RobotMoveType.idl
[33.755s] -- Symlinking: /home/ros2-user/ros2_workspace/robotics-v1/install/robo_collector_interfaces/share/robo_collector_interfaces/msg/UserAuthenticate.idl
[33.812s] -- Symlinking: /home/ros2-user/ros2_workspace/robotics-v1/install/robo_collector_interfaces/share/robo_collector_interfaces/msg/RobotMoveType.msg
[33.852s] -- Symlinking: /home/ros2-user/ros2_workspace/robotics-v1/install/robo_collector_interfaces/share/robo_collector_interfaces/msg/UserAuthenticate.msg
[33.901s] -- Symlinking: /home/ros2-user/ros2_workspace/robotics-v1/install/robo_collector_interfaces/share/ament_index/resource_index/package_run_dependencies/robo_collector_interfaces
[33.923s] -- Symlinking: /home/ros2-user/ros2_workspace/robotics-v1/install/robo_collector_interfaces/share/ament_index/resource_index/parent_prefix_path/robo_collector_interfaces
[33.942s] -- Symlinking: /home/ros2-user/ros2_workspace/robotics-v1/install/robo_collector_interfaces/share/robo_collector_interfaces/environment/ament_prefix_path.sh
[33.959s] -- Symlinking: /home/ros2-user/ros2_workspace/robotics-v1/install/robo_collector_interfaces/share/robo_collector_interfaces/environment/ament_prefix_path.dsv
[33.976s] -- Symlinking: /home/ros2-user/ros2_workspace/robotics-v1/install/robo_collector_interfaces/share/robo_collector_interfaces/environment/path.sh
[33.993s] -- Symlinking: /home/ros2-user/ros2_workspace/robotics-v1/install/robo_collector_interfaces/share/robo_collector_interfaces/environment/path.dsv
[34.026s] -- Symlinking: /home/ros2-user/ros2_workspace/robotics-v1/install/robo_collector_interfaces/share/robo_collector_interfaces/local_setup.bash
[34.049s] -- Symlinking: /home/ros2-user/ros2_workspace/robotics-v1/install/robo_collector_interfaces/share/robo_collector_interfaces/local_setup.sh
[34.086s] -- Symlinking: /home/ros2-user/ros2_workspace/robotics-v1/install/robo_collector_interfaces/share/robo_collector_interfaces/local_setup.zsh
[34.117s] -- Symlinking: /home/ros2-user/ros2_workspace/robotics-v1/install/robo_collector_interfaces/share/robo_collector_interfaces/local_setup.dsv
[34.145s] -- Symlinking: /home/ros2-user/ros2_workspace/robotics-v1/install/robo_collector_interfaces/share/robo_collector_interfaces/package.dsv
[34.173s] -- Symlinking: /home/ros2-user/ros2_workspace/robotics-v1/install/robo_collector_interfaces/share/ament_index/resource_index/packages/robo_collector_interfaces
[34.203s] -- Symlinking: /home/ros2-user/ros2_workspace/robotics-v1/install/robo_collector_interfaces/share/robo_collector_interfaces/cmake/rosidl_cmake-extras.cmake
[34.235s] -- Symlinking: /home/ros2-user/ros2_workspace/robotics-v1/install/robo_collector_interfaces/share/robo_collector_interfaces/cmake/ament_cmake_export_dependencies-extras.cmake
[34.362s] -- Symlinking: /home/ros2-user/ros2_workspace/robotics-v1/install/robo_collector_interfaces/share/robo_collector_interfaces/cmake/ament_cmake_export_libraries-extras.cmake
[34.417s] -- Symlinking: /home/ros2-user/ros2_workspace/robotics-v1/install/robo_collector_interfaces/share/robo_collector_interfaces/cmake/ament_cmake_export_targets-extras.cmake
[34.469s] -- Symlinking: /home/ros2-user/ros2_workspace/robotics-v1/install/robo_collector_interfaces/share/robo_collector_interfaces/cmake/ament_cmake_export_include_directories-extras.cmake
[34.525s] -- Symlinking: /home/ros2-user/ros2_workspace/robotics-v1/install/robo_collector_interfaces/share/robo_collector_interfaces/cmake/rosidl_cmake_export_typesupport_libraries-extras.cmake
[34.596s] -- Symlinking: /home/ros2-user/ros2_workspace/robotics-v1/install/robo_collector_interfaces/share/robo_collector_interfaces/cmake/rosidl_cmake_export_typesupport_targets-extras.cmake
[34.657s] -- Symlinking: /home/ros2-user/ros2_workspace/robotics-v1/install/robo_collector_interfaces/share/robo_collector_interfaces/cmake/robo_collector_interfacesConfig.cmake
[34.715s] -- Symlinking: /home/ros2-user/ros2_workspace/robotics-v1/install/robo_collector_interfaces/share/robo_collector_interfaces/cmake/robo_collector_interfacesConfig-version.cmake
[34.774s] -- Symlinking: /home/ros2-user/ros2_workspace/robotics-v1/install/robo_collector_interfaces/share/robo_collector_interfaces/package.xml
[34.835s] -- Installing: /home/ros2-user/ros2_workspace/robotics-v1/install/robo_collector_interfaces/lib/librobo_collector_interfaces__rosidl_generator_c.so
[34.837s] -- Set runtime path of "/home/ros2-user/ros2_workspace/robotics-v1/install/robo_collector_interfaces/lib/librobo_collector_interfaces__rosidl_generator_c.so" to ""
[34.838s] -- Installing: /home/ros2-user/ros2_workspace/robotics-v1/install/robo_collector_interfaces/lib/librobo_collector_interfaces__rosidl_typesupport_introspection_c.so
[34.838s] -- Set runtime path of "/home/ros2-user/ros2_workspace/robotics-v1/install/robo_collector_interfaces/lib/librobo_collector_interfaces__rosidl_typesupport_introspection_c.so" to ""
[34.839s] -- Installing: /home/ros2-user/ros2_workspace/robotics-v1/install/robo_collector_interfaces/lib/librobo_collector_interfaces__rosidl_typesupport_c.so
[34.839s] -- Set runtime path of "/home/ros2-user/ros2_workspace/robotics-v1/install/robo_collector_interfaces/lib/librobo_collector_interfaces__rosidl_typesupport_c.so" to ""
[34.839s] -- Installing: /home/ros2-user/ros2_workspace/robotics-v1/install/robo_collector_interfaces/lib/librobo_collector_interfaces__rosidl_typesupport_introspection_cpp.so
[34.840s] -- Set runtime path of "/home/ros2-user/ros2_workspace/robotics-v1/install/robo_collector_interfaces/lib/librobo_collector_interfaces__rosidl_typesupport_introspection_cpp.so" to ""
[34.840s] -- Installing: /home/ros2-user/ros2_workspace/robotics-v1/install/robo_collector_interfaces/lib/librobo_collector_interfaces__rosidl_typesupport_cpp.so
[34.840s] -- Set runtime path of "/home/ros2-user/ros2_workspace/robotics-v1/install/robo_collector_interfaces/lib/librobo_collector_interfaces__rosidl_typesupport_cpp.so" to ""
[34.908s] Compiling '/home/ros2-user/ros2_workspace/robotics-v1/install/robo_collector_interfaces/lib/python3.8/site-packages/robo_collector_interfaces/__init__.py'...
[34.942s] -- Installing: /home/ros2-user/ros2_workspace/robotics-v1/install/robo_collector_interfaces/share/robo_collector_interfaces/cmake/robo_collector_interfaces__rosidl_generator_cExport.cmake
[34.942s] -- Installing: /home/ros2-user/ros2_workspace/robotics-v1/install/robo_collector_interfaces/share/robo_collector_interfaces/cmake/robo_collector_interfaces__rosidl_generator_cExport-debug.cmake
[34.943s] -- Installing: /home/ros2-user/ros2_workspace/robotics-v1/install/robo_collector_interfaces/share/robo_collector_interfaces/cmake/robo_collector_interfaces__rosidl_typesupport_introspection_cExport.cmake
[34.944s] -- Installing: /home/ros2-user/ros2_workspace/robotics-v1/install/robo_collector_interfaces/share/robo_collector_interfaces/cmake/robo_collector_interfaces__rosidl_typesupport_introspection_cExport-debug.cmake
[34.945s] -- Installing: /home/ros2-user/ros2_workspace/robotics-v1/install/robo_collector_interfaces/share/robo_collector_interfaces/cmake/robo_collector_interfaces__rosidl_typesupport_cExport.cmake
[34.946s] -- Installing: /home/ros2-user/ros2_workspace/robotics-v1/install/robo_collector_interfaces/share/robo_collector_interfaces/cmake/robo_collector_interfaces__rosidl_typesupport_cExport-debug.cmake
[34.947s] -- Installing: /home/ros2-user/ros2_workspace/robotics-v1/install/robo_collector_interfaces/share/robo_collector_interfaces/cmake/robo_collector_interfaces__rosidl_generator_cppExport.cmake
[34.948s] -- Installing: /home/ros2-user/ros2_workspace/robotics-v1/install/robo_collector_interfaces/share/robo_collector_interfaces/cmake/robo_collector_interfaces__rosidl_typesupport_introspection_cppExport.cmake
[34.948s] -- Installing: /home/ros2-user/ros2_workspace/robotics-v1/install/robo_collector_interfaces/share/robo_collector_interfaces/cmake/robo_collector_interfaces__rosidl_typesupport_introspection_cppExport-debug.cmake
[34.949s] -- Installing: /home/ros2-user/ros2_workspace/robotics-v1/install/robo_collector_interfaces/share/robo_collector_interfaces/cmake/robo_collector_interfaces__rosidl_typesupport_cppExport.cmake
[34.950s] -- Installing: /home/ros2-user/ros2_workspace/robotics-v1/install/robo_collector_interfaces/share/robo_collector_interfaces/cmake/robo_collector_interfaces__rosidl_typesupport_cppExport-debug.cmake
[34.985s] Invoked command in '/home/ros2-user/ros2_workspace/robotics-v1/build/robo_collector_interfaces' returned '0': CMAKE_PREFIX_PATH=/opt/ros/foxy /usr/bin/cmake --install /home/ros2-user/ros2_workspace/robotics-v1/build/robo_collector_interfaces
