-- The C compiler identification is GNU 9.4.0
-- The CXX compiler identification is GNU 9.4.0
-- Check for working C compiler: /usr/bin/cc
-- Check for working C compiler: /usr/bin/cc -- works
-- Detecting C compiler ABI info
-- Detecting C compiler ABI info - done
-- Detecting C compile features
-- Detecting C compile features - done
-- Check for working CXX compiler: /usr/bin/g++
-- Check for working CXX compiler: /usr/bin/g++ -- works
-- Detecting CXX compiler ABI info
-- Detecting CXX compiler ABI info - done
-- Detecting CXX compile features
-- Detecting CXX compile features - done
-- Found ament_cmake: 0.9.11 (/opt/ros/foxy/share/ament_cmake/cmake)
-- Found PythonInterp: /usr/bin/python3 (found suitable version "3.8.10", minimum required is "3") 
-- Using PYTHON_EXECUTABLE: /usr/bin/python3
-- Override CMake install command with custom implementation using symlinks instead of copying resources
-- Found control_msgs: 2.5.1 (/opt/ros/foxy/share/control_msgs/cmake)
-- Using all available rosidl_typesupport_c: rosidl_typesupport_fastrtps_c;rosidl_typesupport_introspection_c
-- Found rosidl_adapter: 1.3.0 (/opt/ros/foxy/share/rosidl_adapter/cmake)
-- Found OpenSSL: /usr/lib/x86_64-linux-gnu/libcrypto.so (found version "1.1.1f")  
-- Found FastRTPS: /opt/ros/foxy/include  
-- Using all available rosidl_typesupport_cpp: rosidl_typesupport_fastrtps_cpp;rosidl_typesupport_introspection_cpp
-- Found controller_interface: 0.11.0 (/opt/ros/foxy/share/controller_interface/cmake)
-- Found rmw_implementation_cmake: 1.0.3 (/opt/ros/foxy/share/rmw_implementation_cmake/cmake)
-- Using RMW implementation 'rmw_fastrtps_cpp' as default
-- Looking for pthread.h
-- Looking for pthread.h - found
-- Performing Test CMAKE_HAVE_LIBC_PTHREAD
-- Performing Test CMAKE_HAVE_LIBC_PTHREAD - Failed
-- Looking for pthread_create in pthreads
-- Looking for pthread_create in pthreads - not found
-- Looking for pthread_create in pthread
-- Looking for pthread_create in pthread - found
-- Found Threads: TRUE  
-- Found joint_trajectory_controller: 0.8.2 (/opt/ros/foxy/share/joint_trajectory_controller/cmake)
-- Found realtime_tools: 2.2.0 (/opt/ros/foxy/share/realtime_tools/cmake)
-- Found std_srvs: 2.0.5 (/opt/ros/foxy/share/std_srvs/cmake)
-- Found ur_dashboard_msgs: 0.0.0 (/home/ros2-user/ros2_workspace/robotics-v1/install/ur_dashboard_msgs/share/ur_dashboard_msgs/cmake)
-- Found ur_msgs: 2.0.0 (/opt/ros/foxy/share/ur_msgs/cmake)
-- Configuring done
-- Generating done
-- Build files have been written to: /home/ros2-user/ros2_workspace/robotics-v1/build/ur_controllers
[35m[1mScanning dependencies of target ur_controllers[0m
[ 20%] [32mBuilding CXX object CMakeFiles/ur_controllers.dir/src/scaled_joint_trajectory_controller.cpp.o[0m
[ 40%] [32mBuilding CXX object CMakeFiles/ur_controllers.dir/src/gpio_controller.cpp.o[0m
[ 60%] [32mBuilding CXX object CMakeFiles/ur_controllers.dir/src/force_torque_sensor_broadcaster.cpp.o[0m
[ 80%] [32mBuilding CXX object CMakeFiles/ur_controllers.dir/src/speed_scaling_state_broadcaster.cpp.o[0m
[100%] [32m[1mLinking CXX shared library libur_controllers.so[0m
[100%] Built target ur_controllers
-- Install configuration: "Debug"
-- Execute custom install script
-- Symlinking: /home/ros2-user/ros2_workspace/robotics-v1/install/ur_controllers/share/ur_controllers//controller_plugins.xml
-- Symlinking: /home/ros2-user/ros2_workspace/robotics-v1/install/ur_controllers/lib/libur_controllers.so
-- Symlinking: /home/ros2-user/ros2_workspace/robotics-v1/install/ur_controllers/include/ur_controllers/force_torque_sensor_broadcaster.hpp
-- Symlinking: /home/ros2-user/ros2_workspace/robotics-v1/install/ur_controllers/include/ur_controllers/gpio_controller.hpp
-- Symlinking: /home/ros2-user/ros2_workspace/robotics-v1/install/ur_controllers/include/ur_controllers/scaled_joint_trajectory_controller.hpp
-- Symlinking: /home/ros2-user/ros2_workspace/robotics-v1/install/ur_controllers/include/ur_controllers/speed_scaling_state_broadcaster.hpp
-- Up-to-date symlink: /home/ros2-user/ros2_workspace/robotics-v1/install/ur_controllers/share/ur_controllers/controller_plugins.xml
-- Symlinking: /home/ros2-user/ros2_workspace/robotics-v1/install/ur_controllers/share/ur_controllers/environment/library_path.sh
-- Symlinking: /home/ros2-user/ros2_workspace/robotics-v1/install/ur_controllers/share/ur_controllers/environment/library_path.dsv
-- Symlinking: /home/ros2-user/ros2_workspace/robotics-v1/install/ur_controllers/share/ament_index/resource_index/package_run_dependencies/ur_controllers
-- Symlinking: /home/ros2-user/ros2_workspace/robotics-v1/install/ur_controllers/share/ament_index/resource_index/parent_prefix_path/ur_controllers
-- Symlinking: /home/ros2-user/ros2_workspace/robotics-v1/install/ur_controllers/share/ur_controllers/environment/ament_prefix_path.sh
-- Symlinking: /home/ros2-user/ros2_workspace/robotics-v1/install/ur_controllers/share/ur_controllers/environment/ament_prefix_path.dsv
-- Symlinking: /home/ros2-user/ros2_workspace/robotics-v1/install/ur_controllers/share/ur_controllers/environment/path.sh
-- Symlinking: /home/ros2-user/ros2_workspace/robotics-v1/install/ur_controllers/share/ur_controllers/environment/path.dsv
-- Symlinking: /home/ros2-user/ros2_workspace/robotics-v1/install/ur_controllers/share/ur_controllers/local_setup.bash
-- Symlinking: /home/ros2-user/ros2_workspace/robotics-v1/install/ur_controllers/share/ur_controllers/local_setup.sh
-- Symlinking: /home/ros2-user/ros2_workspace/robotics-v1/install/ur_controllers/share/ur_controllers/local_setup.zsh
-- Symlinking: /home/ros2-user/ros2_workspace/robotics-v1/install/ur_controllers/share/ur_controllers/local_setup.dsv
-- Symlinking: /home/ros2-user/ros2_workspace/robotics-v1/install/ur_controllers/share/ur_controllers/package.dsv
-- Symlinking: /home/ros2-user/ros2_workspace/robotics-v1/install/ur_controllers/share/ament_index/resource_index/packages/ur_controllers
-- Symlinking: /home/ros2-user/ros2_workspace/robotics-v1/install/ur_controllers/share/ament_index/resource_index/controller_interface__pluginlib__plugin/ur_controllers
-- Symlinking: /home/ros2-user/ros2_workspace/robotics-v1/install/ur_controllers/share/ur_controllers/cmake/ament_cmake_export_dependencies-extras.cmake
-- Symlinking: /home/ros2-user/ros2_workspace/robotics-v1/install/ur_controllers/share/ur_controllers/cmake/ament_cmake_export_include_directories-extras.cmake
-- Symlinking: /home/ros2-user/ros2_workspace/robotics-v1/install/ur_controllers/share/ur_controllers/cmake/ament_cmake_export_libraries-extras.cmake
-- Symlinking: /home/ros2-user/ros2_workspace/robotics-v1/install/ur_controllers/share/ur_controllers/cmake/ur_controllersConfig.cmake
-- Symlinking: /home/ros2-user/ros2_workspace/robotics-v1/install/ur_controllers/share/ur_controllers/cmake/ur_controllersConfig-version.cmake
-- Symlinking: /home/ros2-user/ros2_workspace/robotics-v1/install/ur_controllers/share/ur_controllers/package.xml
