-- Found ament_cmake: 0.9.11 (/opt/ros/foxy/share/ament_cmake/cmake)
-- Using PYTHON_EXECUTABLE: /usr/bin/python3
-- Override CMake install command with custom implementation using symlinks instead of copying resources
-- Found control_msgs: 2.5.1 (/opt/ros/foxy/share/control_msgs/cmake)
-- Using all available rosidl_typesupport_c: rosidl_typesupport_fastrtps_c;rosidl_typesupport_introspection_c
-- Found rosidl_adapter: 1.3.0 (/opt/ros/foxy/share/rosidl_adapter/cmake)
-- Using all available rosidl_typesupport_cpp: rosidl_typesupport_fastrtps_cpp;rosidl_typesupport_introspection_cpp
-- Found controller_interface: 0.11.0 (/opt/ros/foxy/share/controller_interface/cmake)
-- Found rmw_implementation_cmake: 1.0.3 (/opt/ros/foxy/share/rmw_implementation_cmake/cmake)
-- Using RMW implementation 'rmw_fastrtps_cpp' as default
-- Found joint_trajectory_controller: 0.8.2 (/opt/ros/foxy/share/joint_trajectory_controller/cmake)
-- Found realtime_tools: 2.2.0 (/opt/ros/foxy/share/realtime_tools/cmake)
-- Found std_srvs: 2.0.5 (/opt/ros/foxy/share/std_srvs/cmake)
-- Found ur_dashboard_msgs: 0.0.0 (/home/ros2-user/ros2_workspace/robotics-v1/install/ur_dashboard_msgs/share/ur_dashboard_msgs/cmake)
-- Found ur_msgs: 2.0.0 (/opt/ros/foxy/share/ur_msgs/cmake)
-- Configuring done
-- Generating done
-- Build files have been written to: /home/ros2-user/ros2_workspace/robotics-v1/build/ur_controllers
[100%] Built target ur_controllers
-- Install configuration: "Debug"
-- Execute custom install script
-- Up-to-date symlink: /home/ros2-user/ros2_workspace/robotics-v1/install/ur_controllers/share/ur_controllers//controller_plugins.xml
-- Up-to-date symlink: /home/ros2-user/ros2_workspace/robotics-v1/install/ur_controllers/lib/libur_controllers.so
-- Up-to-date symlink: /home/ros2-user/ros2_workspace/robotics-v1/install/ur_controllers/include/ur_controllers/force_torque_sensor_broadcaster.hpp
-- Up-to-date symlink: /home/ros2-user/ros2_workspace/robotics-v1/install/ur_controllers/include/ur_controllers/gpio_controller.hpp
-- Up-to-date symlink: /home/ros2-user/ros2_workspace/robotics-v1/install/ur_controllers/include/ur_controllers/scaled_joint_trajectory_controller.hpp
-- Up-to-date symlink: /home/ros2-user/ros2_workspace/robotics-v1/install/ur_controllers/include/ur_controllers/speed_scaling_state_broadcaster.hpp
-- Up-to-date symlink: /home/ros2-user/ros2_workspace/robotics-v1/install/ur_controllers/share/ur_controllers/controller_plugins.xml
-- Up-to-date symlink: /home/ros2-user/ros2_workspace/robotics-v1/install/ur_controllers/share/ur_controllers/environment/library_path.sh
-- Up-to-date symlink: /home/ros2-user/ros2_workspace/robotics-v1/install/ur_controllers/share/ur_controllers/environment/library_path.dsv
-- Up-to-date symlink: /home/ros2-user/ros2_workspace/robotics-v1/install/ur_controllers/share/ament_index/resource_index/package_run_dependencies/ur_controllers
-- Up-to-date symlink: /home/ros2-user/ros2_workspace/robotics-v1/install/ur_controllers/share/ament_index/resource_index/parent_prefix_path/ur_controllers
-- Up-to-date symlink: /home/ros2-user/ros2_workspace/robotics-v1/install/ur_controllers/share/ur_controllers/environment/ament_prefix_path.sh
-- Up-to-date symlink: /home/ros2-user/ros2_workspace/robotics-v1/install/ur_controllers/share/ur_controllers/environment/ament_prefix_path.dsv
-- Up-to-date symlink: /home/ros2-user/ros2_workspace/robotics-v1/install/ur_controllers/share/ur_controllers/environment/path.sh
-- Up-to-date symlink: /home/ros2-user/ros2_workspace/robotics-v1/install/ur_controllers/share/ur_controllers/environment/path.dsv
-- Up-to-date symlink: /home/ros2-user/ros2_workspace/robotics-v1/install/ur_controllers/share/ur_controllers/local_setup.bash
-- Up-to-date symlink: /home/ros2-user/ros2_workspace/robotics-v1/install/ur_controllers/share/ur_controllers/local_setup.sh
-- Up-to-date symlink: /home/ros2-user/ros2_workspace/robotics-v1/install/ur_controllers/share/ur_controllers/local_setup.zsh
-- Up-to-date symlink: /home/ros2-user/ros2_workspace/robotics-v1/install/ur_controllers/share/ur_controllers/local_setup.dsv
-- Symlinking: /home/ros2-user/ros2_workspace/robotics-v1/install/ur_controllers/share/ur_controllers/package.dsv
-- Up-to-date symlink: /home/ros2-user/ros2_workspace/robotics-v1/install/ur_controllers/share/ament_index/resource_index/packages/ur_controllers
-- Up-to-date symlink: /home/ros2-user/ros2_workspace/robotics-v1/install/ur_controllers/share/ament_index/resource_index/controller_interface__pluginlib__plugin/ur_controllers
-- Up-to-date symlink: /home/ros2-user/ros2_workspace/robotics-v1/install/ur_controllers/share/ur_controllers/cmake/ament_cmake_export_dependencies-extras.cmake
-- Up-to-date symlink: /home/ros2-user/ros2_workspace/robotics-v1/install/ur_controllers/share/ur_controllers/cmake/ament_cmake_export_include_directories-extras.cmake
-- Up-to-date symlink: /home/ros2-user/ros2_workspace/robotics-v1/install/ur_controllers/share/ur_controllers/cmake/ament_cmake_export_libraries-extras.cmake
-- Up-to-date symlink: /home/ros2-user/ros2_workspace/robotics-v1/install/ur_controllers/share/ur_controllers/cmake/ur_controllersConfig.cmake
-- Up-to-date symlink: /home/ros2-user/ros2_workspace/robotics-v1/install/ur_controllers/share/ur_controllers/cmake/ur_controllersConfig-version.cmake
-- Up-to-date symlink: /home/ros2-user/ros2_workspace/robotics-v1/install/ur_controllers/share/ur_controllers/package.xml
