[0.030s] Invoking command in '/home/ros2-user/ros2_workspace/robotics-v1/build/ur_controllers': AMENT_PREFIX_PATH=/home/ros2-user/ros2_workspace/robotics-v1/install/ur_dashboard_msgs:${AMENT_PREFIX_PATH} CMAKE_PREFIX_PATH=/home/ros2-user/ros2_workspace/robotics-v1/install/ur_dashboard_msgs:/home/ros2-user/ros2_workspace/robotics-v1/install/ur_client_library:/opt/ros/foxy LD_LIBRARY_PATH=/home/ros2-user/ros2_workspace/robotics-v1/install/ur_dashboard_msgs/lib:/home/ros2-user/ros2_workspace/robotics-v1/install/ur_client_library/lib:${LD_LIBRARY_PATH} PKG_CONFIG_PATH=/home/ros2-user/ros2_workspace/robotics-v1/install/ur_client_library/lib/x86_64-linux-gnu/pkgconfig:/home/ros2-user/ros2_workspace/robotics-v1/install/ur_client_library/lib/pkgconfig PYTHONPATH=/home/ros2-user/ros2_workspace/robotics-v1/install/ur_dashboard_msgs/lib/python3.8/site-packages:${PYTHONPATH} /usr/bin/cmake /home/ros2-user/ros2_workspace/robotics-v1/src/ur_driver/Universal_Robots_ROS2_Driver/ur_controllers -DCMAKE_INSTALL_PREFIX=/home/ros2-user/ros2_workspace/robotics-v1/install/ur_controllers
[0.049s] -- Found ament_cmake: 0.9.11 (/opt/ros/foxy/share/ament_cmake/cmake)
[0.111s] -- Using PYTHON_EXECUTABLE: /usr/bin/python3
[0.337s] -- Override CMake install command with custom implementation using symlinks instead of copying resources
[0.351s] -- Found control_msgs: 2.5.1 (/opt/ros/foxy/share/control_msgs/cmake)
[0.387s] -- Using all available rosidl_typesupport_c: rosidl_typesupport_fastrtps_c;rosidl_typesupport_introspection_c
[0.394s] -- Found rosidl_adapter: 1.3.0 (/opt/ros/foxy/share/rosidl_adapter/cmake)
[0.558s] -- Using all available rosidl_typesupport_cpp: rosidl_typesupport_fastrtps_cpp;rosidl_typesupport_introspection_cpp
[1.278s] -- Found controller_interface: 0.11.0 (/opt/ros/foxy/share/controller_interface/cmake)
[1.646s] -- Found rmw_implementation_cmake: 1.0.3 (/opt/ros/foxy/share/rmw_implementation_cmake/cmake)
[1.650s] -- Using RMW implementation 'rmw_fastrtps_cpp' as default
[2.088s] -- Found joint_trajectory_controller: 0.8.2 (/opt/ros/foxy/share/joint_trajectory_controller/cmake)
[2.473s] -- Found realtime_tools: 2.2.0 (/opt/ros/foxy/share/realtime_tools/cmake)
[2.612s] -- Found std_srvs: 2.0.5 (/opt/ros/foxy/share/std_srvs/cmake)
[2.686s] -- Found ur_dashboard_msgs: 0.0.0 (/home/ros2-user/ros2_workspace/robotics-v1/install/ur_dashboard_msgs/share/ur_dashboard_msgs/cmake)
[2.874s] -- Found ur_msgs: 2.0.0 (/opt/ros/foxy/share/ur_msgs/cmake)
[3.445s] -- Configuring done
[3.502s] -- Generating done
[3.512s] -- Build files have been written to: /home/ros2-user/ros2_workspace/robotics-v1/build/ur_controllers
[3.529s] Invoked command in '/home/ros2-user/ros2_workspace/robotics-v1/build/ur_controllers' returned '0': AMENT_PREFIX_PATH=/home/ros2-user/ros2_workspace/robotics-v1/install/ur_dashboard_msgs:${AMENT_PREFIX_PATH} CMAKE_PREFIX_PATH=/home/ros2-user/ros2_workspace/robotics-v1/install/ur_dashboard_msgs:/home/ros2-user/ros2_workspace/robotics-v1/install/ur_client_library:/opt/ros/foxy LD_LIBRARY_PATH=/home/ros2-user/ros2_workspace/robotics-v1/install/ur_dashboard_msgs/lib:/home/ros2-user/ros2_workspace/robotics-v1/install/ur_client_library/lib:${LD_LIBRARY_PATH} PKG_CONFIG_PATH=/home/ros2-user/ros2_workspace/robotics-v1/install/ur_client_library/lib/x86_64-linux-gnu/pkgconfig:/home/ros2-user/ros2_workspace/robotics-v1/install/ur_client_library/lib/pkgconfig PYTHONPATH=/home/ros2-user/ros2_workspace/robotics-v1/install/ur_dashboard_msgs/lib/python3.8/site-packages:${PYTHONPATH} /usr/bin/cmake /home/ros2-user/ros2_workspace/robotics-v1/src/ur_driver/Universal_Robots_ROS2_Driver/ur_controllers -DCMAKE_INSTALL_PREFIX=/home/ros2-user/ros2_workspace/robotics-v1/install/ur_controllers
[3.530s] Invoking command in '/home/ros2-user/ros2_workspace/robotics-v1/build/ur_controllers': AMENT_PREFIX_PATH=/home/ros2-user/ros2_workspace/robotics-v1/install/ur_dashboard_msgs:${AMENT_PREFIX_PATH} CMAKE_PREFIX_PATH=/home/ros2-user/ros2_workspace/robotics-v1/install/ur_dashboard_msgs:/home/ros2-user/ros2_workspace/robotics-v1/install/ur_client_library:/opt/ros/foxy LD_LIBRARY_PATH=/home/ros2-user/ros2_workspace/robotics-v1/install/ur_dashboard_msgs/lib:/home/ros2-user/ros2_workspace/robotics-v1/install/ur_client_library/lib:${LD_LIBRARY_PATH} PKG_CONFIG_PATH=/home/ros2-user/ros2_workspace/robotics-v1/install/ur_client_library/lib/x86_64-linux-gnu/pkgconfig:/home/ros2-user/ros2_workspace/robotics-v1/install/ur_client_library/lib/pkgconfig PYTHONPATH=/home/ros2-user/ros2_workspace/robotics-v1/install/ur_dashboard_msgs/lib/python3.8/site-packages:${PYTHONPATH} /usr/bin/cmake --build /home/ros2-user/ros2_workspace/robotics-v1/build/ur_controllers -- -j4 -l4
[3.944s] [100%] Built target ur_controllers
[3.981s] Invoked command in '/home/ros2-user/ros2_workspace/robotics-v1/build/ur_controllers' returned '0': AMENT_PREFIX_PATH=/home/ros2-user/ros2_workspace/robotics-v1/install/ur_dashboard_msgs:${AMENT_PREFIX_PATH} CMAKE_PREFIX_PATH=/home/ros2-user/ros2_workspace/robotics-v1/install/ur_dashboard_msgs:/home/ros2-user/ros2_workspace/robotics-v1/install/ur_client_library:/opt/ros/foxy LD_LIBRARY_PATH=/home/ros2-user/ros2_workspace/robotics-v1/install/ur_dashboard_msgs/lib:/home/ros2-user/ros2_workspace/robotics-v1/install/ur_client_library/lib:${LD_LIBRARY_PATH} PKG_CONFIG_PATH=/home/ros2-user/ros2_workspace/robotics-v1/install/ur_client_library/lib/x86_64-linux-gnu/pkgconfig:/home/ros2-user/ros2_workspace/robotics-v1/install/ur_client_library/lib/pkgconfig PYTHONPATH=/home/ros2-user/ros2_workspace/robotics-v1/install/ur_dashboard_msgs/lib/python3.8/site-packages:${PYTHONPATH} /usr/bin/cmake --build /home/ros2-user/ros2_workspace/robotics-v1/build/ur_controllers -- -j4 -l4
[4.255s] Invoking command in '/home/ros2-user/ros2_workspace/robotics-v1/build/ur_controllers': AMENT_PREFIX_PATH=/home/ros2-user/ros2_workspace/robotics-v1/install/ur_dashboard_msgs:${AMENT_PREFIX_PATH} CMAKE_PREFIX_PATH=/home/ros2-user/ros2_workspace/robotics-v1/install/ur_dashboard_msgs:/home/ros2-user/ros2_workspace/robotics-v1/install/ur_client_library:/opt/ros/foxy LD_LIBRARY_PATH=/home/ros2-user/ros2_workspace/robotics-v1/install/ur_dashboard_msgs/lib:/home/ros2-user/ros2_workspace/robotics-v1/install/ur_client_library/lib:${LD_LIBRARY_PATH} PKG_CONFIG_PATH=/home/ros2-user/ros2_workspace/robotics-v1/install/ur_client_library/lib/x86_64-linux-gnu/pkgconfig:/home/ros2-user/ros2_workspace/robotics-v1/install/ur_client_library/lib/pkgconfig PYTHONPATH=/home/ros2-user/ros2_workspace/robotics-v1/install/ur_dashboard_msgs/lib/python3.8/site-packages:${PYTHONPATH} /usr/bin/cmake --install /home/ros2-user/ros2_workspace/robotics-v1/build/ur_controllers
[4.286s] -- Install configuration: "Debug"
[4.295s] -- Execute custom install script
[4.297s] -- Up-to-date symlink: /home/ros2-user/ros2_workspace/robotics-v1/install/ur_controllers/share/ur_controllers//controller_plugins.xml
[4.305s] -- Up-to-date symlink: /home/ros2-user/ros2_workspace/robotics-v1/install/ur_controllers/lib/libur_controllers.so
[4.308s] -- Up-to-date symlink: /home/ros2-user/ros2_workspace/robotics-v1/install/ur_controllers/include/ur_controllers/force_torque_sensor_broadcaster.hpp
[4.309s] -- Up-to-date symlink: /home/ros2-user/ros2_workspace/robotics-v1/install/ur_controllers/include/ur_controllers/gpio_controller.hpp
[4.309s] -- Up-to-date symlink: /home/ros2-user/ros2_workspace/robotics-v1/install/ur_controllers/include/ur_controllers/scaled_joint_trajectory_controller.hpp
[4.310s] -- Up-to-date symlink: /home/ros2-user/ros2_workspace/robotics-v1/install/ur_controllers/include/ur_controllers/speed_scaling_state_broadcaster.hpp
[4.310s] -- Up-to-date symlink: /home/ros2-user/ros2_workspace/robotics-v1/install/ur_controllers/share/ur_controllers/controller_plugins.xml
[4.311s] -- Up-to-date symlink: /home/ros2-user/ros2_workspace/robotics-v1/install/ur_controllers/share/ur_controllers/environment/library_path.sh
[4.311s] -- Up-to-date symlink: /home/ros2-user/ros2_workspace/robotics-v1/install/ur_controllers/share/ur_controllers/environment/library_path.dsv
[4.325s] -- Up-to-date symlink: /home/ros2-user/ros2_workspace/robotics-v1/install/ur_controllers/share/ament_index/resource_index/package_run_dependencies/ur_controllers
[4.332s] -- Up-to-date symlink: /home/ros2-user/ros2_workspace/robotics-v1/install/ur_controllers/share/ament_index/resource_index/parent_prefix_path/ur_controllers
[4.332s] -- Up-to-date symlink: /home/ros2-user/ros2_workspace/robotics-v1/install/ur_controllers/share/ur_controllers/environment/ament_prefix_path.sh
[4.333s] -- Up-to-date symlink: /home/ros2-user/ros2_workspace/robotics-v1/install/ur_controllers/share/ur_controllers/environment/ament_prefix_path.dsv
[4.333s] -- Up-to-date symlink: /home/ros2-user/ros2_workspace/robotics-v1/install/ur_controllers/share/ur_controllers/environment/path.sh
[4.334s] -- Up-to-date symlink: /home/ros2-user/ros2_workspace/robotics-v1/install/ur_controllers/share/ur_controllers/environment/path.dsv
[4.334s] -- Up-to-date symlink: /home/ros2-user/ros2_workspace/robotics-v1/install/ur_controllers/share/ur_controllers/local_setup.bash
[4.334s] -- Up-to-date symlink: /home/ros2-user/ros2_workspace/robotics-v1/install/ur_controllers/share/ur_controllers/local_setup.sh
[4.334s] -- Up-to-date symlink: /home/ros2-user/ros2_workspace/robotics-v1/install/ur_controllers/share/ur_controllers/local_setup.zsh
[4.335s] -- Up-to-date symlink: /home/ros2-user/ros2_workspace/robotics-v1/install/ur_controllers/share/ur_controllers/local_setup.dsv
[4.338s] -- Symlinking: /home/ros2-user/ros2_workspace/robotics-v1/install/ur_controllers/share/ur_controllers/package.dsv
[4.407s] -- Up-to-date symlink: /home/ros2-user/ros2_workspace/robotics-v1/install/ur_controllers/share/ament_index/resource_index/packages/ur_controllers
[4.407s] -- Up-to-date symlink: /home/ros2-user/ros2_workspace/robotics-v1/install/ur_controllers/share/ament_index/resource_index/controller_interface__pluginlib__plugin/ur_controllers
[4.408s] -- Up-to-date symlink: /home/ros2-user/ros2_workspace/robotics-v1/install/ur_controllers/share/ur_controllers/cmake/ament_cmake_export_dependencies-extras.cmake
[4.408s] -- Up-to-date symlink: /home/ros2-user/ros2_workspace/robotics-v1/install/ur_controllers/share/ur_controllers/cmake/ament_cmake_export_include_directories-extras.cmake
[4.409s] -- Up-to-date symlink: /home/ros2-user/ros2_workspace/robotics-v1/install/ur_controllers/share/ur_controllers/cmake/ament_cmake_export_libraries-extras.cmake
[4.410s] -- Up-to-date symlink: /home/ros2-user/ros2_workspace/robotics-v1/install/ur_controllers/share/ur_controllers/cmake/ur_controllersConfig.cmake
[4.410s] -- Up-to-date symlink: /home/ros2-user/ros2_workspace/robotics-v1/install/ur_controllers/share/ur_controllers/cmake/ur_controllersConfig-version.cmake
[4.411s] -- Up-to-date symlink: /home/ros2-user/ros2_workspace/robotics-v1/install/ur_controllers/share/ur_controllers/package.xml
[4.500s] Invoked command in '/home/ros2-user/ros2_workspace/robotics-v1/build/ur_controllers' returned '0': AMENT_PREFIX_PATH=/home/ros2-user/ros2_workspace/robotics-v1/install/ur_dashboard_msgs:${AMENT_PREFIX_PATH} CMAKE_PREFIX_PATH=/home/ros2-user/ros2_workspace/robotics-v1/install/ur_dashboard_msgs:/home/ros2-user/ros2_workspace/robotics-v1/install/ur_client_library:/opt/ros/foxy LD_LIBRARY_PATH=/home/ros2-user/ros2_workspace/robotics-v1/install/ur_dashboard_msgs/lib:/home/ros2-user/ros2_workspace/robotics-v1/install/ur_client_library/lib:${LD_LIBRARY_PATH} PKG_CONFIG_PATH=/home/ros2-user/ros2_workspace/robotics-v1/install/ur_client_library/lib/x86_64-linux-gnu/pkgconfig:/home/ros2-user/ros2_workspace/robotics-v1/install/ur_client_library/lib/pkgconfig PYTHONPATH=/home/ros2-user/ros2_workspace/robotics-v1/install/ur_dashboard_msgs/lib/python3.8/site-packages:${PYTHONPATH} /usr/bin/cmake --install /home/ros2-user/ros2_workspace/robotics-v1/build/ur_controllers
