[0.259s] Invoking command in '/home/ros2-user/ros2_workspace/robotics-v1/build/resource_builder': CMAKE_PREFIX_PATH=/home/ros2-user/ros2_workspace/robotics-v1/install/resource_utils:/home/ros2-user/ros2_workspace/robotics-v1/install/utils:/home/ros2-user/ros2_workspace/robotics-v1/install/cmake_helpers:/opt/ros/foxy PKG_CONFIG_PATH=/home/ros2-user/ros2_workspace/robotics-v1/install/resource_utils/lib/x86_64-linux-gnu/pkgconfig:/home/ros2-user/ros2_workspace/robotics-v1/install/resource_utils/lib/pkgconfig:/home/ros2-user/ros2_workspace/robotics-v1/install/utils/lib/x86_64-linux-gnu/pkgconfig:/home/ros2-user/ros2_workspace/robotics-v1/install/utils/lib/pkgconfig:/home/ros2-user/ros2_workspace/robotics-v1/install/cmake_helpers/lib/x86_64-linux-gnu/pkgconfig:/home/ros2-user/ros2_workspace/robotics-v1/install/cmake_helpers/lib/pkgconfig /usr/bin/cmake /home/ros2-user/ros2_workspace/robotics-v1/src/tools/resource_builder -DCMAKE_INSTALL_PREFIX=/home/ros2-user/ros2_workspace/robotics-v1/install/resource_builder
[0.293s] -- Found cmake_helpers: 1.0.0 (/home/ros2-user/ros2_workspace/robotics-v1/install/cmake_helpers/share/cmake_helpers/cmake)
[0.300s] -- Found ament_cmake: 0.9.11 (/opt/ros/foxy/share/ament_cmake/cmake)
[0.351s] -- Using PYTHON_EXECUTABLE: /usr/bin/python3
[0.634s] -- Configuring done
[0.664s] -- Generating done
[0.669s] -- Build files have been written to: /home/ros2-user/ros2_workspace/robotics-v1/build/resource_builder
[0.686s] Invoked command in '/home/ros2-user/ros2_workspace/robotics-v1/build/resource_builder' returned '0': CMAKE_PREFIX_PATH=/home/ros2-user/ros2_workspace/robotics-v1/install/resource_utils:/home/ros2-user/ros2_workspace/robotics-v1/install/utils:/home/ros2-user/ros2_workspace/robotics-v1/install/cmake_helpers:/opt/ros/foxy PKG_CONFIG_PATH=/home/ros2-user/ros2_workspace/robotics-v1/install/resource_utils/lib/x86_64-linux-gnu/pkgconfig:/home/ros2-user/ros2_workspace/robotics-v1/install/resource_utils/lib/pkgconfig:/home/ros2-user/ros2_workspace/robotics-v1/install/utils/lib/x86_64-linux-gnu/pkgconfig:/home/ros2-user/ros2_workspace/robotics-v1/install/utils/lib/pkgconfig:/home/ros2-user/ros2_workspace/robotics-v1/install/cmake_helpers/lib/x86_64-linux-gnu/pkgconfig:/home/ros2-user/ros2_workspace/robotics-v1/install/cmake_helpers/lib/pkgconfig /usr/bin/cmake /home/ros2-user/ros2_workspace/robotics-v1/src/tools/resource_builder -DCMAKE_INSTALL_PREFIX=/home/ros2-user/ros2_workspace/robotics-v1/install/resource_builder
[0.689s] Invoking command in '/home/ros2-user/ros2_workspace/robotics-v1/build/resource_builder': CMAKE_PREFIX_PATH=/home/ros2-user/ros2_workspace/robotics-v1/install/resource_utils:/home/ros2-user/ros2_workspace/robotics-v1/install/utils:/home/ros2-user/ros2_workspace/robotics-v1/install/cmake_helpers:/opt/ros/foxy PKG_CONFIG_PATH=/home/ros2-user/ros2_workspace/robotics-v1/install/resource_utils/lib/x86_64-linux-gnu/pkgconfig:/home/ros2-user/ros2_workspace/robotics-v1/install/resource_utils/lib/pkgconfig:/home/ros2-user/ros2_workspace/robotics-v1/install/utils/lib/x86_64-linux-gnu/pkgconfig:/home/ros2-user/ros2_workspace/robotics-v1/install/utils/lib/pkgconfig:/home/ros2-user/ros2_workspace/robotics-v1/install/cmake_helpers/lib/x86_64-linux-gnu/pkgconfig:/home/ros2-user/ros2_workspace/robotics-v1/install/cmake_helpers/lib/pkgconfig /usr/bin/cmake --build /home/ros2-user/ros2_workspace/robotics-v1/build/resource_builder -- -j4 -l4
[0.880s] [100%] Built target resource_builder
[0.933s] Invoked command in '/home/ros2-user/ros2_workspace/robotics-v1/build/resource_builder' returned '0': CMAKE_PREFIX_PATH=/home/ros2-user/ros2_workspace/robotics-v1/install/resource_utils:/home/ros2-user/ros2_workspace/robotics-v1/install/utils:/home/ros2-user/ros2_workspace/robotics-v1/install/cmake_helpers:/opt/ros/foxy PKG_CONFIG_PATH=/home/ros2-user/ros2_workspace/robotics-v1/install/resource_utils/lib/x86_64-linux-gnu/pkgconfig:/home/ros2-user/ros2_workspace/robotics-v1/install/resource_utils/lib/pkgconfig:/home/ros2-user/ros2_workspace/robotics-v1/install/utils/lib/x86_64-linux-gnu/pkgconfig:/home/ros2-user/ros2_workspace/robotics-v1/install/utils/lib/pkgconfig:/home/ros2-user/ros2_workspace/robotics-v1/install/cmake_helpers/lib/x86_64-linux-gnu/pkgconfig:/home/ros2-user/ros2_workspace/robotics-v1/install/cmake_helpers/lib/pkgconfig /usr/bin/cmake --build /home/ros2-user/ros2_workspace/robotics-v1/build/resource_builder -- -j4 -l4
[1.173s] Invoking command in '/home/ros2-user/ros2_workspace/robotics-v1/build/resource_builder': CMAKE_PREFIX_PATH=/home/ros2-user/ros2_workspace/robotics-v1/install/resource_utils:/home/ros2-user/ros2_workspace/robotics-v1/install/utils:/home/ros2-user/ros2_workspace/robotics-v1/install/cmake_helpers:/opt/ros/foxy PKG_CONFIG_PATH=/home/ros2-user/ros2_workspace/robotics-v1/install/resource_utils/lib/x86_64-linux-gnu/pkgconfig:/home/ros2-user/ros2_workspace/robotics-v1/install/resource_utils/lib/pkgconfig:/home/ros2-user/ros2_workspace/robotics-v1/install/utils/lib/x86_64-linux-gnu/pkgconfig:/home/ros2-user/ros2_workspace/robotics-v1/install/utils/lib/pkgconfig:/home/ros2-user/ros2_workspace/robotics-v1/install/cmake_helpers/lib/x86_64-linux-gnu/pkgconfig:/home/ros2-user/ros2_workspace/robotics-v1/install/cmake_helpers/lib/pkgconfig /usr/bin/cmake --install /home/ros2-user/ros2_workspace/robotics-v1/build/resource_builder
[1.227s] -- Install configuration: "Debug"
[1.232s] -- Up-to-date: /home/ros2-user/ros2_workspace/robotics-v1/install/resource_builder/share/resource_builder/package.xml
[1.233s] -- Up-to-date: /home/ros2-user/ros2_workspace/robotics-v1/install/resource_builder/lib/resource_builder/resource_builder
[1.234s] -- Installing: /home/ros2-user/ros2_workspace/robotics-v1/install/resource_builder/share/ament_index/resource_index/packages/resource_builder
[1.234s] -- Installing: /home/ros2-user/ros2_workspace/robotics-v1/install/resource_builder/share/resource_builder/hook/ament_prefix_path.dsv
[1.234s] -- Installing: /home/ros2-user/ros2_workspace/robotics-v1/install/resource_builder/share/resource_builder/hook/ros_package_path.dsv
[1.235s] -- Up-to-date: /home/ros2-user/ros2_workspace/robotics-v1/install/resource_builder/share/ament_index/resource_index/package_run_dependencies/resource_builder
[1.235s] -- Up-to-date: /home/ros2-user/ros2_workspace/robotics-v1/install/resource_builder/share/ament_index/resource_index/parent_prefix_path/resource_builder
[1.236s] -- Up-to-date: /home/ros2-user/ros2_workspace/robotics-v1/install/resource_builder/share/resource_builder/environment/ament_prefix_path.sh
[1.236s] -- Installing: /home/ros2-user/ros2_workspace/robotics-v1/install/resource_builder/share/resource_builder/environment/ament_prefix_path.dsv
[1.236s] -- Up-to-date: /home/ros2-user/ros2_workspace/robotics-v1/install/resource_builder/share/resource_builder/environment/path.sh
[1.236s] -- Installing: /home/ros2-user/ros2_workspace/robotics-v1/install/resource_builder/share/resource_builder/environment/path.dsv
[1.236s] -- Up-to-date: /home/ros2-user/ros2_workspace/robotics-v1/install/resource_builder/share/resource_builder/local_setup.bash
[1.237s] -- Up-to-date: /home/ros2-user/ros2_workspace/robotics-v1/install/resource_builder/share/resource_builder/local_setup.sh
[1.237s] -- Up-to-date: /home/ros2-user/ros2_workspace/robotics-v1/install/resource_builder/share/resource_builder/local_setup.zsh
[1.237s] -- Installing: /home/ros2-user/ros2_workspace/robotics-v1/install/resource_builder/share/resource_builder/local_setup.dsv
[1.237s] -- Installing: /home/ros2-user/ros2_workspace/robotics-v1/install/resource_builder/share/resource_builder/package.dsv
[1.237s] -- Installing: /home/ros2-user/ros2_workspace/robotics-v1/install/resource_builder/share/ament_index/resource_index/packages/resource_builder
[1.238s] -- Up-to-date: /home/ros2-user/ros2_workspace/robotics-v1/install/resource_builder/share/resource_builder/cmake/resource_builderConfig.cmake
[1.238s] -- Up-to-date: /home/ros2-user/ros2_workspace/robotics-v1/install/resource_builder/share/resource_builder/cmake/resource_builderConfig-version.cmake
[1.238s] -- Up-to-date: /home/ros2-user/ros2_workspace/robotics-v1/install/resource_builder/share/resource_builder/package.xml
[1.238s] -- Up-to-date: /home/ros2-user/ros2_workspace/robotics-v1/install/resource_builder/bin/resource_builder
[1.238s] -- Up-to-date: /home/ros2-user/ros2_workspace/robotics-v1/install/resource_builder/include
[1.239s] -- Up-to-date: /home/ros2-user/ros2_workspace/robotics-v1/install/resource_builder/include/resource_builder
[1.239s] -- Up-to-date: /home/ros2-user/ros2_workspace/robotics-v1/install/resource_builder/include/resource_builder/ResourceParser.h
[1.239s] -- Up-to-date: /home/ros2-user/ros2_workspace/robotics-v1/install/resource_builder/include/resource_builder/SyntaxChecker.h
[1.239s] -- Up-to-date: /home/ros2-user/ros2_workspace/robotics-v1/install/resource_builder/include/resource_builder/FileBuilder.h
[1.239s] -- Up-to-date: /home/ros2-user/ros2_workspace/robotics-v1/install/resource_builder/include/resource_builder/FileParser.h
[1.239s] -- Up-to-date: /home/ros2-user/ros2_workspace/robotics-v1/install/resource_builder/lib/cmake/resource_builder/resource_builderTargets.cmake
[1.239s] -- Installing: /home/ros2-user/ros2_workspace/robotics-v1/install/resource_builder/lib/cmake/resource_builder/resource_builderTargets-debug.cmake
[1.240s] -- Up-to-date: /home/ros2-user/ros2_workspace/robotics-v1/install/resource_builder/lib/cmake/resource_builder/resource_builderConfig.cmake
[1.240s] Invoked command in '/home/ros2-user/ros2_workspace/robotics-v1/build/resource_builder' returned '0': CMAKE_PREFIX_PATH=/home/ros2-user/ros2_workspace/robotics-v1/install/resource_utils:/home/ros2-user/ros2_workspace/robotics-v1/install/utils:/home/ros2-user/ros2_workspace/robotics-v1/install/cmake_helpers:/opt/ros/foxy PKG_CONFIG_PATH=/home/ros2-user/ros2_workspace/robotics-v1/install/resource_utils/lib/x86_64-linux-gnu/pkgconfig:/home/ros2-user/ros2_workspace/robotics-v1/install/resource_utils/lib/pkgconfig:/home/ros2-user/ros2_workspace/robotics-v1/install/utils/lib/x86_64-linux-gnu/pkgconfig:/home/ros2-user/ros2_workspace/robotics-v1/install/utils/lib/pkgconfig:/home/ros2-user/ros2_workspace/robotics-v1/install/cmake_helpers/lib/x86_64-linux-gnu/pkgconfig:/home/ros2-user/ros2_workspace/robotics-v1/install/cmake_helpers/lib/pkgconfig /usr/bin/cmake --install /home/ros2-user/ros2_workspace/robotics-v1/build/resource_builder
