[0.176s] Invoking command in '/home/ros2-user/ros2_workspace/robotics-v1/build/manager_utils': CMAKE_PREFIX_PATH=/home/ros2-user/ros2_workspace/robotics-v1/install/sdl_utils:/home/ros2-user/ros2_workspace/robotics-v1/install/resource_utils:/home/ros2-user/ros2_workspace/robotics-v1/install/utils:/home/ros2-user/ros2_workspace/robotics-v1/install/cmake_helpers:/opt/ros/foxy PKG_CONFIG_PATH=/home/ros2-user/ros2_workspace/robotics-v1/install/sdl_utils/lib/x86_64-linux-gnu/pkgconfig:/home/ros2-user/ros2_workspace/robotics-v1/install/sdl_utils/lib/pkgconfig:/home/ros2-user/ros2_workspace/robotics-v1/install/resource_utils/lib/x86_64-linux-gnu/pkgconfig:/home/ros2-user/ros2_workspace/robotics-v1/install/resource_utils/lib/pkgconfig:/home/ros2-user/ros2_workspace/robotics-v1/install/utils/lib/x86_64-linux-gnu/pkgconfig:/home/ros2-user/ros2_workspace/robotics-v1/install/utils/lib/pkgconfig:/home/ros2-user/ros2_workspace/robotics-v1/install/cmake_helpers/lib/x86_64-linux-gnu/pkgconfig:/home/ros2-user/ros2_workspace/robotics-v1/install/cmake_helpers/lib/pkgconfig /usr/bin/cmake /home/ros2-user/ros2_workspace/robotics-v1/src/lib/manager_utils -DCMAKE_BUILD_TYPE=Debug -DCMAKE_CXX_COMPILER=/usr/bin/g++ -DCMAKE_INSTALL_PREFIX=/home/ros2-user/ros2_workspace/robotics-v1/install/manager_utils
[0.551s] -- The CXX compiler identification is GNU 9.4.0
[0.554s] -- Check for working CXX compiler: /usr/bin/g++
[0.943s] -- Check for working CXX compiler: /usr/bin/g++ -- works
[0.948s] -- Detecting CXX compiler ABI info
[1.200s] -- Detecting CXX compiler ABI info - done
[1.257s] -- Detecting CXX compile features
[1.258s] -- Detecting CXX compile features - done
[1.264s] -- Found cmake_helpers: 1.0.0 (/home/ros2-user/ros2_workspace/robotics-v1/install/cmake_helpers/share/cmake_helpers/cmake)
[1.291s] -- Looking for C++ include pthread.h
[1.599s] -- Looking for C++ include pthread.h - found
[1.605s] -- Performing Test CMAKE_HAVE_LIBC_PTHREAD
[2.030s] -- Performing Test CMAKE_HAVE_LIBC_PTHREAD - Failed
[2.052s] -- Looking for pthread_create in pthreads
[2.383s] -- Looking for pthread_create in pthreads - not found
[2.384s] -- Looking for pthread_create in pthread
[3.209s] -- Looking for pthread_create in pthread - found
[3.212s] -- Found Threads: TRUE  
[3.220s] -- Found ament_cmake: 0.9.11 (/opt/ros/foxy/share/ament_cmake/cmake)
[3.301s] -- Found PythonInterp: /usr/bin/python3 (found suitable version "3.8.10", minimum required is "3") 
[3.302s] -- Using PYTHON_EXECUTABLE: /usr/bin/python3
[4.049s] -- Configuring done
[4.088s] -- Generating done
[4.093s] -- Build files have been written to: /home/ros2-user/ros2_workspace/robotics-v1/build/manager_utils
[4.108s] Invoked command in '/home/ros2-user/ros2_workspace/robotics-v1/build/manager_utils' returned '0': CMAKE_PREFIX_PATH=/home/ros2-user/ros2_workspace/robotics-v1/install/sdl_utils:/home/ros2-user/ros2_workspace/robotics-v1/install/resource_utils:/home/ros2-user/ros2_workspace/robotics-v1/install/utils:/home/ros2-user/ros2_workspace/robotics-v1/install/cmake_helpers:/opt/ros/foxy PKG_CONFIG_PATH=/home/ros2-user/ros2_workspace/robotics-v1/install/sdl_utils/lib/x86_64-linux-gnu/pkgconfig:/home/ros2-user/ros2_workspace/robotics-v1/install/sdl_utils/lib/pkgconfig:/home/ros2-user/ros2_workspace/robotics-v1/install/resource_utils/lib/x86_64-linux-gnu/pkgconfig:/home/ros2-user/ros2_workspace/robotics-v1/install/resource_utils/lib/pkgconfig:/home/ros2-user/ros2_workspace/robotics-v1/install/utils/lib/x86_64-linux-gnu/pkgconfig:/home/ros2-user/ros2_workspace/robotics-v1/install/utils/lib/pkgconfig:/home/ros2-user/ros2_workspace/robotics-v1/install/cmake_helpers/lib/x86_64-linux-gnu/pkgconfig:/home/ros2-user/ros2_workspace/robotics-v1/install/cmake_helpers/lib/pkgconfig /usr/bin/cmake /home/ros2-user/ros2_workspace/robotics-v1/src/lib/manager_utils -DCMAKE_BUILD_TYPE=Debug -DCMAKE_CXX_COMPILER=/usr/bin/g++ -DCMAKE_INSTALL_PREFIX=/home/ros2-user/ros2_workspace/robotics-v1/install/manager_utils
[4.110s] Invoking command in '/home/ros2-user/ros2_workspace/robotics-v1/build/manager_utils': CMAKE_PREFIX_PATH=/home/ros2-user/ros2_workspace/robotics-v1/install/sdl_utils:/home/ros2-user/ros2_workspace/robotics-v1/install/resource_utils:/home/ros2-user/ros2_workspace/robotics-v1/install/utils:/home/ros2-user/ros2_workspace/robotics-v1/install/cmake_helpers:/opt/ros/foxy PKG_CONFIG_PATH=/home/ros2-user/ros2_workspace/robotics-v1/install/sdl_utils/lib/x86_64-linux-gnu/pkgconfig:/home/ros2-user/ros2_workspace/robotics-v1/install/sdl_utils/lib/pkgconfig:/home/ros2-user/ros2_workspace/robotics-v1/install/resource_utils/lib/x86_64-linux-gnu/pkgconfig:/home/ros2-user/ros2_workspace/robotics-v1/install/resource_utils/lib/pkgconfig:/home/ros2-user/ros2_workspace/robotics-v1/install/utils/lib/x86_64-linux-gnu/pkgconfig:/home/ros2-user/ros2_workspace/robotics-v1/install/utils/lib/pkgconfig:/home/ros2-user/ros2_workspace/robotics-v1/install/cmake_helpers/lib/x86_64-linux-gnu/pkgconfig:/home/ros2-user/ros2_workspace/robotics-v1/install/cmake_helpers/lib/pkgconfig /usr/bin/cmake --build /home/ros2-user/ros2_workspace/robotics-v1/build/manager_utils -- -j4 -l4
[4.415s] [35m[1mScanning dependencies of target manager_utils[0m
[4.496s] [  3%] [32mBuilding CXX object CMakeFiles/manager_utils.dir/src/drawing/NumberCounter.cpp.o[0m
[6.163s] [  7%] [32mBuilding CXX object CMakeFiles/manager_utils.dir/src/drawing/Sprite.cpp.o[0m
[6.937s] [ 11%] [32mBuilding CXX object CMakeFiles/manager_utils.dir/src/drawing/Fbo.cpp.o[0m
[9.366s] [ 14%] [32mBuilding CXX object CMakeFiles/manager_utils.dir/src/drawing/Text.cpp.o[0m
[11.306s] [ 18%] [32mBuilding CXX object CMakeFiles/manager_utils.dir/src/drawing/Widget.cpp.o[0m
[12.410s] [ 22%] [32mBuilding CXX object CMakeFiles/manager_utils.dir/src/drawing/animation/AnimationBase.cpp.o[0m
[13.004s] [ 25%] [32mBuilding CXX object CMakeFiles/manager_utils.dir/src/drawing/animation/FrameAnimation.cpp.o[0m
[13.397s] [ 29%] [32mBuilding CXX object CMakeFiles/manager_utils.dir/src/drawing/animation/PositionAnimation.cpp.o[0m
[14.931s] [ 33%] [32mBuilding CXX object CMakeFiles/manager_utils.dir/src/drawing/animation/PulseAnimation.cpp.o[0m
[15.186s] [ 37%] [32mBuilding CXX object CMakeFiles/manager_utils.dir/src/drawing/animation/RotationAnimation.cpp.o[0m
[15.779s] [ 40%] [32mBuilding CXX object CMakeFiles/manager_utils.dir/src/drawing/animation/defines/CommonAnimationStructs.cpp.o[0m
[15.967s] [ 44%] [32mBuilding CXX object CMakeFiles/manager_utils.dir/src/input/ButtonBase.cpp.o[0m
[16.196s] [ 48%] [32mBuilding CXX object CMakeFiles/manager_utils.dir/src/input/Scroller.cpp.o[0m
[16.521s] [ 51%] [32mBuilding CXX object CMakeFiles/manager_utils.dir/src/managers/ManagerHandler.cpp.o[0m
[18.519s] [ 55%] [32mBuilding CXX object CMakeFiles/manager_utils.dir/src/managers/DrawMgr.cpp.o[0m
[20.670s] [ 59%] [32mBuilding CXX object CMakeFiles/manager_utils.dir/src/managers/RsrcMgr.cpp.o[0m
[23.113s] [ 62%] [32mBuilding CXX object CMakeFiles/manager_utils.dir/src/managers/SoundMgr.cpp.o[0m
[24.931s] [ 66%] [32mBuilding CXX object CMakeFiles/manager_utils.dir/src/managers/TimerMgr.cpp.o[0m
[27.219s] [ 70%] [32mBuilding CXX object CMakeFiles/manager_utils.dir/src/sound/Music.cpp.o[0m
[27.448s] [ 74%] [32mBuilding CXX object CMakeFiles/manager_utils.dir/src/sound/Sound.cpp.o[0m
[27.688s] [ 77%] [32mBuilding CXX object CMakeFiles/manager_utils.dir/src/sound/SoundWidget.cpp.o[0m
[29.958s] [ 81%] [32mBuilding CXX object CMakeFiles/manager_utils.dir/src/time/TimerClient.cpp.o[0m
[31.477s] [ 85%] [32mBuilding CXX object CMakeFiles/manager_utils.dir/src/time/TimerClientSpeedAdjustable.cpp.o[0m
[33.287s] [ 88%] [32mBuilding CXX object CMakeFiles/manager_utils.dir/src/time/UserTimerClient.cpp.o[0m
[34.409s] [ 92%] [32mBuilding CXX object CMakeFiles/manager_utils.dir/src/drawing/Image.cpp.o[0m
[36.277s] [ 96%] [32mBuilding CXX object CMakeFiles/manager_utils.dir/src/drawing/DynamicImage.cpp.o[0m
[38.597s] [100%] [32m[1mLinking CXX static library libmanager_utils.a[0m
[39.128s] [100%] Built target manager_utils
[39.186s] Invoked command in '/home/ros2-user/ros2_workspace/robotics-v1/build/manager_utils' returned '0': CMAKE_PREFIX_PATH=/home/ros2-user/ros2_workspace/robotics-v1/install/sdl_utils:/home/ros2-user/ros2_workspace/robotics-v1/install/resource_utils:/home/ros2-user/ros2_workspace/robotics-v1/install/utils:/home/ros2-user/ros2_workspace/robotics-v1/install/cmake_helpers:/opt/ros/foxy PKG_CONFIG_PATH=/home/ros2-user/ros2_workspace/robotics-v1/install/sdl_utils/lib/x86_64-linux-gnu/pkgconfig:/home/ros2-user/ros2_workspace/robotics-v1/install/sdl_utils/lib/pkgconfig:/home/ros2-user/ros2_workspace/robotics-v1/install/resource_utils/lib/x86_64-linux-gnu/pkgconfig:/home/ros2-user/ros2_workspace/robotics-v1/install/resource_utils/lib/pkgconfig:/home/ros2-user/ros2_workspace/robotics-v1/install/utils/lib/x86_64-linux-gnu/pkgconfig:/home/ros2-user/ros2_workspace/robotics-v1/install/utils/lib/pkgconfig:/home/ros2-user/ros2_workspace/robotics-v1/install/cmake_helpers/lib/x86_64-linux-gnu/pkgconfig:/home/ros2-user/ros2_workspace/robotics-v1/install/cmake_helpers/lib/pkgconfig /usr/bin/cmake --build /home/ros2-user/ros2_workspace/robotics-v1/build/manager_utils -- -j4 -l4
[39.669s] Invoking command in '/home/ros2-user/ros2_workspace/robotics-v1/build/manager_utils': CMAKE_PREFIX_PATH=/home/ros2-user/ros2_workspace/robotics-v1/install/sdl_utils:/home/ros2-user/ros2_workspace/robotics-v1/install/resource_utils:/home/ros2-user/ros2_workspace/robotics-v1/install/utils:/home/ros2-user/ros2_workspace/robotics-v1/install/cmake_helpers:/opt/ros/foxy PKG_CONFIG_PATH=/home/ros2-user/ros2_workspace/robotics-v1/install/sdl_utils/lib/x86_64-linux-gnu/pkgconfig:/home/ros2-user/ros2_workspace/robotics-v1/install/sdl_utils/lib/pkgconfig:/home/ros2-user/ros2_workspace/robotics-v1/install/resource_utils/lib/x86_64-linux-gnu/pkgconfig:/home/ros2-user/ros2_workspace/robotics-v1/install/resource_utils/lib/pkgconfig:/home/ros2-user/ros2_workspace/robotics-v1/install/utils/lib/x86_64-linux-gnu/pkgconfig:/home/ros2-user/ros2_workspace/robotics-v1/install/utils/lib/pkgconfig:/home/ros2-user/ros2_workspace/robotics-v1/install/cmake_helpers/lib/x86_64-linux-gnu/pkgconfig:/home/ros2-user/ros2_workspace/robotics-v1/install/cmake_helpers/lib/pkgconfig /usr/bin/cmake --install /home/ros2-user/ros2_workspace/robotics-v1/build/manager_utils
[39.751s] -- Install configuration: "Debug"
[39.755s] -- Installing: /home/ros2-user/ros2_workspace/robotics-v1/install/manager_utils/share/manager_utils/package.xml
[39.756s] -- Installing: /home/ros2-user/ros2_workspace/robotics-v1/install/manager_utils/lib/manager_utils/libmanager_utils.a
[39.756s] -- Installing: /home/ros2-user/ros2_workspace/robotics-v1/install/manager_utils/share/ament_index/resource_index/packages/manager_utils
[39.757s] -- Installing: /home/ros2-user/ros2_workspace/robotics-v1/install/manager_utils/share/manager_utils/hook/ament_prefix_path.dsv
[39.757s] -- Installing: /home/ros2-user/ros2_workspace/robotics-v1/install/manager_utils/share/manager_utils/hook/ros_package_path.dsv
[39.767s] -- Installing: /home/ros2-user/ros2_workspace/robotics-v1/install/manager_utils/share/ament_index/resource_index/package_run_dependencies/manager_utils
[39.770s] -- Installing: /home/ros2-user/ros2_workspace/robotics-v1/install/manager_utils/share/ament_index/resource_index/parent_prefix_path/manager_utils
[39.772s] -- Installing: /home/ros2-user/ros2_workspace/robotics-v1/install/manager_utils/share/manager_utils/environment/ament_prefix_path.sh
[39.774s] -- Installing: /home/ros2-user/ros2_workspace/robotics-v1/install/manager_utils/share/manager_utils/environment/ament_prefix_path.dsv
[39.777s] -- Installing: /home/ros2-user/ros2_workspace/robotics-v1/install/manager_utils/share/manager_utils/environment/path.sh
[39.815s] -- Installing: /home/ros2-user/ros2_workspace/robotics-v1/install/manager_utils/share/manager_utils/environment/path.dsv
[39.817s] -- Installing: /home/ros2-user/ros2_workspace/robotics-v1/install/manager_utils/share/manager_utils/local_setup.bash
[39.818s] -- Installing: /home/ros2-user/ros2_workspace/robotics-v1/install/manager_utils/share/manager_utils/local_setup.sh
[39.818s] -- Installing: /home/ros2-user/ros2_workspace/robotics-v1/install/manager_utils/share/manager_utils/local_setup.zsh
[39.819s] -- Installing: /home/ros2-user/ros2_workspace/robotics-v1/install/manager_utils/share/manager_utils/local_setup.dsv
[39.820s] -- Installing: /home/ros2-user/ros2_workspace/robotics-v1/install/manager_utils/share/manager_utils/package.dsv
[39.821s] -- Up-to-date: /home/ros2-user/ros2_workspace/robotics-v1/install/manager_utils/share/ament_index/resource_index/packages/manager_utils
[39.822s] -- Installing: /home/ros2-user/ros2_workspace/robotics-v1/install/manager_utils/share/manager_utils/cmake/manager_utilsConfig.cmake
[39.822s] -- Installing: /home/ros2-user/ros2_workspace/robotics-v1/install/manager_utils/share/manager_utils/cmake/manager_utilsConfig-version.cmake
[39.823s] -- Up-to-date: /home/ros2-user/ros2_workspace/robotics-v1/install/manager_utils/share/manager_utils/package.xml
[39.824s] -- Installing: /home/ros2-user/ros2_workspace/robotics-v1/install/manager_utils/lib/libmanager_utils.a
[39.825s] -- Installing: /home/ros2-user/ros2_workspace/robotics-v1/install/manager_utils/include
[39.826s] -- Installing: /home/ros2-user/ros2_workspace/robotics-v1/install/manager_utils/include/manager_utils
[39.827s] -- Installing: /home/ros2-user/ros2_workspace/robotics-v1/install/manager_utils/include/manager_utils/drawing
[39.828s] -- Installing: /home/ros2-user/ros2_workspace/robotics-v1/install/manager_utils/include/manager_utils/drawing/DynamicImage.h
[39.828s] -- Installing: /home/ros2-user/ros2_workspace/robotics-v1/install/manager_utils/include/manager_utils/drawing/NumberCounter.h
[39.829s] -- Installing: /home/ros2-user/ros2_workspace/robotics-v1/install/manager_utils/include/manager_utils/drawing/Sprite.h
[39.829s] -- Installing: /home/ros2-user/ros2_workspace/robotics-v1/install/manager_utils/include/manager_utils/drawing/Text.h
[39.830s] -- Installing: /home/ros2-user/ros2_workspace/robotics-v1/install/manager_utils/include/manager_utils/drawing/Widget.h
[39.831s] -- Installing: /home/ros2-user/ros2_workspace/robotics-v1/install/manager_utils/include/manager_utils/drawing/Fbo.h
[39.832s] -- Installing: /home/ros2-user/ros2_workspace/robotics-v1/install/manager_utils/include/manager_utils/drawing/Image.h
[39.832s] -- Installing: /home/ros2-user/ros2_workspace/robotics-v1/install/manager_utils/include/manager_utils/drawing/animation
[39.833s] -- Installing: /home/ros2-user/ros2_workspace/robotics-v1/install/manager_utils/include/manager_utils/drawing/animation/AnimationBase.h
[39.834s] -- Installing: /home/ros2-user/ros2_workspace/robotics-v1/install/manager_utils/include/manager_utils/drawing/animation/RotationAnimation.h
[39.835s] -- Installing: /home/ros2-user/ros2_workspace/robotics-v1/install/manager_utils/include/manager_utils/drawing/animation/PulseAnimation.h
[39.835s] -- Installing: /home/ros2-user/ros2_workspace/robotics-v1/install/manager_utils/include/manager_utils/drawing/animation/FrameAnimation.h
[39.835s] -- Installing: /home/ros2-user/ros2_workspace/robotics-v1/install/manager_utils/include/manager_utils/drawing/animation/defines
[39.835s] -- Installing: /home/ros2-user/ros2_workspace/robotics-v1/install/manager_utils/include/manager_utils/drawing/animation/defines/CommonAnimationStructs.h
[39.835s] -- Installing: /home/ros2-user/ros2_workspace/robotics-v1/install/manager_utils/include/manager_utils/drawing/animation/defines/AnimationDefines.h
[39.836s] -- Installing: /home/ros2-user/ros2_workspace/robotics-v1/install/manager_utils/include/manager_utils/drawing/animation/AnimationEndCb.h
[39.836s] -- Installing: /home/ros2-user/ros2_workspace/robotics-v1/install/manager_utils/include/manager_utils/drawing/animation/PositionAnimation.h
[39.836s] -- Installing: /home/ros2-user/ros2_workspace/robotics-v1/install/manager_utils/include/manager_utils/sound
[39.836s] -- Installing: /home/ros2-user/ros2_workspace/robotics-v1/install/manager_utils/include/manager_utils/sound/Sound.h
[39.837s] -- Installing: /home/ros2-user/ros2_workspace/robotics-v1/install/manager_utils/include/manager_utils/sound/Music.h
[39.837s] -- Installing: /home/ros2-user/ros2_workspace/robotics-v1/install/manager_utils/include/manager_utils/sound/SoundWidgetEndCb.h
[39.837s] -- Installing: /home/ros2-user/ros2_workspace/robotics-v1/install/manager_utils/include/manager_utils/sound/SoundWidget.h
[39.837s] -- Installing: /home/ros2-user/ros2_workspace/robotics-v1/install/manager_utils/include/manager_utils/managers
[39.837s] -- Installing: /home/ros2-user/ros2_workspace/robotics-v1/install/manager_utils/include/manager_utils/managers/config
[39.838s] -- Installing: /home/ros2-user/ros2_workspace/robotics-v1/install/manager_utils/include/manager_utils/managers/config/DrawMgrConfig.h
[39.838s] -- Installing: /home/ros2-user/ros2_workspace/robotics-v1/install/manager_utils/include/manager_utils/managers/config/ManagerHandlerConfig.h
[39.838s] -- Installing: /home/ros2-user/ros2_workspace/robotics-v1/install/manager_utils/include/manager_utils/managers/MgrBase.h
[39.838s] -- Installing: /home/ros2-user/ros2_workspace/robotics-v1/install/manager_utils/include/manager_utils/managers/DrawMgr.h
[39.838s] -- Installing: /home/ros2-user/ros2_workspace/robotics-v1/install/manager_utils/include/manager_utils/managers/SoundMgr.h
[39.839s] -- Installing: /home/ros2-user/ros2_workspace/robotics-v1/install/manager_utils/include/manager_utils/managers/ManagerHandler.h
[39.839s] -- Installing: /home/ros2-user/ros2_workspace/robotics-v1/install/manager_utils/include/manager_utils/managers/RsrcMgr.h
[39.839s] -- Installing: /home/ros2-user/ros2_workspace/robotics-v1/install/manager_utils/include/manager_utils/managers/TimerMgr.h
[39.839s] -- Installing: /home/ros2-user/ros2_workspace/robotics-v1/install/manager_utils/include/manager_utils/time
[39.840s] -- Installing: /home/ros2-user/ros2_workspace/robotics-v1/install/manager_utils/include/manager_utils/time/TimerClientSpeedAdjustable.h
[39.840s] -- Installing: /home/ros2-user/ros2_workspace/robotics-v1/install/manager_utils/include/manager_utils/time/UserTimerClient.h
[39.840s] -- Installing: /home/ros2-user/ros2_workspace/robotics-v1/install/manager_utils/include/manager_utils/time/defines
[39.840s] -- Installing: /home/ros2-user/ros2_workspace/robotics-v1/install/manager_utils/include/manager_utils/time/defines/TimerClientDefines.h
[39.841s] -- Installing: /home/ros2-user/ros2_workspace/robotics-v1/install/manager_utils/include/manager_utils/time/TimerClient.h
[39.841s] -- Installing: /home/ros2-user/ros2_workspace/robotics-v1/install/manager_utils/include/manager_utils/input
[39.841s] -- Installing: /home/ros2-user/ros2_workspace/robotics-v1/install/manager_utils/include/manager_utils/input/Scroller.h
[39.841s] -- Installing: /home/ros2-user/ros2_workspace/robotics-v1/install/manager_utils/include/manager_utils/input/ButtonBase.h
[39.841s] -- Installing: /home/ros2-user/ros2_workspace/robotics-v1/install/manager_utils/lib/cmake/manager_utils/manager_utilsTargets.cmake
[39.841s] -- Installing: /home/ros2-user/ros2_workspace/robotics-v1/install/manager_utils/lib/cmake/manager_utils/manager_utilsTargets-debug.cmake
[39.842s] -- Installing: /home/ros2-user/ros2_workspace/robotics-v1/install/manager_utils/lib/cmake/manager_utils/manager_utilsConfig.cmake
[39.842s] Invoked command in '/home/ros2-user/ros2_workspace/robotics-v1/build/manager_utils' returned '0': CMAKE_PREFIX_PATH=/home/ros2-user/ros2_workspace/robotics-v1/install/sdl_utils:/home/ros2-user/ros2_workspace/robotics-v1/install/resource_utils:/home/ros2-user/ros2_workspace/robotics-v1/install/utils:/home/ros2-user/ros2_workspace/robotics-v1/install/cmake_helpers:/opt/ros/foxy PKG_CONFIG_PATH=/home/ros2-user/ros2_workspace/robotics-v1/install/sdl_utils/lib/x86_64-linux-gnu/pkgconfig:/home/ros2-user/ros2_workspace/robotics-v1/install/sdl_utils/lib/pkgconfig:/home/ros2-user/ros2_workspace/robotics-v1/install/resource_utils/lib/x86_64-linux-gnu/pkgconfig:/home/ros2-user/ros2_workspace/robotics-v1/install/resource_utils/lib/pkgconfig:/home/ros2-user/ros2_workspace/robotics-v1/install/utils/lib/x86_64-linux-gnu/pkgconfig:/home/ros2-user/ros2_workspace/robotics-v1/install/utils/lib/pkgconfig:/home/ros2-user/ros2_workspace/robotics-v1/install/cmake_helpers/lib/x86_64-linux-gnu/pkgconfig:/home/ros2-user/ros2_workspace/robotics-v1/install/cmake_helpers/lib/pkgconfig /usr/bin/cmake --install /home/ros2-user/ros2_workspace/robotics-v1/build/manager_utils
