-- Found ament_cmake: 0.9.11 (/opt/ros/foxy/share/ament_cmake/cmake)
-- Found PythonInterp: /usr/bin/python3 (found suitable version "3.8.10", minimum required is "3") 
-- Using PYTHON_EXECUTABLE: /usr/bin/python3
-- Override CMake install command with custom implementation using symlinks instead of copying resources
-- Found hardware_interface: 0.11.0 (/opt/ros/foxy/share/hardware_interface/cmake)
-- Using all available rosidl_typesupport_c: rosidl_typesupport_fastrtps_c;rosidl_typesupport_introspection_c
-- Found rosidl_adapter: 1.3.0 (/opt/ros/foxy/share/rosidl_adapter/cmake)
-- Using all available rosidl_typesupport_cpp: rosidl_typesupport_fastrtps_cpp;rosidl_typesupport_introspection_cpp
-- Found rclcpp: 2.4.2 (/opt/ros/foxy/share/rclcpp/cmake)
-- Found rmw_implementation_cmake: 1.0.3 (/opt/ros/foxy/share/rmw_implementation_cmake/cmake)
-- Using RMW implementation 'rmw_fastrtps_cpp' as default
-- Found std_srvs: 2.0.5 (/opt/ros/foxy/share/std_srvs/cmake)
-- Found ur_dashboard_msgs: 0.0.0 (/home/ros2-user/ros2_workspace/robotics-v1/install/ur_dashboard_msgs/share/ur_dashboard_msgs/cmake)
-- Found ur_controllers: 0.0.0 (/home/ros2-user/ros2_workspace/robotics-v1/install/ur_controllers/share/ur_controllers/cmake)
-- Found ur_description: 0.0.0 (/home/ros2-user/ros2_workspace/robotics-v1/install/ur_description/share/ur_description/cmake)
-- Found ur_bringup: 0.0.0 (/home/ros2-user/ros2_workspace/robotics-v1/install/ur_bringup/share/ur_bringup/cmake)
-- Found launch_testing_ament_cmake: 0.10.9 (/opt/ros/foxy/share/launch_testing_ament_cmake/cmake)
-- Found python_cmake_module: 0.8.1 (/opt/ros/foxy/share/python_cmake_module/cmake)
-- Found PythonInterp: /usr/bin/python3 (found suitable version "3.8.10", minimum required is "3.5") 
-- Using PYTHON_EXECUTABLE: /usr/bin/python3
-- Using PYTHON_INCLUDE_DIRS: /usr/include/python3.8
-- Using PYTHON_LIBRARIES: /usr/lib/x86_64-linux-gnu/libpython3.8.so
-- Configuring done
-- Generating done
-- Build files have been written to: /home/ros2-user/ros2_workspace/robotics-v1/build/ur_robot_driver
[ 50%] Built target ur_robot_driver_plugin
[100%] Built target dashboard_client
-- Install configuration: "Debug"
-- Execute custom install script
-- Up-to-date symlink: /home/ros2-user/ros2_workspace/robotics-v1/install/ur_robot_driver/share/ur_robot_driver//hardware_interface_plugin.xml
-- Up-to-date symlink: /home/ros2-user/ros2_workspace/robotics-v1/install/ur_robot_driver/lib/ur_robot_driver/dashboard_client
-- Up-to-date symlink: /home/ros2-user/ros2_workspace/robotics-v1/install/ur_robot_driver/lib/libur_robot_driver_plugin.so
-- Up-to-date symlink: /home/ros2-user/ros2_workspace/robotics-v1/install/ur_robot_driver/include/ur_robot_driver/dashboard_client_ros.hpp
-- Up-to-date symlink: /home/ros2-user/ros2_workspace/robotics-v1/install/ur_robot_driver/include/ur_robot_driver/hardware_interface.hpp
-- Up-to-date symlink: /home/ros2-user/ros2_workspace/robotics-v1/install/ur_robot_driver/include/ur_robot_driver/urcl_log_handler.hpp
-- Up-to-date symlink: /home/ros2-user/ros2_workspace/robotics-v1/install/ur_robot_driver/share/ur_robot_driver/environment/library_path.sh
-- Up-to-date symlink: /home/ros2-user/ros2_workspace/robotics-v1/install/ur_robot_driver/share/ur_robot_driver/environment/library_path.dsv
-- Up-to-date symlink: /home/ros2-user/ros2_workspace/robotics-v1/install/ur_robot_driver/bin/tool_communication
-- Up-to-date symlink: /home/ros2-user/ros2_workspace/robotics-v1/install/ur_robot_driver/share/ur_robot_driver/resources/Dockerfile
-- Up-to-date symlink: /home/ros2-user/ros2_workspace/robotics-v1/install/ur_robot_driver/share/ur_robot_driver/resources/externalcontrol-1.0.5.urcap
-- Up-to-date symlink: /home/ros2-user/ros2_workspace/robotics-v1/install/ur_robot_driver/share/ur_robot_driver/resources/ros_control.urscript
-- Up-to-date symlink: /home/ros2-user/ros2_workspace/robotics-v1/install/ur_robot_driver/share/ur_robot_driver/resources/rs485-1.0.urcap
-- Up-to-date symlink: /home/ros2-user/ros2_workspace/robotics-v1/install/ur_robot_driver/share/ur_robot_driver/resources/rtde_input_recipe.txt
-- Up-to-date symlink: /home/ros2-user/ros2_workspace/robotics-v1/install/ur_robot_driver/share/ur_robot_driver/resources/rtde_output_recipe.txt
-- Up-to-date symlink: /home/ros2-user/ros2_workspace/robotics-v1/install/ur_robot_driver/share/ur_robot_driver/resources/ursim_driver/README.md
-- Up-to-date symlink: /home/ros2-user/ros2_workspace/robotics-v1/install/ur_robot_driver/share/ur_robot_driver/resources/ursim_driver/build_and_run_docker_ursim_with_driver.sh
-- Up-to-date symlink: /home/ros2-user/ros2_workspace/robotics-v1/install/ur_robot_driver/share/ur_robot_driver/resources/ursim_driver/docker-compose.yml
-- Up-to-date symlink: /home/ros2-user/ros2_workspace/robotics-v1/install/ur_robot_driver/share/ur_robot_driver/resources/ursim_driver/driver/Dockerfile
-- Up-to-date symlink: /home/ros2-user/ros2_workspace/robotics-v1/install/ur_robot_driver/share/ur_robot_driver/resources/ursim_driver/driver/entrypoint.sh
-- Up-to-date symlink: /home/ros2-user/ros2_workspace/robotics-v1/install/ur_robot_driver/share/ur_robot_driver/resources/ursim_driver/driver/wait_dashboard_server.sh
-- Up-to-date symlink: /home/ros2-user/ros2_workspace/robotics-v1/install/ur_robot_driver/share/ur_robot_driver/resources/ursim_driver/resources/add_urcap.png
-- Up-to-date symlink: /home/ros2-user/ros2_workspace/robotics-v1/install/ur_robot_driver/share/ur_robot_driver/resources/ursim_driver/resources/added_external_ctrl.png
-- Up-to-date symlink: /home/ros2-user/ros2_workspace/robotics-v1/install/ur_robot_driver/share/ur_robot_driver/resources/ursim_driver/resources/added_urcap.png
-- Up-to-date symlink: /home/ros2-user/ros2_workspace/robotics-v1/install/ur_robot_driver/share/ur_robot_driver/resources/ursim_driver/resources/move_tab.png
-- Up-to-date symlink: /home/ros2-user/ros2_workspace/robotics-v1/install/ur_robot_driver/share/ur_robot_driver/resources/ursim_driver/resources/powered_on.png
-- Up-to-date symlink: /home/ros2-user/ros2_workspace/robotics-v1/install/ur_robot_driver/share/ur_robot_driver/resources/ursim_driver/resources/poweron_proc.png
-- Up-to-date symlink: /home/ros2-user/ros2_workspace/robotics-v1/install/ur_robot_driver/share/ur_robot_driver/resources/ursim_driver/resources/running_external_ctrl.png
-- Up-to-date symlink: /home/ros2-user/ros2_workspace/robotics-v1/install/ur_robot_driver/share/ur_robot_driver/resources/ursim_driver/resources/rviz.png
-- Up-to-date symlink: /home/ros2-user/ros2_workspace/robotics-v1/install/ur_robot_driver/share/ur_robot_driver/resources/ursim_driver/resources/settings.png
-- Up-to-date symlink: /home/ros2-user/ros2_workspace/robotics-v1/install/ur_robot_driver/share/ur_robot_driver/resources/ursim_driver/resources/terminal.png
-- Up-to-date symlink: /home/ros2-user/ros2_workspace/robotics-v1/install/ur_robot_driver/share/ur_robot_driver/resources/ursim_driver/resources/urcap_menu.png
-- Up-to-date symlink: /home/ros2-user/ros2_workspace/robotics-v1/install/ur_robot_driver/share/ur_robot_driver/resources/ursim_driver/resources/vncviewer_list.png
-- Up-to-date symlink: /home/ros2-user/ros2_workspace/robotics-v1/install/ur_robot_driver/share/ur_robot_driver/resources/ursim_driver/ursim/aux/.vol/urcap_ros_control.installation
-- Up-to-date symlink: /home/ros2-user/ros2_workspace/robotics-v1/install/ur_robot_driver/share/ur_robot_driver/resources/ursim_driver/ursim/aux/.vol/urcap_ros_control.script
-- Up-to-date symlink: /home/ros2-user/ros2_workspace/robotics-v1/install/ur_robot_driver/share/ur_robot_driver/resources/ursim_driver/ursim/aux/.vol/urcap_ros_control.txt
-- Up-to-date symlink: /home/ros2-user/ros2_workspace/robotics-v1/install/ur_robot_driver/share/ur_robot_driver/resources/ursim_driver/ursim/aux/.vol/urcap_ros_control.urp
-- Up-to-date symlink: /home/ros2-user/ros2_workspace/robotics-v1/install/ur_robot_driver/share/ur_robot_driver/resources/ursim_driver/ursim/aux/.vol/urcap_ros_control.variables
-- Up-to-date symlink: /home/ros2-user/ros2_workspace/robotics-v1/install/ur_robot_driver/share/ur_robot_driver/resources/ursim_driver/ursim/aux/externalcontrol-1.0.5.urcap
-- Up-to-date symlink: /home/ros2-user/ros2_workspace/robotics-v1/install/ur_robot_driver/share/ur_robot_driver/resources/ursim_driver/ursim/aux/ros_control.urscript
-- Up-to-date symlink: /home/ros2-user/ros2_workspace/robotics-v1/install/ur_robot_driver/share/ur_robot_driver/resources/ursim_driver/ursim/aux/rs485-1.0.urcap
-- Up-to-date symlink: /home/ros2-user/ros2_workspace/robotics-v1/install/ur_robot_driver/share/ur_robot_driver/resources/ursim_driver/ursim/g3/Dockerfile
-- Up-to-date symlink: /home/ros2-user/ros2_workspace/robotics-v1/install/ur_robot_driver/share/ur_robot_driver/resources/ursim_driver/ursim/g3/entrypoint.sh
-- Up-to-date symlink: /home/ros2-user/ros2_workspace/robotics-v1/install/ur_robot_driver/share/ur_robot_driver/resources/ursim_driver/ursim/g5/Dockerfile
-- Up-to-date symlink: /home/ros2-user/ros2_workspace/robotics-v1/install/ur_robot_driver/share/ur_robot_driver/resources/ursim_driver/ursim/g5/entrypoint.sh
-- Up-to-date symlink: /home/ros2-user/ros2_workspace/robotics-v1/install/ur_robot_driver/include/ur_robot_driver/dashboard_client_ros.hpp
-- Up-to-date symlink: /home/ros2-user/ros2_workspace/robotics-v1/install/ur_robot_driver/include/ur_robot_driver/hardware_interface.hpp
-- Up-to-date symlink: /home/ros2-user/ros2_workspace/robotics-v1/install/ur_robot_driver/include/ur_robot_driver/urcl_log_handler.hpp
-- Up-to-date symlink: /home/ros2-user/ros2_workspace/robotics-v1/install/ur_robot_driver/share/ament_index/resource_index/package_run_dependencies/ur_robot_driver
-- Up-to-date symlink: /home/ros2-user/ros2_workspace/robotics-v1/install/ur_robot_driver/share/ament_index/resource_index/parent_prefix_path/ur_robot_driver
-- Up-to-date symlink: /home/ros2-user/ros2_workspace/robotics-v1/install/ur_robot_driver/share/ur_robot_driver/environment/ament_prefix_path.sh
-- Up-to-date symlink: /home/ros2-user/ros2_workspace/robotics-v1/install/ur_robot_driver/share/ur_robot_driver/environment/ament_prefix_path.dsv
-- Up-to-date symlink: /home/ros2-user/ros2_workspace/robotics-v1/install/ur_robot_driver/share/ur_robot_driver/environment/path.sh
-- Up-to-date symlink: /home/ros2-user/ros2_workspace/robotics-v1/install/ur_robot_driver/share/ur_robot_driver/environment/path.dsv
-- Up-to-date symlink: /home/ros2-user/ros2_workspace/robotics-v1/install/ur_robot_driver/share/ur_robot_driver/local_setup.bash
-- Up-to-date symlink: /home/ros2-user/ros2_workspace/robotics-v1/install/ur_robot_driver/share/ur_robot_driver/local_setup.sh
-- Up-to-date symlink: /home/ros2-user/ros2_workspace/robotics-v1/install/ur_robot_driver/share/ur_robot_driver/local_setup.zsh
-- Up-to-date symlink: /home/ros2-user/ros2_workspace/robotics-v1/install/ur_robot_driver/share/ur_robot_driver/local_setup.dsv
-- Symlinking: /home/ros2-user/ros2_workspace/robotics-v1/install/ur_robot_driver/share/ur_robot_driver/package.dsv
-- Up-to-date symlink: /home/ros2-user/ros2_workspace/robotics-v1/install/ur_robot_driver/share/ament_index/resource_index/packages/ur_robot_driver
-- Up-to-date symlink: /home/ros2-user/ros2_workspace/robotics-v1/install/ur_robot_driver/share/ament_index/resource_index/hardware_interface__pluginlib__plugin/ur_robot_driver
-- Up-to-date symlink: /home/ros2-user/ros2_workspace/robotics-v1/install/ur_robot_driver/share/ur_robot_driver/cmake/ament_cmake_export_include_directories-extras.cmake
-- Up-to-date symlink: /home/ros2-user/ros2_workspace/robotics-v1/install/ur_robot_driver/share/ur_robot_driver/cmake/ament_cmake_export_libraries-extras.cmake
-- Up-to-date symlink: /home/ros2-user/ros2_workspace/robotics-v1/install/ur_robot_driver/share/ur_robot_driver/cmake/ament_cmake_export_dependencies-extras.cmake
-- Up-to-date symlink: /home/ros2-user/ros2_workspace/robotics-v1/install/ur_robot_driver/share/ur_robot_driver/cmake/ur_robot_driverConfig.cmake
-- Up-to-date symlink: /home/ros2-user/ros2_workspace/robotics-v1/install/ur_robot_driver/share/ur_robot_driver/cmake/ur_robot_driverConfig-version.cmake
-- Up-to-date symlink: /home/ros2-user/ros2_workspace/robotics-v1/install/ur_robot_driver/share/ur_robot_driver/package.xml
