[0.119s] Invoking command in '/home/ros2-user/ros2_workspace/robotics-v1/build/ur_robot_driver': AMENT_PREFIX_PATH=/home/ros2-user/ros2_workspace/robotics-v1/install/ur_controllers:/home/ros2-user/ros2_workspace/robotics-v1/install/ur_description:/home/ros2-user/ros2_workspace/robotics-v1/install/ur_dashboard_msgs:/home/ros2-user/ros2_workspace/robotics-v1/install/ur_bringup:${AMENT_PREFIX_PATH} CMAKE_PREFIX_PATH=/home/ros2-user/ros2_workspace/robotics-v1/install/ur_controllers:/home/ros2-user/ros2_workspace/robotics-v1/install/ur_description:/home/ros2-user/ros2_workspace/robotics-v1/install/ur_dashboard_msgs:/home/ros2-user/ros2_workspace/robotics-v1/install/ur_client_library:/home/ros2-user/ros2_workspace/robotics-v1/install/ur_bringup:/opt/ros/foxy LD_LIBRARY_PATH=/home/ros2-user/ros2_workspace/robotics-v1/install/ur_controllers/lib:/home/ros2-user/ros2_workspace/robotics-v1/install/ur_dashboard_msgs/lib:/home/ros2-user/ros2_workspace/robotics-v1/install/ur_client_library/lib:${LD_LIBRARY_PATH} PKG_CONFIG_PATH=/home/ros2-user/ros2_workspace/robotics-v1/install/ur_client_library/lib/x86_64-linux-gnu/pkgconfig:/home/ros2-user/ros2_workspace/robotics-v1/install/ur_client_library/lib/pkgconfig PYTHONPATH=/home/ros2-user/ros2_workspace/robotics-v1/install/ur_dashboard_msgs/lib/python3.8/site-packages:${PYTHONPATH} /usr/bin/cmake /home/ros2-user/ros2_workspace/robotics-v1/src/ur_driver/Universal_Robots_ROS2_Driver/ur_robot_driver -DCMAKE_INSTALL_PREFIX=/home/ros2-user/ros2_workspace/robotics-v1/install/ur_robot_driver
[0.161s] -- Found ament_cmake: 0.9.11 (/opt/ros/foxy/share/ament_cmake/cmake)
[0.221s] -- Found PythonInterp: /usr/bin/python3 (found suitable version "3.8.10", minimum required is "3") 
[0.221s] -- Using PYTHON_EXECUTABLE: /usr/bin/python3
[0.840s] -- Override CMake install command with custom implementation using symlinks instead of copying resources
[0.841s] -- Found hardware_interface: 0.11.0 (/opt/ros/foxy/share/hardware_interface/cmake)
[0.878s] -- Using all available rosidl_typesupport_c: rosidl_typesupport_fastrtps_c;rosidl_typesupport_introspection_c
[0.884s] -- Found rosidl_adapter: 1.3.0 (/opt/ros/foxy/share/rosidl_adapter/cmake)
[1.148s] -- Using all available rosidl_typesupport_cpp: rosidl_typesupport_fastrtps_cpp;rosidl_typesupport_introspection_cpp
[2.193s] -- Found rclcpp: 2.4.2 (/opt/ros/foxy/share/rclcpp/cmake)
[2.234s] -- Found rmw_implementation_cmake: 1.0.3 (/opt/ros/foxy/share/rmw_implementation_cmake/cmake)
[2.265s] -- Using RMW implementation 'rmw_fastrtps_cpp' as default
[2.416s] -- Found std_srvs: 2.0.5 (/opt/ros/foxy/share/std_srvs/cmake)
[2.435s] -- Found ur_dashboard_msgs: 0.0.0 (/home/ros2-user/ros2_workspace/robotics-v1/install/ur_dashboard_msgs/share/ur_dashboard_msgs/cmake)
[2.741s] -- Found ur_controllers: 0.0.0 (/home/ros2-user/ros2_workspace/robotics-v1/install/ur_controllers/share/ur_controllers/cmake)
[3.570s] -- Found ur_description: 0.0.0 (/home/ros2-user/ros2_workspace/robotics-v1/install/ur_description/share/ur_description/cmake)
[3.573s] -- Found ur_bringup: 0.0.0 (/home/ros2-user/ros2_workspace/robotics-v1/install/ur_bringup/share/ur_bringup/cmake)
[3.574s] -- Found launch_testing_ament_cmake: 0.10.9 (/opt/ros/foxy/share/launch_testing_ament_cmake/cmake)
[3.580s] -- Found python_cmake_module: 0.8.1 (/opt/ros/foxy/share/python_cmake_module/cmake)
[3.608s] -- Found PythonInterp: /usr/bin/python3 (found suitable version "3.8.10", minimum required is "3.5") 
[3.611s] -- Using PYTHON_EXECUTABLE: /usr/bin/python3
[3.611s] -- Using PYTHON_INCLUDE_DIRS: /usr/include/python3.8
[3.611s] -- Using PYTHON_LIBRARIES: /usr/lib/x86_64-linux-gnu/libpython3.8.so
[3.615s] -- Configuring done
[3.665s] -- Generating done
[3.674s] -- Build files have been written to: /home/ros2-user/ros2_workspace/robotics-v1/build/ur_robot_driver
[3.683s] Invoked command in '/home/ros2-user/ros2_workspace/robotics-v1/build/ur_robot_driver' returned '0': AMENT_PREFIX_PATH=/home/ros2-user/ros2_workspace/robotics-v1/install/ur_controllers:/home/ros2-user/ros2_workspace/robotics-v1/install/ur_description:/home/ros2-user/ros2_workspace/robotics-v1/install/ur_dashboard_msgs:/home/ros2-user/ros2_workspace/robotics-v1/install/ur_bringup:${AMENT_PREFIX_PATH} CMAKE_PREFIX_PATH=/home/ros2-user/ros2_workspace/robotics-v1/install/ur_controllers:/home/ros2-user/ros2_workspace/robotics-v1/install/ur_description:/home/ros2-user/ros2_workspace/robotics-v1/install/ur_dashboard_msgs:/home/ros2-user/ros2_workspace/robotics-v1/install/ur_client_library:/home/ros2-user/ros2_workspace/robotics-v1/install/ur_bringup:/opt/ros/foxy LD_LIBRARY_PATH=/home/ros2-user/ros2_workspace/robotics-v1/install/ur_controllers/lib:/home/ros2-user/ros2_workspace/robotics-v1/install/ur_dashboard_msgs/lib:/home/ros2-user/ros2_workspace/robotics-v1/install/ur_client_library/lib:${LD_LIBRARY_PATH} PKG_CONFIG_PATH=/home/ros2-user/ros2_workspace/robotics-v1/install/ur_client_library/lib/x86_64-linux-gnu/pkgconfig:/home/ros2-user/ros2_workspace/robotics-v1/install/ur_client_library/lib/pkgconfig PYTHONPATH=/home/ros2-user/ros2_workspace/robotics-v1/install/ur_dashboard_msgs/lib/python3.8/site-packages:${PYTHONPATH} /usr/bin/cmake /home/ros2-user/ros2_workspace/robotics-v1/src/ur_driver/Universal_Robots_ROS2_Driver/ur_robot_driver -DCMAKE_INSTALL_PREFIX=/home/ros2-user/ros2_workspace/robotics-v1/install/ur_robot_driver
[3.689s] Invoking command in '/home/ros2-user/ros2_workspace/robotics-v1/build/ur_robot_driver': AMENT_PREFIX_PATH=/home/ros2-user/ros2_workspace/robotics-v1/install/ur_controllers:/home/ros2-user/ros2_workspace/robotics-v1/install/ur_description:/home/ros2-user/ros2_workspace/robotics-v1/install/ur_dashboard_msgs:/home/ros2-user/ros2_workspace/robotics-v1/install/ur_bringup:${AMENT_PREFIX_PATH} CMAKE_PREFIX_PATH=/home/ros2-user/ros2_workspace/robotics-v1/install/ur_controllers:/home/ros2-user/ros2_workspace/robotics-v1/install/ur_description:/home/ros2-user/ros2_workspace/robotics-v1/install/ur_dashboard_msgs:/home/ros2-user/ros2_workspace/robotics-v1/install/ur_client_library:/home/ros2-user/ros2_workspace/robotics-v1/install/ur_bringup:/opt/ros/foxy LD_LIBRARY_PATH=/home/ros2-user/ros2_workspace/robotics-v1/install/ur_controllers/lib:/home/ros2-user/ros2_workspace/robotics-v1/install/ur_dashboard_msgs/lib:/home/ros2-user/ros2_workspace/robotics-v1/install/ur_client_library/lib:${LD_LIBRARY_PATH} PKG_CONFIG_PATH=/home/ros2-user/ros2_workspace/robotics-v1/install/ur_client_library/lib/x86_64-linux-gnu/pkgconfig:/home/ros2-user/ros2_workspace/robotics-v1/install/ur_client_library/lib/pkgconfig PYTHONPATH=/home/ros2-user/ros2_workspace/robotics-v1/install/ur_dashboard_msgs/lib/python3.8/site-packages:${PYTHONPATH} /usr/bin/cmake --build /home/ros2-user/ros2_workspace/robotics-v1/build/ur_robot_driver -- -j4 -l4
[3.814s] [ 50%] Built target ur_robot_driver_plugin
[3.854s] [100%] Built target dashboard_client
[3.933s] Invoked command in '/home/ros2-user/ros2_workspace/robotics-v1/build/ur_robot_driver' returned '0': AMENT_PREFIX_PATH=/home/ros2-user/ros2_workspace/robotics-v1/install/ur_controllers:/home/ros2-user/ros2_workspace/robotics-v1/install/ur_description:/home/ros2-user/ros2_workspace/robotics-v1/install/ur_dashboard_msgs:/home/ros2-user/ros2_workspace/robotics-v1/install/ur_bringup:${AMENT_PREFIX_PATH} CMAKE_PREFIX_PATH=/home/ros2-user/ros2_workspace/robotics-v1/install/ur_controllers:/home/ros2-user/ros2_workspace/robotics-v1/install/ur_description:/home/ros2-user/ros2_workspace/robotics-v1/install/ur_dashboard_msgs:/home/ros2-user/ros2_workspace/robotics-v1/install/ur_client_library:/home/ros2-user/ros2_workspace/robotics-v1/install/ur_bringup:/opt/ros/foxy LD_LIBRARY_PATH=/home/ros2-user/ros2_workspace/robotics-v1/install/ur_controllers/lib:/home/ros2-user/ros2_workspace/robotics-v1/install/ur_dashboard_msgs/lib:/home/ros2-user/ros2_workspace/robotics-v1/install/ur_client_library/lib:${LD_LIBRARY_PATH} PKG_CONFIG_PATH=/home/ros2-user/ros2_workspace/robotics-v1/install/ur_client_library/lib/x86_64-linux-gnu/pkgconfig:/home/ros2-user/ros2_workspace/robotics-v1/install/ur_client_library/lib/pkgconfig PYTHONPATH=/home/ros2-user/ros2_workspace/robotics-v1/install/ur_dashboard_msgs/lib/python3.8/site-packages:${PYTHONPATH} /usr/bin/cmake --build /home/ros2-user/ros2_workspace/robotics-v1/build/ur_robot_driver -- -j4 -l4
[4.158s] Invoking command in '/home/ros2-user/ros2_workspace/robotics-v1/build/ur_robot_driver': AMENT_PREFIX_PATH=/home/ros2-user/ros2_workspace/robotics-v1/install/ur_controllers:/home/ros2-user/ros2_workspace/robotics-v1/install/ur_description:/home/ros2-user/ros2_workspace/robotics-v1/install/ur_dashboard_msgs:/home/ros2-user/ros2_workspace/robotics-v1/install/ur_bringup:${AMENT_PREFIX_PATH} CMAKE_PREFIX_PATH=/home/ros2-user/ros2_workspace/robotics-v1/install/ur_controllers:/home/ros2-user/ros2_workspace/robotics-v1/install/ur_description:/home/ros2-user/ros2_workspace/robotics-v1/install/ur_dashboard_msgs:/home/ros2-user/ros2_workspace/robotics-v1/install/ur_client_library:/home/ros2-user/ros2_workspace/robotics-v1/install/ur_bringup:/opt/ros/foxy LD_LIBRARY_PATH=/home/ros2-user/ros2_workspace/robotics-v1/install/ur_controllers/lib:/home/ros2-user/ros2_workspace/robotics-v1/install/ur_dashboard_msgs/lib:/home/ros2-user/ros2_workspace/robotics-v1/install/ur_client_library/lib:${LD_LIBRARY_PATH} PKG_CONFIG_PATH=/home/ros2-user/ros2_workspace/robotics-v1/install/ur_client_library/lib/x86_64-linux-gnu/pkgconfig:/home/ros2-user/ros2_workspace/robotics-v1/install/ur_client_library/lib/pkgconfig PYTHONPATH=/home/ros2-user/ros2_workspace/robotics-v1/install/ur_dashboard_msgs/lib/python3.8/site-packages:${PYTHONPATH} /usr/bin/cmake --install /home/ros2-user/ros2_workspace/robotics-v1/build/ur_robot_driver
[4.170s] -- Install configuration: "Debug"
[4.170s] -- Execute custom install script
[4.172s] -- Up-to-date symlink: /home/ros2-user/ros2_workspace/robotics-v1/install/ur_robot_driver/share/ur_robot_driver//hardware_interface_plugin.xml
[4.172s] -- Up-to-date symlink: /home/ros2-user/ros2_workspace/robotics-v1/install/ur_robot_driver/lib/ur_robot_driver/dashboard_client
[4.173s] -- Up-to-date symlink: /home/ros2-user/ros2_workspace/robotics-v1/install/ur_robot_driver/lib/libur_robot_driver_plugin.so
[4.174s] -- Up-to-date symlink: /home/ros2-user/ros2_workspace/robotics-v1/install/ur_robot_driver/include/ur_robot_driver/dashboard_client_ros.hpp
[4.174s] -- Up-to-date symlink: /home/ros2-user/ros2_workspace/robotics-v1/install/ur_robot_driver/include/ur_robot_driver/hardware_interface.hpp
[4.175s] -- Up-to-date symlink: /home/ros2-user/ros2_workspace/robotics-v1/install/ur_robot_driver/include/ur_robot_driver/urcl_log_handler.hpp
[4.176s] -- Up-to-date symlink: /home/ros2-user/ros2_workspace/robotics-v1/install/ur_robot_driver/share/ur_robot_driver/environment/library_path.sh
[4.176s] -- Up-to-date symlink: /home/ros2-user/ros2_workspace/robotics-v1/install/ur_robot_driver/share/ur_robot_driver/environment/library_path.dsv
[4.177s] -- Up-to-date symlink: /home/ros2-user/ros2_workspace/robotics-v1/install/ur_robot_driver/bin/tool_communication
[4.178s] -- Up-to-date symlink: /home/ros2-user/ros2_workspace/robotics-v1/install/ur_robot_driver/share/ur_robot_driver/resources/Dockerfile
[4.179s] -- Up-to-date symlink: /home/ros2-user/ros2_workspace/robotics-v1/install/ur_robot_driver/share/ur_robot_driver/resources/externalcontrol-1.0.5.urcap
[4.180s] -- Up-to-date symlink: /home/ros2-user/ros2_workspace/robotics-v1/install/ur_robot_driver/share/ur_robot_driver/resources/ros_control.urscript
[4.181s] -- Up-to-date symlink: /home/ros2-user/ros2_workspace/robotics-v1/install/ur_robot_driver/share/ur_robot_driver/resources/rs485-1.0.urcap
[4.181s] -- Up-to-date symlink: /home/ros2-user/ros2_workspace/robotics-v1/install/ur_robot_driver/share/ur_robot_driver/resources/rtde_input_recipe.txt
[4.182s] -- Up-to-date symlink: /home/ros2-user/ros2_workspace/robotics-v1/install/ur_robot_driver/share/ur_robot_driver/resources/rtde_output_recipe.txt
[4.183s] -- Up-to-date symlink: /home/ros2-user/ros2_workspace/robotics-v1/install/ur_robot_driver/share/ur_robot_driver/resources/ursim_driver/README.md
[4.183s] -- Up-to-date symlink: /home/ros2-user/ros2_workspace/robotics-v1/install/ur_robot_driver/share/ur_robot_driver/resources/ursim_driver/build_and_run_docker_ursim_with_driver.sh
[4.184s] -- Up-to-date symlink: /home/ros2-user/ros2_workspace/robotics-v1/install/ur_robot_driver/share/ur_robot_driver/resources/ursim_driver/docker-compose.yml
[4.184s] -- Up-to-date symlink: /home/ros2-user/ros2_workspace/robotics-v1/install/ur_robot_driver/share/ur_robot_driver/resources/ursim_driver/driver/Dockerfile
[4.185s] -- Up-to-date symlink: /home/ros2-user/ros2_workspace/robotics-v1/install/ur_robot_driver/share/ur_robot_driver/resources/ursim_driver/driver/entrypoint.sh
[4.185s] -- Up-to-date symlink: /home/ros2-user/ros2_workspace/robotics-v1/install/ur_robot_driver/share/ur_robot_driver/resources/ursim_driver/driver/wait_dashboard_server.sh
[4.186s] -- Up-to-date symlink: /home/ros2-user/ros2_workspace/robotics-v1/install/ur_robot_driver/share/ur_robot_driver/resources/ursim_driver/resources/add_urcap.png
[4.186s] -- Up-to-date symlink: /home/ros2-user/ros2_workspace/robotics-v1/install/ur_robot_driver/share/ur_robot_driver/resources/ursim_driver/resources/added_external_ctrl.png
[4.187s] -- Up-to-date symlink: /home/ros2-user/ros2_workspace/robotics-v1/install/ur_robot_driver/share/ur_robot_driver/resources/ursim_driver/resources/added_urcap.png
[4.188s] -- Up-to-date symlink: /home/ros2-user/ros2_workspace/robotics-v1/install/ur_robot_driver/share/ur_robot_driver/resources/ursim_driver/resources/move_tab.png
[4.188s] -- Up-to-date symlink: /home/ros2-user/ros2_workspace/robotics-v1/install/ur_robot_driver/share/ur_robot_driver/resources/ursim_driver/resources/powered_on.png
[4.188s] -- Up-to-date symlink: /home/ros2-user/ros2_workspace/robotics-v1/install/ur_robot_driver/share/ur_robot_driver/resources/ursim_driver/resources/poweron_proc.png
[4.189s] -- Up-to-date symlink: /home/ros2-user/ros2_workspace/robotics-v1/install/ur_robot_driver/share/ur_robot_driver/resources/ursim_driver/resources/running_external_ctrl.png
[4.190s] -- Up-to-date symlink: /home/ros2-user/ros2_workspace/robotics-v1/install/ur_robot_driver/share/ur_robot_driver/resources/ursim_driver/resources/rviz.png
[4.190s] -- Up-to-date symlink: /home/ros2-user/ros2_workspace/robotics-v1/install/ur_robot_driver/share/ur_robot_driver/resources/ursim_driver/resources/settings.png
[4.191s] -- Up-to-date symlink: /home/ros2-user/ros2_workspace/robotics-v1/install/ur_robot_driver/share/ur_robot_driver/resources/ursim_driver/resources/terminal.png
[4.192s] -- Up-to-date symlink: /home/ros2-user/ros2_workspace/robotics-v1/install/ur_robot_driver/share/ur_robot_driver/resources/ursim_driver/resources/urcap_menu.png
[4.193s] -- Up-to-date symlink: /home/ros2-user/ros2_workspace/robotics-v1/install/ur_robot_driver/share/ur_robot_driver/resources/ursim_driver/resources/vncviewer_list.png
[4.194s] -- Up-to-date symlink: /home/ros2-user/ros2_workspace/robotics-v1/install/ur_robot_driver/share/ur_robot_driver/resources/ursim_driver/ursim/aux/.vol/urcap_ros_control.installation
[4.195s] -- Up-to-date symlink: /home/ros2-user/ros2_workspace/robotics-v1/install/ur_robot_driver/share/ur_robot_driver/resources/ursim_driver/ursim/aux/.vol/urcap_ros_control.script
[4.195s] -- Up-to-date symlink: /home/ros2-user/ros2_workspace/robotics-v1/install/ur_robot_driver/share/ur_robot_driver/resources/ursim_driver/ursim/aux/.vol/urcap_ros_control.txt
[4.196s] -- Up-to-date symlink: /home/ros2-user/ros2_workspace/robotics-v1/install/ur_robot_driver/share/ur_robot_driver/resources/ursim_driver/ursim/aux/.vol/urcap_ros_control.urp
[4.197s] -- Up-to-date symlink: /home/ros2-user/ros2_workspace/robotics-v1/install/ur_robot_driver/share/ur_robot_driver/resources/ursim_driver/ursim/aux/.vol/urcap_ros_control.variables
[4.198s] -- Up-to-date symlink: /home/ros2-user/ros2_workspace/robotics-v1/install/ur_robot_driver/share/ur_robot_driver/resources/ursim_driver/ursim/aux/externalcontrol-1.0.5.urcap
[4.199s] -- Up-to-date symlink: /home/ros2-user/ros2_workspace/robotics-v1/install/ur_robot_driver/share/ur_robot_driver/resources/ursim_driver/ursim/aux/ros_control.urscript
[4.199s] -- Up-to-date symlink: /home/ros2-user/ros2_workspace/robotics-v1/install/ur_robot_driver/share/ur_robot_driver/resources/ursim_driver/ursim/aux/rs485-1.0.urcap
[4.201s] -- Up-to-date symlink: /home/ros2-user/ros2_workspace/robotics-v1/install/ur_robot_driver/share/ur_robot_driver/resources/ursim_driver/ursim/g3/Dockerfile
[4.201s] -- Up-to-date symlink: /home/ros2-user/ros2_workspace/robotics-v1/install/ur_robot_driver/share/ur_robot_driver/resources/ursim_driver/ursim/g3/entrypoint.sh
[4.202s] -- Up-to-date symlink: /home/ros2-user/ros2_workspace/robotics-v1/install/ur_robot_driver/share/ur_robot_driver/resources/ursim_driver/ursim/g5/Dockerfile
[4.203s] -- Up-to-date symlink: /home/ros2-user/ros2_workspace/robotics-v1/install/ur_robot_driver/share/ur_robot_driver/resources/ursim_driver/ursim/g5/entrypoint.sh
[4.205s] -- Up-to-date symlink: /home/ros2-user/ros2_workspace/robotics-v1/install/ur_robot_driver/include/ur_robot_driver/dashboard_client_ros.hpp
[4.206s] -- Up-to-date symlink: /home/ros2-user/ros2_workspace/robotics-v1/install/ur_robot_driver/include/ur_robot_driver/hardware_interface.hpp
[4.206s] -- Up-to-date symlink: /home/ros2-user/ros2_workspace/robotics-v1/install/ur_robot_driver/include/ur_robot_driver/urcl_log_handler.hpp
[4.207s] -- Up-to-date symlink: /home/ros2-user/ros2_workspace/robotics-v1/install/ur_robot_driver/share/ament_index/resource_index/package_run_dependencies/ur_robot_driver
[4.208s] -- Up-to-date symlink: /home/ros2-user/ros2_workspace/robotics-v1/install/ur_robot_driver/share/ament_index/resource_index/parent_prefix_path/ur_robot_driver
[4.209s] -- Up-to-date symlink: /home/ros2-user/ros2_workspace/robotics-v1/install/ur_robot_driver/share/ur_robot_driver/environment/ament_prefix_path.sh
[4.210s] -- Up-to-date symlink: /home/ros2-user/ros2_workspace/robotics-v1/install/ur_robot_driver/share/ur_robot_driver/environment/ament_prefix_path.dsv
[4.211s] -- Up-to-date symlink: /home/ros2-user/ros2_workspace/robotics-v1/install/ur_robot_driver/share/ur_robot_driver/environment/path.sh
[4.212s] -- Up-to-date symlink: /home/ros2-user/ros2_workspace/robotics-v1/install/ur_robot_driver/share/ur_robot_driver/environment/path.dsv
[4.213s] -- Up-to-date symlink: /home/ros2-user/ros2_workspace/robotics-v1/install/ur_robot_driver/share/ur_robot_driver/local_setup.bash
[4.214s] -- Up-to-date symlink: /home/ros2-user/ros2_workspace/robotics-v1/install/ur_robot_driver/share/ur_robot_driver/local_setup.sh
[4.215s] -- Up-to-date symlink: /home/ros2-user/ros2_workspace/robotics-v1/install/ur_robot_driver/share/ur_robot_driver/local_setup.zsh
[4.216s] -- Up-to-date symlink: /home/ros2-user/ros2_workspace/robotics-v1/install/ur_robot_driver/share/ur_robot_driver/local_setup.dsv
[4.217s] -- Symlinking: /home/ros2-user/ros2_workspace/robotics-v1/install/ur_robot_driver/share/ur_robot_driver/package.dsv
[4.248s] -- Up-to-date symlink: /home/ros2-user/ros2_workspace/robotics-v1/install/ur_robot_driver/share/ament_index/resource_index/packages/ur_robot_driver
[4.249s] -- Up-to-date symlink: /home/ros2-user/ros2_workspace/robotics-v1/install/ur_robot_driver/share/ament_index/resource_index/hardware_interface__pluginlib__plugin/ur_robot_driver
[4.250s] -- Up-to-date symlink: /home/ros2-user/ros2_workspace/robotics-v1/install/ur_robot_driver/share/ur_robot_driver/cmake/ament_cmake_export_include_directories-extras.cmake
[4.251s] -- Up-to-date symlink: /home/ros2-user/ros2_workspace/robotics-v1/install/ur_robot_driver/share/ur_robot_driver/cmake/ament_cmake_export_libraries-extras.cmake
[4.251s] -- Up-to-date symlink: /home/ros2-user/ros2_workspace/robotics-v1/install/ur_robot_driver/share/ur_robot_driver/cmake/ament_cmake_export_dependencies-extras.cmake
[4.251s] -- Up-to-date symlink: /home/ros2-user/ros2_workspace/robotics-v1/install/ur_robot_driver/share/ur_robot_driver/cmake/ur_robot_driverConfig.cmake
[4.252s] -- Up-to-date symlink: /home/ros2-user/ros2_workspace/robotics-v1/install/ur_robot_driver/share/ur_robot_driver/cmake/ur_robot_driverConfig-version.cmake
[4.252s] -- Up-to-date symlink: /home/ros2-user/ros2_workspace/robotics-v1/install/ur_robot_driver/share/ur_robot_driver/package.xml
[4.260s] Invoked command in '/home/ros2-user/ros2_workspace/robotics-v1/build/ur_robot_driver' returned '0': AMENT_PREFIX_PATH=/home/ros2-user/ros2_workspace/robotics-v1/install/ur_controllers:/home/ros2-user/ros2_workspace/robotics-v1/install/ur_description:/home/ros2-user/ros2_workspace/robotics-v1/install/ur_dashboard_msgs:/home/ros2-user/ros2_workspace/robotics-v1/install/ur_bringup:${AMENT_PREFIX_PATH} CMAKE_PREFIX_PATH=/home/ros2-user/ros2_workspace/robotics-v1/install/ur_controllers:/home/ros2-user/ros2_workspace/robotics-v1/install/ur_description:/home/ros2-user/ros2_workspace/robotics-v1/install/ur_dashboard_msgs:/home/ros2-user/ros2_workspace/robotics-v1/install/ur_client_library:/home/ros2-user/ros2_workspace/robotics-v1/install/ur_bringup:/opt/ros/foxy LD_LIBRARY_PATH=/home/ros2-user/ros2_workspace/robotics-v1/install/ur_controllers/lib:/home/ros2-user/ros2_workspace/robotics-v1/install/ur_dashboard_msgs/lib:/home/ros2-user/ros2_workspace/robotics-v1/install/ur_client_library/lib:${LD_LIBRARY_PATH} PKG_CONFIG_PATH=/home/ros2-user/ros2_workspace/robotics-v1/install/ur_client_library/lib/x86_64-linux-gnu/pkgconfig:/home/ros2-user/ros2_workspace/robotics-v1/install/ur_client_library/lib/pkgconfig PYTHONPATH=/home/ros2-user/ros2_workspace/robotics-v1/install/ur_dashboard_msgs/lib/python3.8/site-packages:${PYTHONPATH} /usr/bin/cmake --install /home/ros2-user/ros2_workspace/robotics-v1/build/ur_robot_driver
