[0.029s] Invoking command in '/home/ros2-user/ros2_workspace/robotics-v1/build/resource_utils': CMAKE_PREFIX_PATH=/home/ros2-user/ros2_workspace/robotics-v1/install/utils:/home/ros2-user/ros2_workspace/robotics-v1/install/cmake_helpers:/opt/ros/foxy PKG_CONFIG_PATH=/home/ros2-user/ros2_workspace/robotics-v1/install/utils/lib/x86_64-linux-gnu/pkgconfig:/home/ros2-user/ros2_workspace/robotics-v1/install/utils/lib/pkgconfig:/home/ros2-user/ros2_workspace/robotics-v1/install/cmake_helpers/lib/x86_64-linux-gnu/pkgconfig:/home/ros2-user/ros2_workspace/robotics-v1/install/cmake_helpers/lib/pkgconfig /usr/bin/cmake /home/ros2-user/ros2_workspace/robotics-v1/src/lib/resource_utils -DCMAKE_BUILD_TYPE=Debug -DCMAKE_CXX_COMPILER=/usr/bin/g++ -DCMAKE_INSTALL_PREFIX=/home/ros2-user/ros2_workspace/robotics-v1/install/resource_utils
[0.208s] -- The CXX compiler identification is GNU 9.4.0
[0.224s] -- Check for working CXX compiler: /usr/bin/g++
[0.474s] -- Check for working CXX compiler: /usr/bin/g++ -- works
[0.484s] -- Detecting CXX compiler ABI info
[0.787s] -- Detecting CXX compiler ABI info - done
[0.824s] -- Detecting CXX compile features
[0.825s] -- Detecting CXX compile features - done
[0.828s] -- Found cmake_helpers: 1.0.0 (/home/ros2-user/ros2_workspace/robotics-v1/install/cmake_helpers/share/cmake_helpers/cmake)
[0.845s] -- Looking for C++ include pthread.h
[1.072s] -- Looking for C++ include pthread.h - found
[1.074s] -- Performing Test CMAKE_HAVE_LIBC_PTHREAD
[1.333s] -- Performing Test CMAKE_HAVE_LIBC_PTHREAD - Failed
[1.335s] -- Looking for pthread_create in pthreads
[1.557s] -- Looking for pthread_create in pthreads - not found
[1.557s] -- Looking for pthread_create in pthread
[1.821s] -- Looking for pthread_create in pthread - found
[1.823s] -- Found Threads: TRUE  
[1.832s] -- Found ament_cmake: 0.9.11 (/opt/ros/foxy/share/ament_cmake/cmake)
[1.904s] -- Found PythonInterp: /usr/bin/python3 (found suitable version "3.8.10", minimum required is "3") 
[1.904s] -- Using PYTHON_EXECUTABLE: /usr/bin/python3
[2.610s] -- Configuring done
[2.633s] -- Generating done
[2.641s] -- Build files have been written to: /home/ros2-user/ros2_workspace/robotics-v1/build/resource_utils
[2.650s] Invoked command in '/home/ros2-user/ros2_workspace/robotics-v1/build/resource_utils' returned '0': CMAKE_PREFIX_PATH=/home/ros2-user/ros2_workspace/robotics-v1/install/utils:/home/ros2-user/ros2_workspace/robotics-v1/install/cmake_helpers:/opt/ros/foxy PKG_CONFIG_PATH=/home/ros2-user/ros2_workspace/robotics-v1/install/utils/lib/x86_64-linux-gnu/pkgconfig:/home/ros2-user/ros2_workspace/robotics-v1/install/utils/lib/pkgconfig:/home/ros2-user/ros2_workspace/robotics-v1/install/cmake_helpers/lib/x86_64-linux-gnu/pkgconfig:/home/ros2-user/ros2_workspace/robotics-v1/install/cmake_helpers/lib/pkgconfig /usr/bin/cmake /home/ros2-user/ros2_workspace/robotics-v1/src/lib/resource_utils -DCMAKE_BUILD_TYPE=Debug -DCMAKE_CXX_COMPILER=/usr/bin/g++ -DCMAKE_INSTALL_PREFIX=/home/ros2-user/ros2_workspace/robotics-v1/install/resource_utils
[2.663s] Invoking command in '/home/ros2-user/ros2_workspace/robotics-v1/build/resource_utils': CMAKE_PREFIX_PATH=/home/ros2-user/ros2_workspace/robotics-v1/install/utils:/home/ros2-user/ros2_workspace/robotics-v1/install/cmake_helpers:/opt/ros/foxy PKG_CONFIG_PATH=/home/ros2-user/ros2_workspace/robotics-v1/install/utils/lib/x86_64-linux-gnu/pkgconfig:/home/ros2-user/ros2_workspace/robotics-v1/install/utils/lib/pkgconfig:/home/ros2-user/ros2_workspace/robotics-v1/install/cmake_helpers/lib/x86_64-linux-gnu/pkgconfig:/home/ros2-user/ros2_workspace/robotics-v1/install/cmake_helpers/lib/pkgconfig /usr/bin/cmake --build /home/ros2-user/ros2_workspace/robotics-v1/build/resource_utils -- -j4 -l4
[2.782s] [35m[1mScanning dependencies of target resource_utils[0m
[2.817s] [ 11%] [32mBuilding CXX object CMakeFiles/resource_utils.dir/src/common/ResourceFileHeader.cpp.o[0m
[2.824s] [ 22%] [32mBuilding CXX object CMakeFiles/resource_utils.dir/src/defines/SoundDefines.cpp.o[0m
[2.825s] [ 33%] [32mBuilding CXX object CMakeFiles/resource_utils.dir/src/structs/CombinedStructs.cpp.o[0m
[2.863s] [ 44%] [32mBuilding CXX object CMakeFiles/resource_utils.dir/src/resource_loader/ResourceLoader.cpp.o[0m
[3.573s] [ 55%] [32mBuilding CXX object CMakeFiles/resource_utils.dir/src/structs/DataHeader.cpp.o[0m
[3.754s] [ 66%] [32mBuilding CXX object CMakeFiles/resource_utils.dir/src/structs/ResourceData.cpp.o[0m
[3.877s] [ 77%] [32mBuilding CXX object CMakeFiles/resource_utils.dir/src/structs/FontData.cpp.o[0m
[4.497s] [ 88%] [32mBuilding CXX object CMakeFiles/resource_utils.dir/src/structs/SoundData.cpp.o[0m
[5.380s] [100%] [32m[1mLinking CXX static library libresource_utils.a[0m
[5.576s] [100%] Built target resource_utils
[5.633s] Invoked command in '/home/ros2-user/ros2_workspace/robotics-v1/build/resource_utils' returned '0': CMAKE_PREFIX_PATH=/home/ros2-user/ros2_workspace/robotics-v1/install/utils:/home/ros2-user/ros2_workspace/robotics-v1/install/cmake_helpers:/opt/ros/foxy PKG_CONFIG_PATH=/home/ros2-user/ros2_workspace/robotics-v1/install/utils/lib/x86_64-linux-gnu/pkgconfig:/home/ros2-user/ros2_workspace/robotics-v1/install/utils/lib/pkgconfig:/home/ros2-user/ros2_workspace/robotics-v1/install/cmake_helpers/lib/x86_64-linux-gnu/pkgconfig:/home/ros2-user/ros2_workspace/robotics-v1/install/cmake_helpers/lib/pkgconfig /usr/bin/cmake --build /home/ros2-user/ros2_workspace/robotics-v1/build/resource_utils -- -j4 -l4
[5.821s] Invoking command in '/home/ros2-user/ros2_workspace/robotics-v1/build/resource_utils': CMAKE_PREFIX_PATH=/home/ros2-user/ros2_workspace/robotics-v1/install/utils:/home/ros2-user/ros2_workspace/robotics-v1/install/cmake_helpers:/opt/ros/foxy PKG_CONFIG_PATH=/home/ros2-user/ros2_workspace/robotics-v1/install/utils/lib/x86_64-linux-gnu/pkgconfig:/home/ros2-user/ros2_workspace/robotics-v1/install/utils/lib/pkgconfig:/home/ros2-user/ros2_workspace/robotics-v1/install/cmake_helpers/lib/x86_64-linux-gnu/pkgconfig:/home/ros2-user/ros2_workspace/robotics-v1/install/cmake_helpers/lib/pkgconfig /usr/bin/cmake --install /home/ros2-user/ros2_workspace/robotics-v1/build/resource_utils
[5.842s] -- Install configuration: "Debug"
[5.845s] -- Installing: /home/ros2-user/ros2_workspace/robotics-v1/install/resource_utils/share/resource_utils/package.xml
[5.846s] -- Installing: /home/ros2-user/ros2_workspace/robotics-v1/install/resource_utils/lib/resource_utils/libresource_utils.a
[5.851s] -- Installing: /home/ros2-user/ros2_workspace/robotics-v1/install/resource_utils/share/ament_index/resource_index/packages/resource_utils
[5.852s] -- Installing: /home/ros2-user/ros2_workspace/robotics-v1/install/resource_utils/share/resource_utils/hook/ament_prefix_path.dsv
[5.853s] -- Installing: /home/ros2-user/ros2_workspace/robotics-v1/install/resource_utils/share/resource_utils/hook/ros_package_path.dsv
[5.854s] -- Installing: /home/ros2-user/ros2_workspace/robotics-v1/install/resource_utils/share/ament_index/resource_index/package_run_dependencies/resource_utils
[5.855s] -- Installing: /home/ros2-user/ros2_workspace/robotics-v1/install/resource_utils/share/ament_index/resource_index/parent_prefix_path/resource_utils
[5.856s] -- Installing: /home/ros2-user/ros2_workspace/robotics-v1/install/resource_utils/share/resource_utils/environment/ament_prefix_path.sh
[5.857s] -- Installing: /home/ros2-user/ros2_workspace/robotics-v1/install/resource_utils/share/resource_utils/environment/ament_prefix_path.dsv
[5.859s] -- Installing: /home/ros2-user/ros2_workspace/robotics-v1/install/resource_utils/share/resource_utils/environment/path.sh
[5.860s] -- Installing: /home/ros2-user/ros2_workspace/robotics-v1/install/resource_utils/share/resource_utils/environment/path.dsv
[5.861s] -- Installing: /home/ros2-user/ros2_workspace/robotics-v1/install/resource_utils/share/resource_utils/local_setup.bash
[5.862s] -- Installing: /home/ros2-user/ros2_workspace/robotics-v1/install/resource_utils/share/resource_utils/local_setup.sh
[5.862s] -- Installing: /home/ros2-user/ros2_workspace/robotics-v1/install/resource_utils/share/resource_utils/local_setup.zsh
[5.864s] -- Installing: /home/ros2-user/ros2_workspace/robotics-v1/install/resource_utils/share/resource_utils/local_setup.dsv
[5.864s] -- Installing: /home/ros2-user/ros2_workspace/robotics-v1/install/resource_utils/share/resource_utils/package.dsv
[5.865s] -- Up-to-date: /home/ros2-user/ros2_workspace/robotics-v1/install/resource_utils/share/ament_index/resource_index/packages/resource_utils
[5.866s] -- Installing: /home/ros2-user/ros2_workspace/robotics-v1/install/resource_utils/share/resource_utils/cmake/resource_utilsConfig.cmake
[5.867s] -- Installing: /home/ros2-user/ros2_workspace/robotics-v1/install/resource_utils/share/resource_utils/cmake/resource_utilsConfig-version.cmake
[5.869s] -- Up-to-date: /home/ros2-user/ros2_workspace/robotics-v1/install/resource_utils/share/resource_utils/package.xml
[5.869s] -- Installing: /home/ros2-user/ros2_workspace/robotics-v1/install/resource_utils/lib/libresource_utils.a
[5.877s] -- Installing: /home/ros2-user/ros2_workspace/robotics-v1/install/resource_utils/include
[5.878s] -- Installing: /home/ros2-user/ros2_workspace/robotics-v1/install/resource_utils/include/resource_utils
[5.878s] -- Installing: /home/ros2-user/ros2_workspace/robotics-v1/install/resource_utils/include/resource_utils/common
[5.879s] -- Installing: /home/ros2-user/ros2_workspace/robotics-v1/install/resource_utils/include/resource_utils/common/ResourceFileHeader.h
[5.880s] -- Installing: /home/ros2-user/ros2_workspace/robotics-v1/install/resource_utils/include/resource_utils/structs
[5.880s] -- Installing: /home/ros2-user/ros2_workspace/robotics-v1/install/resource_utils/include/resource_utils/structs/FontData.h
[5.881s] -- Installing: /home/ros2-user/ros2_workspace/robotics-v1/install/resource_utils/include/resource_utils/structs/CombinedStructs.h
[5.881s] -- Installing: /home/ros2-user/ros2_workspace/robotics-v1/install/resource_utils/include/resource_utils/structs/SoundData.h
[5.882s] -- Installing: /home/ros2-user/ros2_workspace/robotics-v1/install/resource_utils/include/resource_utils/structs/ResourceData.h
[5.883s] -- Installing: /home/ros2-user/ros2_workspace/robotics-v1/install/resource_utils/include/resource_utils/structs/DataHeader.h
[5.884s] -- Installing: /home/ros2-user/ros2_workspace/robotics-v1/install/resource_utils/include/resource_utils/defines
[5.885s] -- Installing: /home/ros2-user/ros2_workspace/robotics-v1/install/resource_utils/include/resource_utils/defines/ResourceDefines.h
[5.888s] -- Installing: /home/ros2-user/ros2_workspace/robotics-v1/install/resource_utils/include/resource_utils/defines/SoundDefines.h
[5.888s] -- Installing: /home/ros2-user/ros2_workspace/robotics-v1/install/resource_utils/include/resource_utils/resource_loader
[5.889s] -- Installing: /home/ros2-user/ros2_workspace/robotics-v1/install/resource_utils/include/resource_utils/resource_loader/ResourceLoader.h
[5.890s] -- Installing: /home/ros2-user/ros2_workspace/robotics-v1/install/resource_utils/lib/cmake/resource_utils/resource_utilsTargets.cmake
[5.891s] -- Installing: /home/ros2-user/ros2_workspace/robotics-v1/install/resource_utils/lib/cmake/resource_utils/resource_utilsTargets-debug.cmake
[5.892s] -- Installing: /home/ros2-user/ros2_workspace/robotics-v1/install/resource_utils/lib/cmake/resource_utils/resource_utilsConfig.cmake
[5.897s] Invoked command in '/home/ros2-user/ros2_workspace/robotics-v1/build/resource_utils' returned '0': CMAKE_PREFIX_PATH=/home/ros2-user/ros2_workspace/robotics-v1/install/utils:/home/ros2-user/ros2_workspace/robotics-v1/install/cmake_helpers:/opt/ros/foxy PKG_CONFIG_PATH=/home/ros2-user/ros2_workspace/robotics-v1/install/utils/lib/x86_64-linux-gnu/pkgconfig:/home/ros2-user/ros2_workspace/robotics-v1/install/utils/lib/pkgconfig:/home/ros2-user/ros2_workspace/robotics-v1/install/cmake_helpers/lib/x86_64-linux-gnu/pkgconfig:/home/ros2-user/ros2_workspace/robotics-v1/install/cmake_helpers/lib/pkgconfig /usr/bin/cmake --install /home/ros2-user/ros2_workspace/robotics-v1/build/resource_utils
