[0.116s] Invoking command in '/home/ros2-user/ros2_workspace/robotics-v1/build/urscript_bridge': AMENT_PREFIX_PATH=/home/ros2-user/ros2_workspace/robotics-v1/install/urscript_common:/home/ros2-user/ros2_workspace/robotics-v1/install/urscript_interfaces:${AMENT_PREFIX_PATH} CMAKE_PREFIX_PATH=/home/ros2-user/ros2_workspace/robotics-v1/install/ros2_game_engine:/home/ros2-user/ros2_workspace/robotics-v1/install/game_engine:/home/ros2-user/ros2_workspace/robotics-v1/install/manager_utils:/home/ros2-user/ros2_workspace/robotics-v1/install/sdl_utils:/home/ros2-user/ros2_workspace/robotics-v1/install/urscript_common:/home/ros2-user/ros2_workspace/robotics-v1/install/resource_utils:/home/ros2-user/ros2_workspace/robotics-v1/install/utils:/home/ros2-user/ros2_workspace/robotics-v1/install/urscript_interfaces:/home/ros2-user/ros2_workspace/robotics-v1/install/cmake_helpers:/opt/ros/foxy LD_LIBRARY_PATH=/home/ros2-user/ros2_workspace/robotics-v1/install/urscript_interfaces/lib:${LD_LIBRARY_PATH} PKG_CONFIG_PATH=/home/ros2-user/ros2_workspace/robotics-v1/install/ros2_game_engine/lib/x86_64-linux-gnu/pkgconfig:/home/ros2-user/ros2_workspace/robotics-v1/install/ros2_game_engine/lib/pkgconfig:/home/ros2-user/ros2_workspace/robotics-v1/install/game_engine/lib/x86_64-linux-gnu/pkgconfig:/home/ros2-user/ros2_workspace/robotics-v1/install/game_engine/lib/pkgconfig:/home/ros2-user/ros2_workspace/robotics-v1/install/manager_utils/lib/x86_64-linux-gnu/pkgconfig:/home/ros2-user/ros2_workspace/robotics-v1/install/manager_utils/lib/pkgconfig:/home/ros2-user/ros2_workspace/robotics-v1/install/sdl_utils/lib/x86_64-linux-gnu/pkgconfig:/home/ros2-user/ros2_workspace/robotics-v1/install/sdl_utils/lib/pkgconfig:/home/ros2-user/ros2_workspace/robotics-v1/install/resource_utils/lib/x86_64-linux-gnu/pkgconfig:/home/ros2-user/ros2_workspace/robotics-v1/install/resource_utils/lib/pkgconfig:/home/ros2-user/ros2_workspace/robotics-v1/install/utils/lib/x86_64-linux-gnu/pkgconfig:/home/ros2-user/ros2_workspace/robotics-v1/install/utils/lib/pkgconfig:/home/ros2-user/ros2_workspace/robotics-v1/install/cmake_helpers/lib/x86_64-linux-gnu/pkgconfig:/home/ros2-user/ros2_workspace/robotics-v1/install/cmake_helpers/lib/pkgconfig PYTHONPATH=/home/ros2-user/ros2_workspace/robotics-v1/install/urscript_interfaces/lib/python3.8/site-packages:${PYTHONPATH} /usr/bin/cmake /home/ros2-user/ros2_workspace/robotics-v1/src/ur_dev/urscript/urscript_bridge -DCMAKE_BUILD_TYPE=Debug -DCMAKE_CXX_COMPILER=/usr/bin/g++ -DAMENT_CMAKE_SYMLINK_INSTALL=1 -DCMAKE_INSTALL_PREFIX=/home/ros2-user/ros2_workspace/robotics-v1/install/urscript_bridge
[0.508s] -- The CXX compiler identification is GNU 9.4.0
[0.552s] -- Check for working CXX compiler: /usr/bin/g++
[1.741s] -- Check for working CXX compiler: /usr/bin/g++ -- works
[1.751s] -- Detecting CXX compiler ABI info
[2.185s] -- Detecting CXX compiler ABI info - done
[2.253s] -- Detecting CXX compile features
[2.257s] -- Detecting CXX compile features - done
[2.264s] -- Found cmake_helpers: 1.0.0 (/home/ros2-user/ros2_workspace/robotics-v1/install/cmake_helpers/share/cmake_helpers/cmake)
[2.281s] -- Looking for C++ include pthread.h
[2.755s] -- Looking for C++ include pthread.h - found
[2.756s] -- Performing Test CMAKE_HAVE_LIBC_PTHREAD
[3.214s] -- Performing Test CMAKE_HAVE_LIBC_PTHREAD - Failed
[3.215s] -- Looking for pthread_create in pthreads
[3.667s] -- Looking for pthread_create in pthreads - not found
[3.668s] -- Looking for pthread_create in pthread
[4.071s] -- Looking for pthread_create in pthread - found
[4.073s] -- Found Threads: TRUE  
[10.354s] -- Found ament_cmake: 0.9.11 (/opt/ros/foxy/share/ament_cmake/cmake)
[10.428s] -- Found PythonInterp: /usr/bin/python3 (found suitable version "3.8.10", minimum required is "3") 
[10.429s] -- Using PYTHON_EXECUTABLE: /usr/bin/python3
[10.928s] -- Override CMake install command with custom implementation using symlinks instead of copying resources
[10.950s] -- Found rclcpp: 2.4.2 (/opt/ros/foxy/share/rclcpp/cmake)
[11.044s] -- Using all available rosidl_typesupport_c: rosidl_typesupport_fastrtps_c;rosidl_typesupport_introspection_c
[11.067s] -- Found rosidl_adapter: 1.3.0 (/opt/ros/foxy/share/rosidl_adapter/cmake)
[11.890s] -- Found OpenSSL: /usr/lib/x86_64-linux-gnu/libcrypto.so (found version "1.1.1f")  
[12.020s] -- Found FastRTPS: /opt/ros/foxy/include  
[12.309s] -- Using all available rosidl_typesupport_cpp: rosidl_typesupport_fastrtps_cpp;rosidl_typesupport_introspection_cpp
[12.564s] -- Found rmw_implementation_cmake: 1.0.3 (/opt/ros/foxy/share/rmw_implementation_cmake/cmake)
[12.570s] -- Using RMW implementation 'rmw_fastrtps_cpp' as default
[13.046s] -- Found ur_msgs: 2.0.0 (/opt/ros/foxy/share/ur_msgs/cmake)
[13.892s] -- Found urscript_interfaces: 1.0.0 (/home/ros2-user/ros2_workspace/robotics-v1/install/urscript_interfaces/share/urscript_interfaces/cmake)
[14.276s] -- Configuring done
[14.368s] -- Generating done
[14.377s] -- Build files have been written to: /home/ros2-user/ros2_workspace/robotics-v1/build/urscript_bridge
[14.409s] Invoked command in '/home/ros2-user/ros2_workspace/robotics-v1/build/urscript_bridge' returned '0': AMENT_PREFIX_PATH=/home/ros2-user/ros2_workspace/robotics-v1/install/urscript_common:/home/ros2-user/ros2_workspace/robotics-v1/install/urscript_interfaces:${AMENT_PREFIX_PATH} CMAKE_PREFIX_PATH=/home/ros2-user/ros2_workspace/robotics-v1/install/ros2_game_engine:/home/ros2-user/ros2_workspace/robotics-v1/install/game_engine:/home/ros2-user/ros2_workspace/robotics-v1/install/manager_utils:/home/ros2-user/ros2_workspace/robotics-v1/install/sdl_utils:/home/ros2-user/ros2_workspace/robotics-v1/install/urscript_common:/home/ros2-user/ros2_workspace/robotics-v1/install/resource_utils:/home/ros2-user/ros2_workspace/robotics-v1/install/utils:/home/ros2-user/ros2_workspace/robotics-v1/install/urscript_interfaces:/home/ros2-user/ros2_workspace/robotics-v1/install/cmake_helpers:/opt/ros/foxy LD_LIBRARY_PATH=/home/ros2-user/ros2_workspace/robotics-v1/install/urscript_interfaces/lib:${LD_LIBRARY_PATH} PKG_CONFIG_PATH=/home/ros2-user/ros2_workspace/robotics-v1/install/ros2_game_engine/lib/x86_64-linux-gnu/pkgconfig:/home/ros2-user/ros2_workspace/robotics-v1/install/ros2_game_engine/lib/pkgconfig:/home/ros2-user/ros2_workspace/robotics-v1/install/game_engine/lib/x86_64-linux-gnu/pkgconfig:/home/ros2-user/ros2_workspace/robotics-v1/install/game_engine/lib/pkgconfig:/home/ros2-user/ros2_workspace/robotics-v1/install/manager_utils/lib/x86_64-linux-gnu/pkgconfig:/home/ros2-user/ros2_workspace/robotics-v1/install/manager_utils/lib/pkgconfig:/home/ros2-user/ros2_workspace/robotics-v1/install/sdl_utils/lib/x86_64-linux-gnu/pkgconfig:/home/ros2-user/ros2_workspace/robotics-v1/install/sdl_utils/lib/pkgconfig:/home/ros2-user/ros2_workspace/robotics-v1/install/resource_utils/lib/x86_64-linux-gnu/pkgconfig:/home/ros2-user/ros2_workspace/robotics-v1/install/resource_utils/lib/pkgconfig:/home/ros2-user/ros2_workspace/robotics-v1/install/utils/lib/x86_64-linux-gnu/pkgconfig:/home/ros2-user/ros2_workspace/robotics-v1/install/utils/lib/pkgconfig:/home/ros2-user/ros2_workspace/robotics-v1/install/cmake_helpers/lib/x86_64-linux-gnu/pkgconfig:/home/ros2-user/ros2_workspace/robotics-v1/install/cmake_helpers/lib/pkgconfig PYTHONPATH=/home/ros2-user/ros2_workspace/robotics-v1/install/urscript_interfaces/lib/python3.8/site-packages:${PYTHONPATH} /usr/bin/cmake /home/ros2-user/ros2_workspace/robotics-v1/src/ur_dev/urscript/urscript_bridge -DCMAKE_BUILD_TYPE=Debug -DCMAKE_CXX_COMPILER=/usr/bin/g++ -DAMENT_CMAKE_SYMLINK_INSTALL=1 -DCMAKE_INSTALL_PREFIX=/home/ros2-user/ros2_workspace/robotics-v1/install/urscript_bridge
[14.413s] Invoking command in '/home/ros2-user/ros2_workspace/robotics-v1/build/urscript_bridge': AMENT_PREFIX_PATH=/home/ros2-user/ros2_workspace/robotics-v1/install/urscript_common:/home/ros2-user/ros2_workspace/robotics-v1/install/urscript_interfaces:${AMENT_PREFIX_PATH} CMAKE_PREFIX_PATH=/home/ros2-user/ros2_workspace/robotics-v1/install/ros2_game_engine:/home/ros2-user/ros2_workspace/robotics-v1/install/game_engine:/home/ros2-user/ros2_workspace/robotics-v1/install/manager_utils:/home/ros2-user/ros2_workspace/robotics-v1/install/sdl_utils:/home/ros2-user/ros2_workspace/robotics-v1/install/urscript_common:/home/ros2-user/ros2_workspace/robotics-v1/install/resource_utils:/home/ros2-user/ros2_workspace/robotics-v1/install/utils:/home/ros2-user/ros2_workspace/robotics-v1/install/urscript_interfaces:/home/ros2-user/ros2_workspace/robotics-v1/install/cmake_helpers:/opt/ros/foxy LD_LIBRARY_PATH=/home/ros2-user/ros2_workspace/robotics-v1/install/urscript_interfaces/lib:${LD_LIBRARY_PATH} PKG_CONFIG_PATH=/home/ros2-user/ros2_workspace/robotics-v1/install/ros2_game_engine/lib/x86_64-linux-gnu/pkgconfig:/home/ros2-user/ros2_workspace/robotics-v1/install/ros2_game_engine/lib/pkgconfig:/home/ros2-user/ros2_workspace/robotics-v1/install/game_engine/lib/x86_64-linux-gnu/pkgconfig:/home/ros2-user/ros2_workspace/robotics-v1/install/game_engine/lib/pkgconfig:/home/ros2-user/ros2_workspace/robotics-v1/install/manager_utils/lib/x86_64-linux-gnu/pkgconfig:/home/ros2-user/ros2_workspace/robotics-v1/install/manager_utils/lib/pkgconfig:/home/ros2-user/ros2_workspace/robotics-v1/install/sdl_utils/lib/x86_64-linux-gnu/pkgconfig:/home/ros2-user/ros2_workspace/robotics-v1/install/sdl_utils/lib/pkgconfig:/home/ros2-user/ros2_workspace/robotics-v1/install/resource_utils/lib/x86_64-linux-gnu/pkgconfig:/home/ros2-user/ros2_workspace/robotics-v1/install/resource_utils/lib/pkgconfig:/home/ros2-user/ros2_workspace/robotics-v1/install/utils/lib/x86_64-linux-gnu/pkgconfig:/home/ros2-user/ros2_workspace/robotics-v1/install/utils/lib/pkgconfig:/home/ros2-user/ros2_workspace/robotics-v1/install/cmake_helpers/lib/x86_64-linux-gnu/pkgconfig:/home/ros2-user/ros2_workspace/robotics-v1/install/cmake_helpers/lib/pkgconfig PYTHONPATH=/home/ros2-user/ros2_workspace/robotics-v1/install/urscript_interfaces/lib/python3.8/site-packages:${PYTHONPATH} /usr/bin/cmake --build /home/ros2-user/ros2_workspace/robotics-v1/build/urscript_bridge -- -j4 -l4
[15.110s] [35m[1mScanning dependencies of target urscript_bridge[0m
[15.737s] [ 14%] [32mBuilding CXX object CMakeFiles/urscript_bridge.dir/src/config/UrBridgeConfigGenerator.cpp.o[0m
[20.247s] [ 28%] [32mBuilding CXX object CMakeFiles/urscript_bridge.dir/src/external_api/UrBridgeRos2ParamProvider.cpp.o[0m
[25.989s] [ 42%] [32mBuilding CXX object CMakeFiles/urscript_bridge.dir/src/utils/TcpClient.cpp.o[0m
[55.281s] [ 57%] [32mBuilding CXX object CMakeFiles/urscript_bridge.dir/src/main.cpp.o[0m
[60.710s] [ 71%] [32mBuilding CXX object CMakeFiles/urscript_bridge.dir/src/external_api/UrBridgeExternalInterface.cpp.o[0m
[73.019s] [ 85%] [32mBuilding CXX object CMakeFiles/urscript_bridge.dir/src/core/UrBridgeApplication.cpp.o[0m
[78.056s] [100%] [32m[1mLinking CXX executable urscript_bridge[0m
[78.800s] [100%] Built target urscript_bridge
[78.817s] Invoked command in '/home/ros2-user/ros2_workspace/robotics-v1/build/urscript_bridge' returned '0': AMENT_PREFIX_PATH=/home/ros2-user/ros2_workspace/robotics-v1/install/urscript_common:/home/ros2-user/ros2_workspace/robotics-v1/install/urscript_interfaces:${AMENT_PREFIX_PATH} CMAKE_PREFIX_PATH=/home/ros2-user/ros2_workspace/robotics-v1/install/ros2_game_engine:/home/ros2-user/ros2_workspace/robotics-v1/install/game_engine:/home/ros2-user/ros2_workspace/robotics-v1/install/manager_utils:/home/ros2-user/ros2_workspace/robotics-v1/install/sdl_utils:/home/ros2-user/ros2_workspace/robotics-v1/install/urscript_common:/home/ros2-user/ros2_workspace/robotics-v1/install/resource_utils:/home/ros2-user/ros2_workspace/robotics-v1/install/utils:/home/ros2-user/ros2_workspace/robotics-v1/install/urscript_interfaces:/home/ros2-user/ros2_workspace/robotics-v1/install/cmake_helpers:/opt/ros/foxy LD_LIBRARY_PATH=/home/ros2-user/ros2_workspace/robotics-v1/install/urscript_interfaces/lib:${LD_LIBRARY_PATH} PKG_CONFIG_PATH=/home/ros2-user/ros2_workspace/robotics-v1/install/ros2_game_engine/lib/x86_64-linux-gnu/pkgconfig:/home/ros2-user/ros2_workspace/robotics-v1/install/ros2_game_engine/lib/pkgconfig:/home/ros2-user/ros2_workspace/robotics-v1/install/game_engine/lib/x86_64-linux-gnu/pkgconfig:/home/ros2-user/ros2_workspace/robotics-v1/install/game_engine/lib/pkgconfig:/home/ros2-user/ros2_workspace/robotics-v1/install/manager_utils/lib/x86_64-linux-gnu/pkgconfig:/home/ros2-user/ros2_workspace/robotics-v1/install/manager_utils/lib/pkgconfig:/home/ros2-user/ros2_workspace/robotics-v1/install/sdl_utils/lib/x86_64-linux-gnu/pkgconfig:/home/ros2-user/ros2_workspace/robotics-v1/install/sdl_utils/lib/pkgconfig:/home/ros2-user/ros2_workspace/robotics-v1/install/resource_utils/lib/x86_64-linux-gnu/pkgconfig:/home/ros2-user/ros2_workspace/robotics-v1/install/resource_utils/lib/pkgconfig:/home/ros2-user/ros2_workspace/robotics-v1/install/utils/lib/x86_64-linux-gnu/pkgconfig:/home/ros2-user/ros2_workspace/robotics-v1/install/utils/lib/pkgconfig:/home/ros2-user/ros2_workspace/robotics-v1/install/cmake_helpers/lib/x86_64-linux-gnu/pkgconfig:/home/ros2-user/ros2_workspace/robotics-v1/install/cmake_helpers/lib/pkgconfig PYTHONPATH=/home/ros2-user/ros2_workspace/robotics-v1/install/urscript_interfaces/lib/python3.8/site-packages:${PYTHONPATH} /usr/bin/cmake --build /home/ros2-user/ros2_workspace/robotics-v1/build/urscript_bridge -- -j4 -l4
[78.872s] Invoking command in '/home/ros2-user/ros2_workspace/robotics-v1/build/urscript_bridge': AMENT_PREFIX_PATH=/home/ros2-user/ros2_workspace/robotics-v1/install/urscript_common:/home/ros2-user/ros2_workspace/robotics-v1/install/urscript_interfaces:${AMENT_PREFIX_PATH} CMAKE_PREFIX_PATH=/home/ros2-user/ros2_workspace/robotics-v1/install/ros2_game_engine:/home/ros2-user/ros2_workspace/robotics-v1/install/game_engine:/home/ros2-user/ros2_workspace/robotics-v1/install/manager_utils:/home/ros2-user/ros2_workspace/robotics-v1/install/sdl_utils:/home/ros2-user/ros2_workspace/robotics-v1/install/urscript_common:/home/ros2-user/ros2_workspace/robotics-v1/install/resource_utils:/home/ros2-user/ros2_workspace/robotics-v1/install/utils:/home/ros2-user/ros2_workspace/robotics-v1/install/urscript_interfaces:/home/ros2-user/ros2_workspace/robotics-v1/install/cmake_helpers:/opt/ros/foxy LD_LIBRARY_PATH=/home/ros2-user/ros2_workspace/robotics-v1/install/urscript_interfaces/lib:${LD_LIBRARY_PATH} PKG_CONFIG_PATH=/home/ros2-user/ros2_workspace/robotics-v1/install/ros2_game_engine/lib/x86_64-linux-gnu/pkgconfig:/home/ros2-user/ros2_workspace/robotics-v1/install/ros2_game_engine/lib/pkgconfig:/home/ros2-user/ros2_workspace/robotics-v1/install/game_engine/lib/x86_64-linux-gnu/pkgconfig:/home/ros2-user/ros2_workspace/robotics-v1/install/game_engine/lib/pkgconfig:/home/ros2-user/ros2_workspace/robotics-v1/install/manager_utils/lib/x86_64-linux-gnu/pkgconfig:/home/ros2-user/ros2_workspace/robotics-v1/install/manager_utils/lib/pkgconfig:/home/ros2-user/ros2_workspace/robotics-v1/install/sdl_utils/lib/x86_64-linux-gnu/pkgconfig:/home/ros2-user/ros2_workspace/robotics-v1/install/sdl_utils/lib/pkgconfig:/home/ros2-user/ros2_workspace/robotics-v1/install/resource_utils/lib/x86_64-linux-gnu/pkgconfig:/home/ros2-user/ros2_workspace/robotics-v1/install/resource_utils/lib/pkgconfig:/home/ros2-user/ros2_workspace/robotics-v1/install/utils/lib/x86_64-linux-gnu/pkgconfig:/home/ros2-user/ros2_workspace/robotics-v1/install/utils/lib/pkgconfig:/home/ros2-user/ros2_workspace/robotics-v1/install/cmake_helpers/lib/x86_64-linux-gnu/pkgconfig:/home/ros2-user/ros2_workspace/robotics-v1/install/cmake_helpers/lib/pkgconfig PYTHONPATH=/home/ros2-user/ros2_workspace/robotics-v1/install/urscript_interfaces/lib/python3.8/site-packages:${PYTHONPATH} /usr/bin/cmake --install /home/ros2-user/ros2_workspace/robotics-v1/build/urscript_bridge
[78.881s] -- Install configuration: "Debug"
[78.882s] -- Execute custom install script
[78.882s] -- Symlinking: /home/ros2-user/ros2_workspace/robotics-v1/install/urscript_bridge/share/urscript_bridge/package.xml
[78.893s] -- Symlinking: /home/ros2-user/ros2_workspace/robotics-v1/install/urscript_bridge/share/urscript_bridge//launch/launch.py
[78.903s] -- Symlinking: /home/ros2-user/ros2_workspace/robotics-v1/install/urscript_bridge/share/urscript_bridge//config/params.yaml
[78.914s] -- Symlinking: /home/ros2-user/ros2_workspace/robotics-v1/install/urscript_bridge/lib/urscript_bridge/urscript_bridge
[78.924s] -- Symlinking: /home/ros2-user/ros2_workspace/robotics-v1/install/urscript_bridge/share/ament_index/resource_index/packages/urscript_bridge
[78.935s] -- Symlinking: /home/ros2-user/ros2_workspace/robotics-v1/install/urscript_bridge/share/urscript_bridge/hook/ament_prefix_path.dsv
[78.945s] -- Symlinking: /home/ros2-user/ros2_workspace/robotics-v1/install/urscript_bridge/share/urscript_bridge/hook/ros_package_path.dsv
[78.957s] -- Symlinking: /home/ros2-user/ros2_workspace/robotics-v1/install/urscript_bridge/share/ament_index/resource_index/package_run_dependencies/urscript_bridge
[78.968s] -- Symlinking: /home/ros2-user/ros2_workspace/robotics-v1/install/urscript_bridge/share/ament_index/resource_index/parent_prefix_path/urscript_bridge
[78.978s] -- Symlinking: /home/ros2-user/ros2_workspace/robotics-v1/install/urscript_bridge/share/urscript_bridge/environment/ament_prefix_path.sh
[78.988s] -- Symlinking: /home/ros2-user/ros2_workspace/robotics-v1/install/urscript_bridge/share/urscript_bridge/environment/ament_prefix_path.dsv
[78.999s] -- Symlinking: /home/ros2-user/ros2_workspace/robotics-v1/install/urscript_bridge/share/urscript_bridge/environment/path.sh
[79.009s] -- Symlinking: /home/ros2-user/ros2_workspace/robotics-v1/install/urscript_bridge/share/urscript_bridge/environment/path.dsv
[79.019s] -- Symlinking: /home/ros2-user/ros2_workspace/robotics-v1/install/urscript_bridge/share/urscript_bridge/local_setup.bash
[79.030s] -- Symlinking: /home/ros2-user/ros2_workspace/robotics-v1/install/urscript_bridge/share/urscript_bridge/local_setup.sh
[79.040s] -- Symlinking: /home/ros2-user/ros2_workspace/robotics-v1/install/urscript_bridge/share/urscript_bridge/local_setup.zsh
[79.050s] -- Symlinking: /home/ros2-user/ros2_workspace/robotics-v1/install/urscript_bridge/share/urscript_bridge/local_setup.dsv
[79.060s] -- Symlinking: /home/ros2-user/ros2_workspace/robotics-v1/install/urscript_bridge/share/urscript_bridge/package.dsv
[79.071s] -- Symlinking: /home/ros2-user/ros2_workspace/robotics-v1/install/urscript_bridge/share/ament_index/resource_index/packages/urscript_bridge
[79.081s] -- Symlinking: /home/ros2-user/ros2_workspace/robotics-v1/install/urscript_bridge/share/urscript_bridge/cmake/ament_cmake_export_dependencies-extras.cmake
[79.092s] -- Symlinking: /home/ros2-user/ros2_workspace/robotics-v1/install/urscript_bridge/share/urscript_bridge/cmake/urscript_bridgeConfig.cmake
[79.106s] -- Symlinking: /home/ros2-user/ros2_workspace/robotics-v1/install/urscript_bridge/share/urscript_bridge/cmake/urscript_bridgeConfig-version.cmake
[79.117s] -- Up-to-date symlink: /home/ros2-user/ros2_workspace/robotics-v1/install/urscript_bridge/share/urscript_bridge/package.xml
[79.130s] Invoked command in '/home/ros2-user/ros2_workspace/robotics-v1/build/urscript_bridge' returned '0': AMENT_PREFIX_PATH=/home/ros2-user/ros2_workspace/robotics-v1/install/urscript_common:/home/ros2-user/ros2_workspace/robotics-v1/install/urscript_interfaces:${AMENT_PREFIX_PATH} CMAKE_PREFIX_PATH=/home/ros2-user/ros2_workspace/robotics-v1/install/ros2_game_engine:/home/ros2-user/ros2_workspace/robotics-v1/install/game_engine:/home/ros2-user/ros2_workspace/robotics-v1/install/manager_utils:/home/ros2-user/ros2_workspace/robotics-v1/install/sdl_utils:/home/ros2-user/ros2_workspace/robotics-v1/install/urscript_common:/home/ros2-user/ros2_workspace/robotics-v1/install/resource_utils:/home/ros2-user/ros2_workspace/robotics-v1/install/utils:/home/ros2-user/ros2_workspace/robotics-v1/install/urscript_interfaces:/home/ros2-user/ros2_workspace/robotics-v1/install/cmake_helpers:/opt/ros/foxy LD_LIBRARY_PATH=/home/ros2-user/ros2_workspace/robotics-v1/install/urscript_interfaces/lib:${LD_LIBRARY_PATH} PKG_CONFIG_PATH=/home/ros2-user/ros2_workspace/robotics-v1/install/ros2_game_engine/lib/x86_64-linux-gnu/pkgconfig:/home/ros2-user/ros2_workspace/robotics-v1/install/ros2_game_engine/lib/pkgconfig:/home/ros2-user/ros2_workspace/robotics-v1/install/game_engine/lib/x86_64-linux-gnu/pkgconfig:/home/ros2-user/ros2_workspace/robotics-v1/install/game_engine/lib/pkgconfig:/home/ros2-user/ros2_workspace/robotics-v1/install/manager_utils/lib/x86_64-linux-gnu/pkgconfig:/home/ros2-user/ros2_workspace/robotics-v1/install/manager_utils/lib/pkgconfig:/home/ros2-user/ros2_workspace/robotics-v1/install/sdl_utils/lib/x86_64-linux-gnu/pkgconfig:/home/ros2-user/ros2_workspace/robotics-v1/install/sdl_utils/lib/pkgconfig:/home/ros2-user/ros2_workspace/robotics-v1/install/resource_utils/lib/x86_64-linux-gnu/pkgconfig:/home/ros2-user/ros2_workspace/robotics-v1/install/resource_utils/lib/pkgconfig:/home/ros2-user/ros2_workspace/robotics-v1/install/utils/lib/x86_64-linux-gnu/pkgconfig:/home/ros2-user/ros2_workspace/robotics-v1/install/utils/lib/pkgconfig:/home/ros2-user/ros2_workspace/robotics-v1/install/cmake_helpers/lib/x86_64-linux-gnu/pkgconfig:/home/ros2-user/ros2_workspace/robotics-v1/install/cmake_helpers/lib/pkgconfig PYTHONPATH=/home/ros2-user/ros2_workspace/robotics-v1/install/urscript_interfaces/lib/python3.8/site-packages:${PYTHONPATH} /usr/bin/cmake --install /home/ros2-user/ros2_workspace/robotics-v1/build/urscript_bridge
