Performing C++ SOURCE FILE Test CMAKE_HAVE_LIBC_PTHREAD failed with the following output:
Change Dir: /home/ros2-user/ros2_workspace/robotics-v1/build/robo_collector_common/CMakeFiles/CMakeTmp

Run Build Command(s):/usr/bin/make cmTC_a240d/fast && /usr/bin/make -f CMakeFiles/cmTC_a240d.dir/build.make CMakeFiles/cmTC_a240d.dir/build
make[1]: Entering directory '/home/ros2-user/ros2_workspace/robotics-v1/build/robo_collector_common/CMakeFiles/CMakeTmp'
Building CXX object CMakeFiles/cmTC_a240d.dir/src.cxx.o
/usr/bin/g++    -DCMAKE_HAVE_LIBC_PTHREAD   -o CMakeFiles/cmTC_a240d.dir/src.cxx.o -c /home/ros2-user/ros2_workspace/robotics-v1/build/robo_collector_common/CMakeFiles/CMakeTmp/src.cxx
Linking CXX executable cmTC_a240d
/usr/bin/cmake -E cmake_link_script CMakeFiles/cmTC_a240d.dir/link.txt --verbose=1
/usr/bin/g++   -DCMAKE_HAVE_LIBC_PTHREAD    CMakeFiles/cmTC_a240d.dir/src.cxx.o  -o cmTC_a240d 
/usr/bin/ld: CMakeFiles/cmTC_a240d.dir/src.cxx.o: in function `main':
src.cxx:(.text+0x46): undefined reference to `pthread_create'
/usr/bin/ld: src.cxx:(.text+0x52): undefined reference to `pthread_detach'
/usr/bin/ld: src.cxx:(.text+0x63): undefined reference to `pthread_join'
collect2: error: ld returned 1 exit status
make[1]: *** [CMakeFiles/cmTC_a240d.dir/build.make:87: cmTC_a240d] Error 1
make[1]: Leaving directory '/home/ros2-user/ros2_workspace/robotics-v1/build/robo_collector_common/CMakeFiles/CMakeTmp'
make: *** [Makefile:121: cmTC_a240d/fast] Error 2


Source file was:
#include <pthread.h>

void* test_func(void* data)
{
  return data;
}

int main(void)
{
  pthread_t thread;
  pthread_create(&thread, NULL, test_func, NULL);
  pthread_detach(thread);
  pthread_join(thread, NULL);
  pthread_atfork(NULL, NULL, NULL);
  pthread_exit(NULL);

  return 0;
}

Determining if the function pthread_create exists in the pthreads failed with the following output:
Change Dir: /home/ros2-user/ros2_workspace/robotics-v1/build/robo_collector_common/CMakeFiles/CMakeTmp

Run Build Command(s):/usr/bin/make cmTC_d3aab/fast && /usr/bin/make -f CMakeFiles/cmTC_d3aab.dir/build.make CMakeFiles/cmTC_d3aab.dir/build
make[1]: Entering directory '/home/ros2-user/ros2_workspace/robotics-v1/build/robo_collector_common/CMakeFiles/CMakeTmp'
Building CXX object CMakeFiles/cmTC_d3aab.dir/CheckFunctionExists.cxx.o
/usr/bin/g++    -DCHECK_FUNCTION_EXISTS=pthread_create   -o CMakeFiles/cmTC_d3aab.dir/CheckFunctionExists.cxx.o -c /home/ros2-user/ros2_workspace/robotics-v1/build/robo_collector_common/CMakeFiles/CheckLibraryExists/CheckFunctionExists.cxx
Linking CXX executable cmTC_d3aab
/usr/bin/cmake -E cmake_link_script CMakeFiles/cmTC_d3aab.dir/link.txt --verbose=1
/usr/bin/g++   -DCHECK_FUNCTION_EXISTS=pthread_create    CMakeFiles/cmTC_d3aab.dir/CheckFunctionExists.cxx.o  -o cmTC_d3aab  -lpthreads 
/usr/bin/ld: cannot find -lpthreads
collect2: error: ld returned 1 exit status
make[1]: *** [CMakeFiles/cmTC_d3aab.dir/build.make:87: cmTC_d3aab] Error 1
make[1]: Leaving directory '/home/ros2-user/ros2_workspace/robotics-v1/build/robo_collector_common/CMakeFiles/CMakeTmp'
make: *** [Makefile:121: cmTC_d3aab/fast] Error 2



