[0.236s] Invoking command in '/home/ros2-user/ros2_workspace/robotics-v1/build/robo_miner_common': AMENT_PREFIX_PATH=/home/ros2-user/ros2_workspace/robotics-v1/install/robo_miner_interfaces:${AMENT_PREFIX_PATH} CMAKE_PREFIX_PATH=/home/ros2-user/ros2_workspace/robotics-v1/install/robo_common:/home/ros2-user/ros2_workspace/robotics-v1/install/manager_utils:/home/ros2-user/ros2_workspace/robotics-v1/install/sdl_utils:/home/ros2-user/ros2_workspace/robotics-v1/install/resource_utils:/home/ros2-user/ros2_workspace/robotics-v1/install/utils:/home/ros2-user/ros2_workspace/robotics-v1/install/robo_miner_interfaces:/home/ros2-user/ros2_workspace/robotics-v1/install/cmake_helpers:/opt/ros/foxy LD_LIBRARY_PATH=/home/ros2-user/ros2_workspace/robotics-v1/install/robo_miner_interfaces/lib:${LD_LIBRARY_PATH} PKG_CONFIG_PATH=/home/ros2-user/ros2_workspace/robotics-v1/install/robo_common/lib/x86_64-linux-gnu/pkgconfig:/home/ros2-user/ros2_workspace/robotics-v1/install/robo_common/lib/pkgconfig:/home/ros2-user/ros2_workspace/robotics-v1/install/manager_utils/lib/x86_64-linux-gnu/pkgconfig:/home/ros2-user/ros2_workspace/robotics-v1/install/manager_utils/lib/pkgconfig:/home/ros2-user/ros2_workspace/robotics-v1/install/sdl_utils/lib/x86_64-linux-gnu/pkgconfig:/home/ros2-user/ros2_workspace/robotics-v1/install/sdl_utils/lib/pkgconfig:/home/ros2-user/ros2_workspace/robotics-v1/install/resource_utils/lib/x86_64-linux-gnu/pkgconfig:/home/ros2-user/ros2_workspace/robotics-v1/install/resource_utils/lib/pkgconfig:/home/ros2-user/ros2_workspace/robotics-v1/install/utils/lib/x86_64-linux-gnu/pkgconfig:/home/ros2-user/ros2_workspace/robotics-v1/install/utils/lib/pkgconfig:/home/ros2-user/ros2_workspace/robotics-v1/install/cmake_helpers/lib/x86_64-linux-gnu/pkgconfig:/home/ros2-user/ros2_workspace/robotics-v1/install/cmake_helpers/lib/pkgconfig PYTHONPATH=/home/ros2-user/ros2_workspace/robotics-v1/install/robo_miner_interfaces/lib/python3.8/site-packages:${PYTHONPATH} /usr/bin/cmake /home/ros2-user/ros2_workspace/robotics-v1/src/robo_miner/robo_miner_common -DCMAKE_BUILD_TYPE=Debug -DCMAKE_CXX_COMPILER=/usr/bin/g++ -DAMENT_CMAKE_SYMLINK_INSTALL=1 -DCMAKE_INSTALL_PREFIX=/home/ros2-user/ros2_workspace/robotics-v1/install/robo_miner_common
[0.503s] -- The CXX compiler identification is GNU 9.4.0
[0.550s] -- Check for working CXX compiler: /usr/bin/g++
[1.120s] -- Check for working CXX compiler: /usr/bin/g++ -- works
[1.120s] -- Detecting CXX compiler ABI info
[1.436s] -- Detecting CXX compiler ABI info - done
[1.545s] -- Detecting CXX compile features
[1.545s] -- Detecting CXX compile features - done
[1.545s] -- Found cmake_helpers: 1.0.0 (/home/ros2-user/ros2_workspace/robotics-v1/install/cmake_helpers/share/cmake_helpers/cmake)
[1.545s] -- Looking for C++ include pthread.h
[1.883s] -- Looking for C++ include pthread.h - found
[1.883s] -- Performing Test CMAKE_HAVE_LIBC_PTHREAD
[2.688s] -- Performing Test CMAKE_HAVE_LIBC_PTHREAD - Failed
[2.690s] -- Looking for pthread_create in pthreads
[2.909s] -- Looking for pthread_create in pthreads - not found
[2.909s] -- Looking for pthread_create in pthread
[3.549s] -- Looking for pthread_create in pthread - found
[3.553s] -- Found Threads: TRUE  
[3.593s] -- Found robo_miner_interfaces: 1.0.0 (/home/ros2-user/ros2_workspace/robotics-v1/install/robo_miner_interfaces/share/robo_miner_interfaces/cmake)
[3.694s] -- Found PythonInterp: /usr/bin/python3 (found suitable version "3.8.10", minimum required is "3") 
[3.695s] -- Using PYTHON_EXECUTABLE: /usr/bin/python3
[4.186s] -- Override CMake install command with custom implementation using symlinks instead of copying resources
[4.367s] -- Using all available rosidl_typesupport_c: rosidl_typesupport_fastrtps_c;rosidl_typesupport_introspection_c
[4.388s] -- Found rosidl_adapter: 1.3.0 (/opt/ros/foxy/share/rosidl_adapter/cmake)
[4.961s] -- Found OpenSSL: /usr/lib/x86_64-linux-gnu/libcrypto.so (found version "1.1.1f")  
[5.052s] -- Found FastRTPS: /opt/ros/foxy/include  
[5.339s] -- Using all available rosidl_typesupport_cpp: rosidl_typesupport_fastrtps_cpp;rosidl_typesupport_introspection_cpp
[5.896s] -- Configuring done
[5.935s] -- Generating done
[5.942s] -- Build files have been written to: /home/ros2-user/ros2_workspace/robotics-v1/build/robo_miner_common
[5.967s] Invoked command in '/home/ros2-user/ros2_workspace/robotics-v1/build/robo_miner_common' returned '0': AMENT_PREFIX_PATH=/home/ros2-user/ros2_workspace/robotics-v1/install/robo_miner_interfaces:${AMENT_PREFIX_PATH} CMAKE_PREFIX_PATH=/home/ros2-user/ros2_workspace/robotics-v1/install/robo_common:/home/ros2-user/ros2_workspace/robotics-v1/install/manager_utils:/home/ros2-user/ros2_workspace/robotics-v1/install/sdl_utils:/home/ros2-user/ros2_workspace/robotics-v1/install/resource_utils:/home/ros2-user/ros2_workspace/robotics-v1/install/utils:/home/ros2-user/ros2_workspace/robotics-v1/install/robo_miner_interfaces:/home/ros2-user/ros2_workspace/robotics-v1/install/cmake_helpers:/opt/ros/foxy LD_LIBRARY_PATH=/home/ros2-user/ros2_workspace/robotics-v1/install/robo_miner_interfaces/lib:${LD_LIBRARY_PATH} PKG_CONFIG_PATH=/home/ros2-user/ros2_workspace/robotics-v1/install/robo_common/lib/x86_64-linux-gnu/pkgconfig:/home/ros2-user/ros2_workspace/robotics-v1/install/robo_common/lib/pkgconfig:/home/ros2-user/ros2_workspace/robotics-v1/install/manager_utils/lib/x86_64-linux-gnu/pkgconfig:/home/ros2-user/ros2_workspace/robotics-v1/install/manager_utils/lib/pkgconfig:/home/ros2-user/ros2_workspace/robotics-v1/install/sdl_utils/lib/x86_64-linux-gnu/pkgconfig:/home/ros2-user/ros2_workspace/robotics-v1/install/sdl_utils/lib/pkgconfig:/home/ros2-user/ros2_workspace/robotics-v1/install/resource_utils/lib/x86_64-linux-gnu/pkgconfig:/home/ros2-user/ros2_workspace/robotics-v1/install/resource_utils/lib/pkgconfig:/home/ros2-user/ros2_workspace/robotics-v1/install/utils/lib/x86_64-linux-gnu/pkgconfig:/home/ros2-user/ros2_workspace/robotics-v1/install/utils/lib/pkgconfig:/home/ros2-user/ros2_workspace/robotics-v1/install/cmake_helpers/lib/x86_64-linux-gnu/pkgconfig:/home/ros2-user/ros2_workspace/robotics-v1/install/cmake_helpers/lib/pkgconfig PYTHONPATH=/home/ros2-user/ros2_workspace/robotics-v1/install/robo_miner_interfaces/lib/python3.8/site-packages:${PYTHONPATH} /usr/bin/cmake /home/ros2-user/ros2_workspace/robotics-v1/src/robo_miner/robo_miner_common -DCMAKE_BUILD_TYPE=Debug -DCMAKE_CXX_COMPILER=/usr/bin/g++ -DAMENT_CMAKE_SYMLINK_INSTALL=1 -DCMAKE_INSTALL_PREFIX=/home/ros2-user/ros2_workspace/robotics-v1/install/robo_miner_common
[5.971s] Invoking command in '/home/ros2-user/ros2_workspace/robotics-v1/build/robo_miner_common': AMENT_PREFIX_PATH=/home/ros2-user/ros2_workspace/robotics-v1/install/robo_miner_interfaces:${AMENT_PREFIX_PATH} CMAKE_PREFIX_PATH=/home/ros2-user/ros2_workspace/robotics-v1/install/robo_common:/home/ros2-user/ros2_workspace/robotics-v1/install/manager_utils:/home/ros2-user/ros2_workspace/robotics-v1/install/sdl_utils:/home/ros2-user/ros2_workspace/robotics-v1/install/resource_utils:/home/ros2-user/ros2_workspace/robotics-v1/install/utils:/home/ros2-user/ros2_workspace/robotics-v1/install/robo_miner_interfaces:/home/ros2-user/ros2_workspace/robotics-v1/install/cmake_helpers:/opt/ros/foxy LD_LIBRARY_PATH=/home/ros2-user/ros2_workspace/robotics-v1/install/robo_miner_interfaces/lib:${LD_LIBRARY_PATH} PKG_CONFIG_PATH=/home/ros2-user/ros2_workspace/robotics-v1/install/robo_common/lib/x86_64-linux-gnu/pkgconfig:/home/ros2-user/ros2_workspace/robotics-v1/install/robo_common/lib/pkgconfig:/home/ros2-user/ros2_workspace/robotics-v1/install/manager_utils/lib/x86_64-linux-gnu/pkgconfig:/home/ros2-user/ros2_workspace/robotics-v1/install/manager_utils/lib/pkgconfig:/home/ros2-user/ros2_workspace/robotics-v1/install/sdl_utils/lib/x86_64-linux-gnu/pkgconfig:/home/ros2-user/ros2_workspace/robotics-v1/install/sdl_utils/lib/pkgconfig:/home/ros2-user/ros2_workspace/robotics-v1/install/resource_utils/lib/x86_64-linux-gnu/pkgconfig:/home/ros2-user/ros2_workspace/robotics-v1/install/resource_utils/lib/pkgconfig:/home/ros2-user/ros2_workspace/robotics-v1/install/utils/lib/x86_64-linux-gnu/pkgconfig:/home/ros2-user/ros2_workspace/robotics-v1/install/utils/lib/pkgconfig:/home/ros2-user/ros2_workspace/robotics-v1/install/cmake_helpers/lib/x86_64-linux-gnu/pkgconfig:/home/ros2-user/ros2_workspace/robotics-v1/install/cmake_helpers/lib/pkgconfig PYTHONPATH=/home/ros2-user/ros2_workspace/robotics-v1/install/robo_miner_interfaces/lib/python3.8/site-packages:${PYTHONPATH} /usr/bin/cmake --build /home/ros2-user/ros2_workspace/robotics-v1/build/robo_miner_common -- -j4 -l4
[6.137s] [35m[1mScanning dependencies of target robo_miner_common[0m
[6.234s] [ 50%] [32mBuilding CXX object CMakeFiles/robo_miner_common.dir/src/message_helpers/RoboMinerMessageHelpers.cpp.o[0m
[7.964s] [100%] [32m[1mLinking CXX static library librobo_miner_common.a[0m
[8.130s] [100%] Built target robo_miner_common
[8.173s] Invoked command in '/home/ros2-user/ros2_workspace/robotics-v1/build/robo_miner_common' returned '0': AMENT_PREFIX_PATH=/home/ros2-user/ros2_workspace/robotics-v1/install/robo_miner_interfaces:${AMENT_PREFIX_PATH} CMAKE_PREFIX_PATH=/home/ros2-user/ros2_workspace/robotics-v1/install/robo_common:/home/ros2-user/ros2_workspace/robotics-v1/install/manager_utils:/home/ros2-user/ros2_workspace/robotics-v1/install/sdl_utils:/home/ros2-user/ros2_workspace/robotics-v1/install/resource_utils:/home/ros2-user/ros2_workspace/robotics-v1/install/utils:/home/ros2-user/ros2_workspace/robotics-v1/install/robo_miner_interfaces:/home/ros2-user/ros2_workspace/robotics-v1/install/cmake_helpers:/opt/ros/foxy LD_LIBRARY_PATH=/home/ros2-user/ros2_workspace/robotics-v1/install/robo_miner_interfaces/lib:${LD_LIBRARY_PATH} PKG_CONFIG_PATH=/home/ros2-user/ros2_workspace/robotics-v1/install/robo_common/lib/x86_64-linux-gnu/pkgconfig:/home/ros2-user/ros2_workspace/robotics-v1/install/robo_common/lib/pkgconfig:/home/ros2-user/ros2_workspace/robotics-v1/install/manager_utils/lib/x86_64-linux-gnu/pkgconfig:/home/ros2-user/ros2_workspace/robotics-v1/install/manager_utils/lib/pkgconfig:/home/ros2-user/ros2_workspace/robotics-v1/install/sdl_utils/lib/x86_64-linux-gnu/pkgconfig:/home/ros2-user/ros2_workspace/robotics-v1/install/sdl_utils/lib/pkgconfig:/home/ros2-user/ros2_workspace/robotics-v1/install/resource_utils/lib/x86_64-linux-gnu/pkgconfig:/home/ros2-user/ros2_workspace/robotics-v1/install/resource_utils/lib/pkgconfig:/home/ros2-user/ros2_workspace/robotics-v1/install/utils/lib/x86_64-linux-gnu/pkgconfig:/home/ros2-user/ros2_workspace/robotics-v1/install/utils/lib/pkgconfig:/home/ros2-user/ros2_workspace/robotics-v1/install/cmake_helpers/lib/x86_64-linux-gnu/pkgconfig:/home/ros2-user/ros2_workspace/robotics-v1/install/cmake_helpers/lib/pkgconfig PYTHONPATH=/home/ros2-user/ros2_workspace/robotics-v1/install/robo_miner_interfaces/lib/python3.8/site-packages:${PYTHONPATH} /usr/bin/cmake --build /home/ros2-user/ros2_workspace/robotics-v1/build/robo_miner_common -- -j4 -l4
[8.526s] Invoking command in '/home/ros2-user/ros2_workspace/robotics-v1/build/robo_miner_common': AMENT_PREFIX_PATH=/home/ros2-user/ros2_workspace/robotics-v1/install/robo_miner_interfaces:${AMENT_PREFIX_PATH} CMAKE_PREFIX_PATH=/home/ros2-user/ros2_workspace/robotics-v1/install/robo_common:/home/ros2-user/ros2_workspace/robotics-v1/install/manager_utils:/home/ros2-user/ros2_workspace/robotics-v1/install/sdl_utils:/home/ros2-user/ros2_workspace/robotics-v1/install/resource_utils:/home/ros2-user/ros2_workspace/robotics-v1/install/utils:/home/ros2-user/ros2_workspace/robotics-v1/install/robo_miner_interfaces:/home/ros2-user/ros2_workspace/robotics-v1/install/cmake_helpers:/opt/ros/foxy LD_LIBRARY_PATH=/home/ros2-user/ros2_workspace/robotics-v1/install/robo_miner_interfaces/lib:${LD_LIBRARY_PATH} PKG_CONFIG_PATH=/home/ros2-user/ros2_workspace/robotics-v1/install/robo_common/lib/x86_64-linux-gnu/pkgconfig:/home/ros2-user/ros2_workspace/robotics-v1/install/robo_common/lib/pkgconfig:/home/ros2-user/ros2_workspace/robotics-v1/install/manager_utils/lib/x86_64-linux-gnu/pkgconfig:/home/ros2-user/ros2_workspace/robotics-v1/install/manager_utils/lib/pkgconfig:/home/ros2-user/ros2_workspace/robotics-v1/install/sdl_utils/lib/x86_64-linux-gnu/pkgconfig:/home/ros2-user/ros2_workspace/robotics-v1/install/sdl_utils/lib/pkgconfig:/home/ros2-user/ros2_workspace/robotics-v1/install/resource_utils/lib/x86_64-linux-gnu/pkgconfig:/home/ros2-user/ros2_workspace/robotics-v1/install/resource_utils/lib/pkgconfig:/home/ros2-user/ros2_workspace/robotics-v1/install/utils/lib/x86_64-linux-gnu/pkgconfig:/home/ros2-user/ros2_workspace/robotics-v1/install/utils/lib/pkgconfig:/home/ros2-user/ros2_workspace/robotics-v1/install/cmake_helpers/lib/x86_64-linux-gnu/pkgconfig:/home/ros2-user/ros2_workspace/robotics-v1/install/cmake_helpers/lib/pkgconfig PYTHONPATH=/home/ros2-user/ros2_workspace/robotics-v1/install/robo_miner_interfaces/lib/python3.8/site-packages:${PYTHONPATH} /usr/bin/cmake --install /home/ros2-user/ros2_workspace/robotics-v1/build/robo_miner_common
[9.545s] -- Install configuration: "Debug"
[9.547s] -- Execute custom install script
[9.552s] -- Symlinking: /home/ros2-user/ros2_workspace/robotics-v1/install/robo_miner_common/share/robo_miner_common/package.xml
[9.657s] -- Symlinking: /home/ros2-user/ros2_workspace/robotics-v1/install/robo_miner_common/lib/robo_miner_common/librobo_miner_common.a
[9.707s] -- Symlinking: /home/ros2-user/ros2_workspace/robotics-v1/install/robo_miner_common/share/ament_index/resource_index/packages/robo_miner_common
[9.736s] -- Symlinking: /home/ros2-user/ros2_workspace/robotics-v1/install/robo_miner_common/share/robo_miner_common/hook/ament_prefix_path.dsv
[9.784s] -- Symlinking: /home/ros2-user/ros2_workspace/robotics-v1/install/robo_miner_common/share/robo_miner_common/hook/ros_package_path.dsv
[9.834s] -- Symlinking: /home/ros2-user/ros2_workspace/robotics-v1/install/robo_miner_common/share/ament_index/resource_index/package_run_dependencies/robo_miner_common
[9.910s] -- Symlinking: /home/ros2-user/ros2_workspace/robotics-v1/install/robo_miner_common/share/ament_index/resource_index/parent_prefix_path/robo_miner_common
[9.943s] -- Symlinking: /home/ros2-user/ros2_workspace/robotics-v1/install/robo_miner_common/share/robo_miner_common/environment/ament_prefix_path.sh
[9.975s] -- Symlinking: /home/ros2-user/ros2_workspace/robotics-v1/install/robo_miner_common/share/robo_miner_common/environment/ament_prefix_path.dsv
[10.014s] -- Symlinking: /home/ros2-user/ros2_workspace/robotics-v1/install/robo_miner_common/share/robo_miner_common/environment/path.sh
[10.065s] -- Symlinking: /home/ros2-user/ros2_workspace/robotics-v1/install/robo_miner_common/share/robo_miner_common/environment/path.dsv
[10.120s] -- Symlinking: /home/ros2-user/ros2_workspace/robotics-v1/install/robo_miner_common/share/robo_miner_common/local_setup.bash
[10.219s] -- Symlinking: /home/ros2-user/ros2_workspace/robotics-v1/install/robo_miner_common/share/robo_miner_common/local_setup.sh
[10.290s] -- Symlinking: /home/ros2-user/ros2_workspace/robotics-v1/install/robo_miner_common/share/robo_miner_common/local_setup.zsh
[10.426s] -- Symlinking: /home/ros2-user/ros2_workspace/robotics-v1/install/robo_miner_common/share/robo_miner_common/local_setup.dsv
[10.460s] -- Symlinking: /home/ros2-user/ros2_workspace/robotics-v1/install/robo_miner_common/share/robo_miner_common/package.dsv
[10.477s] -- Symlinking: /home/ros2-user/ros2_workspace/robotics-v1/install/robo_miner_common/share/ament_index/resource_index/packages/robo_miner_common
[10.502s] -- Symlinking: /home/ros2-user/ros2_workspace/robotics-v1/install/robo_miner_common/share/robo_miner_common/cmake/robo_miner_commonConfig.cmake
[10.592s] -- Symlinking: /home/ros2-user/ros2_workspace/robotics-v1/install/robo_miner_common/share/robo_miner_common/cmake/robo_miner_commonConfig-version.cmake
[10.646s] -- Up-to-date symlink: /home/ros2-user/ros2_workspace/robotics-v1/install/robo_miner_common/share/robo_miner_common/package.xml
[10.649s] -- Symlinking: /home/ros2-user/ros2_workspace/robotics-v1/install/robo_miner_common/include/robo_miner_common/defines/RoboMinerTopics.h
[10.673s] -- Symlinking: /home/ros2-user/ros2_workspace/robotics-v1/install/robo_miner_common/include/robo_miner_common/message_helpers/RoboMinerMessageHelpers.h
[10.698s] -- Symlinking: /home/ros2-user/ros2_workspace/robotics-v1/install/robo_miner_common/lib/cmake/robo_miner_common/robo_miner_commonConfig.cmake
[10.725s] -- Installing: /home/ros2-user/ros2_workspace/robotics-v1/install/robo_miner_common/lib/librobo_miner_common.a
[10.726s] -- Installing: /home/ros2-user/ros2_workspace/robotics-v1/install/robo_miner_common/lib/cmake/robo_miner_common/robo_miner_commonTargets.cmake
[10.726s] -- Installing: /home/ros2-user/ros2_workspace/robotics-v1/install/robo_miner_common/lib/cmake/robo_miner_common/robo_miner_commonTargets-debug.cmake
[10.738s] Invoked command in '/home/ros2-user/ros2_workspace/robotics-v1/build/robo_miner_common' returned '0': AMENT_PREFIX_PATH=/home/ros2-user/ros2_workspace/robotics-v1/install/robo_miner_interfaces:${AMENT_PREFIX_PATH} CMAKE_PREFIX_PATH=/home/ros2-user/ros2_workspace/robotics-v1/install/robo_common:/home/ros2-user/ros2_workspace/robotics-v1/install/manager_utils:/home/ros2-user/ros2_workspace/robotics-v1/install/sdl_utils:/home/ros2-user/ros2_workspace/robotics-v1/install/resource_utils:/home/ros2-user/ros2_workspace/robotics-v1/install/utils:/home/ros2-user/ros2_workspace/robotics-v1/install/robo_miner_interfaces:/home/ros2-user/ros2_workspace/robotics-v1/install/cmake_helpers:/opt/ros/foxy LD_LIBRARY_PATH=/home/ros2-user/ros2_workspace/robotics-v1/install/robo_miner_interfaces/lib:${LD_LIBRARY_PATH} PKG_CONFIG_PATH=/home/ros2-user/ros2_workspace/robotics-v1/install/robo_common/lib/x86_64-linux-gnu/pkgconfig:/home/ros2-user/ros2_workspace/robotics-v1/install/robo_common/lib/pkgconfig:/home/ros2-user/ros2_workspace/robotics-v1/install/manager_utils/lib/x86_64-linux-gnu/pkgconfig:/home/ros2-user/ros2_workspace/robotics-v1/install/manager_utils/lib/pkgconfig:/home/ros2-user/ros2_workspace/robotics-v1/install/sdl_utils/lib/x86_64-linux-gnu/pkgconfig:/home/ros2-user/ros2_workspace/robotics-v1/install/sdl_utils/lib/pkgconfig:/home/ros2-user/ros2_workspace/robotics-v1/install/resource_utils/lib/x86_64-linux-gnu/pkgconfig:/home/ros2-user/ros2_workspace/robotics-v1/install/resource_utils/lib/pkgconfig:/home/ros2-user/ros2_workspace/robotics-v1/install/utils/lib/x86_64-linux-gnu/pkgconfig:/home/ros2-user/ros2_workspace/robotics-v1/install/utils/lib/pkgconfig:/home/ros2-user/ros2_workspace/robotics-v1/install/cmake_helpers/lib/x86_64-linux-gnu/pkgconfig:/home/ros2-user/ros2_workspace/robotics-v1/install/cmake_helpers/lib/pkgconfig PYTHONPATH=/home/ros2-user/ros2_workspace/robotics-v1/install/robo_miner_interfaces/lib/python3.8/site-packages:${PYTHONPATH} /usr/bin/cmake --install /home/ros2-user/ros2_workspace/robotics-v1/build/robo_miner_common
