[0.042s] Invoking command in '/home/ros2-user/ros2_workspace/robotics-v1/build/ur_client_library': CMAKE_PREFIX_PATH=/opt/ros/foxy /usr/bin/cmake /home/ros2-user/ros2_workspace/robotics-v1/src/ur_driver/Universal_Robots_Client_Library -DCMAKE_BUILD_TYPE=Debug -DCMAKE_CXX_COMPILER=/usr/bin/g++ -DCMAKE_INSTALL_PREFIX=/home/ros2-user/ros2_workspace/robotics-v1/install/ur_client_library
[0.375s] -- The C compiler identification is GNU 9.4.0
[0.696s] -- The CXX compiler identification is GNU 9.4.0
[0.737s] -- Check for working C compiler: /usr/bin/cc
[1.035s] -- Check for working C compiler: /usr/bin/cc -- works
[1.062s] -- Detecting C compiler ABI info
[1.745s] -- Detecting C compiler ABI info - done
[1.775s] -- Detecting C compile features
[1.784s] -- Detecting C compile features - done
[1.792s] -- Check for working CXX compiler: /usr/bin/g++
[2.314s] -- Check for working CXX compiler: /usr/bin/g++ -- works
[2.316s] -- Detecting CXX compiler ABI info
[2.678s] -- Detecting CXX compiler ABI info - done
[2.678s] -- Detecting CXX compile features
[2.678s] -- Detecting CXX compile features - done
[2.705s] -- Performing C++17 Test
[2.713s] -- Performing Test COMPILER_SUPPORTS_CXX17
[3.779s] -- Performing Test COMPILER_SUPPORTS_CXX17 - Success
[3.787s] -- Looking for pthread.h
[4.004s] -- Looking for pthread.h - found
[4.005s] -- Performing Test CMAKE_HAVE_LIBC_PTHREAD
[4.740s] -- Performing Test CMAKE_HAVE_LIBC_PTHREAD - Failed
[4.742s] -- Looking for pthread_create in pthreads
[5.388s] -- Looking for pthread_create in pthreads - not found
[5.389s] -- Looking for pthread_create in pthread
[5.725s] -- Looking for pthread_create in pthread - found
[5.726s] -- Found Threads: TRUE  
[5.727s] -- Building tests disabled.
[5.754s] -- Configuring done
[5.794s] -- Generating done
[5.800s] -- Build files have been written to: /home/ros2-user/ros2_workspace/robotics-v1/build/ur_client_library
[5.846s] Invoked command in '/home/ros2-user/ros2_workspace/robotics-v1/build/ur_client_library' returned '0': CMAKE_PREFIX_PATH=/opt/ros/foxy /usr/bin/cmake /home/ros2-user/ros2_workspace/robotics-v1/src/ur_driver/Universal_Robots_Client_Library -DCMAKE_BUILD_TYPE=Debug -DCMAKE_CXX_COMPILER=/usr/bin/g++ -DCMAKE_INSTALL_PREFIX=/home/ros2-user/ros2_workspace/robotics-v1/install/ur_client_library
[5.848s] Invoking command in '/home/ros2-user/ros2_workspace/robotics-v1/build/ur_client_library': CMAKE_PREFIX_PATH=/opt/ros/foxy /usr/bin/cmake --build /home/ros2-user/ros2_workspace/robotics-v1/build/ur_client_library -- -j4 -l4
[5.990s] [35m[1mScanning dependencies of target urcl[0m
[6.041s] [  2%] [32mBuilding CXX object CMakeFiles/urcl.dir/src/comm/tcp_socket.cpp.o[0m
[7.787s] [  5%] [32mBuilding CXX object CMakeFiles/urcl.dir/src/control/script_sender.cpp.o[0m
[9.454s] [  8%] [32mBuilding CXX object CMakeFiles/urcl.dir/src/control/trajectory_point_interface.cpp.o[0m
[11.236s] [ 11%] [32mBuilding CXX object CMakeFiles/urcl.dir/src/primary/primary_package.cpp.o[0m
[13.014s] [ 14%] [32mBuilding CXX object CMakeFiles/urcl.dir/src/primary/robot_message.cpp.o[0m
[14.665s] [ 17%] [32mBuilding CXX object CMakeFiles/urcl.dir/src/primary/robot_state.cpp.o[0m
[16.534s] [ 20%] [32mBuilding CXX object CMakeFiles/urcl.dir/src/primary/robot_message/version_message.cpp.o[0m
[18.389s] [ 23%] [32mBuilding CXX object CMakeFiles/urcl.dir/src/primary/robot_state/kinematics_info.cpp.o[0m
[20.436s] [ 26%] [32mBuilding CXX object CMakeFiles/urcl.dir/src/rtde/control_package_pause.cpp.o[0m
[22.131s] [ 29%] [32mBuilding CXX object CMakeFiles/urcl.dir/src/rtde/control_package_setup_inputs.cpp.o[0m
[23.836s] [ 32%] [32mBuilding CXX object CMakeFiles/urcl.dir/src/rtde/control_package_setup_outputs.cpp.o[0m
[25.564s] [ 35%] [32mBuilding CXX object CMakeFiles/urcl.dir/src/rtde/control_package_start.cpp.o[0m
[27.500s] [ 38%] [32mBuilding CXX object CMakeFiles/urcl.dir/src/rtde/data_package.cpp.o[0m
[34.170s] [ 41%] [32mBuilding CXX object CMakeFiles/urcl.dir/src/rtde/get_urcontrol_version.cpp.o[0m
[35.563s] [ 44%] [32mBuilding CXX object CMakeFiles/urcl.dir/src/rtde/request_protocol_version.cpp.o[0m
[37.253s] [ 47%] [32mBuilding CXX object CMakeFiles/urcl.dir/src/rtde/rtde_package.cpp.o[0m
[38.505s] [ 50%] [32mBuilding CXX object CMakeFiles/urcl.dir/src/rtde/text_message.cpp.o[0m
[40.027s] [ 52%] [32mBuilding CXX object CMakeFiles/urcl.dir/src/rtde/rtde_client.cpp.o[0m
[44.384s] [ 55%] [32mBuilding CXX object CMakeFiles/urcl.dir/src/ur/ur_driver.cpp.o[0m
[49.537s] [ 58%] [32mBuilding CXX object CMakeFiles/urcl.dir/src/ur/calibration_checker.cpp.o[0m
[52.618s] [ 61%] [32mBuilding CXX object CMakeFiles/urcl.dir/src/ur/dashboard_client.cpp.o[0m
[55.730s] [ 64%] [32mBuilding CXX object CMakeFiles/urcl.dir/src/ur/tool_communication.cpp.o[0m
[60.593s] [ 67%] [32mBuilding CXX object CMakeFiles/urcl.dir/src/rtde/rtde_writer.cpp.o[0m
[69.572s] [ 70%] [32mBuilding CXX object CMakeFiles/urcl.dir/src/default_log_handler.cpp.o[0m
[72.248s] [ 73%] [32mBuilding CXX object CMakeFiles/urcl.dir/src/log.cpp.o[0m
[73.428s] [ 76%] [32mBuilding CXX object CMakeFiles/urcl.dir/src/control/reverse_interface.cpp.o[0m
[75.406s] [ 79%] [32mBuilding CXX object CMakeFiles/urcl.dir/src/comm/tcp_server.cpp.o[0m
[77.451s] [ 82%] [32m[1mLinking CXX shared library liburcl.so[0m
[79.273s] [ 82%] Built target urcl
[79.525s] [35m[1mScanning dependencies of target rtde_client_example[0m
[80.506s] [ 85%] [32mBuilding CXX object examples/CMakeFiles/rtde_client_example.dir/rtde_client.cpp.o[0m
[85.579s] [ 88%] [32m[1mLinking CXX executable rtde_client_example[0m
[86.419s] [ 88%] Built target rtde_client_example
[86.533s] [35m[1mScanning dependencies of target driver_example[0m
[86.612s] [ 91%] [32mBuilding CXX object examples/CMakeFiles/driver_example.dir/full_driver.cpp.o[0m
[91.746s] [ 94%] [32m[1mLinking CXX executable driver_example[0m
[92.596s] [ 94%] Built target driver_example
[92.630s] [35m[1mScanning dependencies of target primary_pipeline_example[0m
[92.672s] [ 97%] [32mBuilding CXX object examples/CMakeFiles/primary_pipeline_example.dir/primary_pipeline.cpp.o[0m
[96.152s] [100%] [32m[1mLinking CXX executable primary_pipeline_example[0m
[96.518s] [100%] Built target primary_pipeline_example
[96.664s] Invoked command in '/home/ros2-user/ros2_workspace/robotics-v1/build/ur_client_library' returned '0': CMAKE_PREFIX_PATH=/opt/ros/foxy /usr/bin/cmake --build /home/ros2-user/ros2_workspace/robotics-v1/build/ur_client_library -- -j4 -l4
[101.484s] Invoking command in '/home/ros2-user/ros2_workspace/robotics-v1/build/ur_client_library': CMAKE_PREFIX_PATH=/opt/ros/foxy /usr/bin/cmake --install /home/ros2-user/ros2_workspace/robotics-v1/build/ur_client_library
[101.558s] -- Install configuration: "Debug"
[101.559s] -- Installing: /home/ros2-user/ros2_workspace/robotics-v1/install/ur_client_library/lib/liburcl.so
[101.586s] -- Installing: /home/ros2-user/ros2_workspace/robotics-v1/install/ur_client_library/include
[101.586s] -- Installing: /home/ros2-user/ros2_workspace/robotics-v1/install/ur_client_library/include/ur_client_library
[101.586s] -- Installing: /home/ros2-user/ros2_workspace/robotics-v1/install/ur_client_library/include/ur_client_library/comm
[101.588s] -- Installing: /home/ros2-user/ros2_workspace/robotics-v1/install/ur_client_library/include/ur_client_library/comm/package_serializer.h
[101.589s] -- Installing: /home/ros2-user/ros2_workspace/robotics-v1/install/ur_client_library/include/ur_client_library/comm/bin_parser.h
[101.591s] -- Installing: /home/ros2-user/ros2_workspace/robotics-v1/install/ur_client_library/include/ur_client_library/comm/package.h
[101.592s] -- Installing: /home/ros2-user/ros2_workspace/robotics-v1/install/ur_client_library/include/ur_client_library/comm/stream.h
[101.593s] -- Installing: /home/ros2-user/ros2_workspace/robotics-v1/install/ur_client_library/include/ur_client_library/comm/tcp_server.h
[101.595s] -- Installing: /home/ros2-user/ros2_workspace/robotics-v1/install/ur_client_library/include/ur_client_library/comm/producer.h
[101.596s] -- Installing: /home/ros2-user/ros2_workspace/robotics-v1/install/ur_client_library/include/ur_client_library/comm/parser.h
[101.597s] -- Installing: /home/ros2-user/ros2_workspace/robotics-v1/install/ur_client_library/include/ur_client_library/comm/shell_consumer.h
[101.599s] -- Installing: /home/ros2-user/ros2_workspace/robotics-v1/install/ur_client_library/include/ur_client_library/comm/pipeline.h
[101.601s] -- Installing: /home/ros2-user/ros2_workspace/robotics-v1/install/ur_client_library/include/ur_client_library/comm/control_mode.h
[101.604s] -- Installing: /home/ros2-user/ros2_workspace/robotics-v1/install/ur_client_library/include/ur_client_library/comm/tcp_socket.h
[101.605s] -- Installing: /home/ros2-user/ros2_workspace/robotics-v1/install/ur_client_library/include/ur_client_library/default_log_handler.h
[101.608s] -- Installing: /home/ros2-user/ros2_workspace/robotics-v1/install/ur_client_library/include/ur_client_library/types.h
[101.609s] -- Installing: /home/ros2-user/ros2_workspace/robotics-v1/install/ur_client_library/include/ur_client_library/log.h
[101.611s] -- Installing: /home/ros2-user/ros2_workspace/robotics-v1/install/ur_client_library/include/ur_client_library/exceptions.h
[101.612s] -- Installing: /home/ros2-user/ros2_workspace/robotics-v1/install/ur_client_library/include/ur_client_library/ur
[101.614s] -- Installing: /home/ros2-user/ros2_workspace/robotics-v1/install/ur_client_library/include/ur_client_library/ur/calibration_checker.h
[101.616s] -- Installing: /home/ros2-user/ros2_workspace/robotics-v1/install/ur_client_library/include/ur_client_library/ur/datatypes.h
[101.617s] -- Installing: /home/ros2-user/ros2_workspace/robotics-v1/install/ur_client_library/include/ur_client_library/ur/version_information.h
[101.619s] -- Installing: /home/ros2-user/ros2_workspace/robotics-v1/install/ur_client_library/include/ur_client_library/ur/dashboard_client.h
[101.621s] -- Installing: /home/ros2-user/ros2_workspace/robotics-v1/install/ur_client_library/include/ur_client_library/ur/tool_communication.h
[101.626s] -- Installing: /home/ros2-user/ros2_workspace/robotics-v1/install/ur_client_library/include/ur_client_library/ur/ur_driver.h
[101.627s] -- Installing: /home/ros2-user/ros2_workspace/robotics-v1/install/ur_client_library/include/ur_client_library/primary
[101.629s] -- Installing: /home/ros2-user/ros2_workspace/robotics-v1/install/ur_client_library/include/ur_client_library/primary/robot_message.h
[101.630s] -- Installing: /home/ros2-user/ros2_workspace/robotics-v1/install/ur_client_library/include/ur_client_library/primary/robot_state.h
[101.631s] -- Installing: /home/ros2-user/ros2_workspace/robotics-v1/install/ur_client_library/include/ur_client_library/primary/abstract_primary_consumer.h
[101.633s] -- Installing: /home/ros2-user/ros2_workspace/robotics-v1/install/ur_client_library/include/ur_client_library/primary/primary_parser.h
[101.634s] -- Installing: /home/ros2-user/ros2_workspace/robotics-v1/install/ur_client_library/include/ur_client_library/primary/primary_package.h
[101.636s] -- Installing: /home/ros2-user/ros2_workspace/robotics-v1/install/ur_client_library/include/ur_client_library/primary/robot_message
[101.639s] -- Installing: /home/ros2-user/ros2_workspace/robotics-v1/install/ur_client_library/include/ur_client_library/primary/robot_message/version_message.h
[101.639s] -- Installing: /home/ros2-user/ros2_workspace/robotics-v1/install/ur_client_library/include/ur_client_library/primary/package_header.h
[101.639s] -- Installing: /home/ros2-user/ros2_workspace/robotics-v1/install/ur_client_library/include/ur_client_library/primary/robot_state
[101.640s] -- Installing: /home/ros2-user/ros2_workspace/robotics-v1/install/ur_client_library/include/ur_client_library/primary/robot_state/kinematics_info.h
[101.641s] -- Installing: /home/ros2-user/ros2_workspace/robotics-v1/install/ur_client_library/include/ur_client_library/control
[101.641s] -- Installing: /home/ros2-user/ros2_workspace/robotics-v1/install/ur_client_library/include/ur_client_library/control/script_sender.h
[101.645s] -- Installing: /home/ros2-user/ros2_workspace/robotics-v1/install/ur_client_library/include/ur_client_library/control/trajectory_point_interface.h
[101.650s] -- Installing: /home/ros2-user/ros2_workspace/robotics-v1/install/ur_client_library/include/ur_client_library/control/reverse_interface.h
[101.655s] -- Installing: /home/ros2-user/ros2_workspace/robotics-v1/install/ur_client_library/include/ur_client_library/queue
[101.659s] -- Installing: /home/ros2-user/ros2_workspace/robotics-v1/install/ur_client_library/include/ur_client_library/queue/readerwriterqueue.h
[101.659s] -- Installing: /home/ros2-user/ros2_workspace/robotics-v1/install/ur_client_library/include/ur_client_library/queue/LICENSE.md
[101.660s] -- Installing: /home/ros2-user/ros2_workspace/robotics-v1/install/ur_client_library/include/ur_client_library/queue/atomicops.h
[101.660s] -- Installing: /home/ros2-user/ros2_workspace/robotics-v1/install/ur_client_library/include/ur_client_library/rtde
[101.662s] -- Installing: /home/ros2-user/ros2_workspace/robotics-v1/install/ur_client_library/include/ur_client_library/rtde/rtde_writer.h
[101.663s] -- Installing: /home/ros2-user/ros2_workspace/robotics-v1/install/ur_client_library/include/ur_client_library/rtde/text_message.h
[101.665s] -- Installing: /home/ros2-user/ros2_workspace/robotics-v1/install/ur_client_library/include/ur_client_library/rtde/request_protocol_version.h
[101.667s] -- Installing: /home/ros2-user/ros2_workspace/robotics-v1/install/ur_client_library/include/ur_client_library/rtde/control_package_setup_outputs.h
[101.669s] -- Installing: /home/ros2-user/ros2_workspace/robotics-v1/install/ur_client_library/include/ur_client_library/rtde/rtde_client.h
[101.669s] -- Installing: /home/ros2-user/ros2_workspace/robotics-v1/install/ur_client_library/include/ur_client_library/rtde/control_package_start.h
[101.673s] -- Installing: /home/ros2-user/ros2_workspace/robotics-v1/install/ur_client_library/include/ur_client_library/rtde/rtde_parser.h
[101.679s] -- Installing: /home/ros2-user/ros2_workspace/robotics-v1/install/ur_client_library/include/ur_client_library/rtde/control_package_pause.h
[101.683s] -- Installing: /home/ros2-user/ros2_workspace/robotics-v1/install/ur_client_library/include/ur_client_library/rtde/package_header.h
[101.686s] -- Installing: /home/ros2-user/ros2_workspace/robotics-v1/install/ur_client_library/include/ur_client_library/rtde/get_urcontrol_version.h
[101.687s] -- Installing: /home/ros2-user/ros2_workspace/robotics-v1/install/ur_client_library/include/ur_client_library/rtde/rtde_package.h
[101.687s] -- Installing: /home/ros2-user/ros2_workspace/robotics-v1/install/ur_client_library/include/ur_client_library/rtde/control_package_setup_inputs.h
[101.691s] -- Installing: /home/ros2-user/ros2_workspace/robotics-v1/install/ur_client_library/include/ur_client_library/rtde/data_package.h
[101.691s] -- Installing: /home/ros2-user/ros2_workspace/robotics-v1/install/ur_client_library/lib/cmake/ur_client_library/urclTargets.cmake
[101.693s] -- Installing: /home/ros2-user/ros2_workspace/robotics-v1/install/ur_client_library/lib/cmake/ur_client_library/urclTargets-debug.cmake
[101.693s] -- Installing: /home/ros2-user/ros2_workspace/robotics-v1/install/ur_client_library/lib/cmake/ur_client_library/ur_client_libraryConfig.cmake
[101.694s] -- Installing: /home/ros2-user/ros2_workspace/robotics-v1/install/ur_client_library/share/ur_client_library/package.xml
[101.707s] -- Installing: /home/ros2-user/ros2_workspace/robotics-v1/install/ur_client_library/share/ament_index/resource_index/packages/ur_client_library
[101.708s] -- Installing: /home/ros2-user/ros2_workspace/robotics-v1/install/ur_client_library/share/ur_client_library/hook/ament_prefix_path.dsv
[101.708s] -- Installing: /home/ros2-user/ros2_workspace/robotics-v1/install/ur_client_library/share/ur_client_library/hook/ros_package_path.dsv
[101.709s] -- Installing: /home/ros2-user/ros2_workspace/robotics-v1/install/ur_client_library/share/ur_client_library/resources
[101.709s] -- Installing: /home/ros2-user/ros2_workspace/robotics-v1/install/ur_client_library/share/ur_client_library/resources/external_control.urscript
[101.711s] Invoked command in '/home/ros2-user/ros2_workspace/robotics-v1/build/ur_client_library' returned '0': CMAKE_PREFIX_PATH=/opt/ros/foxy /usr/bin/cmake --install /home/ros2-user/ros2_workspace/robotics-v1/build/ur_client_library
