[0.111s] Invoking command in '/home/ros2-user/ros2_workspace/robotics-v1/build/sdl_utils': CMAKE_PREFIX_PATH=/home/ros2-user/ros2_workspace/robotics-v1/install/resource_utils:/home/ros2-user/ros2_workspace/robotics-v1/install/utils:/home/ros2-user/ros2_workspace/robotics-v1/install/cmake_helpers:/opt/ros/foxy PKG_CONFIG_PATH=/home/ros2-user/ros2_workspace/robotics-v1/install/resource_utils/lib/x86_64-linux-gnu/pkgconfig:/home/ros2-user/ros2_workspace/robotics-v1/install/resource_utils/lib/pkgconfig:/home/ros2-user/ros2_workspace/robotics-v1/install/utils/lib/x86_64-linux-gnu/pkgconfig:/home/ros2-user/ros2_workspace/robotics-v1/install/utils/lib/pkgconfig:/home/ros2-user/ros2_workspace/robotics-v1/install/cmake_helpers/lib/x86_64-linux-gnu/pkgconfig:/home/ros2-user/ros2_workspace/robotics-v1/install/cmake_helpers/lib/pkgconfig /usr/bin/cmake /home/ros2-user/ros2_workspace/robotics-v1/src/lib/sdl_utils -DCMAKE_INSTALL_PREFIX=/home/ros2-user/ros2_workspace/robotics-v1/install/sdl_utils
[0.130s] -- Found cmake_helpers: 1.0.0 (/home/ros2-user/ros2_workspace/robotics-v1/install/cmake_helpers/share/cmake_helpers/cmake)
[0.142s] -- Found ament_cmake: 0.9.11 (/opt/ros/foxy/share/ament_cmake/cmake)
[0.172s] -- Using PYTHON_EXECUTABLE: /usr/bin/python3
[0.603s] -- Configuring done
[0.631s] -- Generating done
[0.639s] -- Build files have been written to: /home/ros2-user/ros2_workspace/robotics-v1/build/sdl_utils
[0.834s] Invoked command in '/home/ros2-user/ros2_workspace/robotics-v1/build/sdl_utils' returned '0': CMAKE_PREFIX_PATH=/home/ros2-user/ros2_workspace/robotics-v1/install/resource_utils:/home/ros2-user/ros2_workspace/robotics-v1/install/utils:/home/ros2-user/ros2_workspace/robotics-v1/install/cmake_helpers:/opt/ros/foxy PKG_CONFIG_PATH=/home/ros2-user/ros2_workspace/robotics-v1/install/resource_utils/lib/x86_64-linux-gnu/pkgconfig:/home/ros2-user/ros2_workspace/robotics-v1/install/resource_utils/lib/pkgconfig:/home/ros2-user/ros2_workspace/robotics-v1/install/utils/lib/x86_64-linux-gnu/pkgconfig:/home/ros2-user/ros2_workspace/robotics-v1/install/utils/lib/pkgconfig:/home/ros2-user/ros2_workspace/robotics-v1/install/cmake_helpers/lib/x86_64-linux-gnu/pkgconfig:/home/ros2-user/ros2_workspace/robotics-v1/install/cmake_helpers/lib/pkgconfig /usr/bin/cmake /home/ros2-user/ros2_workspace/robotics-v1/src/lib/sdl_utils -DCMAKE_INSTALL_PREFIX=/home/ros2-user/ros2_workspace/robotics-v1/install/sdl_utils
[0.836s] Invoking command in '/home/ros2-user/ros2_workspace/robotics-v1/build/sdl_utils': CMAKE_PREFIX_PATH=/home/ros2-user/ros2_workspace/robotics-v1/install/resource_utils:/home/ros2-user/ros2_workspace/robotics-v1/install/utils:/home/ros2-user/ros2_workspace/robotics-v1/install/cmake_helpers:/opt/ros/foxy PKG_CONFIG_PATH=/home/ros2-user/ros2_workspace/robotics-v1/install/resource_utils/lib/x86_64-linux-gnu/pkgconfig:/home/ros2-user/ros2_workspace/robotics-v1/install/resource_utils/lib/pkgconfig:/home/ros2-user/ros2_workspace/robotics-v1/install/utils/lib/x86_64-linux-gnu/pkgconfig:/home/ros2-user/ros2_workspace/robotics-v1/install/utils/lib/pkgconfig:/home/ros2-user/ros2_workspace/robotics-v1/install/cmake_helpers/lib/x86_64-linux-gnu/pkgconfig:/home/ros2-user/ros2_workspace/robotics-v1/install/cmake_helpers/lib/pkgconfig /usr/bin/cmake --build /home/ros2-user/ros2_workspace/robotics-v1/build/sdl_utils -- -j4 -l4
[0.892s] [100%] Built target sdl_utils
[0.915s] Invoked command in '/home/ros2-user/ros2_workspace/robotics-v1/build/sdl_utils' returned '0': CMAKE_PREFIX_PATH=/home/ros2-user/ros2_workspace/robotics-v1/install/resource_utils:/home/ros2-user/ros2_workspace/robotics-v1/install/utils:/home/ros2-user/ros2_workspace/robotics-v1/install/cmake_helpers:/opt/ros/foxy PKG_CONFIG_PATH=/home/ros2-user/ros2_workspace/robotics-v1/install/resource_utils/lib/x86_64-linux-gnu/pkgconfig:/home/ros2-user/ros2_workspace/robotics-v1/install/resource_utils/lib/pkgconfig:/home/ros2-user/ros2_workspace/robotics-v1/install/utils/lib/x86_64-linux-gnu/pkgconfig:/home/ros2-user/ros2_workspace/robotics-v1/install/utils/lib/pkgconfig:/home/ros2-user/ros2_workspace/robotics-v1/install/cmake_helpers/lib/x86_64-linux-gnu/pkgconfig:/home/ros2-user/ros2_workspace/robotics-v1/install/cmake_helpers/lib/pkgconfig /usr/bin/cmake --build /home/ros2-user/ros2_workspace/robotics-v1/build/sdl_utils -- -j4 -l4
[1.224s] Invoking command in '/home/ros2-user/ros2_workspace/robotics-v1/build/sdl_utils': CMAKE_PREFIX_PATH=/home/ros2-user/ros2_workspace/robotics-v1/install/resource_utils:/home/ros2-user/ros2_workspace/robotics-v1/install/utils:/home/ros2-user/ros2_workspace/robotics-v1/install/cmake_helpers:/opt/ros/foxy PKG_CONFIG_PATH=/home/ros2-user/ros2_workspace/robotics-v1/install/resource_utils/lib/x86_64-linux-gnu/pkgconfig:/home/ros2-user/ros2_workspace/robotics-v1/install/resource_utils/lib/pkgconfig:/home/ros2-user/ros2_workspace/robotics-v1/install/utils/lib/x86_64-linux-gnu/pkgconfig:/home/ros2-user/ros2_workspace/robotics-v1/install/utils/lib/pkgconfig:/home/ros2-user/ros2_workspace/robotics-v1/install/cmake_helpers/lib/x86_64-linux-gnu/pkgconfig:/home/ros2-user/ros2_workspace/robotics-v1/install/cmake_helpers/lib/pkgconfig /usr/bin/cmake --install /home/ros2-user/ros2_workspace/robotics-v1/build/sdl_utils
[1.236s] -- Install configuration: "Debug"
[1.236s] -- Up-to-date: /home/ros2-user/ros2_workspace/robotics-v1/install/sdl_utils/share/sdl_utils/package.xml
[1.237s] -- Up-to-date: /home/ros2-user/ros2_workspace/robotics-v1/install/sdl_utils/lib/sdl_utils/libsdl_utils.a
[1.237s] -- Installing: /home/ros2-user/ros2_workspace/robotics-v1/install/sdl_utils/share/ament_index/resource_index/packages/sdl_utils
[1.239s] -- Installing: /home/ros2-user/ros2_workspace/robotics-v1/install/sdl_utils/share/sdl_utils/hook/ament_prefix_path.dsv
[1.240s] -- Installing: /home/ros2-user/ros2_workspace/robotics-v1/install/sdl_utils/share/sdl_utils/hook/ros_package_path.dsv
[1.241s] -- Up-to-date: /home/ros2-user/ros2_workspace/robotics-v1/install/sdl_utils/share/ament_index/resource_index/package_run_dependencies/sdl_utils
[1.241s] -- Up-to-date: /home/ros2-user/ros2_workspace/robotics-v1/install/sdl_utils/share/ament_index/resource_index/parent_prefix_path/sdl_utils
[1.242s] -- Up-to-date: /home/ros2-user/ros2_workspace/robotics-v1/install/sdl_utils/share/sdl_utils/environment/ament_prefix_path.sh
[1.242s] -- Installing: /home/ros2-user/ros2_workspace/robotics-v1/install/sdl_utils/share/sdl_utils/environment/ament_prefix_path.dsv
[1.243s] -- Up-to-date: /home/ros2-user/ros2_workspace/robotics-v1/install/sdl_utils/share/sdl_utils/environment/path.sh
[1.244s] -- Installing: /home/ros2-user/ros2_workspace/robotics-v1/install/sdl_utils/share/sdl_utils/environment/path.dsv
[1.245s] -- Up-to-date: /home/ros2-user/ros2_workspace/robotics-v1/install/sdl_utils/share/sdl_utils/local_setup.bash
[1.245s] -- Up-to-date: /home/ros2-user/ros2_workspace/robotics-v1/install/sdl_utils/share/sdl_utils/local_setup.sh
[1.246s] -- Up-to-date: /home/ros2-user/ros2_workspace/robotics-v1/install/sdl_utils/share/sdl_utils/local_setup.zsh
[1.246s] -- Installing: /home/ros2-user/ros2_workspace/robotics-v1/install/sdl_utils/share/sdl_utils/local_setup.dsv
[1.247s] -- Installing: /home/ros2-user/ros2_workspace/robotics-v1/install/sdl_utils/share/sdl_utils/package.dsv
[1.248s] -- Installing: /home/ros2-user/ros2_workspace/robotics-v1/install/sdl_utils/share/ament_index/resource_index/packages/sdl_utils
[1.249s] -- Up-to-date: /home/ros2-user/ros2_workspace/robotics-v1/install/sdl_utils/share/sdl_utils/cmake/sdl_utilsConfig.cmake
[1.250s] -- Up-to-date: /home/ros2-user/ros2_workspace/robotics-v1/install/sdl_utils/share/sdl_utils/cmake/sdl_utilsConfig-version.cmake
[1.250s] -- Up-to-date: /home/ros2-user/ros2_workspace/robotics-v1/install/sdl_utils/share/sdl_utils/package.xml
[1.254s] -- Up-to-date: /home/ros2-user/ros2_workspace/robotics-v1/install/sdl_utils/lib/libsdl_utils.a
[1.267s] -- Up-to-date: /home/ros2-user/ros2_workspace/robotics-v1/install/sdl_utils/include
[1.268s] -- Up-to-date: /home/ros2-user/ros2_workspace/robotics-v1/install/sdl_utils/include/sdl_utils
[1.270s] -- Up-to-date: /home/ros2-user/ros2_workspace/robotics-v1/install/sdl_utils/include/sdl_utils/drawing
[1.271s] -- Up-to-date: /home/ros2-user/ros2_workspace/robotics-v1/install/sdl_utils/include/sdl_utils/drawing/MonitorWindow.h
[1.271s] -- Up-to-date: /home/ros2-user/ros2_workspace/robotics-v1/install/sdl_utils/include/sdl_utils/drawing/config
[1.271s] -- Up-to-date: /home/ros2-user/ros2_workspace/robotics-v1/install/sdl_utils/include/sdl_utils/drawing/config/LoadingScreenConfig.h
[1.271s] -- Up-to-date: /home/ros2-user/ros2_workspace/robotics-v1/install/sdl_utils/include/sdl_utils/drawing/config/RendererConfig.h
[1.271s] -- Up-to-date: /home/ros2-user/ros2_workspace/robotics-v1/install/sdl_utils/include/sdl_utils/drawing/config/MonitorWindowConfig.h
[1.272s] -- Up-to-date: /home/ros2-user/ros2_workspace/robotics-v1/install/sdl_utils/include/sdl_utils/drawing/Renderer.h
[1.272s] -- Up-to-date: /home/ros2-user/ros2_workspace/robotics-v1/install/sdl_utils/include/sdl_utils/drawing/RendererState.h
[1.272s] -- Up-to-date: /home/ros2-user/ros2_workspace/robotics-v1/install/sdl_utils/include/sdl_utils/drawing/LoadingScreen.h
[1.272s] -- Up-to-date: /home/ros2-user/ros2_workspace/robotics-v1/install/sdl_utils/include/sdl_utils/drawing/DrawParams.h
[1.272s] -- Up-to-date: /home/ros2-user/ros2_workspace/robotics-v1/install/sdl_utils/include/sdl_utils/drawing/defines
[1.273s] -- Up-to-date: /home/ros2-user/ros2_workspace/robotics-v1/install/sdl_utils/include/sdl_utils/drawing/defines/RendererDefines.h
[1.273s] -- Up-to-date: /home/ros2-user/ros2_workspace/robotics-v1/install/sdl_utils/include/sdl_utils/drawing/defines/MonitorDefines.h
[1.273s] -- Up-to-date: /home/ros2-user/ros2_workspace/robotics-v1/install/sdl_utils/include/sdl_utils/drawing/defines/DrawConstants.h
[1.273s] -- Up-to-date: /home/ros2-user/ros2_workspace/robotics-v1/install/sdl_utils/include/sdl_utils/drawing/defines/DrawUtilityDefines.h
[1.273s] -- Up-to-date: /home/ros2-user/ros2_workspace/robotics-v1/install/sdl_utils/include/sdl_utils/drawing/GeometryUtils.h
[1.274s] -- Up-to-date: /home/ros2-user/ros2_workspace/robotics-v1/install/sdl_utils/include/sdl_utils/drawing/Texture.h
[1.274s] -- Up-to-date: /home/ros2-user/ros2_workspace/robotics-v1/install/sdl_utils/include/sdl_utils/SDLLoader.h
[1.275s] -- Up-to-date: /home/ros2-user/ros2_workspace/robotics-v1/install/sdl_utils/include/sdl_utils/containers
[1.275s] -- Up-to-date: /home/ros2-user/ros2_workspace/robotics-v1/install/sdl_utils/include/sdl_utils/containers/TextContainer.h
[1.275s] -- Up-to-date: /home/ros2-user/ros2_workspace/robotics-v1/install/sdl_utils/include/sdl_utils/containers/config
[1.275s] -- Up-to-date: /home/ros2-user/ros2_workspace/robotics-v1/install/sdl_utils/include/sdl_utils/containers/config/SDLContainersConfig.h
[1.275s] -- Up-to-date: /home/ros2-user/ros2_workspace/robotics-v1/install/sdl_utils/include/sdl_utils/containers/ResourceContainer.h
[1.275s] -- Up-to-date: /home/ros2-user/ros2_workspace/robotics-v1/install/sdl_utils/include/sdl_utils/containers/SDLContainers.h
[1.276s] -- Up-to-date: /home/ros2-user/ros2_workspace/robotics-v1/install/sdl_utils/include/sdl_utils/containers/FontContainer.h
[1.276s] -- Up-to-date: /home/ros2-user/ros2_workspace/robotics-v1/install/sdl_utils/include/sdl_utils/containers/SoundContainer.h
[1.276s] -- Up-to-date: /home/ros2-user/ros2_workspace/robotics-v1/install/sdl_utils/include/sdl_utils/containers/FboContainer.h
[1.276s] -- Up-to-date: /home/ros2-user/ros2_workspace/robotics-v1/install/sdl_utils/include/sdl_utils/sound
[1.277s] -- Up-to-date: /home/ros2-user/ros2_workspace/robotics-v1/install/sdl_utils/include/sdl_utils/sound/SoundMixer.h
[1.277s] -- Up-to-date: /home/ros2-user/ros2_workspace/robotics-v1/install/sdl_utils/include/sdl_utils/sound/defines
[1.277s] -- Up-to-date: /home/ros2-user/ros2_workspace/robotics-v1/install/sdl_utils/include/sdl_utils/sound/defines/SoundMixerDefines.h
[1.278s] -- Up-to-date: /home/ros2-user/ros2_workspace/robotics-v1/install/sdl_utils/include/sdl_utils/input
[1.279s] -- Up-to-date: /home/ros2-user/ros2_workspace/robotics-v1/install/sdl_utils/include/sdl_utils/input/InputEvent.h
[1.279s] -- Up-to-date: /home/ros2-user/ros2_workspace/robotics-v1/install/sdl_utils/include/sdl_utils/input/InputEventGenerator.h
[1.279s] -- Up-to-date: /home/ros2-user/ros2_workspace/robotics-v1/install/sdl_utils/include/sdl_utils/input/defines
[1.280s] -- Up-to-date: /home/ros2-user/ros2_workspace/robotics-v1/install/sdl_utils/include/sdl_utils/input/defines/EventDefines.h
[1.280s] -- Up-to-date: /home/ros2-user/ros2_workspace/robotics-v1/install/sdl_utils/include/sdl_utils/input/TouchEntity.h
[1.281s] -- Up-to-date: /home/ros2-user/ros2_workspace/robotics-v1/install/sdl_utils/include/sdl_utils/input/TouchEntityInterface.h
[1.281s] -- Up-to-date: /home/ros2-user/ros2_workspace/robotics-v1/install/sdl_utils/include/sdl_utils/input/MouseUtils.h
[1.282s] -- Up-to-date: /home/ros2-user/ros2_workspace/robotics-v1/install/sdl_utils/lib/cmake/sdl_utils/sdl_utilsTargets.cmake
[1.283s] -- Installing: /home/ros2-user/ros2_workspace/robotics-v1/install/sdl_utils/lib/cmake/sdl_utils/sdl_utilsTargets-debug.cmake
[1.291s] -- Up-to-date: /home/ros2-user/ros2_workspace/robotics-v1/install/sdl_utils/lib/cmake/sdl_utils/sdl_utilsConfig.cmake
[1.298s] Invoked command in '/home/ros2-user/ros2_workspace/robotics-v1/build/sdl_utils' returned '0': CMAKE_PREFIX_PATH=/home/ros2-user/ros2_workspace/robotics-v1/install/resource_utils:/home/ros2-user/ros2_workspace/robotics-v1/install/utils:/home/ros2-user/ros2_workspace/robotics-v1/install/cmake_helpers:/opt/ros/foxy PKG_CONFIG_PATH=/home/ros2-user/ros2_workspace/robotics-v1/install/resource_utils/lib/x86_64-linux-gnu/pkgconfig:/home/ros2-user/ros2_workspace/robotics-v1/install/resource_utils/lib/pkgconfig:/home/ros2-user/ros2_workspace/robotics-v1/install/utils/lib/x86_64-linux-gnu/pkgconfig:/home/ros2-user/ros2_workspace/robotics-v1/install/utils/lib/pkgconfig:/home/ros2-user/ros2_workspace/robotics-v1/install/cmake_helpers/lib/x86_64-linux-gnu/pkgconfig:/home/ros2-user/ros2_workspace/robotics-v1/install/cmake_helpers/lib/pkgconfig /usr/bin/cmake --install /home/ros2-user/ros2_workspace/robotics-v1/build/sdl_utils
