-- Found ament_cmake: 0.9.11 (/opt/ros/foxy/share/ament_cmake/cmake)
-- Found PythonInterp: /usr/bin/python3 (found suitable version "3.8.10", minimum required is "3") 
-- Using PYTHON_EXECUTABLE: /usr/bin/python3
-- Override CMake install command with custom implementation using symlinks instead of copying resources
-- Found rosidl_default_generators: 1.0.1 (/opt/ros/foxy/share/rosidl_default_generators/cmake)
-- Using all available rosidl_typesupport_c: rosidl_typesupport_fastrtps_c;rosidl_typesupport_introspection_c
-- Found rosidl_adapter: 1.3.0 (/opt/ros/foxy/share/rosidl_adapter/cmake)
-- Using all available rosidl_typesupport_cpp: rosidl_typesupport_fastrtps_cpp;rosidl_typesupport_introspection_cpp
-- Found PythonInterp: /usr/bin/python3 (found version "3.8.10") 
-- Found ament_cmake_ros: 0.9.2 (/opt/ros/foxy/share/ament_cmake_ros/cmake)
-- Using all available rosidl_typesupport_c: rosidl_typesupport_fastrtps_c;rosidl_typesupport_introspection_c
-- Using all available rosidl_typesupport_cpp: rosidl_typesupport_fastrtps_cpp;rosidl_typesupport_introspection_cpp
-- Found PythonInterp: /usr/bin/python3 (found suitable version "3.8.10", minimum required is "3.5") 
-- Found python_cmake_module: 0.8.1 (/opt/ros/foxy/share/python_cmake_module/cmake)
-- Using PYTHON_EXECUTABLE: /usr/bin/python3
-- Using PYTHON_INCLUDE_DIRS: /usr/include/python3.8
-- Using PYTHON_LIBRARIES: /usr/lib/x86_64-linux-gnu/libpython3.8.so
-- Configuring done
-- Generating done
-- Build files have been written to: /home/ros2-user/ros2_workspace/robotics-v1/build/urscript_interfaces
[  3%] Built target urscript_interfaces__cpp
[ 12%] Built target urscript_interfaces__rosidl_generator_c
[ 22%] Built target urscript_interfaces__rosidl_typesupport_cpp
[ 32%] Built target urscript_interfaces__rosidl_typesupport_fastrtps_cpp
[ 41%] Built target urscript_interfaces__rosidl_typesupport_c
[ 51%] Built target urscript_interfaces__rosidl_typesupport_introspection_cpp
[ 61%] Built target urscript_interfaces__rosidl_typesupport_introspection_c
[ 70%] Built target urscript_interfaces__rosidl_typesupport_fastrtps_c
[ 70%] Built target urscript_interfaces
[ 74%] Built target urscript_interfaces__py
[ 80%] Built target urscript_interfaces__python
[ 87%] Built target urscript_interfaces__rosidl_typesupport_introspection_c__pyext
[ 93%] Built target urscript_interfaces__rosidl_typesupport_c__pyext
[100%] Built target urscript_interfaces__rosidl_typesupport_fastrtps_c__pyext
-- Install configuration: "Debug"
-- Execute custom install script
-- Up-to-date symlink: /home/ros2-user/ros2_workspace/robotics-v1/install/urscript_interfaces/share/ament_index/resource_index/rosidl_interfaces/urscript_interfaces
-- Up-to-date symlink: /home/ros2-user/ros2_workspace/robotics-v1/install/urscript_interfaces/include/urscript_interfaces/msg/rosidl_generator_c__visibility_control.h
-- Up-to-date symlink: /home/ros2-user/ros2_workspace/robotics-v1/install/urscript_interfaces/include/urscript_interfaces/srv/detail/ur_script__functions.h
-- Up-to-date symlink: /home/ros2-user/ros2_workspace/robotics-v1/install/urscript_interfaces/include/urscript_interfaces/srv/detail/ur_script__struct.h
-- Up-to-date symlink: /home/ros2-user/ros2_workspace/robotics-v1/install/urscript_interfaces/include/urscript_interfaces/srv/detail/ur_script__type_support.h
-- Up-to-date symlink: /home/ros2-user/ros2_workspace/robotics-v1/install/urscript_interfaces/include/urscript_interfaces/srv/ur_script.h
-- Up-to-date symlink: /home/ros2-user/ros2_workspace/robotics-v1/install/urscript_interfaces/share/urscript_interfaces/environment/library_path.sh
-- Up-to-date symlink: /home/ros2-user/ros2_workspace/robotics-v1/install/urscript_interfaces/share/urscript_interfaces/environment/library_path.dsv
-- Up-to-date symlink: /home/ros2-user/ros2_workspace/robotics-v1/install/urscript_interfaces/include/urscript_interfaces/msg/rosidl_typesupport_fastrtps_c__visibility_control.h
-- Up-to-date symlink: /home/ros2-user/ros2_workspace/robotics-v1/install/urscript_interfaces/include/urscript_interfaces/srv/detail/ur_script__rosidl_typesupport_fastrtps_c.h
-- Up-to-date symlink: /home/ros2-user/ros2_workspace/robotics-v1/install/urscript_interfaces/lib/liburscript_interfaces__rosidl_typesupport_fastrtps_c.so
-- Up-to-date symlink: /home/ros2-user/ros2_workspace/robotics-v1/install/urscript_interfaces/include/urscript_interfaces/msg/rosidl_typesupport_fastrtps_cpp__visibility_control.h
-- Up-to-date symlink: /home/ros2-user/ros2_workspace/robotics-v1/install/urscript_interfaces/include/urscript_interfaces/srv/detail/ur_script__rosidl_typesupport_fastrtps_cpp.hpp
-- Up-to-date symlink: /home/ros2-user/ros2_workspace/robotics-v1/install/urscript_interfaces/lib/liburscript_interfaces__rosidl_typesupport_fastrtps_cpp.so
-- Up-to-date symlink: /home/ros2-user/ros2_workspace/robotics-v1/install/urscript_interfaces/include/urscript_interfaces/msg/rosidl_typesupport_introspection_c__visibility_control.h
-- Up-to-date symlink: /home/ros2-user/ros2_workspace/robotics-v1/install/urscript_interfaces/include/urscript_interfaces/srv/detail/ur_script__rosidl_typesupport_introspection_c.h
-- Up-to-date symlink: /home/ros2-user/ros2_workspace/robotics-v1/install/urscript_interfaces/include/urscript_interfaces/srv/detail/ur_script__builder.hpp
-- Up-to-date symlink: /home/ros2-user/ros2_workspace/robotics-v1/install/urscript_interfaces/include/urscript_interfaces/srv/detail/ur_script__struct.hpp
-- Up-to-date symlink: /home/ros2-user/ros2_workspace/robotics-v1/install/urscript_interfaces/include/urscript_interfaces/srv/detail/ur_script__traits.hpp
-- Up-to-date symlink: /home/ros2-user/ros2_workspace/robotics-v1/install/urscript_interfaces/include/urscript_interfaces/srv/ur_script.hpp
-- Up-to-date symlink: /home/ros2-user/ros2_workspace/robotics-v1/install/urscript_interfaces/include/urscript_interfaces/srv/detail/ur_script__rosidl_typesupport_introspection_cpp.hpp
-- Up-to-date symlink: /home/ros2-user/ros2_workspace/robotics-v1/install/urscript_interfaces/share/urscript_interfaces/environment/pythonpath.sh
-- Up-to-date symlink: /home/ros2-user/ros2_workspace/robotics-v1/install/urscript_interfaces/share/urscript_interfaces/environment/pythonpath.dsv
-- Up-to-date symlink: /home/ros2-user/ros2_workspace/robotics-v1/install/urscript_interfaces/lib/python3.8/site-packages/urscript_interfaces/__init__.py
-- Up-to-date symlink: /home/ros2-user/ros2_workspace/robotics-v1/install/urscript_interfaces/lib/python3.8/site-packages/urscript_interfaces/srv/__init__.py
-- Up-to-date symlink: /home/ros2-user/ros2_workspace/robotics-v1/install/urscript_interfaces/lib/python3.8/site-packages/urscript_interfaces/srv/_ur_script.py
-- Up-to-date symlink: /home/ros2-user/ros2_workspace/robotics-v1/install/urscript_interfaces/lib/python3.8/site-packages/urscript_interfaces/urscript_interfaces_s__rosidl_typesupport_fastrtps_c.cpython-38-x86_64-linux-gnu.so
-- Up-to-date symlink: /home/ros2-user/ros2_workspace/robotics-v1/install/urscript_interfaces/lib/python3.8/site-packages/urscript_interfaces/urscript_interfaces_s__rosidl_typesupport_introspection_c.cpython-38-x86_64-linux-gnu.so
-- Up-to-date symlink: /home/ros2-user/ros2_workspace/robotics-v1/install/urscript_interfaces/lib/python3.8/site-packages/urscript_interfaces/urscript_interfaces_s__rosidl_typesupport_c.cpython-38-x86_64-linux-gnu.so
-- Up-to-date symlink: /home/ros2-user/ros2_workspace/robotics-v1/install/urscript_interfaces/lib/liburscript_interfaces__python.so
-- Up-to-date symlink: /home/ros2-user/ros2_workspace/robotics-v1/install/urscript_interfaces/share/urscript_interfaces/srv/UrScript.idl
-- Up-to-date symlink: /home/ros2-user/ros2_workspace/robotics-v1/install/urscript_interfaces/share/urscript_interfaces/srv/UrScript.srv
-- Up-to-date symlink: /home/ros2-user/ros2_workspace/robotics-v1/install/urscript_interfaces/share/urscript_interfaces/srv/UrScript_Request.msg
-- Up-to-date symlink: /home/ros2-user/ros2_workspace/robotics-v1/install/urscript_interfaces/share/urscript_interfaces/srv/UrScript_Response.msg
-- Up-to-date symlink: /home/ros2-user/ros2_workspace/robotics-v1/install/urscript_interfaces/share/ament_index/resource_index/package_run_dependencies/urscript_interfaces
-- Up-to-date symlink: /home/ros2-user/ros2_workspace/robotics-v1/install/urscript_interfaces/share/ament_index/resource_index/parent_prefix_path/urscript_interfaces
-- Up-to-date symlink: /home/ros2-user/ros2_workspace/robotics-v1/install/urscript_interfaces/share/urscript_interfaces/environment/ament_prefix_path.sh
-- Up-to-date symlink: /home/ros2-user/ros2_workspace/robotics-v1/install/urscript_interfaces/share/urscript_interfaces/environment/ament_prefix_path.dsv
-- Up-to-date symlink: /home/ros2-user/ros2_workspace/robotics-v1/install/urscript_interfaces/share/urscript_interfaces/environment/path.sh
-- Up-to-date symlink: /home/ros2-user/ros2_workspace/robotics-v1/install/urscript_interfaces/share/urscript_interfaces/environment/path.dsv
-- Up-to-date symlink: /home/ros2-user/ros2_workspace/robotics-v1/install/urscript_interfaces/share/urscript_interfaces/local_setup.bash
-- Up-to-date symlink: /home/ros2-user/ros2_workspace/robotics-v1/install/urscript_interfaces/share/urscript_interfaces/local_setup.sh
-- Up-to-date symlink: /home/ros2-user/ros2_workspace/robotics-v1/install/urscript_interfaces/share/urscript_interfaces/local_setup.zsh
-- Up-to-date symlink: /home/ros2-user/ros2_workspace/robotics-v1/install/urscript_interfaces/share/urscript_interfaces/local_setup.dsv
-- Symlinking: /home/ros2-user/ros2_workspace/robotics-v1/install/urscript_interfaces/share/urscript_interfaces/package.dsv
-- Up-to-date symlink: /home/ros2-user/ros2_workspace/robotics-v1/install/urscript_interfaces/share/ament_index/resource_index/packages/urscript_interfaces
-- Up-to-date symlink: /home/ros2-user/ros2_workspace/robotics-v1/install/urscript_interfaces/share/urscript_interfaces/cmake/rosidl_cmake-extras.cmake
-- Up-to-date symlink: /home/ros2-user/ros2_workspace/robotics-v1/install/urscript_interfaces/share/urscript_interfaces/cmake/ament_cmake_export_dependencies-extras.cmake
-- Up-to-date symlink: /home/ros2-user/ros2_workspace/robotics-v1/install/urscript_interfaces/share/urscript_interfaces/cmake/ament_cmake_export_libraries-extras.cmake
-- Up-to-date symlink: /home/ros2-user/ros2_workspace/robotics-v1/install/urscript_interfaces/share/urscript_interfaces/cmake/ament_cmake_export_targets-extras.cmake
-- Up-to-date symlink: /home/ros2-user/ros2_workspace/robotics-v1/install/urscript_interfaces/share/urscript_interfaces/cmake/ament_cmake_export_include_directories-extras.cmake
-- Up-to-date symlink: /home/ros2-user/ros2_workspace/robotics-v1/install/urscript_interfaces/share/urscript_interfaces/cmake/rosidl_cmake_export_typesupport_libraries-extras.cmake
-- Up-to-date symlink: /home/ros2-user/ros2_workspace/robotics-v1/install/urscript_interfaces/share/urscript_interfaces/cmake/rosidl_cmake_export_typesupport_targets-extras.cmake
-- Up-to-date symlink: /home/ros2-user/ros2_workspace/robotics-v1/install/urscript_interfaces/share/urscript_interfaces/cmake/urscript_interfacesConfig.cmake
-- Up-to-date symlink: /home/ros2-user/ros2_workspace/robotics-v1/install/urscript_interfaces/share/urscript_interfaces/cmake/urscript_interfacesConfig-version.cmake
-- Up-to-date symlink: /home/ros2-user/ros2_workspace/robotics-v1/install/urscript_interfaces/share/urscript_interfaces/package.xml
-- Up-to-date: /home/ros2-user/ros2_workspace/robotics-v1/install/urscript_interfaces/lib/liburscript_interfaces__rosidl_generator_c.so
-- Up-to-date: /home/ros2-user/ros2_workspace/robotics-v1/install/urscript_interfaces/lib/liburscript_interfaces__rosidl_typesupport_introspection_c.so
-- Up-to-date: /home/ros2-user/ros2_workspace/robotics-v1/install/urscript_interfaces/lib/liburscript_interfaces__rosidl_typesupport_c.so
-- Up-to-date: /home/ros2-user/ros2_workspace/robotics-v1/install/urscript_interfaces/lib/liburscript_interfaces__rosidl_typesupport_introspection_cpp.so
-- Up-to-date: /home/ros2-user/ros2_workspace/robotics-v1/install/urscript_interfaces/lib/liburscript_interfaces__rosidl_typesupport_cpp.so
Compiling '/home/ros2-user/ros2_workspace/robotics-v1/install/urscript_interfaces/lib/python3.8/site-packages/urscript_interfaces/__init__.py'...
-- Up-to-date: /home/ros2-user/ros2_workspace/robotics-v1/install/urscript_interfaces/share/urscript_interfaces/cmake/urscript_interfaces__rosidl_generator_cExport.cmake
-- Installing: /home/ros2-user/ros2_workspace/robotics-v1/install/urscript_interfaces/share/urscript_interfaces/cmake/urscript_interfaces__rosidl_generator_cExport-debug.cmake
-- Up-to-date: /home/ros2-user/ros2_workspace/robotics-v1/install/urscript_interfaces/share/urscript_interfaces/cmake/urscript_interfaces__rosidl_typesupport_introspection_cExport.cmake
-- Installing: /home/ros2-user/ros2_workspace/robotics-v1/install/urscript_interfaces/share/urscript_interfaces/cmake/urscript_interfaces__rosidl_typesupport_introspection_cExport-debug.cmake
-- Up-to-date: /home/ros2-user/ros2_workspace/robotics-v1/install/urscript_interfaces/share/urscript_interfaces/cmake/urscript_interfaces__rosidl_typesupport_cExport.cmake
-- Installing: /home/ros2-user/ros2_workspace/robotics-v1/install/urscript_interfaces/share/urscript_interfaces/cmake/urscript_interfaces__rosidl_typesupport_cExport-debug.cmake
-- Up-to-date: /home/ros2-user/ros2_workspace/robotics-v1/install/urscript_interfaces/share/urscript_interfaces/cmake/urscript_interfaces__rosidl_generator_cppExport.cmake
-- Up-to-date: /home/ros2-user/ros2_workspace/robotics-v1/install/urscript_interfaces/share/urscript_interfaces/cmake/urscript_interfaces__rosidl_typesupport_introspection_cppExport.cmake
-- Installing: /home/ros2-user/ros2_workspace/robotics-v1/install/urscript_interfaces/share/urscript_interfaces/cmake/urscript_interfaces__rosidl_typesupport_introspection_cppExport-debug.cmake
-- Up-to-date: /home/ros2-user/ros2_workspace/robotics-v1/install/urscript_interfaces/share/urscript_interfaces/cmake/urscript_interfaces__rosidl_typesupport_cppExport.cmake
-- Installing: /home/ros2-user/ros2_workspace/robotics-v1/install/urscript_interfaces/share/urscript_interfaces/cmake/urscript_interfaces__rosidl_typesupport_cppExport-debug.cmake
