[0.075s] Invoking command in '/home/ros2-user/ros2_workspace/robotics-v1/build/urscript_interfaces': CMAKE_PREFIX_PATH=/opt/ros/foxy /usr/bin/cmake /home/ros2-user/ros2_workspace/robotics-v1/src/ur_dev/urscript/urscript_interfaces -DCMAKE_INSTALL_PREFIX=/home/ros2-user/ros2_workspace/robotics-v1/install/urscript_interfaces
[0.102s] -- Found ament_cmake: 0.9.11 (/opt/ros/foxy/share/ament_cmake/cmake)
[0.133s] -- Found PythonInterp: /usr/bin/python3 (found suitable version "3.8.10", minimum required is "3") 
[0.133s] -- Using PYTHON_EXECUTABLE: /usr/bin/python3
[0.322s] -- Override CMake install command with custom implementation using symlinks instead of copying resources
[0.337s] -- Found rosidl_default_generators: 1.0.1 (/opt/ros/foxy/share/rosidl_default_generators/cmake)
[0.339s] -- Using all available rosidl_typesupport_c: rosidl_typesupport_fastrtps_c;rosidl_typesupport_introspection_c
[0.349s] -- Found rosidl_adapter: 1.3.0 (/opt/ros/foxy/share/rosidl_adapter/cmake)
[0.585s] -- Using all available rosidl_typesupport_cpp: rosidl_typesupport_fastrtps_cpp;rosidl_typesupport_introspection_cpp
[0.668s] -- Found PythonInterp: /usr/bin/python3 (found version "3.8.10") 
[0.860s] -- Found ament_cmake_ros: 0.9.2 (/opt/ros/foxy/share/ament_cmake_ros/cmake)
[0.979s] -- Using all available rosidl_typesupport_c: rosidl_typesupport_fastrtps_c;rosidl_typesupport_introspection_c
[0.993s] -- Using all available rosidl_typesupport_cpp: rosidl_typesupport_fastrtps_cpp;rosidl_typesupport_introspection_cpp
[1.037s] -- Found PythonInterp: /usr/bin/python3 (found suitable version "3.8.10", minimum required is "3.5") 
[1.038s] -- Found python_cmake_module: 0.8.1 (/opt/ros/foxy/share/python_cmake_module/cmake)
[1.090s] -- Using PYTHON_EXECUTABLE: /usr/bin/python3
[1.090s] -- Using PYTHON_INCLUDE_DIRS: /usr/include/python3.8
[1.090s] -- Using PYTHON_LIBRARIES: /usr/lib/x86_64-linux-gnu/libpython3.8.so
[1.135s] -- Configuring done
[1.222s] -- Generating done
[1.262s] -- Build files have been written to: /home/ros2-user/ros2_workspace/robotics-v1/build/urscript_interfaces
[1.313s] Invoked command in '/home/ros2-user/ros2_workspace/robotics-v1/build/urscript_interfaces' returned '0': CMAKE_PREFIX_PATH=/opt/ros/foxy /usr/bin/cmake /home/ros2-user/ros2_workspace/robotics-v1/src/ur_dev/urscript/urscript_interfaces -DCMAKE_INSTALL_PREFIX=/home/ros2-user/ros2_workspace/robotics-v1/install/urscript_interfaces
[1.328s] Invoking command in '/home/ros2-user/ros2_workspace/robotics-v1/build/urscript_interfaces': CMAKE_PREFIX_PATH=/opt/ros/foxy /usr/bin/cmake --build /home/ros2-user/ros2_workspace/robotics-v1/build/urscript_interfaces -- -j4 -l4
[1.506s] [  3%] Built target urscript_interfaces__cpp
[1.563s] [ 12%] Built target urscript_interfaces__rosidl_generator_c
[1.588s] [ 22%] Built target urscript_interfaces__rosidl_typesupport_cpp
[1.622s] [ 32%] Built target urscript_interfaces__rosidl_typesupport_fastrtps_cpp
[1.631s] [ 41%] Built target urscript_interfaces__rosidl_typesupport_c
[1.644s] [ 51%] Built target urscript_interfaces__rosidl_typesupport_introspection_cpp
[1.663s] [ 61%] Built target urscript_interfaces__rosidl_typesupport_introspection_c
[1.685s] [ 70%] Built target urscript_interfaces__rosidl_typesupport_fastrtps_c
[1.711s] [ 70%] Built target urscript_interfaces
[1.802s] [ 74%] Built target urscript_interfaces__py
[1.897s] [ 80%] Built target urscript_interfaces__python
[1.961s] [ 87%] Built target urscript_interfaces__rosidl_typesupport_introspection_c__pyext
[1.965s] [ 93%] Built target urscript_interfaces__rosidl_typesupport_c__pyext
[2.043s] [100%] Built target urscript_interfaces__rosidl_typesupport_fastrtps_c__pyext
[2.085s] Invoked command in '/home/ros2-user/ros2_workspace/robotics-v1/build/urscript_interfaces' returned '0': CMAKE_PREFIX_PATH=/opt/ros/foxy /usr/bin/cmake --build /home/ros2-user/ros2_workspace/robotics-v1/build/urscript_interfaces -- -j4 -l4
[2.322s] Invoking command in '/home/ros2-user/ros2_workspace/robotics-v1/build/urscript_interfaces': CMAKE_PREFIX_PATH=/opt/ros/foxy /usr/bin/cmake --install /home/ros2-user/ros2_workspace/robotics-v1/build/urscript_interfaces
[2.357s] -- Install configuration: "Debug"
[2.362s] -- Execute custom install script
[2.362s] -- Up-to-date symlink: /home/ros2-user/ros2_workspace/robotics-v1/install/urscript_interfaces/share/ament_index/resource_index/rosidl_interfaces/urscript_interfaces
[2.363s] -- Up-to-date symlink: /home/ros2-user/ros2_workspace/robotics-v1/install/urscript_interfaces/include/urscript_interfaces/msg/rosidl_generator_c__visibility_control.h
[2.363s] -- Up-to-date symlink: /home/ros2-user/ros2_workspace/robotics-v1/install/urscript_interfaces/include/urscript_interfaces/srv/detail/ur_script__functions.h
[2.363s] -- Up-to-date symlink: /home/ros2-user/ros2_workspace/robotics-v1/install/urscript_interfaces/include/urscript_interfaces/srv/detail/ur_script__struct.h
[2.363s] -- Up-to-date symlink: /home/ros2-user/ros2_workspace/robotics-v1/install/urscript_interfaces/include/urscript_interfaces/srv/detail/ur_script__type_support.h
[2.364s] -- Up-to-date symlink: /home/ros2-user/ros2_workspace/robotics-v1/install/urscript_interfaces/include/urscript_interfaces/srv/ur_script.h
[2.365s] -- Up-to-date symlink: /home/ros2-user/ros2_workspace/robotics-v1/install/urscript_interfaces/share/urscript_interfaces/environment/library_path.sh
[2.365s] -- Up-to-date symlink: /home/ros2-user/ros2_workspace/robotics-v1/install/urscript_interfaces/share/urscript_interfaces/environment/library_path.dsv
[2.365s] -- Up-to-date symlink: /home/ros2-user/ros2_workspace/robotics-v1/install/urscript_interfaces/include/urscript_interfaces/msg/rosidl_typesupport_fastrtps_c__visibility_control.h
[2.365s] -- Up-to-date symlink: /home/ros2-user/ros2_workspace/robotics-v1/install/urscript_interfaces/include/urscript_interfaces/srv/detail/ur_script__rosidl_typesupport_fastrtps_c.h
[2.366s] -- Up-to-date symlink: /home/ros2-user/ros2_workspace/robotics-v1/install/urscript_interfaces/lib/liburscript_interfaces__rosidl_typesupport_fastrtps_c.so
[2.366s] -- Up-to-date symlink: /home/ros2-user/ros2_workspace/robotics-v1/install/urscript_interfaces/include/urscript_interfaces/msg/rosidl_typesupport_fastrtps_cpp__visibility_control.h
[2.366s] -- Up-to-date symlink: /home/ros2-user/ros2_workspace/robotics-v1/install/urscript_interfaces/include/urscript_interfaces/srv/detail/ur_script__rosidl_typesupport_fastrtps_cpp.hpp
[2.366s] -- Up-to-date symlink: /home/ros2-user/ros2_workspace/robotics-v1/install/urscript_interfaces/lib/liburscript_interfaces__rosidl_typesupport_fastrtps_cpp.so
[2.367s] -- Up-to-date symlink: /home/ros2-user/ros2_workspace/robotics-v1/install/urscript_interfaces/include/urscript_interfaces/msg/rosidl_typesupport_introspection_c__visibility_control.h
[2.367s] -- Up-to-date symlink: /home/ros2-user/ros2_workspace/robotics-v1/install/urscript_interfaces/include/urscript_interfaces/srv/detail/ur_script__rosidl_typesupport_introspection_c.h
[2.367s] -- Up-to-date symlink: /home/ros2-user/ros2_workspace/robotics-v1/install/urscript_interfaces/include/urscript_interfaces/srv/detail/ur_script__builder.hpp
[2.367s] -- Up-to-date symlink: /home/ros2-user/ros2_workspace/robotics-v1/install/urscript_interfaces/include/urscript_interfaces/srv/detail/ur_script__struct.hpp
[2.367s] -- Up-to-date symlink: /home/ros2-user/ros2_workspace/robotics-v1/install/urscript_interfaces/include/urscript_interfaces/srv/detail/ur_script__traits.hpp
[2.367s] -- Up-to-date symlink: /home/ros2-user/ros2_workspace/robotics-v1/install/urscript_interfaces/include/urscript_interfaces/srv/ur_script.hpp
[2.368s] -- Up-to-date symlink: /home/ros2-user/ros2_workspace/robotics-v1/install/urscript_interfaces/include/urscript_interfaces/srv/detail/ur_script__rosidl_typesupport_introspection_cpp.hpp
[2.368s] -- Up-to-date symlink: /home/ros2-user/ros2_workspace/robotics-v1/install/urscript_interfaces/share/urscript_interfaces/environment/pythonpath.sh
[2.368s] -- Up-to-date symlink: /home/ros2-user/ros2_workspace/robotics-v1/install/urscript_interfaces/share/urscript_interfaces/environment/pythonpath.dsv
[2.368s] -- Up-to-date symlink: /home/ros2-user/ros2_workspace/robotics-v1/install/urscript_interfaces/lib/python3.8/site-packages/urscript_interfaces/__init__.py
[2.369s] -- Up-to-date symlink: /home/ros2-user/ros2_workspace/robotics-v1/install/urscript_interfaces/lib/python3.8/site-packages/urscript_interfaces/srv/__init__.py
[2.369s] -- Up-to-date symlink: /home/ros2-user/ros2_workspace/robotics-v1/install/urscript_interfaces/lib/python3.8/site-packages/urscript_interfaces/srv/_ur_script.py
[2.371s] -- Up-to-date symlink: /home/ros2-user/ros2_workspace/robotics-v1/install/urscript_interfaces/lib/python3.8/site-packages/urscript_interfaces/urscript_interfaces_s__rosidl_typesupport_fastrtps_c.cpython-38-x86_64-linux-gnu.so
[2.372s] -- Up-to-date symlink: /home/ros2-user/ros2_workspace/robotics-v1/install/urscript_interfaces/lib/python3.8/site-packages/urscript_interfaces/urscript_interfaces_s__rosidl_typesupport_introspection_c.cpython-38-x86_64-linux-gnu.so
[2.373s] -- Up-to-date symlink: /home/ros2-user/ros2_workspace/robotics-v1/install/urscript_interfaces/lib/python3.8/site-packages/urscript_interfaces/urscript_interfaces_s__rosidl_typesupport_c.cpython-38-x86_64-linux-gnu.so
[2.373s] -- Up-to-date symlink: /home/ros2-user/ros2_workspace/robotics-v1/install/urscript_interfaces/lib/liburscript_interfaces__python.so
[2.374s] -- Up-to-date symlink: /home/ros2-user/ros2_workspace/robotics-v1/install/urscript_interfaces/share/urscript_interfaces/srv/UrScript.idl
[2.374s] -- Up-to-date symlink: /home/ros2-user/ros2_workspace/robotics-v1/install/urscript_interfaces/share/urscript_interfaces/srv/UrScript.srv
[2.375s] -- Up-to-date symlink: /home/ros2-user/ros2_workspace/robotics-v1/install/urscript_interfaces/share/urscript_interfaces/srv/UrScript_Request.msg
[2.375s] -- Up-to-date symlink: /home/ros2-user/ros2_workspace/robotics-v1/install/urscript_interfaces/share/urscript_interfaces/srv/UrScript_Response.msg
[2.376s] -- Up-to-date symlink: /home/ros2-user/ros2_workspace/robotics-v1/install/urscript_interfaces/share/ament_index/resource_index/package_run_dependencies/urscript_interfaces
[2.377s] -- Up-to-date symlink: /home/ros2-user/ros2_workspace/robotics-v1/install/urscript_interfaces/share/ament_index/resource_index/parent_prefix_path/urscript_interfaces
[2.377s] -- Up-to-date symlink: /home/ros2-user/ros2_workspace/robotics-v1/install/urscript_interfaces/share/urscript_interfaces/environment/ament_prefix_path.sh
[2.378s] -- Up-to-date symlink: /home/ros2-user/ros2_workspace/robotics-v1/install/urscript_interfaces/share/urscript_interfaces/environment/ament_prefix_path.dsv
[2.378s] -- Up-to-date symlink: /home/ros2-user/ros2_workspace/robotics-v1/install/urscript_interfaces/share/urscript_interfaces/environment/path.sh
[2.379s] -- Up-to-date symlink: /home/ros2-user/ros2_workspace/robotics-v1/install/urscript_interfaces/share/urscript_interfaces/environment/path.dsv
[2.380s] -- Up-to-date symlink: /home/ros2-user/ros2_workspace/robotics-v1/install/urscript_interfaces/share/urscript_interfaces/local_setup.bash
[2.381s] -- Up-to-date symlink: /home/ros2-user/ros2_workspace/robotics-v1/install/urscript_interfaces/share/urscript_interfaces/local_setup.sh
[2.381s] -- Up-to-date symlink: /home/ros2-user/ros2_workspace/robotics-v1/install/urscript_interfaces/share/urscript_interfaces/local_setup.zsh
[2.382s] -- Up-to-date symlink: /home/ros2-user/ros2_workspace/robotics-v1/install/urscript_interfaces/share/urscript_interfaces/local_setup.dsv
[2.382s] -- Symlinking: /home/ros2-user/ros2_workspace/robotics-v1/install/urscript_interfaces/share/urscript_interfaces/package.dsv
[2.396s] -- Up-to-date symlink: /home/ros2-user/ros2_workspace/robotics-v1/install/urscript_interfaces/share/ament_index/resource_index/packages/urscript_interfaces
[2.397s] -- Up-to-date symlink: /home/ros2-user/ros2_workspace/robotics-v1/install/urscript_interfaces/share/urscript_interfaces/cmake/rosidl_cmake-extras.cmake
[2.399s] -- Up-to-date symlink: /home/ros2-user/ros2_workspace/robotics-v1/install/urscript_interfaces/share/urscript_interfaces/cmake/ament_cmake_export_dependencies-extras.cmake
[2.399s] -- Up-to-date symlink: /home/ros2-user/ros2_workspace/robotics-v1/install/urscript_interfaces/share/urscript_interfaces/cmake/ament_cmake_export_libraries-extras.cmake
[2.400s] -- Up-to-date symlink: /home/ros2-user/ros2_workspace/robotics-v1/install/urscript_interfaces/share/urscript_interfaces/cmake/ament_cmake_export_targets-extras.cmake
[2.401s] -- Up-to-date symlink: /home/ros2-user/ros2_workspace/robotics-v1/install/urscript_interfaces/share/urscript_interfaces/cmake/ament_cmake_export_include_directories-extras.cmake
[2.403s] -- Up-to-date symlink: /home/ros2-user/ros2_workspace/robotics-v1/install/urscript_interfaces/share/urscript_interfaces/cmake/rosidl_cmake_export_typesupport_libraries-extras.cmake
[2.403s] -- Up-to-date symlink: /home/ros2-user/ros2_workspace/robotics-v1/install/urscript_interfaces/share/urscript_interfaces/cmake/rosidl_cmake_export_typesupport_targets-extras.cmake
[2.405s] -- Up-to-date symlink: /home/ros2-user/ros2_workspace/robotics-v1/install/urscript_interfaces/share/urscript_interfaces/cmake/urscript_interfacesConfig.cmake
[2.405s] -- Up-to-date symlink: /home/ros2-user/ros2_workspace/robotics-v1/install/urscript_interfaces/share/urscript_interfaces/cmake/urscript_interfacesConfig-version.cmake
[2.405s] -- Up-to-date symlink: /home/ros2-user/ros2_workspace/robotics-v1/install/urscript_interfaces/share/urscript_interfaces/package.xml
[2.406s] -- Up-to-date: /home/ros2-user/ros2_workspace/robotics-v1/install/urscript_interfaces/lib/liburscript_interfaces__rosidl_generator_c.so
[2.406s] -- Up-to-date: /home/ros2-user/ros2_workspace/robotics-v1/install/urscript_interfaces/lib/liburscript_interfaces__rosidl_typesupport_introspection_c.so
[2.409s] -- Up-to-date: /home/ros2-user/ros2_workspace/robotics-v1/install/urscript_interfaces/lib/liburscript_interfaces__rosidl_typesupport_c.so
[2.409s] -- Up-to-date: /home/ros2-user/ros2_workspace/robotics-v1/install/urscript_interfaces/lib/liburscript_interfaces__rosidl_typesupport_introspection_cpp.so
[2.409s] -- Up-to-date: /home/ros2-user/ros2_workspace/robotics-v1/install/urscript_interfaces/lib/liburscript_interfaces__rosidl_typesupport_cpp.so
[2.458s] Compiling '/home/ros2-user/ros2_workspace/robotics-v1/install/urscript_interfaces/lib/python3.8/site-packages/urscript_interfaces/__init__.py'...
[2.461s] -- Up-to-date: /home/ros2-user/ros2_workspace/robotics-v1/install/urscript_interfaces/share/urscript_interfaces/cmake/urscript_interfaces__rosidl_generator_cExport.cmake
[2.461s] -- Installing: /home/ros2-user/ros2_workspace/robotics-v1/install/urscript_interfaces/share/urscript_interfaces/cmake/urscript_interfaces__rosidl_generator_cExport-debug.cmake
[2.461s] -- Up-to-date: /home/ros2-user/ros2_workspace/robotics-v1/install/urscript_interfaces/share/urscript_interfaces/cmake/urscript_interfaces__rosidl_typesupport_introspection_cExport.cmake
[2.462s] -- Installing: /home/ros2-user/ros2_workspace/robotics-v1/install/urscript_interfaces/share/urscript_interfaces/cmake/urscript_interfaces__rosidl_typesupport_introspection_cExport-debug.cmake
[2.465s] -- Up-to-date: /home/ros2-user/ros2_workspace/robotics-v1/install/urscript_interfaces/share/urscript_interfaces/cmake/urscript_interfaces__rosidl_typesupport_cExport.cmake
[2.466s] -- Installing: /home/ros2-user/ros2_workspace/robotics-v1/install/urscript_interfaces/share/urscript_interfaces/cmake/urscript_interfaces__rosidl_typesupport_cExport-debug.cmake
[2.466s] -- Up-to-date: /home/ros2-user/ros2_workspace/robotics-v1/install/urscript_interfaces/share/urscript_interfaces/cmake/urscript_interfaces__rosidl_generator_cppExport.cmake
[2.466s] -- Up-to-date: /home/ros2-user/ros2_workspace/robotics-v1/install/urscript_interfaces/share/urscript_interfaces/cmake/urscript_interfaces__rosidl_typesupport_introspection_cppExport.cmake
[2.466s] -- Installing: /home/ros2-user/ros2_workspace/robotics-v1/install/urscript_interfaces/share/urscript_interfaces/cmake/urscript_interfaces__rosidl_typesupport_introspection_cppExport-debug.cmake
[2.466s] -- Up-to-date: /home/ros2-user/ros2_workspace/robotics-v1/install/urscript_interfaces/share/urscript_interfaces/cmake/urscript_interfaces__rosidl_typesupport_cppExport.cmake
[2.466s] -- Installing: /home/ros2-user/ros2_workspace/robotics-v1/install/urscript_interfaces/share/urscript_interfaces/cmake/urscript_interfaces__rosidl_typesupport_cppExport-debug.cmake
[2.471s] Invoked command in '/home/ros2-user/ros2_workspace/robotics-v1/build/urscript_interfaces' returned '0': CMAKE_PREFIX_PATH=/opt/ros/foxy /usr/bin/cmake --install /home/ros2-user/ros2_workspace/robotics-v1/build/urscript_interfaces
