[0.089s] Invoking command in '/home/ros2-user/ros2_workspace/robotics-v1/build/ur_bringup': CMAKE_PREFIX_PATH=/opt/ros/foxy /usr/bin/cmake /home/ros2-user/ros2_workspace/robotics-v1/src/ur_driver/Universal_Robots_ROS2_Driver/ur_bringup -DCMAKE_BUILD_TYPE=Debug -DCMAKE_CXX_COMPILER=/usr/bin/g++ -DAMENT_CMAKE_SYMLINK_INSTALL=1 -DCMAKE_INSTALL_PREFIX=/home/ros2-user/ros2_workspace/robotics-v1/install/ur_bringup
[0.402s] -- The C compiler identification is GNU 9.4.0
[0.610s] -- The CXX compiler identification is GNU 9.4.0
[0.621s] -- Check for working C compiler: /usr/bin/cc
[1.177s] -- Check for working C compiler: /usr/bin/cc -- works
[1.179s] -- Detecting C compiler ABI info
[1.458s] -- Detecting C compiler ABI info - done
[1.488s] -- Detecting C compile features
[1.491s] -- Detecting C compile features - done
[1.509s] -- Check for working CXX compiler: /usr/bin/g++
[1.773s] -- Check for working CXX compiler: /usr/bin/g++ -- works
[1.777s] -- Detecting CXX compiler ABI info
[2.017s] -- Detecting CXX compiler ABI info - done
[2.075s] -- Detecting CXX compile features
[2.267s] -- Detecting CXX compile features - done
[2.268s] -- Found ament_cmake: 0.9.11 (/opt/ros/foxy/share/ament_cmake/cmake)
[2.271s] -- Found PythonInterp: /usr/bin/python3 (found suitable version "3.8.10", minimum required is "3") 
[2.272s] -- Using PYTHON_EXECUTABLE: /usr/bin/python3
[2.481s] -- Override CMake install command with custom implementation using symlinks instead of copying resources
[2.740s] -- Configuring done
[2.747s] -- Generating done
[2.751s] -- Build files have been written to: /home/ros2-user/ros2_workspace/robotics-v1/build/ur_bringup
[2.767s] Invoked command in '/home/ros2-user/ros2_workspace/robotics-v1/build/ur_bringup' returned '0': CMAKE_PREFIX_PATH=/opt/ros/foxy /usr/bin/cmake /home/ros2-user/ros2_workspace/robotics-v1/src/ur_driver/Universal_Robots_ROS2_Driver/ur_bringup -DCMAKE_BUILD_TYPE=Debug -DCMAKE_CXX_COMPILER=/usr/bin/g++ -DAMENT_CMAKE_SYMLINK_INSTALL=1 -DCMAKE_INSTALL_PREFIX=/home/ros2-user/ros2_workspace/robotics-v1/install/ur_bringup
[2.771s] Invoking command in '/home/ros2-user/ros2_workspace/robotics-v1/build/ur_bringup': CMAKE_PREFIX_PATH=/opt/ros/foxy /usr/bin/cmake --build /home/ros2-user/ros2_workspace/robotics-v1/build/ur_bringup -- -j4 -l4
[2.994s] Invoked command in '/home/ros2-user/ros2_workspace/robotics-v1/build/ur_bringup' returned '0': CMAKE_PREFIX_PATH=/opt/ros/foxy /usr/bin/cmake --build /home/ros2-user/ros2_workspace/robotics-v1/build/ur_bringup -- -j4 -l4
[3.319s] Invoking command in '/home/ros2-user/ros2_workspace/robotics-v1/build/ur_bringup': CMAKE_PREFIX_PATH=/opt/ros/foxy /usr/bin/cmake --install /home/ros2-user/ros2_workspace/robotics-v1/build/ur_bringup
[3.385s] -- Install configuration: "Debug"
[3.386s] -- Execute custom install script
[3.387s] -- Symlinking: /home/ros2-user/ros2_workspace/robotics-v1/install/ur_bringup/share/ur_bringup/config/test_goal_publishers_config.yaml
[3.408s] -- Symlinking: /home/ros2-user/ros2_workspace/robotics-v1/install/ur_bringup/share/ur_bringup/config/ur_controllers.yaml
[3.430s] -- Symlinking: /home/ros2-user/ros2_workspace/robotics-v1/install/ur_bringup/share/ur_bringup/launch/test_joint_trajectory_controller.launch.py
[3.456s] -- Symlinking: /home/ros2-user/ros2_workspace/robotics-v1/install/ur_bringup/share/ur_bringup/launch/test_scaled_joint_trajectory_controller.launch.py
[3.484s] -- Symlinking: /home/ros2-user/ros2_workspace/robotics-v1/install/ur_bringup/share/ur_bringup/launch/ur10.launch.py
[3.504s] -- Symlinking: /home/ros2-user/ros2_workspace/robotics-v1/install/ur_bringup/share/ur_bringup/launch/ur10e.launch.py
[3.527s] -- Symlinking: /home/ros2-user/ros2_workspace/robotics-v1/install/ur_bringup/share/ur_bringup/launch/ur16e.launch.py
[3.546s] -- Symlinking: /home/ros2-user/ros2_workspace/robotics-v1/install/ur_bringup/share/ur_bringup/launch/ur3.launch.py
[3.578s] -- Symlinking: /home/ros2-user/ros2_workspace/robotics-v1/install/ur_bringup/share/ur_bringup/launch/ur3e.launch.py
[3.604s] -- Symlinking: /home/ros2-user/ros2_workspace/robotics-v1/install/ur_bringup/share/ur_bringup/launch/ur5.launch.py
[3.625s] -- Symlinking: /home/ros2-user/ros2_workspace/robotics-v1/install/ur_bringup/share/ur_bringup/launch/ur5e.launch.py
[3.647s] -- Symlinking: /home/ros2-user/ros2_workspace/robotics-v1/install/ur_bringup/share/ur_bringup/launch/ur_control.launch.py
[3.673s] -- Symlinking: /home/ros2-user/ros2_workspace/robotics-v1/install/ur_bringup/share/ur_bringup/launch/ur_dashboard_client.launch.py
[3.693s] -- Symlinking: /home/ros2-user/ros2_workspace/robotics-v1/install/ur_bringup/share/ur_bringup/launch/ur_moveit.launch.py
[3.720s] -- Symlinking: /home/ros2-user/ros2_workspace/robotics-v1/install/ur_bringup/share/ament_index/resource_index/package_run_dependencies/ur_bringup
[3.750s] -- Symlinking: /home/ros2-user/ros2_workspace/robotics-v1/install/ur_bringup/share/ament_index/resource_index/parent_prefix_path/ur_bringup
[3.784s] -- Symlinking: /home/ros2-user/ros2_workspace/robotics-v1/install/ur_bringup/share/ur_bringup/environment/ament_prefix_path.sh
[3.805s] -- Symlinking: /home/ros2-user/ros2_workspace/robotics-v1/install/ur_bringup/share/ur_bringup/environment/ament_prefix_path.dsv
[3.835s] -- Symlinking: /home/ros2-user/ros2_workspace/robotics-v1/install/ur_bringup/share/ur_bringup/environment/path.sh
[3.854s] -- Symlinking: /home/ros2-user/ros2_workspace/robotics-v1/install/ur_bringup/share/ur_bringup/environment/path.dsv
[3.878s] -- Symlinking: /home/ros2-user/ros2_workspace/robotics-v1/install/ur_bringup/share/ur_bringup/local_setup.bash
[3.908s] -- Symlinking: /home/ros2-user/ros2_workspace/robotics-v1/install/ur_bringup/share/ur_bringup/local_setup.sh
[3.932s] -- Symlinking: /home/ros2-user/ros2_workspace/robotics-v1/install/ur_bringup/share/ur_bringup/local_setup.zsh
[3.964s] -- Symlinking: /home/ros2-user/ros2_workspace/robotics-v1/install/ur_bringup/share/ur_bringup/local_setup.dsv
[3.985s] -- Symlinking: /home/ros2-user/ros2_workspace/robotics-v1/install/ur_bringup/share/ur_bringup/package.dsv
[4.003s] -- Symlinking: /home/ros2-user/ros2_workspace/robotics-v1/install/ur_bringup/share/ament_index/resource_index/packages/ur_bringup
[4.023s] -- Symlinking: /home/ros2-user/ros2_workspace/robotics-v1/install/ur_bringup/share/ur_bringup/cmake/ur_bringupConfig.cmake
[4.048s] -- Symlinking: /home/ros2-user/ros2_workspace/robotics-v1/install/ur_bringup/share/ur_bringup/cmake/ur_bringupConfig-version.cmake
[4.067s] -- Symlinking: /home/ros2-user/ros2_workspace/robotics-v1/install/ur_bringup/share/ur_bringup/package.xml
[4.115s] Invoked command in '/home/ros2-user/ros2_workspace/robotics-v1/build/ur_bringup' returned '0': CMAKE_PREFIX_PATH=/opt/ros/foxy /usr/bin/cmake --install /home/ros2-user/ros2_workspace/robotics-v1/build/ur_bringup
