-- Found ament_cmake: 0.9.11 (/opt/ros/foxy/share/ament_cmake/cmake)
-- Using PYTHON_EXECUTABLE: /usr/bin/python3
-- Override CMake install command with custom implementation using symlinks instead of copying resources
-- Configuring done
-- Generating done
-- Build files have been written to: /home/ros2-user/ros2_workspace/robotics-v1/build/ur_bringup
-- Install configuration: "Debug"
-- Execute custom install script
-- Up-to-date symlink: /home/ros2-user/ros2_workspace/robotics-v1/install/ur_bringup/share/ur_bringup/config/test_goal_publishers_config.yaml
-- Up-to-date symlink: /home/ros2-user/ros2_workspace/robotics-v1/install/ur_bringup/share/ur_bringup/config/ur_controllers.yaml
-- Up-to-date symlink: /home/ros2-user/ros2_workspace/robotics-v1/install/ur_bringup/share/ur_bringup/launch/test_joint_trajectory_controller.launch.py
-- Up-to-date symlink: /home/ros2-user/ros2_workspace/robotics-v1/install/ur_bringup/share/ur_bringup/launch/test_scaled_joint_trajectory_controller.launch.py
-- Up-to-date symlink: /home/ros2-user/ros2_workspace/robotics-v1/install/ur_bringup/share/ur_bringup/launch/ur10.launch.py
-- Up-to-date symlink: /home/ros2-user/ros2_workspace/robotics-v1/install/ur_bringup/share/ur_bringup/launch/ur10e.launch.py
-- Up-to-date symlink: /home/ros2-user/ros2_workspace/robotics-v1/install/ur_bringup/share/ur_bringup/launch/ur16e.launch.py
-- Up-to-date symlink: /home/ros2-user/ros2_workspace/robotics-v1/install/ur_bringup/share/ur_bringup/launch/ur3.launch.py
-- Up-to-date symlink: /home/ros2-user/ros2_workspace/robotics-v1/install/ur_bringup/share/ur_bringup/launch/ur3e.launch.py
-- Up-to-date symlink: /home/ros2-user/ros2_workspace/robotics-v1/install/ur_bringup/share/ur_bringup/launch/ur5.launch.py
-- Up-to-date symlink: /home/ros2-user/ros2_workspace/robotics-v1/install/ur_bringup/share/ur_bringup/launch/ur5e.launch.py
-- Up-to-date symlink: /home/ros2-user/ros2_workspace/robotics-v1/install/ur_bringup/share/ur_bringup/launch/ur_control.launch.py
-- Up-to-date symlink: /home/ros2-user/ros2_workspace/robotics-v1/install/ur_bringup/share/ur_bringup/launch/ur_dashboard_client.launch.py
-- Up-to-date symlink: /home/ros2-user/ros2_workspace/robotics-v1/install/ur_bringup/share/ur_bringup/launch/ur_moveit.launch.py
-- Up-to-date symlink: /home/ros2-user/ros2_workspace/robotics-v1/install/ur_bringup/share/ament_index/resource_index/package_run_dependencies/ur_bringup
-- Up-to-date symlink: /home/ros2-user/ros2_workspace/robotics-v1/install/ur_bringup/share/ament_index/resource_index/parent_prefix_path/ur_bringup
-- Up-to-date symlink: /home/ros2-user/ros2_workspace/robotics-v1/install/ur_bringup/share/ur_bringup/environment/ament_prefix_path.sh
-- Up-to-date symlink: /home/ros2-user/ros2_workspace/robotics-v1/install/ur_bringup/share/ur_bringup/environment/ament_prefix_path.dsv
-- Up-to-date symlink: /home/ros2-user/ros2_workspace/robotics-v1/install/ur_bringup/share/ur_bringup/environment/path.sh
-- Up-to-date symlink: /home/ros2-user/ros2_workspace/robotics-v1/install/ur_bringup/share/ur_bringup/environment/path.dsv
-- Up-to-date symlink: /home/ros2-user/ros2_workspace/robotics-v1/install/ur_bringup/share/ur_bringup/local_setup.bash
-- Up-to-date symlink: /home/ros2-user/ros2_workspace/robotics-v1/install/ur_bringup/share/ur_bringup/local_setup.sh
-- Up-to-date symlink: /home/ros2-user/ros2_workspace/robotics-v1/install/ur_bringup/share/ur_bringup/local_setup.zsh
-- Up-to-date symlink: /home/ros2-user/ros2_workspace/robotics-v1/install/ur_bringup/share/ur_bringup/local_setup.dsv
-- Symlinking: /home/ros2-user/ros2_workspace/robotics-v1/install/ur_bringup/share/ur_bringup/package.dsv
-- Up-to-date symlink: /home/ros2-user/ros2_workspace/robotics-v1/install/ur_bringup/share/ament_index/resource_index/packages/ur_bringup
-- Up-to-date symlink: /home/ros2-user/ros2_workspace/robotics-v1/install/ur_bringup/share/ur_bringup/cmake/ur_bringupConfig.cmake
-- Up-to-date symlink: /home/ros2-user/ros2_workspace/robotics-v1/install/ur_bringup/share/ur_bringup/cmake/ur_bringupConfig-version.cmake
-- Up-to-date symlink: /home/ros2-user/ros2_workspace/robotics-v1/install/ur_bringup/share/ur_bringup/package.xml
