[0.124s] Invoking command in '/home/ros2-user/ros2_workspace/robotics-v1/build/ur_bringup': CMAKE_PREFIX_PATH=/opt/ros/foxy /usr/bin/cmake /home/ros2-user/ros2_workspace/robotics-v1/src/ur_driver/Universal_Robots_ROS2_Driver/ur_bringup -DCMAKE_INSTALL_PREFIX=/home/ros2-user/ros2_workspace/robotics-v1/install/ur_bringup
[0.157s] -- Found ament_cmake: 0.9.11 (/opt/ros/foxy/share/ament_cmake/cmake)
[0.207s] -- Using PYTHON_EXECUTABLE: /usr/bin/python3
[0.430s] -- Override CMake install command with custom implementation using symlinks instead of copying resources
[0.542s] -- Configuring done
[0.551s] -- Generating done
[0.556s] -- Build files have been written to: /home/ros2-user/ros2_workspace/robotics-v1/build/ur_bringup
[0.564s] Invoked command in '/home/ros2-user/ros2_workspace/robotics-v1/build/ur_bringup' returned '0': CMAKE_PREFIX_PATH=/opt/ros/foxy /usr/bin/cmake /home/ros2-user/ros2_workspace/robotics-v1/src/ur_driver/Universal_Robots_ROS2_Driver/ur_bringup -DCMAKE_INSTALL_PREFIX=/home/ros2-user/ros2_workspace/robotics-v1/install/ur_bringup
[0.566s] Invoking command in '/home/ros2-user/ros2_workspace/robotics-v1/build/ur_bringup': CMAKE_PREFIX_PATH=/opt/ros/foxy /usr/bin/cmake --build /home/ros2-user/ros2_workspace/robotics-v1/build/ur_bringup -- -j4 -l4
[0.656s] Invoked command in '/home/ros2-user/ros2_workspace/robotics-v1/build/ur_bringup' returned '0': CMAKE_PREFIX_PATH=/opt/ros/foxy /usr/bin/cmake --build /home/ros2-user/ros2_workspace/robotics-v1/build/ur_bringup -- -j4 -l4
[0.691s] Invoking command in '/home/ros2-user/ros2_workspace/robotics-v1/build/ur_bringup': CMAKE_PREFIX_PATH=/opt/ros/foxy /usr/bin/cmake --install /home/ros2-user/ros2_workspace/robotics-v1/build/ur_bringup
[0.705s] -- Install configuration: "Debug"
[0.714s] -- Execute custom install script
[0.715s] -- Up-to-date symlink: /home/ros2-user/ros2_workspace/robotics-v1/install/ur_bringup/share/ur_bringup/config/test_goal_publishers_config.yaml
[0.715s] -- Up-to-date symlink: /home/ros2-user/ros2_workspace/robotics-v1/install/ur_bringup/share/ur_bringup/config/ur_controllers.yaml
[0.716s] -- Up-to-date symlink: /home/ros2-user/ros2_workspace/robotics-v1/install/ur_bringup/share/ur_bringup/launch/test_joint_trajectory_controller.launch.py
[0.717s] -- Up-to-date symlink: /home/ros2-user/ros2_workspace/robotics-v1/install/ur_bringup/share/ur_bringup/launch/test_scaled_joint_trajectory_controller.launch.py
[0.717s] -- Up-to-date symlink: /home/ros2-user/ros2_workspace/robotics-v1/install/ur_bringup/share/ur_bringup/launch/ur10.launch.py
[0.719s] -- Up-to-date symlink: /home/ros2-user/ros2_workspace/robotics-v1/install/ur_bringup/share/ur_bringup/launch/ur10e.launch.py
[0.719s] -- Up-to-date symlink: /home/ros2-user/ros2_workspace/robotics-v1/install/ur_bringup/share/ur_bringup/launch/ur16e.launch.py
[0.728s] -- Up-to-date symlink: /home/ros2-user/ros2_workspace/robotics-v1/install/ur_bringup/share/ur_bringup/launch/ur3.launch.py
[0.731s] -- Up-to-date symlink: /home/ros2-user/ros2_workspace/robotics-v1/install/ur_bringup/share/ur_bringup/launch/ur3e.launch.py
[0.731s] -- Up-to-date symlink: /home/ros2-user/ros2_workspace/robotics-v1/install/ur_bringup/share/ur_bringup/launch/ur5.launch.py
[0.731s] -- Up-to-date symlink: /home/ros2-user/ros2_workspace/robotics-v1/install/ur_bringup/share/ur_bringup/launch/ur5e.launch.py
[0.732s] -- Up-to-date symlink: /home/ros2-user/ros2_workspace/robotics-v1/install/ur_bringup/share/ur_bringup/launch/ur_control.launch.py
[0.732s] -- Up-to-date symlink: /home/ros2-user/ros2_workspace/robotics-v1/install/ur_bringup/share/ur_bringup/launch/ur_dashboard_client.launch.py
[0.732s] -- Up-to-date symlink: /home/ros2-user/ros2_workspace/robotics-v1/install/ur_bringup/share/ur_bringup/launch/ur_moveit.launch.py
[0.732s] -- Up-to-date symlink: /home/ros2-user/ros2_workspace/robotics-v1/install/ur_bringup/share/ament_index/resource_index/package_run_dependencies/ur_bringup
[0.732s] -- Up-to-date symlink: /home/ros2-user/ros2_workspace/robotics-v1/install/ur_bringup/share/ament_index/resource_index/parent_prefix_path/ur_bringup
[0.733s] -- Up-to-date symlink: /home/ros2-user/ros2_workspace/robotics-v1/install/ur_bringup/share/ur_bringup/environment/ament_prefix_path.sh
[0.733s] -- Up-to-date symlink: /home/ros2-user/ros2_workspace/robotics-v1/install/ur_bringup/share/ur_bringup/environment/ament_prefix_path.dsv
[0.734s] -- Up-to-date symlink: /home/ros2-user/ros2_workspace/robotics-v1/install/ur_bringup/share/ur_bringup/environment/path.sh
[0.734s] -- Up-to-date symlink: /home/ros2-user/ros2_workspace/robotics-v1/install/ur_bringup/share/ur_bringup/environment/path.dsv
[0.735s] -- Up-to-date symlink: /home/ros2-user/ros2_workspace/robotics-v1/install/ur_bringup/share/ur_bringup/local_setup.bash
[0.736s] -- Up-to-date symlink: /home/ros2-user/ros2_workspace/robotics-v1/install/ur_bringup/share/ur_bringup/local_setup.sh
[0.736s] -- Up-to-date symlink: /home/ros2-user/ros2_workspace/robotics-v1/install/ur_bringup/share/ur_bringup/local_setup.zsh
[0.736s] -- Up-to-date symlink: /home/ros2-user/ros2_workspace/robotics-v1/install/ur_bringup/share/ur_bringup/local_setup.dsv
[0.736s] -- Symlinking: /home/ros2-user/ros2_workspace/robotics-v1/install/ur_bringup/share/ur_bringup/package.dsv
[0.741s] -- Up-to-date symlink: /home/ros2-user/ros2_workspace/robotics-v1/install/ur_bringup/share/ament_index/resource_index/packages/ur_bringup
[0.744s] -- Up-to-date symlink: /home/ros2-user/ros2_workspace/robotics-v1/install/ur_bringup/share/ur_bringup/cmake/ur_bringupConfig.cmake
[0.748s] -- Up-to-date symlink: /home/ros2-user/ros2_workspace/robotics-v1/install/ur_bringup/share/ur_bringup/cmake/ur_bringupConfig-version.cmake
[0.748s] -- Up-to-date symlink: /home/ros2-user/ros2_workspace/robotics-v1/install/ur_bringup/share/ur_bringup/package.xml
[0.755s] Invoked command in '/home/ros2-user/ros2_workspace/robotics-v1/build/ur_bringup' returned '0': CMAKE_PREFIX_PATH=/opt/ros/foxy /usr/bin/cmake --install /home/ros2-user/ros2_workspace/robotics-v1/build/ur_bringup
