-- Found cmake_helpers: 1.0.0 (/home/ros2-user/ros2_workspace/robotics-v1/install/cmake_helpers/share/cmake_helpers/cmake)
-- Found robo_collector_interfaces: 1.0.0 (/home/ros2-user/ros2_workspace/robotics-v1/install/robo_collector_interfaces/share/robo_collector_interfaces/cmake)
-- Using PYTHON_EXECUTABLE: /usr/bin/python3
-- Override CMake install command with custom implementation using symlinks instead of copying resources
-- Using all available rosidl_typesupport_c: rosidl_typesupport_fastrtps_c;rosidl_typesupport_introspection_c
-- Found rosidl_adapter: 1.3.0 (/opt/ros/foxy/share/rosidl_adapter/cmake)
-- Using all available rosidl_typesupport_cpp: rosidl_typesupport_fastrtps_cpp;rosidl_typesupport_introspection_cpp
-- Configuring done
-- Generating done
-- Build files have been written to: /home/ros2-user/ros2_workspace/robotics-v1/build/robo_collector_common
[35m[1mScanning dependencies of target robo_collector_common[0m
[ 16%] [32mBuilding CXX object CMakeFiles/robo_collector_common.dir/src/layout/controller/buttons/HelpButton.cpp.o[0m
[ 33%] [32mBuilding CXX object CMakeFiles/robo_collector_common.dir/src/layout/controller/buttons/SettingsButton.cpp.o[0m
[ 50%] [32mBuilding CXX object CMakeFiles/robo_collector_common.dir/src/layout/controller/buttons/MoveButton.cpp.o[0m
[ 66%] [32mBuilding CXX object CMakeFiles/robo_collector_common.dir/src/layout/controller/RoboCollectorUiController.cpp.o[0m
[ 83%] [32m[1mLinking CXX static library librobo_collector_common.a[0m
[100%] Built target robo_collector_common
-- Install configuration: "Debug"
-- Execute custom install script
-- Up-to-date symlink: /home/ros2-user/ros2_workspace/robotics-v1/install/robo_collector_common/share/robo_collector_common/package.xml
-- Up-to-date symlink: /home/ros2-user/ros2_workspace/robotics-v1/install/robo_collector_common/lib/robo_collector_common/librobo_collector_common.a
-- Symlinking: /home/ros2-user/ros2_workspace/robotics-v1/install/robo_collector_common/share/ament_index/resource_index/packages/robo_collector_common
-- Up-to-date symlink: /home/ros2-user/ros2_workspace/robotics-v1/install/robo_collector_common/share/robo_collector_common/hook/ament_prefix_path.dsv
-- Up-to-date symlink: /home/ros2-user/ros2_workspace/robotics-v1/install/robo_collector_common/share/robo_collector_common/hook/ros_package_path.dsv
-- Up-to-date symlink: /home/ros2-user/ros2_workspace/robotics-v1/install/robo_collector_common/share/ament_index/resource_index/package_run_dependencies/robo_collector_common
-- Up-to-date symlink: /home/ros2-user/ros2_workspace/robotics-v1/install/robo_collector_common/share/ament_index/resource_index/parent_prefix_path/robo_collector_common
-- Up-to-date symlink: /home/ros2-user/ros2_workspace/robotics-v1/install/robo_collector_common/share/robo_collector_common/environment/ament_prefix_path.sh
-- Up-to-date symlink: /home/ros2-user/ros2_workspace/robotics-v1/install/robo_collector_common/share/robo_collector_common/environment/ament_prefix_path.dsv
-- Up-to-date symlink: /home/ros2-user/ros2_workspace/robotics-v1/install/robo_collector_common/share/robo_collector_common/environment/path.sh
-- Up-to-date symlink: /home/ros2-user/ros2_workspace/robotics-v1/install/robo_collector_common/share/robo_collector_common/environment/path.dsv
-- Up-to-date symlink: /home/ros2-user/ros2_workspace/robotics-v1/install/robo_collector_common/share/robo_collector_common/local_setup.bash
-- Up-to-date symlink: /home/ros2-user/ros2_workspace/robotics-v1/install/robo_collector_common/share/robo_collector_common/local_setup.sh
-- Up-to-date symlink: /home/ros2-user/ros2_workspace/robotics-v1/install/robo_collector_common/share/robo_collector_common/local_setup.zsh
-- Up-to-date symlink: /home/ros2-user/ros2_workspace/robotics-v1/install/robo_collector_common/share/robo_collector_common/local_setup.dsv
-- Symlinking: /home/ros2-user/ros2_workspace/robotics-v1/install/robo_collector_common/share/robo_collector_common/package.dsv
-- Symlinking: /home/ros2-user/ros2_workspace/robotics-v1/install/robo_collector_common/share/ament_index/resource_index/packages/robo_collector_common
-- Up-to-date symlink: /home/ros2-user/ros2_workspace/robotics-v1/install/robo_collector_common/share/robo_collector_common/cmake/robo_collector_commonConfig.cmake
-- Up-to-date symlink: /home/ros2-user/ros2_workspace/robotics-v1/install/robo_collector_common/share/robo_collector_common/cmake/robo_collector_commonConfig-version.cmake
-- Up-to-date symlink: /home/ros2-user/ros2_workspace/robotics-v1/install/robo_collector_common/share/robo_collector_common/package.xml
-- Up-to-date symlink: /home/ros2-user/ros2_workspace/robotics-v1/install/robo_collector_common/include/robo_collector_common/defines/RoboCollectorFunctionalDefines.h
-- Up-to-date symlink: /home/ros2-user/ros2_workspace/robotics-v1/install/robo_collector_common/include/robo_collector_common/defines/RoboCollectorTopics.h
-- Up-to-date symlink: /home/ros2-user/ros2_workspace/robotics-v1/install/robo_collector_common/include/robo_collector_common/layout/controller/RoboCollectorUiController.h
-- Up-to-date symlink: /home/ros2-user/ros2_workspace/robotics-v1/install/robo_collector_common/include/robo_collector_common/layout/controller/buttons/HelpButton.h
-- Up-to-date symlink: /home/ros2-user/ros2_workspace/robotics-v1/install/robo_collector_common/include/robo_collector_common/layout/controller/buttons/MoveButton.h
-- Up-to-date symlink: /home/ros2-user/ros2_workspace/robotics-v1/install/robo_collector_common/include/robo_collector_common/layout/controller/buttons/SettingsButton.h
-- Up-to-date symlink: /home/ros2-user/ros2_workspace/robotics-v1/install/robo_collector_common/include/robo_collector_common/layout/controller/config/RoboCollectorUiControllerBaseConfig.h
-- Up-to-date symlink: /home/ros2-user/ros2_workspace/robotics-v1/install/robo_collector_common/include/robo_collector_common/message_helpers/RoboCollectorMessageHelpers.h
-- Up-to-date symlink: /home/ros2-user/ros2_workspace/robotics-v1/install/robo_collector_common/lib/cmake/robo_collector_common/robo_collector_commonConfig.cmake
-- Installing: /home/ros2-user/ros2_workspace/robotics-v1/install/robo_collector_common/lib/librobo_collector_common.a
-- Up-to-date: /home/ros2-user/ros2_workspace/robotics-v1/install/robo_collector_common/lib/cmake/robo_collector_common/robo_collector_commonTargets.cmake
-- Installing: /home/ros2-user/ros2_workspace/robotics-v1/install/robo_collector_common/lib/cmake/robo_collector_common/robo_collector_commonTargets-debug.cmake
