[0.069s] Invoking command in '/home/ros2-user/ros2_workspace/robotics-v1/build/robo_collector_common': AMENT_PREFIX_PATH=/home/ros2-user/ros2_workspace/robotics-v1/install/robo_collector_interfaces:${AMENT_PREFIX_PATH} CMAKE_PREFIX_PATH=/home/ros2-user/ros2_workspace/robotics-v1/install/robo_common:/home/ros2-user/ros2_workspace/robotics-v1/install/manager_utils:/home/ros2-user/ros2_workspace/robotics-v1/install/sdl_utils:/home/ros2-user/ros2_workspace/robotics-v1/install/resource_utils:/home/ros2-user/ros2_workspace/robotics-v1/install/utils:/home/ros2-user/ros2_workspace/robotics-v1/install/robo_collector_interfaces:/home/ros2-user/ros2_workspace/robotics-v1/install/cmake_helpers:/opt/ros/foxy LD_LIBRARY_PATH=/home/ros2-user/ros2_workspace/robotics-v1/install/robo_collector_interfaces/lib:${LD_LIBRARY_PATH} PKG_CONFIG_PATH=/home/ros2-user/ros2_workspace/robotics-v1/install/robo_common/lib/x86_64-linux-gnu/pkgconfig:/home/ros2-user/ros2_workspace/robotics-v1/install/robo_common/lib/pkgconfig:/home/ros2-user/ros2_workspace/robotics-v1/install/manager_utils/lib/x86_64-linux-gnu/pkgconfig:/home/ros2-user/ros2_workspace/robotics-v1/install/manager_utils/lib/pkgconfig:/home/ros2-user/ros2_workspace/robotics-v1/install/sdl_utils/lib/x86_64-linux-gnu/pkgconfig:/home/ros2-user/ros2_workspace/robotics-v1/install/sdl_utils/lib/pkgconfig:/home/ros2-user/ros2_workspace/robotics-v1/install/resource_utils/lib/x86_64-linux-gnu/pkgconfig:/home/ros2-user/ros2_workspace/robotics-v1/install/resource_utils/lib/pkgconfig:/home/ros2-user/ros2_workspace/robotics-v1/install/utils/lib/x86_64-linux-gnu/pkgconfig:/home/ros2-user/ros2_workspace/robotics-v1/install/utils/lib/pkgconfig:/home/ros2-user/ros2_workspace/robotics-v1/install/cmake_helpers/lib/x86_64-linux-gnu/pkgconfig:/home/ros2-user/ros2_workspace/robotics-v1/install/cmake_helpers/lib/pkgconfig PYTHONPATH=/home/ros2-user/ros2_workspace/robotics-v1/install/robo_collector_interfaces/lib/python3.8/site-packages:${PYTHONPATH} /usr/bin/cmake /home/ros2-user/ros2_workspace/robotics-v1/src/robo_collector/robo_collector_common -DCMAKE_BUILD_TYPE=Debug -DCMAKE_CXX_COMPILER=/usr/bin/g++ -DAMENT_CMAKE_SYMLINK_INSTALL=1 -DCMAKE_INSTALL_PREFIX=/home/ros2-user/ros2_workspace/robotics-v1/install/robo_collector_common
[0.252s] -- The CXX compiler identification is GNU 9.4.0
[0.263s] -- Check for working CXX compiler: /usr/bin/g++
[0.712s] -- Check for working CXX compiler: /usr/bin/g++ -- works
[0.713s] -- Detecting CXX compiler ABI info
[0.917s] -- Detecting CXX compiler ABI info - done
[0.938s] -- Detecting CXX compile features
[0.939s] -- Detecting CXX compile features - done
[0.942s] -- Found cmake_helpers: 1.0.0 (/home/ros2-user/ros2_workspace/robotics-v1/install/cmake_helpers/share/cmake_helpers/cmake)
[0.949s] -- Looking for C++ include pthread.h
[1.457s] -- Looking for C++ include pthread.h - found
[1.460s] -- Performing Test CMAKE_HAVE_LIBC_PTHREAD
[1.853s] -- Performing Test CMAKE_HAVE_LIBC_PTHREAD - Failed
[1.853s] -- Looking for pthread_create in pthreads
[2.042s] -- Looking for pthread_create in pthreads - not found
[2.045s] -- Looking for pthread_create in pthread
[2.472s] -- Looking for pthread_create in pthread - found
[2.476s] -- Found Threads: TRUE  
[2.487s] -- Found robo_collector_interfaces: 1.0.0 (/home/ros2-user/ros2_workspace/robotics-v1/install/robo_collector_interfaces/share/robo_collector_interfaces/cmake)
[2.701s] -- Found PythonInterp: /usr/bin/python3 (found suitable version "3.8.10", minimum required is "3") 
[2.701s] -- Using PYTHON_EXECUTABLE: /usr/bin/python3
[3.222s] -- Override CMake install command with custom implementation using symlinks instead of copying resources
[3.357s] -- Using all available rosidl_typesupport_c: rosidl_typesupport_fastrtps_c;rosidl_typesupport_introspection_c
[3.377s] -- Found rosidl_adapter: 1.3.0 (/opt/ros/foxy/share/rosidl_adapter/cmake)
[3.812s] -- Found OpenSSL: /usr/lib/x86_64-linux-gnu/libcrypto.so (found version "1.1.1f")  
[3.884s] -- Found FastRTPS: /opt/ros/foxy/include  
[4.154s] -- Using all available rosidl_typesupport_cpp: rosidl_typesupport_fastrtps_cpp;rosidl_typesupport_introspection_cpp
[4.574s] -- Configuring done
[4.620s] -- Generating done
[4.624s] -- Build files have been written to: /home/ros2-user/ros2_workspace/robotics-v1/build/robo_collector_common
[4.640s] Invoked command in '/home/ros2-user/ros2_workspace/robotics-v1/build/robo_collector_common' returned '0': AMENT_PREFIX_PATH=/home/ros2-user/ros2_workspace/robotics-v1/install/robo_collector_interfaces:${AMENT_PREFIX_PATH} CMAKE_PREFIX_PATH=/home/ros2-user/ros2_workspace/robotics-v1/install/robo_common:/home/ros2-user/ros2_workspace/robotics-v1/install/manager_utils:/home/ros2-user/ros2_workspace/robotics-v1/install/sdl_utils:/home/ros2-user/ros2_workspace/robotics-v1/install/resource_utils:/home/ros2-user/ros2_workspace/robotics-v1/install/utils:/home/ros2-user/ros2_workspace/robotics-v1/install/robo_collector_interfaces:/home/ros2-user/ros2_workspace/robotics-v1/install/cmake_helpers:/opt/ros/foxy LD_LIBRARY_PATH=/home/ros2-user/ros2_workspace/robotics-v1/install/robo_collector_interfaces/lib:${LD_LIBRARY_PATH} PKG_CONFIG_PATH=/home/ros2-user/ros2_workspace/robotics-v1/install/robo_common/lib/x86_64-linux-gnu/pkgconfig:/home/ros2-user/ros2_workspace/robotics-v1/install/robo_common/lib/pkgconfig:/home/ros2-user/ros2_workspace/robotics-v1/install/manager_utils/lib/x86_64-linux-gnu/pkgconfig:/home/ros2-user/ros2_workspace/robotics-v1/install/manager_utils/lib/pkgconfig:/home/ros2-user/ros2_workspace/robotics-v1/install/sdl_utils/lib/x86_64-linux-gnu/pkgconfig:/home/ros2-user/ros2_workspace/robotics-v1/install/sdl_utils/lib/pkgconfig:/home/ros2-user/ros2_workspace/robotics-v1/install/resource_utils/lib/x86_64-linux-gnu/pkgconfig:/home/ros2-user/ros2_workspace/robotics-v1/install/resource_utils/lib/pkgconfig:/home/ros2-user/ros2_workspace/robotics-v1/install/utils/lib/x86_64-linux-gnu/pkgconfig:/home/ros2-user/ros2_workspace/robotics-v1/install/utils/lib/pkgconfig:/home/ros2-user/ros2_workspace/robotics-v1/install/cmake_helpers/lib/x86_64-linux-gnu/pkgconfig:/home/ros2-user/ros2_workspace/robotics-v1/install/cmake_helpers/lib/pkgconfig PYTHONPATH=/home/ros2-user/ros2_workspace/robotics-v1/install/robo_collector_interfaces/lib/python3.8/site-packages:${PYTHONPATH} /usr/bin/cmake /home/ros2-user/ros2_workspace/robotics-v1/src/robo_collector/robo_collector_common -DCMAKE_BUILD_TYPE=Debug -DCMAKE_CXX_COMPILER=/usr/bin/g++ -DAMENT_CMAKE_SYMLINK_INSTALL=1 -DCMAKE_INSTALL_PREFIX=/home/ros2-user/ros2_workspace/robotics-v1/install/robo_collector_common
[4.642s] Invoking command in '/home/ros2-user/ros2_workspace/robotics-v1/build/robo_collector_common': AMENT_PREFIX_PATH=/home/ros2-user/ros2_workspace/robotics-v1/install/robo_collector_interfaces:${AMENT_PREFIX_PATH} CMAKE_PREFIX_PATH=/home/ros2-user/ros2_workspace/robotics-v1/install/robo_common:/home/ros2-user/ros2_workspace/robotics-v1/install/manager_utils:/home/ros2-user/ros2_workspace/robotics-v1/install/sdl_utils:/home/ros2-user/ros2_workspace/robotics-v1/install/resource_utils:/home/ros2-user/ros2_workspace/robotics-v1/install/utils:/home/ros2-user/ros2_workspace/robotics-v1/install/robo_collector_interfaces:/home/ros2-user/ros2_workspace/robotics-v1/install/cmake_helpers:/opt/ros/foxy LD_LIBRARY_PATH=/home/ros2-user/ros2_workspace/robotics-v1/install/robo_collector_interfaces/lib:${LD_LIBRARY_PATH} PKG_CONFIG_PATH=/home/ros2-user/ros2_workspace/robotics-v1/install/robo_common/lib/x86_64-linux-gnu/pkgconfig:/home/ros2-user/ros2_workspace/robotics-v1/install/robo_common/lib/pkgconfig:/home/ros2-user/ros2_workspace/robotics-v1/install/manager_utils/lib/x86_64-linux-gnu/pkgconfig:/home/ros2-user/ros2_workspace/robotics-v1/install/manager_utils/lib/pkgconfig:/home/ros2-user/ros2_workspace/robotics-v1/install/sdl_utils/lib/x86_64-linux-gnu/pkgconfig:/home/ros2-user/ros2_workspace/robotics-v1/install/sdl_utils/lib/pkgconfig:/home/ros2-user/ros2_workspace/robotics-v1/install/resource_utils/lib/x86_64-linux-gnu/pkgconfig:/home/ros2-user/ros2_workspace/robotics-v1/install/resource_utils/lib/pkgconfig:/home/ros2-user/ros2_workspace/robotics-v1/install/utils/lib/x86_64-linux-gnu/pkgconfig:/home/ros2-user/ros2_workspace/robotics-v1/install/utils/lib/pkgconfig:/home/ros2-user/ros2_workspace/robotics-v1/install/cmake_helpers/lib/x86_64-linux-gnu/pkgconfig:/home/ros2-user/ros2_workspace/robotics-v1/install/cmake_helpers/lib/pkgconfig PYTHONPATH=/home/ros2-user/ros2_workspace/robotics-v1/install/robo_collector_interfaces/lib/python3.8/site-packages:${PYTHONPATH} /usr/bin/cmake --build /home/ros2-user/ros2_workspace/robotics-v1/build/robo_collector_common -- -j4 -l4
[4.881s] [35m[1mScanning dependencies of target robo_collector_common[0m
[4.947s] [ 16%] [32mBuilding CXX object CMakeFiles/robo_collector_common.dir/src/layout/controller/buttons/MoveButton.cpp.o[0m
[5.900s] [ 33%] [32mBuilding CXX object CMakeFiles/robo_collector_common.dir/src/layout/controller/RoboCollectorUiController.cpp.o[0m
[7.605s] [ 50%] [32mBuilding CXX object CMakeFiles/robo_collector_common.dir/src/message_helpers/RoboCollectorMessageHelpers.cpp.o[0m
[9.196s] [ 66%] [32mBuilding CXX object CMakeFiles/robo_collector_common.dir/src/layout/controller/buttons/SettingsButton.cpp.o[0m
[10.637s] [ 83%] [32mBuilding CXX object CMakeFiles/robo_collector_common.dir/src/layout/controller/buttons/HelpButton.cpp.o[0m
[12.055s] [100%] [32m[1mLinking CXX static library librobo_collector_common.a[0m
[12.262s] [100%] Built target robo_collector_common
[12.318s] Invoked command in '/home/ros2-user/ros2_workspace/robotics-v1/build/robo_collector_common' returned '0': AMENT_PREFIX_PATH=/home/ros2-user/ros2_workspace/robotics-v1/install/robo_collector_interfaces:${AMENT_PREFIX_PATH} CMAKE_PREFIX_PATH=/home/ros2-user/ros2_workspace/robotics-v1/install/robo_common:/home/ros2-user/ros2_workspace/robotics-v1/install/manager_utils:/home/ros2-user/ros2_workspace/robotics-v1/install/sdl_utils:/home/ros2-user/ros2_workspace/robotics-v1/install/resource_utils:/home/ros2-user/ros2_workspace/robotics-v1/install/utils:/home/ros2-user/ros2_workspace/robotics-v1/install/robo_collector_interfaces:/home/ros2-user/ros2_workspace/robotics-v1/install/cmake_helpers:/opt/ros/foxy LD_LIBRARY_PATH=/home/ros2-user/ros2_workspace/robotics-v1/install/robo_collector_interfaces/lib:${LD_LIBRARY_PATH} PKG_CONFIG_PATH=/home/ros2-user/ros2_workspace/robotics-v1/install/robo_common/lib/x86_64-linux-gnu/pkgconfig:/home/ros2-user/ros2_workspace/robotics-v1/install/robo_common/lib/pkgconfig:/home/ros2-user/ros2_workspace/robotics-v1/install/manager_utils/lib/x86_64-linux-gnu/pkgconfig:/home/ros2-user/ros2_workspace/robotics-v1/install/manager_utils/lib/pkgconfig:/home/ros2-user/ros2_workspace/robotics-v1/install/sdl_utils/lib/x86_64-linux-gnu/pkgconfig:/home/ros2-user/ros2_workspace/robotics-v1/install/sdl_utils/lib/pkgconfig:/home/ros2-user/ros2_workspace/robotics-v1/install/resource_utils/lib/x86_64-linux-gnu/pkgconfig:/home/ros2-user/ros2_workspace/robotics-v1/install/resource_utils/lib/pkgconfig:/home/ros2-user/ros2_workspace/robotics-v1/install/utils/lib/x86_64-linux-gnu/pkgconfig:/home/ros2-user/ros2_workspace/robotics-v1/install/utils/lib/pkgconfig:/home/ros2-user/ros2_workspace/robotics-v1/install/cmake_helpers/lib/x86_64-linux-gnu/pkgconfig:/home/ros2-user/ros2_workspace/robotics-v1/install/cmake_helpers/lib/pkgconfig PYTHONPATH=/home/ros2-user/ros2_workspace/robotics-v1/install/robo_collector_interfaces/lib/python3.8/site-packages:${PYTHONPATH} /usr/bin/cmake --build /home/ros2-user/ros2_workspace/robotics-v1/build/robo_collector_common -- -j4 -l4
[12.712s] Invoking command in '/home/ros2-user/ros2_workspace/robotics-v1/build/robo_collector_common': AMENT_PREFIX_PATH=/home/ros2-user/ros2_workspace/robotics-v1/install/robo_collector_interfaces:${AMENT_PREFIX_PATH} CMAKE_PREFIX_PATH=/home/ros2-user/ros2_workspace/robotics-v1/install/robo_common:/home/ros2-user/ros2_workspace/robotics-v1/install/manager_utils:/home/ros2-user/ros2_workspace/robotics-v1/install/sdl_utils:/home/ros2-user/ros2_workspace/robotics-v1/install/resource_utils:/home/ros2-user/ros2_workspace/robotics-v1/install/utils:/home/ros2-user/ros2_workspace/robotics-v1/install/robo_collector_interfaces:/home/ros2-user/ros2_workspace/robotics-v1/install/cmake_helpers:/opt/ros/foxy LD_LIBRARY_PATH=/home/ros2-user/ros2_workspace/robotics-v1/install/robo_collector_interfaces/lib:${LD_LIBRARY_PATH} PKG_CONFIG_PATH=/home/ros2-user/ros2_workspace/robotics-v1/install/robo_common/lib/x86_64-linux-gnu/pkgconfig:/home/ros2-user/ros2_workspace/robotics-v1/install/robo_common/lib/pkgconfig:/home/ros2-user/ros2_workspace/robotics-v1/install/manager_utils/lib/x86_64-linux-gnu/pkgconfig:/home/ros2-user/ros2_workspace/robotics-v1/install/manager_utils/lib/pkgconfig:/home/ros2-user/ros2_workspace/robotics-v1/install/sdl_utils/lib/x86_64-linux-gnu/pkgconfig:/home/ros2-user/ros2_workspace/robotics-v1/install/sdl_utils/lib/pkgconfig:/home/ros2-user/ros2_workspace/robotics-v1/install/resource_utils/lib/x86_64-linux-gnu/pkgconfig:/home/ros2-user/ros2_workspace/robotics-v1/install/resource_utils/lib/pkgconfig:/home/ros2-user/ros2_workspace/robotics-v1/install/utils/lib/x86_64-linux-gnu/pkgconfig:/home/ros2-user/ros2_workspace/robotics-v1/install/utils/lib/pkgconfig:/home/ros2-user/ros2_workspace/robotics-v1/install/cmake_helpers/lib/x86_64-linux-gnu/pkgconfig:/home/ros2-user/ros2_workspace/robotics-v1/install/cmake_helpers/lib/pkgconfig PYTHONPATH=/home/ros2-user/ros2_workspace/robotics-v1/install/robo_collector_interfaces/lib/python3.8/site-packages:${PYTHONPATH} /usr/bin/cmake --install /home/ros2-user/ros2_workspace/robotics-v1/build/robo_collector_common
[12.757s] -- Install configuration: "Debug"
[12.773s] -- Execute custom install script
[12.774s] -- Symlinking: /home/ros2-user/ros2_workspace/robotics-v1/install/robo_collector_common/share/robo_collector_common/package.xml
[12.834s] -- Symlinking: /home/ros2-user/ros2_workspace/robotics-v1/install/robo_collector_common/lib/robo_collector_common/librobo_collector_common.a
[12.862s] -- Symlinking: /home/ros2-user/ros2_workspace/robotics-v1/install/robo_collector_common/share/ament_index/resource_index/packages/robo_collector_common
[12.888s] -- Symlinking: /home/ros2-user/ros2_workspace/robotics-v1/install/robo_collector_common/share/robo_collector_common/hook/ament_prefix_path.dsv
[12.927s] -- Symlinking: /home/ros2-user/ros2_workspace/robotics-v1/install/robo_collector_common/share/robo_collector_common/hook/ros_package_path.dsv
[12.970s] -- Symlinking: /home/ros2-user/ros2_workspace/robotics-v1/install/robo_collector_common/share/ament_index/resource_index/package_run_dependencies/robo_collector_common
[13.008s] -- Symlinking: /home/ros2-user/ros2_workspace/robotics-v1/install/robo_collector_common/share/ament_index/resource_index/parent_prefix_path/robo_collector_common
[13.081s] -- Symlinking: /home/ros2-user/ros2_workspace/robotics-v1/install/robo_collector_common/share/robo_collector_common/environment/ament_prefix_path.sh
[13.123s] -- Symlinking: /home/ros2-user/ros2_workspace/robotics-v1/install/robo_collector_common/share/robo_collector_common/environment/ament_prefix_path.dsv
[13.199s] -- Symlinking: /home/ros2-user/ros2_workspace/robotics-v1/install/robo_collector_common/share/robo_collector_common/environment/path.sh
[13.245s] -- Symlinking: /home/ros2-user/ros2_workspace/robotics-v1/install/robo_collector_common/share/robo_collector_common/environment/path.dsv
[13.274s] -- Symlinking: /home/ros2-user/ros2_workspace/robotics-v1/install/robo_collector_common/share/robo_collector_common/local_setup.bash
[13.320s] -- Symlinking: /home/ros2-user/ros2_workspace/robotics-v1/install/robo_collector_common/share/robo_collector_common/local_setup.sh
[13.373s] -- Symlinking: /home/ros2-user/ros2_workspace/robotics-v1/install/robo_collector_common/share/robo_collector_common/local_setup.zsh
[13.421s] -- Symlinking: /home/ros2-user/ros2_workspace/robotics-v1/install/robo_collector_common/share/robo_collector_common/local_setup.dsv
[13.466s] -- Symlinking: /home/ros2-user/ros2_workspace/robotics-v1/install/robo_collector_common/share/robo_collector_common/package.dsv
[13.510s] -- Symlinking: /home/ros2-user/ros2_workspace/robotics-v1/install/robo_collector_common/share/ament_index/resource_index/packages/robo_collector_common
[13.539s] -- Symlinking: /home/ros2-user/ros2_workspace/robotics-v1/install/robo_collector_common/share/robo_collector_common/cmake/robo_collector_commonConfig.cmake
[13.572s] -- Symlinking: /home/ros2-user/ros2_workspace/robotics-v1/install/robo_collector_common/share/robo_collector_common/cmake/robo_collector_commonConfig-version.cmake
[13.627s] -- Up-to-date symlink: /home/ros2-user/ros2_workspace/robotics-v1/install/robo_collector_common/share/robo_collector_common/package.xml
[13.631s] -- Symlinking: /home/ros2-user/ros2_workspace/robotics-v1/install/robo_collector_common/include/robo_collector_common/defines/RoboCollectorFunctionalDefines.h
[13.688s] -- Symlinking: /home/ros2-user/ros2_workspace/robotics-v1/install/robo_collector_common/include/robo_collector_common/defines/RoboCollectorTopics.h
[13.728s] -- Symlinking: /home/ros2-user/ros2_workspace/robotics-v1/install/robo_collector_common/include/robo_collector_common/layout/controller/RoboCollectorUiController.h
[13.781s] -- Symlinking: /home/ros2-user/ros2_workspace/robotics-v1/install/robo_collector_common/include/robo_collector_common/layout/controller/buttons/HelpButton.h
[13.854s] -- Symlinking: /home/ros2-user/ros2_workspace/robotics-v1/install/robo_collector_common/include/robo_collector_common/layout/controller/buttons/MoveButton.h
[13.929s] -- Symlinking: /home/ros2-user/ros2_workspace/robotics-v1/install/robo_collector_common/include/robo_collector_common/layout/controller/buttons/SettingsButton.h
[13.982s] -- Symlinking: /home/ros2-user/ros2_workspace/robotics-v1/install/robo_collector_common/include/robo_collector_common/layout/controller/config/RoboCollectorUiControllerBaseConfig.h
[14.040s] -- Symlinking: /home/ros2-user/ros2_workspace/robotics-v1/install/robo_collector_common/include/robo_collector_common/message_helpers/RoboCollectorMessageHelpers.h
[14.093s] -- Symlinking: /home/ros2-user/ros2_workspace/robotics-v1/install/robo_collector_common/lib/cmake/robo_collector_common/robo_collector_commonConfig.cmake
[14.156s] -- Installing: /home/ros2-user/ros2_workspace/robotics-v1/install/robo_collector_common/lib/librobo_collector_common.a
[14.170s] -- Installing: /home/ros2-user/ros2_workspace/robotics-v1/install/robo_collector_common/lib/cmake/robo_collector_common/robo_collector_commonTargets.cmake
[14.171s] -- Installing: /home/ros2-user/ros2_workspace/robotics-v1/install/robo_collector_common/lib/cmake/robo_collector_common/robo_collector_commonTargets-debug.cmake
[14.186s] Invoked command in '/home/ros2-user/ros2_workspace/robotics-v1/build/robo_collector_common' returned '0': AMENT_PREFIX_PATH=/home/ros2-user/ros2_workspace/robotics-v1/install/robo_collector_interfaces:${AMENT_PREFIX_PATH} CMAKE_PREFIX_PATH=/home/ros2-user/ros2_workspace/robotics-v1/install/robo_common:/home/ros2-user/ros2_workspace/robotics-v1/install/manager_utils:/home/ros2-user/ros2_workspace/robotics-v1/install/sdl_utils:/home/ros2-user/ros2_workspace/robotics-v1/install/resource_utils:/home/ros2-user/ros2_workspace/robotics-v1/install/utils:/home/ros2-user/ros2_workspace/robotics-v1/install/robo_collector_interfaces:/home/ros2-user/ros2_workspace/robotics-v1/install/cmake_helpers:/opt/ros/foxy LD_LIBRARY_PATH=/home/ros2-user/ros2_workspace/robotics-v1/install/robo_collector_interfaces/lib:${LD_LIBRARY_PATH} PKG_CONFIG_PATH=/home/ros2-user/ros2_workspace/robotics-v1/install/robo_common/lib/x86_64-linux-gnu/pkgconfig:/home/ros2-user/ros2_workspace/robotics-v1/install/robo_common/lib/pkgconfig:/home/ros2-user/ros2_workspace/robotics-v1/install/manager_utils/lib/x86_64-linux-gnu/pkgconfig:/home/ros2-user/ros2_workspace/robotics-v1/install/manager_utils/lib/pkgconfig:/home/ros2-user/ros2_workspace/robotics-v1/install/sdl_utils/lib/x86_64-linux-gnu/pkgconfig:/home/ros2-user/ros2_workspace/robotics-v1/install/sdl_utils/lib/pkgconfig:/home/ros2-user/ros2_workspace/robotics-v1/install/resource_utils/lib/x86_64-linux-gnu/pkgconfig:/home/ros2-user/ros2_workspace/robotics-v1/install/resource_utils/lib/pkgconfig:/home/ros2-user/ros2_workspace/robotics-v1/install/utils/lib/x86_64-linux-gnu/pkgconfig:/home/ros2-user/ros2_workspace/robotics-v1/install/utils/lib/pkgconfig:/home/ros2-user/ros2_workspace/robotics-v1/install/cmake_helpers/lib/x86_64-linux-gnu/pkgconfig:/home/ros2-user/ros2_workspace/robotics-v1/install/cmake_helpers/lib/pkgconfig PYTHONPATH=/home/ros2-user/ros2_workspace/robotics-v1/install/robo_collector_interfaces/lib/python3.8/site-packages:${PYTHONPATH} /usr/bin/cmake --install /home/ros2-user/ros2_workspace/robotics-v1/build/robo_collector_common
