[0.297s] Invoking command in '/home/ros2-user/ros2_workspace/robotics-v1/build/robo_cleaner_common': AMENT_PREFIX_PATH=/home/ros2-user/ros2_workspace/robotics-v1/install/robo_cleaner_interfaces:${AMENT_PREFIX_PATH} CMAKE_PREFIX_PATH=/home/ros2-user/ros2_workspace/robotics-v1/install/robo_common:/home/ros2-user/ros2_workspace/robotics-v1/install/manager_utils:/home/ros2-user/ros2_workspace/robotics-v1/install/sdl_utils:/home/ros2-user/ros2_workspace/robotics-v1/install/resource_utils:/home/ros2-user/ros2_workspace/robotics-v1/install/utils:/home/ros2-user/ros2_workspace/robotics-v1/install/robo_cleaner_interfaces:/home/ros2-user/ros2_workspace/robotics-v1/install/cmake_helpers:/opt/ros/foxy LD_LIBRARY_PATH=/home/ros2-user/ros2_workspace/robotics-v1/install/robo_cleaner_interfaces/lib:${LD_LIBRARY_PATH} PKG_CONFIG_PATH=/home/ros2-user/ros2_workspace/robotics-v1/install/robo_common/lib/x86_64-linux-gnu/pkgconfig:/home/ros2-user/ros2_workspace/robotics-v1/install/robo_common/lib/pkgconfig:/home/ros2-user/ros2_workspace/robotics-v1/install/manager_utils/lib/x86_64-linux-gnu/pkgconfig:/home/ros2-user/ros2_workspace/robotics-v1/install/manager_utils/lib/pkgconfig:/home/ros2-user/ros2_workspace/robotics-v1/install/sdl_utils/lib/x86_64-linux-gnu/pkgconfig:/home/ros2-user/ros2_workspace/robotics-v1/install/sdl_utils/lib/pkgconfig:/home/ros2-user/ros2_workspace/robotics-v1/install/resource_utils/lib/x86_64-linux-gnu/pkgconfig:/home/ros2-user/ros2_workspace/robotics-v1/install/resource_utils/lib/pkgconfig:/home/ros2-user/ros2_workspace/robotics-v1/install/utils/lib/x86_64-linux-gnu/pkgconfig:/home/ros2-user/ros2_workspace/robotics-v1/install/utils/lib/pkgconfig:/home/ros2-user/ros2_workspace/robotics-v1/install/cmake_helpers/lib/x86_64-linux-gnu/pkgconfig:/home/ros2-user/ros2_workspace/robotics-v1/install/cmake_helpers/lib/pkgconfig PYTHONPATH=/home/ros2-user/ros2_workspace/robotics-v1/install/robo_cleaner_interfaces/lib/python3.8/site-packages:${PYTHONPATH} /usr/bin/cmake /home/ros2-user/ros2_workspace/robotics-v1/src/robo_cleaner/robo_cleaner_common -DCMAKE_BUILD_TYPE=Debug -DCMAKE_CXX_COMPILER=/usr/bin/g++ -DAMENT_CMAKE_SYMLINK_INSTALL=1 -DCMAKE_INSTALL_PREFIX=/home/ros2-user/ros2_workspace/robotics-v1/install/robo_cleaner_common
[0.612s] -- The CXX compiler identification is GNU 9.4.0
[0.639s] -- Check for working CXX compiler: /usr/bin/g++
[1.966s] -- Check for working CXX compiler: /usr/bin/g++ -- works
[1.967s] -- Detecting CXX compiler ABI info
[2.366s] -- Detecting CXX compiler ABI info - done
[2.394s] -- Detecting CXX compile features
[2.397s] -- Detecting CXX compile features - done
[2.414s] -- Found cmake_helpers: 1.0.0 (/home/ros2-user/ros2_workspace/robotics-v1/install/cmake_helpers/share/cmake_helpers/cmake)
[2.435s] -- Looking for C++ include pthread.h
[2.779s] -- Looking for C++ include pthread.h - found
[2.780s] -- Performing Test CMAKE_HAVE_LIBC_PTHREAD
[3.174s] -- Performing Test CMAKE_HAVE_LIBC_PTHREAD - Failed
[3.176s] -- Looking for pthread_create in pthreads
[3.431s] -- Looking for pthread_create in pthreads - not found
[3.431s] -- Looking for pthread_create in pthread
[3.779s] -- Looking for pthread_create in pthread - found
[3.782s] -- Found Threads: TRUE  
[3.791s] -- Found robo_cleaner_interfaces: 1.0.0 (/home/ros2-user/ros2_workspace/robotics-v1/install/robo_cleaner_interfaces/share/robo_cleaner_interfaces/cmake)
[3.886s] -- Found PythonInterp: /usr/bin/python3 (found suitable version "3.8.10", minimum required is "3") 
[3.886s] -- Using PYTHON_EXECUTABLE: /usr/bin/python3
[4.578s] -- Override CMake install command with custom implementation using symlinks instead of copying resources
[4.831s] -- Using all available rosidl_typesupport_c: rosidl_typesupport_fastrtps_c;rosidl_typesupport_introspection_c
[4.841s] -- Found rosidl_adapter: 1.3.0 (/opt/ros/foxy/share/rosidl_adapter/cmake)
[5.172s] -- Found OpenSSL: /usr/lib/x86_64-linux-gnu/libcrypto.so (found version "1.1.1f")  
[5.253s] -- Found FastRTPS: /opt/ros/foxy/include  
[5.509s] -- Using all available rosidl_typesupport_cpp: rosidl_typesupport_fastrtps_cpp;rosidl_typesupport_introspection_cpp
[6.191s] -- Configuring done
[6.215s] -- Generating done
[6.221s] -- Build files have been written to: /home/ros2-user/ros2_workspace/robotics-v1/build/robo_cleaner_common
[6.246s] Invoked command in '/home/ros2-user/ros2_workspace/robotics-v1/build/robo_cleaner_common' returned '0': AMENT_PREFIX_PATH=/home/ros2-user/ros2_workspace/robotics-v1/install/robo_cleaner_interfaces:${AMENT_PREFIX_PATH} CMAKE_PREFIX_PATH=/home/ros2-user/ros2_workspace/robotics-v1/install/robo_common:/home/ros2-user/ros2_workspace/robotics-v1/install/manager_utils:/home/ros2-user/ros2_workspace/robotics-v1/install/sdl_utils:/home/ros2-user/ros2_workspace/robotics-v1/install/resource_utils:/home/ros2-user/ros2_workspace/robotics-v1/install/utils:/home/ros2-user/ros2_workspace/robotics-v1/install/robo_cleaner_interfaces:/home/ros2-user/ros2_workspace/robotics-v1/install/cmake_helpers:/opt/ros/foxy LD_LIBRARY_PATH=/home/ros2-user/ros2_workspace/robotics-v1/install/robo_cleaner_interfaces/lib:${LD_LIBRARY_PATH} PKG_CONFIG_PATH=/home/ros2-user/ros2_workspace/robotics-v1/install/robo_common/lib/x86_64-linux-gnu/pkgconfig:/home/ros2-user/ros2_workspace/robotics-v1/install/robo_common/lib/pkgconfig:/home/ros2-user/ros2_workspace/robotics-v1/install/manager_utils/lib/x86_64-linux-gnu/pkgconfig:/home/ros2-user/ros2_workspace/robotics-v1/install/manager_utils/lib/pkgconfig:/home/ros2-user/ros2_workspace/robotics-v1/install/sdl_utils/lib/x86_64-linux-gnu/pkgconfig:/home/ros2-user/ros2_workspace/robotics-v1/install/sdl_utils/lib/pkgconfig:/home/ros2-user/ros2_workspace/robotics-v1/install/resource_utils/lib/x86_64-linux-gnu/pkgconfig:/home/ros2-user/ros2_workspace/robotics-v1/install/resource_utils/lib/pkgconfig:/home/ros2-user/ros2_workspace/robotics-v1/install/utils/lib/x86_64-linux-gnu/pkgconfig:/home/ros2-user/ros2_workspace/robotics-v1/install/utils/lib/pkgconfig:/home/ros2-user/ros2_workspace/robotics-v1/install/cmake_helpers/lib/x86_64-linux-gnu/pkgconfig:/home/ros2-user/ros2_workspace/robotics-v1/install/cmake_helpers/lib/pkgconfig PYTHONPATH=/home/ros2-user/ros2_workspace/robotics-v1/install/robo_cleaner_interfaces/lib/python3.8/site-packages:${PYTHONPATH} /usr/bin/cmake /home/ros2-user/ros2_workspace/robotics-v1/src/robo_cleaner/robo_cleaner_common -DCMAKE_BUILD_TYPE=Debug -DCMAKE_CXX_COMPILER=/usr/bin/g++ -DAMENT_CMAKE_SYMLINK_INSTALL=1 -DCMAKE_INSTALL_PREFIX=/home/ros2-user/ros2_workspace/robotics-v1/install/robo_cleaner_common
[6.254s] Invoking command in '/home/ros2-user/ros2_workspace/robotics-v1/build/robo_cleaner_common': AMENT_PREFIX_PATH=/home/ros2-user/ros2_workspace/robotics-v1/install/robo_cleaner_interfaces:${AMENT_PREFIX_PATH} CMAKE_PREFIX_PATH=/home/ros2-user/ros2_workspace/robotics-v1/install/robo_common:/home/ros2-user/ros2_workspace/robotics-v1/install/manager_utils:/home/ros2-user/ros2_workspace/robotics-v1/install/sdl_utils:/home/ros2-user/ros2_workspace/robotics-v1/install/resource_utils:/home/ros2-user/ros2_workspace/robotics-v1/install/utils:/home/ros2-user/ros2_workspace/robotics-v1/install/robo_cleaner_interfaces:/home/ros2-user/ros2_workspace/robotics-v1/install/cmake_helpers:/opt/ros/foxy LD_LIBRARY_PATH=/home/ros2-user/ros2_workspace/robotics-v1/install/robo_cleaner_interfaces/lib:${LD_LIBRARY_PATH} PKG_CONFIG_PATH=/home/ros2-user/ros2_workspace/robotics-v1/install/robo_common/lib/x86_64-linux-gnu/pkgconfig:/home/ros2-user/ros2_workspace/robotics-v1/install/robo_common/lib/pkgconfig:/home/ros2-user/ros2_workspace/robotics-v1/install/manager_utils/lib/x86_64-linux-gnu/pkgconfig:/home/ros2-user/ros2_workspace/robotics-v1/install/manager_utils/lib/pkgconfig:/home/ros2-user/ros2_workspace/robotics-v1/install/sdl_utils/lib/x86_64-linux-gnu/pkgconfig:/home/ros2-user/ros2_workspace/robotics-v1/install/sdl_utils/lib/pkgconfig:/home/ros2-user/ros2_workspace/robotics-v1/install/resource_utils/lib/x86_64-linux-gnu/pkgconfig:/home/ros2-user/ros2_workspace/robotics-v1/install/resource_utils/lib/pkgconfig:/home/ros2-user/ros2_workspace/robotics-v1/install/utils/lib/x86_64-linux-gnu/pkgconfig:/home/ros2-user/ros2_workspace/robotics-v1/install/utils/lib/pkgconfig:/home/ros2-user/ros2_workspace/robotics-v1/install/cmake_helpers/lib/x86_64-linux-gnu/pkgconfig:/home/ros2-user/ros2_workspace/robotics-v1/install/cmake_helpers/lib/pkgconfig PYTHONPATH=/home/ros2-user/ros2_workspace/robotics-v1/install/robo_cleaner_interfaces/lib/python3.8/site-packages:${PYTHONPATH} /usr/bin/cmake --build /home/ros2-user/ros2_workspace/robotics-v1/build/robo_cleaner_common -- -j4 -l4
[6.533s] [35m[1mScanning dependencies of target robo_cleaner_common[0m
[6.562s] [ 33%] [32mBuilding CXX object CMakeFiles/robo_cleaner_common.dir/src/message_helpers/RoboCleanerMessageHelpers.cpp.o[0m
[8.267s] [ 66%] [32mBuilding CXX object CMakeFiles/robo_cleaner_common.dir/src/defines/RoboCleanerDefines.cpp.o[0m
[8.434s] [100%] [32m[1mLinking CXX static library librobo_cleaner_common.a[0m
[8.653s] [100%] Built target robo_cleaner_common
[8.694s] Invoked command in '/home/ros2-user/ros2_workspace/robotics-v1/build/robo_cleaner_common' returned '0': AMENT_PREFIX_PATH=/home/ros2-user/ros2_workspace/robotics-v1/install/robo_cleaner_interfaces:${AMENT_PREFIX_PATH} CMAKE_PREFIX_PATH=/home/ros2-user/ros2_workspace/robotics-v1/install/robo_common:/home/ros2-user/ros2_workspace/robotics-v1/install/manager_utils:/home/ros2-user/ros2_workspace/robotics-v1/install/sdl_utils:/home/ros2-user/ros2_workspace/robotics-v1/install/resource_utils:/home/ros2-user/ros2_workspace/robotics-v1/install/utils:/home/ros2-user/ros2_workspace/robotics-v1/install/robo_cleaner_interfaces:/home/ros2-user/ros2_workspace/robotics-v1/install/cmake_helpers:/opt/ros/foxy LD_LIBRARY_PATH=/home/ros2-user/ros2_workspace/robotics-v1/install/robo_cleaner_interfaces/lib:${LD_LIBRARY_PATH} PKG_CONFIG_PATH=/home/ros2-user/ros2_workspace/robotics-v1/install/robo_common/lib/x86_64-linux-gnu/pkgconfig:/home/ros2-user/ros2_workspace/robotics-v1/install/robo_common/lib/pkgconfig:/home/ros2-user/ros2_workspace/robotics-v1/install/manager_utils/lib/x86_64-linux-gnu/pkgconfig:/home/ros2-user/ros2_workspace/robotics-v1/install/manager_utils/lib/pkgconfig:/home/ros2-user/ros2_workspace/robotics-v1/install/sdl_utils/lib/x86_64-linux-gnu/pkgconfig:/home/ros2-user/ros2_workspace/robotics-v1/install/sdl_utils/lib/pkgconfig:/home/ros2-user/ros2_workspace/robotics-v1/install/resource_utils/lib/x86_64-linux-gnu/pkgconfig:/home/ros2-user/ros2_workspace/robotics-v1/install/resource_utils/lib/pkgconfig:/home/ros2-user/ros2_workspace/robotics-v1/install/utils/lib/x86_64-linux-gnu/pkgconfig:/home/ros2-user/ros2_workspace/robotics-v1/install/utils/lib/pkgconfig:/home/ros2-user/ros2_workspace/robotics-v1/install/cmake_helpers/lib/x86_64-linux-gnu/pkgconfig:/home/ros2-user/ros2_workspace/robotics-v1/install/cmake_helpers/lib/pkgconfig PYTHONPATH=/home/ros2-user/ros2_workspace/robotics-v1/install/robo_cleaner_interfaces/lib/python3.8/site-packages:${PYTHONPATH} /usr/bin/cmake --build /home/ros2-user/ros2_workspace/robotics-v1/build/robo_cleaner_common -- -j4 -l4
[9.365s] Invoking command in '/home/ros2-user/ros2_workspace/robotics-v1/build/robo_cleaner_common': AMENT_PREFIX_PATH=/home/ros2-user/ros2_workspace/robotics-v1/install/robo_cleaner_interfaces:${AMENT_PREFIX_PATH} CMAKE_PREFIX_PATH=/home/ros2-user/ros2_workspace/robotics-v1/install/robo_common:/home/ros2-user/ros2_workspace/robotics-v1/install/manager_utils:/home/ros2-user/ros2_workspace/robotics-v1/install/sdl_utils:/home/ros2-user/ros2_workspace/robotics-v1/install/resource_utils:/home/ros2-user/ros2_workspace/robotics-v1/install/utils:/home/ros2-user/ros2_workspace/robotics-v1/install/robo_cleaner_interfaces:/home/ros2-user/ros2_workspace/robotics-v1/install/cmake_helpers:/opt/ros/foxy LD_LIBRARY_PATH=/home/ros2-user/ros2_workspace/robotics-v1/install/robo_cleaner_interfaces/lib:${LD_LIBRARY_PATH} PKG_CONFIG_PATH=/home/ros2-user/ros2_workspace/robotics-v1/install/robo_common/lib/x86_64-linux-gnu/pkgconfig:/home/ros2-user/ros2_workspace/robotics-v1/install/robo_common/lib/pkgconfig:/home/ros2-user/ros2_workspace/robotics-v1/install/manager_utils/lib/x86_64-linux-gnu/pkgconfig:/home/ros2-user/ros2_workspace/robotics-v1/install/manager_utils/lib/pkgconfig:/home/ros2-user/ros2_workspace/robotics-v1/install/sdl_utils/lib/x86_64-linux-gnu/pkgconfig:/home/ros2-user/ros2_workspace/robotics-v1/install/sdl_utils/lib/pkgconfig:/home/ros2-user/ros2_workspace/robotics-v1/install/resource_utils/lib/x86_64-linux-gnu/pkgconfig:/home/ros2-user/ros2_workspace/robotics-v1/install/resource_utils/lib/pkgconfig:/home/ros2-user/ros2_workspace/robotics-v1/install/utils/lib/x86_64-linux-gnu/pkgconfig:/home/ros2-user/ros2_workspace/robotics-v1/install/utils/lib/pkgconfig:/home/ros2-user/ros2_workspace/robotics-v1/install/cmake_helpers/lib/x86_64-linux-gnu/pkgconfig:/home/ros2-user/ros2_workspace/robotics-v1/install/cmake_helpers/lib/pkgconfig PYTHONPATH=/home/ros2-user/ros2_workspace/robotics-v1/install/robo_cleaner_interfaces/lib/python3.8/site-packages:${PYTHONPATH} /usr/bin/cmake --install /home/ros2-user/ros2_workspace/robotics-v1/build/robo_cleaner_common
[9.430s] -- Install configuration: "Debug"
[9.431s] -- Execute custom install script
[9.434s] -- Symlinking: /home/ros2-user/ros2_workspace/robotics-v1/install/robo_cleaner_common/share/robo_cleaner_common/package.xml
[9.474s] -- Symlinking: /home/ros2-user/ros2_workspace/robotics-v1/install/robo_cleaner_common/lib/robo_cleaner_common/librobo_cleaner_common.a
[9.516s] -- Symlinking: /home/ros2-user/ros2_workspace/robotics-v1/install/robo_cleaner_common/share/ament_index/resource_index/packages/robo_cleaner_common
[9.549s] -- Symlinking: /home/ros2-user/ros2_workspace/robotics-v1/install/robo_cleaner_common/share/robo_cleaner_common/hook/ament_prefix_path.dsv
[9.575s] -- Symlinking: /home/ros2-user/ros2_workspace/robotics-v1/install/robo_cleaner_common/share/robo_cleaner_common/hook/ros_package_path.dsv
[9.603s] -- Symlinking: /home/ros2-user/ros2_workspace/robotics-v1/install/robo_cleaner_common/share/ament_index/resource_index/package_run_dependencies/robo_cleaner_common
[9.639s] -- Symlinking: /home/ros2-user/ros2_workspace/robotics-v1/install/robo_cleaner_common/share/ament_index/resource_index/parent_prefix_path/robo_cleaner_common
[9.674s] -- Symlinking: /home/ros2-user/ros2_workspace/robotics-v1/install/robo_cleaner_common/share/robo_cleaner_common/environment/ament_prefix_path.sh
[9.705s] -- Symlinking: /home/ros2-user/ros2_workspace/robotics-v1/install/robo_cleaner_common/share/robo_cleaner_common/environment/ament_prefix_path.dsv
[9.750s] -- Symlinking: /home/ros2-user/ros2_workspace/robotics-v1/install/robo_cleaner_common/share/robo_cleaner_common/environment/path.sh
[9.779s] -- Symlinking: /home/ros2-user/ros2_workspace/robotics-v1/install/robo_cleaner_common/share/robo_cleaner_common/environment/path.dsv
[9.811s] -- Symlinking: /home/ros2-user/ros2_workspace/robotics-v1/install/robo_cleaner_common/share/robo_cleaner_common/local_setup.bash
[9.846s] -- Symlinking: /home/ros2-user/ros2_workspace/robotics-v1/install/robo_cleaner_common/share/robo_cleaner_common/local_setup.sh
[9.869s] -- Symlinking: /home/ros2-user/ros2_workspace/robotics-v1/install/robo_cleaner_common/share/robo_cleaner_common/local_setup.zsh
[9.899s] -- Symlinking: /home/ros2-user/ros2_workspace/robotics-v1/install/robo_cleaner_common/share/robo_cleaner_common/local_setup.dsv
[9.917s] -- Symlinking: /home/ros2-user/ros2_workspace/robotics-v1/install/robo_cleaner_common/share/robo_cleaner_common/package.dsv
[9.979s] -- Symlinking: /home/ros2-user/ros2_workspace/robotics-v1/install/robo_cleaner_common/share/ament_index/resource_index/packages/robo_cleaner_common
[10.035s] -- Symlinking: /home/ros2-user/ros2_workspace/robotics-v1/install/robo_cleaner_common/share/robo_cleaner_common/cmake/robo_cleaner_commonConfig.cmake
[10.133s] -- Symlinking: /home/ros2-user/ros2_workspace/robotics-v1/install/robo_cleaner_common/share/robo_cleaner_common/cmake/robo_cleaner_commonConfig-version.cmake
[10.163s] -- Up-to-date symlink: /home/ros2-user/ros2_workspace/robotics-v1/install/robo_cleaner_common/share/robo_cleaner_common/package.xml
[10.166s] -- Symlinking: /home/ros2-user/ros2_workspace/robotics-v1/install/robo_cleaner_common/include/robo_cleaner_common/defines/RoboCleanerDefines.h
[10.194s] -- Symlinking: /home/ros2-user/ros2_workspace/robotics-v1/install/robo_cleaner_common/include/robo_cleaner_common/defines/RoboCleanerTopics.h
[10.219s] -- Symlinking: /home/ros2-user/ros2_workspace/robotics-v1/install/robo_cleaner_common/include/robo_cleaner_common/message_helpers/RoboCleanerMessageHelpers.h
[10.257s] -- Symlinking: /home/ros2-user/ros2_workspace/robotics-v1/install/robo_cleaner_common/lib/cmake/robo_cleaner_common/robo_cleaner_commonConfig.cmake
[10.276s] -- Installing: /home/ros2-user/ros2_workspace/robotics-v1/install/robo_cleaner_common/lib/librobo_cleaner_common.a
[10.277s] -- Installing: /home/ros2-user/ros2_workspace/robotics-v1/install/robo_cleaner_common/lib/cmake/robo_cleaner_common/robo_cleaner_commonTargets.cmake
[10.278s] -- Installing: /home/ros2-user/ros2_workspace/robotics-v1/install/robo_cleaner_common/lib/cmake/robo_cleaner_common/robo_cleaner_commonTargets-debug.cmake
[10.313s] Invoked command in '/home/ros2-user/ros2_workspace/robotics-v1/build/robo_cleaner_common' returned '0': AMENT_PREFIX_PATH=/home/ros2-user/ros2_workspace/robotics-v1/install/robo_cleaner_interfaces:${AMENT_PREFIX_PATH} CMAKE_PREFIX_PATH=/home/ros2-user/ros2_workspace/robotics-v1/install/robo_common:/home/ros2-user/ros2_workspace/robotics-v1/install/manager_utils:/home/ros2-user/ros2_workspace/robotics-v1/install/sdl_utils:/home/ros2-user/ros2_workspace/robotics-v1/install/resource_utils:/home/ros2-user/ros2_workspace/robotics-v1/install/utils:/home/ros2-user/ros2_workspace/robotics-v1/install/robo_cleaner_interfaces:/home/ros2-user/ros2_workspace/robotics-v1/install/cmake_helpers:/opt/ros/foxy LD_LIBRARY_PATH=/home/ros2-user/ros2_workspace/robotics-v1/install/robo_cleaner_interfaces/lib:${LD_LIBRARY_PATH} PKG_CONFIG_PATH=/home/ros2-user/ros2_workspace/robotics-v1/install/robo_common/lib/x86_64-linux-gnu/pkgconfig:/home/ros2-user/ros2_workspace/robotics-v1/install/robo_common/lib/pkgconfig:/home/ros2-user/ros2_workspace/robotics-v1/install/manager_utils/lib/x86_64-linux-gnu/pkgconfig:/home/ros2-user/ros2_workspace/robotics-v1/install/manager_utils/lib/pkgconfig:/home/ros2-user/ros2_workspace/robotics-v1/install/sdl_utils/lib/x86_64-linux-gnu/pkgconfig:/home/ros2-user/ros2_workspace/robotics-v1/install/sdl_utils/lib/pkgconfig:/home/ros2-user/ros2_workspace/robotics-v1/install/resource_utils/lib/x86_64-linux-gnu/pkgconfig:/home/ros2-user/ros2_workspace/robotics-v1/install/resource_utils/lib/pkgconfig:/home/ros2-user/ros2_workspace/robotics-v1/install/utils/lib/x86_64-linux-gnu/pkgconfig:/home/ros2-user/ros2_workspace/robotics-v1/install/utils/lib/pkgconfig:/home/ros2-user/ros2_workspace/robotics-v1/install/cmake_helpers/lib/x86_64-linux-gnu/pkgconfig:/home/ros2-user/ros2_workspace/robotics-v1/install/cmake_helpers/lib/pkgconfig PYTHONPATH=/home/ros2-user/ros2_workspace/robotics-v1/install/robo_cleaner_interfaces/lib/python3.8/site-packages:${PYTHONPATH} /usr/bin/cmake --install /home/ros2-user/ros2_workspace/robotics-v1/build/robo_cleaner_common
