[0.050s] Invoking command in '/home/ros2-user/ros2_workspace/robotics-v1/build/utils': CMAKE_PREFIX_PATH=/home/ros2-user/ros2_workspace/robotics-v1/install/cmake_helpers:/opt/ros/foxy PKG_CONFIG_PATH=/home/ros2-user/ros2_workspace/robotics-v1/install/cmake_helpers/lib/x86_64-linux-gnu/pkgconfig:/home/ros2-user/ros2_workspace/robotics-v1/install/cmake_helpers/lib/pkgconfig /usr/bin/cmake --build /home/ros2-user/ros2_workspace/robotics-v1/build/utils -- -j4 -l4
[0.303s] [100%] Built target utils
[0.359s] Invoked command in '/home/ros2-user/ros2_workspace/robotics-v1/build/utils' returned '0': CMAKE_PREFIX_PATH=/home/ros2-user/ros2_workspace/robotics-v1/install/cmake_helpers:/opt/ros/foxy PKG_CONFIG_PATH=/home/ros2-user/ros2_workspace/robotics-v1/install/cmake_helpers/lib/x86_64-linux-gnu/pkgconfig:/home/ros2-user/ros2_workspace/robotics-v1/install/cmake_helpers/lib/pkgconfig /usr/bin/cmake --build /home/ros2-user/ros2_workspace/robotics-v1/build/utils -- -j4 -l4
[0.633s] Invoking command in '/home/ros2-user/ros2_workspace/robotics-v1/build/utils': CMAKE_PREFIX_PATH=/home/ros2-user/ros2_workspace/robotics-v1/install/cmake_helpers:/opt/ros/foxy PKG_CONFIG_PATH=/home/ros2-user/ros2_workspace/robotics-v1/install/cmake_helpers/lib/x86_64-linux-gnu/pkgconfig:/home/ros2-user/ros2_workspace/robotics-v1/install/cmake_helpers/lib/pkgconfig /usr/bin/cmake --install /home/ros2-user/ros2_workspace/robotics-v1/build/utils
[0.660s] -- Install configuration: "Debug"
[0.662s] -- Up-to-date: /home/ros2-user/ros2_workspace/robotics-v1/install/utils/share/utils/package.xml
[0.665s] -- Up-to-date: /home/ros2-user/ros2_workspace/robotics-v1/install/utils/lib/utils/libutils.a
[0.665s] -- Up-to-date: /home/ros2-user/ros2_workspace/robotics-v1/install/utils/share/ament_index/resource_index/packages/utils
[0.665s] -- Up-to-date: /home/ros2-user/ros2_workspace/robotics-v1/install/utils/share/utils/hook/ament_prefix_path.dsv
[0.666s] -- Up-to-date: /home/ros2-user/ros2_workspace/robotics-v1/install/utils/share/utils/hook/ros_package_path.dsv
[0.666s] -- Up-to-date: /home/ros2-user/ros2_workspace/robotics-v1/install/utils/share/ament_index/resource_index/package_run_dependencies/utils
[0.666s] -- Up-to-date: /home/ros2-user/ros2_workspace/robotics-v1/install/utils/share/ament_index/resource_index/parent_prefix_path/utils
[0.667s] -- Up-to-date: /home/ros2-user/ros2_workspace/robotics-v1/install/utils/share/utils/environment/ament_prefix_path.sh
[0.667s] -- Up-to-date: /home/ros2-user/ros2_workspace/robotics-v1/install/utils/share/utils/environment/ament_prefix_path.dsv
[0.668s] -- Up-to-date: /home/ros2-user/ros2_workspace/robotics-v1/install/utils/share/utils/environment/path.sh
[0.669s] -- Up-to-date: /home/ros2-user/ros2_workspace/robotics-v1/install/utils/share/utils/environment/path.dsv
[0.669s] -- Up-to-date: /home/ros2-user/ros2_workspace/robotics-v1/install/utils/share/utils/local_setup.bash
[0.670s] -- Up-to-date: /home/ros2-user/ros2_workspace/robotics-v1/install/utils/share/utils/local_setup.sh
[0.671s] -- Up-to-date: /home/ros2-user/ros2_workspace/robotics-v1/install/utils/share/utils/local_setup.zsh
[0.671s] -- Up-to-date: /home/ros2-user/ros2_workspace/robotics-v1/install/utils/share/utils/local_setup.dsv
[0.673s] -- Installing: /home/ros2-user/ros2_workspace/robotics-v1/install/utils/share/utils/package.dsv
[0.674s] -- Up-to-date: /home/ros2-user/ros2_workspace/robotics-v1/install/utils/share/ament_index/resource_index/packages/utils
[0.674s] -- Up-to-date: /home/ros2-user/ros2_workspace/robotics-v1/install/utils/share/utils/cmake/utilsConfig.cmake
[0.675s] -- Up-to-date: /home/ros2-user/ros2_workspace/robotics-v1/install/utils/share/utils/cmake/utilsConfig-version.cmake
[0.676s] -- Up-to-date: /home/ros2-user/ros2_workspace/robotics-v1/install/utils/share/utils/package.xml
[0.677s] -- Up-to-date: /home/ros2-user/ros2_workspace/robotics-v1/install/utils/lib/libutils.a
[0.678s] -- Up-to-date: /home/ros2-user/ros2_workspace/robotics-v1/install/utils/include
[0.679s] -- Up-to-date: /home/ros2-user/ros2_workspace/robotics-v1/install/utils/include/utils
[0.680s] -- Up-to-date: /home/ros2-user/ros2_workspace/robotics-v1/install/utils/include/utils/drawing
[0.682s] -- Up-to-date: /home/ros2-user/ros2_workspace/robotics-v1/install/utils/include/utils/drawing/Rectangle.h
[0.682s] -- Up-to-date: /home/ros2-user/ros2_workspace/robotics-v1/install/utils/include/utils/drawing/WidgetAligner.h
[0.682s] -- Up-to-date: /home/ros2-user/ros2_workspace/robotics-v1/install/utils/include/utils/drawing/Margin.h
[0.683s] -- Up-to-date: /home/ros2-user/ros2_workspace/robotics-v1/install/utils/include/utils/drawing/Point.h
[0.683s] -- Up-to-date: /home/ros2-user/ros2_workspace/robotics-v1/install/utils/include/utils/drawing/Color.h
[0.684s] -- Up-to-date: /home/ros2-user/ros2_workspace/robotics-v1/install/utils/include/utils/rng
[0.685s] -- Up-to-date: /home/ros2-user/ros2_workspace/robotics-v1/install/utils/include/utils/rng/Rng.h
[0.685s] -- Up-to-date: /home/ros2-user/ros2_workspace/robotics-v1/install/utils/include/utils/ErrorCode.h
[0.686s] -- Up-to-date: /home/ros2-user/ros2_workspace/robotics-v1/install/utils/include/utils/concurrency
[0.687s] -- Up-to-date: /home/ros2-user/ros2_workspace/robotics-v1/install/utils/include/utils/concurrency/ThreadSafeQueue.h
[0.689s] -- Up-to-date: /home/ros2-user/ros2_workspace/robotics-v1/install/utils/include/utils/file
[0.690s] -- Up-to-date: /home/ros2-user/ros2_workspace/robotics-v1/install/utils/include/utils/file/IniFileParser.h
[0.692s] -- Up-to-date: /home/ros2-user/ros2_workspace/robotics-v1/install/utils/include/utils/data_type
[0.693s] -- Up-to-date: /home/ros2-user/ros2_workspace/robotics-v1/install/utils/include/utils/data_type/FloatingPoint.h
[0.695s] -- Up-to-date: /home/ros2-user/ros2_workspace/robotics-v1/install/utils/include/utils/data_type/StringUtils.h
[0.697s] -- Up-to-date: /home/ros2-user/ros2_workspace/robotics-v1/install/utils/include/utils/data_type/FloatingPointUtils.h
[0.698s] -- Up-to-date: /home/ros2-user/ros2_workspace/robotics-v1/install/utils/include/utils/data_type/IntegerUtils.h
[0.700s] -- Up-to-date: /home/ros2-user/ros2_workspace/robotics-v1/install/utils/include/utils/data_type/EnumClassUtils.h
[0.702s] -- Up-to-date: /home/ros2-user/ros2_workspace/robotics-v1/install/utils/include/utils/Log.h
[0.702s] -- Up-to-date: /home/ros2-user/ros2_workspace/robotics-v1/install/utils/include/utils/LimitValues.h
[0.704s] -- Up-to-date: /home/ros2-user/ros2_workspace/robotics-v1/install/utils/include/utils/debug
[0.705s] -- Up-to-date: /home/ros2-user/ros2_workspace/robotics-v1/install/utils/include/utils/debug/StackTrace.h
[0.706s] -- Up-to-date: /home/ros2-user/ros2_workspace/robotics-v1/install/utils/include/utils/debug/FunctionTracer.h
[0.706s] -- Up-to-date: /home/ros2-user/ros2_workspace/robotics-v1/install/utils/include/utils/debug/SignalHandler.h
[0.707s] -- Up-to-date: /home/ros2-user/ros2_workspace/robotics-v1/install/utils/include/utils/common
[0.709s] -- Up-to-date: /home/ros2-user/ros2_workspace/robotics-v1/install/utils/include/utils/common/CircularBuffer.h
[0.710s] -- Up-to-date: /home/ros2-user/ros2_workspace/robotics-v1/install/utils/include/utils/common/defines
[0.711s] -- Up-to-date: /home/ros2-user/ros2_workspace/robotics-v1/install/utils/include/utils/common/defines/SymbolNameDefines.h
[0.711s] -- Up-to-date: /home/ros2-user/ros2_workspace/robotics-v1/install/utils/include/utils/common/AutoCircularBuffer.h
[0.712s] -- Up-to-date: /home/ros2-user/ros2_workspace/robotics-v1/install/utils/include/utils/common/Crc.h
[0.713s] -- Up-to-date: /home/ros2-user/ros2_workspace/robotics-v1/install/utils/include/utils/class
[0.714s] -- Up-to-date: /home/ros2-user/ros2_workspace/robotics-v1/install/utils/include/utils/class/NonMoveable.h
[0.714s] -- Up-to-date: /home/ros2-user/ros2_workspace/robotics-v1/install/utils/include/utils/class/NonCopyable.h
[0.715s] -- Up-to-date: /home/ros2-user/ros2_workspace/robotics-v1/install/utils/include/utils/time
[0.717s] -- Up-to-date: /home/ros2-user/ros2_workspace/robotics-v1/install/utils/include/utils/time/Time.h
[0.718s] -- Up-to-date: /home/ros2-user/ros2_workspace/robotics-v1/install/utils/include/utils/file_system
[0.719s] -- Up-to-date: /home/ros2-user/ros2_workspace/robotics-v1/install/utils/include/utils/file_system/FileSystemUtils.h
[0.721s] -- Up-to-date: /home/ros2-user/ros2_workspace/robotics-v1/install/utils/lib/cmake/utils/utilsTargets.cmake
[0.722s] -- Up-to-date: /home/ros2-user/ros2_workspace/robotics-v1/install/utils/lib/cmake/utils/utilsTargets-debug.cmake
[0.732s] -- Up-to-date: /home/ros2-user/ros2_workspace/robotics-v1/install/utils/lib/cmake/utils/utilsConfig.cmake
[0.750s] Invoked command in '/home/ros2-user/ros2_workspace/robotics-v1/build/utils' returned '0': CMAKE_PREFIX_PATH=/home/ros2-user/ros2_workspace/robotics-v1/install/cmake_helpers:/opt/ros/foxy PKG_CONFIG_PATH=/home/ros2-user/ros2_workspace/robotics-v1/install/cmake_helpers/lib/x86_64-linux-gnu/pkgconfig:/home/ros2-user/ros2_workspace/robotics-v1/install/cmake_helpers/lib/pkgconfig /usr/bin/cmake --install /home/ros2-user/ros2_workspace/robotics-v1/build/utils
