-- The CXX compiler identification is GNU 9.4.0
-- Check for working CXX compiler: /usr/bin/g++
-- Check for working CXX compiler: /usr/bin/g++ -- works
-- Detecting CXX compiler ABI info
-- Detecting CXX compiler ABI info - done
-- Detecting CXX compile features
-- Detecting CXX compile features - done
-- Found cmake_helpers: 1.0.0 (/home/ros2-user/ros2_workspace/robotics-v1/install/cmake_helpers/share/cmake_helpers/cmake)
-- Found ament_cmake: 0.9.11 (/opt/ros/foxy/share/ament_cmake/cmake)
-- Found PythonInterp: /usr/bin/python3 (found suitable version "3.8.10", minimum required is "3") 
-- Using PYTHON_EXECUTABLE: /usr/bin/python3
-- Found rclcpp: 2.4.2 (/opt/ros/foxy/share/rclcpp/cmake)
-- Using all available rosidl_typesupport_c: rosidl_typesupport_fastrtps_c;rosidl_typesupport_introspection_c
-- Found rosidl_adapter: 1.3.0 (/opt/ros/foxy/share/rosidl_adapter/cmake)
-- Found OpenSSL: /usr/lib/x86_64-linux-gnu/libcrypto.so (found version "1.1.1f")  
-- Found FastRTPS: /opt/ros/foxy/include  
-- Using all available rosidl_typesupport_cpp: rosidl_typesupport_fastrtps_cpp;rosidl_typesupport_introspection_cpp
-- Found rmw_implementation_cmake: 1.0.3 (/opt/ros/foxy/share/rmw_implementation_cmake/cmake)
-- Using RMW implementation 'rmw_fastrtps_cpp' as default
-- Looking for C++ include pthread.h
-- Looking for C++ include pthread.h - found
-- Performing Test CMAKE_HAVE_LIBC_PTHREAD
-- Performing Test CMAKE_HAVE_LIBC_PTHREAD - Failed
-- Looking for pthread_create in pthreads
-- Looking for pthread_create in pthreads - not found
-- Looking for pthread_create in pthread
-- Looking for pthread_create in pthread - found
-- Found Threads: TRUE  
-- Configuring done
-- Generating done
-- Build files have been written to: /home/ros2-user/ros2_workspace/robotics-v1/build/ros2_game_engine
[35m[1mScanning dependencies of target ros2_game_engine[0m
[ 33%] [32mBuilding CXX object CMakeFiles/ros2_game_engine.dir/src/communicator/Ros2Communicator.cpp.o[0m
[ 66%] [32mBuilding CXX object CMakeFiles/ros2_game_engine.dir/src/communicator/config/Ros2CommunicatorConfig.cpp.o[0m
[100%] [32m[1mLinking CXX static library libros2_game_engine.a[0m
[100%] Built target ros2_game_engine
-- Install configuration: "Debug"
-- Installing: /home/ros2-user/ros2_workspace/robotics-v1/install/ros2_game_engine/share/ros2_game_engine/package.xml
-- Installing: /home/ros2-user/ros2_workspace/robotics-v1/install/ros2_game_engine/lib/ros2_game_engine/libros2_game_engine.a
-- Installing: /home/ros2-user/ros2_workspace/robotics-v1/install/ros2_game_engine/share/ament_index/resource_index/packages/ros2_game_engine
-- Installing: /home/ros2-user/ros2_workspace/robotics-v1/install/ros2_game_engine/share/ros2_game_engine/hook/ament_prefix_path.dsv
-- Installing: /home/ros2-user/ros2_workspace/robotics-v1/install/ros2_game_engine/share/ros2_game_engine/hook/ros_package_path.dsv
-- Installing: /home/ros2-user/ros2_workspace/robotics-v1/install/ros2_game_engine/share/ament_index/resource_index/package_run_dependencies/ros2_game_engine
-- Installing: /home/ros2-user/ros2_workspace/robotics-v1/install/ros2_game_engine/share/ament_index/resource_index/parent_prefix_path/ros2_game_engine
-- Installing: /home/ros2-user/ros2_workspace/robotics-v1/install/ros2_game_engine/share/ros2_game_engine/environment/ament_prefix_path.sh
-- Installing: /home/ros2-user/ros2_workspace/robotics-v1/install/ros2_game_engine/share/ros2_game_engine/environment/ament_prefix_path.dsv
-- Installing: /home/ros2-user/ros2_workspace/robotics-v1/install/ros2_game_engine/share/ros2_game_engine/environment/path.sh
-- Installing: /home/ros2-user/ros2_workspace/robotics-v1/install/ros2_game_engine/share/ros2_game_engine/environment/path.dsv
-- Installing: /home/ros2-user/ros2_workspace/robotics-v1/install/ros2_game_engine/share/ros2_game_engine/local_setup.bash
-- Installing: /home/ros2-user/ros2_workspace/robotics-v1/install/ros2_game_engine/share/ros2_game_engine/local_setup.sh
-- Installing: /home/ros2-user/ros2_workspace/robotics-v1/install/ros2_game_engine/share/ros2_game_engine/local_setup.zsh
-- Installing: /home/ros2-user/ros2_workspace/robotics-v1/install/ros2_game_engine/share/ros2_game_engine/local_setup.dsv
-- Installing: /home/ros2-user/ros2_workspace/robotics-v1/install/ros2_game_engine/share/ros2_game_engine/package.dsv
-- Up-to-date: /home/ros2-user/ros2_workspace/robotics-v1/install/ros2_game_engine/share/ament_index/resource_index/packages/ros2_game_engine
-- Installing: /home/ros2-user/ros2_workspace/robotics-v1/install/ros2_game_engine/share/ros2_game_engine/cmake/ament_cmake_export_dependencies-extras.cmake
-- Installing: /home/ros2-user/ros2_workspace/robotics-v1/install/ros2_game_engine/share/ros2_game_engine/cmake/ros2_game_engineConfig.cmake
-- Installing: /home/ros2-user/ros2_workspace/robotics-v1/install/ros2_game_engine/share/ros2_game_engine/cmake/ros2_game_engineConfig-version.cmake
-- Up-to-date: /home/ros2-user/ros2_workspace/robotics-v1/install/ros2_game_engine/share/ros2_game_engine/package.xml
-- Installing: /home/ros2-user/ros2_workspace/robotics-v1/install/ros2_game_engine/lib/libros2_game_engine.a
-- Installing: /home/ros2-user/ros2_workspace/robotics-v1/install/ros2_game_engine/include
-- Installing: /home/ros2-user/ros2_workspace/robotics-v1/install/ros2_game_engine/include/ros2_game_engine
-- Installing: /home/ros2-user/ros2_workspace/robotics-v1/install/ros2_game_engine/include/ros2_game_engine/communicator
-- Installing: /home/ros2-user/ros2_workspace/robotics-v1/install/ros2_game_engine/include/ros2_game_engine/communicator/config
-- Installing: /home/ros2-user/ros2_workspace/robotics-v1/install/ros2_game_engine/include/ros2_game_engine/communicator/config/Ros2CommunicatorConfig.h
-- Installing: /home/ros2-user/ros2_workspace/robotics-v1/install/ros2_game_engine/include/ros2_game_engine/communicator/Ros2Communicator.h
-- Installing: /home/ros2-user/ros2_workspace/robotics-v1/install/ros2_game_engine/include/ros2_game_engine/communicator/Ros2CommunicatorInterface.h
-- Installing: /home/ros2-user/ros2_workspace/robotics-v1/install/ros2_game_engine/lib/cmake/ros2_game_engine/ros2_game_engineTargets.cmake
-- Installing: /home/ros2-user/ros2_workspace/robotics-v1/install/ros2_game_engine/lib/cmake/ros2_game_engine/ros2_game_engineTargets-debug.cmake
-- Installing: /home/ros2-user/ros2_workspace/robotics-v1/install/ros2_game_engine/lib/cmake/ros2_game_engine/ros2_game_engineConfig.cmake
