[0.136s] Invoking command in '/home/ros2-user/ros2_workspace/robotics-v1/build/ros2_game_engine': CMAKE_PREFIX_PATH=/home/ros2-user/ros2_workspace/robotics-v1/install/game_engine:/home/ros2-user/ros2_workspace/robotics-v1/install/manager_utils:/home/ros2-user/ros2_workspace/robotics-v1/install/sdl_utils:/home/ros2-user/ros2_workspace/robotics-v1/install/resource_utils:/home/ros2-user/ros2_workspace/robotics-v1/install/utils:/home/ros2-user/ros2_workspace/robotics-v1/install/cmake_helpers:/opt/ros/foxy PKG_CONFIG_PATH=/home/ros2-user/ros2_workspace/robotics-v1/install/game_engine/lib/x86_64-linux-gnu/pkgconfig:/home/ros2-user/ros2_workspace/robotics-v1/install/game_engine/lib/pkgconfig:/home/ros2-user/ros2_workspace/robotics-v1/install/manager_utils/lib/x86_64-linux-gnu/pkgconfig:/home/ros2-user/ros2_workspace/robotics-v1/install/manager_utils/lib/pkgconfig:/home/ros2-user/ros2_workspace/robotics-v1/install/sdl_utils/lib/x86_64-linux-gnu/pkgconfig:/home/ros2-user/ros2_workspace/robotics-v1/install/sdl_utils/lib/pkgconfig:/home/ros2-user/ros2_workspace/robotics-v1/install/resource_utils/lib/x86_64-linux-gnu/pkgconfig:/home/ros2-user/ros2_workspace/robotics-v1/install/resource_utils/lib/pkgconfig:/home/ros2-user/ros2_workspace/robotics-v1/install/utils/lib/x86_64-linux-gnu/pkgconfig:/home/ros2-user/ros2_workspace/robotics-v1/install/utils/lib/pkgconfig:/home/ros2-user/ros2_workspace/robotics-v1/install/cmake_helpers/lib/x86_64-linux-gnu/pkgconfig:/home/ros2-user/ros2_workspace/robotics-v1/install/cmake_helpers/lib/pkgconfig /usr/bin/cmake /home/ros2-user/ros2_workspace/robotics-v1/src/lib/ros2_game_engine -DCMAKE_BUILD_TYPE=Debug -DCMAKE_CXX_COMPILER=/usr/bin/g++ -DCMAKE_INSTALL_PREFIX=/home/ros2-user/ros2_workspace/robotics-v1/install/ros2_game_engine
[0.502s] -- The CXX compiler identification is GNU 9.4.0
[0.527s] -- Check for working CXX compiler: /usr/bin/g++
[0.922s] -- Check for working CXX compiler: /usr/bin/g++ -- works
[0.923s] -- Detecting CXX compiler ABI info
[1.342s] -- Detecting CXX compiler ABI info - done
[1.377s] -- Detecting CXX compile features
[1.379s] -- Detecting CXX compile features - done
[1.384s] -- Found cmake_helpers: 1.0.0 (/home/ros2-user/ros2_workspace/robotics-v1/install/cmake_helpers/share/cmake_helpers/cmake)
[1.397s] -- Found ament_cmake: 0.9.11 (/opt/ros/foxy/share/ament_cmake/cmake)
[1.485s] -- Found PythonInterp: /usr/bin/python3 (found suitable version "3.8.10", minimum required is "3") 
[1.485s] -- Using PYTHON_EXECUTABLE: /usr/bin/python3
[2.039s] -- Found rclcpp: 2.4.2 (/opt/ros/foxy/share/rclcpp/cmake)
[2.466s] -- Using all available rosidl_typesupport_c: rosidl_typesupport_fastrtps_c;rosidl_typesupport_introspection_c
[2.481s] -- Found rosidl_adapter: 1.3.0 (/opt/ros/foxy/share/rosidl_adapter/cmake)
[2.830s] -- Found OpenSSL: /usr/lib/x86_64-linux-gnu/libcrypto.so (found version "1.1.1f")  
[2.928s] -- Found FastRTPS: /opt/ros/foxy/include  
[3.184s] -- Using all available rosidl_typesupport_cpp: rosidl_typesupport_fastrtps_cpp;rosidl_typesupport_introspection_cpp
[3.487s] -- Found rmw_implementation_cmake: 1.0.3 (/opt/ros/foxy/share/rmw_implementation_cmake/cmake)
[3.512s] -- Using RMW implementation 'rmw_fastrtps_cpp' as default
[3.512s] -- Looking for C++ include pthread.h
[3.915s] -- Looking for C++ include pthread.h - found
[3.917s] -- Performing Test CMAKE_HAVE_LIBC_PTHREAD
[4.295s] -- Performing Test CMAKE_HAVE_LIBC_PTHREAD - Failed
[4.296s] -- Looking for pthread_create in pthreads
[4.573s] -- Looking for pthread_create in pthreads - not found
[4.574s] -- Looking for pthread_create in pthread
[4.861s] -- Looking for pthread_create in pthread - found
[4.865s] -- Found Threads: TRUE  
[5.756s] -- Configuring done
[5.922s] -- Generating done
[5.931s] -- Build files have been written to: /home/ros2-user/ros2_workspace/robotics-v1/build/ros2_game_engine
[5.945s] Invoked command in '/home/ros2-user/ros2_workspace/robotics-v1/build/ros2_game_engine' returned '0': CMAKE_PREFIX_PATH=/home/ros2-user/ros2_workspace/robotics-v1/install/game_engine:/home/ros2-user/ros2_workspace/robotics-v1/install/manager_utils:/home/ros2-user/ros2_workspace/robotics-v1/install/sdl_utils:/home/ros2-user/ros2_workspace/robotics-v1/install/resource_utils:/home/ros2-user/ros2_workspace/robotics-v1/install/utils:/home/ros2-user/ros2_workspace/robotics-v1/install/cmake_helpers:/opt/ros/foxy PKG_CONFIG_PATH=/home/ros2-user/ros2_workspace/robotics-v1/install/game_engine/lib/x86_64-linux-gnu/pkgconfig:/home/ros2-user/ros2_workspace/robotics-v1/install/game_engine/lib/pkgconfig:/home/ros2-user/ros2_workspace/robotics-v1/install/manager_utils/lib/x86_64-linux-gnu/pkgconfig:/home/ros2-user/ros2_workspace/robotics-v1/install/manager_utils/lib/pkgconfig:/home/ros2-user/ros2_workspace/robotics-v1/install/sdl_utils/lib/x86_64-linux-gnu/pkgconfig:/home/ros2-user/ros2_workspace/robotics-v1/install/sdl_utils/lib/pkgconfig:/home/ros2-user/ros2_workspace/robotics-v1/install/resource_utils/lib/x86_64-linux-gnu/pkgconfig:/home/ros2-user/ros2_workspace/robotics-v1/install/resource_utils/lib/pkgconfig:/home/ros2-user/ros2_workspace/robotics-v1/install/utils/lib/x86_64-linux-gnu/pkgconfig:/home/ros2-user/ros2_workspace/robotics-v1/install/utils/lib/pkgconfig:/home/ros2-user/ros2_workspace/robotics-v1/install/cmake_helpers/lib/x86_64-linux-gnu/pkgconfig:/home/ros2-user/ros2_workspace/robotics-v1/install/cmake_helpers/lib/pkgconfig /usr/bin/cmake /home/ros2-user/ros2_workspace/robotics-v1/src/lib/ros2_game_engine -DCMAKE_BUILD_TYPE=Debug -DCMAKE_CXX_COMPILER=/usr/bin/g++ -DCMAKE_INSTALL_PREFIX=/home/ros2-user/ros2_workspace/robotics-v1/install/ros2_game_engine
[5.954s] Invoking command in '/home/ros2-user/ros2_workspace/robotics-v1/build/ros2_game_engine': CMAKE_PREFIX_PATH=/home/ros2-user/ros2_workspace/robotics-v1/install/game_engine:/home/ros2-user/ros2_workspace/robotics-v1/install/manager_utils:/home/ros2-user/ros2_workspace/robotics-v1/install/sdl_utils:/home/ros2-user/ros2_workspace/robotics-v1/install/resource_utils:/home/ros2-user/ros2_workspace/robotics-v1/install/utils:/home/ros2-user/ros2_workspace/robotics-v1/install/cmake_helpers:/opt/ros/foxy PKG_CONFIG_PATH=/home/ros2-user/ros2_workspace/robotics-v1/install/game_engine/lib/x86_64-linux-gnu/pkgconfig:/home/ros2-user/ros2_workspace/robotics-v1/install/game_engine/lib/pkgconfig:/home/ros2-user/ros2_workspace/robotics-v1/install/manager_utils/lib/x86_64-linux-gnu/pkgconfig:/home/ros2-user/ros2_workspace/robotics-v1/install/manager_utils/lib/pkgconfig:/home/ros2-user/ros2_workspace/robotics-v1/install/sdl_utils/lib/x86_64-linux-gnu/pkgconfig:/home/ros2-user/ros2_workspace/robotics-v1/install/sdl_utils/lib/pkgconfig:/home/ros2-user/ros2_workspace/robotics-v1/install/resource_utils/lib/x86_64-linux-gnu/pkgconfig:/home/ros2-user/ros2_workspace/robotics-v1/install/resource_utils/lib/pkgconfig:/home/ros2-user/ros2_workspace/robotics-v1/install/utils/lib/x86_64-linux-gnu/pkgconfig:/home/ros2-user/ros2_workspace/robotics-v1/install/utils/lib/pkgconfig:/home/ros2-user/ros2_workspace/robotics-v1/install/cmake_helpers/lib/x86_64-linux-gnu/pkgconfig:/home/ros2-user/ros2_workspace/robotics-v1/install/cmake_helpers/lib/pkgconfig /usr/bin/cmake --build /home/ros2-user/ros2_workspace/robotics-v1/build/ros2_game_engine -- -j4 -l4
[6.134s] [35m[1mScanning dependencies of target ros2_game_engine[0m
[6.365s] [ 33%] [32mBuilding CXX object CMakeFiles/ros2_game_engine.dir/src/communicator/Ros2Communicator.cpp.o[0m
[11.045s] [ 66%] [32mBuilding CXX object CMakeFiles/ros2_game_engine.dir/src/communicator/config/Ros2CommunicatorConfig.cpp.o[0m
[11.795s] [100%] [32m[1mLinking CXX static library libros2_game_engine.a[0m
[11.848s] [100%] Built target ros2_game_engine
[11.880s] Invoked command in '/home/ros2-user/ros2_workspace/robotics-v1/build/ros2_game_engine' returned '0': CMAKE_PREFIX_PATH=/home/ros2-user/ros2_workspace/robotics-v1/install/game_engine:/home/ros2-user/ros2_workspace/robotics-v1/install/manager_utils:/home/ros2-user/ros2_workspace/robotics-v1/install/sdl_utils:/home/ros2-user/ros2_workspace/robotics-v1/install/resource_utils:/home/ros2-user/ros2_workspace/robotics-v1/install/utils:/home/ros2-user/ros2_workspace/robotics-v1/install/cmake_helpers:/opt/ros/foxy PKG_CONFIG_PATH=/home/ros2-user/ros2_workspace/robotics-v1/install/game_engine/lib/x86_64-linux-gnu/pkgconfig:/home/ros2-user/ros2_workspace/robotics-v1/install/game_engine/lib/pkgconfig:/home/ros2-user/ros2_workspace/robotics-v1/install/manager_utils/lib/x86_64-linux-gnu/pkgconfig:/home/ros2-user/ros2_workspace/robotics-v1/install/manager_utils/lib/pkgconfig:/home/ros2-user/ros2_workspace/robotics-v1/install/sdl_utils/lib/x86_64-linux-gnu/pkgconfig:/home/ros2-user/ros2_workspace/robotics-v1/install/sdl_utils/lib/pkgconfig:/home/ros2-user/ros2_workspace/robotics-v1/install/resource_utils/lib/x86_64-linux-gnu/pkgconfig:/home/ros2-user/ros2_workspace/robotics-v1/install/resource_utils/lib/pkgconfig:/home/ros2-user/ros2_workspace/robotics-v1/install/utils/lib/x86_64-linux-gnu/pkgconfig:/home/ros2-user/ros2_workspace/robotics-v1/install/utils/lib/pkgconfig:/home/ros2-user/ros2_workspace/robotics-v1/install/cmake_helpers/lib/x86_64-linux-gnu/pkgconfig:/home/ros2-user/ros2_workspace/robotics-v1/install/cmake_helpers/lib/pkgconfig /usr/bin/cmake --build /home/ros2-user/ros2_workspace/robotics-v1/build/ros2_game_engine -- -j4 -l4
[12.023s] Invoking command in '/home/ros2-user/ros2_workspace/robotics-v1/build/ros2_game_engine': CMAKE_PREFIX_PATH=/home/ros2-user/ros2_workspace/robotics-v1/install/game_engine:/home/ros2-user/ros2_workspace/robotics-v1/install/manager_utils:/home/ros2-user/ros2_workspace/robotics-v1/install/sdl_utils:/home/ros2-user/ros2_workspace/robotics-v1/install/resource_utils:/home/ros2-user/ros2_workspace/robotics-v1/install/utils:/home/ros2-user/ros2_workspace/robotics-v1/install/cmake_helpers:/opt/ros/foxy PKG_CONFIG_PATH=/home/ros2-user/ros2_workspace/robotics-v1/install/game_engine/lib/x86_64-linux-gnu/pkgconfig:/home/ros2-user/ros2_workspace/robotics-v1/install/game_engine/lib/pkgconfig:/home/ros2-user/ros2_workspace/robotics-v1/install/manager_utils/lib/x86_64-linux-gnu/pkgconfig:/home/ros2-user/ros2_workspace/robotics-v1/install/manager_utils/lib/pkgconfig:/home/ros2-user/ros2_workspace/robotics-v1/install/sdl_utils/lib/x86_64-linux-gnu/pkgconfig:/home/ros2-user/ros2_workspace/robotics-v1/install/sdl_utils/lib/pkgconfig:/home/ros2-user/ros2_workspace/robotics-v1/install/resource_utils/lib/x86_64-linux-gnu/pkgconfig:/home/ros2-user/ros2_workspace/robotics-v1/install/resource_utils/lib/pkgconfig:/home/ros2-user/ros2_workspace/robotics-v1/install/utils/lib/x86_64-linux-gnu/pkgconfig:/home/ros2-user/ros2_workspace/robotics-v1/install/utils/lib/pkgconfig:/home/ros2-user/ros2_workspace/robotics-v1/install/cmake_helpers/lib/x86_64-linux-gnu/pkgconfig:/home/ros2-user/ros2_workspace/robotics-v1/install/cmake_helpers/lib/pkgconfig /usr/bin/cmake --install /home/ros2-user/ros2_workspace/robotics-v1/build/ros2_game_engine
[12.068s] -- Install configuration: "Debug"
[12.072s] -- Installing: /home/ros2-user/ros2_workspace/robotics-v1/install/ros2_game_engine/share/ros2_game_engine/package.xml
[12.073s] -- Installing: /home/ros2-user/ros2_workspace/robotics-v1/install/ros2_game_engine/lib/ros2_game_engine/libros2_game_engine.a
[12.076s] -- Installing: /home/ros2-user/ros2_workspace/robotics-v1/install/ros2_game_engine/share/ament_index/resource_index/packages/ros2_game_engine
[12.080s] -- Installing: /home/ros2-user/ros2_workspace/robotics-v1/install/ros2_game_engine/share/ros2_game_engine/hook/ament_prefix_path.dsv
[12.080s] -- Installing: /home/ros2-user/ros2_workspace/robotics-v1/install/ros2_game_engine/share/ros2_game_engine/hook/ros_package_path.dsv
[12.080s] -- Installing: /home/ros2-user/ros2_workspace/robotics-v1/install/ros2_game_engine/share/ament_index/resource_index/package_run_dependencies/ros2_game_engine
[12.080s] -- Installing: /home/ros2-user/ros2_workspace/robotics-v1/install/ros2_game_engine/share/ament_index/resource_index/parent_prefix_path/ros2_game_engine
[12.081s] -- Installing: /home/ros2-user/ros2_workspace/robotics-v1/install/ros2_game_engine/share/ros2_game_engine/environment/ament_prefix_path.sh
[12.081s] -- Installing: /home/ros2-user/ros2_workspace/robotics-v1/install/ros2_game_engine/share/ros2_game_engine/environment/ament_prefix_path.dsv
[12.081s] -- Installing: /home/ros2-user/ros2_workspace/robotics-v1/install/ros2_game_engine/share/ros2_game_engine/environment/path.sh
[12.081s] -- Installing: /home/ros2-user/ros2_workspace/robotics-v1/install/ros2_game_engine/share/ros2_game_engine/environment/path.dsv
[12.082s] -- Installing: /home/ros2-user/ros2_workspace/robotics-v1/install/ros2_game_engine/share/ros2_game_engine/local_setup.bash
[12.082s] -- Installing: /home/ros2-user/ros2_workspace/robotics-v1/install/ros2_game_engine/share/ros2_game_engine/local_setup.sh
[12.082s] -- Installing: /home/ros2-user/ros2_workspace/robotics-v1/install/ros2_game_engine/share/ros2_game_engine/local_setup.zsh
[12.083s] -- Installing: /home/ros2-user/ros2_workspace/robotics-v1/install/ros2_game_engine/share/ros2_game_engine/local_setup.dsv
[12.084s] -- Installing: /home/ros2-user/ros2_workspace/robotics-v1/install/ros2_game_engine/share/ros2_game_engine/package.dsv
[12.084s] -- Up-to-date: /home/ros2-user/ros2_workspace/robotics-v1/install/ros2_game_engine/share/ament_index/resource_index/packages/ros2_game_engine
[12.084s] -- Installing: /home/ros2-user/ros2_workspace/robotics-v1/install/ros2_game_engine/share/ros2_game_engine/cmake/ament_cmake_export_dependencies-extras.cmake
[12.084s] -- Installing: /home/ros2-user/ros2_workspace/robotics-v1/install/ros2_game_engine/share/ros2_game_engine/cmake/ros2_game_engineConfig.cmake
[12.084s] -- Installing: /home/ros2-user/ros2_workspace/robotics-v1/install/ros2_game_engine/share/ros2_game_engine/cmake/ros2_game_engineConfig-version.cmake
[12.084s] -- Up-to-date: /home/ros2-user/ros2_workspace/robotics-v1/install/ros2_game_engine/share/ros2_game_engine/package.xml
[12.084s] -- Installing: /home/ros2-user/ros2_workspace/robotics-v1/install/ros2_game_engine/lib/libros2_game_engine.a
[12.091s] -- Installing: /home/ros2-user/ros2_workspace/robotics-v1/install/ros2_game_engine/include
[12.091s] -- Installing: /home/ros2-user/ros2_workspace/robotics-v1/install/ros2_game_engine/include/ros2_game_engine
[12.094s] -- Installing: /home/ros2-user/ros2_workspace/robotics-v1/install/ros2_game_engine/include/ros2_game_engine/communicator
[12.095s] -- Installing: /home/ros2-user/ros2_workspace/robotics-v1/install/ros2_game_engine/include/ros2_game_engine/communicator/config
[12.095s] -- Installing: /home/ros2-user/ros2_workspace/robotics-v1/install/ros2_game_engine/include/ros2_game_engine/communicator/config/Ros2CommunicatorConfig.h
[12.096s] -- Installing: /home/ros2-user/ros2_workspace/robotics-v1/install/ros2_game_engine/include/ros2_game_engine/communicator/Ros2Communicator.h
[12.096s] -- Installing: /home/ros2-user/ros2_workspace/robotics-v1/install/ros2_game_engine/include/ros2_game_engine/communicator/Ros2CommunicatorInterface.h
[12.096s] -- Installing: /home/ros2-user/ros2_workspace/robotics-v1/install/ros2_game_engine/lib/cmake/ros2_game_engine/ros2_game_engineTargets.cmake
[12.097s] -- Installing: /home/ros2-user/ros2_workspace/robotics-v1/install/ros2_game_engine/lib/cmake/ros2_game_engine/ros2_game_engineTargets-debug.cmake
[12.097s] -- Installing: /home/ros2-user/ros2_workspace/robotics-v1/install/ros2_game_engine/lib/cmake/ros2_game_engine/ros2_game_engineConfig.cmake
[12.103s] Invoked command in '/home/ros2-user/ros2_workspace/robotics-v1/build/ros2_game_engine' returned '0': CMAKE_PREFIX_PATH=/home/ros2-user/ros2_workspace/robotics-v1/install/game_engine:/home/ros2-user/ros2_workspace/robotics-v1/install/manager_utils:/home/ros2-user/ros2_workspace/robotics-v1/install/sdl_utils:/home/ros2-user/ros2_workspace/robotics-v1/install/resource_utils:/home/ros2-user/ros2_workspace/robotics-v1/install/utils:/home/ros2-user/ros2_workspace/robotics-v1/install/cmake_helpers:/opt/ros/foxy PKG_CONFIG_PATH=/home/ros2-user/ros2_workspace/robotics-v1/install/game_engine/lib/x86_64-linux-gnu/pkgconfig:/home/ros2-user/ros2_workspace/robotics-v1/install/game_engine/lib/pkgconfig:/home/ros2-user/ros2_workspace/robotics-v1/install/manager_utils/lib/x86_64-linux-gnu/pkgconfig:/home/ros2-user/ros2_workspace/robotics-v1/install/manager_utils/lib/pkgconfig:/home/ros2-user/ros2_workspace/robotics-v1/install/sdl_utils/lib/x86_64-linux-gnu/pkgconfig:/home/ros2-user/ros2_workspace/robotics-v1/install/sdl_utils/lib/pkgconfig:/home/ros2-user/ros2_workspace/robotics-v1/install/resource_utils/lib/x86_64-linux-gnu/pkgconfig:/home/ros2-user/ros2_workspace/robotics-v1/install/resource_utils/lib/pkgconfig:/home/ros2-user/ros2_workspace/robotics-v1/install/utils/lib/x86_64-linux-gnu/pkgconfig:/home/ros2-user/ros2_workspace/robotics-v1/install/utils/lib/pkgconfig:/home/ros2-user/ros2_workspace/robotics-v1/install/cmake_helpers/lib/x86_64-linux-gnu/pkgconfig:/home/ros2-user/ros2_workspace/robotics-v1/install/cmake_helpers/lib/pkgconfig /usr/bin/cmake --install /home/ros2-user/ros2_workspace/robotics-v1/build/ros2_game_engine
