[0.087s] Invoking command in '/home/ros2-user/ros2_workspace/robotics-v1/build/ur_client_library': CMAKE_PREFIX_PATH=/opt/ros/foxy /usr/bin/cmake /home/ros2-user/ros2_workspace/robotics-v1/src/ur_driver/Universal_Robots_Client_Library -DCMAKE_INSTALL_PREFIX=/home/ros2-user/ros2_workspace/robotics-v1/install/ur_client_library
[0.131s] -- Building tests disabled.
[0.138s] -- Configuring done
[0.162s] -- Generating done
[0.167s] -- Build files have been written to: /home/ros2-user/ros2_workspace/robotics-v1/build/ur_client_library
[0.170s] Invoked command in '/home/ros2-user/ros2_workspace/robotics-v1/build/ur_client_library' returned '0': CMAKE_PREFIX_PATH=/opt/ros/foxy /usr/bin/cmake /home/ros2-user/ros2_workspace/robotics-v1/src/ur_driver/Universal_Robots_Client_Library -DCMAKE_INSTALL_PREFIX=/home/ros2-user/ros2_workspace/robotics-v1/install/ur_client_library
[0.176s] Invoking command in '/home/ros2-user/ros2_workspace/robotics-v1/build/ur_client_library': CMAKE_PREFIX_PATH=/opt/ros/foxy /usr/bin/cmake --build /home/ros2-user/ros2_workspace/robotics-v1/build/ur_client_library -- -j4 -l4
[0.282s] [ 82%] Built target urcl
[0.371s] [ 88%] Built target primary_pipeline_example
[0.379s] [ 94%] Built target driver_example
[0.384s] [100%] Built target rtde_client_example
[0.420s] Invoked command in '/home/ros2-user/ros2_workspace/robotics-v1/build/ur_client_library' returned '0': CMAKE_PREFIX_PATH=/opt/ros/foxy /usr/bin/cmake --build /home/ros2-user/ros2_workspace/robotics-v1/build/ur_client_library -- -j4 -l4
[0.970s] Invoking command in '/home/ros2-user/ros2_workspace/robotics-v1/build/ur_client_library': CMAKE_PREFIX_PATH=/opt/ros/foxy /usr/bin/cmake --install /home/ros2-user/ros2_workspace/robotics-v1/build/ur_client_library
[0.983s] -- Install configuration: "Debug"
[0.985s] -- Up-to-date: /home/ros2-user/ros2_workspace/robotics-v1/install/ur_client_library/lib/liburcl.so
[0.986s] -- Up-to-date: /home/ros2-user/ros2_workspace/robotics-v1/install/ur_client_library/include
[0.987s] -- Up-to-date: /home/ros2-user/ros2_workspace/robotics-v1/install/ur_client_library/include/ur_client_library
[0.988s] -- Up-to-date: /home/ros2-user/ros2_workspace/robotics-v1/install/ur_client_library/include/ur_client_library/comm
[0.989s] -- Up-to-date: /home/ros2-user/ros2_workspace/robotics-v1/install/ur_client_library/include/ur_client_library/comm/package_serializer.h
[0.990s] -- Up-to-date: /home/ros2-user/ros2_workspace/robotics-v1/install/ur_client_library/include/ur_client_library/comm/bin_parser.h
[0.991s] -- Up-to-date: /home/ros2-user/ros2_workspace/robotics-v1/install/ur_client_library/include/ur_client_library/comm/package.h
[0.991s] -- Up-to-date: /home/ros2-user/ros2_workspace/robotics-v1/install/ur_client_library/include/ur_client_library/comm/stream.h
[0.992s] -- Up-to-date: /home/ros2-user/ros2_workspace/robotics-v1/install/ur_client_library/include/ur_client_library/comm/tcp_server.h
[0.994s] -- Up-to-date: /home/ros2-user/ros2_workspace/robotics-v1/install/ur_client_library/include/ur_client_library/comm/producer.h
[0.994s] -- Up-to-date: /home/ros2-user/ros2_workspace/robotics-v1/install/ur_client_library/include/ur_client_library/comm/parser.h
[0.994s] -- Up-to-date: /home/ros2-user/ros2_workspace/robotics-v1/install/ur_client_library/include/ur_client_library/comm/shell_consumer.h
[0.994s] -- Up-to-date: /home/ros2-user/ros2_workspace/robotics-v1/install/ur_client_library/include/ur_client_library/comm/pipeline.h
[0.995s] -- Up-to-date: /home/ros2-user/ros2_workspace/robotics-v1/install/ur_client_library/include/ur_client_library/comm/control_mode.h
[0.996s] -- Up-to-date: /home/ros2-user/ros2_workspace/robotics-v1/install/ur_client_library/include/ur_client_library/comm/tcp_socket.h
[0.996s] -- Up-to-date: /home/ros2-user/ros2_workspace/robotics-v1/install/ur_client_library/include/ur_client_library/default_log_handler.h
[0.996s] -- Up-to-date: /home/ros2-user/ros2_workspace/robotics-v1/install/ur_client_library/include/ur_client_library/types.h
[0.996s] -- Up-to-date: /home/ros2-user/ros2_workspace/robotics-v1/install/ur_client_library/include/ur_client_library/log.h
[0.997s] -- Up-to-date: /home/ros2-user/ros2_workspace/robotics-v1/install/ur_client_library/include/ur_client_library/exceptions.h
[0.998s] -- Up-to-date: /home/ros2-user/ros2_workspace/robotics-v1/install/ur_client_library/include/ur_client_library/ur
[0.999s] -- Up-to-date: /home/ros2-user/ros2_workspace/robotics-v1/install/ur_client_library/include/ur_client_library/ur/calibration_checker.h
[0.999s] -- Up-to-date: /home/ros2-user/ros2_workspace/robotics-v1/install/ur_client_library/include/ur_client_library/ur/datatypes.h
[1.000s] -- Up-to-date: /home/ros2-user/ros2_workspace/robotics-v1/install/ur_client_library/include/ur_client_library/ur/version_information.h
[1.001s] -- Up-to-date: /home/ros2-user/ros2_workspace/robotics-v1/install/ur_client_library/include/ur_client_library/ur/dashboard_client.h
[1.001s] -- Up-to-date: /home/ros2-user/ros2_workspace/robotics-v1/install/ur_client_library/include/ur_client_library/ur/tool_communication.h
[1.002s] -- Up-to-date: /home/ros2-user/ros2_workspace/robotics-v1/install/ur_client_library/include/ur_client_library/ur/ur_driver.h
[1.003s] -- Up-to-date: /home/ros2-user/ros2_workspace/robotics-v1/install/ur_client_library/include/ur_client_library/primary
[1.003s] -- Up-to-date: /home/ros2-user/ros2_workspace/robotics-v1/install/ur_client_library/include/ur_client_library/primary/robot_message.h
[1.003s] -- Up-to-date: /home/ros2-user/ros2_workspace/robotics-v1/install/ur_client_library/include/ur_client_library/primary/robot_state.h
[1.004s] -- Up-to-date: /home/ros2-user/ros2_workspace/robotics-v1/install/ur_client_library/include/ur_client_library/primary/abstract_primary_consumer.h
[1.004s] -- Up-to-date: /home/ros2-user/ros2_workspace/robotics-v1/install/ur_client_library/include/ur_client_library/primary/primary_parser.h
[1.005s] -- Up-to-date: /home/ros2-user/ros2_workspace/robotics-v1/install/ur_client_library/include/ur_client_library/primary/primary_package.h
[1.006s] -- Up-to-date: /home/ros2-user/ros2_workspace/robotics-v1/install/ur_client_library/include/ur_client_library/primary/robot_message
[1.006s] -- Up-to-date: /home/ros2-user/ros2_workspace/robotics-v1/install/ur_client_library/include/ur_client_library/primary/robot_message/version_message.h
[1.007s] -- Up-to-date: /home/ros2-user/ros2_workspace/robotics-v1/install/ur_client_library/include/ur_client_library/primary/package_header.h
[1.007s] -- Up-to-date: /home/ros2-user/ros2_workspace/robotics-v1/install/ur_client_library/include/ur_client_library/primary/robot_state
[1.007s] -- Up-to-date: /home/ros2-user/ros2_workspace/robotics-v1/install/ur_client_library/include/ur_client_library/primary/robot_state/kinematics_info.h
[1.008s] -- Up-to-date: /home/ros2-user/ros2_workspace/robotics-v1/install/ur_client_library/include/ur_client_library/control
[1.008s] -- Up-to-date: /home/ros2-user/ros2_workspace/robotics-v1/install/ur_client_library/include/ur_client_library/control/script_sender.h
[1.009s] -- Up-to-date: /home/ros2-user/ros2_workspace/robotics-v1/install/ur_client_library/include/ur_client_library/control/trajectory_point_interface.h
[1.009s] -- Up-to-date: /home/ros2-user/ros2_workspace/robotics-v1/install/ur_client_library/include/ur_client_library/control/reverse_interface.h
[1.010s] -- Up-to-date: /home/ros2-user/ros2_workspace/robotics-v1/install/ur_client_library/include/ur_client_library/queue
[1.011s] -- Up-to-date: /home/ros2-user/ros2_workspace/robotics-v1/install/ur_client_library/include/ur_client_library/queue/readerwriterqueue.h
[1.012s] -- Up-to-date: /home/ros2-user/ros2_workspace/robotics-v1/install/ur_client_library/include/ur_client_library/queue/LICENSE.md
[1.012s] -- Up-to-date: /home/ros2-user/ros2_workspace/robotics-v1/install/ur_client_library/include/ur_client_library/queue/atomicops.h
[1.012s] -- Up-to-date: /home/ros2-user/ros2_workspace/robotics-v1/install/ur_client_library/include/ur_client_library/rtde
[1.012s] -- Up-to-date: /home/ros2-user/ros2_workspace/robotics-v1/install/ur_client_library/include/ur_client_library/rtde/rtde_writer.h
[1.015s] -- Up-to-date: /home/ros2-user/ros2_workspace/robotics-v1/install/ur_client_library/include/ur_client_library/rtde/text_message.h
[1.016s] -- Up-to-date: /home/ros2-user/ros2_workspace/robotics-v1/install/ur_client_library/include/ur_client_library/rtde/request_protocol_version.h
[1.016s] -- Up-to-date: /home/ros2-user/ros2_workspace/robotics-v1/install/ur_client_library/include/ur_client_library/rtde/control_package_setup_outputs.h
[1.017s] -- Up-to-date: /home/ros2-user/ros2_workspace/robotics-v1/install/ur_client_library/include/ur_client_library/rtde/rtde_client.h
[1.019s] -- Up-to-date: /home/ros2-user/ros2_workspace/robotics-v1/install/ur_client_library/include/ur_client_library/rtde/control_package_start.h
[1.020s] -- Up-to-date: /home/ros2-user/ros2_workspace/robotics-v1/install/ur_client_library/include/ur_client_library/rtde/rtde_parser.h
[1.022s] -- Up-to-date: /home/ros2-user/ros2_workspace/robotics-v1/install/ur_client_library/include/ur_client_library/rtde/control_package_pause.h
[1.022s] -- Up-to-date: /home/ros2-user/ros2_workspace/robotics-v1/install/ur_client_library/include/ur_client_library/rtde/package_header.h
[1.022s] -- Up-to-date: /home/ros2-user/ros2_workspace/robotics-v1/install/ur_client_library/include/ur_client_library/rtde/get_urcontrol_version.h
[1.022s] -- Up-to-date: /home/ros2-user/ros2_workspace/robotics-v1/install/ur_client_library/include/ur_client_library/rtde/rtde_package.h
[1.022s] -- Up-to-date: /home/ros2-user/ros2_workspace/robotics-v1/install/ur_client_library/include/ur_client_library/rtde/control_package_setup_inputs.h
[1.023s] -- Up-to-date: /home/ros2-user/ros2_workspace/robotics-v1/install/ur_client_library/include/ur_client_library/rtde/data_package.h
[1.023s] -- Up-to-date: /home/ros2-user/ros2_workspace/robotics-v1/install/ur_client_library/lib/cmake/ur_client_library/urclTargets.cmake
[1.023s] -- Installing: /home/ros2-user/ros2_workspace/robotics-v1/install/ur_client_library/lib/cmake/ur_client_library/urclTargets-debug.cmake
[1.023s] -- Up-to-date: /home/ros2-user/ros2_workspace/robotics-v1/install/ur_client_library/lib/cmake/ur_client_library/ur_client_libraryConfig.cmake
[1.023s] -- Up-to-date: /home/ros2-user/ros2_workspace/robotics-v1/install/ur_client_library/share/ur_client_library/package.xml
[1.024s] -- Installing: /home/ros2-user/ros2_workspace/robotics-v1/install/ur_client_library/share/ament_index/resource_index/packages/ur_client_library
[1.024s] -- Installing: /home/ros2-user/ros2_workspace/robotics-v1/install/ur_client_library/share/ur_client_library/hook/ament_prefix_path.dsv
[1.024s] -- Installing: /home/ros2-user/ros2_workspace/robotics-v1/install/ur_client_library/share/ur_client_library/hook/ros_package_path.dsv
[1.024s] -- Up-to-date: /home/ros2-user/ros2_workspace/robotics-v1/install/ur_client_library/share/ur_client_library/resources
[1.024s] -- Up-to-date: /home/ros2-user/ros2_workspace/robotics-v1/install/ur_client_library/share/ur_client_library/resources/external_control.urscript
[1.025s] Invoked command in '/home/ros2-user/ros2_workspace/robotics-v1/build/ur_client_library' returned '0': CMAKE_PREFIX_PATH=/opt/ros/foxy /usr/bin/cmake --install /home/ros2-user/ros2_workspace/robotics-v1/build/ur_client_library
