-- Found cmake_helpers: 1.0.0 (/home/ros2-user/ros2_workspace/robotics-v1/install/cmake_helpers/share/cmake_helpers/cmake)
-- Found urscript_interfaces: 1.0.0 (/home/ros2-user/ros2_workspace/robotics-v1/install/urscript_interfaces/share/urscript_interfaces/cmake)
-- Using PYTHON_EXECUTABLE: /usr/bin/python3
-- Override CMake install command with custom implementation using symlinks instead of copying resources
-- Using all available rosidl_typesupport_c: rosidl_typesupport_fastrtps_c;rosidl_typesupport_introspection_c
-- Found rosidl_adapter: 1.3.0 (/opt/ros/foxy/share/rosidl_adapter/cmake)
-- Using all available rosidl_typesupport_cpp: rosidl_typesupport_fastrtps_cpp;rosidl_typesupport_introspection_cpp
-- Configuring done
-- Generating done
-- Build files have been written to: /home/ros2-user/ros2_workspace/robotics-v1/build/urscript_common
[100%] Built target urscript_common
-- Install configuration: "Debug"
-- Execute custom install script
-- Up-to-date symlink: /home/ros2-user/ros2_workspace/robotics-v1/install/urscript_common/share/urscript_common/package.xml
-- Up-to-date symlink: /home/ros2-user/ros2_workspace/robotics-v1/install/urscript_common/lib/urscript_common/liburscript_common.a
-- Symlinking: /home/ros2-user/ros2_workspace/robotics-v1/install/urscript_common/share/ament_index/resource_index/packages/urscript_common
-- Up-to-date symlink: /home/ros2-user/ros2_workspace/robotics-v1/install/urscript_common/share/urscript_common/hook/ament_prefix_path.dsv
-- Up-to-date symlink: /home/ros2-user/ros2_workspace/robotics-v1/install/urscript_common/share/urscript_common/hook/ros_package_path.dsv
-- Up-to-date symlink: /home/ros2-user/ros2_workspace/robotics-v1/install/urscript_common/share/ament_index/resource_index/package_run_dependencies/urscript_common
-- Up-to-date symlink: /home/ros2-user/ros2_workspace/robotics-v1/install/urscript_common/share/ament_index/resource_index/parent_prefix_path/urscript_common
-- Up-to-date symlink: /home/ros2-user/ros2_workspace/robotics-v1/install/urscript_common/share/urscript_common/environment/ament_prefix_path.sh
-- Up-to-date symlink: /home/ros2-user/ros2_workspace/robotics-v1/install/urscript_common/share/urscript_common/environment/ament_prefix_path.dsv
-- Up-to-date symlink: /home/ros2-user/ros2_workspace/robotics-v1/install/urscript_common/share/urscript_common/environment/path.sh
-- Up-to-date symlink: /home/ros2-user/ros2_workspace/robotics-v1/install/urscript_common/share/urscript_common/environment/path.dsv
-- Up-to-date symlink: /home/ros2-user/ros2_workspace/robotics-v1/install/urscript_common/share/urscript_common/local_setup.bash
-- Up-to-date symlink: /home/ros2-user/ros2_workspace/robotics-v1/install/urscript_common/share/urscript_common/local_setup.sh
-- Up-to-date symlink: /home/ros2-user/ros2_workspace/robotics-v1/install/urscript_common/share/urscript_common/local_setup.zsh
-- Up-to-date symlink: /home/ros2-user/ros2_workspace/robotics-v1/install/urscript_common/share/urscript_common/local_setup.dsv
-- Symlinking: /home/ros2-user/ros2_workspace/robotics-v1/install/urscript_common/share/urscript_common/package.dsv
-- Symlinking: /home/ros2-user/ros2_workspace/robotics-v1/install/urscript_common/share/ament_index/resource_index/packages/urscript_common
-- Up-to-date symlink: /home/ros2-user/ros2_workspace/robotics-v1/install/urscript_common/share/urscript_common/cmake/urscript_commonConfig.cmake
-- Up-to-date symlink: /home/ros2-user/ros2_workspace/robotics-v1/install/urscript_common/share/urscript_common/cmake/urscript_commonConfig-version.cmake
-- Up-to-date symlink: /home/ros2-user/ros2_workspace/robotics-v1/install/urscript_common/share/urscript_common/package.xml
-- Up-to-date symlink: /home/ros2-user/ros2_workspace/robotics-v1/install/urscript_common/include/urscript_common/defines/UrScriptTopics.h
-- Up-to-date symlink: /home/ros2-user/ros2_workspace/robotics-v1/install/urscript_common/include/urscript_common/message_helpers/UrScriptMessageHelpers.h
-- Up-to-date symlink: /home/ros2-user/ros2_workspace/robotics-v1/install/urscript_common/lib/cmake/urscript_common/urscript_commonConfig.cmake
-- Up-to-date: /home/ros2-user/ros2_workspace/robotics-v1/install/urscript_common/lib/liburscript_common.a
-- Up-to-date: /home/ros2-user/ros2_workspace/robotics-v1/install/urscript_common/lib/cmake/urscript_common/urscript_commonTargets.cmake
-- Installing: /home/ros2-user/ros2_workspace/robotics-v1/install/urscript_common/lib/cmake/urscript_common/urscript_commonTargets-debug.cmake
