[0.041s] Invoking command in '/home/ros2-user/ros2_workspace/robotics-v1/build/urscript_common': AMENT_PREFIX_PATH=/home/ros2-user/ros2_workspace/robotics-v1/install/urscript_interfaces:${AMENT_PREFIX_PATH} CMAKE_PREFIX_PATH=/home/ros2-user/ros2_workspace/robotics-v1/install/utils:/home/ros2-user/ros2_workspace/robotics-v1/install/urscript_interfaces:/home/ros2-user/ros2_workspace/robotics-v1/install/cmake_helpers:/opt/ros/foxy LD_LIBRARY_PATH=/home/ros2-user/ros2_workspace/robotics-v1/install/urscript_interfaces/lib:${LD_LIBRARY_PATH} PKG_CONFIG_PATH=/home/ros2-user/ros2_workspace/robotics-v1/install/utils/lib/x86_64-linux-gnu/pkgconfig:/home/ros2-user/ros2_workspace/robotics-v1/install/utils/lib/pkgconfig:/home/ros2-user/ros2_workspace/robotics-v1/install/cmake_helpers/lib/x86_64-linux-gnu/pkgconfig:/home/ros2-user/ros2_workspace/robotics-v1/install/cmake_helpers/lib/pkgconfig PYTHONPATH=/home/ros2-user/ros2_workspace/robotics-v1/install/urscript_interfaces/lib/python3.8/site-packages:${PYTHONPATH} /usr/bin/cmake /home/ros2-user/ros2_workspace/robotics-v1/src/ur_dev/urscript/urscript_common -DCMAKE_INSTALL_PREFIX=/home/ros2-user/ros2_workspace/robotics-v1/install/urscript_common
[0.059s] -- Found cmake_helpers: 1.0.0 (/home/ros2-user/ros2_workspace/robotics-v1/install/cmake_helpers/share/cmake_helpers/cmake)
[0.063s] -- Found urscript_interfaces: 1.0.0 (/home/ros2-user/ros2_workspace/robotics-v1/install/urscript_interfaces/share/urscript_interfaces/cmake)
[0.091s] -- Using PYTHON_EXECUTABLE: /usr/bin/python3
[0.359s] -- Override CMake install command with custom implementation using symlinks instead of copying resources
[0.385s] -- Using all available rosidl_typesupport_c: rosidl_typesupport_fastrtps_c;rosidl_typesupport_introspection_c
[0.392s] -- Found rosidl_adapter: 1.3.0 (/opt/ros/foxy/share/rosidl_adapter/cmake)
[0.629s] -- Using all available rosidl_typesupport_cpp: rosidl_typesupport_fastrtps_cpp;rosidl_typesupport_introspection_cpp
[0.734s] -- Configuring done
[0.749s] -- Generating done
[0.753s] -- Build files have been written to: /home/ros2-user/ros2_workspace/robotics-v1/build/urscript_common
[0.765s] Invoked command in '/home/ros2-user/ros2_workspace/robotics-v1/build/urscript_common' returned '0': AMENT_PREFIX_PATH=/home/ros2-user/ros2_workspace/robotics-v1/install/urscript_interfaces:${AMENT_PREFIX_PATH} CMAKE_PREFIX_PATH=/home/ros2-user/ros2_workspace/robotics-v1/install/utils:/home/ros2-user/ros2_workspace/robotics-v1/install/urscript_interfaces:/home/ros2-user/ros2_workspace/robotics-v1/install/cmake_helpers:/opt/ros/foxy LD_LIBRARY_PATH=/home/ros2-user/ros2_workspace/robotics-v1/install/urscript_interfaces/lib:${LD_LIBRARY_PATH} PKG_CONFIG_PATH=/home/ros2-user/ros2_workspace/robotics-v1/install/utils/lib/x86_64-linux-gnu/pkgconfig:/home/ros2-user/ros2_workspace/robotics-v1/install/utils/lib/pkgconfig:/home/ros2-user/ros2_workspace/robotics-v1/install/cmake_helpers/lib/x86_64-linux-gnu/pkgconfig:/home/ros2-user/ros2_workspace/robotics-v1/install/cmake_helpers/lib/pkgconfig PYTHONPATH=/home/ros2-user/ros2_workspace/robotics-v1/install/urscript_interfaces/lib/python3.8/site-packages:${PYTHONPATH} /usr/bin/cmake /home/ros2-user/ros2_workspace/robotics-v1/src/ur_dev/urscript/urscript_common -DCMAKE_INSTALL_PREFIX=/home/ros2-user/ros2_workspace/robotics-v1/install/urscript_common
[0.766s] Invoking command in '/home/ros2-user/ros2_workspace/robotics-v1/build/urscript_common': AMENT_PREFIX_PATH=/home/ros2-user/ros2_workspace/robotics-v1/install/urscript_interfaces:${AMENT_PREFIX_PATH} CMAKE_PREFIX_PATH=/home/ros2-user/ros2_workspace/robotics-v1/install/utils:/home/ros2-user/ros2_workspace/robotics-v1/install/urscript_interfaces:/home/ros2-user/ros2_workspace/robotics-v1/install/cmake_helpers:/opt/ros/foxy LD_LIBRARY_PATH=/home/ros2-user/ros2_workspace/robotics-v1/install/urscript_interfaces/lib:${LD_LIBRARY_PATH} PKG_CONFIG_PATH=/home/ros2-user/ros2_workspace/robotics-v1/install/utils/lib/x86_64-linux-gnu/pkgconfig:/home/ros2-user/ros2_workspace/robotics-v1/install/utils/lib/pkgconfig:/home/ros2-user/ros2_workspace/robotics-v1/install/cmake_helpers/lib/x86_64-linux-gnu/pkgconfig:/home/ros2-user/ros2_workspace/robotics-v1/install/cmake_helpers/lib/pkgconfig PYTHONPATH=/home/ros2-user/ros2_workspace/robotics-v1/install/urscript_interfaces/lib/python3.8/site-packages:${PYTHONPATH} /usr/bin/cmake --build /home/ros2-user/ros2_workspace/robotics-v1/build/urscript_common -- -j4 -l4
[0.985s] [100%] Built target urscript_common
[1.019s] Invoked command in '/home/ros2-user/ros2_workspace/robotics-v1/build/urscript_common' returned '0': AMENT_PREFIX_PATH=/home/ros2-user/ros2_workspace/robotics-v1/install/urscript_interfaces:${AMENT_PREFIX_PATH} CMAKE_PREFIX_PATH=/home/ros2-user/ros2_workspace/robotics-v1/install/utils:/home/ros2-user/ros2_workspace/robotics-v1/install/urscript_interfaces:/home/ros2-user/ros2_workspace/robotics-v1/install/cmake_helpers:/opt/ros/foxy LD_LIBRARY_PATH=/home/ros2-user/ros2_workspace/robotics-v1/install/urscript_interfaces/lib:${LD_LIBRARY_PATH} PKG_CONFIG_PATH=/home/ros2-user/ros2_workspace/robotics-v1/install/utils/lib/x86_64-linux-gnu/pkgconfig:/home/ros2-user/ros2_workspace/robotics-v1/install/utils/lib/pkgconfig:/home/ros2-user/ros2_workspace/robotics-v1/install/cmake_helpers/lib/x86_64-linux-gnu/pkgconfig:/home/ros2-user/ros2_workspace/robotics-v1/install/cmake_helpers/lib/pkgconfig PYTHONPATH=/home/ros2-user/ros2_workspace/robotics-v1/install/urscript_interfaces/lib/python3.8/site-packages:${PYTHONPATH} /usr/bin/cmake --build /home/ros2-user/ros2_workspace/robotics-v1/build/urscript_common -- -j4 -l4
[1.106s] Invoking command in '/home/ros2-user/ros2_workspace/robotics-v1/build/urscript_common': AMENT_PREFIX_PATH=/home/ros2-user/ros2_workspace/robotics-v1/install/urscript_interfaces:${AMENT_PREFIX_PATH} CMAKE_PREFIX_PATH=/home/ros2-user/ros2_workspace/robotics-v1/install/utils:/home/ros2-user/ros2_workspace/robotics-v1/install/urscript_interfaces:/home/ros2-user/ros2_workspace/robotics-v1/install/cmake_helpers:/opt/ros/foxy LD_LIBRARY_PATH=/home/ros2-user/ros2_workspace/robotics-v1/install/urscript_interfaces/lib:${LD_LIBRARY_PATH} PKG_CONFIG_PATH=/home/ros2-user/ros2_workspace/robotics-v1/install/utils/lib/x86_64-linux-gnu/pkgconfig:/home/ros2-user/ros2_workspace/robotics-v1/install/utils/lib/pkgconfig:/home/ros2-user/ros2_workspace/robotics-v1/install/cmake_helpers/lib/x86_64-linux-gnu/pkgconfig:/home/ros2-user/ros2_workspace/robotics-v1/install/cmake_helpers/lib/pkgconfig PYTHONPATH=/home/ros2-user/ros2_workspace/robotics-v1/install/urscript_interfaces/lib/python3.8/site-packages:${PYTHONPATH} /usr/bin/cmake --install /home/ros2-user/ros2_workspace/robotics-v1/build/urscript_common
[1.122s] -- Install configuration: "Debug"
[1.123s] -- Execute custom install script
[1.124s] -- Up-to-date symlink: /home/ros2-user/ros2_workspace/robotics-v1/install/urscript_common/share/urscript_common/package.xml
[1.125s] -- Up-to-date symlink: /home/ros2-user/ros2_workspace/robotics-v1/install/urscript_common/lib/urscript_common/liburscript_common.a
[1.126s] -- Symlinking: /home/ros2-user/ros2_workspace/robotics-v1/install/urscript_common/share/ament_index/resource_index/packages/urscript_common
[1.147s] -- Up-to-date symlink: /home/ros2-user/ros2_workspace/robotics-v1/install/urscript_common/share/urscript_common/hook/ament_prefix_path.dsv
[1.148s] -- Up-to-date symlink: /home/ros2-user/ros2_workspace/robotics-v1/install/urscript_common/share/urscript_common/hook/ros_package_path.dsv
[1.148s] -- Up-to-date symlink: /home/ros2-user/ros2_workspace/robotics-v1/install/urscript_common/share/ament_index/resource_index/package_run_dependencies/urscript_common
[1.162s] -- Up-to-date symlink: /home/ros2-user/ros2_workspace/robotics-v1/install/urscript_common/share/ament_index/resource_index/parent_prefix_path/urscript_common
[1.177s] -- Up-to-date symlink: /home/ros2-user/ros2_workspace/robotics-v1/install/urscript_common/share/urscript_common/environment/ament_prefix_path.sh
[1.178s] -- Up-to-date symlink: /home/ros2-user/ros2_workspace/robotics-v1/install/urscript_common/share/urscript_common/environment/ament_prefix_path.dsv
[1.179s] -- Up-to-date symlink: /home/ros2-user/ros2_workspace/robotics-v1/install/urscript_common/share/urscript_common/environment/path.sh
[1.179s] -- Up-to-date symlink: /home/ros2-user/ros2_workspace/robotics-v1/install/urscript_common/share/urscript_common/environment/path.dsv
[1.179s] -- Up-to-date symlink: /home/ros2-user/ros2_workspace/robotics-v1/install/urscript_common/share/urscript_common/local_setup.bash
[1.179s] -- Up-to-date symlink: /home/ros2-user/ros2_workspace/robotics-v1/install/urscript_common/share/urscript_common/local_setup.sh
[1.180s] -- Up-to-date symlink: /home/ros2-user/ros2_workspace/robotics-v1/install/urscript_common/share/urscript_common/local_setup.zsh
[1.180s] -- Up-to-date symlink: /home/ros2-user/ros2_workspace/robotics-v1/install/urscript_common/share/urscript_common/local_setup.dsv
[1.180s] -- Symlinking: /home/ros2-user/ros2_workspace/robotics-v1/install/urscript_common/share/urscript_common/package.dsv
[1.212s] -- Symlinking: /home/ros2-user/ros2_workspace/robotics-v1/install/urscript_common/share/ament_index/resource_index/packages/urscript_common
[1.214s] -- Up-to-date symlink: /home/ros2-user/ros2_workspace/robotics-v1/install/urscript_common/share/urscript_common/cmake/urscript_commonConfig.cmake
[1.214s] -- Up-to-date symlink: /home/ros2-user/ros2_workspace/robotics-v1/install/urscript_common/share/urscript_common/cmake/urscript_commonConfig-version.cmake
[1.214s] -- Up-to-date symlink: /home/ros2-user/ros2_workspace/robotics-v1/install/urscript_common/share/urscript_common/package.xml
[1.226s] -- Up-to-date symlink: /home/ros2-user/ros2_workspace/robotics-v1/install/urscript_common/include/urscript_common/defines/UrScriptTopics.h
[1.227s] -- Up-to-date symlink: /home/ros2-user/ros2_workspace/robotics-v1/install/urscript_common/include/urscript_common/message_helpers/UrScriptMessageHelpers.h
[1.228s] -- Up-to-date symlink: /home/ros2-user/ros2_workspace/robotics-v1/install/urscript_common/lib/cmake/urscript_common/urscript_commonConfig.cmake
[1.228s] -- Up-to-date: /home/ros2-user/ros2_workspace/robotics-v1/install/urscript_common/lib/liburscript_common.a
[1.228s] -- Up-to-date: /home/ros2-user/ros2_workspace/robotics-v1/install/urscript_common/lib/cmake/urscript_common/urscript_commonTargets.cmake
[1.228s] -- Installing: /home/ros2-user/ros2_workspace/robotics-v1/install/urscript_common/lib/cmake/urscript_common/urscript_commonTargets-debug.cmake
[1.278s] Invoked command in '/home/ros2-user/ros2_workspace/robotics-v1/build/urscript_common' returned '0': AMENT_PREFIX_PATH=/home/ros2-user/ros2_workspace/robotics-v1/install/urscript_interfaces:${AMENT_PREFIX_PATH} CMAKE_PREFIX_PATH=/home/ros2-user/ros2_workspace/robotics-v1/install/utils:/home/ros2-user/ros2_workspace/robotics-v1/install/urscript_interfaces:/home/ros2-user/ros2_workspace/robotics-v1/install/cmake_helpers:/opt/ros/foxy LD_LIBRARY_PATH=/home/ros2-user/ros2_workspace/robotics-v1/install/urscript_interfaces/lib:${LD_LIBRARY_PATH} PKG_CONFIG_PATH=/home/ros2-user/ros2_workspace/robotics-v1/install/utils/lib/x86_64-linux-gnu/pkgconfig:/home/ros2-user/ros2_workspace/robotics-v1/install/utils/lib/pkgconfig:/home/ros2-user/ros2_workspace/robotics-v1/install/cmake_helpers/lib/x86_64-linux-gnu/pkgconfig:/home/ros2-user/ros2_workspace/robotics-v1/install/cmake_helpers/lib/pkgconfig PYTHONPATH=/home/ros2-user/ros2_workspace/robotics-v1/install/urscript_interfaces/lib/python3.8/site-packages:${PYTHONPATH} /usr/bin/cmake --install /home/ros2-user/ros2_workspace/robotics-v1/build/urscript_common
