[0.041s] Invoking command in '/home/ros2-user/ros2_workspace/robotics-v1/build/utils': CMAKE_PREFIX_PATH=/home/ros2-user/ros2_workspace/robotics-v1/install/cmake_helpers:/opt/ros/foxy PKG_CONFIG_PATH=/home/ros2-user/ros2_workspace/robotics-v1/install/cmake_helpers/lib/x86_64-linux-gnu/pkgconfig:/home/ros2-user/ros2_workspace/robotics-v1/install/cmake_helpers/lib/pkgconfig /usr/bin/cmake /home/ros2-user/ros2_workspace/robotics-v1/src/lib/utils -DCMAKE_BUILD_TYPE=Debug -DCMAKE_CXX_COMPILER=/usr/bin/g++ -DCMAKE_INSTALL_PREFIX=/home/ros2-user/ros2_workspace/robotics-v1/install/utils
[0.232s] -- The CXX compiler identification is GNU 9.4.0
[0.244s] -- Check for working CXX compiler: /usr/bin/g++
[0.463s] -- Check for working CXX compiler: /usr/bin/g++ -- works
[0.466s] -- Detecting CXX compiler ABI info
[0.714s] -- Detecting CXX compiler ABI info - done
[0.744s] -- Detecting CXX compile features
[0.747s] -- Detecting CXX compile features - done
[0.750s] -- Found cmake_helpers: 1.0.0 (/home/ros2-user/ros2_workspace/robotics-v1/install/cmake_helpers/share/cmake_helpers/cmake)
[0.787s] -- Looking for C++ include pthread.h
[1.022s] -- Looking for C++ include pthread.h - found
[1.023s] -- Performing Test CMAKE_HAVE_LIBC_PTHREAD
[1.311s] -- Performing Test CMAKE_HAVE_LIBC_PTHREAD - Failed
[1.311s] -- Looking for pthread_create in pthreads
[1.569s] -- Looking for pthread_create in pthreads - not found
[1.569s] -- Looking for pthread_create in pthread
[1.799s] -- Looking for pthread_create in pthread - found
[1.801s] -- Found Threads: TRUE  
[1.819s] -- Found ament_cmake: 0.9.11 (/opt/ros/foxy/share/ament_cmake/cmake)
[1.896s] -- Found PythonInterp: /usr/bin/python3 (found suitable version "3.8.10", minimum required is "3") 
[1.897s] -- Using PYTHON_EXECUTABLE: /usr/bin/python3
[2.606s] -- Configuring done
[2.629s] -- Generating done
[2.635s] -- Build files have been written to: /home/ros2-user/ros2_workspace/robotics-v1/build/utils
[2.641s] Invoked command in '/home/ros2-user/ros2_workspace/robotics-v1/build/utils' returned '0': CMAKE_PREFIX_PATH=/home/ros2-user/ros2_workspace/robotics-v1/install/cmake_helpers:/opt/ros/foxy PKG_CONFIG_PATH=/home/ros2-user/ros2_workspace/robotics-v1/install/cmake_helpers/lib/x86_64-linux-gnu/pkgconfig:/home/ros2-user/ros2_workspace/robotics-v1/install/cmake_helpers/lib/pkgconfig /usr/bin/cmake /home/ros2-user/ros2_workspace/robotics-v1/src/lib/utils -DCMAKE_BUILD_TYPE=Debug -DCMAKE_CXX_COMPILER=/usr/bin/g++ -DCMAKE_INSTALL_PREFIX=/home/ros2-user/ros2_workspace/robotics-v1/install/utils
[2.663s] Invoking command in '/home/ros2-user/ros2_workspace/robotics-v1/build/utils': CMAKE_PREFIX_PATH=/home/ros2-user/ros2_workspace/robotics-v1/install/cmake_helpers:/opt/ros/foxy PKG_CONFIG_PATH=/home/ros2-user/ros2_workspace/robotics-v1/install/cmake_helpers/lib/x86_64-linux-gnu/pkgconfig:/home/ros2-user/ros2_workspace/robotics-v1/install/cmake_helpers/lib/pkgconfig /usr/bin/cmake --build /home/ros2-user/ros2_workspace/robotics-v1/build/utils -- -j4 -l4
[2.751s] [35m[1mScanning dependencies of target utils[0m
[2.790s] [  5%] [32mBuilding CXX object CMakeFiles/utils.dir/src/common/CircularBuffer.cpp.o[0m
[2.793s] [ 16%] [32mBuilding CXX object CMakeFiles/utils.dir/src/common/Crc.cpp.o[0m
[2.794s] [ 16%] [32mBuilding CXX object CMakeFiles/utils.dir/src/data_type/IntegerUtils.cpp.o[0m
[2.807s] [ 22%] [32mBuilding CXX object CMakeFiles/utils.dir/src/data_type/FloatingPointUtils.cpp.o[0m
[2.954s] [ 27%] [32mBuilding CXX object CMakeFiles/utils.dir/src/data_type/StringUtils.cpp.o[0m
[2.987s] [ 33%] [32mBuilding CXX object CMakeFiles/utils.dir/src/debug/SignalHandler.cpp.o[0m
[3.069s] [ 38%] [32mBuilding CXX object CMakeFiles/utils.dir/src/debug/StackTrace.cpp.o[0m
[3.249s] [ 44%] [32mBuilding CXX object CMakeFiles/utils.dir/src/drawing/Color.cpp.o[0m
[3.429s] [ 50%] [32mBuilding CXX object CMakeFiles/utils.dir/src/drawing/Margin.cpp.o[0m
[3.452s] [ 55%] [32mBuilding CXX object CMakeFiles/utils.dir/src/drawing/Point.cpp.o[0m
[3.791s] [ 61%] [32mBuilding CXX object CMakeFiles/utils.dir/src/drawing/Rectangle.cpp.o[0m
[3.879s] [ 66%] [32mBuilding CXX object CMakeFiles/utils.dir/src/drawing/WidgetAligner.cpp.o[0m
[4.151s] [ 72%] [32mBuilding CXX object CMakeFiles/utils.dir/src/file/IniFileParser.cpp.o[0m
[4.266s] [ 77%] [32mBuilding CXX object CMakeFiles/utils.dir/src/file_system/FileSystemUtils.cpp.o[0m
[4.293s] [ 83%] [32mBuilding CXX object CMakeFiles/utils.dir/src/time/Time.cpp.o[0m
[4.612s] [ 88%] [32mBuilding CXX object CMakeFiles/utils.dir/src/rng/Rng.cpp.o[0m
[4.782s] [ 94%] [32mBuilding CXX object CMakeFiles/utils.dir/src/log/Log.cpp.o[0m
[6.245s] [100%] [32m[1mLinking CXX static library libutils.a[0m
[6.533s] [100%] Built target utils
[6.573s] Invoked command in '/home/ros2-user/ros2_workspace/robotics-v1/build/utils' returned '0': CMAKE_PREFIX_PATH=/home/ros2-user/ros2_workspace/robotics-v1/install/cmake_helpers:/opt/ros/foxy PKG_CONFIG_PATH=/home/ros2-user/ros2_workspace/robotics-v1/install/cmake_helpers/lib/x86_64-linux-gnu/pkgconfig:/home/ros2-user/ros2_workspace/robotics-v1/install/cmake_helpers/lib/pkgconfig /usr/bin/cmake --build /home/ros2-user/ros2_workspace/robotics-v1/build/utils -- -j4 -l4
[6.806s] Invoking command in '/home/ros2-user/ros2_workspace/robotics-v1/build/utils': CMAKE_PREFIX_PATH=/home/ros2-user/ros2_workspace/robotics-v1/install/cmake_helpers:/opt/ros/foxy PKG_CONFIG_PATH=/home/ros2-user/ros2_workspace/robotics-v1/install/cmake_helpers/lib/x86_64-linux-gnu/pkgconfig:/home/ros2-user/ros2_workspace/robotics-v1/install/cmake_helpers/lib/pkgconfig /usr/bin/cmake --install /home/ros2-user/ros2_workspace/robotics-v1/build/utils
[6.826s] -- Install configuration: "Debug"
[6.827s] -- Installing: /home/ros2-user/ros2_workspace/robotics-v1/install/utils/share/utils/package.xml
[6.827s] -- Installing: /home/ros2-user/ros2_workspace/robotics-v1/install/utils/lib/utils/libutils.a
[6.837s] -- Installing: /home/ros2-user/ros2_workspace/robotics-v1/install/utils/share/ament_index/resource_index/packages/utils
[6.838s] -- Installing: /home/ros2-user/ros2_workspace/robotics-v1/install/utils/share/utils/hook/ament_prefix_path.dsv
[6.840s] -- Installing: /home/ros2-user/ros2_workspace/robotics-v1/install/utils/share/utils/hook/ros_package_path.dsv
[6.843s] -- Installing: /home/ros2-user/ros2_workspace/robotics-v1/install/utils/share/ament_index/resource_index/package_run_dependencies/utils
[6.844s] -- Installing: /home/ros2-user/ros2_workspace/robotics-v1/install/utils/share/ament_index/resource_index/parent_prefix_path/utils
[6.844s] -- Installing: /home/ros2-user/ros2_workspace/robotics-v1/install/utils/share/utils/environment/ament_prefix_path.sh
[6.846s] -- Installing: /home/ros2-user/ros2_workspace/robotics-v1/install/utils/share/utils/environment/ament_prefix_path.dsv
[6.846s] -- Installing: /home/ros2-user/ros2_workspace/robotics-v1/install/utils/share/utils/environment/path.sh
[6.846s] -- Installing: /home/ros2-user/ros2_workspace/robotics-v1/install/utils/share/utils/environment/path.dsv
[6.848s] -- Installing: /home/ros2-user/ros2_workspace/robotics-v1/install/utils/share/utils/local_setup.bash
[6.849s] -- Installing: /home/ros2-user/ros2_workspace/robotics-v1/install/utils/share/utils/local_setup.sh
[6.850s] -- Installing: /home/ros2-user/ros2_workspace/robotics-v1/install/utils/share/utils/local_setup.zsh
[6.851s] -- Installing: /home/ros2-user/ros2_workspace/robotics-v1/install/utils/share/utils/local_setup.dsv
[6.852s] -- Installing: /home/ros2-user/ros2_workspace/robotics-v1/install/utils/share/utils/package.dsv
[6.853s] -- Up-to-date: /home/ros2-user/ros2_workspace/robotics-v1/install/utils/share/ament_index/resource_index/packages/utils
[6.854s] -- Installing: /home/ros2-user/ros2_workspace/robotics-v1/install/utils/share/utils/cmake/utilsConfig.cmake
[6.855s] -- Installing: /home/ros2-user/ros2_workspace/robotics-v1/install/utils/share/utils/cmake/utilsConfig-version.cmake
[6.859s] -- Up-to-date: /home/ros2-user/ros2_workspace/robotics-v1/install/utils/share/utils/package.xml
[6.862s] -- Installing: /home/ros2-user/ros2_workspace/robotics-v1/install/utils/lib/libutils.a
[6.870s] -- Installing: /home/ros2-user/ros2_workspace/robotics-v1/install/utils/include
[6.871s] -- Installing: /home/ros2-user/ros2_workspace/robotics-v1/install/utils/include/utils
[6.872s] -- Installing: /home/ros2-user/ros2_workspace/robotics-v1/install/utils/include/utils/drawing
[6.873s] -- Installing: /home/ros2-user/ros2_workspace/robotics-v1/install/utils/include/utils/drawing/Rectangle.h
[6.873s] -- Installing: /home/ros2-user/ros2_workspace/robotics-v1/install/utils/include/utils/drawing/WidgetAligner.h
[6.874s] -- Installing: /home/ros2-user/ros2_workspace/robotics-v1/install/utils/include/utils/drawing/Margin.h
[6.875s] -- Installing: /home/ros2-user/ros2_workspace/robotics-v1/install/utils/include/utils/drawing/Point.h
[6.875s] -- Installing: /home/ros2-user/ros2_workspace/robotics-v1/install/utils/include/utils/drawing/Color.h
[6.877s] -- Installing: /home/ros2-user/ros2_workspace/robotics-v1/install/utils/include/utils/rng
[6.890s] -- Installing: /home/ros2-user/ros2_workspace/robotics-v1/install/utils/include/utils/rng/Rng.h
[6.891s] -- Installing: /home/ros2-user/ros2_workspace/robotics-v1/install/utils/include/utils/ErrorCode.h
[6.891s] -- Installing: /home/ros2-user/ros2_workspace/robotics-v1/install/utils/include/utils/concurrency
[6.891s] -- Installing: /home/ros2-user/ros2_workspace/robotics-v1/install/utils/include/utils/concurrency/ThreadSafeQueue.h
[6.891s] -- Installing: /home/ros2-user/ros2_workspace/robotics-v1/install/utils/include/utils/file
[6.892s] -- Installing: /home/ros2-user/ros2_workspace/robotics-v1/install/utils/include/utils/file/IniFileParser.h
[6.892s] -- Installing: /home/ros2-user/ros2_workspace/robotics-v1/install/utils/include/utils/data_type
[6.892s] -- Installing: /home/ros2-user/ros2_workspace/robotics-v1/install/utils/include/utils/data_type/FloatingPoint.h
[6.892s] -- Installing: /home/ros2-user/ros2_workspace/robotics-v1/install/utils/include/utils/data_type/StringUtils.h
[6.892s] -- Installing: /home/ros2-user/ros2_workspace/robotics-v1/install/utils/include/utils/data_type/FloatingPointUtils.h
[6.892s] -- Installing: /home/ros2-user/ros2_workspace/robotics-v1/install/utils/include/utils/data_type/IntegerUtils.h
[6.892s] -- Installing: /home/ros2-user/ros2_workspace/robotics-v1/install/utils/include/utils/data_type/EnumClassUtils.h
[6.892s] -- Installing: /home/ros2-user/ros2_workspace/robotics-v1/install/utils/include/utils/Log.h
[6.892s] -- Installing: /home/ros2-user/ros2_workspace/robotics-v1/install/utils/include/utils/LimitValues.h
[6.893s] -- Installing: /home/ros2-user/ros2_workspace/robotics-v1/install/utils/include/utils/debug
[6.893s] -- Installing: /home/ros2-user/ros2_workspace/robotics-v1/install/utils/include/utils/debug/StackTrace.h
[6.893s] -- Installing: /home/ros2-user/ros2_workspace/robotics-v1/install/utils/include/utils/debug/FunctionTracer.h
[6.893s] -- Installing: /home/ros2-user/ros2_workspace/robotics-v1/install/utils/include/utils/debug/SignalHandler.h
[6.895s] -- Installing: /home/ros2-user/ros2_workspace/robotics-v1/install/utils/include/utils/common
[6.895s] -- Installing: /home/ros2-user/ros2_workspace/robotics-v1/install/utils/include/utils/common/CircularBuffer.h
[6.895s] -- Installing: /home/ros2-user/ros2_workspace/robotics-v1/install/utils/include/utils/common/defines
[6.896s] -- Installing: /home/ros2-user/ros2_workspace/robotics-v1/install/utils/include/utils/common/defines/SymbolNameDefines.h
[6.898s] -- Installing: /home/ros2-user/ros2_workspace/robotics-v1/install/utils/include/utils/common/AutoCircularBuffer.h
[6.899s] -- Installing: /home/ros2-user/ros2_workspace/robotics-v1/install/utils/include/utils/common/Crc.h
[6.900s] -- Installing: /home/ros2-user/ros2_workspace/robotics-v1/install/utils/include/utils/class
[6.900s] -- Installing: /home/ros2-user/ros2_workspace/robotics-v1/install/utils/include/utils/class/NonMoveable.h
[6.901s] -- Installing: /home/ros2-user/ros2_workspace/robotics-v1/install/utils/include/utils/class/NonCopyable.h
[6.902s] -- Installing: /home/ros2-user/ros2_workspace/robotics-v1/install/utils/include/utils/time
[6.903s] -- Installing: /home/ros2-user/ros2_workspace/robotics-v1/install/utils/include/utils/time/Time.h
[6.908s] -- Installing: /home/ros2-user/ros2_workspace/robotics-v1/install/utils/include/utils/file_system
[6.910s] -- Installing: /home/ros2-user/ros2_workspace/robotics-v1/install/utils/include/utils/file_system/FileSystemUtils.h
[6.911s] -- Installing: /home/ros2-user/ros2_workspace/robotics-v1/install/utils/lib/cmake/utils/utilsTargets.cmake
[6.911s] -- Installing: /home/ros2-user/ros2_workspace/robotics-v1/install/utils/lib/cmake/utils/utilsTargets-debug.cmake
[6.911s] -- Installing: /home/ros2-user/ros2_workspace/robotics-v1/install/utils/lib/cmake/utils/utilsConfig.cmake
[6.912s] Invoked command in '/home/ros2-user/ros2_workspace/robotics-v1/build/utils' returned '0': CMAKE_PREFIX_PATH=/home/ros2-user/ros2_workspace/robotics-v1/install/cmake_helpers:/opt/ros/foxy PKG_CONFIG_PATH=/home/ros2-user/ros2_workspace/robotics-v1/install/cmake_helpers/lib/x86_64-linux-gnu/pkgconfig:/home/ros2-user/ros2_workspace/robotics-v1/install/cmake_helpers/lib/pkgconfig /usr/bin/cmake --install /home/ros2-user/ros2_workspace/robotics-v1/build/utils
