-- Found cmake_helpers: 1.0.0 (/home/ros2-user/ros2_workspace/robotics-v1/install/cmake_helpers/share/cmake_helpers/cmake)
-- Found robo_miner_interfaces: 1.0.0 (/home/ros2-user/ros2_workspace/robotics-v1/install/robo_miner_interfaces/share/robo_miner_interfaces/cmake)
-- Using PYTHON_EXECUTABLE: /usr/bin/python3
-- Override CMake install command with custom implementation using symlinks instead of copying resources
-- Using all available rosidl_typesupport_c: rosidl_typesupport_fastrtps_c;rosidl_typesupport_introspection_c
-- Found rosidl_adapter: 1.3.0 (/opt/ros/foxy/share/rosidl_adapter/cmake)
-- Using all available rosidl_typesupport_cpp: rosidl_typesupport_fastrtps_cpp;rosidl_typesupport_introspection_cpp
-- Configuring done
-- Generating done
-- Build files have been written to: /home/ros2-user/ros2_workspace/robotics-v1/build/robo_miner_common
[100%] Built target robo_miner_common
-- Install configuration: "Debug"
-- Execute custom install script
-- Up-to-date symlink: /home/ros2-user/ros2_workspace/robotics-v1/install/robo_miner_common/share/robo_miner_common/package.xml
-- Up-to-date symlink: /home/ros2-user/ros2_workspace/robotics-v1/install/robo_miner_common/lib/robo_miner_common/librobo_miner_common.a
-- Symlinking: /home/ros2-user/ros2_workspace/robotics-v1/install/robo_miner_common/share/ament_index/resource_index/packages/robo_miner_common
-- Up-to-date symlink: /home/ros2-user/ros2_workspace/robotics-v1/install/robo_miner_common/share/robo_miner_common/hook/ament_prefix_path.dsv
-- Up-to-date symlink: /home/ros2-user/ros2_workspace/robotics-v1/install/robo_miner_common/share/robo_miner_common/hook/ros_package_path.dsv
-- Up-to-date symlink: /home/ros2-user/ros2_workspace/robotics-v1/install/robo_miner_common/share/ament_index/resource_index/package_run_dependencies/robo_miner_common
-- Up-to-date symlink: /home/ros2-user/ros2_workspace/robotics-v1/install/robo_miner_common/share/ament_index/resource_index/parent_prefix_path/robo_miner_common
-- Up-to-date symlink: /home/ros2-user/ros2_workspace/robotics-v1/install/robo_miner_common/share/robo_miner_common/environment/ament_prefix_path.sh
-- Up-to-date symlink: /home/ros2-user/ros2_workspace/robotics-v1/install/robo_miner_common/share/robo_miner_common/environment/ament_prefix_path.dsv
-- Up-to-date symlink: /home/ros2-user/ros2_workspace/robotics-v1/install/robo_miner_common/share/robo_miner_common/environment/path.sh
-- Up-to-date symlink: /home/ros2-user/ros2_workspace/robotics-v1/install/robo_miner_common/share/robo_miner_common/environment/path.dsv
-- Up-to-date symlink: /home/ros2-user/ros2_workspace/robotics-v1/install/robo_miner_common/share/robo_miner_common/local_setup.bash
-- Up-to-date symlink: /home/ros2-user/ros2_workspace/robotics-v1/install/robo_miner_common/share/robo_miner_common/local_setup.sh
-- Up-to-date symlink: /home/ros2-user/ros2_workspace/robotics-v1/install/robo_miner_common/share/robo_miner_common/local_setup.zsh
-- Up-to-date symlink: /home/ros2-user/ros2_workspace/robotics-v1/install/robo_miner_common/share/robo_miner_common/local_setup.dsv
-- Symlinking: /home/ros2-user/ros2_workspace/robotics-v1/install/robo_miner_common/share/robo_miner_common/package.dsv
-- Symlinking: /home/ros2-user/ros2_workspace/robotics-v1/install/robo_miner_common/share/ament_index/resource_index/packages/robo_miner_common
-- Up-to-date symlink: /home/ros2-user/ros2_workspace/robotics-v1/install/robo_miner_common/share/robo_miner_common/cmake/robo_miner_commonConfig.cmake
-- Up-to-date symlink: /home/ros2-user/ros2_workspace/robotics-v1/install/robo_miner_common/share/robo_miner_common/cmake/robo_miner_commonConfig-version.cmake
-- Up-to-date symlink: /home/ros2-user/ros2_workspace/robotics-v1/install/robo_miner_common/share/robo_miner_common/package.xml
-- Up-to-date symlink: /home/ros2-user/ros2_workspace/robotics-v1/install/robo_miner_common/include/robo_miner_common/defines/RoboMinerTopics.h
-- Up-to-date symlink: /home/ros2-user/ros2_workspace/robotics-v1/install/robo_miner_common/include/robo_miner_common/message_helpers/RoboMinerMessageHelpers.h
-- Up-to-date symlink: /home/ros2-user/ros2_workspace/robotics-v1/install/robo_miner_common/lib/cmake/robo_miner_common/robo_miner_commonConfig.cmake
-- Up-to-date: /home/ros2-user/ros2_workspace/robotics-v1/install/robo_miner_common/lib/librobo_miner_common.a
-- Up-to-date: /home/ros2-user/ros2_workspace/robotics-v1/install/robo_miner_common/lib/cmake/robo_miner_common/robo_miner_commonTargets.cmake
-- Installing: /home/ros2-user/ros2_workspace/robotics-v1/install/robo_miner_common/lib/cmake/robo_miner_common/robo_miner_commonTargets-debug.cmake
