-- The CXX compiler identification is GNU 9.4.0
-- Check for working CXX compiler: /usr/bin/g++
-- Check for working CXX compiler: /usr/bin/g++ -- works
-- Detecting CXX compiler ABI info
-- Detecting CXX compiler ABI info - done
-- Detecting CXX compile features
-- Detecting CXX compile features - done
-- Found cmake_helpers: 1.0.0 (/home/ros2-user/ros2_workspace/robotics-v1/install/cmake_helpers/share/cmake_helpers/cmake)
-- Found ament_cmake: 0.9.11 (/opt/ros/foxy/share/ament_cmake/cmake)
-- Found PythonInterp: /usr/bin/python3 (found suitable version "3.8.10", minimum required is "3") 
-- Using PYTHON_EXECUTABLE: /usr/bin/python3
-- Override CMake install command with custom implementation using symlinks instead of copying resources
-- Found ament_index_cpp: 1.1.0 (/opt/ros/foxy/share/ament_index_cpp/cmake)
-- Found rclcpp: 2.4.2 (/opt/ros/foxy/share/rclcpp/cmake)
-- Using all available rosidl_typesupport_c: rosidl_typesupport_fastrtps_c;rosidl_typesupport_introspection_c
-- Found rosidl_adapter: 1.3.0 (/opt/ros/foxy/share/rosidl_adapter/cmake)
-- Found OpenSSL: /usr/lib/x86_64-linux-gnu/libcrypto.so (found version "1.1.1f")  
-- Found FastRTPS: /opt/ros/foxy/include  
-- Using all available rosidl_typesupport_cpp: rosidl_typesupport_fastrtps_cpp;rosidl_typesupport_introspection_cpp
-- Found rmw_implementation_cmake: 1.0.3 (/opt/ros/foxy/share/rmw_implementation_cmake/cmake)
-- Using RMW implementation 'rmw_fastrtps_cpp' as default
-- Looking for C++ include pthread.h
-- Looking for C++ include pthread.h - found
-- Performing Test CMAKE_HAVE_LIBC_PTHREAD
-- Performing Test CMAKE_HAVE_LIBC_PTHREAD - Failed
-- Looking for pthread_create in pthreads
-- Looking for pthread_create in pthreads - not found
-- Looking for pthread_create in pthread
-- Looking for pthread_create in pthread - found
-- Found Threads: TRUE  
-- Found robo_miner_interfaces: 1.0.0 (/home/ros2-user/ros2_workspace/robotics-v1/install/robo_miner_interfaces/share/robo_miner_interfaces/cmake)
-- Configuring done
-- Generating done
-- Build files have been written to: /home/ros2-user/ros2_workspace/robotics-v1/build/robo_miner_gui
[35m[1mScanning dependencies of target robo_miner_gui[0m
[  5%] [32mBuilding CXX object CMakeFiles/robo_miner_gui.dir/src/main.cpp.o[0m
[ 11%] [32mBuilding CXX object CMakeFiles/robo_miner_gui.dir/src/defines/RoboMinerGuiDefines.cpp.o[0m
[ 17%] [32mBuilding CXX object CMakeFiles/robo_miner_gui.dir/src/external_api/MinerControllerExternalBridge.cpp.o[0m
[ 23%] [32mBuilding CXX object CMakeFiles/robo_miner_gui.dir/src/external_api/RoboMinerGuiRos2ParamProvider.cpp.o[0m
[ 29%] [32mBuilding CXX object CMakeFiles/robo_miner_gui.dir/src/helpers/RoboMinerBuilder.cpp.o[0m
[ 35%] [32mBuilding CXX object CMakeFiles/robo_miner_gui.dir/src/helpers/RoboMinerGuiInitHelper.cpp.o[0m
[ 41%] [32mBuilding CXX object CMakeFiles/robo_miner_gui.dir/src/helpers/MovementWatcher.cpp.o[0m
[ 47%] [32mBuilding CXX object CMakeFiles/robo_miner_gui.dir/src/helpers/SolutionValidator.cpp.o[0m
[ 52%] [32mBuilding CXX object CMakeFiles/robo_miner_gui.dir/src/helpers/algorithms/FloodFill.cpp.o[0m
[ 58%] [32mBuilding CXX object CMakeFiles/robo_miner_gui.dir/src/layout/RoboMinerLayout.cpp.o[0m
[ 64%] [32mBuilding CXX object CMakeFiles/robo_miner_gui.dir/src/layout/entities/Crystal.cpp.o[0m
[ 70%] [32mBuilding CXX object CMakeFiles/robo_miner_gui.dir/src/layout/entities/CrystalHandler.cpp.o[0m
[ 76%] [32mBuilding CXX object CMakeFiles/robo_miner_gui.dir/src/layout/panels/PanelHandler.cpp.o[0m
[ 82%] [32mBuilding CXX object CMakeFiles/robo_miner_gui.dir/src/layout/helpers/RoboMinerLayoutInitHelper.cpp.o[0m
[ 88%] [32mBuilding CXX object CMakeFiles/robo_miner_gui.dir/src/config/RoboMinerGuiConfigGenerator.cpp.o[0m
[ 94%] [32mBuilding CXX object CMakeFiles/robo_miner_gui.dir/src/RoboMinerGui.cpp.o[0m
[100%] [32m[1mLinking CXX executable robo_miner_gui[0m
[100%] Built target robo_miner_gui
-- Install configuration: "Debug"
-- Execute custom install script
-- Symlinking: /home/ros2-user/ros2_workspace/robotics-v1/install/robo_miner_gui/share/robo_miner_gui/package.xml
-- Symlinking: /home/ros2-user/ros2_workspace/robotics-v1/install/robo_miner_gui/share/robo_miner_gui//launch/launch.py
-- Symlinking: /home/ros2-user/ros2_workspace/robotics-v1/install/robo_miner_gui/share/robo_miner_gui//config/params.yaml
-- Symlinking: /home/ros2-user/ros2_workspace/robotics-v1/install/robo_miner_gui/lib/robo_miner_gui/robo_miner_gui
-- Symlinking: /home/ros2-user/ros2_workspace/robotics-v1/install/robo_miner_gui/share/ament_index/resource_index/packages/robo_miner_gui
-- Symlinking: /home/ros2-user/ros2_workspace/robotics-v1/install/robo_miner_gui/share/robo_miner_gui/hook/ament_prefix_path.dsv
-- Symlinking: /home/ros2-user/ros2_workspace/robotics-v1/install/robo_miner_gui/share/robo_miner_gui/hook/ros_package_path.dsv
-- Symlinking: /home/ros2-user/ros2_workspace/robotics-v1/install/robo_miner_gui/share/ament_index/resource_index/package_run_dependencies/robo_miner_gui
-- Symlinking: /home/ros2-user/ros2_workspace/robotics-v1/install/robo_miner_gui/share/ament_index/resource_index/parent_prefix_path/robo_miner_gui
-- Symlinking: /home/ros2-user/ros2_workspace/robotics-v1/install/robo_miner_gui/share/robo_miner_gui/environment/ament_prefix_path.sh
-- Symlinking: /home/ros2-user/ros2_workspace/robotics-v1/install/robo_miner_gui/share/robo_miner_gui/environment/ament_prefix_path.dsv
-- Symlinking: /home/ros2-user/ros2_workspace/robotics-v1/install/robo_miner_gui/share/robo_miner_gui/environment/path.sh
-- Symlinking: /home/ros2-user/ros2_workspace/robotics-v1/install/robo_miner_gui/share/robo_miner_gui/environment/path.dsv
-- Symlinking: /home/ros2-user/ros2_workspace/robotics-v1/install/robo_miner_gui/share/robo_miner_gui/local_setup.bash
-- Symlinking: /home/ros2-user/ros2_workspace/robotics-v1/install/robo_miner_gui/share/robo_miner_gui/local_setup.sh
-- Symlinking: /home/ros2-user/ros2_workspace/robotics-v1/install/robo_miner_gui/share/robo_miner_gui/local_setup.zsh
-- Symlinking: /home/ros2-user/ros2_workspace/robotics-v1/install/robo_miner_gui/share/robo_miner_gui/local_setup.dsv
-- Symlinking: /home/ros2-user/ros2_workspace/robotics-v1/install/robo_miner_gui/share/robo_miner_gui/package.dsv
-- Symlinking: /home/ros2-user/ros2_workspace/robotics-v1/install/robo_miner_gui/share/ament_index/resource_index/packages/robo_miner_gui
-- Symlinking: /home/ros2-user/ros2_workspace/robotics-v1/install/robo_miner_gui/share/robo_miner_gui/cmake/robo_miner_guiConfig.cmake
-- Symlinking: /home/ros2-user/ros2_workspace/robotics-v1/install/robo_miner_gui/share/robo_miner_gui/cmake/robo_miner_guiConfig-version.cmake
-- Up-to-date symlink: /home/ros2-user/ros2_workspace/robotics-v1/install/robo_miner_gui/share/robo_miner_gui/package.xml
-- Symlinking: /home/ros2-user/ros2_workspace/robotics-v1/install/robo_miner_gui/share/robo_miner_gui/resources//RoboMinerGui.rsrc
-- Symlinking: /home/ros2-user/ros2_workspace/robotics-v1/install/robo_miner_gui/share/robo_miner_gui/resources//f/vinque_rg_20.ttf
-- Symlinking: /home/ros2-user/ros2_workspace/robotics-v1/install/robo_miner_gui/share/robo_miner_gui/resources//f/vinque_rg_30.ttf
-- Symlinking: /home/ros2-user/ros2_workspace/robotics-v1/install/robo_miner_gui/share/robo_miner_gui/resources//f/vinque_rg_75.ttf
-- Symlinking: /home/ros2-user/ros2_workspace/robotics-v1/install/robo_miner_gui/share/robo_miner_gui/resources//generated/RoboMinerGuiResources.h
-- Symlinking: /home/ros2-user/ros2_workspace/robotics-v1/install/robo_miner_gui/share/robo_miner_gui/resources//generated/RoboMinerGuiResourcesDynamic.h
-- Symlinking: /home/ros2-user/ros2_workspace/robotics-v1/install/robo_miner_gui/share/robo_miner_gui/resources//generated/RoboMinerGuiResourcesDynamicValues.h
-- Symlinking: /home/ros2-user/ros2_workspace/robotics-v1/install/robo_miner_gui/share/robo_miner_gui/resources//generated/fonts.bin
-- Symlinking: /home/ros2-user/ros2_workspace/robotics-v1/install/robo_miner_gui/share/robo_miner_gui/resources//generated/resources.bin
-- Symlinking: /home/ros2-user/ros2_workspace/robotics-v1/install/robo_miner_gui/share/robo_miner_gui/resources//generated/sounds.bin
-- Symlinking: /home/ros2-user/ros2_workspace/robotics-v1/install/robo_miner_gui/share/robo_miner_gui/resources//levels/level_1/field_map.txt
-- Symlinking: /home/ros2-user/ros2_workspace/robotics-v1/install/robo_miner_gui/share/robo_miner_gui/resources//levels/level_1/solution.txt
-- Symlinking: /home/ros2-user/ros2_workspace/robotics-v1/install/robo_miner_gui/share/robo_miner_gui/resources//levels/level_2/field_map.txt
-- Symlinking: /home/ros2-user/ros2_workspace/robotics-v1/install/robo_miner_gui/share/robo_miner_gui/resources//levels/level_2/solution.txt
-- Symlinking: /home/ros2-user/ros2_workspace/robotics-v1/install/robo_miner_gui/share/robo_miner_gui/resources//levels/level_3/field_map.txt
-- Symlinking: /home/ros2-user/ros2_workspace/robotics-v1/install/robo_miner_gui/share/robo_miner_gui/resources//levels/level_3/solution.txt
-- Symlinking: /home/ros2-user/ros2_workspace/robotics-v1/install/robo_miner_gui/share/robo_miner_gui/resources//p/background/fogOfWar.png
-- Symlinking: /home/ros2-user/ros2_workspace/robotics-v1/install/robo_miner_gui/share/robo_miner_gui/resources//p/background/map.png
-- Symlinking: /home/ros2-user/ros2_workspace/robotics-v1/install/robo_miner_gui/share/robo_miner_gui/resources//p/background/obstacle.png
-- Symlinking: /home/ros2-user/ros2_workspace/robotics-v1/install/robo_miner_gui/share/robo_miner_gui/resources//p/background/tile.png
-- Symlinking: /home/ros2-user/ros2_workspace/robotics-v1/install/robo_miner_gui/share/robo_miner_gui/resources//p/entities/crystals.png
-- Symlinking: /home/ros2-user/ros2_workspace/robotics-v1/install/robo_miner_gui/share/robo_miner_gui/resources//p/entities/damage_marker.png
-- Symlinking: /home/ros2-user/ros2_workspace/robotics-v1/install/robo_miner_gui/share/robo_miner_gui/resources//p/entities/player_robot.png
-- Symlinking: /home/ros2-user/ros2_workspace/robotics-v1/install/robo_miner_gui/share/robo_miner_gui/resources//p/panels/crystal_panel.png
-- Symlinking: /home/ros2-user/ros2_workspace/robotics-v1/install/robo_miner_gui/share/robo_miner_gui/resources//p/panels/health_indicator.png
-- Symlinking: /home/ros2-user/ros2_workspace/robotics-v1/install/robo_miner_gui/share/robo_miner_gui/resources//p/panels/health_panel.png
-- Symlinking: /home/ros2-user/ros2_workspace/robotics-v1/install/robo_miner_gui/share/robo_miner_gui/resources//p/panels/hor_delimiter.png
-- Symlinking: /home/ros2-user/ros2_workspace/robotics-v1/install/robo_miner_gui/share/robo_miner_gui/resources//p/panels/tile_panel.png
-- Symlinking: /home/ros2-user/ros2_workspace/robotics-v1/install/robo_miner_gui/share/robo_miner_gui/resources//p/panels/vert_delimiter.png
-- Symlinking: /home/ros2-user/ros2_workspace/robotics-v1/install/robo_miner_gui/share/robo_miner_gui/resources//p/stars/star_single.png
-- Symlinking: /home/ros2-user/ros2_workspace/robotics-v1/install/robo_miner_gui/share/robo_miner_gui/resources//p/stars/stars.png
