[0.085s] Invoking command in '/home/ros2-user/ros2_workspace/robotics-v1/build/robo_miner_gui': AMENT_PREFIX_PATH=/home/ros2-user/ros2_workspace/robotics-v1/install/robo_miner_common:/home/ros2-user/ros2_workspace/robotics-v1/install/robo_miner_interfaces:${AMENT_PREFIX_PATH} CMAKE_PREFIX_PATH=/home/ros2-user/ros2_workspace/robotics-v1/install/ros2_game_engine:/home/ros2-user/ros2_workspace/robotics-v1/install/robo_miner_common:/home/ros2-user/ros2_workspace/robotics-v1/install/robo_common:/home/ros2-user/ros2_workspace/robotics-v1/install/game_engine:/home/ros2-user/ros2_workspace/robotics-v1/install/manager_utils:/home/ros2-user/ros2_workspace/robotics-v1/install/sdl_utils:/home/ros2-user/ros2_workspace/robotics-v1/install/resource_utils:/home/ros2-user/ros2_workspace/robotics-v1/install/utils:/home/ros2-user/ros2_workspace/robotics-v1/install/robo_miner_interfaces:/home/ros2-user/ros2_workspace/robotics-v1/install/cmake_helpers:/opt/ros/foxy LD_LIBRARY_PATH=/home/ros2-user/ros2_workspace/robotics-v1/install/robo_miner_interfaces/lib:${LD_LIBRARY_PATH} PKG_CONFIG_PATH=/home/ros2-user/ros2_workspace/robotics-v1/install/ros2_game_engine/lib/x86_64-linux-gnu/pkgconfig:/home/ros2-user/ros2_workspace/robotics-v1/install/ros2_game_engine/lib/pkgconfig:/home/ros2-user/ros2_workspace/robotics-v1/install/robo_common/lib/x86_64-linux-gnu/pkgconfig:/home/ros2-user/ros2_workspace/robotics-v1/install/robo_common/lib/pkgconfig:/home/ros2-user/ros2_workspace/robotics-v1/install/game_engine/lib/x86_64-linux-gnu/pkgconfig:/home/ros2-user/ros2_workspace/robotics-v1/install/game_engine/lib/pkgconfig:/home/ros2-user/ros2_workspace/robotics-v1/install/manager_utils/lib/x86_64-linux-gnu/pkgconfig:/home/ros2-user/ros2_workspace/robotics-v1/install/manager_utils/lib/pkgconfig:/home/ros2-user/ros2_workspace/robotics-v1/install/sdl_utils/lib/x86_64-linux-gnu/pkgconfig:/home/ros2-user/ros2_workspace/robotics-v1/install/sdl_utils/lib/pkgconfig:/home/ros2-user/ros2_workspace/robotics-v1/install/resource_utils/lib/x86_64-linux-gnu/pkgconfig:/home/ros2-user/ros2_workspace/robotics-v1/install/resource_utils/lib/pkgconfig:/home/ros2-user/ros2_workspace/robotics-v1/install/utils/lib/x86_64-linux-gnu/pkgconfig:/home/ros2-user/ros2_workspace/robotics-v1/install/utils/lib/pkgconfig:/home/ros2-user/ros2_workspace/robotics-v1/install/cmake_helpers/lib/x86_64-linux-gnu/pkgconfig:/home/ros2-user/ros2_workspace/robotics-v1/install/cmake_helpers/lib/pkgconfig PYTHONPATH=/home/ros2-user/ros2_workspace/robotics-v1/install/robo_miner_interfaces/lib/python3.8/site-packages:${PYTHONPATH} /usr/bin/cmake /home/ros2-user/ros2_workspace/robotics-v1/src/robo_miner/robo_miner_gui -DCMAKE_BUILD_TYPE=Debug -DCMAKE_CXX_COMPILER=/usr/bin/g++ -DAMENT_CMAKE_SYMLINK_INSTALL=1 -DCMAKE_INSTALL_PREFIX=/home/ros2-user/ros2_workspace/robotics-v1/install/robo_miner_gui
[0.706s] -- The CXX compiler identification is GNU 9.4.0
[0.738s] -- Check for working CXX compiler: /usr/bin/g++
[1.172s] -- Check for working CXX compiler: /usr/bin/g++ -- works
[1.177s] -- Detecting CXX compiler ABI info
[2.078s] -- Detecting CXX compiler ABI info - done
[2.105s] -- Detecting CXX compile features
[2.139s] -- Detecting CXX compile features - done
[2.145s] -- Found cmake_helpers: 1.0.0 (/home/ros2-user/ros2_workspace/robotics-v1/install/cmake_helpers/share/cmake_helpers/cmake)
[2.152s] -- Found ament_cmake: 0.9.11 (/opt/ros/foxy/share/ament_cmake/cmake)
[2.251s] -- Found PythonInterp: /usr/bin/python3 (found suitable version "3.8.10", minimum required is "3") 
[2.251s] -- Using PYTHON_EXECUTABLE: /usr/bin/python3
[2.854s] -- Override CMake install command with custom implementation using symlinks instead of copying resources
[2.930s] -- Found ament_index_cpp: 1.1.0 (/opt/ros/foxy/share/ament_index_cpp/cmake)
[2.941s] -- Found rclcpp: 2.4.2 (/opt/ros/foxy/share/rclcpp/cmake)
[3.090s] -- Using all available rosidl_typesupport_c: rosidl_typesupport_fastrtps_c;rosidl_typesupport_introspection_c
[3.126s] -- Found rosidl_adapter: 1.3.0 (/opt/ros/foxy/share/rosidl_adapter/cmake)
[3.782s] -- Found OpenSSL: /usr/lib/x86_64-linux-gnu/libcrypto.so (found version "1.1.1f")  
[3.943s] -- Found FastRTPS: /opt/ros/foxy/include  
[4.174s] -- Using all available rosidl_typesupport_cpp: rosidl_typesupport_fastrtps_cpp;rosidl_typesupport_introspection_cpp
[4.321s] -- Found rmw_implementation_cmake: 1.0.3 (/opt/ros/foxy/share/rmw_implementation_cmake/cmake)
[4.329s] -- Using RMW implementation 'rmw_fastrtps_cpp' as default
[4.329s] -- Looking for C++ include pthread.h
[4.689s] -- Looking for C++ include pthread.h - found
[4.689s] -- Performing Test CMAKE_HAVE_LIBC_PTHREAD
[5.326s] -- Performing Test CMAKE_HAVE_LIBC_PTHREAD - Failed
[5.327s] -- Looking for pthread_create in pthreads
[5.539s] -- Looking for pthread_create in pthreads - not found
[5.539s] -- Looking for pthread_create in pthread
[5.887s] -- Looking for pthread_create in pthread - found
[5.890s] -- Found Threads: TRUE  
[6.288s] -- Found robo_miner_interfaces: 1.0.0 (/home/ros2-user/ros2_workspace/robotics-v1/install/robo_miner_interfaces/share/robo_miner_interfaces/cmake)
[11.851s] -- Configuring done
[11.934s] -- Generating done
[11.942s] -- Build files have been written to: /home/ros2-user/ros2_workspace/robotics-v1/build/robo_miner_gui
[11.961s] Invoked command in '/home/ros2-user/ros2_workspace/robotics-v1/build/robo_miner_gui' returned '0': AMENT_PREFIX_PATH=/home/ros2-user/ros2_workspace/robotics-v1/install/robo_miner_common:/home/ros2-user/ros2_workspace/robotics-v1/install/robo_miner_interfaces:${AMENT_PREFIX_PATH} CMAKE_PREFIX_PATH=/home/ros2-user/ros2_workspace/robotics-v1/install/ros2_game_engine:/home/ros2-user/ros2_workspace/robotics-v1/install/robo_miner_common:/home/ros2-user/ros2_workspace/robotics-v1/install/robo_common:/home/ros2-user/ros2_workspace/robotics-v1/install/game_engine:/home/ros2-user/ros2_workspace/robotics-v1/install/manager_utils:/home/ros2-user/ros2_workspace/robotics-v1/install/sdl_utils:/home/ros2-user/ros2_workspace/robotics-v1/install/resource_utils:/home/ros2-user/ros2_workspace/robotics-v1/install/utils:/home/ros2-user/ros2_workspace/robotics-v1/install/robo_miner_interfaces:/home/ros2-user/ros2_workspace/robotics-v1/install/cmake_helpers:/opt/ros/foxy LD_LIBRARY_PATH=/home/ros2-user/ros2_workspace/robotics-v1/install/robo_miner_interfaces/lib:${LD_LIBRARY_PATH} PKG_CONFIG_PATH=/home/ros2-user/ros2_workspace/robotics-v1/install/ros2_game_engine/lib/x86_64-linux-gnu/pkgconfig:/home/ros2-user/ros2_workspace/robotics-v1/install/ros2_game_engine/lib/pkgconfig:/home/ros2-user/ros2_workspace/robotics-v1/install/robo_common/lib/x86_64-linux-gnu/pkgconfig:/home/ros2-user/ros2_workspace/robotics-v1/install/robo_common/lib/pkgconfig:/home/ros2-user/ros2_workspace/robotics-v1/install/game_engine/lib/x86_64-linux-gnu/pkgconfig:/home/ros2-user/ros2_workspace/robotics-v1/install/game_engine/lib/pkgconfig:/home/ros2-user/ros2_workspace/robotics-v1/install/manager_utils/lib/x86_64-linux-gnu/pkgconfig:/home/ros2-user/ros2_workspace/robotics-v1/install/manager_utils/lib/pkgconfig:/home/ros2-user/ros2_workspace/robotics-v1/install/sdl_utils/lib/x86_64-linux-gnu/pkgconfig:/home/ros2-user/ros2_workspace/robotics-v1/install/sdl_utils/lib/pkgconfig:/home/ros2-user/ros2_workspace/robotics-v1/install/resource_utils/lib/x86_64-linux-gnu/pkgconfig:/home/ros2-user/ros2_workspace/robotics-v1/install/resource_utils/lib/pkgconfig:/home/ros2-user/ros2_workspace/robotics-v1/install/utils/lib/x86_64-linux-gnu/pkgconfig:/home/ros2-user/ros2_workspace/robotics-v1/install/utils/lib/pkgconfig:/home/ros2-user/ros2_workspace/robotics-v1/install/cmake_helpers/lib/x86_64-linux-gnu/pkgconfig:/home/ros2-user/ros2_workspace/robotics-v1/install/cmake_helpers/lib/pkgconfig PYTHONPATH=/home/ros2-user/ros2_workspace/robotics-v1/install/robo_miner_interfaces/lib/python3.8/site-packages:${PYTHONPATH} /usr/bin/cmake /home/ros2-user/ros2_workspace/robotics-v1/src/robo_miner/robo_miner_gui -DCMAKE_BUILD_TYPE=Debug -DCMAKE_CXX_COMPILER=/usr/bin/g++ -DAMENT_CMAKE_SYMLINK_INSTALL=1 -DCMAKE_INSTALL_PREFIX=/home/ros2-user/ros2_workspace/robotics-v1/install/robo_miner_gui
[11.972s] Invoking command in '/home/ros2-user/ros2_workspace/robotics-v1/build/robo_miner_gui': AMENT_PREFIX_PATH=/home/ros2-user/ros2_workspace/robotics-v1/install/robo_miner_common:/home/ros2-user/ros2_workspace/robotics-v1/install/robo_miner_interfaces:${AMENT_PREFIX_PATH} CMAKE_PREFIX_PATH=/home/ros2-user/ros2_workspace/robotics-v1/install/ros2_game_engine:/home/ros2-user/ros2_workspace/robotics-v1/install/robo_miner_common:/home/ros2-user/ros2_workspace/robotics-v1/install/robo_common:/home/ros2-user/ros2_workspace/robotics-v1/install/game_engine:/home/ros2-user/ros2_workspace/robotics-v1/install/manager_utils:/home/ros2-user/ros2_workspace/robotics-v1/install/sdl_utils:/home/ros2-user/ros2_workspace/robotics-v1/install/resource_utils:/home/ros2-user/ros2_workspace/robotics-v1/install/utils:/home/ros2-user/ros2_workspace/robotics-v1/install/robo_miner_interfaces:/home/ros2-user/ros2_workspace/robotics-v1/install/cmake_helpers:/opt/ros/foxy LD_LIBRARY_PATH=/home/ros2-user/ros2_workspace/robotics-v1/install/robo_miner_interfaces/lib:${LD_LIBRARY_PATH} PKG_CONFIG_PATH=/home/ros2-user/ros2_workspace/robotics-v1/install/ros2_game_engine/lib/x86_64-linux-gnu/pkgconfig:/home/ros2-user/ros2_workspace/robotics-v1/install/ros2_game_engine/lib/pkgconfig:/home/ros2-user/ros2_workspace/robotics-v1/install/robo_common/lib/x86_64-linux-gnu/pkgconfig:/home/ros2-user/ros2_workspace/robotics-v1/install/robo_common/lib/pkgconfig:/home/ros2-user/ros2_workspace/robotics-v1/install/game_engine/lib/x86_64-linux-gnu/pkgconfig:/home/ros2-user/ros2_workspace/robotics-v1/install/game_engine/lib/pkgconfig:/home/ros2-user/ros2_workspace/robotics-v1/install/manager_utils/lib/x86_64-linux-gnu/pkgconfig:/home/ros2-user/ros2_workspace/robotics-v1/install/manager_utils/lib/pkgconfig:/home/ros2-user/ros2_workspace/robotics-v1/install/sdl_utils/lib/x86_64-linux-gnu/pkgconfig:/home/ros2-user/ros2_workspace/robotics-v1/install/sdl_utils/lib/pkgconfig:/home/ros2-user/ros2_workspace/robotics-v1/install/resource_utils/lib/x86_64-linux-gnu/pkgconfig:/home/ros2-user/ros2_workspace/robotics-v1/install/resource_utils/lib/pkgconfig:/home/ros2-user/ros2_workspace/robotics-v1/install/utils/lib/x86_64-linux-gnu/pkgconfig:/home/ros2-user/ros2_workspace/robotics-v1/install/utils/lib/pkgconfig:/home/ros2-user/ros2_workspace/robotics-v1/install/cmake_helpers/lib/x86_64-linux-gnu/pkgconfig:/home/ros2-user/ros2_workspace/robotics-v1/install/cmake_helpers/lib/pkgconfig PYTHONPATH=/home/ros2-user/ros2_workspace/robotics-v1/install/robo_miner_interfaces/lib/python3.8/site-packages:${PYTHONPATH} /usr/bin/cmake --build /home/ros2-user/ros2_workspace/robotics-v1/build/robo_miner_gui -- -j4 -l4
[12.181s] [35m[1mScanning dependencies of target robo_miner_gui[0m
[12.693s] [  5%] [32mBuilding CXX object CMakeFiles/robo_miner_gui.dir/src/main.cpp.o[0m
[19.682s] [ 11%] [32mBuilding CXX object CMakeFiles/robo_miner_gui.dir/src/defines/RoboMinerGuiDefines.cpp.o[0m
[22.290s] [ 17%] [32mBuilding CXX object CMakeFiles/robo_miner_gui.dir/src/external_api/MinerControllerExternalBridge.cpp.o[0m
[51.537s] [ 23%] [32mBuilding CXX object CMakeFiles/robo_miner_gui.dir/src/external_api/RoboMinerGuiRos2ParamProvider.cpp.o[0m
[57.919s] [ 29%] [32mBuilding CXX object CMakeFiles/robo_miner_gui.dir/src/helpers/RoboMinerBuilder.cpp.o[0m
[64.186s] [ 35%] [32mBuilding CXX object CMakeFiles/robo_miner_gui.dir/src/helpers/RoboMinerGuiInitHelper.cpp.o[0m
[71.837s] [ 41%] [32mBuilding CXX object CMakeFiles/robo_miner_gui.dir/src/helpers/MovementWatcher.cpp.o[0m
[73.846s] [ 47%] [32mBuilding CXX object CMakeFiles/robo_miner_gui.dir/src/helpers/SolutionValidator.cpp.o[0m
[76.448s] [ 52%] [32mBuilding CXX object CMakeFiles/robo_miner_gui.dir/src/helpers/algorithms/FloodFill.cpp.o[0m
[78.142s] [ 58%] [32mBuilding CXX object CMakeFiles/robo_miner_gui.dir/src/layout/RoboMinerLayout.cpp.o[0m
[80.361s] [ 64%] [32mBuilding CXX object CMakeFiles/robo_miner_gui.dir/src/layout/entities/Crystal.cpp.o[0m
[82.025s] [ 70%] [32mBuilding CXX object CMakeFiles/robo_miner_gui.dir/src/layout/entities/CrystalHandler.cpp.o[0m
[83.593s] [ 76%] [32mBuilding CXX object CMakeFiles/robo_miner_gui.dir/src/layout/panels/PanelHandler.cpp.o[0m
[85.096s] [ 82%] [32mBuilding CXX object CMakeFiles/robo_miner_gui.dir/src/layout/helpers/RoboMinerLayoutInitHelper.cpp.o[0m
[87.510s] [ 88%] [32mBuilding CXX object CMakeFiles/robo_miner_gui.dir/src/config/RoboMinerGuiConfigGenerator.cpp.o[0m
[95.834s] [ 94%] [32mBuilding CXX object CMakeFiles/robo_miner_gui.dir/src/RoboMinerGui.cpp.o[0m
[101.436s] [100%] [32m[1mLinking CXX executable robo_miner_gui[0m
[104.759s] [100%] Built target robo_miner_gui
[104.798s] Invoked command in '/home/ros2-user/ros2_workspace/robotics-v1/build/robo_miner_gui' returned '0': AMENT_PREFIX_PATH=/home/ros2-user/ros2_workspace/robotics-v1/install/robo_miner_common:/home/ros2-user/ros2_workspace/robotics-v1/install/robo_miner_interfaces:${AMENT_PREFIX_PATH} CMAKE_PREFIX_PATH=/home/ros2-user/ros2_workspace/robotics-v1/install/ros2_game_engine:/home/ros2-user/ros2_workspace/robotics-v1/install/robo_miner_common:/home/ros2-user/ros2_workspace/robotics-v1/install/robo_common:/home/ros2-user/ros2_workspace/robotics-v1/install/game_engine:/home/ros2-user/ros2_workspace/robotics-v1/install/manager_utils:/home/ros2-user/ros2_workspace/robotics-v1/install/sdl_utils:/home/ros2-user/ros2_workspace/robotics-v1/install/resource_utils:/home/ros2-user/ros2_workspace/robotics-v1/install/utils:/home/ros2-user/ros2_workspace/robotics-v1/install/robo_miner_interfaces:/home/ros2-user/ros2_workspace/robotics-v1/install/cmake_helpers:/opt/ros/foxy LD_LIBRARY_PATH=/home/ros2-user/ros2_workspace/robotics-v1/install/robo_miner_interfaces/lib:${LD_LIBRARY_PATH} PKG_CONFIG_PATH=/home/ros2-user/ros2_workspace/robotics-v1/install/ros2_game_engine/lib/x86_64-linux-gnu/pkgconfig:/home/ros2-user/ros2_workspace/robotics-v1/install/ros2_game_engine/lib/pkgconfig:/home/ros2-user/ros2_workspace/robotics-v1/install/robo_common/lib/x86_64-linux-gnu/pkgconfig:/home/ros2-user/ros2_workspace/robotics-v1/install/robo_common/lib/pkgconfig:/home/ros2-user/ros2_workspace/robotics-v1/install/game_engine/lib/x86_64-linux-gnu/pkgconfig:/home/ros2-user/ros2_workspace/robotics-v1/install/game_engine/lib/pkgconfig:/home/ros2-user/ros2_workspace/robotics-v1/install/manager_utils/lib/x86_64-linux-gnu/pkgconfig:/home/ros2-user/ros2_workspace/robotics-v1/install/manager_utils/lib/pkgconfig:/home/ros2-user/ros2_workspace/robotics-v1/install/sdl_utils/lib/x86_64-linux-gnu/pkgconfig:/home/ros2-user/ros2_workspace/robotics-v1/install/sdl_utils/lib/pkgconfig:/home/ros2-user/ros2_workspace/robotics-v1/install/resource_utils/lib/x86_64-linux-gnu/pkgconfig:/home/ros2-user/ros2_workspace/robotics-v1/install/resource_utils/lib/pkgconfig:/home/ros2-user/ros2_workspace/robotics-v1/install/utils/lib/x86_64-linux-gnu/pkgconfig:/home/ros2-user/ros2_workspace/robotics-v1/install/utils/lib/pkgconfig:/home/ros2-user/ros2_workspace/robotics-v1/install/cmake_helpers/lib/x86_64-linux-gnu/pkgconfig:/home/ros2-user/ros2_workspace/robotics-v1/install/cmake_helpers/lib/pkgconfig PYTHONPATH=/home/ros2-user/ros2_workspace/robotics-v1/install/robo_miner_interfaces/lib/python3.8/site-packages:${PYTHONPATH} /usr/bin/cmake --build /home/ros2-user/ros2_workspace/robotics-v1/build/robo_miner_gui -- -j4 -l4
[106.681s] Invoking command in '/home/ros2-user/ros2_workspace/robotics-v1/build/robo_miner_gui': AMENT_PREFIX_PATH=/home/ros2-user/ros2_workspace/robotics-v1/install/robo_miner_common:/home/ros2-user/ros2_workspace/robotics-v1/install/robo_miner_interfaces:${AMENT_PREFIX_PATH} CMAKE_PREFIX_PATH=/home/ros2-user/ros2_workspace/robotics-v1/install/ros2_game_engine:/home/ros2-user/ros2_workspace/robotics-v1/install/robo_miner_common:/home/ros2-user/ros2_workspace/robotics-v1/install/robo_common:/home/ros2-user/ros2_workspace/robotics-v1/install/game_engine:/home/ros2-user/ros2_workspace/robotics-v1/install/manager_utils:/home/ros2-user/ros2_workspace/robotics-v1/install/sdl_utils:/home/ros2-user/ros2_workspace/robotics-v1/install/resource_utils:/home/ros2-user/ros2_workspace/robotics-v1/install/utils:/home/ros2-user/ros2_workspace/robotics-v1/install/robo_miner_interfaces:/home/ros2-user/ros2_workspace/robotics-v1/install/cmake_helpers:/opt/ros/foxy LD_LIBRARY_PATH=/home/ros2-user/ros2_workspace/robotics-v1/install/robo_miner_interfaces/lib:${LD_LIBRARY_PATH} PKG_CONFIG_PATH=/home/ros2-user/ros2_workspace/robotics-v1/install/ros2_game_engine/lib/x86_64-linux-gnu/pkgconfig:/home/ros2-user/ros2_workspace/robotics-v1/install/ros2_game_engine/lib/pkgconfig:/home/ros2-user/ros2_workspace/robotics-v1/install/robo_common/lib/x86_64-linux-gnu/pkgconfig:/home/ros2-user/ros2_workspace/robotics-v1/install/robo_common/lib/pkgconfig:/home/ros2-user/ros2_workspace/robotics-v1/install/game_engine/lib/x86_64-linux-gnu/pkgconfig:/home/ros2-user/ros2_workspace/robotics-v1/install/game_engine/lib/pkgconfig:/home/ros2-user/ros2_workspace/robotics-v1/install/manager_utils/lib/x86_64-linux-gnu/pkgconfig:/home/ros2-user/ros2_workspace/robotics-v1/install/manager_utils/lib/pkgconfig:/home/ros2-user/ros2_workspace/robotics-v1/install/sdl_utils/lib/x86_64-linux-gnu/pkgconfig:/home/ros2-user/ros2_workspace/robotics-v1/install/sdl_utils/lib/pkgconfig:/home/ros2-user/ros2_workspace/robotics-v1/install/resource_utils/lib/x86_64-linux-gnu/pkgconfig:/home/ros2-user/ros2_workspace/robotics-v1/install/resource_utils/lib/pkgconfig:/home/ros2-user/ros2_workspace/robotics-v1/install/utils/lib/x86_64-linux-gnu/pkgconfig:/home/ros2-user/ros2_workspace/robotics-v1/install/utils/lib/pkgconfig:/home/ros2-user/ros2_workspace/robotics-v1/install/cmake_helpers/lib/x86_64-linux-gnu/pkgconfig:/home/ros2-user/ros2_workspace/robotics-v1/install/cmake_helpers/lib/pkgconfig PYTHONPATH=/home/ros2-user/ros2_workspace/robotics-v1/install/robo_miner_interfaces/lib/python3.8/site-packages:${PYTHONPATH} /usr/bin/cmake --install /home/ros2-user/ros2_workspace/robotics-v1/build/robo_miner_gui
[106.727s] -- Install configuration: "Debug"
[106.739s] -- Execute custom install script
[106.740s] -- Symlinking: /home/ros2-user/ros2_workspace/robotics-v1/install/robo_miner_gui/share/robo_miner_gui/package.xml
[106.783s] -- Symlinking: /home/ros2-user/ros2_workspace/robotics-v1/install/robo_miner_gui/share/robo_miner_gui//launch/launch.py
[107.464s] -- Symlinking: /home/ros2-user/ros2_workspace/robotics-v1/install/robo_miner_gui/share/robo_miner_gui//config/params.yaml
[107.701s] -- Symlinking: /home/ros2-user/ros2_workspace/robotics-v1/install/robo_miner_gui/lib/robo_miner_gui/robo_miner_gui
[107.751s] -- Symlinking: /home/ros2-user/ros2_workspace/robotics-v1/install/robo_miner_gui/share/ament_index/resource_index/packages/robo_miner_gui
[107.797s] -- Symlinking: /home/ros2-user/ros2_workspace/robotics-v1/install/robo_miner_gui/share/robo_miner_gui/hook/ament_prefix_path.dsv
[107.829s] -- Symlinking: /home/ros2-user/ros2_workspace/robotics-v1/install/robo_miner_gui/share/robo_miner_gui/hook/ros_package_path.dsv
[107.855s] -- Symlinking: /home/ros2-user/ros2_workspace/robotics-v1/install/robo_miner_gui/share/ament_index/resource_index/package_run_dependencies/robo_miner_gui
[107.903s] -- Symlinking: /home/ros2-user/ros2_workspace/robotics-v1/install/robo_miner_gui/share/ament_index/resource_index/parent_prefix_path/robo_miner_gui
[107.936s] -- Symlinking: /home/ros2-user/ros2_workspace/robotics-v1/install/robo_miner_gui/share/robo_miner_gui/environment/ament_prefix_path.sh
[108.079s] -- Symlinking: /home/ros2-user/ros2_workspace/robotics-v1/install/robo_miner_gui/share/robo_miner_gui/environment/ament_prefix_path.dsv
[108.560s] -- Symlinking: /home/ros2-user/ros2_workspace/robotics-v1/install/robo_miner_gui/share/robo_miner_gui/environment/path.sh
[108.590s] -- Symlinking: /home/ros2-user/ros2_workspace/robotics-v1/install/robo_miner_gui/share/robo_miner_gui/environment/path.dsv
[108.696s] -- Symlinking: /home/ros2-user/ros2_workspace/robotics-v1/install/robo_miner_gui/share/robo_miner_gui/local_setup.bash
[108.732s] -- Symlinking: /home/ros2-user/ros2_workspace/robotics-v1/install/robo_miner_gui/share/robo_miner_gui/local_setup.sh
[108.758s] -- Symlinking: /home/ros2-user/ros2_workspace/robotics-v1/install/robo_miner_gui/share/robo_miner_gui/local_setup.zsh
[108.793s] -- Symlinking: /home/ros2-user/ros2_workspace/robotics-v1/install/robo_miner_gui/share/robo_miner_gui/local_setup.dsv
[108.824s] -- Symlinking: /home/ros2-user/ros2_workspace/robotics-v1/install/robo_miner_gui/share/robo_miner_gui/package.dsv
[109.061s] -- Symlinking: /home/ros2-user/ros2_workspace/robotics-v1/install/robo_miner_gui/share/ament_index/resource_index/packages/robo_miner_gui
[109.105s] -- Symlinking: /home/ros2-user/ros2_workspace/robotics-v1/install/robo_miner_gui/share/robo_miner_gui/cmake/robo_miner_guiConfig.cmake
[109.147s] -- Symlinking: /home/ros2-user/ros2_workspace/robotics-v1/install/robo_miner_gui/share/robo_miner_gui/cmake/robo_miner_guiConfig-version.cmake
[109.204s] -- Up-to-date symlink: /home/ros2-user/ros2_workspace/robotics-v1/install/robo_miner_gui/share/robo_miner_gui/package.xml
[109.204s] -- Symlinking: /home/ros2-user/ros2_workspace/robotics-v1/install/robo_miner_gui/share/robo_miner_gui/resources//RoboMinerGui.rsrc
[109.248s] -- Symlinking: /home/ros2-user/ros2_workspace/robotics-v1/install/robo_miner_gui/share/robo_miner_gui/resources//f/vinque_rg_20.ttf
[109.298s] -- Symlinking: /home/ros2-user/ros2_workspace/robotics-v1/install/robo_miner_gui/share/robo_miner_gui/resources//f/vinque_rg_30.ttf
[109.351s] -- Symlinking: /home/ros2-user/ros2_workspace/robotics-v1/install/robo_miner_gui/share/robo_miner_gui/resources//f/vinque_rg_75.ttf
[109.407s] -- Symlinking: /home/ros2-user/ros2_workspace/robotics-v1/install/robo_miner_gui/share/robo_miner_gui/resources//generated/RoboMinerGuiResources.h
[109.438s] -- Symlinking: /home/ros2-user/ros2_workspace/robotics-v1/install/robo_miner_gui/share/robo_miner_gui/resources//generated/RoboMinerGuiResourcesDynamic.h
[109.468s] -- Symlinking: /home/ros2-user/ros2_workspace/robotics-v1/install/robo_miner_gui/share/robo_miner_gui/resources//generated/RoboMinerGuiResourcesDynamicValues.h
[109.509s] -- Symlinking: /home/ros2-user/ros2_workspace/robotics-v1/install/robo_miner_gui/share/robo_miner_gui/resources//generated/fonts.bin
[109.574s] -- Symlinking: /home/ros2-user/ros2_workspace/robotics-v1/install/robo_miner_gui/share/robo_miner_gui/resources//generated/resources.bin
[109.618s] -- Symlinking: /home/ros2-user/ros2_workspace/robotics-v1/install/robo_miner_gui/share/robo_miner_gui/resources//generated/sounds.bin
[109.667s] -- Symlinking: /home/ros2-user/ros2_workspace/robotics-v1/install/robo_miner_gui/share/robo_miner_gui/resources//levels/level_1/field_map.txt
[109.688s] -- Symlinking: /home/ros2-user/ros2_workspace/robotics-v1/install/robo_miner_gui/share/robo_miner_gui/resources//levels/level_1/solution.txt
[109.710s] -- Symlinking: /home/ros2-user/ros2_workspace/robotics-v1/install/robo_miner_gui/share/robo_miner_gui/resources//levels/level_2/field_map.txt
[109.733s] -- Symlinking: /home/ros2-user/ros2_workspace/robotics-v1/install/robo_miner_gui/share/robo_miner_gui/resources//levels/level_2/solution.txt
[109.764s] -- Symlinking: /home/ros2-user/ros2_workspace/robotics-v1/install/robo_miner_gui/share/robo_miner_gui/resources//levels/level_3/field_map.txt
[109.796s] -- Symlinking: /home/ros2-user/ros2_workspace/robotics-v1/install/robo_miner_gui/share/robo_miner_gui/resources//levels/level_3/solution.txt
[109.839s] -- Symlinking: /home/ros2-user/ros2_workspace/robotics-v1/install/robo_miner_gui/share/robo_miner_gui/resources//p/background/fogOfWar.png
[109.860s] -- Symlinking: /home/ros2-user/ros2_workspace/robotics-v1/install/robo_miner_gui/share/robo_miner_gui/resources//p/background/map.png
[109.893s] -- Symlinking: /home/ros2-user/ros2_workspace/robotics-v1/install/robo_miner_gui/share/robo_miner_gui/resources//p/background/obstacle.png
[109.929s] -- Symlinking: /home/ros2-user/ros2_workspace/robotics-v1/install/robo_miner_gui/share/robo_miner_gui/resources//p/background/tile.png
[109.968s] -- Symlinking: /home/ros2-user/ros2_workspace/robotics-v1/install/robo_miner_gui/share/robo_miner_gui/resources//p/entities/crystals.png
[110.000s] -- Symlinking: /home/ros2-user/ros2_workspace/robotics-v1/install/robo_miner_gui/share/robo_miner_gui/resources//p/entities/damage_marker.png
[110.034s] -- Symlinking: /home/ros2-user/ros2_workspace/robotics-v1/install/robo_miner_gui/share/robo_miner_gui/resources//p/entities/player_robot.png
[110.069s] -- Symlinking: /home/ros2-user/ros2_workspace/robotics-v1/install/robo_miner_gui/share/robo_miner_gui/resources//p/panels/crystal_panel.png
[110.108s] -- Symlinking: /home/ros2-user/ros2_workspace/robotics-v1/install/robo_miner_gui/share/robo_miner_gui/resources//p/panels/health_indicator.png
[110.151s] -- Symlinking: /home/ros2-user/ros2_workspace/robotics-v1/install/robo_miner_gui/share/robo_miner_gui/resources//p/panels/health_panel.png
[110.173s] -- Symlinking: /home/ros2-user/ros2_workspace/robotics-v1/install/robo_miner_gui/share/robo_miner_gui/resources//p/panels/hor_delimiter.png
[110.205s] -- Symlinking: /home/ros2-user/ros2_workspace/robotics-v1/install/robo_miner_gui/share/robo_miner_gui/resources//p/panels/tile_panel.png
[110.237s] -- Symlinking: /home/ros2-user/ros2_workspace/robotics-v1/install/robo_miner_gui/share/robo_miner_gui/resources//p/panels/vert_delimiter.png
[110.271s] -- Symlinking: /home/ros2-user/ros2_workspace/robotics-v1/install/robo_miner_gui/share/robo_miner_gui/resources//p/stars/star_single.png
[110.302s] -- Symlinking: /home/ros2-user/ros2_workspace/robotics-v1/install/robo_miner_gui/share/robo_miner_gui/resources//p/stars/stars.png
[110.794s] Invoked command in '/home/ros2-user/ros2_workspace/robotics-v1/build/robo_miner_gui' returned '0': AMENT_PREFIX_PATH=/home/ros2-user/ros2_workspace/robotics-v1/install/robo_miner_common:/home/ros2-user/ros2_workspace/robotics-v1/install/robo_miner_interfaces:${AMENT_PREFIX_PATH} CMAKE_PREFIX_PATH=/home/ros2-user/ros2_workspace/robotics-v1/install/ros2_game_engine:/home/ros2-user/ros2_workspace/robotics-v1/install/robo_miner_common:/home/ros2-user/ros2_workspace/robotics-v1/install/robo_common:/home/ros2-user/ros2_workspace/robotics-v1/install/game_engine:/home/ros2-user/ros2_workspace/robotics-v1/install/manager_utils:/home/ros2-user/ros2_workspace/robotics-v1/install/sdl_utils:/home/ros2-user/ros2_workspace/robotics-v1/install/resource_utils:/home/ros2-user/ros2_workspace/robotics-v1/install/utils:/home/ros2-user/ros2_workspace/robotics-v1/install/robo_miner_interfaces:/home/ros2-user/ros2_workspace/robotics-v1/install/cmake_helpers:/opt/ros/foxy LD_LIBRARY_PATH=/home/ros2-user/ros2_workspace/robotics-v1/install/robo_miner_interfaces/lib:${LD_LIBRARY_PATH} PKG_CONFIG_PATH=/home/ros2-user/ros2_workspace/robotics-v1/install/ros2_game_engine/lib/x86_64-linux-gnu/pkgconfig:/home/ros2-user/ros2_workspace/robotics-v1/install/ros2_game_engine/lib/pkgconfig:/home/ros2-user/ros2_workspace/robotics-v1/install/robo_common/lib/x86_64-linux-gnu/pkgconfig:/home/ros2-user/ros2_workspace/robotics-v1/install/robo_common/lib/pkgconfig:/home/ros2-user/ros2_workspace/robotics-v1/install/game_engine/lib/x86_64-linux-gnu/pkgconfig:/home/ros2-user/ros2_workspace/robotics-v1/install/game_engine/lib/pkgconfig:/home/ros2-user/ros2_workspace/robotics-v1/install/manager_utils/lib/x86_64-linux-gnu/pkgconfig:/home/ros2-user/ros2_workspace/robotics-v1/install/manager_utils/lib/pkgconfig:/home/ros2-user/ros2_workspace/robotics-v1/install/sdl_utils/lib/x86_64-linux-gnu/pkgconfig:/home/ros2-user/ros2_workspace/robotics-v1/install/sdl_utils/lib/pkgconfig:/home/ros2-user/ros2_workspace/robotics-v1/install/resource_utils/lib/x86_64-linux-gnu/pkgconfig:/home/ros2-user/ros2_workspace/robotics-v1/install/resource_utils/lib/pkgconfig:/home/ros2-user/ros2_workspace/robotics-v1/install/utils/lib/x86_64-linux-gnu/pkgconfig:/home/ros2-user/ros2_workspace/robotics-v1/install/utils/lib/pkgconfig:/home/ros2-user/ros2_workspace/robotics-v1/install/cmake_helpers/lib/x86_64-linux-gnu/pkgconfig:/home/ros2-user/ros2_workspace/robotics-v1/install/cmake_helpers/lib/pkgconfig PYTHONPATH=/home/ros2-user/ros2_workspace/robotics-v1/install/robo_miner_interfaces/lib/python3.8/site-packages:${PYTHONPATH} /usr/bin/cmake --install /home/ros2-user/ros2_workspace/robotics-v1/build/robo_miner_gui
