[0.136s] Invoking command in '/home/ros2-user/ros2_workspace/robotics-v1/build/robo_collector_gui': AMENT_PREFIX_PATH=/home/ros2-user/ros2_workspace/robotics-v1/install/robo_collector_common:/home/ros2-user/ros2_workspace/robotics-v1/install/robo_collector_interfaces:${AMENT_PREFIX_PATH} CMAKE_PREFIX_PATH=/home/ros2-user/ros2_workspace/robotics-v1/install/ros2_game_engine:/home/ros2-user/ros2_workspace/robotics-v1/install/robo_collector_common:/home/ros2-user/ros2_workspace/robotics-v1/install/robo_common:/home/ros2-user/ros2_workspace/robotics-v1/install/game_engine:/home/ros2-user/ros2_workspace/robotics-v1/install/manager_utils:/home/ros2-user/ros2_workspace/robotics-v1/install/sdl_utils:/home/ros2-user/ros2_workspace/robotics-v1/install/resource_utils:/home/ros2-user/ros2_workspace/robotics-v1/install/utils:/home/ros2-user/ros2_workspace/robotics-v1/install/robo_collector_interfaces:/home/ros2-user/ros2_workspace/robotics-v1/install/cmake_helpers:/opt/ros/foxy LD_LIBRARY_PATH=/home/ros2-user/ros2_workspace/robotics-v1/install/robo_collector_interfaces/lib:${LD_LIBRARY_PATH} PKG_CONFIG_PATH=/home/ros2-user/ros2_workspace/robotics-v1/install/ros2_game_engine/lib/x86_64-linux-gnu/pkgconfig:/home/ros2-user/ros2_workspace/robotics-v1/install/ros2_game_engine/lib/pkgconfig:/home/ros2-user/ros2_workspace/robotics-v1/install/robo_common/lib/x86_64-linux-gnu/pkgconfig:/home/ros2-user/ros2_workspace/robotics-v1/install/robo_common/lib/pkgconfig:/home/ros2-user/ros2_workspace/robotics-v1/install/game_engine/lib/x86_64-linux-gnu/pkgconfig:/home/ros2-user/ros2_workspace/robotics-v1/install/game_engine/lib/pkgconfig:/home/ros2-user/ros2_workspace/robotics-v1/install/manager_utils/lib/x86_64-linux-gnu/pkgconfig:/home/ros2-user/ros2_workspace/robotics-v1/install/manager_utils/lib/pkgconfig:/home/ros2-user/ros2_workspace/robotics-v1/install/sdl_utils/lib/x86_64-linux-gnu/pkgconfig:/home/ros2-user/ros2_workspace/robotics-v1/install/sdl_utils/lib/pkgconfig:/home/ros2-user/ros2_workspace/robotics-v1/install/resource_utils/lib/x86_64-linux-gnu/pkgconfig:/home/ros2-user/ros2_workspace/robotics-v1/install/resource_utils/lib/pkgconfig:/home/ros2-user/ros2_workspace/robotics-v1/install/utils/lib/x86_64-linux-gnu/pkgconfig:/home/ros2-user/ros2_workspace/robotics-v1/install/utils/lib/pkgconfig:/home/ros2-user/ros2_workspace/robotics-v1/install/cmake_helpers/lib/x86_64-linux-gnu/pkgconfig:/home/ros2-user/ros2_workspace/robotics-v1/install/cmake_helpers/lib/pkgconfig PYTHONPATH=/home/ros2-user/ros2_workspace/robotics-v1/install/robo_collector_interfaces/lib/python3.8/site-packages:${PYTHONPATH} /usr/bin/cmake /home/ros2-user/ros2_workspace/robotics-v1/src/robo_collector/robo_collector_gui -DCMAKE_BUILD_TYPE=Debug -DCMAKE_CXX_COMPILER=/usr/bin/g++ -DAMENT_CMAKE_SYMLINK_INSTALL=1 -DCMAKE_INSTALL_PREFIX=/home/ros2-user/ros2_workspace/robotics-v1/install/robo_collector_gui
[0.800s] -- The CXX compiler identification is GNU 9.4.0
[0.824s] -- Check for working CXX compiler: /usr/bin/g++
[1.089s] -- Check for working CXX compiler: /usr/bin/g++ -- works
[1.089s] -- Detecting CXX compiler ABI info
[1.265s] -- Detecting CXX compiler ABI info - done
[1.323s] -- Detecting CXX compile features
[1.340s] -- Detecting CXX compile features - done
[1.424s] -- Found cmake_helpers: 1.0.0 (/home/ros2-user/ros2_workspace/robotics-v1/install/cmake_helpers/share/cmake_helpers/cmake)
[1.429s] -- Found ament_cmake: 0.9.11 (/opt/ros/foxy/share/ament_cmake/cmake)
[1.487s] -- Found PythonInterp: /usr/bin/python3 (found suitable version "3.8.10", minimum required is "3") 
[1.488s] -- Using PYTHON_EXECUTABLE: /usr/bin/python3
[1.868s] -- Override CMake install command with custom implementation using symlinks instead of copying resources
[2.000s] -- Found ament_index_cpp: 1.1.0 (/opt/ros/foxy/share/ament_index_cpp/cmake)
[2.014s] -- Found rclcpp: 2.4.2 (/opt/ros/foxy/share/rclcpp/cmake)
[2.181s] -- Using all available rosidl_typesupport_c: rosidl_typesupport_fastrtps_c;rosidl_typesupport_introspection_c
[2.207s] -- Found rosidl_adapter: 1.3.0 (/opt/ros/foxy/share/rosidl_adapter/cmake)
[3.023s] -- Found OpenSSL: /usr/lib/x86_64-linux-gnu/libcrypto.so (found version "1.1.1f")  
[3.305s] -- Found FastRTPS: /opt/ros/foxy/include  
[3.805s] -- Using all available rosidl_typesupport_cpp: rosidl_typesupport_fastrtps_cpp;rosidl_typesupport_introspection_cpp
[4.424s] -- Found rmw_implementation_cmake: 1.0.3 (/opt/ros/foxy/share/rmw_implementation_cmake/cmake)
[4.441s] -- Using RMW implementation 'rmw_fastrtps_cpp' as default
[4.455s] -- Looking for C++ include pthread.h
[7.216s] -- Looking for C++ include pthread.h - found
[7.217s] -- Performing Test CMAKE_HAVE_LIBC_PTHREAD
[9.303s] -- Performing Test CMAKE_HAVE_LIBC_PTHREAD - Failed
[9.303s] -- Looking for pthread_create in pthreads
[10.211s] -- Looking for pthread_create in pthreads - not found
[10.212s] -- Looking for pthread_create in pthread
[10.686s] -- Looking for pthread_create in pthread - found
[10.688s] -- Found Threads: TRUE  
[11.245s] -- Found robo_collector_interfaces: 1.0.0 (/home/ros2-user/ros2_workspace/robotics-v1/install/robo_collector_interfaces/share/robo_collector_interfaces/cmake)
[18.388s] -- Configuring done
[18.607s] -- Generating done
[18.630s] -- Build files have been written to: /home/ros2-user/ros2_workspace/robotics-v1/build/robo_collector_gui
[18.669s] Invoked command in '/home/ros2-user/ros2_workspace/robotics-v1/build/robo_collector_gui' returned '0': AMENT_PREFIX_PATH=/home/ros2-user/ros2_workspace/robotics-v1/install/robo_collector_common:/home/ros2-user/ros2_workspace/robotics-v1/install/robo_collector_interfaces:${AMENT_PREFIX_PATH} CMAKE_PREFIX_PATH=/home/ros2-user/ros2_workspace/robotics-v1/install/ros2_game_engine:/home/ros2-user/ros2_workspace/robotics-v1/install/robo_collector_common:/home/ros2-user/ros2_workspace/robotics-v1/install/robo_common:/home/ros2-user/ros2_workspace/robotics-v1/install/game_engine:/home/ros2-user/ros2_workspace/robotics-v1/install/manager_utils:/home/ros2-user/ros2_workspace/robotics-v1/install/sdl_utils:/home/ros2-user/ros2_workspace/robotics-v1/install/resource_utils:/home/ros2-user/ros2_workspace/robotics-v1/install/utils:/home/ros2-user/ros2_workspace/robotics-v1/install/robo_collector_interfaces:/home/ros2-user/ros2_workspace/robotics-v1/install/cmake_helpers:/opt/ros/foxy LD_LIBRARY_PATH=/home/ros2-user/ros2_workspace/robotics-v1/install/robo_collector_interfaces/lib:${LD_LIBRARY_PATH} PKG_CONFIG_PATH=/home/ros2-user/ros2_workspace/robotics-v1/install/ros2_game_engine/lib/x86_64-linux-gnu/pkgconfig:/home/ros2-user/ros2_workspace/robotics-v1/install/ros2_game_engine/lib/pkgconfig:/home/ros2-user/ros2_workspace/robotics-v1/install/robo_common/lib/x86_64-linux-gnu/pkgconfig:/home/ros2-user/ros2_workspace/robotics-v1/install/robo_common/lib/pkgconfig:/home/ros2-user/ros2_workspace/robotics-v1/install/game_engine/lib/x86_64-linux-gnu/pkgconfig:/home/ros2-user/ros2_workspace/robotics-v1/install/game_engine/lib/pkgconfig:/home/ros2-user/ros2_workspace/robotics-v1/install/manager_utils/lib/x86_64-linux-gnu/pkgconfig:/home/ros2-user/ros2_workspace/robotics-v1/install/manager_utils/lib/pkgconfig:/home/ros2-user/ros2_workspace/robotics-v1/install/sdl_utils/lib/x86_64-linux-gnu/pkgconfig:/home/ros2-user/ros2_workspace/robotics-v1/install/sdl_utils/lib/pkgconfig:/home/ros2-user/ros2_workspace/robotics-v1/install/resource_utils/lib/x86_64-linux-gnu/pkgconfig:/home/ros2-user/ros2_workspace/robotics-v1/install/resource_utils/lib/pkgconfig:/home/ros2-user/ros2_workspace/robotics-v1/install/utils/lib/x86_64-linux-gnu/pkgconfig:/home/ros2-user/ros2_workspace/robotics-v1/install/utils/lib/pkgconfig:/home/ros2-user/ros2_workspace/robotics-v1/install/cmake_helpers/lib/x86_64-linux-gnu/pkgconfig:/home/ros2-user/ros2_workspace/robotics-v1/install/cmake_helpers/lib/pkgconfig PYTHONPATH=/home/ros2-user/ros2_workspace/robotics-v1/install/robo_collector_interfaces/lib/python3.8/site-packages:${PYTHONPATH} /usr/bin/cmake /home/ros2-user/ros2_workspace/robotics-v1/src/robo_collector/robo_collector_gui -DCMAKE_BUILD_TYPE=Debug -DCMAKE_CXX_COMPILER=/usr/bin/g++ -DAMENT_CMAKE_SYMLINK_INSTALL=1 -DCMAKE_INSTALL_PREFIX=/home/ros2-user/ros2_workspace/robotics-v1/install/robo_collector_gui
[18.685s] Invoking command in '/home/ros2-user/ros2_workspace/robotics-v1/build/robo_collector_gui': AMENT_PREFIX_PATH=/home/ros2-user/ros2_workspace/robotics-v1/install/robo_collector_common:/home/ros2-user/ros2_workspace/robotics-v1/install/robo_collector_interfaces:${AMENT_PREFIX_PATH} CMAKE_PREFIX_PATH=/home/ros2-user/ros2_workspace/robotics-v1/install/ros2_game_engine:/home/ros2-user/ros2_workspace/robotics-v1/install/robo_collector_common:/home/ros2-user/ros2_workspace/robotics-v1/install/robo_common:/home/ros2-user/ros2_workspace/robotics-v1/install/game_engine:/home/ros2-user/ros2_workspace/robotics-v1/install/manager_utils:/home/ros2-user/ros2_workspace/robotics-v1/install/sdl_utils:/home/ros2-user/ros2_workspace/robotics-v1/install/resource_utils:/home/ros2-user/ros2_workspace/robotics-v1/install/utils:/home/ros2-user/ros2_workspace/robotics-v1/install/robo_collector_interfaces:/home/ros2-user/ros2_workspace/robotics-v1/install/cmake_helpers:/opt/ros/foxy LD_LIBRARY_PATH=/home/ros2-user/ros2_workspace/robotics-v1/install/robo_collector_interfaces/lib:${LD_LIBRARY_PATH} PKG_CONFIG_PATH=/home/ros2-user/ros2_workspace/robotics-v1/install/ros2_game_engine/lib/x86_64-linux-gnu/pkgconfig:/home/ros2-user/ros2_workspace/robotics-v1/install/ros2_game_engine/lib/pkgconfig:/home/ros2-user/ros2_workspace/robotics-v1/install/robo_common/lib/x86_64-linux-gnu/pkgconfig:/home/ros2-user/ros2_workspace/robotics-v1/install/robo_common/lib/pkgconfig:/home/ros2-user/ros2_workspace/robotics-v1/install/game_engine/lib/x86_64-linux-gnu/pkgconfig:/home/ros2-user/ros2_workspace/robotics-v1/install/game_engine/lib/pkgconfig:/home/ros2-user/ros2_workspace/robotics-v1/install/manager_utils/lib/x86_64-linux-gnu/pkgconfig:/home/ros2-user/ros2_workspace/robotics-v1/install/manager_utils/lib/pkgconfig:/home/ros2-user/ros2_workspace/robotics-v1/install/sdl_utils/lib/x86_64-linux-gnu/pkgconfig:/home/ros2-user/ros2_workspace/robotics-v1/install/sdl_utils/lib/pkgconfig:/home/ros2-user/ros2_workspace/robotics-v1/install/resource_utils/lib/x86_64-linux-gnu/pkgconfig:/home/ros2-user/ros2_workspace/robotics-v1/install/resource_utils/lib/pkgconfig:/home/ros2-user/ros2_workspace/robotics-v1/install/utils/lib/x86_64-linux-gnu/pkgconfig:/home/ros2-user/ros2_workspace/robotics-v1/install/utils/lib/pkgconfig:/home/ros2-user/ros2_workspace/robotics-v1/install/cmake_helpers/lib/x86_64-linux-gnu/pkgconfig:/home/ros2-user/ros2_workspace/robotics-v1/install/cmake_helpers/lib/pkgconfig PYTHONPATH=/home/ros2-user/ros2_workspace/robotics-v1/install/robo_collector_interfaces/lib/python3.8/site-packages:${PYTHONPATH} /usr/bin/cmake --build /home/ros2-user/ros2_workspace/robotics-v1/build/robo_collector_gui -- -j4 -l4
[19.583s] [35m[1mScanning dependencies of target robo_collector_gui[0m
[21.933s] [  5%] [32mBuilding CXX object CMakeFiles/robo_collector_gui.dir/src/main.cpp.o[0m
[31.178s] [ 11%] [32mBuilding CXX object CMakeFiles/robo_collector_gui.dir/src/helpers/TurnHelper.cpp.o[0m
[32.719s] [ 17%] [32mBuilding CXX object CMakeFiles/robo_collector_gui.dir/src/helpers/RoboCollectorBuilder.cpp.o[0m
[40.342s] [ 23%] [32mBuilding CXX object CMakeFiles/robo_collector_gui.dir/src/helpers/RoboCollectorGuiInitHelper.cpp.o[0m
[47.933s] [ 29%] [32mBuilding CXX object CMakeFiles/robo_collector_gui.dir/src/external_api/CollectorControllerExternalBridge.cpp.o[0m
[77.093s] [ 35%] [32mBuilding CXX object CMakeFiles/robo_collector_gui.dir/src/external_api/RoboCollectorGuiRos2ParamProvider.cpp.o[0m
[81.919s] [ 41%] [32mBuilding CXX object CMakeFiles/robo_collector_gui.dir/src/layout/RoboCollectorLayout.cpp.o[0m
[84.484s] [ 47%] [32mBuilding CXX object CMakeFiles/robo_collector_gui.dir/src/layout/helpers/RoboCollectorLayoutInitHelper.cpp.o[0m
[86.977s] [ 52%] [32mBuilding CXX object CMakeFiles/robo_collector_gui.dir/src/layout/entities/robot/RobotAI.cpp.o[0m
[88.783s] [ 58%] [32mBuilding CXX object CMakeFiles/robo_collector_gui.dir/src/layout/entities/coin/Coin.cpp.o[0m
[90.476s] [ 64%] [32mBuilding CXX object CMakeFiles/robo_collector_gui.dir/src/layout/entities/coin/CoinHandler.cpp.o[0m
[92.192s] [ 70%] [32mBuilding CXX object CMakeFiles/robo_collector_gui.dir/src/layout/entities/coin/animation/CoinCollectAnimEndCb.cpp.o[0m
[93.310s] [ 76%] [32mBuilding CXX object CMakeFiles/robo_collector_gui.dir/src/layout/entities/coin/animation/CoinRespawnAnim.cpp.o[0m
[94.877s] [ 82%] [32mBuilding CXX object CMakeFiles/robo_collector_gui.dir/src/layout/panels/PanelHandler.cpp.o[0m
[96.575s] [ 88%] [32mBuilding CXX object CMakeFiles/robo_collector_gui.dir/src/config/RoboCollectorGuiConfigGenerator.cpp.o[0m
[102.563s] [ 94%] [32mBuilding CXX object CMakeFiles/robo_collector_gui.dir/src/RoboCollectorGui.cpp.o[0m
[109.306s] [100%] [32m[1mLinking CXX executable robo_collector_gui[0m
[116.256s] [100%] Built target robo_collector_gui
[116.321s] Invoked command in '/home/ros2-user/ros2_workspace/robotics-v1/build/robo_collector_gui' returned '0': AMENT_PREFIX_PATH=/home/ros2-user/ros2_workspace/robotics-v1/install/robo_collector_common:/home/ros2-user/ros2_workspace/robotics-v1/install/robo_collector_interfaces:${AMENT_PREFIX_PATH} CMAKE_PREFIX_PATH=/home/ros2-user/ros2_workspace/robotics-v1/install/ros2_game_engine:/home/ros2-user/ros2_workspace/robotics-v1/install/robo_collector_common:/home/ros2-user/ros2_workspace/robotics-v1/install/robo_common:/home/ros2-user/ros2_workspace/robotics-v1/install/game_engine:/home/ros2-user/ros2_workspace/robotics-v1/install/manager_utils:/home/ros2-user/ros2_workspace/robotics-v1/install/sdl_utils:/home/ros2-user/ros2_workspace/robotics-v1/install/resource_utils:/home/ros2-user/ros2_workspace/robotics-v1/install/utils:/home/ros2-user/ros2_workspace/robotics-v1/install/robo_collector_interfaces:/home/ros2-user/ros2_workspace/robotics-v1/install/cmake_helpers:/opt/ros/foxy LD_LIBRARY_PATH=/home/ros2-user/ros2_workspace/robotics-v1/install/robo_collector_interfaces/lib:${LD_LIBRARY_PATH} PKG_CONFIG_PATH=/home/ros2-user/ros2_workspace/robotics-v1/install/ros2_game_engine/lib/x86_64-linux-gnu/pkgconfig:/home/ros2-user/ros2_workspace/robotics-v1/install/ros2_game_engine/lib/pkgconfig:/home/ros2-user/ros2_workspace/robotics-v1/install/robo_common/lib/x86_64-linux-gnu/pkgconfig:/home/ros2-user/ros2_workspace/robotics-v1/install/robo_common/lib/pkgconfig:/home/ros2-user/ros2_workspace/robotics-v1/install/game_engine/lib/x86_64-linux-gnu/pkgconfig:/home/ros2-user/ros2_workspace/robotics-v1/install/game_engine/lib/pkgconfig:/home/ros2-user/ros2_workspace/robotics-v1/install/manager_utils/lib/x86_64-linux-gnu/pkgconfig:/home/ros2-user/ros2_workspace/robotics-v1/install/manager_utils/lib/pkgconfig:/home/ros2-user/ros2_workspace/robotics-v1/install/sdl_utils/lib/x86_64-linux-gnu/pkgconfig:/home/ros2-user/ros2_workspace/robotics-v1/install/sdl_utils/lib/pkgconfig:/home/ros2-user/ros2_workspace/robotics-v1/install/resource_utils/lib/x86_64-linux-gnu/pkgconfig:/home/ros2-user/ros2_workspace/robotics-v1/install/resource_utils/lib/pkgconfig:/home/ros2-user/ros2_workspace/robotics-v1/install/utils/lib/x86_64-linux-gnu/pkgconfig:/home/ros2-user/ros2_workspace/robotics-v1/install/utils/lib/pkgconfig:/home/ros2-user/ros2_workspace/robotics-v1/install/cmake_helpers/lib/x86_64-linux-gnu/pkgconfig:/home/ros2-user/ros2_workspace/robotics-v1/install/cmake_helpers/lib/pkgconfig PYTHONPATH=/home/ros2-user/ros2_workspace/robotics-v1/install/robo_collector_interfaces/lib/python3.8/site-packages:${PYTHONPATH} /usr/bin/cmake --build /home/ros2-user/ros2_workspace/robotics-v1/build/robo_collector_gui -- -j4 -l4
[126.506s] Invoking command in '/home/ros2-user/ros2_workspace/robotics-v1/build/robo_collector_gui': AMENT_PREFIX_PATH=/home/ros2-user/ros2_workspace/robotics-v1/install/robo_collector_common:/home/ros2-user/ros2_workspace/robotics-v1/install/robo_collector_interfaces:${AMENT_PREFIX_PATH} CMAKE_PREFIX_PATH=/home/ros2-user/ros2_workspace/robotics-v1/install/ros2_game_engine:/home/ros2-user/ros2_workspace/robotics-v1/install/robo_collector_common:/home/ros2-user/ros2_workspace/robotics-v1/install/robo_common:/home/ros2-user/ros2_workspace/robotics-v1/install/game_engine:/home/ros2-user/ros2_workspace/robotics-v1/install/manager_utils:/home/ros2-user/ros2_workspace/robotics-v1/install/sdl_utils:/home/ros2-user/ros2_workspace/robotics-v1/install/resource_utils:/home/ros2-user/ros2_workspace/robotics-v1/install/utils:/home/ros2-user/ros2_workspace/robotics-v1/install/robo_collector_interfaces:/home/ros2-user/ros2_workspace/robotics-v1/install/cmake_helpers:/opt/ros/foxy LD_LIBRARY_PATH=/home/ros2-user/ros2_workspace/robotics-v1/install/robo_collector_interfaces/lib:${LD_LIBRARY_PATH} PKG_CONFIG_PATH=/home/ros2-user/ros2_workspace/robotics-v1/install/ros2_game_engine/lib/x86_64-linux-gnu/pkgconfig:/home/ros2-user/ros2_workspace/robotics-v1/install/ros2_game_engine/lib/pkgconfig:/home/ros2-user/ros2_workspace/robotics-v1/install/robo_common/lib/x86_64-linux-gnu/pkgconfig:/home/ros2-user/ros2_workspace/robotics-v1/install/robo_common/lib/pkgconfig:/home/ros2-user/ros2_workspace/robotics-v1/install/game_engine/lib/x86_64-linux-gnu/pkgconfig:/home/ros2-user/ros2_workspace/robotics-v1/install/game_engine/lib/pkgconfig:/home/ros2-user/ros2_workspace/robotics-v1/install/manager_utils/lib/x86_64-linux-gnu/pkgconfig:/home/ros2-user/ros2_workspace/robotics-v1/install/manager_utils/lib/pkgconfig:/home/ros2-user/ros2_workspace/robotics-v1/install/sdl_utils/lib/x86_64-linux-gnu/pkgconfig:/home/ros2-user/ros2_workspace/robotics-v1/install/sdl_utils/lib/pkgconfig:/home/ros2-user/ros2_workspace/robotics-v1/install/resource_utils/lib/x86_64-linux-gnu/pkgconfig:/home/ros2-user/ros2_workspace/robotics-v1/install/resource_utils/lib/pkgconfig:/home/ros2-user/ros2_workspace/robotics-v1/install/utils/lib/x86_64-linux-gnu/pkgconfig:/home/ros2-user/ros2_workspace/robotics-v1/install/utils/lib/pkgconfig:/home/ros2-user/ros2_workspace/robotics-v1/install/cmake_helpers/lib/x86_64-linux-gnu/pkgconfig:/home/ros2-user/ros2_workspace/robotics-v1/install/cmake_helpers/lib/pkgconfig PYTHONPATH=/home/ros2-user/ros2_workspace/robotics-v1/install/robo_collector_interfaces/lib/python3.8/site-packages:${PYTHONPATH} /usr/bin/cmake --install /home/ros2-user/ros2_workspace/robotics-v1/build/robo_collector_gui
[126.569s] -- Install configuration: "Debug"
[126.572s] -- Execute custom install script
[126.573s] -- Symlinking: /home/ros2-user/ros2_workspace/robotics-v1/install/robo_collector_gui/share/robo_collector_gui/package.xml
[126.650s] -- Symlinking: /home/ros2-user/ros2_workspace/robotics-v1/install/robo_collector_gui/share/robo_collector_gui//launch/launch.py
[126.697s] -- Symlinking: /home/ros2-user/ros2_workspace/robotics-v1/install/robo_collector_gui/share/robo_collector_gui//config/params.yaml
[126.809s] -- Symlinking: /home/ros2-user/ros2_workspace/robotics-v1/install/robo_collector_gui/lib/robo_collector_gui/robo_collector_gui
[126.961s] -- Symlinking: /home/ros2-user/ros2_workspace/robotics-v1/install/robo_collector_gui/share/ament_index/resource_index/packages/robo_collector_gui
[127.042s] -- Symlinking: /home/ros2-user/ros2_workspace/robotics-v1/install/robo_collector_gui/share/robo_collector_gui/hook/ament_prefix_path.dsv
[127.093s] -- Symlinking: /home/ros2-user/ros2_workspace/robotics-v1/install/robo_collector_gui/share/robo_collector_gui/hook/ros_package_path.dsv
[127.123s] -- Symlinking: /home/ros2-user/ros2_workspace/robotics-v1/install/robo_collector_gui/share/ament_index/resource_index/package_run_dependencies/robo_collector_gui
[127.148s] -- Symlinking: /home/ros2-user/ros2_workspace/robotics-v1/install/robo_collector_gui/share/ament_index/resource_index/parent_prefix_path/robo_collector_gui
[127.213s] -- Symlinking: /home/ros2-user/ros2_workspace/robotics-v1/install/robo_collector_gui/share/robo_collector_gui/environment/ament_prefix_path.sh
[127.252s] -- Symlinking: /home/ros2-user/ros2_workspace/robotics-v1/install/robo_collector_gui/share/robo_collector_gui/environment/ament_prefix_path.dsv
[127.327s] -- Symlinking: /home/ros2-user/ros2_workspace/robotics-v1/install/robo_collector_gui/share/robo_collector_gui/environment/path.sh
[127.388s] -- Symlinking: /home/ros2-user/ros2_workspace/robotics-v1/install/robo_collector_gui/share/robo_collector_gui/environment/path.dsv
[127.598s] -- Symlinking: /home/ros2-user/ros2_workspace/robotics-v1/install/robo_collector_gui/share/robo_collector_gui/local_setup.bash
[127.639s] -- Symlinking: /home/ros2-user/ros2_workspace/robotics-v1/install/robo_collector_gui/share/robo_collector_gui/local_setup.sh
[127.666s] -- Symlinking: /home/ros2-user/ros2_workspace/robotics-v1/install/robo_collector_gui/share/robo_collector_gui/local_setup.zsh
[127.695s] -- Symlinking: /home/ros2-user/ros2_workspace/robotics-v1/install/robo_collector_gui/share/robo_collector_gui/local_setup.dsv
[127.731s] -- Symlinking: /home/ros2-user/ros2_workspace/robotics-v1/install/robo_collector_gui/share/robo_collector_gui/package.dsv
[127.765s] -- Symlinking: /home/ros2-user/ros2_workspace/robotics-v1/install/robo_collector_gui/share/ament_index/resource_index/packages/robo_collector_gui
[128.681s] -- Symlinking: /home/ros2-user/ros2_workspace/robotics-v1/install/robo_collector_gui/share/robo_collector_gui/cmake/robo_collector_guiConfig.cmake
[129.722s] -- Symlinking: /home/ros2-user/ros2_workspace/robotics-v1/install/robo_collector_gui/share/robo_collector_gui/cmake/robo_collector_guiConfig-version.cmake
[130.730s] -- Up-to-date symlink: /home/ros2-user/ros2_workspace/robotics-v1/install/robo_collector_gui/share/robo_collector_gui/package.xml
[130.733s] -- Symlinking: /home/ros2-user/ros2_workspace/robotics-v1/install/robo_collector_gui/share/robo_collector_gui/resources//RoboCollectorGui.rsrc
[131.792s] -- Symlinking: /home/ros2-user/ros2_workspace/robotics-v1/install/robo_collector_gui/share/robo_collector_gui/resources//f/vinque_rg_20.ttf
[131.816s] -- Symlinking: /home/ros2-user/ros2_workspace/robotics-v1/install/robo_collector_gui/share/robo_collector_gui/resources//f/vinque_rg_30.ttf
[132.281s] -- Symlinking: /home/ros2-user/ros2_workspace/robotics-v1/install/robo_collector_gui/share/robo_collector_gui/resources//f/vinque_rg_75.ttf
[132.328s] -- Symlinking: /home/ros2-user/ros2_workspace/robotics-v1/install/robo_collector_gui/share/robo_collector_gui/resources//generated/RoboCollectorGuiResources.h
[132.369s] -- Symlinking: /home/ros2-user/ros2_workspace/robotics-v1/install/robo_collector_gui/share/robo_collector_gui/resources//generated/RoboCollectorGuiResourcesDynamic.h
[132.415s] -- Symlinking: /home/ros2-user/ros2_workspace/robotics-v1/install/robo_collector_gui/share/robo_collector_gui/resources//generated/RoboCollectorGuiResourcesDynamicValues.h
[132.447s] -- Symlinking: /home/ros2-user/ros2_workspace/robotics-v1/install/robo_collector_gui/share/robo_collector_gui/resources//generated/fonts.bin
[132.730s] -- Symlinking: /home/ros2-user/ros2_workspace/robotics-v1/install/robo_collector_gui/share/robo_collector_gui/resources//generated/resources.bin
[133.584s] -- Symlinking: /home/ros2-user/ros2_workspace/robotics-v1/install/robo_collector_gui/share/robo_collector_gui/resources//generated/sounds.bin
[133.637s] -- Symlinking: /home/ros2-user/ros2_workspace/robotics-v1/install/robo_collector_gui/share/robo_collector_gui/resources//levels/level_1/field_map.txt
[133.684s] -- Symlinking: /home/ros2-user/ros2_workspace/robotics-v1/install/robo_collector_gui/share/robo_collector_gui/resources//p/background/map.png
[133.743s] -- Symlinking: /home/ros2-user/ros2_workspace/robotics-v1/install/robo_collector_gui/share/robo_collector_gui/resources//p/background/obstacle.png
[133.788s] -- Symlinking: /home/ros2-user/ros2_workspace/robotics-v1/install/robo_collector_gui/share/robo_collector_gui/resources//p/background/tile.png
[133.859s] -- Symlinking: /home/ros2-user/ros2_workspace/robotics-v1/install/robo_collector_gui/share/robo_collector_gui/resources//p/buttons/help_button.png
[133.934s] -- Symlinking: /home/ros2-user/ros2_workspace/robotics-v1/install/robo_collector_gui/share/robo_collector_gui/resources//p/buttons/left_button.png
[133.982s] -- Symlinking: /home/ros2-user/ros2_workspace/robotics-v1/install/robo_collector_gui/share/robo_collector_gui/resources//p/buttons/right_button.png
[134.027s] -- Symlinking: /home/ros2-user/ros2_workspace/robotics-v1/install/robo_collector_gui/share/robo_collector_gui/resources//p/buttons/settings_button.png
[134.236s] -- Symlinking: /home/ros2-user/ros2_workspace/robotics-v1/install/robo_collector_gui/share/robo_collector_gui/resources//p/buttons/up_button.png
[134.263s] -- Symlinking: /home/ros2-user/ros2_workspace/robotics-v1/install/robo_collector_gui/share/robo_collector_gui/resources//p/coin_animations/bronze/coin_anim_bronze.png
[134.290s] -- Symlinking: /home/ros2-user/ros2_workspace/robotics-v1/install/robo_collector_gui/share/robo_collector_gui/resources//p/coin_animations/gold/coin_anim_gold.png
[134.320s] -- Symlinking: /home/ros2-user/ros2_workspace/robotics-v1/install/robo_collector_gui/share/robo_collector_gui/resources//p/coin_animations/silver/coin_anim_silver.png
[134.447s] -- Symlinking: /home/ros2-user/ros2_workspace/robotics-v1/install/robo_collector_gui/share/robo_collector_gui/resources//p/entities/damage_marker.png
[134.511s] -- Symlinking: /home/ros2-user/ros2_workspace/robotics-v1/install/robo_collector_gui/share/robo_collector_gui/resources//p/entities/enemy_robots.png
[134.569s] -- Symlinking: /home/ros2-user/ros2_workspace/robotics-v1/install/robo_collector_gui/share/robo_collector_gui/resources//p/entities/player_robot.png
[134.601s] -- Symlinking: /home/ros2-user/ros2_workspace/robotics-v1/install/robo_collector_gui/share/robo_collector_gui/resources//p/panels/coin_panel.png
[134.654s] -- Symlinking: /home/ros2-user/ros2_workspace/robotics-v1/install/robo_collector_gui/share/robo_collector_gui/resources//p/panels/health_indicator.png
[134.683s] -- Symlinking: /home/ros2-user/ros2_workspace/robotics-v1/install/robo_collector_gui/share/robo_collector_gui/resources//p/panels/health_panel.png
[134.745s] -- Symlinking: /home/ros2-user/ros2_workspace/robotics-v1/install/robo_collector_gui/share/robo_collector_gui/resources//p/panels/hor_delimiter.png
[134.786s] -- Symlinking: /home/ros2-user/ros2_workspace/robotics-v1/install/robo_collector_gui/share/robo_collector_gui/resources//p/panels/time_panel.png
[135.729s] -- Symlinking: /home/ros2-user/ros2_workspace/robotics-v1/install/robo_collector_gui/share/robo_collector_gui/resources//p/panels/vert_delimiter.png
[136.733s] -- Symlinking: /home/ros2-user/ros2_workspace/robotics-v1/install/robo_collector_gui/share/robo_collector_gui/resources//p/stars/star_single.png
[137.180s] -- Symlinking: /home/ros2-user/ros2_workspace/robotics-v1/install/robo_collector_gui/share/robo_collector_gui/resources//p/stars/stars.png
[137.399s] Invoked command in '/home/ros2-user/ros2_workspace/robotics-v1/build/robo_collector_gui' returned '0': AMENT_PREFIX_PATH=/home/ros2-user/ros2_workspace/robotics-v1/install/robo_collector_common:/home/ros2-user/ros2_workspace/robotics-v1/install/robo_collector_interfaces:${AMENT_PREFIX_PATH} CMAKE_PREFIX_PATH=/home/ros2-user/ros2_workspace/robotics-v1/install/ros2_game_engine:/home/ros2-user/ros2_workspace/robotics-v1/install/robo_collector_common:/home/ros2-user/ros2_workspace/robotics-v1/install/robo_common:/home/ros2-user/ros2_workspace/robotics-v1/install/game_engine:/home/ros2-user/ros2_workspace/robotics-v1/install/manager_utils:/home/ros2-user/ros2_workspace/robotics-v1/install/sdl_utils:/home/ros2-user/ros2_workspace/robotics-v1/install/resource_utils:/home/ros2-user/ros2_workspace/robotics-v1/install/utils:/home/ros2-user/ros2_workspace/robotics-v1/install/robo_collector_interfaces:/home/ros2-user/ros2_workspace/robotics-v1/install/cmake_helpers:/opt/ros/foxy LD_LIBRARY_PATH=/home/ros2-user/ros2_workspace/robotics-v1/install/robo_collector_interfaces/lib:${LD_LIBRARY_PATH} PKG_CONFIG_PATH=/home/ros2-user/ros2_workspace/robotics-v1/install/ros2_game_engine/lib/x86_64-linux-gnu/pkgconfig:/home/ros2-user/ros2_workspace/robotics-v1/install/ros2_game_engine/lib/pkgconfig:/home/ros2-user/ros2_workspace/robotics-v1/install/robo_common/lib/x86_64-linux-gnu/pkgconfig:/home/ros2-user/ros2_workspace/robotics-v1/install/robo_common/lib/pkgconfig:/home/ros2-user/ros2_workspace/robotics-v1/install/game_engine/lib/x86_64-linux-gnu/pkgconfig:/home/ros2-user/ros2_workspace/robotics-v1/install/game_engine/lib/pkgconfig:/home/ros2-user/ros2_workspace/robotics-v1/install/manager_utils/lib/x86_64-linux-gnu/pkgconfig:/home/ros2-user/ros2_workspace/robotics-v1/install/manager_utils/lib/pkgconfig:/home/ros2-user/ros2_workspace/robotics-v1/install/sdl_utils/lib/x86_64-linux-gnu/pkgconfig:/home/ros2-user/ros2_workspace/robotics-v1/install/sdl_utils/lib/pkgconfig:/home/ros2-user/ros2_workspace/robotics-v1/install/resource_utils/lib/x86_64-linux-gnu/pkgconfig:/home/ros2-user/ros2_workspace/robotics-v1/install/resource_utils/lib/pkgconfig:/home/ros2-user/ros2_workspace/robotics-v1/install/utils/lib/x86_64-linux-gnu/pkgconfig:/home/ros2-user/ros2_workspace/robotics-v1/install/utils/lib/pkgconfig:/home/ros2-user/ros2_workspace/robotics-v1/install/cmake_helpers/lib/x86_64-linux-gnu/pkgconfig:/home/ros2-user/ros2_workspace/robotics-v1/install/cmake_helpers/lib/pkgconfig PYTHONPATH=/home/ros2-user/ros2_workspace/robotics-v1/install/robo_collector_interfaces/lib/python3.8/site-packages:${PYTHONPATH} /usr/bin/cmake --install /home/ros2-user/ros2_workspace/robotics-v1/build/robo_collector_gui
