-- Found cmake_helpers: 1.0.0 (/home/ros2-user/ros2_workspace/robotics-v1/install/cmake_helpers/share/cmake_helpers/cmake)
-- Found ament_cmake: 0.9.11 (/opt/ros/foxy/share/ament_cmake/cmake)
-- Using PYTHON_EXECUTABLE: /usr/bin/python3
-- Override CMake install command with custom implementation using symlinks instead of copying resources
-- Found ament_index_cpp: 1.1.0 (/opt/ros/foxy/share/ament_index_cpp/cmake)
-- Found rclcpp: 2.4.2 (/opt/ros/foxy/share/rclcpp/cmake)
-- Using all available rosidl_typesupport_c: rosidl_typesupport_fastrtps_c;rosidl_typesupport_introspection_c
-- Found rosidl_adapter: 1.3.0 (/opt/ros/foxy/share/rosidl_adapter/cmake)
-- Using all available rosidl_typesupport_cpp: rosidl_typesupport_fastrtps_cpp;rosidl_typesupport_introspection_cpp
-- Found rmw_implementation_cmake: 1.0.3 (/opt/ros/foxy/share/rmw_implementation_cmake/cmake)
-- Using RMW implementation 'rmw_fastrtps_cpp' as default
-- Found rclcpp_action: 2.4.2 (/opt/ros/foxy/share/rclcpp_action/cmake)
-- Found robo_cleaner_interfaces: 1.0.0 (/home/ros2-user/ros2_workspace/robotics-v1/install/robo_cleaner_interfaces/share/robo_cleaner_interfaces/cmake)
-- Configuring done
-- Generating done
-- Build files have been written to: /home/ros2-user/ros2_workspace/robotics-v1/build/robo_cleaner_gui
[35m[1mScanning dependencies of target robo_cleaner_gui[0m
[  5%] [32mBuilding CXX object CMakeFiles/robo_cleaner_gui.dir/src/external_api/CleanerControllerExternalBridge.cpp.o[0m
[ 11%] [32mBuilding CXX object CMakeFiles/robo_cleaner_gui.dir/src/config/RoboCleanerGuiConfigGenerator.cpp.o[0m
[ 17%] [32mBuilding CXX object CMakeFiles/robo_cleaner_gui.dir/src/RoboCleanerGui.cpp.o[0m
[ 23%] [32mBuilding CXX object CMakeFiles/robo_cleaner_gui.dir/src/main.cpp.o[0m
[ 29%] [32mBuilding CXX object CMakeFiles/robo_cleaner_gui.dir/src/helpers/RoboCleanerBuilder.cpp.o[0m
[ 35%] [32mBuilding CXX object CMakeFiles/robo_cleaner_gui.dir/src/helpers/RoboCleanerGuiInitHelper.cpp.o[0m
[ 41%] [32mBuilding CXX object CMakeFiles/robo_cleaner_gui.dir/src/helpers/MovementWatcher.cpp.o[0m
[ 47%] [32mBuilding CXX object CMakeFiles/robo_cleaner_gui.dir/src/helpers/RoboCleanerSolutionValidator.cpp.o[0m
[ 52%] [32mBuilding CXX object CMakeFiles/robo_cleaner_gui.dir/src/layout/RoboCleanerLayout.cpp.o[0m
[ 58%] [32mBuilding CXX object CMakeFiles/robo_cleaner_gui.dir/src/layout/entities/Rubbish.cpp.o[0m
[ 64%] [32mBuilding CXX object CMakeFiles/robo_cleaner_gui.dir/src/layout/entities/EntityHandler.cpp.o[0m
[ 70%] [32mBuilding CXX object CMakeFiles/robo_cleaner_gui.dir/src/layout/panels/PanelHandler.cpp.o[0m
[ 76%] [32mBuilding CXX object CMakeFiles/robo_cleaner_gui.dir/src/layout/helpers/RoboCleanerLayoutInitHelper.cpp.o[0m
[ 82%] [32mBuilding CXX object CMakeFiles/robo_cleaner_gui.dir/src/helpers/EnergyHandler.cpp.o[0m
[ 88%] [32mBuilding CXX object CMakeFiles/robo_cleaner_gui.dir/src/external_api/MovementReporter.cpp.o[0m
[ 94%] [32m[1mLinking CXX executable robo_cleaner_gui[0m
[100%] Built target robo_cleaner_gui
-- Install configuration: "Debug"
-- Execute custom install script
-- Up-to-date symlink: /home/ros2-user/ros2_workspace/robotics-v1/install/robo_cleaner_gui/share/robo_cleaner_gui/package.xml
-- Up-to-date symlink: /home/ros2-user/ros2_workspace/robotics-v1/install/robo_cleaner_gui/share/robo_cleaner_gui//launch/launch.py
-- Up-to-date symlink: /home/ros2-user/ros2_workspace/robotics-v1/install/robo_cleaner_gui/share/robo_cleaner_gui//config/params.yaml
-- Up-to-date symlink: /home/ros2-user/ros2_workspace/robotics-v1/install/robo_cleaner_gui/lib/robo_cleaner_gui/robo_cleaner_gui
-- Symlinking: /home/ros2-user/ros2_workspace/robotics-v1/install/robo_cleaner_gui/share/ament_index/resource_index/packages/robo_cleaner_gui
-- Up-to-date symlink: /home/ros2-user/ros2_workspace/robotics-v1/install/robo_cleaner_gui/share/robo_cleaner_gui/hook/ament_prefix_path.dsv
-- Up-to-date symlink: /home/ros2-user/ros2_workspace/robotics-v1/install/robo_cleaner_gui/share/robo_cleaner_gui/hook/ros_package_path.dsv
-- Up-to-date symlink: /home/ros2-user/ros2_workspace/robotics-v1/install/robo_cleaner_gui/share/ament_index/resource_index/package_run_dependencies/robo_cleaner_gui
-- Up-to-date symlink: /home/ros2-user/ros2_workspace/robotics-v1/install/robo_cleaner_gui/share/ament_index/resource_index/parent_prefix_path/robo_cleaner_gui
-- Up-to-date symlink: /home/ros2-user/ros2_workspace/robotics-v1/install/robo_cleaner_gui/share/robo_cleaner_gui/environment/ament_prefix_path.sh
-- Up-to-date symlink: /home/ros2-user/ros2_workspace/robotics-v1/install/robo_cleaner_gui/share/robo_cleaner_gui/environment/ament_prefix_path.dsv
-- Up-to-date symlink: /home/ros2-user/ros2_workspace/robotics-v1/install/robo_cleaner_gui/share/robo_cleaner_gui/environment/path.sh
-- Up-to-date symlink: /home/ros2-user/ros2_workspace/robotics-v1/install/robo_cleaner_gui/share/robo_cleaner_gui/environment/path.dsv
-- Up-to-date symlink: /home/ros2-user/ros2_workspace/robotics-v1/install/robo_cleaner_gui/share/robo_cleaner_gui/local_setup.bash
-- Up-to-date symlink: /home/ros2-user/ros2_workspace/robotics-v1/install/robo_cleaner_gui/share/robo_cleaner_gui/local_setup.sh
-- Up-to-date symlink: /home/ros2-user/ros2_workspace/robotics-v1/install/robo_cleaner_gui/share/robo_cleaner_gui/local_setup.zsh
-- Up-to-date symlink: /home/ros2-user/ros2_workspace/robotics-v1/install/robo_cleaner_gui/share/robo_cleaner_gui/local_setup.dsv
-- Symlinking: /home/ros2-user/ros2_workspace/robotics-v1/install/robo_cleaner_gui/share/robo_cleaner_gui/package.dsv
-- Symlinking: /home/ros2-user/ros2_workspace/robotics-v1/install/robo_cleaner_gui/share/ament_index/resource_index/packages/robo_cleaner_gui
-- Up-to-date symlink: /home/ros2-user/ros2_workspace/robotics-v1/install/robo_cleaner_gui/share/robo_cleaner_gui/cmake/robo_cleaner_guiConfig.cmake
-- Up-to-date symlink: /home/ros2-user/ros2_workspace/robotics-v1/install/robo_cleaner_gui/share/robo_cleaner_gui/cmake/robo_cleaner_guiConfig-version.cmake
-- Up-to-date symlink: /home/ros2-user/ros2_workspace/robotics-v1/install/robo_cleaner_gui/share/robo_cleaner_gui/package.xml
-- Up-to-date symlink: /home/ros2-user/ros2_workspace/robotics-v1/install/robo_cleaner_gui/share/robo_cleaner_gui/resources//RoboCleanerGui.rsrc
-- Up-to-date symlink: /home/ros2-user/ros2_workspace/robotics-v1/install/robo_cleaner_gui/share/robo_cleaner_gui/resources//f/vinque_rg_20.ttf
-- Up-to-date symlink: /home/ros2-user/ros2_workspace/robotics-v1/install/robo_cleaner_gui/share/robo_cleaner_gui/resources//f/vinque_rg_30.ttf
-- Up-to-date symlink: /home/ros2-user/ros2_workspace/robotics-v1/install/robo_cleaner_gui/share/robo_cleaner_gui/resources//f/vinque_rg_75.ttf
-- Up-to-date symlink: /home/ros2-user/ros2_workspace/robotics-v1/install/robo_cleaner_gui/share/robo_cleaner_gui/resources//generated/RoboCleanerGuiResources.h
-- Up-to-date symlink: /home/ros2-user/ros2_workspace/robotics-v1/install/robo_cleaner_gui/share/robo_cleaner_gui/resources//generated/RoboCleanerGuiResourcesDynamic.h
-- Up-to-date symlink: /home/ros2-user/ros2_workspace/robotics-v1/install/robo_cleaner_gui/share/robo_cleaner_gui/resources//generated/RoboCleanerGuiResourcesDynamicValues.h
-- Up-to-date symlink: /home/ros2-user/ros2_workspace/robotics-v1/install/robo_cleaner_gui/share/robo_cleaner_gui/resources//generated/fonts.bin
-- Up-to-date symlink: /home/ros2-user/ros2_workspace/robotics-v1/install/robo_cleaner_gui/share/robo_cleaner_gui/resources//generated/resources.bin
-- Up-to-date symlink: /home/ros2-user/ros2_workspace/robotics-v1/install/robo_cleaner_gui/share/robo_cleaner_gui/resources//generated/sounds.bin
-- Up-to-date symlink: /home/ros2-user/ros2_workspace/robotics-v1/install/robo_cleaner_gui/share/robo_cleaner_gui/resources//levels/level_1/field_map.txt
-- Up-to-date symlink: /home/ros2-user/ros2_workspace/robotics-v1/install/robo_cleaner_gui/share/robo_cleaner_gui/resources//levels/level_2/field_map.txt
-- Up-to-date symlink: /home/ros2-user/ros2_workspace/robotics-v1/install/robo_cleaner_gui/share/robo_cleaner_gui/resources//levels/level_3/field_map.txt
-- Up-to-date symlink: /home/ros2-user/ros2_workspace/robotics-v1/install/robo_cleaner_gui/share/robo_cleaner_gui/resources//p/background/fogOfWar.png
-- Up-to-date symlink: /home/ros2-user/ros2_workspace/robotics-v1/install/robo_cleaner_gui/share/robo_cleaner_gui/resources//p/background/map.png
-- Up-to-date symlink: /home/ros2-user/ros2_workspace/robotics-v1/install/robo_cleaner_gui/share/robo_cleaner_gui/resources//p/background/obstacle.png
-- Up-to-date symlink: /home/ros2-user/ros2_workspace/robotics-v1/install/robo_cleaner_gui/share/robo_cleaner_gui/resources//p/background/tile.png
-- Up-to-date symlink: /home/ros2-user/ros2_workspace/robotics-v1/install/robo_cleaner_gui/share/robo_cleaner_gui/resources//p/entities/damage_marker.png
-- Up-to-date symlink: /home/ros2-user/ros2_workspace/robotics-v1/install/robo_cleaner_gui/share/robo_cleaner_gui/resources//p/entities/player_robot.png
-- Up-to-date symlink: /home/ros2-user/ros2_workspace/robotics-v1/install/robo_cleaner_gui/share/robo_cleaner_gui/resources//p/entities/rubbish.png
-- Up-to-date symlink: /home/ros2-user/ros2_workspace/robotics-v1/install/robo_cleaner_gui/share/robo_cleaner_gui/resources//p/panels/energy_indicator.png
-- Up-to-date symlink: /home/ros2-user/ros2_workspace/robotics-v1/install/robo_cleaner_gui/share/robo_cleaner_gui/resources//p/panels/energy_panel.png
-- Up-to-date symlink: /home/ros2-user/ros2_workspace/robotics-v1/install/robo_cleaner_gui/share/robo_cleaner_gui/resources//p/panels/health_indicator.png
-- Up-to-date symlink: /home/ros2-user/ros2_workspace/robotics-v1/install/robo_cleaner_gui/share/robo_cleaner_gui/resources//p/panels/health_panel.png
-- Up-to-date symlink: /home/ros2-user/ros2_workspace/robotics-v1/install/robo_cleaner_gui/share/robo_cleaner_gui/resources//p/panels/hor_delimiter.png
-- Up-to-date symlink: /home/ros2-user/ros2_workspace/robotics-v1/install/robo_cleaner_gui/share/robo_cleaner_gui/resources//p/panels/rubbish_panel.png
-- Up-to-date symlink: /home/ros2-user/ros2_workspace/robotics-v1/install/robo_cleaner_gui/share/robo_cleaner_gui/resources//p/panels/tile_panel.png
-- Up-to-date symlink: /home/ros2-user/ros2_workspace/robotics-v1/install/robo_cleaner_gui/share/robo_cleaner_gui/resources//p/panels/vert_delimiter.png
-- Up-to-date symlink: /home/ros2-user/ros2_workspace/robotics-v1/install/robo_cleaner_gui/share/robo_cleaner_gui/resources//p/stars/star_single.png
-- Up-to-date symlink: /home/ros2-user/ros2_workspace/robotics-v1/install/robo_cleaner_gui/share/robo_cleaner_gui/resources//p/stars/stars.png
