[0.163s] Invoking command in '/home/ros2-user/ros2_workspace/robotics-v1/build/robo_cleaner_gui': AMENT_PREFIX_PATH=/home/ros2-user/ros2_workspace/robotics-v1/install/robo_cleaner_common:/home/ros2-user/ros2_workspace/robotics-v1/install/robo_cleaner_interfaces:${AMENT_PREFIX_PATH} CMAKE_PREFIX_PATH=/home/ros2-user/ros2_workspace/robotics-v1/install/ros2_game_engine:/home/ros2-user/ros2_workspace/robotics-v1/install/robo_cleaner_common:/home/ros2-user/ros2_workspace/robotics-v1/install/robo_common:/home/ros2-user/ros2_workspace/robotics-v1/install/game_engine:/home/ros2-user/ros2_workspace/robotics-v1/install/manager_utils:/home/ros2-user/ros2_workspace/robotics-v1/install/sdl_utils:/home/ros2-user/ros2_workspace/robotics-v1/install/resource_utils:/home/ros2-user/ros2_workspace/robotics-v1/install/utils:/home/ros2-user/ros2_workspace/robotics-v1/install/robo_cleaner_interfaces:/home/ros2-user/ros2_workspace/robotics-v1/install/cmake_helpers:/opt/ros/foxy LD_LIBRARY_PATH=/home/ros2-user/ros2_workspace/robotics-v1/install/robo_cleaner_interfaces/lib:${LD_LIBRARY_PATH} PKG_CONFIG_PATH=/home/ros2-user/ros2_workspace/robotics-v1/install/ros2_game_engine/lib/x86_64-linux-gnu/pkgconfig:/home/ros2-user/ros2_workspace/robotics-v1/install/ros2_game_engine/lib/pkgconfig:/home/ros2-user/ros2_workspace/robotics-v1/install/robo_common/lib/x86_64-linux-gnu/pkgconfig:/home/ros2-user/ros2_workspace/robotics-v1/install/robo_common/lib/pkgconfig:/home/ros2-user/ros2_workspace/robotics-v1/install/game_engine/lib/x86_64-linux-gnu/pkgconfig:/home/ros2-user/ros2_workspace/robotics-v1/install/game_engine/lib/pkgconfig:/home/ros2-user/ros2_workspace/robotics-v1/install/manager_utils/lib/x86_64-linux-gnu/pkgconfig:/home/ros2-user/ros2_workspace/robotics-v1/install/manager_utils/lib/pkgconfig:/home/ros2-user/ros2_workspace/robotics-v1/install/sdl_utils/lib/x86_64-linux-gnu/pkgconfig:/home/ros2-user/ros2_workspace/robotics-v1/install/sdl_utils/lib/pkgconfig:/home/ros2-user/ros2_workspace/robotics-v1/install/resource_utils/lib/x86_64-linux-gnu/pkgconfig:/home/ros2-user/ros2_workspace/robotics-v1/install/resource_utils/lib/pkgconfig:/home/ros2-user/ros2_workspace/robotics-v1/install/utils/lib/x86_64-linux-gnu/pkgconfig:/home/ros2-user/ros2_workspace/robotics-v1/install/utils/lib/pkgconfig:/home/ros2-user/ros2_workspace/robotics-v1/install/cmake_helpers/lib/x86_64-linux-gnu/pkgconfig:/home/ros2-user/ros2_workspace/robotics-v1/install/cmake_helpers/lib/pkgconfig PYTHONPATH=/home/ros2-user/ros2_workspace/robotics-v1/install/robo_cleaner_interfaces/lib/python3.8/site-packages:${PYTHONPATH} /usr/bin/cmake /home/ros2-user/ros2_workspace/robotics-v1/src/robo_cleaner/robo_cleaner_gui -DCMAKE_INSTALL_PREFIX=/home/ros2-user/ros2_workspace/robotics-v1/install/robo_cleaner_gui
[0.189s] -- Found cmake_helpers: 1.0.0 (/home/ros2-user/ros2_workspace/robotics-v1/install/cmake_helpers/share/cmake_helpers/cmake)
[0.189s] -- Found ament_cmake: 0.9.11 (/opt/ros/foxy/share/ament_cmake/cmake)
[0.297s] -- Using PYTHON_EXECUTABLE: /usr/bin/python3
[0.569s] -- Override CMake install command with custom implementation using symlinks instead of copying resources
[0.583s] -- Found ament_index_cpp: 1.1.0 (/opt/ros/foxy/share/ament_index_cpp/cmake)
[0.588s] -- Found rclcpp: 2.4.2 (/opt/ros/foxy/share/rclcpp/cmake)
[0.673s] -- Using all available rosidl_typesupport_c: rosidl_typesupport_fastrtps_c;rosidl_typesupport_introspection_c
[0.688s] -- Found rosidl_adapter: 1.3.0 (/opt/ros/foxy/share/rosidl_adapter/cmake)
[0.885s] -- Using all available rosidl_typesupport_cpp: rosidl_typesupport_fastrtps_cpp;rosidl_typesupport_introspection_cpp
[0.994s] -- Found rmw_implementation_cmake: 1.0.3 (/opt/ros/foxy/share/rmw_implementation_cmake/cmake)
[0.995s] -- Using RMW implementation 'rmw_fastrtps_cpp' as default
[1.193s] -- Found rclcpp_action: 2.4.2 (/opt/ros/foxy/share/rclcpp_action/cmake)
[1.313s] -- Found robo_cleaner_interfaces: 1.0.0 (/home/ros2-user/ros2_workspace/robotics-v1/install/robo_cleaner_interfaces/share/robo_cleaner_interfaces/cmake)
[4.623s] -- Configuring done
[4.665s] -- Generating done
[4.680s] -- Build files have been written to: /home/ros2-user/ros2_workspace/robotics-v1/build/robo_cleaner_gui
[4.702s] Invoked command in '/home/ros2-user/ros2_workspace/robotics-v1/build/robo_cleaner_gui' returned '0': AMENT_PREFIX_PATH=/home/ros2-user/ros2_workspace/robotics-v1/install/robo_cleaner_common:/home/ros2-user/ros2_workspace/robotics-v1/install/robo_cleaner_interfaces:${AMENT_PREFIX_PATH} CMAKE_PREFIX_PATH=/home/ros2-user/ros2_workspace/robotics-v1/install/ros2_game_engine:/home/ros2-user/ros2_workspace/robotics-v1/install/robo_cleaner_common:/home/ros2-user/ros2_workspace/robotics-v1/install/robo_common:/home/ros2-user/ros2_workspace/robotics-v1/install/game_engine:/home/ros2-user/ros2_workspace/robotics-v1/install/manager_utils:/home/ros2-user/ros2_workspace/robotics-v1/install/sdl_utils:/home/ros2-user/ros2_workspace/robotics-v1/install/resource_utils:/home/ros2-user/ros2_workspace/robotics-v1/install/utils:/home/ros2-user/ros2_workspace/robotics-v1/install/robo_cleaner_interfaces:/home/ros2-user/ros2_workspace/robotics-v1/install/cmake_helpers:/opt/ros/foxy LD_LIBRARY_PATH=/home/ros2-user/ros2_workspace/robotics-v1/install/robo_cleaner_interfaces/lib:${LD_LIBRARY_PATH} PKG_CONFIG_PATH=/home/ros2-user/ros2_workspace/robotics-v1/install/ros2_game_engine/lib/x86_64-linux-gnu/pkgconfig:/home/ros2-user/ros2_workspace/robotics-v1/install/ros2_game_engine/lib/pkgconfig:/home/ros2-user/ros2_workspace/robotics-v1/install/robo_common/lib/x86_64-linux-gnu/pkgconfig:/home/ros2-user/ros2_workspace/robotics-v1/install/robo_common/lib/pkgconfig:/home/ros2-user/ros2_workspace/robotics-v1/install/game_engine/lib/x86_64-linux-gnu/pkgconfig:/home/ros2-user/ros2_workspace/robotics-v1/install/game_engine/lib/pkgconfig:/home/ros2-user/ros2_workspace/robotics-v1/install/manager_utils/lib/x86_64-linux-gnu/pkgconfig:/home/ros2-user/ros2_workspace/robotics-v1/install/manager_utils/lib/pkgconfig:/home/ros2-user/ros2_workspace/robotics-v1/install/sdl_utils/lib/x86_64-linux-gnu/pkgconfig:/home/ros2-user/ros2_workspace/robotics-v1/install/sdl_utils/lib/pkgconfig:/home/ros2-user/ros2_workspace/robotics-v1/install/resource_utils/lib/x86_64-linux-gnu/pkgconfig:/home/ros2-user/ros2_workspace/robotics-v1/install/resource_utils/lib/pkgconfig:/home/ros2-user/ros2_workspace/robotics-v1/install/utils/lib/x86_64-linux-gnu/pkgconfig:/home/ros2-user/ros2_workspace/robotics-v1/install/utils/lib/pkgconfig:/home/ros2-user/ros2_workspace/robotics-v1/install/cmake_helpers/lib/x86_64-linux-gnu/pkgconfig:/home/ros2-user/ros2_workspace/robotics-v1/install/cmake_helpers/lib/pkgconfig PYTHONPATH=/home/ros2-user/ros2_workspace/robotics-v1/install/robo_cleaner_interfaces/lib/python3.8/site-packages:${PYTHONPATH} /usr/bin/cmake /home/ros2-user/ros2_workspace/robotics-v1/src/robo_cleaner/robo_cleaner_gui -DCMAKE_INSTALL_PREFIX=/home/ros2-user/ros2_workspace/robotics-v1/install/robo_cleaner_gui
[4.704s] Invoking command in '/home/ros2-user/ros2_workspace/robotics-v1/build/robo_cleaner_gui': AMENT_PREFIX_PATH=/home/ros2-user/ros2_workspace/robotics-v1/install/robo_cleaner_common:/home/ros2-user/ros2_workspace/robotics-v1/install/robo_cleaner_interfaces:${AMENT_PREFIX_PATH} CMAKE_PREFIX_PATH=/home/ros2-user/ros2_workspace/robotics-v1/install/ros2_game_engine:/home/ros2-user/ros2_workspace/robotics-v1/install/robo_cleaner_common:/home/ros2-user/ros2_workspace/robotics-v1/install/robo_common:/home/ros2-user/ros2_workspace/robotics-v1/install/game_engine:/home/ros2-user/ros2_workspace/robotics-v1/install/manager_utils:/home/ros2-user/ros2_workspace/robotics-v1/install/sdl_utils:/home/ros2-user/ros2_workspace/robotics-v1/install/resource_utils:/home/ros2-user/ros2_workspace/robotics-v1/install/utils:/home/ros2-user/ros2_workspace/robotics-v1/install/robo_cleaner_interfaces:/home/ros2-user/ros2_workspace/robotics-v1/install/cmake_helpers:/opt/ros/foxy LD_LIBRARY_PATH=/home/ros2-user/ros2_workspace/robotics-v1/install/robo_cleaner_interfaces/lib:${LD_LIBRARY_PATH} PKG_CONFIG_PATH=/home/ros2-user/ros2_workspace/robotics-v1/install/ros2_game_engine/lib/x86_64-linux-gnu/pkgconfig:/home/ros2-user/ros2_workspace/robotics-v1/install/ros2_game_engine/lib/pkgconfig:/home/ros2-user/ros2_workspace/robotics-v1/install/robo_common/lib/x86_64-linux-gnu/pkgconfig:/home/ros2-user/ros2_workspace/robotics-v1/install/robo_common/lib/pkgconfig:/home/ros2-user/ros2_workspace/robotics-v1/install/game_engine/lib/x86_64-linux-gnu/pkgconfig:/home/ros2-user/ros2_workspace/robotics-v1/install/game_engine/lib/pkgconfig:/home/ros2-user/ros2_workspace/robotics-v1/install/manager_utils/lib/x86_64-linux-gnu/pkgconfig:/home/ros2-user/ros2_workspace/robotics-v1/install/manager_utils/lib/pkgconfig:/home/ros2-user/ros2_workspace/robotics-v1/install/sdl_utils/lib/x86_64-linux-gnu/pkgconfig:/home/ros2-user/ros2_workspace/robotics-v1/install/sdl_utils/lib/pkgconfig:/home/ros2-user/ros2_workspace/robotics-v1/install/resource_utils/lib/x86_64-linux-gnu/pkgconfig:/home/ros2-user/ros2_workspace/robotics-v1/install/resource_utils/lib/pkgconfig:/home/ros2-user/ros2_workspace/robotics-v1/install/utils/lib/x86_64-linux-gnu/pkgconfig:/home/ros2-user/ros2_workspace/robotics-v1/install/utils/lib/pkgconfig:/home/ros2-user/ros2_workspace/robotics-v1/install/cmake_helpers/lib/x86_64-linux-gnu/pkgconfig:/home/ros2-user/ros2_workspace/robotics-v1/install/cmake_helpers/lib/pkgconfig PYTHONPATH=/home/ros2-user/ros2_workspace/robotics-v1/install/robo_cleaner_interfaces/lib/python3.8/site-packages:${PYTHONPATH} /usr/bin/cmake --build /home/ros2-user/ros2_workspace/robotics-v1/build/robo_cleaner_gui -- -j4 -l4
[4.815s] [35m[1mScanning dependencies of target robo_cleaner_gui[0m
[4.966s] [  5%] [32mBuilding CXX object CMakeFiles/robo_cleaner_gui.dir/src/external_api/CleanerControllerExternalBridge.cpp.o[0m
[4.989s] [ 11%] [32mBuilding CXX object CMakeFiles/robo_cleaner_gui.dir/src/config/RoboCleanerGuiConfigGenerator.cpp.o[0m
[4.990s] [ 17%] [32mBuilding CXX object CMakeFiles/robo_cleaner_gui.dir/src/RoboCleanerGui.cpp.o[0m
[4.999s] [ 23%] [32mBuilding CXX object CMakeFiles/robo_cleaner_gui.dir/src/main.cpp.o[0m
[29.420s] [ 29%] [32mBuilding CXX object CMakeFiles/robo_cleaner_gui.dir/src/helpers/RoboCleanerBuilder.cpp.o[0m
[32.343s] [ 35%] [32mBuilding CXX object CMakeFiles/robo_cleaner_gui.dir/src/helpers/RoboCleanerGuiInitHelper.cpp.o[0m
[36.043s] [ 41%] [32mBuilding CXX object CMakeFiles/robo_cleaner_gui.dir/src/helpers/MovementWatcher.cpp.o[0m
[38.153s] [ 47%] [32mBuilding CXX object CMakeFiles/robo_cleaner_gui.dir/src/helpers/RoboCleanerSolutionValidator.cpp.o[0m
[38.882s] [ 52%] [32mBuilding CXX object CMakeFiles/robo_cleaner_gui.dir/src/layout/RoboCleanerLayout.cpp.o[0m
[41.267s] [ 58%] [32mBuilding CXX object CMakeFiles/robo_cleaner_gui.dir/src/layout/entities/Rubbish.cpp.o[0m
[41.793s] [ 64%] [32mBuilding CXX object CMakeFiles/robo_cleaner_gui.dir/src/layout/entities/EntityHandler.cpp.o[0m
[42.503s] [ 70%] [32mBuilding CXX object CMakeFiles/robo_cleaner_gui.dir/src/layout/panels/PanelHandler.cpp.o[0m
[44.375s] [ 76%] [32mBuilding CXX object CMakeFiles/robo_cleaner_gui.dir/src/layout/helpers/RoboCleanerLayoutInitHelper.cpp.o[0m
[46.367s] [ 82%] [32mBuilding CXX object CMakeFiles/robo_cleaner_gui.dir/src/helpers/EnergyHandler.cpp.o[0m
[48.234s] [ 88%] [32mBuilding CXX object CMakeFiles/robo_cleaner_gui.dir/src/external_api/MovementReporter.cpp.o[0m
[50.534s] [ 94%] [32m[1mLinking CXX executable robo_cleaner_gui[0m
[52.922s] [100%] Built target robo_cleaner_gui
[52.944s] Invoked command in '/home/ros2-user/ros2_workspace/robotics-v1/build/robo_cleaner_gui' returned '0': AMENT_PREFIX_PATH=/home/ros2-user/ros2_workspace/robotics-v1/install/robo_cleaner_common:/home/ros2-user/ros2_workspace/robotics-v1/install/robo_cleaner_interfaces:${AMENT_PREFIX_PATH} CMAKE_PREFIX_PATH=/home/ros2-user/ros2_workspace/robotics-v1/install/ros2_game_engine:/home/ros2-user/ros2_workspace/robotics-v1/install/robo_cleaner_common:/home/ros2-user/ros2_workspace/robotics-v1/install/robo_common:/home/ros2-user/ros2_workspace/robotics-v1/install/game_engine:/home/ros2-user/ros2_workspace/robotics-v1/install/manager_utils:/home/ros2-user/ros2_workspace/robotics-v1/install/sdl_utils:/home/ros2-user/ros2_workspace/robotics-v1/install/resource_utils:/home/ros2-user/ros2_workspace/robotics-v1/install/utils:/home/ros2-user/ros2_workspace/robotics-v1/install/robo_cleaner_interfaces:/home/ros2-user/ros2_workspace/robotics-v1/install/cmake_helpers:/opt/ros/foxy LD_LIBRARY_PATH=/home/ros2-user/ros2_workspace/robotics-v1/install/robo_cleaner_interfaces/lib:${LD_LIBRARY_PATH} PKG_CONFIG_PATH=/home/ros2-user/ros2_workspace/robotics-v1/install/ros2_game_engine/lib/x86_64-linux-gnu/pkgconfig:/home/ros2-user/ros2_workspace/robotics-v1/install/ros2_game_engine/lib/pkgconfig:/home/ros2-user/ros2_workspace/robotics-v1/install/robo_common/lib/x86_64-linux-gnu/pkgconfig:/home/ros2-user/ros2_workspace/robotics-v1/install/robo_common/lib/pkgconfig:/home/ros2-user/ros2_workspace/robotics-v1/install/game_engine/lib/x86_64-linux-gnu/pkgconfig:/home/ros2-user/ros2_workspace/robotics-v1/install/game_engine/lib/pkgconfig:/home/ros2-user/ros2_workspace/robotics-v1/install/manager_utils/lib/x86_64-linux-gnu/pkgconfig:/home/ros2-user/ros2_workspace/robotics-v1/install/manager_utils/lib/pkgconfig:/home/ros2-user/ros2_workspace/robotics-v1/install/sdl_utils/lib/x86_64-linux-gnu/pkgconfig:/home/ros2-user/ros2_workspace/robotics-v1/install/sdl_utils/lib/pkgconfig:/home/ros2-user/ros2_workspace/robotics-v1/install/resource_utils/lib/x86_64-linux-gnu/pkgconfig:/home/ros2-user/ros2_workspace/robotics-v1/install/resource_utils/lib/pkgconfig:/home/ros2-user/ros2_workspace/robotics-v1/install/utils/lib/x86_64-linux-gnu/pkgconfig:/home/ros2-user/ros2_workspace/robotics-v1/install/utils/lib/pkgconfig:/home/ros2-user/ros2_workspace/robotics-v1/install/cmake_helpers/lib/x86_64-linux-gnu/pkgconfig:/home/ros2-user/ros2_workspace/robotics-v1/install/cmake_helpers/lib/pkgconfig PYTHONPATH=/home/ros2-user/ros2_workspace/robotics-v1/install/robo_cleaner_interfaces/lib/python3.8/site-packages:${PYTHONPATH} /usr/bin/cmake --build /home/ros2-user/ros2_workspace/robotics-v1/build/robo_cleaner_gui -- -j4 -l4
[53.086s] Invoking command in '/home/ros2-user/ros2_workspace/robotics-v1/build/robo_cleaner_gui': AMENT_PREFIX_PATH=/home/ros2-user/ros2_workspace/robotics-v1/install/robo_cleaner_common:/home/ros2-user/ros2_workspace/robotics-v1/install/robo_cleaner_interfaces:${AMENT_PREFIX_PATH} CMAKE_PREFIX_PATH=/home/ros2-user/ros2_workspace/robotics-v1/install/ros2_game_engine:/home/ros2-user/ros2_workspace/robotics-v1/install/robo_cleaner_common:/home/ros2-user/ros2_workspace/robotics-v1/install/robo_common:/home/ros2-user/ros2_workspace/robotics-v1/install/game_engine:/home/ros2-user/ros2_workspace/robotics-v1/install/manager_utils:/home/ros2-user/ros2_workspace/robotics-v1/install/sdl_utils:/home/ros2-user/ros2_workspace/robotics-v1/install/resource_utils:/home/ros2-user/ros2_workspace/robotics-v1/install/utils:/home/ros2-user/ros2_workspace/robotics-v1/install/robo_cleaner_interfaces:/home/ros2-user/ros2_workspace/robotics-v1/install/cmake_helpers:/opt/ros/foxy LD_LIBRARY_PATH=/home/ros2-user/ros2_workspace/robotics-v1/install/robo_cleaner_interfaces/lib:${LD_LIBRARY_PATH} PKG_CONFIG_PATH=/home/ros2-user/ros2_workspace/robotics-v1/install/ros2_game_engine/lib/x86_64-linux-gnu/pkgconfig:/home/ros2-user/ros2_workspace/robotics-v1/install/ros2_game_engine/lib/pkgconfig:/home/ros2-user/ros2_workspace/robotics-v1/install/robo_common/lib/x86_64-linux-gnu/pkgconfig:/home/ros2-user/ros2_workspace/robotics-v1/install/robo_common/lib/pkgconfig:/home/ros2-user/ros2_workspace/robotics-v1/install/game_engine/lib/x86_64-linux-gnu/pkgconfig:/home/ros2-user/ros2_workspace/robotics-v1/install/game_engine/lib/pkgconfig:/home/ros2-user/ros2_workspace/robotics-v1/install/manager_utils/lib/x86_64-linux-gnu/pkgconfig:/home/ros2-user/ros2_workspace/robotics-v1/install/manager_utils/lib/pkgconfig:/home/ros2-user/ros2_workspace/robotics-v1/install/sdl_utils/lib/x86_64-linux-gnu/pkgconfig:/home/ros2-user/ros2_workspace/robotics-v1/install/sdl_utils/lib/pkgconfig:/home/ros2-user/ros2_workspace/robotics-v1/install/resource_utils/lib/x86_64-linux-gnu/pkgconfig:/home/ros2-user/ros2_workspace/robotics-v1/install/resource_utils/lib/pkgconfig:/home/ros2-user/ros2_workspace/robotics-v1/install/utils/lib/x86_64-linux-gnu/pkgconfig:/home/ros2-user/ros2_workspace/robotics-v1/install/utils/lib/pkgconfig:/home/ros2-user/ros2_workspace/robotics-v1/install/cmake_helpers/lib/x86_64-linux-gnu/pkgconfig:/home/ros2-user/ros2_workspace/robotics-v1/install/cmake_helpers/lib/pkgconfig PYTHONPATH=/home/ros2-user/ros2_workspace/robotics-v1/install/robo_cleaner_interfaces/lib/python3.8/site-packages:${PYTHONPATH} /usr/bin/cmake --install /home/ros2-user/ros2_workspace/robotics-v1/build/robo_cleaner_gui
[53.095s] -- Install configuration: "Debug"
[53.096s] -- Execute custom install script
[53.096s] -- Up-to-date symlink: /home/ros2-user/ros2_workspace/robotics-v1/install/robo_cleaner_gui/share/robo_cleaner_gui/package.xml
[53.097s] -- Up-to-date symlink: /home/ros2-user/ros2_workspace/robotics-v1/install/robo_cleaner_gui/share/robo_cleaner_gui//launch/launch.py
[53.098s] -- Up-to-date symlink: /home/ros2-user/ros2_workspace/robotics-v1/install/robo_cleaner_gui/share/robo_cleaner_gui//config/params.yaml
[53.098s] -- Up-to-date symlink: /home/ros2-user/ros2_workspace/robotics-v1/install/robo_cleaner_gui/lib/robo_cleaner_gui/robo_cleaner_gui
[53.099s] -- Symlinking: /home/ros2-user/ros2_workspace/robotics-v1/install/robo_cleaner_gui/share/ament_index/resource_index/packages/robo_cleaner_gui
[53.112s] -- Up-to-date symlink: /home/ros2-user/ros2_workspace/robotics-v1/install/robo_cleaner_gui/share/robo_cleaner_gui/hook/ament_prefix_path.dsv
[53.112s] -- Up-to-date symlink: /home/ros2-user/ros2_workspace/robotics-v1/install/robo_cleaner_gui/share/robo_cleaner_gui/hook/ros_package_path.dsv
[53.113s] -- Up-to-date symlink: /home/ros2-user/ros2_workspace/robotics-v1/install/robo_cleaner_gui/share/ament_index/resource_index/package_run_dependencies/robo_cleaner_gui
[53.113s] -- Up-to-date symlink: /home/ros2-user/ros2_workspace/robotics-v1/install/robo_cleaner_gui/share/ament_index/resource_index/parent_prefix_path/robo_cleaner_gui
[53.113s] -- Up-to-date symlink: /home/ros2-user/ros2_workspace/robotics-v1/install/robo_cleaner_gui/share/robo_cleaner_gui/environment/ament_prefix_path.sh
[53.113s] -- Up-to-date symlink: /home/ros2-user/ros2_workspace/robotics-v1/install/robo_cleaner_gui/share/robo_cleaner_gui/environment/ament_prefix_path.dsv
[53.114s] -- Up-to-date symlink: /home/ros2-user/ros2_workspace/robotics-v1/install/robo_cleaner_gui/share/robo_cleaner_gui/environment/path.sh
[53.114s] -- Up-to-date symlink: /home/ros2-user/ros2_workspace/robotics-v1/install/robo_cleaner_gui/share/robo_cleaner_gui/environment/path.dsv
[53.114s] -- Up-to-date symlink: /home/ros2-user/ros2_workspace/robotics-v1/install/robo_cleaner_gui/share/robo_cleaner_gui/local_setup.bash
[53.115s] -- Up-to-date symlink: /home/ros2-user/ros2_workspace/robotics-v1/install/robo_cleaner_gui/share/robo_cleaner_gui/local_setup.sh
[53.115s] -- Up-to-date symlink: /home/ros2-user/ros2_workspace/robotics-v1/install/robo_cleaner_gui/share/robo_cleaner_gui/local_setup.zsh
[53.116s] -- Up-to-date symlink: /home/ros2-user/ros2_workspace/robotics-v1/install/robo_cleaner_gui/share/robo_cleaner_gui/local_setup.dsv
[53.116s] -- Symlinking: /home/ros2-user/ros2_workspace/robotics-v1/install/robo_cleaner_gui/share/robo_cleaner_gui/package.dsv
[53.131s] -- Symlinking: /home/ros2-user/ros2_workspace/robotics-v1/install/robo_cleaner_gui/share/ament_index/resource_index/packages/robo_cleaner_gui
[53.145s] -- Up-to-date symlink: /home/ros2-user/ros2_workspace/robotics-v1/install/robo_cleaner_gui/share/robo_cleaner_gui/cmake/robo_cleaner_guiConfig.cmake
[53.146s] -- Up-to-date symlink: /home/ros2-user/ros2_workspace/robotics-v1/install/robo_cleaner_gui/share/robo_cleaner_gui/cmake/robo_cleaner_guiConfig-version.cmake
[53.146s] -- Up-to-date symlink: /home/ros2-user/ros2_workspace/robotics-v1/install/robo_cleaner_gui/share/robo_cleaner_gui/package.xml
[53.148s] -- Up-to-date symlink: /home/ros2-user/ros2_workspace/robotics-v1/install/robo_cleaner_gui/share/robo_cleaner_gui/resources//RoboCleanerGui.rsrc
[53.150s] -- Up-to-date symlink: /home/ros2-user/ros2_workspace/robotics-v1/install/robo_cleaner_gui/share/robo_cleaner_gui/resources//f/vinque_rg_20.ttf
[53.152s] -- Up-to-date symlink: /home/ros2-user/ros2_workspace/robotics-v1/install/robo_cleaner_gui/share/robo_cleaner_gui/resources//f/vinque_rg_30.ttf
[53.153s] -- Up-to-date symlink: /home/ros2-user/ros2_workspace/robotics-v1/install/robo_cleaner_gui/share/robo_cleaner_gui/resources//f/vinque_rg_75.ttf
[53.155s] -- Up-to-date symlink: /home/ros2-user/ros2_workspace/robotics-v1/install/robo_cleaner_gui/share/robo_cleaner_gui/resources//generated/RoboCleanerGuiResources.h
[53.156s] -- Up-to-date symlink: /home/ros2-user/ros2_workspace/robotics-v1/install/robo_cleaner_gui/share/robo_cleaner_gui/resources//generated/RoboCleanerGuiResourcesDynamic.h
[53.157s] -- Up-to-date symlink: /home/ros2-user/ros2_workspace/robotics-v1/install/robo_cleaner_gui/share/robo_cleaner_gui/resources//generated/RoboCleanerGuiResourcesDynamicValues.h
[53.157s] -- Up-to-date symlink: /home/ros2-user/ros2_workspace/robotics-v1/install/robo_cleaner_gui/share/robo_cleaner_gui/resources//generated/fonts.bin
[53.157s] -- Up-to-date symlink: /home/ros2-user/ros2_workspace/robotics-v1/install/robo_cleaner_gui/share/robo_cleaner_gui/resources//generated/resources.bin
[53.157s] -- Up-to-date symlink: /home/ros2-user/ros2_workspace/robotics-v1/install/robo_cleaner_gui/share/robo_cleaner_gui/resources//generated/sounds.bin
[53.157s] -- Up-to-date symlink: /home/ros2-user/ros2_workspace/robotics-v1/install/robo_cleaner_gui/share/robo_cleaner_gui/resources//levels/level_1/field_map.txt
[53.157s] -- Up-to-date symlink: /home/ros2-user/ros2_workspace/robotics-v1/install/robo_cleaner_gui/share/robo_cleaner_gui/resources//levels/level_2/field_map.txt
[53.163s] -- Up-to-date symlink: /home/ros2-user/ros2_workspace/robotics-v1/install/robo_cleaner_gui/share/robo_cleaner_gui/resources//levels/level_3/field_map.txt
[53.163s] -- Up-to-date symlink: /home/ros2-user/ros2_workspace/robotics-v1/install/robo_cleaner_gui/share/robo_cleaner_gui/resources//p/background/fogOfWar.png
[53.164s] -- Up-to-date symlink: /home/ros2-user/ros2_workspace/robotics-v1/install/robo_cleaner_gui/share/robo_cleaner_gui/resources//p/background/map.png
[53.164s] -- Up-to-date symlink: /home/ros2-user/ros2_workspace/robotics-v1/install/robo_cleaner_gui/share/robo_cleaner_gui/resources//p/background/obstacle.png
[53.165s] -- Up-to-date symlink: /home/ros2-user/ros2_workspace/robotics-v1/install/robo_cleaner_gui/share/robo_cleaner_gui/resources//p/background/tile.png
[53.165s] -- Up-to-date symlink: /home/ros2-user/ros2_workspace/robotics-v1/install/robo_cleaner_gui/share/robo_cleaner_gui/resources//p/entities/damage_marker.png
[53.168s] -- Up-to-date symlink: /home/ros2-user/ros2_workspace/robotics-v1/install/robo_cleaner_gui/share/robo_cleaner_gui/resources//p/entities/player_robot.png
[53.172s] -- Up-to-date symlink: /home/ros2-user/ros2_workspace/robotics-v1/install/robo_cleaner_gui/share/robo_cleaner_gui/resources//p/entities/rubbish.png
[53.173s] -- Up-to-date symlink: /home/ros2-user/ros2_workspace/robotics-v1/install/robo_cleaner_gui/share/robo_cleaner_gui/resources//p/panels/energy_indicator.png
[53.173s] -- Up-to-date symlink: /home/ros2-user/ros2_workspace/robotics-v1/install/robo_cleaner_gui/share/robo_cleaner_gui/resources//p/panels/energy_panel.png
[53.174s] -- Up-to-date symlink: /home/ros2-user/ros2_workspace/robotics-v1/install/robo_cleaner_gui/share/robo_cleaner_gui/resources//p/panels/health_indicator.png
[53.175s] -- Up-to-date symlink: /home/ros2-user/ros2_workspace/robotics-v1/install/robo_cleaner_gui/share/robo_cleaner_gui/resources//p/panels/health_panel.png
[53.175s] -- Up-to-date symlink: /home/ros2-user/ros2_workspace/robotics-v1/install/robo_cleaner_gui/share/robo_cleaner_gui/resources//p/panels/hor_delimiter.png
[53.175s] -- Up-to-date symlink: /home/ros2-user/ros2_workspace/robotics-v1/install/robo_cleaner_gui/share/robo_cleaner_gui/resources//p/panels/rubbish_panel.png
[53.177s] -- Up-to-date symlink: /home/ros2-user/ros2_workspace/robotics-v1/install/robo_cleaner_gui/share/robo_cleaner_gui/resources//p/panels/tile_panel.png
[53.177s] -- Up-to-date symlink: /home/ros2-user/ros2_workspace/robotics-v1/install/robo_cleaner_gui/share/robo_cleaner_gui/resources//p/panels/vert_delimiter.png
[53.178s] -- Up-to-date symlink: /home/ros2-user/ros2_workspace/robotics-v1/install/robo_cleaner_gui/share/robo_cleaner_gui/resources//p/stars/star_single.png
[53.178s] -- Up-to-date symlink: /home/ros2-user/ros2_workspace/robotics-v1/install/robo_cleaner_gui/share/robo_cleaner_gui/resources//p/stars/stars.png
[53.178s] Invoked command in '/home/ros2-user/ros2_workspace/robotics-v1/build/robo_cleaner_gui' returned '0': AMENT_PREFIX_PATH=/home/ros2-user/ros2_workspace/robotics-v1/install/robo_cleaner_common:/home/ros2-user/ros2_workspace/robotics-v1/install/robo_cleaner_interfaces:${AMENT_PREFIX_PATH} CMAKE_PREFIX_PATH=/home/ros2-user/ros2_workspace/robotics-v1/install/ros2_game_engine:/home/ros2-user/ros2_workspace/robotics-v1/install/robo_cleaner_common:/home/ros2-user/ros2_workspace/robotics-v1/install/robo_common:/home/ros2-user/ros2_workspace/robotics-v1/install/game_engine:/home/ros2-user/ros2_workspace/robotics-v1/install/manager_utils:/home/ros2-user/ros2_workspace/robotics-v1/install/sdl_utils:/home/ros2-user/ros2_workspace/robotics-v1/install/resource_utils:/home/ros2-user/ros2_workspace/robotics-v1/install/utils:/home/ros2-user/ros2_workspace/robotics-v1/install/robo_cleaner_interfaces:/home/ros2-user/ros2_workspace/robotics-v1/install/cmake_helpers:/opt/ros/foxy LD_LIBRARY_PATH=/home/ros2-user/ros2_workspace/robotics-v1/install/robo_cleaner_interfaces/lib:${LD_LIBRARY_PATH} PKG_CONFIG_PATH=/home/ros2-user/ros2_workspace/robotics-v1/install/ros2_game_engine/lib/x86_64-linux-gnu/pkgconfig:/home/ros2-user/ros2_workspace/robotics-v1/install/ros2_game_engine/lib/pkgconfig:/home/ros2-user/ros2_workspace/robotics-v1/install/robo_common/lib/x86_64-linux-gnu/pkgconfig:/home/ros2-user/ros2_workspace/robotics-v1/install/robo_common/lib/pkgconfig:/home/ros2-user/ros2_workspace/robotics-v1/install/game_engine/lib/x86_64-linux-gnu/pkgconfig:/home/ros2-user/ros2_workspace/robotics-v1/install/game_engine/lib/pkgconfig:/home/ros2-user/ros2_workspace/robotics-v1/install/manager_utils/lib/x86_64-linux-gnu/pkgconfig:/home/ros2-user/ros2_workspace/robotics-v1/install/manager_utils/lib/pkgconfig:/home/ros2-user/ros2_workspace/robotics-v1/install/sdl_utils/lib/x86_64-linux-gnu/pkgconfig:/home/ros2-user/ros2_workspace/robotics-v1/install/sdl_utils/lib/pkgconfig:/home/ros2-user/ros2_workspace/robotics-v1/install/resource_utils/lib/x86_64-linux-gnu/pkgconfig:/home/ros2-user/ros2_workspace/robotics-v1/install/resource_utils/lib/pkgconfig:/home/ros2-user/ros2_workspace/robotics-v1/install/utils/lib/x86_64-linux-gnu/pkgconfig:/home/ros2-user/ros2_workspace/robotics-v1/install/utils/lib/pkgconfig:/home/ros2-user/ros2_workspace/robotics-v1/install/cmake_helpers/lib/x86_64-linux-gnu/pkgconfig:/home/ros2-user/ros2_workspace/robotics-v1/install/cmake_helpers/lib/pkgconfig PYTHONPATH=/home/ros2-user/ros2_workspace/robotics-v1/install/robo_cleaner_interfaces/lib/python3.8/site-packages:${PYTHONPATH} /usr/bin/cmake --install /home/ros2-user/ros2_workspace/robotics-v1/build/robo_cleaner_gui
