[0.127s] Invoking command in '/home/ros2-user/ros2_workspace/robotics-v1/build/urscript_common': AMENT_PREFIX_PATH=/home/ros2-user/ros2_workspace/robotics-v1/install/urscript_interfaces:${AMENT_PREFIX_PATH} CMAKE_PREFIX_PATH=/home/ros2-user/ros2_workspace/robotics-v1/install/utils:/home/ros2-user/ros2_workspace/robotics-v1/install/urscript_interfaces:/home/ros2-user/ros2_workspace/robotics-v1/install/cmake_helpers:/opt/ros/foxy LD_LIBRARY_PATH=/home/ros2-user/ros2_workspace/robotics-v1/install/urscript_interfaces/lib:${LD_LIBRARY_PATH} PKG_CONFIG_PATH=/home/ros2-user/ros2_workspace/robotics-v1/install/utils/lib/x86_64-linux-gnu/pkgconfig:/home/ros2-user/ros2_workspace/robotics-v1/install/utils/lib/pkgconfig:/home/ros2-user/ros2_workspace/robotics-v1/install/cmake_helpers/lib/x86_64-linux-gnu/pkgconfig:/home/ros2-user/ros2_workspace/robotics-v1/install/cmake_helpers/lib/pkgconfig PYTHONPATH=/home/ros2-user/ros2_workspace/robotics-v1/install/urscript_interfaces/lib/python3.8/site-packages:${PYTHONPATH} /usr/bin/cmake /home/ros2-user/ros2_workspace/robotics-v1/src/ur_dev/urscript/urscript_common -DCMAKE_BUILD_TYPE=Debug -DCMAKE_CXX_COMPILER=/usr/bin/g++ -DAMENT_CMAKE_SYMLINK_INSTALL=1 -DCMAKE_INSTALL_PREFIX=/home/ros2-user/ros2_workspace/robotics-v1/install/urscript_common
[0.298s] -- The CXX compiler identification is GNU 9.4.0
[0.316s] -- Check for working CXX compiler: /usr/bin/g++
[0.701s] -- Check for working CXX compiler: /usr/bin/g++ -- works
[0.707s] -- Detecting CXX compiler ABI info
[0.956s] -- Detecting CXX compiler ABI info - done
[0.978s] -- Detecting CXX compile features
[0.979s] -- Detecting CXX compile features - done
[0.984s] -- Found cmake_helpers: 1.0.0 (/home/ros2-user/ros2_workspace/robotics-v1/install/cmake_helpers/share/cmake_helpers/cmake)
[0.987s] -- Looking for C++ include pthread.h
[1.614s] -- Looking for C++ include pthread.h - found
[1.628s] -- Performing Test CMAKE_HAVE_LIBC_PTHREAD
[1.975s] -- Performing Test CMAKE_HAVE_LIBC_PTHREAD - Failed
[1.976s] -- Looking for pthread_create in pthreads
[2.345s] -- Looking for pthread_create in pthreads - not found
[2.345s] -- Looking for pthread_create in pthread
[3.146s] -- Looking for pthread_create in pthread - found
[3.149s] -- Found Threads: TRUE  
[3.156s] -- Found urscript_interfaces: 1.0.0 (/home/ros2-user/ros2_workspace/robotics-v1/install/urscript_interfaces/share/urscript_interfaces/cmake)
[3.266s] -- Found PythonInterp: /usr/bin/python3 (found suitable version "3.8.10", minimum required is "3") 
[3.273s] -- Using PYTHON_EXECUTABLE: /usr/bin/python3
[3.749s] -- Override CMake install command with custom implementation using symlinks instead of copying resources
[3.919s] -- Using all available rosidl_typesupport_c: rosidl_typesupport_fastrtps_c;rosidl_typesupport_introspection_c
[3.942s] -- Found rosidl_adapter: 1.3.0 (/opt/ros/foxy/share/rosidl_adapter/cmake)
[4.339s] -- Found OpenSSL: /usr/lib/x86_64-linux-gnu/libcrypto.so (found version "1.1.1f")  
[4.472s] -- Found FastRTPS: /opt/ros/foxy/include  
[4.758s] -- Using all available rosidl_typesupport_cpp: rosidl_typesupport_fastrtps_cpp;rosidl_typesupport_introspection_cpp
[5.017s] -- Configuring done
[5.052s] -- Generating done
[5.069s] -- Build files have been written to: /home/ros2-user/ros2_workspace/robotics-v1/build/urscript_common
[5.092s] Invoked command in '/home/ros2-user/ros2_workspace/robotics-v1/build/urscript_common' returned '0': AMENT_PREFIX_PATH=/home/ros2-user/ros2_workspace/robotics-v1/install/urscript_interfaces:${AMENT_PREFIX_PATH} CMAKE_PREFIX_PATH=/home/ros2-user/ros2_workspace/robotics-v1/install/utils:/home/ros2-user/ros2_workspace/robotics-v1/install/urscript_interfaces:/home/ros2-user/ros2_workspace/robotics-v1/install/cmake_helpers:/opt/ros/foxy LD_LIBRARY_PATH=/home/ros2-user/ros2_workspace/robotics-v1/install/urscript_interfaces/lib:${LD_LIBRARY_PATH} PKG_CONFIG_PATH=/home/ros2-user/ros2_workspace/robotics-v1/install/utils/lib/x86_64-linux-gnu/pkgconfig:/home/ros2-user/ros2_workspace/robotics-v1/install/utils/lib/pkgconfig:/home/ros2-user/ros2_workspace/robotics-v1/install/cmake_helpers/lib/x86_64-linux-gnu/pkgconfig:/home/ros2-user/ros2_workspace/robotics-v1/install/cmake_helpers/lib/pkgconfig PYTHONPATH=/home/ros2-user/ros2_workspace/robotics-v1/install/urscript_interfaces/lib/python3.8/site-packages:${PYTHONPATH} /usr/bin/cmake /home/ros2-user/ros2_workspace/robotics-v1/src/ur_dev/urscript/urscript_common -DCMAKE_BUILD_TYPE=Debug -DCMAKE_CXX_COMPILER=/usr/bin/g++ -DAMENT_CMAKE_SYMLINK_INSTALL=1 -DCMAKE_INSTALL_PREFIX=/home/ros2-user/ros2_workspace/robotics-v1/install/urscript_common
[5.099s] Invoking command in '/home/ros2-user/ros2_workspace/robotics-v1/build/urscript_common': AMENT_PREFIX_PATH=/home/ros2-user/ros2_workspace/robotics-v1/install/urscript_interfaces:${AMENT_PREFIX_PATH} CMAKE_PREFIX_PATH=/home/ros2-user/ros2_workspace/robotics-v1/install/utils:/home/ros2-user/ros2_workspace/robotics-v1/install/urscript_interfaces:/home/ros2-user/ros2_workspace/robotics-v1/install/cmake_helpers:/opt/ros/foxy LD_LIBRARY_PATH=/home/ros2-user/ros2_workspace/robotics-v1/install/urscript_interfaces/lib:${LD_LIBRARY_PATH} PKG_CONFIG_PATH=/home/ros2-user/ros2_workspace/robotics-v1/install/utils/lib/x86_64-linux-gnu/pkgconfig:/home/ros2-user/ros2_workspace/robotics-v1/install/utils/lib/pkgconfig:/home/ros2-user/ros2_workspace/robotics-v1/install/cmake_helpers/lib/x86_64-linux-gnu/pkgconfig:/home/ros2-user/ros2_workspace/robotics-v1/install/cmake_helpers/lib/pkgconfig PYTHONPATH=/home/ros2-user/ros2_workspace/robotics-v1/install/urscript_interfaces/lib/python3.8/site-packages:${PYTHONPATH} /usr/bin/cmake --build /home/ros2-user/ros2_workspace/robotics-v1/build/urscript_common -- -j4 -l4
[5.207s] [35m[1mScanning dependencies of target urscript_common[0m
[5.255s] [ 50%] [32mBuilding CXX object CMakeFiles/urscript_common.dir/src/message_helpers/UrScriptMessageHelpers.cpp.o[0m
[6.791s] [100%] [32m[1mLinking CXX static library liburscript_common.a[0m
[6.884s] [100%] Built target urscript_common
[7.091s] Invoked command in '/home/ros2-user/ros2_workspace/robotics-v1/build/urscript_common' returned '0': AMENT_PREFIX_PATH=/home/ros2-user/ros2_workspace/robotics-v1/install/urscript_interfaces:${AMENT_PREFIX_PATH} CMAKE_PREFIX_PATH=/home/ros2-user/ros2_workspace/robotics-v1/install/utils:/home/ros2-user/ros2_workspace/robotics-v1/install/urscript_interfaces:/home/ros2-user/ros2_workspace/robotics-v1/install/cmake_helpers:/opt/ros/foxy LD_LIBRARY_PATH=/home/ros2-user/ros2_workspace/robotics-v1/install/urscript_interfaces/lib:${LD_LIBRARY_PATH} PKG_CONFIG_PATH=/home/ros2-user/ros2_workspace/robotics-v1/install/utils/lib/x86_64-linux-gnu/pkgconfig:/home/ros2-user/ros2_workspace/robotics-v1/install/utils/lib/pkgconfig:/home/ros2-user/ros2_workspace/robotics-v1/install/cmake_helpers/lib/x86_64-linux-gnu/pkgconfig:/home/ros2-user/ros2_workspace/robotics-v1/install/cmake_helpers/lib/pkgconfig PYTHONPATH=/home/ros2-user/ros2_workspace/robotics-v1/install/urscript_interfaces/lib/python3.8/site-packages:${PYTHONPATH} /usr/bin/cmake --build /home/ros2-user/ros2_workspace/robotics-v1/build/urscript_common -- -j4 -l4
[7.596s] Invoking command in '/home/ros2-user/ros2_workspace/robotics-v1/build/urscript_common': AMENT_PREFIX_PATH=/home/ros2-user/ros2_workspace/robotics-v1/install/urscript_interfaces:${AMENT_PREFIX_PATH} CMAKE_PREFIX_PATH=/home/ros2-user/ros2_workspace/robotics-v1/install/utils:/home/ros2-user/ros2_workspace/robotics-v1/install/urscript_interfaces:/home/ros2-user/ros2_workspace/robotics-v1/install/cmake_helpers:/opt/ros/foxy LD_LIBRARY_PATH=/home/ros2-user/ros2_workspace/robotics-v1/install/urscript_interfaces/lib:${LD_LIBRARY_PATH} PKG_CONFIG_PATH=/home/ros2-user/ros2_workspace/robotics-v1/install/utils/lib/x86_64-linux-gnu/pkgconfig:/home/ros2-user/ros2_workspace/robotics-v1/install/utils/lib/pkgconfig:/home/ros2-user/ros2_workspace/robotics-v1/install/cmake_helpers/lib/x86_64-linux-gnu/pkgconfig:/home/ros2-user/ros2_workspace/robotics-v1/install/cmake_helpers/lib/pkgconfig PYTHONPATH=/home/ros2-user/ros2_workspace/robotics-v1/install/urscript_interfaces/lib/python3.8/site-packages:${PYTHONPATH} /usr/bin/cmake --install /home/ros2-user/ros2_workspace/robotics-v1/build/urscript_common
[7.629s] -- Install configuration: "Debug"
[7.630s] -- Execute custom install script
[7.632s] -- Symlinking: /home/ros2-user/ros2_workspace/robotics-v1/install/urscript_common/share/urscript_common/package.xml
[7.733s] -- Symlinking: /home/ros2-user/ros2_workspace/robotics-v1/install/urscript_common/lib/urscript_common/liburscript_common.a
[7.776s] -- Symlinking: /home/ros2-user/ros2_workspace/robotics-v1/install/urscript_common/share/ament_index/resource_index/packages/urscript_common
[7.839s] -- Symlinking: /home/ros2-user/ros2_workspace/robotics-v1/install/urscript_common/share/urscript_common/hook/ament_prefix_path.dsv
[7.867s] -- Symlinking: /home/ros2-user/ros2_workspace/robotics-v1/install/urscript_common/share/urscript_common/hook/ros_package_path.dsv
[7.958s] -- Symlinking: /home/ros2-user/ros2_workspace/robotics-v1/install/urscript_common/share/ament_index/resource_index/package_run_dependencies/urscript_common
[8.389s] -- Symlinking: /home/ros2-user/ros2_workspace/robotics-v1/install/urscript_common/share/ament_index/resource_index/parent_prefix_path/urscript_common
[8.448s] -- Symlinking: /home/ros2-user/ros2_workspace/robotics-v1/install/urscript_common/share/urscript_common/environment/ament_prefix_path.sh
[8.537s] -- Symlinking: /home/ros2-user/ros2_workspace/robotics-v1/install/urscript_common/share/urscript_common/environment/ament_prefix_path.dsv
[8.641s] -- Symlinking: /home/ros2-user/ros2_workspace/robotics-v1/install/urscript_common/share/urscript_common/environment/path.sh
[8.668s] -- Symlinking: /home/ros2-user/ros2_workspace/robotics-v1/install/urscript_common/share/urscript_common/environment/path.dsv
[8.705s] -- Symlinking: /home/ros2-user/ros2_workspace/robotics-v1/install/urscript_common/share/urscript_common/local_setup.bash
[8.730s] -- Symlinking: /home/ros2-user/ros2_workspace/robotics-v1/install/urscript_common/share/urscript_common/local_setup.sh
[8.765s] -- Symlinking: /home/ros2-user/ros2_workspace/robotics-v1/install/urscript_common/share/urscript_common/local_setup.zsh
[8.792s] -- Symlinking: /home/ros2-user/ros2_workspace/robotics-v1/install/urscript_common/share/urscript_common/local_setup.dsv
[8.860s] -- Symlinking: /home/ros2-user/ros2_workspace/robotics-v1/install/urscript_common/share/urscript_common/package.dsv
[9.324s] -- Symlinking: /home/ros2-user/ros2_workspace/robotics-v1/install/urscript_common/share/ament_index/resource_index/packages/urscript_common
[9.396s] -- Symlinking: /home/ros2-user/ros2_workspace/robotics-v1/install/urscript_common/share/urscript_common/cmake/urscript_commonConfig.cmake
[9.448s] -- Symlinking: /home/ros2-user/ros2_workspace/robotics-v1/install/urscript_common/share/urscript_common/cmake/urscript_commonConfig-version.cmake
[9.489s] -- Up-to-date symlink: /home/ros2-user/ros2_workspace/robotics-v1/install/urscript_common/share/urscript_common/package.xml
[9.490s] -- Symlinking: /home/ros2-user/ros2_workspace/robotics-v1/install/urscript_common/include/urscript_common/defines/UrScriptTopics.h
[9.506s] -- Symlinking: /home/ros2-user/ros2_workspace/robotics-v1/install/urscript_common/include/urscript_common/message_helpers/UrScriptMessageHelpers.h
[9.539s] -- Symlinking: /home/ros2-user/ros2_workspace/robotics-v1/install/urscript_common/lib/cmake/urscript_common/urscript_commonConfig.cmake
[9.569s] -- Installing: /home/ros2-user/ros2_workspace/robotics-v1/install/urscript_common/lib/liburscript_common.a
[9.572s] -- Installing: /home/ros2-user/ros2_workspace/robotics-v1/install/urscript_common/lib/cmake/urscript_common/urscript_commonTargets.cmake
[9.574s] -- Installing: /home/ros2-user/ros2_workspace/robotics-v1/install/urscript_common/lib/cmake/urscript_common/urscript_commonTargets-debug.cmake
[9.619s] Invoked command in '/home/ros2-user/ros2_workspace/robotics-v1/build/urscript_common' returned '0': AMENT_PREFIX_PATH=/home/ros2-user/ros2_workspace/robotics-v1/install/urscript_interfaces:${AMENT_PREFIX_PATH} CMAKE_PREFIX_PATH=/home/ros2-user/ros2_workspace/robotics-v1/install/utils:/home/ros2-user/ros2_workspace/robotics-v1/install/urscript_interfaces:/home/ros2-user/ros2_workspace/robotics-v1/install/cmake_helpers:/opt/ros/foxy LD_LIBRARY_PATH=/home/ros2-user/ros2_workspace/robotics-v1/install/urscript_interfaces/lib:${LD_LIBRARY_PATH} PKG_CONFIG_PATH=/home/ros2-user/ros2_workspace/robotics-v1/install/utils/lib/x86_64-linux-gnu/pkgconfig:/home/ros2-user/ros2_workspace/robotics-v1/install/utils/lib/pkgconfig:/home/ros2-user/ros2_workspace/robotics-v1/install/cmake_helpers/lib/x86_64-linux-gnu/pkgconfig:/home/ros2-user/ros2_workspace/robotics-v1/install/cmake_helpers/lib/pkgconfig PYTHONPATH=/home/ros2-user/ros2_workspace/robotics-v1/install/urscript_interfaces/lib/python3.8/site-packages:${PYTHONPATH} /usr/bin/cmake --install /home/ros2-user/ros2_workspace/robotics-v1/build/urscript_common
