[0.258s] Invoking command in '/home/ros2-user/ros2_workspace/robotics-v1/build/robo_collector_controller': AMENT_PREFIX_PATH=/home/ros2-user/ros2_workspace/robotics-v1/install/robo_collector_common:/home/ros2-user/ros2_workspace/robotics-v1/install/robo_collector_interfaces:${AMENT_PREFIX_PATH} CMAKE_PREFIX_PATH=/home/ros2-user/ros2_workspace/robotics-v1/install/ros2_game_engine:/home/ros2-user/ros2_workspace/robotics-v1/install/robo_collector_common:/home/ros2-user/ros2_workspace/robotics-v1/install/robo_common:/home/ros2-user/ros2_workspace/robotics-v1/install/game_engine:/home/ros2-user/ros2_workspace/robotics-v1/install/manager_utils:/home/ros2-user/ros2_workspace/robotics-v1/install/sdl_utils:/home/ros2-user/ros2_workspace/robotics-v1/install/resource_utils:/home/ros2-user/ros2_workspace/robotics-v1/install/utils:/home/ros2-user/ros2_workspace/robotics-v1/install/robo_collector_interfaces:/home/ros2-user/ros2_workspace/robotics-v1/install/cmake_helpers:/opt/ros/foxy LD_LIBRARY_PATH=/home/ros2-user/ros2_workspace/robotics-v1/install/robo_collector_interfaces/lib:${LD_LIBRARY_PATH} PKG_CONFIG_PATH=/home/ros2-user/ros2_workspace/robotics-v1/install/ros2_game_engine/lib/x86_64-linux-gnu/pkgconfig:/home/ros2-user/ros2_workspace/robotics-v1/install/ros2_game_engine/lib/pkgconfig:/home/ros2-user/ros2_workspace/robotics-v1/install/robo_common/lib/x86_64-linux-gnu/pkgconfig:/home/ros2-user/ros2_workspace/robotics-v1/install/robo_common/lib/pkgconfig:/home/ros2-user/ros2_workspace/robotics-v1/install/game_engine/lib/x86_64-linux-gnu/pkgconfig:/home/ros2-user/ros2_workspace/robotics-v1/install/game_engine/lib/pkgconfig:/home/ros2-user/ros2_workspace/robotics-v1/install/manager_utils/lib/x86_64-linux-gnu/pkgconfig:/home/ros2-user/ros2_workspace/robotics-v1/install/manager_utils/lib/pkgconfig:/home/ros2-user/ros2_workspace/robotics-v1/install/sdl_utils/lib/x86_64-linux-gnu/pkgconfig:/home/ros2-user/ros2_workspace/robotics-v1/install/sdl_utils/lib/pkgconfig:/home/ros2-user/ros2_workspace/robotics-v1/install/resource_utils/lib/x86_64-linux-gnu/pkgconfig:/home/ros2-user/ros2_workspace/robotics-v1/install/resource_utils/lib/pkgconfig:/home/ros2-user/ros2_workspace/robotics-v1/install/utils/lib/x86_64-linux-gnu/pkgconfig:/home/ros2-user/ros2_workspace/robotics-v1/install/utils/lib/pkgconfig:/home/ros2-user/ros2_workspace/robotics-v1/install/cmake_helpers/lib/x86_64-linux-gnu/pkgconfig:/home/ros2-user/ros2_workspace/robotics-v1/install/cmake_helpers/lib/pkgconfig PYTHONPATH=/home/ros2-user/ros2_workspace/robotics-v1/install/robo_collector_interfaces/lib/python3.8/site-packages:${PYTHONPATH} /usr/bin/cmake /home/ros2-user/ros2_workspace/robotics-v1/src/robo_collector/robo_collector_controller -DCMAKE_BUILD_TYPE=Debug -DCMAKE_CXX_COMPILER=/usr/bin/g++ -DAMENT_CMAKE_SYMLINK_INSTALL=1 -DCMAKE_INSTALL_PREFIX=/home/ros2-user/ros2_workspace/robotics-v1/install/robo_collector_controller
[0.545s] -- The CXX compiler identification is GNU 9.4.0
[0.575s] -- Check for working CXX compiler: /usr/bin/g++
[2.049s] -- Check for working CXX compiler: /usr/bin/g++ -- works
[2.067s] -- Detecting CXX compiler ABI info
[2.680s] -- Detecting CXX compiler ABI info - done
[2.736s] -- Detecting CXX compile features
[2.739s] -- Detecting CXX compile features - done
[2.748s] -- Found cmake_helpers: 1.0.0 (/home/ros2-user/ros2_workspace/robotics-v1/install/cmake_helpers/share/cmake_helpers/cmake)
[2.772s] -- Found ament_cmake: 0.9.11 (/opt/ros/foxy/share/ament_cmake/cmake)
[2.919s] -- Found PythonInterp: /usr/bin/python3 (found suitable version "3.8.10", minimum required is "3") 
[2.922s] -- Using PYTHON_EXECUTABLE: /usr/bin/python3
[3.415s] -- Override CMake install command with custom implementation using symlinks instead of copying resources
[3.500s] -- Found ament_index_cpp: 1.1.0 (/opt/ros/foxy/share/ament_index_cpp/cmake)
[3.508s] -- Found rclcpp: 2.4.2 (/opt/ros/foxy/share/rclcpp/cmake)
[3.621s] -- Using all available rosidl_typesupport_c: rosidl_typesupport_fastrtps_c;rosidl_typesupport_introspection_c
[3.669s] -- Found rosidl_adapter: 1.3.0 (/opt/ros/foxy/share/rosidl_adapter/cmake)
[3.915s] -- Found OpenSSL: /usr/lib/x86_64-linux-gnu/libcrypto.so (found version "1.1.1f")  
[4.026s] -- Found FastRTPS: /opt/ros/foxy/include  
[4.241s] -- Using all available rosidl_typesupport_cpp: rosidl_typesupport_fastrtps_cpp;rosidl_typesupport_introspection_cpp
[4.357s] -- Found rmw_implementation_cmake: 1.0.3 (/opt/ros/foxy/share/rmw_implementation_cmake/cmake)
[4.377s] -- Using RMW implementation 'rmw_fastrtps_cpp' as default
[4.382s] -- Looking for C++ include pthread.h
[4.832s] -- Looking for C++ include pthread.h - found
[4.834s] -- Performing Test CMAKE_HAVE_LIBC_PTHREAD
[5.117s] -- Performing Test CMAKE_HAVE_LIBC_PTHREAD - Failed
[5.120s] -- Looking for pthread_create in pthreads
[5.404s] -- Looking for pthread_create in pthreads - not found
[5.404s] -- Looking for pthread_create in pthread
[6.012s] -- Looking for pthread_create in pthread - found
[6.016s] -- Found Threads: TRUE  
[6.441s] -- Found robo_collector_interfaces: 1.0.0 (/home/ros2-user/ros2_workspace/robotics-v1/install/robo_collector_interfaces/share/robo_collector_interfaces/cmake)
[12.991s] -- Configuring done
[13.079s] -- Generating done
[13.096s] -- Build files have been written to: /home/ros2-user/ros2_workspace/robotics-v1/build/robo_collector_controller
[13.183s] Invoked command in '/home/ros2-user/ros2_workspace/robotics-v1/build/robo_collector_controller' returned '0': AMENT_PREFIX_PATH=/home/ros2-user/ros2_workspace/robotics-v1/install/robo_collector_common:/home/ros2-user/ros2_workspace/robotics-v1/install/robo_collector_interfaces:${AMENT_PREFIX_PATH} CMAKE_PREFIX_PATH=/home/ros2-user/ros2_workspace/robotics-v1/install/ros2_game_engine:/home/ros2-user/ros2_workspace/robotics-v1/install/robo_collector_common:/home/ros2-user/ros2_workspace/robotics-v1/install/robo_common:/home/ros2-user/ros2_workspace/robotics-v1/install/game_engine:/home/ros2-user/ros2_workspace/robotics-v1/install/manager_utils:/home/ros2-user/ros2_workspace/robotics-v1/install/sdl_utils:/home/ros2-user/ros2_workspace/robotics-v1/install/resource_utils:/home/ros2-user/ros2_workspace/robotics-v1/install/utils:/home/ros2-user/ros2_workspace/robotics-v1/install/robo_collector_interfaces:/home/ros2-user/ros2_workspace/robotics-v1/install/cmake_helpers:/opt/ros/foxy LD_LIBRARY_PATH=/home/ros2-user/ros2_workspace/robotics-v1/install/robo_collector_interfaces/lib:${LD_LIBRARY_PATH} PKG_CONFIG_PATH=/home/ros2-user/ros2_workspace/robotics-v1/install/ros2_game_engine/lib/x86_64-linux-gnu/pkgconfig:/home/ros2-user/ros2_workspace/robotics-v1/install/ros2_game_engine/lib/pkgconfig:/home/ros2-user/ros2_workspace/robotics-v1/install/robo_common/lib/x86_64-linux-gnu/pkgconfig:/home/ros2-user/ros2_workspace/robotics-v1/install/robo_common/lib/pkgconfig:/home/ros2-user/ros2_workspace/robotics-v1/install/game_engine/lib/x86_64-linux-gnu/pkgconfig:/home/ros2-user/ros2_workspace/robotics-v1/install/game_engine/lib/pkgconfig:/home/ros2-user/ros2_workspace/robotics-v1/install/manager_utils/lib/x86_64-linux-gnu/pkgconfig:/home/ros2-user/ros2_workspace/robotics-v1/install/manager_utils/lib/pkgconfig:/home/ros2-user/ros2_workspace/robotics-v1/install/sdl_utils/lib/x86_64-linux-gnu/pkgconfig:/home/ros2-user/ros2_workspace/robotics-v1/install/sdl_utils/lib/pkgconfig:/home/ros2-user/ros2_workspace/robotics-v1/install/resource_utils/lib/x86_64-linux-gnu/pkgconfig:/home/ros2-user/ros2_workspace/robotics-v1/install/resource_utils/lib/pkgconfig:/home/ros2-user/ros2_workspace/robotics-v1/install/utils/lib/x86_64-linux-gnu/pkgconfig:/home/ros2-user/ros2_workspace/robotics-v1/install/utils/lib/pkgconfig:/home/ros2-user/ros2_workspace/robotics-v1/install/cmake_helpers/lib/x86_64-linux-gnu/pkgconfig:/home/ros2-user/ros2_workspace/robotics-v1/install/cmake_helpers/lib/pkgconfig PYTHONPATH=/home/ros2-user/ros2_workspace/robotics-v1/install/robo_collector_interfaces/lib/python3.8/site-packages:${PYTHONPATH} /usr/bin/cmake /home/ros2-user/ros2_workspace/robotics-v1/src/robo_collector/robo_collector_controller -DCMAKE_BUILD_TYPE=Debug -DCMAKE_CXX_COMPILER=/usr/bin/g++ -DAMENT_CMAKE_SYMLINK_INSTALL=1 -DCMAKE_INSTALL_PREFIX=/home/ros2-user/ros2_workspace/robotics-v1/install/robo_collector_controller
[13.191s] Invoking command in '/home/ros2-user/ros2_workspace/robotics-v1/build/robo_collector_controller': AMENT_PREFIX_PATH=/home/ros2-user/ros2_workspace/robotics-v1/install/robo_collector_common:/home/ros2-user/ros2_workspace/robotics-v1/install/robo_collector_interfaces:${AMENT_PREFIX_PATH} CMAKE_PREFIX_PATH=/home/ros2-user/ros2_workspace/robotics-v1/install/ros2_game_engine:/home/ros2-user/ros2_workspace/robotics-v1/install/robo_collector_common:/home/ros2-user/ros2_workspace/robotics-v1/install/robo_common:/home/ros2-user/ros2_workspace/robotics-v1/install/game_engine:/home/ros2-user/ros2_workspace/robotics-v1/install/manager_utils:/home/ros2-user/ros2_workspace/robotics-v1/install/sdl_utils:/home/ros2-user/ros2_workspace/robotics-v1/install/resource_utils:/home/ros2-user/ros2_workspace/robotics-v1/install/utils:/home/ros2-user/ros2_workspace/robotics-v1/install/robo_collector_interfaces:/home/ros2-user/ros2_workspace/robotics-v1/install/cmake_helpers:/opt/ros/foxy LD_LIBRARY_PATH=/home/ros2-user/ros2_workspace/robotics-v1/install/robo_collector_interfaces/lib:${LD_LIBRARY_PATH} PKG_CONFIG_PATH=/home/ros2-user/ros2_workspace/robotics-v1/install/ros2_game_engine/lib/x86_64-linux-gnu/pkgconfig:/home/ros2-user/ros2_workspace/robotics-v1/install/ros2_game_engine/lib/pkgconfig:/home/ros2-user/ros2_workspace/robotics-v1/install/robo_common/lib/x86_64-linux-gnu/pkgconfig:/home/ros2-user/ros2_workspace/robotics-v1/install/robo_common/lib/pkgconfig:/home/ros2-user/ros2_workspace/robotics-v1/install/game_engine/lib/x86_64-linux-gnu/pkgconfig:/home/ros2-user/ros2_workspace/robotics-v1/install/game_engine/lib/pkgconfig:/home/ros2-user/ros2_workspace/robotics-v1/install/manager_utils/lib/x86_64-linux-gnu/pkgconfig:/home/ros2-user/ros2_workspace/robotics-v1/install/manager_utils/lib/pkgconfig:/home/ros2-user/ros2_workspace/robotics-v1/install/sdl_utils/lib/x86_64-linux-gnu/pkgconfig:/home/ros2-user/ros2_workspace/robotics-v1/install/sdl_utils/lib/pkgconfig:/home/ros2-user/ros2_workspace/robotics-v1/install/resource_utils/lib/x86_64-linux-gnu/pkgconfig:/home/ros2-user/ros2_workspace/robotics-v1/install/resource_utils/lib/pkgconfig:/home/ros2-user/ros2_workspace/robotics-v1/install/utils/lib/x86_64-linux-gnu/pkgconfig:/home/ros2-user/ros2_workspace/robotics-v1/install/utils/lib/pkgconfig:/home/ros2-user/ros2_workspace/robotics-v1/install/cmake_helpers/lib/x86_64-linux-gnu/pkgconfig:/home/ros2-user/ros2_workspace/robotics-v1/install/cmake_helpers/lib/pkgconfig PYTHONPATH=/home/ros2-user/ros2_workspace/robotics-v1/install/robo_collector_interfaces/lib/python3.8/site-packages:${PYTHONPATH} /usr/bin/cmake --build /home/ros2-user/ros2_workspace/robotics-v1/build/robo_collector_controller -- -j4 -l4
[13.868s] [35m[1mScanning dependencies of target robo_collector_controller[0m
[14.205s] [  9%] [32mBuilding CXX object CMakeFiles/robo_collector_controller.dir/src/main.cpp.o[0m
[23.968s] [ 18%] [32mBuilding CXX object CMakeFiles/robo_collector_controller.dir/src/external_api/CollectorGuiExternalBridge.cpp.o[0m
[44.361s] [ 27%] [32mBuilding CXX object CMakeFiles/robo_collector_controller.dir/src/external_api/RoboCollectorControllerRos2ParamProvider.cpp.o[0m
[52.646s] [ 36%] [32mBuilding CXX object CMakeFiles/robo_collector_controller.dir/src/helpers/RoboCollectorControllerBuilder.cpp.o[0m
[57.723s] [ 45%] [32mBuilding CXX object CMakeFiles/robo_collector_controller.dir/src/helpers/RoboCollectorControllerInitHelper.cpp.o[0m
[66.481s] [ 54%] [32mBuilding CXX object CMakeFiles/robo_collector_controller.dir/src/helpers/UserAuthenticateHelper.cpp.o[0m
[67.949s] [ 63%] [32mBuilding CXX object CMakeFiles/robo_collector_controller.dir/src/layout/RoboCollectorControllerLayout.cpp.o[0m
[69.534s] [ 72%] [32mBuilding CXX object CMakeFiles/robo_collector_controller.dir/src/layout/helpers/RoboCollectorControllerLayoutInitHelper.cpp.o[0m
[71.271s] [ 81%] [32mBuilding CXX object CMakeFiles/robo_collector_controller.dir/src/config/RoboCollectorControllerConfigGenerator.cpp.o[0m
[76.782s] [ 90%] [32mBuilding CXX object CMakeFiles/robo_collector_controller.dir/src/RoboCollectorController.cpp.o[0m
[81.819s] [100%] [32m[1mLinking CXX executable robo_collector_controller[0m
[85.440s] [100%] Built target robo_collector_controller
[85.480s] Invoked command in '/home/ros2-user/ros2_workspace/robotics-v1/build/robo_collector_controller' returned '0': AMENT_PREFIX_PATH=/home/ros2-user/ros2_workspace/robotics-v1/install/robo_collector_common:/home/ros2-user/ros2_workspace/robotics-v1/install/robo_collector_interfaces:${AMENT_PREFIX_PATH} CMAKE_PREFIX_PATH=/home/ros2-user/ros2_workspace/robotics-v1/install/ros2_game_engine:/home/ros2-user/ros2_workspace/robotics-v1/install/robo_collector_common:/home/ros2-user/ros2_workspace/robotics-v1/install/robo_common:/home/ros2-user/ros2_workspace/robotics-v1/install/game_engine:/home/ros2-user/ros2_workspace/robotics-v1/install/manager_utils:/home/ros2-user/ros2_workspace/robotics-v1/install/sdl_utils:/home/ros2-user/ros2_workspace/robotics-v1/install/resource_utils:/home/ros2-user/ros2_workspace/robotics-v1/install/utils:/home/ros2-user/ros2_workspace/robotics-v1/install/robo_collector_interfaces:/home/ros2-user/ros2_workspace/robotics-v1/install/cmake_helpers:/opt/ros/foxy LD_LIBRARY_PATH=/home/ros2-user/ros2_workspace/robotics-v1/install/robo_collector_interfaces/lib:${LD_LIBRARY_PATH} PKG_CONFIG_PATH=/home/ros2-user/ros2_workspace/robotics-v1/install/ros2_game_engine/lib/x86_64-linux-gnu/pkgconfig:/home/ros2-user/ros2_workspace/robotics-v1/install/ros2_game_engine/lib/pkgconfig:/home/ros2-user/ros2_workspace/robotics-v1/install/robo_common/lib/x86_64-linux-gnu/pkgconfig:/home/ros2-user/ros2_workspace/robotics-v1/install/robo_common/lib/pkgconfig:/home/ros2-user/ros2_workspace/robotics-v1/install/game_engine/lib/x86_64-linux-gnu/pkgconfig:/home/ros2-user/ros2_workspace/robotics-v1/install/game_engine/lib/pkgconfig:/home/ros2-user/ros2_workspace/robotics-v1/install/manager_utils/lib/x86_64-linux-gnu/pkgconfig:/home/ros2-user/ros2_workspace/robotics-v1/install/manager_utils/lib/pkgconfig:/home/ros2-user/ros2_workspace/robotics-v1/install/sdl_utils/lib/x86_64-linux-gnu/pkgconfig:/home/ros2-user/ros2_workspace/robotics-v1/install/sdl_utils/lib/pkgconfig:/home/ros2-user/ros2_workspace/robotics-v1/install/resource_utils/lib/x86_64-linux-gnu/pkgconfig:/home/ros2-user/ros2_workspace/robotics-v1/install/resource_utils/lib/pkgconfig:/home/ros2-user/ros2_workspace/robotics-v1/install/utils/lib/x86_64-linux-gnu/pkgconfig:/home/ros2-user/ros2_workspace/robotics-v1/install/utils/lib/pkgconfig:/home/ros2-user/ros2_workspace/robotics-v1/install/cmake_helpers/lib/x86_64-linux-gnu/pkgconfig:/home/ros2-user/ros2_workspace/robotics-v1/install/cmake_helpers/lib/pkgconfig PYTHONPATH=/home/ros2-user/ros2_workspace/robotics-v1/install/robo_collector_interfaces/lib/python3.8/site-packages:${PYTHONPATH} /usr/bin/cmake --build /home/ros2-user/ros2_workspace/robotics-v1/build/robo_collector_controller -- -j4 -l4
[86.578s] Invoking command in '/home/ros2-user/ros2_workspace/robotics-v1/build/robo_collector_controller': AMENT_PREFIX_PATH=/home/ros2-user/ros2_workspace/robotics-v1/install/robo_collector_common:/home/ros2-user/ros2_workspace/robotics-v1/install/robo_collector_interfaces:${AMENT_PREFIX_PATH} CMAKE_PREFIX_PATH=/home/ros2-user/ros2_workspace/robotics-v1/install/ros2_game_engine:/home/ros2-user/ros2_workspace/robotics-v1/install/robo_collector_common:/home/ros2-user/ros2_workspace/robotics-v1/install/robo_common:/home/ros2-user/ros2_workspace/robotics-v1/install/game_engine:/home/ros2-user/ros2_workspace/robotics-v1/install/manager_utils:/home/ros2-user/ros2_workspace/robotics-v1/install/sdl_utils:/home/ros2-user/ros2_workspace/robotics-v1/install/resource_utils:/home/ros2-user/ros2_workspace/robotics-v1/install/utils:/home/ros2-user/ros2_workspace/robotics-v1/install/robo_collector_interfaces:/home/ros2-user/ros2_workspace/robotics-v1/install/cmake_helpers:/opt/ros/foxy LD_LIBRARY_PATH=/home/ros2-user/ros2_workspace/robotics-v1/install/robo_collector_interfaces/lib:${LD_LIBRARY_PATH} PKG_CONFIG_PATH=/home/ros2-user/ros2_workspace/robotics-v1/install/ros2_game_engine/lib/x86_64-linux-gnu/pkgconfig:/home/ros2-user/ros2_workspace/robotics-v1/install/ros2_game_engine/lib/pkgconfig:/home/ros2-user/ros2_workspace/robotics-v1/install/robo_common/lib/x86_64-linux-gnu/pkgconfig:/home/ros2-user/ros2_workspace/robotics-v1/install/robo_common/lib/pkgconfig:/home/ros2-user/ros2_workspace/robotics-v1/install/game_engine/lib/x86_64-linux-gnu/pkgconfig:/home/ros2-user/ros2_workspace/robotics-v1/install/game_engine/lib/pkgconfig:/home/ros2-user/ros2_workspace/robotics-v1/install/manager_utils/lib/x86_64-linux-gnu/pkgconfig:/home/ros2-user/ros2_workspace/robotics-v1/install/manager_utils/lib/pkgconfig:/home/ros2-user/ros2_workspace/robotics-v1/install/sdl_utils/lib/x86_64-linux-gnu/pkgconfig:/home/ros2-user/ros2_workspace/robotics-v1/install/sdl_utils/lib/pkgconfig:/home/ros2-user/ros2_workspace/robotics-v1/install/resource_utils/lib/x86_64-linux-gnu/pkgconfig:/home/ros2-user/ros2_workspace/robotics-v1/install/resource_utils/lib/pkgconfig:/home/ros2-user/ros2_workspace/robotics-v1/install/utils/lib/x86_64-linux-gnu/pkgconfig:/home/ros2-user/ros2_workspace/robotics-v1/install/utils/lib/pkgconfig:/home/ros2-user/ros2_workspace/robotics-v1/install/cmake_helpers/lib/x86_64-linux-gnu/pkgconfig:/home/ros2-user/ros2_workspace/robotics-v1/install/cmake_helpers/lib/pkgconfig PYTHONPATH=/home/ros2-user/ros2_workspace/robotics-v1/install/robo_collector_interfaces/lib/python3.8/site-packages:${PYTHONPATH} /usr/bin/cmake --install /home/ros2-user/ros2_workspace/robotics-v1/build/robo_collector_controller
[86.622s] -- Install configuration: "Debug"
[86.625s] -- Execute custom install script
[86.627s] -- Symlinking: /home/ros2-user/ros2_workspace/robotics-v1/install/robo_collector_controller/share/robo_collector_controller/package.xml
[86.664s] -- Symlinking: /home/ros2-user/ros2_workspace/robotics-v1/install/robo_collector_controller/share/robo_collector_controller//launch/launch.py
[86.692s] -- Symlinking: /home/ros2-user/ros2_workspace/robotics-v1/install/robo_collector_controller/share/robo_collector_controller//config/params.yaml
[86.730s] -- Symlinking: /home/ros2-user/ros2_workspace/robotics-v1/install/robo_collector_controller/lib/robo_collector_controller/robo_collector_controller
[86.752s] -- Symlinking: /home/ros2-user/ros2_workspace/robotics-v1/install/robo_collector_controller/share/ament_index/resource_index/packages/robo_collector_controller
[86.784s] -- Symlinking: /home/ros2-user/ros2_workspace/robotics-v1/install/robo_collector_controller/share/robo_collector_controller/hook/ament_prefix_path.dsv
[86.819s] -- Symlinking: /home/ros2-user/ros2_workspace/robotics-v1/install/robo_collector_controller/share/robo_collector_controller/hook/ros_package_path.dsv
[86.857s] -- Symlinking: /home/ros2-user/ros2_workspace/robotics-v1/install/robo_collector_controller/share/ament_index/resource_index/package_run_dependencies/robo_collector_controller
[86.899s] -- Symlinking: /home/ros2-user/ros2_workspace/robotics-v1/install/robo_collector_controller/share/ament_index/resource_index/parent_prefix_path/robo_collector_controller
[86.939s] -- Symlinking: /home/ros2-user/ros2_workspace/robotics-v1/install/robo_collector_controller/share/robo_collector_controller/environment/ament_prefix_path.sh
[86.982s] -- Symlinking: /home/ros2-user/ros2_workspace/robotics-v1/install/robo_collector_controller/share/robo_collector_controller/environment/ament_prefix_path.dsv
[87.034s] -- Symlinking: /home/ros2-user/ros2_workspace/robotics-v1/install/robo_collector_controller/share/robo_collector_controller/environment/path.sh
[87.088s] -- Symlinking: /home/ros2-user/ros2_workspace/robotics-v1/install/robo_collector_controller/share/robo_collector_controller/environment/path.dsv
[87.120s] -- Symlinking: /home/ros2-user/ros2_workspace/robotics-v1/install/robo_collector_controller/share/robo_collector_controller/local_setup.bash
[87.193s] -- Symlinking: /home/ros2-user/ros2_workspace/robotics-v1/install/robo_collector_controller/share/robo_collector_controller/local_setup.sh
[87.265s] -- Symlinking: /home/ros2-user/ros2_workspace/robotics-v1/install/robo_collector_controller/share/robo_collector_controller/local_setup.zsh
[87.286s] -- Symlinking: /home/ros2-user/ros2_workspace/robotics-v1/install/robo_collector_controller/share/robo_collector_controller/local_setup.dsv
[87.311s] -- Symlinking: /home/ros2-user/ros2_workspace/robotics-v1/install/robo_collector_controller/share/robo_collector_controller/package.dsv
[87.388s] -- Symlinking: /home/ros2-user/ros2_workspace/robotics-v1/install/robo_collector_controller/share/ament_index/resource_index/packages/robo_collector_controller
[87.412s] -- Symlinking: /home/ros2-user/ros2_workspace/robotics-v1/install/robo_collector_controller/share/robo_collector_controller/cmake/robo_collector_controllerConfig.cmake
[87.531s] -- Symlinking: /home/ros2-user/ros2_workspace/robotics-v1/install/robo_collector_controller/share/robo_collector_controller/cmake/robo_collector_controllerConfig-version.cmake
[87.586s] -- Up-to-date symlink: /home/ros2-user/ros2_workspace/robotics-v1/install/robo_collector_controller/share/robo_collector_controller/package.xml
[87.592s] -- Symlinking: /home/ros2-user/ros2_workspace/robotics-v1/install/robo_collector_controller/share/robo_collector_controller/resources//RoboCollectorController.rsrc
[87.707s] -- Symlinking: /home/ros2-user/ros2_workspace/robotics-v1/install/robo_collector_controller/share/robo_collector_controller/resources//f/vinque_rg_30.ttf
[87.836s] -- Symlinking: /home/ros2-user/ros2_workspace/robotics-v1/install/robo_collector_controller/share/robo_collector_controller/resources//generated/RoboCollectorControllerResources.h
[87.916s] -- Symlinking: /home/ros2-user/ros2_workspace/robotics-v1/install/robo_collector_controller/share/robo_collector_controller/resources//generated/RoboCollectorControllerResourcesDynamic.h
[87.977s] -- Symlinking: /home/ros2-user/ros2_workspace/robotics-v1/install/robo_collector_controller/share/robo_collector_controller/resources//generated/RoboCollectorControllerResourcesDynamicValues.h
[88.078s] -- Symlinking: /home/ros2-user/ros2_workspace/robotics-v1/install/robo_collector_controller/share/robo_collector_controller/resources//generated/fonts.bin
[88.148s] -- Symlinking: /home/ros2-user/ros2_workspace/robotics-v1/install/robo_collector_controller/share/robo_collector_controller/resources//generated/resources.bin
[88.172s] -- Symlinking: /home/ros2-user/ros2_workspace/robotics-v1/install/robo_collector_controller/share/robo_collector_controller/resources//generated/sounds.bin
[88.193s] -- Symlinking: /home/ros2-user/ros2_workspace/robotics-v1/install/robo_collector_controller/share/robo_collector_controller/resources//p/background/map.png
[88.221s] -- Symlinking: /home/ros2-user/ros2_workspace/robotics-v1/install/robo_collector_controller/share/robo_collector_controller/resources//p/buttons/help_button.png
[88.247s] -- Symlinking: /home/ros2-user/ros2_workspace/robotics-v1/install/robo_collector_controller/share/robo_collector_controller/resources//p/buttons/left_button.png
[88.275s] -- Symlinking: /home/ros2-user/ros2_workspace/robotics-v1/install/robo_collector_controller/share/robo_collector_controller/resources//p/buttons/right_button.png
[88.303s] -- Symlinking: /home/ros2-user/ros2_workspace/robotics-v1/install/robo_collector_controller/share/robo_collector_controller/resources//p/buttons/settings_button.png
[88.333s] -- Symlinking: /home/ros2-user/ros2_workspace/robotics-v1/install/robo_collector_controller/share/robo_collector_controller/resources//p/buttons/up_button.png
[88.362s] -- Symlinking: /home/ros2-user/ros2_workspace/robotics-v1/install/robo_collector_controller/share/robo_collector_controller/resources//p/icons/joystick.png
[88.465s] -- Symlinking: /home/ros2-user/ros2_workspace/robotics-v1/install/robo_collector_controller/share/robo_collector_controller/resources//p/panels/hor_delimiter.png
[88.639s] -- Symlinking: /home/ros2-user/ros2_workspace/robotics-v1/install/robo_collector_controller/share/robo_collector_controller/resources//p/panels/vert_delimiter.png
[88.718s] Invoked command in '/home/ros2-user/ros2_workspace/robotics-v1/build/robo_collector_controller' returned '0': AMENT_PREFIX_PATH=/home/ros2-user/ros2_workspace/robotics-v1/install/robo_collector_common:/home/ros2-user/ros2_workspace/robotics-v1/install/robo_collector_interfaces:${AMENT_PREFIX_PATH} CMAKE_PREFIX_PATH=/home/ros2-user/ros2_workspace/robotics-v1/install/ros2_game_engine:/home/ros2-user/ros2_workspace/robotics-v1/install/robo_collector_common:/home/ros2-user/ros2_workspace/robotics-v1/install/robo_common:/home/ros2-user/ros2_workspace/robotics-v1/install/game_engine:/home/ros2-user/ros2_workspace/robotics-v1/install/manager_utils:/home/ros2-user/ros2_workspace/robotics-v1/install/sdl_utils:/home/ros2-user/ros2_workspace/robotics-v1/install/resource_utils:/home/ros2-user/ros2_workspace/robotics-v1/install/utils:/home/ros2-user/ros2_workspace/robotics-v1/install/robo_collector_interfaces:/home/ros2-user/ros2_workspace/robotics-v1/install/cmake_helpers:/opt/ros/foxy LD_LIBRARY_PATH=/home/ros2-user/ros2_workspace/robotics-v1/install/robo_collector_interfaces/lib:${LD_LIBRARY_PATH} PKG_CONFIG_PATH=/home/ros2-user/ros2_workspace/robotics-v1/install/ros2_game_engine/lib/x86_64-linux-gnu/pkgconfig:/home/ros2-user/ros2_workspace/robotics-v1/install/ros2_game_engine/lib/pkgconfig:/home/ros2-user/ros2_workspace/robotics-v1/install/robo_common/lib/x86_64-linux-gnu/pkgconfig:/home/ros2-user/ros2_workspace/robotics-v1/install/robo_common/lib/pkgconfig:/home/ros2-user/ros2_workspace/robotics-v1/install/game_engine/lib/x86_64-linux-gnu/pkgconfig:/home/ros2-user/ros2_workspace/robotics-v1/install/game_engine/lib/pkgconfig:/home/ros2-user/ros2_workspace/robotics-v1/install/manager_utils/lib/x86_64-linux-gnu/pkgconfig:/home/ros2-user/ros2_workspace/robotics-v1/install/manager_utils/lib/pkgconfig:/home/ros2-user/ros2_workspace/robotics-v1/install/sdl_utils/lib/x86_64-linux-gnu/pkgconfig:/home/ros2-user/ros2_workspace/robotics-v1/install/sdl_utils/lib/pkgconfig:/home/ros2-user/ros2_workspace/robotics-v1/install/resource_utils/lib/x86_64-linux-gnu/pkgconfig:/home/ros2-user/ros2_workspace/robotics-v1/install/resource_utils/lib/pkgconfig:/home/ros2-user/ros2_workspace/robotics-v1/install/utils/lib/x86_64-linux-gnu/pkgconfig:/home/ros2-user/ros2_workspace/robotics-v1/install/utils/lib/pkgconfig:/home/ros2-user/ros2_workspace/robotics-v1/install/cmake_helpers/lib/x86_64-linux-gnu/pkgconfig:/home/ros2-user/ros2_workspace/robotics-v1/install/cmake_helpers/lib/pkgconfig PYTHONPATH=/home/ros2-user/ros2_workspace/robotics-v1/install/robo_collector_interfaces/lib/python3.8/site-packages:${PYTHONPATH} /usr/bin/cmake --install /home/ros2-user/ros2_workspace/robotics-v1/build/robo_collector_controller
