[0.353s] Invoking command in '/home/ros2-user/ros2_workspace/robotics-v1/build/ur_control_gui': AMENT_PREFIX_PATH=/home/ros2-user/ros2_workspace/robotics-v1/install/urscript_common:/home/ros2-user/ros2_workspace/robotics-v1/install/urscript_interfaces:/home/ros2-user/ros2_workspace/robotics-v1/install/ur_dashboard_msgs:${AMENT_PREFIX_PATH} CMAKE_PREFIX_PATH=/home/ros2-user/ros2_workspace/robotics-v1/install/ros2_game_engine:/home/ros2-user/ros2_workspace/robotics-v1/install/game_engine:/home/ros2-user/ros2_workspace/robotics-v1/install/manager_utils:/home/ros2-user/ros2_workspace/robotics-v1/install/sdl_utils:/home/ros2-user/ros2_workspace/robotics-v1/install/urscript_common:/home/ros2-user/ros2_workspace/robotics-v1/install/resource_utils:/home/ros2-user/ros2_workspace/robotics-v1/install/utils:/home/ros2-user/ros2_workspace/robotics-v1/install/urscript_interfaces:/home/ros2-user/ros2_workspace/robotics-v1/install/ur_dashboard_msgs:/home/ros2-user/ros2_workspace/robotics-v1/install/cmake_helpers:/opt/ros/foxy LD_LIBRARY_PATH=/home/ros2-user/ros2_workspace/robotics-v1/install/urscript_interfaces/lib:/home/ros2-user/ros2_workspace/robotics-v1/install/ur_dashboard_msgs/lib:${LD_LIBRARY_PATH} PKG_CONFIG_PATH=/home/ros2-user/ros2_workspace/robotics-v1/install/ros2_game_engine/lib/x86_64-linux-gnu/pkgconfig:/home/ros2-user/ros2_workspace/robotics-v1/install/ros2_game_engine/lib/pkgconfig:/home/ros2-user/ros2_workspace/robotics-v1/install/game_engine/lib/x86_64-linux-gnu/pkgconfig:/home/ros2-user/ros2_workspace/robotics-v1/install/game_engine/lib/pkgconfig:/home/ros2-user/ros2_workspace/robotics-v1/install/manager_utils/lib/x86_64-linux-gnu/pkgconfig:/home/ros2-user/ros2_workspace/robotics-v1/install/manager_utils/lib/pkgconfig:/home/ros2-user/ros2_workspace/robotics-v1/install/sdl_utils/lib/x86_64-linux-gnu/pkgconfig:/home/ros2-user/ros2_workspace/robotics-v1/install/sdl_utils/lib/pkgconfig:/home/ros2-user/ros2_workspace/robotics-v1/install/resource_utils/lib/x86_64-linux-gnu/pkgconfig:/home/ros2-user/ros2_workspace/robotics-v1/install/resource_utils/lib/pkgconfig:/home/ros2-user/ros2_workspace/robotics-v1/install/utils/lib/x86_64-linux-gnu/pkgconfig:/home/ros2-user/ros2_workspace/robotics-v1/install/utils/lib/pkgconfig:/home/ros2-user/ros2_workspace/robotics-v1/install/cmake_helpers/lib/x86_64-linux-gnu/pkgconfig:/home/ros2-user/ros2_workspace/robotics-v1/install/cmake_helpers/lib/pkgconfig PYTHONPATH=/home/ros2-user/ros2_workspace/robotics-v1/install/urscript_interfaces/lib/python3.8/site-packages:/home/ros2-user/ros2_workspace/robotics-v1/install/ur_dashboard_msgs/lib/python3.8/site-packages:${PYTHONPATH} /usr/bin/cmake /home/ros2-user/ros2_workspace/robotics-v1/src/ur_dev/ur_control_gui -DCMAKE_BUILD_TYPE=Debug -DCMAKE_CXX_COMPILER=/usr/bin/g++ -DAMENT_CMAKE_SYMLINK_INSTALL=1 -DCMAKE_INSTALL_PREFIX=/home/ros2-user/ros2_workspace/robotics-v1/install/ur_control_gui
[0.558s] -- The CXX compiler identification is GNU 9.4.0
[0.591s] -- Check for working CXX compiler: /usr/bin/g++
[1.054s] -- Check for working CXX compiler: /usr/bin/g++ -- works
[1.059s] -- Detecting CXX compiler ABI info
[1.522s] -- Detecting CXX compiler ABI info - done
[1.593s] -- Detecting CXX compile features
[1.597s] -- Detecting CXX compile features - done
[1.604s] -- Found cmake_helpers: 1.0.0 (/home/ros2-user/ros2_workspace/robotics-v1/install/cmake_helpers/share/cmake_helpers/cmake)
[1.611s] -- Found ament_cmake: 0.9.11 (/opt/ros/foxy/share/ament_cmake/cmake)
[1.705s] -- Found PythonInterp: /usr/bin/python3 (found suitable version "3.8.10", minimum required is "3") 
[1.712s] -- Using PYTHON_EXECUTABLE: /usr/bin/python3
[2.272s] -- Override CMake install command with custom implementation using symlinks instead of copying resources
[2.436s] -- Found ament_index_cpp: 1.1.0 (/opt/ros/foxy/share/ament_index_cpp/cmake)
[2.449s] -- Found rclcpp: 2.4.2 (/opt/ros/foxy/share/rclcpp/cmake)
[2.666s] -- Using all available rosidl_typesupport_c: rosidl_typesupport_fastrtps_c;rosidl_typesupport_introspection_c
[2.696s] -- Found rosidl_adapter: 1.3.0 (/opt/ros/foxy/share/rosidl_adapter/cmake)
[3.058s] -- Found OpenSSL: /usr/lib/x86_64-linux-gnu/libcrypto.so (found version "1.1.1f")  
[3.163s] -- Found FastRTPS: /opt/ros/foxy/include  
[3.418s] -- Using all available rosidl_typesupport_cpp: rosidl_typesupport_fastrtps_cpp;rosidl_typesupport_introspection_cpp
[3.625s] -- Found rmw_implementation_cmake: 1.0.3 (/opt/ros/foxy/share/rmw_implementation_cmake/cmake)
[3.631s] -- Using RMW implementation 'rmw_fastrtps_cpp' as default
[3.633s] -- Looking for C++ include pthread.h
[4.223s] -- Looking for C++ include pthread.h - found
[4.224s] -- Performing Test CMAKE_HAVE_LIBC_PTHREAD
[4.624s] -- Performing Test CMAKE_HAVE_LIBC_PTHREAD - Failed
[4.625s] -- Looking for pthread_create in pthreads
[4.885s] -- Looking for pthread_create in pthreads - not found
[4.887s] -- Looking for pthread_create in pthread
[5.305s] -- Looking for pthread_create in pthread - found
[5.311s] -- Found Threads: TRUE  
[6.074s] -- Found std_srvs: 2.0.5 (/opt/ros/foxy/share/std_srvs/cmake)
[6.671s] -- Found ur_dashboard_msgs: 0.0.0 (/home/ros2-user/ros2_workspace/robotics-v1/install/ur_dashboard_msgs/share/ur_dashboard_msgs/cmake)
[7.008s] -- Found urscript_interfaces: 1.0.0 (/home/ros2-user/ros2_workspace/robotics-v1/install/urscript_interfaces/share/urscript_interfaces/cmake)
[12.478s] -- Configuring done
[12.601s] -- Generating done
[12.610s] -- Build files have been written to: /home/ros2-user/ros2_workspace/robotics-v1/build/ur_control_gui
[12.647s] Invoked command in '/home/ros2-user/ros2_workspace/robotics-v1/build/ur_control_gui' returned '0': AMENT_PREFIX_PATH=/home/ros2-user/ros2_workspace/robotics-v1/install/urscript_common:/home/ros2-user/ros2_workspace/robotics-v1/install/urscript_interfaces:/home/ros2-user/ros2_workspace/robotics-v1/install/ur_dashboard_msgs:${AMENT_PREFIX_PATH} CMAKE_PREFIX_PATH=/home/ros2-user/ros2_workspace/robotics-v1/install/ros2_game_engine:/home/ros2-user/ros2_workspace/robotics-v1/install/game_engine:/home/ros2-user/ros2_workspace/robotics-v1/install/manager_utils:/home/ros2-user/ros2_workspace/robotics-v1/install/sdl_utils:/home/ros2-user/ros2_workspace/robotics-v1/install/urscript_common:/home/ros2-user/ros2_workspace/robotics-v1/install/resource_utils:/home/ros2-user/ros2_workspace/robotics-v1/install/utils:/home/ros2-user/ros2_workspace/robotics-v1/install/urscript_interfaces:/home/ros2-user/ros2_workspace/robotics-v1/install/ur_dashboard_msgs:/home/ros2-user/ros2_workspace/robotics-v1/install/cmake_helpers:/opt/ros/foxy LD_LIBRARY_PATH=/home/ros2-user/ros2_workspace/robotics-v1/install/urscript_interfaces/lib:/home/ros2-user/ros2_workspace/robotics-v1/install/ur_dashboard_msgs/lib:${LD_LIBRARY_PATH} PKG_CONFIG_PATH=/home/ros2-user/ros2_workspace/robotics-v1/install/ros2_game_engine/lib/x86_64-linux-gnu/pkgconfig:/home/ros2-user/ros2_workspace/robotics-v1/install/ros2_game_engine/lib/pkgconfig:/home/ros2-user/ros2_workspace/robotics-v1/install/game_engine/lib/x86_64-linux-gnu/pkgconfig:/home/ros2-user/ros2_workspace/robotics-v1/install/game_engine/lib/pkgconfig:/home/ros2-user/ros2_workspace/robotics-v1/install/manager_utils/lib/x86_64-linux-gnu/pkgconfig:/home/ros2-user/ros2_workspace/robotics-v1/install/manager_utils/lib/pkgconfig:/home/ros2-user/ros2_workspace/robotics-v1/install/sdl_utils/lib/x86_64-linux-gnu/pkgconfig:/home/ros2-user/ros2_workspace/robotics-v1/install/sdl_utils/lib/pkgconfig:/home/ros2-user/ros2_workspace/robotics-v1/install/resource_utils/lib/x86_64-linux-gnu/pkgconfig:/home/ros2-user/ros2_workspace/robotics-v1/install/resource_utils/lib/pkgconfig:/home/ros2-user/ros2_workspace/robotics-v1/install/utils/lib/x86_64-linux-gnu/pkgconfig:/home/ros2-user/ros2_workspace/robotics-v1/install/utils/lib/pkgconfig:/home/ros2-user/ros2_workspace/robotics-v1/install/cmake_helpers/lib/x86_64-linux-gnu/pkgconfig:/home/ros2-user/ros2_workspace/robotics-v1/install/cmake_helpers/lib/pkgconfig PYTHONPATH=/home/ros2-user/ros2_workspace/robotics-v1/install/urscript_interfaces/lib/python3.8/site-packages:/home/ros2-user/ros2_workspace/robotics-v1/install/ur_dashboard_msgs/lib/python3.8/site-packages:${PYTHONPATH} /usr/bin/cmake /home/ros2-user/ros2_workspace/robotics-v1/src/ur_dev/ur_control_gui -DCMAKE_BUILD_TYPE=Debug -DCMAKE_CXX_COMPILER=/usr/bin/g++ -DAMENT_CMAKE_SYMLINK_INSTALL=1 -DCMAKE_INSTALL_PREFIX=/home/ros2-user/ros2_workspace/robotics-v1/install/ur_control_gui
[12.653s] Invoking command in '/home/ros2-user/ros2_workspace/robotics-v1/build/ur_control_gui': AMENT_PREFIX_PATH=/home/ros2-user/ros2_workspace/robotics-v1/install/urscript_common:/home/ros2-user/ros2_workspace/robotics-v1/install/urscript_interfaces:/home/ros2-user/ros2_workspace/robotics-v1/install/ur_dashboard_msgs:${AMENT_PREFIX_PATH} CMAKE_PREFIX_PATH=/home/ros2-user/ros2_workspace/robotics-v1/install/ros2_game_engine:/home/ros2-user/ros2_workspace/robotics-v1/install/game_engine:/home/ros2-user/ros2_workspace/robotics-v1/install/manager_utils:/home/ros2-user/ros2_workspace/robotics-v1/install/sdl_utils:/home/ros2-user/ros2_workspace/robotics-v1/install/urscript_common:/home/ros2-user/ros2_workspace/robotics-v1/install/resource_utils:/home/ros2-user/ros2_workspace/robotics-v1/install/utils:/home/ros2-user/ros2_workspace/robotics-v1/install/urscript_interfaces:/home/ros2-user/ros2_workspace/robotics-v1/install/ur_dashboard_msgs:/home/ros2-user/ros2_workspace/robotics-v1/install/cmake_helpers:/opt/ros/foxy LD_LIBRARY_PATH=/home/ros2-user/ros2_workspace/robotics-v1/install/urscript_interfaces/lib:/home/ros2-user/ros2_workspace/robotics-v1/install/ur_dashboard_msgs/lib:${LD_LIBRARY_PATH} PKG_CONFIG_PATH=/home/ros2-user/ros2_workspace/robotics-v1/install/ros2_game_engine/lib/x86_64-linux-gnu/pkgconfig:/home/ros2-user/ros2_workspace/robotics-v1/install/ros2_game_engine/lib/pkgconfig:/home/ros2-user/ros2_workspace/robotics-v1/install/game_engine/lib/x86_64-linux-gnu/pkgconfig:/home/ros2-user/ros2_workspace/robotics-v1/install/game_engine/lib/pkgconfig:/home/ros2-user/ros2_workspace/robotics-v1/install/manager_utils/lib/x86_64-linux-gnu/pkgconfig:/home/ros2-user/ros2_workspace/robotics-v1/install/manager_utils/lib/pkgconfig:/home/ros2-user/ros2_workspace/robotics-v1/install/sdl_utils/lib/x86_64-linux-gnu/pkgconfig:/home/ros2-user/ros2_workspace/robotics-v1/install/sdl_utils/lib/pkgconfig:/home/ros2-user/ros2_workspace/robotics-v1/install/resource_utils/lib/x86_64-linux-gnu/pkgconfig:/home/ros2-user/ros2_workspace/robotics-v1/install/resource_utils/lib/pkgconfig:/home/ros2-user/ros2_workspace/robotics-v1/install/utils/lib/x86_64-linux-gnu/pkgconfig:/home/ros2-user/ros2_workspace/robotics-v1/install/utils/lib/pkgconfig:/home/ros2-user/ros2_workspace/robotics-v1/install/cmake_helpers/lib/x86_64-linux-gnu/pkgconfig:/home/ros2-user/ros2_workspace/robotics-v1/install/cmake_helpers/lib/pkgconfig PYTHONPATH=/home/ros2-user/ros2_workspace/robotics-v1/install/urscript_interfaces/lib/python3.8/site-packages:/home/ros2-user/ros2_workspace/robotics-v1/install/ur_dashboard_msgs/lib/python3.8/site-packages:${PYTHONPATH} /usr/bin/cmake --build /home/ros2-user/ros2_workspace/robotics-v1/build/ur_control_gui -- -j4 -l4
[12.995s] [35m[1mScanning dependencies of target ur_control_gui[0m
[13.432s] [  5%] [32mBuilding CXX object CMakeFiles/ur_control_gui.dir/src/main.cpp.o[0m
[19.949s] [ 11%] [32mBuilding CXX object CMakeFiles/ur_control_gui.dir/src/external_api/UrControlGuiExternalBridge.cpp.o[0m
[41.182s] [ 17%] [32mBuilding CXX object CMakeFiles/ur_control_gui.dir/src/external_api/UrControlGuiRos2ParamProvider.cpp.o[0m
[45.525s] [ 23%] [32mBuilding CXX object CMakeFiles/ur_control_gui.dir/src/external_api/DashboardProvider.cpp.o[0m
[54.254s] [ 29%] [32mBuilding CXX object CMakeFiles/ur_control_gui.dir/src/helpers/UrControlGuiBuilder.cpp.o[0m
[56.947s] [ 35%] [32mBuilding CXX object CMakeFiles/ur_control_gui.dir/src/helpers/UrControlGuiInitHelper.cpp.o[0m
[59.575s] [ 41%] [32mBuilding CXX object CMakeFiles/ur_control_gui.dir/src/helpers/ScriptParser.cpp.o[0m
[60.469s] [ 47%] [32mBuilding CXX object CMakeFiles/ur_control_gui.dir/src/layout/UrControlGuiLayout.cpp.o[0m
[61.232s] [ 52%] [32mBuilding CXX object CMakeFiles/ur_control_gui.dir/src/layout/helpers/UrControlGuiLayoutInitHelper.cpp.o[0m
[61.867s] [ 58%] [32mBuilding CXX object CMakeFiles/ur_control_gui.dir/src/layout/entities/robot/SafetyModeVisuals.cpp.o[0m
[62.255s] [ 64%] [32mBuilding CXX object CMakeFiles/ur_control_gui.dir/src/layout/entities/buttons/ButtonHandler.cpp.o[0m
[62.876s] [ 70%] [32mBuilding CXX object CMakeFiles/ur_control_gui.dir/src/layout/entities/buttons/CommandButton.cpp.o[0m
[63.212s] [ 76%] [32mBuilding CXX object CMakeFiles/ur_control_gui.dir/src/layout/entities/buttons/UrScriptButton.cpp.o[0m
[63.773s] [ 82%] [32mBuilding CXX object CMakeFiles/ur_control_gui.dir/src/layout/entities/buttons/DashboardButton.cpp.o[0m
[64.480s] [ 88%] [32mBuilding CXX object CMakeFiles/ur_control_gui.dir/src/config/UrControlGuiConfigGenerator.cpp.o[0m
[67.153s] [ 94%] [32mBuilding CXX object CMakeFiles/ur_control_gui.dir/src/UrControlGui.cpp.o[0m
[69.214s] [100%] [32m[1mLinking CXX executable ur_control_gui[0m
[70.879s] [100%] Built target ur_control_gui
[70.898s] Invoked command in '/home/ros2-user/ros2_workspace/robotics-v1/build/ur_control_gui' returned '0': AMENT_PREFIX_PATH=/home/ros2-user/ros2_workspace/robotics-v1/install/urscript_common:/home/ros2-user/ros2_workspace/robotics-v1/install/urscript_interfaces:/home/ros2-user/ros2_workspace/robotics-v1/install/ur_dashboard_msgs:${AMENT_PREFIX_PATH} CMAKE_PREFIX_PATH=/home/ros2-user/ros2_workspace/robotics-v1/install/ros2_game_engine:/home/ros2-user/ros2_workspace/robotics-v1/install/game_engine:/home/ros2-user/ros2_workspace/robotics-v1/install/manager_utils:/home/ros2-user/ros2_workspace/robotics-v1/install/sdl_utils:/home/ros2-user/ros2_workspace/robotics-v1/install/urscript_common:/home/ros2-user/ros2_workspace/robotics-v1/install/resource_utils:/home/ros2-user/ros2_workspace/robotics-v1/install/utils:/home/ros2-user/ros2_workspace/robotics-v1/install/urscript_interfaces:/home/ros2-user/ros2_workspace/robotics-v1/install/ur_dashboard_msgs:/home/ros2-user/ros2_workspace/robotics-v1/install/cmake_helpers:/opt/ros/foxy LD_LIBRARY_PATH=/home/ros2-user/ros2_workspace/robotics-v1/install/urscript_interfaces/lib:/home/ros2-user/ros2_workspace/robotics-v1/install/ur_dashboard_msgs/lib:${LD_LIBRARY_PATH} PKG_CONFIG_PATH=/home/ros2-user/ros2_workspace/robotics-v1/install/ros2_game_engine/lib/x86_64-linux-gnu/pkgconfig:/home/ros2-user/ros2_workspace/robotics-v1/install/ros2_game_engine/lib/pkgconfig:/home/ros2-user/ros2_workspace/robotics-v1/install/game_engine/lib/x86_64-linux-gnu/pkgconfig:/home/ros2-user/ros2_workspace/robotics-v1/install/game_engine/lib/pkgconfig:/home/ros2-user/ros2_workspace/robotics-v1/install/manager_utils/lib/x86_64-linux-gnu/pkgconfig:/home/ros2-user/ros2_workspace/robotics-v1/install/manager_utils/lib/pkgconfig:/home/ros2-user/ros2_workspace/robotics-v1/install/sdl_utils/lib/x86_64-linux-gnu/pkgconfig:/home/ros2-user/ros2_workspace/robotics-v1/install/sdl_utils/lib/pkgconfig:/home/ros2-user/ros2_workspace/robotics-v1/install/resource_utils/lib/x86_64-linux-gnu/pkgconfig:/home/ros2-user/ros2_workspace/robotics-v1/install/resource_utils/lib/pkgconfig:/home/ros2-user/ros2_workspace/robotics-v1/install/utils/lib/x86_64-linux-gnu/pkgconfig:/home/ros2-user/ros2_workspace/robotics-v1/install/utils/lib/pkgconfig:/home/ros2-user/ros2_workspace/robotics-v1/install/cmake_helpers/lib/x86_64-linux-gnu/pkgconfig:/home/ros2-user/ros2_workspace/robotics-v1/install/cmake_helpers/lib/pkgconfig PYTHONPATH=/home/ros2-user/ros2_workspace/robotics-v1/install/urscript_interfaces/lib/python3.8/site-packages:/home/ros2-user/ros2_workspace/robotics-v1/install/ur_dashboard_msgs/lib/python3.8/site-packages:${PYTHONPATH} /usr/bin/cmake --build /home/ros2-user/ros2_workspace/robotics-v1/build/ur_control_gui -- -j4 -l4
[70.988s] Invoking command in '/home/ros2-user/ros2_workspace/robotics-v1/build/ur_control_gui': AMENT_PREFIX_PATH=/home/ros2-user/ros2_workspace/robotics-v1/install/urscript_common:/home/ros2-user/ros2_workspace/robotics-v1/install/urscript_interfaces:/home/ros2-user/ros2_workspace/robotics-v1/install/ur_dashboard_msgs:${AMENT_PREFIX_PATH} CMAKE_PREFIX_PATH=/home/ros2-user/ros2_workspace/robotics-v1/install/ros2_game_engine:/home/ros2-user/ros2_workspace/robotics-v1/install/game_engine:/home/ros2-user/ros2_workspace/robotics-v1/install/manager_utils:/home/ros2-user/ros2_workspace/robotics-v1/install/sdl_utils:/home/ros2-user/ros2_workspace/robotics-v1/install/urscript_common:/home/ros2-user/ros2_workspace/robotics-v1/install/resource_utils:/home/ros2-user/ros2_workspace/robotics-v1/install/utils:/home/ros2-user/ros2_workspace/robotics-v1/install/urscript_interfaces:/home/ros2-user/ros2_workspace/robotics-v1/install/ur_dashboard_msgs:/home/ros2-user/ros2_workspace/robotics-v1/install/cmake_helpers:/opt/ros/foxy LD_LIBRARY_PATH=/home/ros2-user/ros2_workspace/robotics-v1/install/urscript_interfaces/lib:/home/ros2-user/ros2_workspace/robotics-v1/install/ur_dashboard_msgs/lib:${LD_LIBRARY_PATH} PKG_CONFIG_PATH=/home/ros2-user/ros2_workspace/robotics-v1/install/ros2_game_engine/lib/x86_64-linux-gnu/pkgconfig:/home/ros2-user/ros2_workspace/robotics-v1/install/ros2_game_engine/lib/pkgconfig:/home/ros2-user/ros2_workspace/robotics-v1/install/game_engine/lib/x86_64-linux-gnu/pkgconfig:/home/ros2-user/ros2_workspace/robotics-v1/install/game_engine/lib/pkgconfig:/home/ros2-user/ros2_workspace/robotics-v1/install/manager_utils/lib/x86_64-linux-gnu/pkgconfig:/home/ros2-user/ros2_workspace/robotics-v1/install/manager_utils/lib/pkgconfig:/home/ros2-user/ros2_workspace/robotics-v1/install/sdl_utils/lib/x86_64-linux-gnu/pkgconfig:/home/ros2-user/ros2_workspace/robotics-v1/install/sdl_utils/lib/pkgconfig:/home/ros2-user/ros2_workspace/robotics-v1/install/resource_utils/lib/x86_64-linux-gnu/pkgconfig:/home/ros2-user/ros2_workspace/robotics-v1/install/resource_utils/lib/pkgconfig:/home/ros2-user/ros2_workspace/robotics-v1/install/utils/lib/x86_64-linux-gnu/pkgconfig:/home/ros2-user/ros2_workspace/robotics-v1/install/utils/lib/pkgconfig:/home/ros2-user/ros2_workspace/robotics-v1/install/cmake_helpers/lib/x86_64-linux-gnu/pkgconfig:/home/ros2-user/ros2_workspace/robotics-v1/install/cmake_helpers/lib/pkgconfig PYTHONPATH=/home/ros2-user/ros2_workspace/robotics-v1/install/urscript_interfaces/lib/python3.8/site-packages:/home/ros2-user/ros2_workspace/robotics-v1/install/ur_dashboard_msgs/lib/python3.8/site-packages:${PYTHONPATH} /usr/bin/cmake --install /home/ros2-user/ros2_workspace/robotics-v1/build/ur_control_gui
[71.001s] -- Install configuration: "Debug"
[71.004s] -- Execute custom install script
[71.004s] -- Symlinking: /home/ros2-user/ros2_workspace/robotics-v1/install/ur_control_gui/share/ur_control_gui/package.xml
[71.017s] -- Symlinking: /home/ros2-user/ros2_workspace/robotics-v1/install/ur_control_gui/share/ur_control_gui//launch/launch.py
[71.029s] -- Symlinking: /home/ros2-user/ros2_workspace/robotics-v1/install/ur_control_gui/share/ur_control_gui//config/params.yaml
[71.041s] -- Symlinking: /home/ros2-user/ros2_workspace/robotics-v1/install/ur_control_gui/lib/ur_control_gui/ur_control_gui
[71.055s] -- Symlinking: /home/ros2-user/ros2_workspace/robotics-v1/install/ur_control_gui/share/ament_index/resource_index/packages/ur_control_gui
[71.066s] -- Symlinking: /home/ros2-user/ros2_workspace/robotics-v1/install/ur_control_gui/share/ur_control_gui/hook/ament_prefix_path.dsv
[71.077s] -- Symlinking: /home/ros2-user/ros2_workspace/robotics-v1/install/ur_control_gui/share/ur_control_gui/hook/ros_package_path.dsv
[71.093s] -- Symlinking: /home/ros2-user/ros2_workspace/robotics-v1/install/ur_control_gui/share/ament_index/resource_index/package_run_dependencies/ur_control_gui
[71.107s] -- Symlinking: /home/ros2-user/ros2_workspace/robotics-v1/install/ur_control_gui/share/ament_index/resource_index/parent_prefix_path/ur_control_gui
[71.120s] -- Symlinking: /home/ros2-user/ros2_workspace/robotics-v1/install/ur_control_gui/share/ur_control_gui/environment/ament_prefix_path.sh
[71.132s] -- Symlinking: /home/ros2-user/ros2_workspace/robotics-v1/install/ur_control_gui/share/ur_control_gui/environment/ament_prefix_path.dsv
[71.143s] -- Symlinking: /home/ros2-user/ros2_workspace/robotics-v1/install/ur_control_gui/share/ur_control_gui/environment/path.sh
[71.157s] -- Symlinking: /home/ros2-user/ros2_workspace/robotics-v1/install/ur_control_gui/share/ur_control_gui/environment/path.dsv
[71.168s] -- Symlinking: /home/ros2-user/ros2_workspace/robotics-v1/install/ur_control_gui/share/ur_control_gui/local_setup.bash
[71.181s] -- Symlinking: /home/ros2-user/ros2_workspace/robotics-v1/install/ur_control_gui/share/ur_control_gui/local_setup.sh
[71.193s] -- Symlinking: /home/ros2-user/ros2_workspace/robotics-v1/install/ur_control_gui/share/ur_control_gui/local_setup.zsh
[71.205s] -- Symlinking: /home/ros2-user/ros2_workspace/robotics-v1/install/ur_control_gui/share/ur_control_gui/local_setup.dsv
[71.217s] -- Symlinking: /home/ros2-user/ros2_workspace/robotics-v1/install/ur_control_gui/share/ur_control_gui/package.dsv
[71.229s] -- Symlinking: /home/ros2-user/ros2_workspace/robotics-v1/install/ur_control_gui/share/ament_index/resource_index/packages/ur_control_gui
[71.243s] -- Symlinking: /home/ros2-user/ros2_workspace/robotics-v1/install/ur_control_gui/share/ur_control_gui/cmake/ur_control_guiConfig.cmake
[71.256s] -- Symlinking: /home/ros2-user/ros2_workspace/robotics-v1/install/ur_control_gui/share/ur_control_gui/cmake/ur_control_guiConfig-version.cmake
[71.271s] -- Up-to-date symlink: /home/ros2-user/ros2_workspace/robotics-v1/install/ur_control_gui/share/ur_control_gui/package.xml
[71.272s] -- Symlinking: /home/ros2-user/ros2_workspace/robotics-v1/install/ur_control_gui/share/ur_control_gui/resources//UrControlGui.rsrc
[71.283s] -- Symlinking: /home/ros2-user/ros2_workspace/robotics-v1/install/ur_control_gui/share/ur_control_gui/resources//f/vinque_rg_30.ttf
[71.295s] -- Symlinking: /home/ros2-user/ros2_workspace/robotics-v1/install/ur_control_gui/share/ur_control_gui/resources//f/vinque_rg_45.ttf
[71.307s] -- Symlinking: /home/ros2-user/ros2_workspace/robotics-v1/install/ur_control_gui/share/ur_control_gui/resources//generated/UrControlGuiResources.h
[71.318s] -- Symlinking: /home/ros2-user/ros2_workspace/robotics-v1/install/ur_control_gui/share/ur_control_gui/resources//generated/UrControlGuiResourcesDynamic.h
[71.330s] -- Symlinking: /home/ros2-user/ros2_workspace/robotics-v1/install/ur_control_gui/share/ur_control_gui/resources//generated/UrControlGuiResourcesDynamicValues.h
[71.342s] -- Symlinking: /home/ros2-user/ros2_workspace/robotics-v1/install/ur_control_gui/share/ur_control_gui/resources//generated/fonts.bin
[71.356s] -- Symlinking: /home/ros2-user/ros2_workspace/robotics-v1/install/ur_control_gui/share/ur_control_gui/resources//generated/resources.bin
[71.368s] -- Symlinking: /home/ros2-user/ros2_workspace/robotics-v1/install/ur_control_gui/share/ur_control_gui/resources//generated/sounds.bin
[71.380s] -- Symlinking: /home/ros2-user/ros2_workspace/robotics-v1/install/ur_control_gui/share/ur_control_gui/resources//p/background/background.png
[71.391s] -- Symlinking: /home/ros2-user/ros2_workspace/robotics-v1/install/ur_control_gui/share/ur_control_gui/resources//p/background/ur.jpg
[71.402s] -- Symlinking: /home/ros2-user/ros2_workspace/robotics-v1/install/ur_control_gui/share/ur_control_gui/resources//p/buttons/help_button.png
[71.414s] -- Symlinking: /home/ros2-user/ros2_workspace/robotics-v1/install/ur_control_gui/share/ur_control_gui/resources//p/buttons/left_button.png
[71.425s] -- Symlinking: /home/ros2-user/ros2_workspace/robotics-v1/install/ur_control_gui/share/ur_control_gui/resources//p/buttons/right_button.png
[71.436s] -- Symlinking: /home/ros2-user/ros2_workspace/robotics-v1/install/ur_control_gui/share/ur_control_gui/resources//p/buttons/settings_button.png
[71.449s] -- Symlinking: /home/ros2-user/ros2_workspace/robotics-v1/install/ur_control_gui/share/ur_control_gui/resources//p/buttons/up_button.png
[71.461s] -- Symlinking: /home/ros2-user/ros2_workspace/robotics-v1/install/ur_control_gui/share/ur_control_gui/resources//p/icons/UR_logo.png
[71.472s] -- Symlinking: /home/ros2-user/ros2_workspace/robotics-v1/install/ur_control_gui/share/ur_control_gui/resources//scripts/command00.script
[71.484s] -- Symlinking: /home/ros2-user/ros2_workspace/robotics-v1/install/ur_control_gui/share/ur_control_gui/resources//scripts/command01.script
[71.495s] -- Symlinking: /home/ros2-user/ros2_workspace/robotics-v1/install/ur_control_gui/share/ur_control_gui/resources//scripts/command02.script
[71.507s] -- Symlinking: /home/ros2-user/ros2_workspace/robotics-v1/install/ur_control_gui/share/ur_control_gui/resources//scripts/command03.script
[71.518s] -- Symlinking: /home/ros2-user/ros2_workspace/robotics-v1/install/ur_control_gui/share/ur_control_gui/resources//scripts/command04.script
[71.529s] -- Symlinking: /home/ros2-user/ros2_workspace/robotics-v1/install/ur_control_gui/share/ur_control_gui/resources//scripts/command05.script
[71.541s] -- Symlinking: /home/ros2-user/ros2_workspace/robotics-v1/install/ur_control_gui/share/ur_control_gui/resources//scripts/command06.script
[71.552s] -- Symlinking: /home/ros2-user/ros2_workspace/robotics-v1/install/ur_control_gui/share/ur_control_gui/resources//scripts/command07.script
[71.564s] -- Symlinking: /home/ros2-user/ros2_workspace/robotics-v1/install/ur_control_gui/share/ur_control_gui/resources//scripts/command08.script
[71.583s] -- Symlinking: /home/ros2-user/ros2_workspace/robotics-v1/install/ur_control_gui/share/ur_control_gui/resources//scripts/command09.script
[71.594s] -- Symlinking: /home/ros2-user/ros2_workspace/robotics-v1/install/ur_control_gui/share/ur_control_gui/resources//scripts/command10.script
[71.625s] Invoked command in '/home/ros2-user/ros2_workspace/robotics-v1/build/ur_control_gui' returned '0': AMENT_PREFIX_PATH=/home/ros2-user/ros2_workspace/robotics-v1/install/urscript_common:/home/ros2-user/ros2_workspace/robotics-v1/install/urscript_interfaces:/home/ros2-user/ros2_workspace/robotics-v1/install/ur_dashboard_msgs:${AMENT_PREFIX_PATH} CMAKE_PREFIX_PATH=/home/ros2-user/ros2_workspace/robotics-v1/install/ros2_game_engine:/home/ros2-user/ros2_workspace/robotics-v1/install/game_engine:/home/ros2-user/ros2_workspace/robotics-v1/install/manager_utils:/home/ros2-user/ros2_workspace/robotics-v1/install/sdl_utils:/home/ros2-user/ros2_workspace/robotics-v1/install/urscript_common:/home/ros2-user/ros2_workspace/robotics-v1/install/resource_utils:/home/ros2-user/ros2_workspace/robotics-v1/install/utils:/home/ros2-user/ros2_workspace/robotics-v1/install/urscript_interfaces:/home/ros2-user/ros2_workspace/robotics-v1/install/ur_dashboard_msgs:/home/ros2-user/ros2_workspace/robotics-v1/install/cmake_helpers:/opt/ros/foxy LD_LIBRARY_PATH=/home/ros2-user/ros2_workspace/robotics-v1/install/urscript_interfaces/lib:/home/ros2-user/ros2_workspace/robotics-v1/install/ur_dashboard_msgs/lib:${LD_LIBRARY_PATH} PKG_CONFIG_PATH=/home/ros2-user/ros2_workspace/robotics-v1/install/ros2_game_engine/lib/x86_64-linux-gnu/pkgconfig:/home/ros2-user/ros2_workspace/robotics-v1/install/ros2_game_engine/lib/pkgconfig:/home/ros2-user/ros2_workspace/robotics-v1/install/game_engine/lib/x86_64-linux-gnu/pkgconfig:/home/ros2-user/ros2_workspace/robotics-v1/install/game_engine/lib/pkgconfig:/home/ros2-user/ros2_workspace/robotics-v1/install/manager_utils/lib/x86_64-linux-gnu/pkgconfig:/home/ros2-user/ros2_workspace/robotics-v1/install/manager_utils/lib/pkgconfig:/home/ros2-user/ros2_workspace/robotics-v1/install/sdl_utils/lib/x86_64-linux-gnu/pkgconfig:/home/ros2-user/ros2_workspace/robotics-v1/install/sdl_utils/lib/pkgconfig:/home/ros2-user/ros2_workspace/robotics-v1/install/resource_utils/lib/x86_64-linux-gnu/pkgconfig:/home/ros2-user/ros2_workspace/robotics-v1/install/resource_utils/lib/pkgconfig:/home/ros2-user/ros2_workspace/robotics-v1/install/utils/lib/x86_64-linux-gnu/pkgconfig:/home/ros2-user/ros2_workspace/robotics-v1/install/utils/lib/pkgconfig:/home/ros2-user/ros2_workspace/robotics-v1/install/cmake_helpers/lib/x86_64-linux-gnu/pkgconfig:/home/ros2-user/ros2_workspace/robotics-v1/install/cmake_helpers/lib/pkgconfig PYTHONPATH=/home/ros2-user/ros2_workspace/robotics-v1/install/urscript_interfaces/lib/python3.8/site-packages:/home/ros2-user/ros2_workspace/robotics-v1/install/ur_dashboard_msgs/lib/python3.8/site-packages:${PYTHONPATH} /usr/bin/cmake --install /home/ros2-user/ros2_workspace/robotics-v1/build/ur_control_gui
