[0.044s] Invoking command in '/home/ros2-user/ros2_workspace/robotics-v1/build/robo_collector_gui': AMENT_PREFIX_PATH=/home/ros2-user/ros2_workspace/robotics-v1/install/robo_collector_common:/home/ros2-user/ros2_workspace/robotics-v1/install/robo_collector_interfaces:${AMENT_PREFIX_PATH} CMAKE_PREFIX_PATH=/home/ros2-user/ros2_workspace/robotics-v1/install/ros2_game_engine:/home/ros2-user/ros2_workspace/robotics-v1/install/robo_collector_common:/home/ros2-user/ros2_workspace/robotics-v1/install/robo_common:/home/ros2-user/ros2_workspace/robotics-v1/install/game_engine:/home/ros2-user/ros2_workspace/robotics-v1/install/manager_utils:/home/ros2-user/ros2_workspace/robotics-v1/install/sdl_utils:/home/ros2-user/ros2_workspace/robotics-v1/install/resource_utils:/home/ros2-user/ros2_workspace/robotics-v1/install/utils:/home/ros2-user/ros2_workspace/robotics-v1/install/robo_collector_interfaces:/home/ros2-user/ros2_workspace/robotics-v1/install/cmake_helpers:/opt/ros/foxy LD_LIBRARY_PATH=/home/ros2-user/ros2_workspace/robotics-v1/install/robo_collector_interfaces/lib:${LD_LIBRARY_PATH} PKG_CONFIG_PATH=/home/ros2-user/ros2_workspace/robotics-v1/install/ros2_game_engine/lib/x86_64-linux-gnu/pkgconfig:/home/ros2-user/ros2_workspace/robotics-v1/install/ros2_game_engine/lib/pkgconfig:/home/ros2-user/ros2_workspace/robotics-v1/install/robo_common/lib/x86_64-linux-gnu/pkgconfig:/home/ros2-user/ros2_workspace/robotics-v1/install/robo_common/lib/pkgconfig:/home/ros2-user/ros2_workspace/robotics-v1/install/game_engine/lib/x86_64-linux-gnu/pkgconfig:/home/ros2-user/ros2_workspace/robotics-v1/install/game_engine/lib/pkgconfig:/home/ros2-user/ros2_workspace/robotics-v1/install/manager_utils/lib/x86_64-linux-gnu/pkgconfig:/home/ros2-user/ros2_workspace/robotics-v1/install/manager_utils/lib/pkgconfig:/home/ros2-user/ros2_workspace/robotics-v1/install/sdl_utils/lib/x86_64-linux-gnu/pkgconfig:/home/ros2-user/ros2_workspace/robotics-v1/install/sdl_utils/lib/pkgconfig:/home/ros2-user/ros2_workspace/robotics-v1/install/resource_utils/lib/x86_64-linux-gnu/pkgconfig:/home/ros2-user/ros2_workspace/robotics-v1/install/resource_utils/lib/pkgconfig:/home/ros2-user/ros2_workspace/robotics-v1/install/utils/lib/x86_64-linux-gnu/pkgconfig:/home/ros2-user/ros2_workspace/robotics-v1/install/utils/lib/pkgconfig:/home/ros2-user/ros2_workspace/robotics-v1/install/cmake_helpers/lib/x86_64-linux-gnu/pkgconfig:/home/ros2-user/ros2_workspace/robotics-v1/install/cmake_helpers/lib/pkgconfig PYTHONPATH=/home/ros2-user/ros2_workspace/robotics-v1/install/robo_collector_interfaces/lib/python3.8/site-packages:${PYTHONPATH} /usr/bin/cmake /home/ros2-user/ros2_workspace/robotics-v1/src/robo_collector/robo_collector_gui -DCMAKE_INSTALL_PREFIX=/home/ros2-user/ros2_workspace/robotics-v1/install/robo_collector_gui
[0.068s] -- Found cmake_helpers: 1.0.0 (/home/ros2-user/ros2_workspace/robotics-v1/install/cmake_helpers/share/cmake_helpers/cmake)
[0.068s] -- Found ament_cmake: 0.9.11 (/opt/ros/foxy/share/ament_cmake/cmake)
[0.105s] -- Using PYTHON_EXECUTABLE: /usr/bin/python3
[0.352s] -- Override CMake install command with custom implementation using symlinks instead of copying resources
[0.366s] -- Found ament_index_cpp: 1.1.0 (/opt/ros/foxy/share/ament_index_cpp/cmake)
[0.375s] -- Found rclcpp: 2.4.2 (/opt/ros/foxy/share/rclcpp/cmake)
[0.447s] -- Using all available rosidl_typesupport_c: rosidl_typesupport_fastrtps_c;rosidl_typesupport_introspection_c
[0.451s] -- Found rosidl_adapter: 1.3.0 (/opt/ros/foxy/share/rosidl_adapter/cmake)
[0.711s] -- Using all available rosidl_typesupport_cpp: rosidl_typesupport_fastrtps_cpp;rosidl_typesupport_introspection_cpp
[0.810s] -- Found rmw_implementation_cmake: 1.0.3 (/opt/ros/foxy/share/rmw_implementation_cmake/cmake)
[0.812s] -- Using RMW implementation 'rmw_fastrtps_cpp' as default
[0.971s] -- Found robo_collector_interfaces: 1.0.0 (/home/ros2-user/ros2_workspace/robotics-v1/install/robo_collector_interfaces/share/robo_collector_interfaces/cmake)
[7.243s] -- Configuring done
[7.351s] -- Generating done
[7.380s] -- Build files have been written to: /home/ros2-user/ros2_workspace/robotics-v1/build/robo_collector_gui
[7.415s] Invoked command in '/home/ros2-user/ros2_workspace/robotics-v1/build/robo_collector_gui' returned '0': AMENT_PREFIX_PATH=/home/ros2-user/ros2_workspace/robotics-v1/install/robo_collector_common:/home/ros2-user/ros2_workspace/robotics-v1/install/robo_collector_interfaces:${AMENT_PREFIX_PATH} CMAKE_PREFIX_PATH=/home/ros2-user/ros2_workspace/robotics-v1/install/ros2_game_engine:/home/ros2-user/ros2_workspace/robotics-v1/install/robo_collector_common:/home/ros2-user/ros2_workspace/robotics-v1/install/robo_common:/home/ros2-user/ros2_workspace/robotics-v1/install/game_engine:/home/ros2-user/ros2_workspace/robotics-v1/install/manager_utils:/home/ros2-user/ros2_workspace/robotics-v1/install/sdl_utils:/home/ros2-user/ros2_workspace/robotics-v1/install/resource_utils:/home/ros2-user/ros2_workspace/robotics-v1/install/utils:/home/ros2-user/ros2_workspace/robotics-v1/install/robo_collector_interfaces:/home/ros2-user/ros2_workspace/robotics-v1/install/cmake_helpers:/opt/ros/foxy LD_LIBRARY_PATH=/home/ros2-user/ros2_workspace/robotics-v1/install/robo_collector_interfaces/lib:${LD_LIBRARY_PATH} PKG_CONFIG_PATH=/home/ros2-user/ros2_workspace/robotics-v1/install/ros2_game_engine/lib/x86_64-linux-gnu/pkgconfig:/home/ros2-user/ros2_workspace/robotics-v1/install/ros2_game_engine/lib/pkgconfig:/home/ros2-user/ros2_workspace/robotics-v1/install/robo_common/lib/x86_64-linux-gnu/pkgconfig:/home/ros2-user/ros2_workspace/robotics-v1/install/robo_common/lib/pkgconfig:/home/ros2-user/ros2_workspace/robotics-v1/install/game_engine/lib/x86_64-linux-gnu/pkgconfig:/home/ros2-user/ros2_workspace/robotics-v1/install/game_engine/lib/pkgconfig:/home/ros2-user/ros2_workspace/robotics-v1/install/manager_utils/lib/x86_64-linux-gnu/pkgconfig:/home/ros2-user/ros2_workspace/robotics-v1/install/manager_utils/lib/pkgconfig:/home/ros2-user/ros2_workspace/robotics-v1/install/sdl_utils/lib/x86_64-linux-gnu/pkgconfig:/home/ros2-user/ros2_workspace/robotics-v1/install/sdl_utils/lib/pkgconfig:/home/ros2-user/ros2_workspace/robotics-v1/install/resource_utils/lib/x86_64-linux-gnu/pkgconfig:/home/ros2-user/ros2_workspace/robotics-v1/install/resource_utils/lib/pkgconfig:/home/ros2-user/ros2_workspace/robotics-v1/install/utils/lib/x86_64-linux-gnu/pkgconfig:/home/ros2-user/ros2_workspace/robotics-v1/install/utils/lib/pkgconfig:/home/ros2-user/ros2_workspace/robotics-v1/install/cmake_helpers/lib/x86_64-linux-gnu/pkgconfig:/home/ros2-user/ros2_workspace/robotics-v1/install/cmake_helpers/lib/pkgconfig PYTHONPATH=/home/ros2-user/ros2_workspace/robotics-v1/install/robo_collector_interfaces/lib/python3.8/site-packages:${PYTHONPATH} /usr/bin/cmake /home/ros2-user/ros2_workspace/robotics-v1/src/robo_collector/robo_collector_gui -DCMAKE_INSTALL_PREFIX=/home/ros2-user/ros2_workspace/robotics-v1/install/robo_collector_gui
[7.425s] Invoking command in '/home/ros2-user/ros2_workspace/robotics-v1/build/robo_collector_gui': AMENT_PREFIX_PATH=/home/ros2-user/ros2_workspace/robotics-v1/install/robo_collector_common:/home/ros2-user/ros2_workspace/robotics-v1/install/robo_collector_interfaces:${AMENT_PREFIX_PATH} CMAKE_PREFIX_PATH=/home/ros2-user/ros2_workspace/robotics-v1/install/ros2_game_engine:/home/ros2-user/ros2_workspace/robotics-v1/install/robo_collector_common:/home/ros2-user/ros2_workspace/robotics-v1/install/robo_common:/home/ros2-user/ros2_workspace/robotics-v1/install/game_engine:/home/ros2-user/ros2_workspace/robotics-v1/install/manager_utils:/home/ros2-user/ros2_workspace/robotics-v1/install/sdl_utils:/home/ros2-user/ros2_workspace/robotics-v1/install/resource_utils:/home/ros2-user/ros2_workspace/robotics-v1/install/utils:/home/ros2-user/ros2_workspace/robotics-v1/install/robo_collector_interfaces:/home/ros2-user/ros2_workspace/robotics-v1/install/cmake_helpers:/opt/ros/foxy LD_LIBRARY_PATH=/home/ros2-user/ros2_workspace/robotics-v1/install/robo_collector_interfaces/lib:${LD_LIBRARY_PATH} PKG_CONFIG_PATH=/home/ros2-user/ros2_workspace/robotics-v1/install/ros2_game_engine/lib/x86_64-linux-gnu/pkgconfig:/home/ros2-user/ros2_workspace/robotics-v1/install/ros2_game_engine/lib/pkgconfig:/home/ros2-user/ros2_workspace/robotics-v1/install/robo_common/lib/x86_64-linux-gnu/pkgconfig:/home/ros2-user/ros2_workspace/robotics-v1/install/robo_common/lib/pkgconfig:/home/ros2-user/ros2_workspace/robotics-v1/install/game_engine/lib/x86_64-linux-gnu/pkgconfig:/home/ros2-user/ros2_workspace/robotics-v1/install/game_engine/lib/pkgconfig:/home/ros2-user/ros2_workspace/robotics-v1/install/manager_utils/lib/x86_64-linux-gnu/pkgconfig:/home/ros2-user/ros2_workspace/robotics-v1/install/manager_utils/lib/pkgconfig:/home/ros2-user/ros2_workspace/robotics-v1/install/sdl_utils/lib/x86_64-linux-gnu/pkgconfig:/home/ros2-user/ros2_workspace/robotics-v1/install/sdl_utils/lib/pkgconfig:/home/ros2-user/ros2_workspace/robotics-v1/install/resource_utils/lib/x86_64-linux-gnu/pkgconfig:/home/ros2-user/ros2_workspace/robotics-v1/install/resource_utils/lib/pkgconfig:/home/ros2-user/ros2_workspace/robotics-v1/install/utils/lib/x86_64-linux-gnu/pkgconfig:/home/ros2-user/ros2_workspace/robotics-v1/install/utils/lib/pkgconfig:/home/ros2-user/ros2_workspace/robotics-v1/install/cmake_helpers/lib/x86_64-linux-gnu/pkgconfig:/home/ros2-user/ros2_workspace/robotics-v1/install/cmake_helpers/lib/pkgconfig PYTHONPATH=/home/ros2-user/ros2_workspace/robotics-v1/install/robo_collector_interfaces/lib/python3.8/site-packages:${PYTHONPATH} /usr/bin/cmake --build /home/ros2-user/ros2_workspace/robotics-v1/build/robo_collector_gui -- -j4 -l4
[8.689s] [35m[1mScanning dependencies of target robo_collector_gui[0m
[9.156s] [  5%] [32mBuilding CXX object CMakeFiles/robo_collector_gui.dir/src/main.cpp.o[0m
[18.581s] [ 11%] [32mBuilding CXX object CMakeFiles/robo_collector_gui.dir/src/helpers/TurnHelper.cpp.o[0m
[19.464s] [ 17%] [32mBuilding CXX object CMakeFiles/robo_collector_gui.dir/src/helpers/RoboCollectorBuilder.cpp.o[0m
[22.458s] [ 23%] [32mBuilding CXX object CMakeFiles/robo_collector_gui.dir/src/helpers/RoboCollectorGuiInitHelper.cpp.o[0m
[26.044s] [ 29%] [32mBuilding CXX object CMakeFiles/robo_collector_gui.dir/src/external_api/CollectorControllerExternalBridge.cpp.o[0m
[39.428s] [ 35%] [32mBuilding CXX object CMakeFiles/robo_collector_gui.dir/src/external_api/RoboCollectorGuiRos2ParamProvider.cpp.o[0m
[41.335s] [ 41%] [32mBuilding CXX object CMakeFiles/robo_collector_gui.dir/src/layout/RoboCollectorLayout.cpp.o[0m
[42.425s] [ 47%] [32mBuilding CXX object CMakeFiles/robo_collector_gui.dir/src/layout/helpers/RoboCollectorLayoutInitHelper.cpp.o[0m
[43.391s] [ 52%] [32mBuilding CXX object CMakeFiles/robo_collector_gui.dir/src/layout/entities/robot/RobotAI.cpp.o[0m
[44.108s] [ 58%] [32mBuilding CXX object CMakeFiles/robo_collector_gui.dir/src/layout/entities/coin/Coin.cpp.o[0m
[44.878s] [ 64%] [32mBuilding CXX object CMakeFiles/robo_collector_gui.dir/src/layout/entities/coin/CoinHandler.cpp.o[0m
[45.439s] [ 70%] [32mBuilding CXX object CMakeFiles/robo_collector_gui.dir/src/layout/entities/coin/animation/CoinCollectAnimEndCb.cpp.o[0m
[45.908s] [ 76%] [32mBuilding CXX object CMakeFiles/robo_collector_gui.dir/src/layout/entities/coin/animation/CoinRespawnAnim.cpp.o[0m
[46.388s] [ 82%] [32mBuilding CXX object CMakeFiles/robo_collector_gui.dir/src/layout/panels/PanelHandler.cpp.o[0m
[46.927s] [ 88%] [32mBuilding CXX object CMakeFiles/robo_collector_gui.dir/src/config/RoboCollectorGuiConfigGenerator.cpp.o[0m
[49.222s] [ 94%] [32mBuilding CXX object CMakeFiles/robo_collector_gui.dir/src/RoboCollectorGui.cpp.o[0m
[51.836s] [100%] [32m[1mLinking CXX executable robo_collector_gui[0m
[53.780s] [100%] Built target robo_collector_gui
[53.799s] Invoked command in '/home/ros2-user/ros2_workspace/robotics-v1/build/robo_collector_gui' returned '0': AMENT_PREFIX_PATH=/home/ros2-user/ros2_workspace/robotics-v1/install/robo_collector_common:/home/ros2-user/ros2_workspace/robotics-v1/install/robo_collector_interfaces:${AMENT_PREFIX_PATH} CMAKE_PREFIX_PATH=/home/ros2-user/ros2_workspace/robotics-v1/install/ros2_game_engine:/home/ros2-user/ros2_workspace/robotics-v1/install/robo_collector_common:/home/ros2-user/ros2_workspace/robotics-v1/install/robo_common:/home/ros2-user/ros2_workspace/robotics-v1/install/game_engine:/home/ros2-user/ros2_workspace/robotics-v1/install/manager_utils:/home/ros2-user/ros2_workspace/robotics-v1/install/sdl_utils:/home/ros2-user/ros2_workspace/robotics-v1/install/resource_utils:/home/ros2-user/ros2_workspace/robotics-v1/install/utils:/home/ros2-user/ros2_workspace/robotics-v1/install/robo_collector_interfaces:/home/ros2-user/ros2_workspace/robotics-v1/install/cmake_helpers:/opt/ros/foxy LD_LIBRARY_PATH=/home/ros2-user/ros2_workspace/robotics-v1/install/robo_collector_interfaces/lib:${LD_LIBRARY_PATH} PKG_CONFIG_PATH=/home/ros2-user/ros2_workspace/robotics-v1/install/ros2_game_engine/lib/x86_64-linux-gnu/pkgconfig:/home/ros2-user/ros2_workspace/robotics-v1/install/ros2_game_engine/lib/pkgconfig:/home/ros2-user/ros2_workspace/robotics-v1/install/robo_common/lib/x86_64-linux-gnu/pkgconfig:/home/ros2-user/ros2_workspace/robotics-v1/install/robo_common/lib/pkgconfig:/home/ros2-user/ros2_workspace/robotics-v1/install/game_engine/lib/x86_64-linux-gnu/pkgconfig:/home/ros2-user/ros2_workspace/robotics-v1/install/game_engine/lib/pkgconfig:/home/ros2-user/ros2_workspace/robotics-v1/install/manager_utils/lib/x86_64-linux-gnu/pkgconfig:/home/ros2-user/ros2_workspace/robotics-v1/install/manager_utils/lib/pkgconfig:/home/ros2-user/ros2_workspace/robotics-v1/install/sdl_utils/lib/x86_64-linux-gnu/pkgconfig:/home/ros2-user/ros2_workspace/robotics-v1/install/sdl_utils/lib/pkgconfig:/home/ros2-user/ros2_workspace/robotics-v1/install/resource_utils/lib/x86_64-linux-gnu/pkgconfig:/home/ros2-user/ros2_workspace/robotics-v1/install/resource_utils/lib/pkgconfig:/home/ros2-user/ros2_workspace/robotics-v1/install/utils/lib/x86_64-linux-gnu/pkgconfig:/home/ros2-user/ros2_workspace/robotics-v1/install/utils/lib/pkgconfig:/home/ros2-user/ros2_workspace/robotics-v1/install/cmake_helpers/lib/x86_64-linux-gnu/pkgconfig:/home/ros2-user/ros2_workspace/robotics-v1/install/cmake_helpers/lib/pkgconfig PYTHONPATH=/home/ros2-user/ros2_workspace/robotics-v1/install/robo_collector_interfaces/lib/python3.8/site-packages:${PYTHONPATH} /usr/bin/cmake --build /home/ros2-user/ros2_workspace/robotics-v1/build/robo_collector_gui -- -j4 -l4
[53.918s] Invoking command in '/home/ros2-user/ros2_workspace/robotics-v1/build/robo_collector_gui': AMENT_PREFIX_PATH=/home/ros2-user/ros2_workspace/robotics-v1/install/robo_collector_common:/home/ros2-user/ros2_workspace/robotics-v1/install/robo_collector_interfaces:${AMENT_PREFIX_PATH} CMAKE_PREFIX_PATH=/home/ros2-user/ros2_workspace/robotics-v1/install/ros2_game_engine:/home/ros2-user/ros2_workspace/robotics-v1/install/robo_collector_common:/home/ros2-user/ros2_workspace/robotics-v1/install/robo_common:/home/ros2-user/ros2_workspace/robotics-v1/install/game_engine:/home/ros2-user/ros2_workspace/robotics-v1/install/manager_utils:/home/ros2-user/ros2_workspace/robotics-v1/install/sdl_utils:/home/ros2-user/ros2_workspace/robotics-v1/install/resource_utils:/home/ros2-user/ros2_workspace/robotics-v1/install/utils:/home/ros2-user/ros2_workspace/robotics-v1/install/robo_collector_interfaces:/home/ros2-user/ros2_workspace/robotics-v1/install/cmake_helpers:/opt/ros/foxy LD_LIBRARY_PATH=/home/ros2-user/ros2_workspace/robotics-v1/install/robo_collector_interfaces/lib:${LD_LIBRARY_PATH} PKG_CONFIG_PATH=/home/ros2-user/ros2_workspace/robotics-v1/install/ros2_game_engine/lib/x86_64-linux-gnu/pkgconfig:/home/ros2-user/ros2_workspace/robotics-v1/install/ros2_game_engine/lib/pkgconfig:/home/ros2-user/ros2_workspace/robotics-v1/install/robo_common/lib/x86_64-linux-gnu/pkgconfig:/home/ros2-user/ros2_workspace/robotics-v1/install/robo_common/lib/pkgconfig:/home/ros2-user/ros2_workspace/robotics-v1/install/game_engine/lib/x86_64-linux-gnu/pkgconfig:/home/ros2-user/ros2_workspace/robotics-v1/install/game_engine/lib/pkgconfig:/home/ros2-user/ros2_workspace/robotics-v1/install/manager_utils/lib/x86_64-linux-gnu/pkgconfig:/home/ros2-user/ros2_workspace/robotics-v1/install/manager_utils/lib/pkgconfig:/home/ros2-user/ros2_workspace/robotics-v1/install/sdl_utils/lib/x86_64-linux-gnu/pkgconfig:/home/ros2-user/ros2_workspace/robotics-v1/install/sdl_utils/lib/pkgconfig:/home/ros2-user/ros2_workspace/robotics-v1/install/resource_utils/lib/x86_64-linux-gnu/pkgconfig:/home/ros2-user/ros2_workspace/robotics-v1/install/resource_utils/lib/pkgconfig:/home/ros2-user/ros2_workspace/robotics-v1/install/utils/lib/x86_64-linux-gnu/pkgconfig:/home/ros2-user/ros2_workspace/robotics-v1/install/utils/lib/pkgconfig:/home/ros2-user/ros2_workspace/robotics-v1/install/cmake_helpers/lib/x86_64-linux-gnu/pkgconfig:/home/ros2-user/ros2_workspace/robotics-v1/install/cmake_helpers/lib/pkgconfig PYTHONPATH=/home/ros2-user/ros2_workspace/robotics-v1/install/robo_collector_interfaces/lib/python3.8/site-packages:${PYTHONPATH} /usr/bin/cmake --install /home/ros2-user/ros2_workspace/robotics-v1/build/robo_collector_gui
[53.927s] -- Install configuration: "Debug"
[53.928s] -- Execute custom install script
[53.929s] -- Up-to-date symlink: /home/ros2-user/ros2_workspace/robotics-v1/install/robo_collector_gui/share/robo_collector_gui/package.xml
[53.929s] -- Up-to-date symlink: /home/ros2-user/ros2_workspace/robotics-v1/install/robo_collector_gui/share/robo_collector_gui//launch/launch.py
[53.929s] -- Up-to-date symlink: /home/ros2-user/ros2_workspace/robotics-v1/install/robo_collector_gui/share/robo_collector_gui//config/params.yaml
[53.930s] -- Up-to-date symlink: /home/ros2-user/ros2_workspace/robotics-v1/install/robo_collector_gui/lib/robo_collector_gui/robo_collector_gui
[53.930s] -- Symlinking: /home/ros2-user/ros2_workspace/robotics-v1/install/robo_collector_gui/share/ament_index/resource_index/packages/robo_collector_gui
[53.941s] -- Up-to-date symlink: /home/ros2-user/ros2_workspace/robotics-v1/install/robo_collector_gui/share/robo_collector_gui/hook/ament_prefix_path.dsv
[53.941s] -- Up-to-date symlink: /home/ros2-user/ros2_workspace/robotics-v1/install/robo_collector_gui/share/robo_collector_gui/hook/ros_package_path.dsv
[53.942s] -- Up-to-date symlink: /home/ros2-user/ros2_workspace/robotics-v1/install/robo_collector_gui/share/ament_index/resource_index/package_run_dependencies/robo_collector_gui
[53.942s] -- Up-to-date symlink: /home/ros2-user/ros2_workspace/robotics-v1/install/robo_collector_gui/share/ament_index/resource_index/parent_prefix_path/robo_collector_gui
[53.943s] -- Up-to-date symlink: /home/ros2-user/ros2_workspace/robotics-v1/install/robo_collector_gui/share/robo_collector_gui/environment/ament_prefix_path.sh
[53.943s] -- Up-to-date symlink: /home/ros2-user/ros2_workspace/robotics-v1/install/robo_collector_gui/share/robo_collector_gui/environment/ament_prefix_path.dsv
[53.944s] -- Up-to-date symlink: /home/ros2-user/ros2_workspace/robotics-v1/install/robo_collector_gui/share/robo_collector_gui/environment/path.sh
[53.944s] -- Up-to-date symlink: /home/ros2-user/ros2_workspace/robotics-v1/install/robo_collector_gui/share/robo_collector_gui/environment/path.dsv
[53.944s] -- Up-to-date symlink: /home/ros2-user/ros2_workspace/robotics-v1/install/robo_collector_gui/share/robo_collector_gui/local_setup.bash
[53.944s] -- Up-to-date symlink: /home/ros2-user/ros2_workspace/robotics-v1/install/robo_collector_gui/share/robo_collector_gui/local_setup.sh
[53.945s] -- Up-to-date symlink: /home/ros2-user/ros2_workspace/robotics-v1/install/robo_collector_gui/share/robo_collector_gui/local_setup.zsh
[53.945s] -- Up-to-date symlink: /home/ros2-user/ros2_workspace/robotics-v1/install/robo_collector_gui/share/robo_collector_gui/local_setup.dsv
[53.946s] -- Symlinking: /home/ros2-user/ros2_workspace/robotics-v1/install/robo_collector_gui/share/robo_collector_gui/package.dsv
[53.957s] -- Symlinking: /home/ros2-user/ros2_workspace/robotics-v1/install/robo_collector_gui/share/ament_index/resource_index/packages/robo_collector_gui
[53.969s] -- Up-to-date symlink: /home/ros2-user/ros2_workspace/robotics-v1/install/robo_collector_gui/share/robo_collector_gui/cmake/robo_collector_guiConfig.cmake
[53.969s] -- Up-to-date symlink: /home/ros2-user/ros2_workspace/robotics-v1/install/robo_collector_gui/share/robo_collector_gui/cmake/robo_collector_guiConfig-version.cmake
[53.969s] -- Up-to-date symlink: /home/ros2-user/ros2_workspace/robotics-v1/install/robo_collector_gui/share/robo_collector_gui/package.xml
[53.970s] -- Up-to-date symlink: /home/ros2-user/ros2_workspace/robotics-v1/install/robo_collector_gui/share/robo_collector_gui/resources//RoboCollectorGui.rsrc
[53.970s] -- Up-to-date symlink: /home/ros2-user/ros2_workspace/robotics-v1/install/robo_collector_gui/share/robo_collector_gui/resources//f/vinque_rg_20.ttf
[53.970s] -- Up-to-date symlink: /home/ros2-user/ros2_workspace/robotics-v1/install/robo_collector_gui/share/robo_collector_gui/resources//f/vinque_rg_30.ttf
[53.971s] -- Up-to-date symlink: /home/ros2-user/ros2_workspace/robotics-v1/install/robo_collector_gui/share/robo_collector_gui/resources//f/vinque_rg_75.ttf
[53.971s] -- Up-to-date symlink: /home/ros2-user/ros2_workspace/robotics-v1/install/robo_collector_gui/share/robo_collector_gui/resources//generated/RoboCollectorGuiResources.h
[53.972s] -- Up-to-date symlink: /home/ros2-user/ros2_workspace/robotics-v1/install/robo_collector_gui/share/robo_collector_gui/resources//generated/RoboCollectorGuiResourcesDynamic.h
[53.975s] -- Up-to-date symlink: /home/ros2-user/ros2_workspace/robotics-v1/install/robo_collector_gui/share/robo_collector_gui/resources//generated/RoboCollectorGuiResourcesDynamicValues.h
[53.975s] -- Up-to-date symlink: /home/ros2-user/ros2_workspace/robotics-v1/install/robo_collector_gui/share/robo_collector_gui/resources//generated/fonts.bin
[53.975s] -- Up-to-date symlink: /home/ros2-user/ros2_workspace/robotics-v1/install/robo_collector_gui/share/robo_collector_gui/resources//generated/resources.bin
[53.976s] -- Up-to-date symlink: /home/ros2-user/ros2_workspace/robotics-v1/install/robo_collector_gui/share/robo_collector_gui/resources//generated/sounds.bin
[53.976s] -- Up-to-date symlink: /home/ros2-user/ros2_workspace/robotics-v1/install/robo_collector_gui/share/robo_collector_gui/resources//levels/level_1/field_map.txt
[53.976s] -- Up-to-date symlink: /home/ros2-user/ros2_workspace/robotics-v1/install/robo_collector_gui/share/robo_collector_gui/resources//p/background/map.png
[53.977s] -- Up-to-date symlink: /home/ros2-user/ros2_workspace/robotics-v1/install/robo_collector_gui/share/robo_collector_gui/resources//p/background/obstacle.png
[53.978s] -- Up-to-date symlink: /home/ros2-user/ros2_workspace/robotics-v1/install/robo_collector_gui/share/robo_collector_gui/resources//p/background/tile.png
[53.978s] -- Up-to-date symlink: /home/ros2-user/ros2_workspace/robotics-v1/install/robo_collector_gui/share/robo_collector_gui/resources//p/buttons/help_button.png
[53.978s] -- Up-to-date symlink: /home/ros2-user/ros2_workspace/robotics-v1/install/robo_collector_gui/share/robo_collector_gui/resources//p/buttons/left_button.png
[53.978s] -- Up-to-date symlink: /home/ros2-user/ros2_workspace/robotics-v1/install/robo_collector_gui/share/robo_collector_gui/resources//p/buttons/right_button.png
[53.979s] -- Up-to-date symlink: /home/ros2-user/ros2_workspace/robotics-v1/install/robo_collector_gui/share/robo_collector_gui/resources//p/buttons/settings_button.png
[53.979s] -- Up-to-date symlink: /home/ros2-user/ros2_workspace/robotics-v1/install/robo_collector_gui/share/robo_collector_gui/resources//p/buttons/up_button.png
[53.979s] -- Up-to-date symlink: /home/ros2-user/ros2_workspace/robotics-v1/install/robo_collector_gui/share/robo_collector_gui/resources//p/coin_animations/bronze/coin_anim_bronze.png
[53.979s] -- Up-to-date symlink: /home/ros2-user/ros2_workspace/robotics-v1/install/robo_collector_gui/share/robo_collector_gui/resources//p/coin_animations/gold/coin_anim_gold.png
[53.980s] -- Up-to-date symlink: /home/ros2-user/ros2_workspace/robotics-v1/install/robo_collector_gui/share/robo_collector_gui/resources//p/coin_animations/silver/coin_anim_silver.png
[53.980s] -- Up-to-date symlink: /home/ros2-user/ros2_workspace/robotics-v1/install/robo_collector_gui/share/robo_collector_gui/resources//p/entities/damage_marker.png
[53.980s] -- Up-to-date symlink: /home/ros2-user/ros2_workspace/robotics-v1/install/robo_collector_gui/share/robo_collector_gui/resources//p/entities/enemy_robots.png
[53.981s] -- Up-to-date symlink: /home/ros2-user/ros2_workspace/robotics-v1/install/robo_collector_gui/share/robo_collector_gui/resources//p/entities/player_robot.png
[53.981s] -- Up-to-date symlink: /home/ros2-user/ros2_workspace/robotics-v1/install/robo_collector_gui/share/robo_collector_gui/resources//p/panels/coin_panel.png
[53.981s] -- Up-to-date symlink: /home/ros2-user/ros2_workspace/robotics-v1/install/robo_collector_gui/share/robo_collector_gui/resources//p/panels/health_indicator.png
[53.981s] -- Up-to-date symlink: /home/ros2-user/ros2_workspace/robotics-v1/install/robo_collector_gui/share/robo_collector_gui/resources//p/panels/health_panel.png
[53.982s] -- Up-to-date symlink: /home/ros2-user/ros2_workspace/robotics-v1/install/robo_collector_gui/share/robo_collector_gui/resources//p/panels/hor_delimiter.png
[53.982s] -- Up-to-date symlink: /home/ros2-user/ros2_workspace/robotics-v1/install/robo_collector_gui/share/robo_collector_gui/resources//p/panels/time_panel.png
[53.982s] -- Up-to-date symlink: /home/ros2-user/ros2_workspace/robotics-v1/install/robo_collector_gui/share/robo_collector_gui/resources//p/panels/vert_delimiter.png
[53.983s] -- Up-to-date symlink: /home/ros2-user/ros2_workspace/robotics-v1/install/robo_collector_gui/share/robo_collector_gui/resources//p/stars/star_single.png
[53.983s] -- Up-to-date symlink: /home/ros2-user/ros2_workspace/robotics-v1/install/robo_collector_gui/share/robo_collector_gui/resources//p/stars/stars.png
[53.988s] Invoked command in '/home/ros2-user/ros2_workspace/robotics-v1/build/robo_collector_gui' returned '0': AMENT_PREFIX_PATH=/home/ros2-user/ros2_workspace/robotics-v1/install/robo_collector_common:/home/ros2-user/ros2_workspace/robotics-v1/install/robo_collector_interfaces:${AMENT_PREFIX_PATH} CMAKE_PREFIX_PATH=/home/ros2-user/ros2_workspace/robotics-v1/install/ros2_game_engine:/home/ros2-user/ros2_workspace/robotics-v1/install/robo_collector_common:/home/ros2-user/ros2_workspace/robotics-v1/install/robo_common:/home/ros2-user/ros2_workspace/robotics-v1/install/game_engine:/home/ros2-user/ros2_workspace/robotics-v1/install/manager_utils:/home/ros2-user/ros2_workspace/robotics-v1/install/sdl_utils:/home/ros2-user/ros2_workspace/robotics-v1/install/resource_utils:/home/ros2-user/ros2_workspace/robotics-v1/install/utils:/home/ros2-user/ros2_workspace/robotics-v1/install/robo_collector_interfaces:/home/ros2-user/ros2_workspace/robotics-v1/install/cmake_helpers:/opt/ros/foxy LD_LIBRARY_PATH=/home/ros2-user/ros2_workspace/robotics-v1/install/robo_collector_interfaces/lib:${LD_LIBRARY_PATH} PKG_CONFIG_PATH=/home/ros2-user/ros2_workspace/robotics-v1/install/ros2_game_engine/lib/x86_64-linux-gnu/pkgconfig:/home/ros2-user/ros2_workspace/robotics-v1/install/ros2_game_engine/lib/pkgconfig:/home/ros2-user/ros2_workspace/robotics-v1/install/robo_common/lib/x86_64-linux-gnu/pkgconfig:/home/ros2-user/ros2_workspace/robotics-v1/install/robo_common/lib/pkgconfig:/home/ros2-user/ros2_workspace/robotics-v1/install/game_engine/lib/x86_64-linux-gnu/pkgconfig:/home/ros2-user/ros2_workspace/robotics-v1/install/game_engine/lib/pkgconfig:/home/ros2-user/ros2_workspace/robotics-v1/install/manager_utils/lib/x86_64-linux-gnu/pkgconfig:/home/ros2-user/ros2_workspace/robotics-v1/install/manager_utils/lib/pkgconfig:/home/ros2-user/ros2_workspace/robotics-v1/install/sdl_utils/lib/x86_64-linux-gnu/pkgconfig:/home/ros2-user/ros2_workspace/robotics-v1/install/sdl_utils/lib/pkgconfig:/home/ros2-user/ros2_workspace/robotics-v1/install/resource_utils/lib/x86_64-linux-gnu/pkgconfig:/home/ros2-user/ros2_workspace/robotics-v1/install/resource_utils/lib/pkgconfig:/home/ros2-user/ros2_workspace/robotics-v1/install/utils/lib/x86_64-linux-gnu/pkgconfig:/home/ros2-user/ros2_workspace/robotics-v1/install/utils/lib/pkgconfig:/home/ros2-user/ros2_workspace/robotics-v1/install/cmake_helpers/lib/x86_64-linux-gnu/pkgconfig:/home/ros2-user/ros2_workspace/robotics-v1/install/cmake_helpers/lib/pkgconfig PYTHONPATH=/home/ros2-user/ros2_workspace/robotics-v1/install/robo_collector_interfaces/lib/python3.8/site-packages:${PYTHONPATH} /usr/bin/cmake --install /home/ros2-user/ros2_workspace/robotics-v1/build/robo_collector_gui
