Performing C++ SOURCE FILE Test CMAKE_HAVE_LIBC_PTHREAD failed with the following output:
Change Dir: /home/ros2-user/ros2_workspace/robotics-v1/build/resource_builder/CMakeFiles/CMakeTmp

Run Build Command(s):/usr/bin/make cmTC_81356/fast && /usr/bin/make -f CMakeFiles/cmTC_81356.dir/build.make CMakeFiles/cmTC_81356.dir/build
make[1]: Entering directory '/home/ros2-user/ros2_workspace/robotics-v1/build/resource_builder/CMakeFiles/CMakeTmp'
Building CXX object CMakeFiles/cmTC_81356.dir/src.cxx.o
/usr/bin/g++    -DCMAKE_HAVE_LIBC_PTHREAD   -o CMakeFiles/cmTC_81356.dir/src.cxx.o -c /home/ros2-user/ros2_workspace/robotics-v1/build/resource_builder/CMakeFiles/CMakeTmp/src.cxx
Linking CXX executable cmTC_81356
/usr/bin/cmake -E cmake_link_script CMakeFiles/cmTC_81356.dir/link.txt --verbose=1
/usr/bin/g++   -DCMAKE_HAVE_LIBC_PTHREAD    CMakeFiles/cmTC_81356.dir/src.cxx.o  -o cmTC_81356 
/usr/bin/ld: CMakeFiles/cmTC_81356.dir/src.cxx.o: in function `main':
src.cxx:(.text+0x46): undefined reference to `pthread_create'
/usr/bin/ld: src.cxx:(.text+0x52): undefined reference to `pthread_detach'
/usr/bin/ld: src.cxx:(.text+0x63): undefined reference to `pthread_join'
collect2: error: ld returned 1 exit status
make[1]: *** [CMakeFiles/cmTC_81356.dir/build.make:87: cmTC_81356] Error 1
make[1]: Leaving directory '/home/ros2-user/ros2_workspace/robotics-v1/build/resource_builder/CMakeFiles/CMakeTmp'
make: *** [Makefile:121: cmTC_81356/fast] Error 2


Source file was:
#include <pthread.h>

void* test_func(void* data)
{
  return data;
}

int main(void)
{
  pthread_t thread;
  pthread_create(&thread, NULL, test_func, NULL);
  pthread_detach(thread);
  pthread_join(thread, NULL);
  pthread_atfork(NULL, NULL, NULL);
  pthread_exit(NULL);

  return 0;
}

Determining if the function pthread_create exists in the pthreads failed with the following output:
Change Dir: /home/ros2-user/ros2_workspace/robotics-v1/build/resource_builder/CMakeFiles/CMakeTmp

Run Build Command(s):/usr/bin/make cmTC_1936c/fast && /usr/bin/make -f CMakeFiles/cmTC_1936c.dir/build.make CMakeFiles/cmTC_1936c.dir/build
make[1]: Entering directory '/home/ros2-user/ros2_workspace/robotics-v1/build/resource_builder/CMakeFiles/CMakeTmp'
Building CXX object CMakeFiles/cmTC_1936c.dir/CheckFunctionExists.cxx.o
/usr/bin/g++    -DCHECK_FUNCTION_EXISTS=pthread_create   -o CMakeFiles/cmTC_1936c.dir/CheckFunctionExists.cxx.o -c /home/ros2-user/ros2_workspace/robotics-v1/build/resource_builder/CMakeFiles/CheckLibraryExists/CheckFunctionExists.cxx
Linking CXX executable cmTC_1936c
/usr/bin/cmake -E cmake_link_script CMakeFiles/cmTC_1936c.dir/link.txt --verbose=1
/usr/bin/g++   -DCHECK_FUNCTION_EXISTS=pthread_create    CMakeFiles/cmTC_1936c.dir/CheckFunctionExists.cxx.o  -o cmTC_1936c  -lpthreads 
/usr/bin/ld: cannot find -lpthreads
collect2: error: ld returned 1 exit status
make[1]: *** [CMakeFiles/cmTC_1936c.dir/build.make:87: cmTC_1936c] Error 1
make[1]: Leaving directory '/home/ros2-user/ros2_workspace/robotics-v1/build/resource_builder/CMakeFiles/CMakeTmp'
make: *** [Makefile:121: cmTC_1936c/fast] Error 2



