[0.058s] Invoking command in '/home/ros2-user/ros2_workspace/robotics-v1/build/cmake_helpers': CMAKE_PREFIX_PATH=/opt/ros/foxy /usr/bin/cmake /home/ros2-user/ros2_workspace/robotics-v1/src/lib/cmake_helpers -DCMAKE_BUILD_TYPE=Debug -DCMAKE_CXX_COMPILER=/usr/bin/g++ -DCMAKE_INSTALL_PREFIX=/home/ros2-user/ros2_workspace/robotics-v1/install/cmake_helpers
[1.963s] -- The C compiler identification is GNU 9.4.0
[2.360s] -- The CXX compiler identification is GNU 9.4.0
[2.671s] -- Check for working C compiler: /usr/bin/cc
[3.218s] -- Check for working C compiler: /usr/bin/cc -- works
[3.224s] -- Detecting C compiler ABI info
[3.458s] -- Detecting C compiler ABI info - done
[3.522s] -- Detecting C compile features
[3.546s] -- Detecting C compile features - done
[3.574s] -- Check for working CXX compiler: /usr/bin/g++
[3.839s] -- Check for working CXX compiler: /usr/bin/g++ -- works
[3.841s] -- Detecting CXX compiler ABI info
[4.231s] -- Detecting CXX compiler ABI info - done
[4.312s] -- Detecting CXX compile features
[4.315s] -- Detecting CXX compile features - done
[4.506s] -- Found ament_cmake: 0.9.11 (/opt/ros/foxy/share/ament_cmake/cmake)
[4.707s] -- Found PythonInterp: /usr/bin/python3 (found suitable version "3.8.10", minimum required is "3") 
[4.708s] -- Using PYTHON_EXECUTABLE: /usr/bin/python3
[5.931s] -- Configuring done
[5.938s] -- Generating done
[5.941s] -- Build files have been written to: /home/ros2-user/ros2_workspace/robotics-v1/build/cmake_helpers
[5.948s] Invoked command in '/home/ros2-user/ros2_workspace/robotics-v1/build/cmake_helpers' returned '0': CMAKE_PREFIX_PATH=/opt/ros/foxy /usr/bin/cmake /home/ros2-user/ros2_workspace/robotics-v1/src/lib/cmake_helpers -DCMAKE_BUILD_TYPE=Debug -DCMAKE_CXX_COMPILER=/usr/bin/g++ -DCMAKE_INSTALL_PREFIX=/home/ros2-user/ros2_workspace/robotics-v1/install/cmake_helpers
[5.959s] Invoking command in '/home/ros2-user/ros2_workspace/robotics-v1/build/cmake_helpers': CMAKE_PREFIX_PATH=/opt/ros/foxy /usr/bin/cmake --build /home/ros2-user/ros2_workspace/robotics-v1/build/cmake_helpers -- -j4 -l4
[6.090s] Invoked command in '/home/ros2-user/ros2_workspace/robotics-v1/build/cmake_helpers' returned '0': CMAKE_PREFIX_PATH=/opt/ros/foxy /usr/bin/cmake --build /home/ros2-user/ros2_workspace/robotics-v1/build/cmake_helpers -- -j4 -l4
[6.212s] Invoking command in '/home/ros2-user/ros2_workspace/robotics-v1/build/cmake_helpers': CMAKE_PREFIX_PATH=/opt/ros/foxy /usr/bin/cmake --install /home/ros2-user/ros2_workspace/robotics-v1/build/cmake_helpers
[6.243s] -- Install configuration: "Debug"
[6.246s] -- Installing: /home/ros2-user/ros2_workspace/robotics-v1/install/cmake_helpers/share/cmake_helpers/package.xml
[6.249s] -- Installing: /home/ros2-user/ros2_workspace/robotics-v1/install/cmake_helpers/share/cmake_helpers/cmake/helpers.cmake
[6.253s] -- Installing: /home/ros2-user/ros2_workspace/robotics-v1/install/cmake_helpers/share/cmake_helpers/cmake/find_modules
[6.258s] -- Installing: /home/ros2-user/ros2_workspace/robotics-v1/install/cmake_helpers/share/cmake_helpers/cmake/find_modules/FindSDL2.cmake
[6.259s] -- Installing: /home/ros2-user/ros2_workspace/robotics-v1/install/cmake_helpers/share/cmake_helpers/cmake/find_modules/FindSDL2_ttf.cmake
[6.260s] -- Installing: /home/ros2-user/ros2_workspace/robotics-v1/install/cmake_helpers/share/cmake_helpers/cmake/find_modules/FindSDL2_image.cmake
[6.260s] -- Installing: /home/ros2-user/ros2_workspace/robotics-v1/install/cmake_helpers/share/cmake_helpers/cmake/find_modules/FindSDL2_mixer.cmake
[6.260s] -- Installing: /home/ros2-user/ros2_workspace/robotics-v1/install/cmake_helpers/share/cmake_helpers/cmake/find_modules/FindIWYU.cmake
[6.260s] -- Installing: /home/ros2-user/ros2_workspace/robotics-v1/install/cmake_helpers/share/ament_index/resource_index/package_run_dependencies/cmake_helpers
[6.260s] -- Installing: /home/ros2-user/ros2_workspace/robotics-v1/install/cmake_helpers/share/ament_index/resource_index/parent_prefix_path/cmake_helpers
[6.260s] -- Installing: /home/ros2-user/ros2_workspace/robotics-v1/install/cmake_helpers/share/cmake_helpers/environment/ament_prefix_path.sh
[6.262s] -- Installing: /home/ros2-user/ros2_workspace/robotics-v1/install/cmake_helpers/share/cmake_helpers/environment/ament_prefix_path.dsv
[6.263s] -- Installing: /home/ros2-user/ros2_workspace/robotics-v1/install/cmake_helpers/share/cmake_helpers/environment/path.sh
[6.266s] -- Installing: /home/ros2-user/ros2_workspace/robotics-v1/install/cmake_helpers/share/cmake_helpers/environment/path.dsv
[6.273s] -- Installing: /home/ros2-user/ros2_workspace/robotics-v1/install/cmake_helpers/share/cmake_helpers/local_setup.bash
[6.273s] -- Installing: /home/ros2-user/ros2_workspace/robotics-v1/install/cmake_helpers/share/cmake_helpers/local_setup.sh
[6.274s] -- Installing: /home/ros2-user/ros2_workspace/robotics-v1/install/cmake_helpers/share/cmake_helpers/local_setup.zsh
[6.275s] -- Installing: /home/ros2-user/ros2_workspace/robotics-v1/install/cmake_helpers/share/cmake_helpers/local_setup.dsv
[6.276s] -- Installing: /home/ros2-user/ros2_workspace/robotics-v1/install/cmake_helpers/share/cmake_helpers/package.dsv
[6.276s] -- Installing: /home/ros2-user/ros2_workspace/robotics-v1/install/cmake_helpers/share/ament_index/resource_index/packages/cmake_helpers
[6.277s] -- Installing: /home/ros2-user/ros2_workspace/robotics-v1/install/cmake_helpers/share/cmake_helpers/cmake/cmake_helpersConfig.cmake
[6.279s] -- Installing: /home/ros2-user/ros2_workspace/robotics-v1/install/cmake_helpers/share/cmake_helpers/cmake/cmake_helpersConfig-version.cmake
[6.280s] -- Up-to-date: /home/ros2-user/ros2_workspace/robotics-v1/install/cmake_helpers/share/cmake_helpers/package.xml
[6.282s] Invoked command in '/home/ros2-user/ros2_workspace/robotics-v1/build/cmake_helpers' returned '0': CMAKE_PREFIX_PATH=/opt/ros/foxy /usr/bin/cmake --install /home/ros2-user/ros2_workspace/robotics-v1/build/cmake_helpers
