[0.146s] Invoking command in '/home/ros2-user/ros2_workspace/robotics-v1/build/urscript_interfaces': CMAKE_PREFIX_PATH=/opt/ros/foxy /usr/bin/cmake /home/ros2-user/ros2_workspace/robotics-v1/src/ur_dev/urscript/urscript_interfaces -DCMAKE_BUILD_TYPE=Debug -DCMAKE_CXX_COMPILER=/usr/bin/g++ -DAMENT_CMAKE_SYMLINK_INSTALL=1 -DCMAKE_INSTALL_PREFIX=/home/ros2-user/ros2_workspace/robotics-v1/install/urscript_interfaces
[0.469s] -- The C compiler identification is GNU 9.4.0
[0.649s] -- The CXX compiler identification is GNU 9.4.0
[0.663s] -- Check for working C compiler: /usr/bin/cc
[1.020s] -- Check for working C compiler: /usr/bin/cc -- works
[1.036s] -- Detecting C compiler ABI info
[1.242s] -- Detecting C compiler ABI info - done
[1.265s] -- Detecting C compile features
[1.265s] -- Detecting C compile features - done
[1.270s] -- Check for working CXX compiler: /usr/bin/g++
[1.533s] -- Check for working CXX compiler: /usr/bin/g++ -- works
[1.534s] -- Detecting CXX compiler ABI info
[1.745s] -- Detecting CXX compiler ABI info - done
[1.786s] -- Detecting CXX compile features
[1.787s] -- Detecting CXX compile features - done
[1.788s] -- Found ament_cmake: 0.9.11 (/opt/ros/foxy/share/ament_cmake/cmake)
[1.858s] -- Found PythonInterp: /usr/bin/python3 (found suitable version "3.8.10", minimum required is "3") 
[1.858s] -- Using PYTHON_EXECUTABLE: /usr/bin/python3
[2.474s] -- Override CMake install command with custom implementation using symlinks instead of copying resources
[2.534s] -- Found rosidl_default_generators: 1.0.1 (/opt/ros/foxy/share/rosidl_default_generators/cmake)
[2.613s] -- Using all available rosidl_typesupport_c: rosidl_typesupport_fastrtps_c;rosidl_typesupport_introspection_c
[2.684s] -- Found rosidl_adapter: 1.3.0 (/opt/ros/foxy/share/rosidl_adapter/cmake)
[3.656s] -- Found OpenSSL: /usr/lib/x86_64-linux-gnu/libcrypto.so (found version "1.1.1f")  
[3.742s] -- Found FastRTPS: /opt/ros/foxy/include  
[4.116s] -- Using all available rosidl_typesupport_cpp: rosidl_typesupport_fastrtps_cpp;rosidl_typesupport_introspection_cpp
[4.750s] -- Found PythonInterp: /usr/bin/python3 (found version "3.8.10") 
[5.256s] -- Found ament_cmake_ros: 0.9.2 (/opt/ros/foxy/share/ament_cmake_ros/cmake)
[5.905s] -- Using all available rosidl_typesupport_c: rosidl_typesupport_fastrtps_c;rosidl_typesupport_introspection_c
[6.001s] -- Using all available rosidl_typesupport_cpp: rosidl_typesupport_fastrtps_cpp;rosidl_typesupport_introspection_cpp
[6.088s] -- Found PythonInterp: /usr/bin/python3 (found suitable version "3.8.10", minimum required is "3.5") 
[6.110s] -- Found python_cmake_module: 0.8.1 (/opt/ros/foxy/share/python_cmake_module/cmake)
[6.724s] -- Found PythonLibs: /usr/lib/x86_64-linux-gnu/libpython3.8.so (found suitable version "3.8.10", minimum required is "3.5") 
[6.724s] -- Using PYTHON_EXECUTABLE: /usr/bin/python3
[6.724s] -- Using PYTHON_INCLUDE_DIRS: /usr/include/python3.8
[6.724s] -- Using PYTHON_LIBRARIES: /usr/lib/x86_64-linux-gnu/libpython3.8.so
[6.765s] -- Found PythonExtra: .so  
[7.230s] -- Configuring done
[7.390s] -- Generating done
[7.399s] -- Build files have been written to: /home/ros2-user/ros2_workspace/robotics-v1/build/urscript_interfaces
[7.450s] Invoked command in '/home/ros2-user/ros2_workspace/robotics-v1/build/urscript_interfaces' returned '0': CMAKE_PREFIX_PATH=/opt/ros/foxy /usr/bin/cmake /home/ros2-user/ros2_workspace/robotics-v1/src/ur_dev/urscript/urscript_interfaces -DCMAKE_BUILD_TYPE=Debug -DCMAKE_CXX_COMPILER=/usr/bin/g++ -DAMENT_CMAKE_SYMLINK_INSTALL=1 -DCMAKE_INSTALL_PREFIX=/home/ros2-user/ros2_workspace/robotics-v1/install/urscript_interfaces
[7.453s] Invoking command in '/home/ros2-user/ros2_workspace/robotics-v1/build/urscript_interfaces': CMAKE_PREFIX_PATH=/opt/ros/foxy /usr/bin/cmake --build /home/ros2-user/ros2_workspace/robotics-v1/build/urscript_interfaces -- -j4 -l4
[7.784s] [35m[1mScanning dependencies of target urscript_interfaces__cpp[0m
[7.796s] [  3%] [34m[1mGenerating C code for ROS interfaces[0m
[7.840s] [  6%] [34m[1mGenerating C++ code for ROS interfaces[0m
[9.797s] [  6%] Built target urscript_interfaces__cpp
[9.856s] [  9%] [34m[1mGenerating C++ type support for eProsima Fast-RTPS[0m
[9.922s] [ 12%] [34m[1mGenerating C++ type support dispatch for ROS interfaces[0m
[9.955s] [35m[1mScanning dependencies of target urscript_interfaces__rosidl_generator_c[0m
[10.047s] [ 16%] [34m[1mGenerating C++ introspection for ROS interfaces[0m
[10.370s] [ 19%] [32mBuilding C object CMakeFiles/urscript_interfaces__rosidl_generator_c.dir/rosidl_generator_c/urscript_interfaces/srv/detail/ur_script__functions.c.o[0m
[11.426s] [ 22%] [32m[1mLinking C shared library liburscript_interfaces__rosidl_generator_c.so[0m
[11.795s] [35m[1mScanning dependencies of target urscript_interfaces__rosidl_typesupport_cpp[0m
[11.828s] [35m[1mScanning dependencies of target urscript_interfaces__rosidl_typesupport_introspection_cpp[0m
[11.831s] [ 22%] Built target urscript_interfaces__rosidl_generator_c
[11.922s] [ 25%] [32mBuilding CXX object CMakeFiles/urscript_interfaces__rosidl_typesupport_cpp.dir/rosidl_typesupport_cpp/urscript_interfaces/srv/ur_script__type_support.cpp.o[0m
[11.970s] [ 29%] [32mBuilding CXX object CMakeFiles/urscript_interfaces__rosidl_typesupport_introspection_cpp.dir/rosidl_typesupport_introspection_cpp/urscript_interfaces/srv/detail/ur_script__type_support.cpp.o[0m
[11.999s] [35m[1mScanning dependencies of target urscript_interfaces__rosidl_typesupport_fastrtps_cpp[0m
[12.000s] [ 32%] [34m[1mGenerating C type support dispatch for ROS interfaces[0m
[12.687s] [ 35%] [32mBuilding CXX object CMakeFiles/urscript_interfaces__rosidl_typesupport_fastrtps_cpp.dir/rosidl_typesupport_fastrtps_cpp/urscript_interfaces/srv/detail/dds_fastrtps/ur_script__type_support.cpp.o[0m
[13.787s] [35m[1mScanning dependencies of target urscript_interfaces__rosidl_typesupport_c[0m
[14.201s] [ 38%] [32mBuilding CXX object CMakeFiles/urscript_interfaces__rosidl_typesupport_c.dir/rosidl_typesupport_c/urscript_interfaces/srv/ur_script__type_support.cpp.o[0m
[14.222s] [ 41%] [32m[1mLinking CXX shared library liburscript_interfaces__rosidl_typesupport_introspection_cpp.so[0m
[14.259s] [ 45%] [32m[1mLinking CXX shared library liburscript_interfaces__rosidl_typesupport_fastrtps_cpp.so[0m
[14.350s] [ 48%] [32m[1mLinking CXX shared library liburscript_interfaces__rosidl_typesupport_c.so[0m
[14.834s] [ 48%] Built target urscript_interfaces__rosidl_typesupport_c
[15.246s] [ 48%] Built target urscript_interfaces__rosidl_typesupport_introspection_cpp
[15.281s] [ 51%] [34m[1mGenerating C introspection for ROS interfaces[0m
[15.316s] [ 54%] [32m[1mLinking CXX shared library liburscript_interfaces__rosidl_typesupport_cpp.so[0m
[15.696s] [ 54%] Built target urscript_interfaces__rosidl_typesupport_fastrtps_cpp
[15.894s] [ 54%] Built target urscript_interfaces__rosidl_typesupport_cpp
[16.021s] [ 58%] [34m[1mGenerating C type support for eProsima Fast-RTPS[0m
[17.077s] [35m[1mScanning dependencies of target urscript_interfaces__rosidl_typesupport_introspection_c[0m
[17.193s] [ 61%] [32mBuilding C object CMakeFiles/urscript_interfaces__rosidl_typesupport_introspection_c.dir/rosidl_typesupport_introspection_c/urscript_interfaces/srv/detail/ur_script__type_support.c.o[0m
[17.576s] [ 64%] [32m[1mLinking C shared library liburscript_interfaces__rosidl_typesupport_introspection_c.so[0m
[17.935s] [ 64%] Built target urscript_interfaces__rosidl_typesupport_introspection_c
[17.951s] [35m[1mScanning dependencies of target urscript_interfaces__rosidl_typesupport_fastrtps_c[0m
[18.071s] [ 67%] [32mBuilding CXX object CMakeFiles/urscript_interfaces__rosidl_typesupport_fastrtps_c.dir/rosidl_typesupport_fastrtps_c/urscript_interfaces/srv/detail/ur_script__type_support_c.cpp.o[0m
[19.719s] [ 70%] [32m[1mLinking CXX shared library liburscript_interfaces__rosidl_typesupport_fastrtps_c.so[0m
[20.141s] [ 70%] Built target urscript_interfaces__rosidl_typesupport_fastrtps_c
[20.170s] [35m[1mScanning dependencies of target urscript_interfaces[0m
[20.248s] [ 70%] Built target urscript_interfaces
[20.354s] [35m[1mScanning dependencies of target urscript_interfaces__py[0m
[20.438s] [ 74%] [34m[1mGenerating Python code for ROS interfaces[0m
[26.013s] [ 74%] Built target urscript_interfaces__py
[26.034s] [35m[1mScanning dependencies of target urscript_interfaces__python[0m
[26.734s] [ 77%] [32mBuilding C object CMakeFiles/urscript_interfaces__python.dir/rosidl_generator_py/urscript_interfaces/srv/_ur_script_s.c.o[0m
[27.320s] [ 80%] [32m[1mLinking C shared library rosidl_generator_py/urscript_interfaces/liburscript_interfaces__python.so[0m
[27.515s] [ 80%] Built target urscript_interfaces__python
[27.631s] [35m[1mScanning dependencies of target urscript_interfaces__rosidl_typesupport_c__pyext[0m
[27.719s] [ 83%] [32mBuilding C object CMakeFiles/urscript_interfaces__rosidl_typesupport_c__pyext.dir/rosidl_generator_py/urscript_interfaces/_urscript_interfaces_s.ep.rosidl_typesupport_c.c.o[0m
[28.532s] [ 87%] [32m[1mLinking C shared library rosidl_generator_py/urscript_interfaces/urscript_interfaces_s__rosidl_typesupport_c.cpython-38-x86_64-linux-gnu.so[0m
[28.666s] [ 87%] Built target urscript_interfaces__rosidl_typesupport_c__pyext
[28.738s] [35m[1mScanning dependencies of target urscript_interfaces__rosidl_typesupport_fastrtps_c__pyext[0m
[28.796s] [ 90%] [32mBuilding C object CMakeFiles/urscript_interfaces__rosidl_typesupport_fastrtps_c__pyext.dir/rosidl_generator_py/urscript_interfaces/_urscript_interfaces_s.ep.rosidl_typesupport_fastrtps_c.c.o[0m
[29.059s] [ 93%] [32m[1mLinking CXX shared library rosidl_generator_py/urscript_interfaces/urscript_interfaces_s__rosidl_typesupport_fastrtps_c.cpython-38-x86_64-linux-gnu.so[0m
[29.229s] [ 93%] Built target urscript_interfaces__rosidl_typesupport_fastrtps_c__pyext
[29.544s] [35m[1mScanning dependencies of target urscript_interfaces__rosidl_typesupport_introspection_c__pyext[0m
[29.643s] [ 96%] [32mBuilding C object CMakeFiles/urscript_interfaces__rosidl_typesupport_introspection_c__pyext.dir/rosidl_generator_py/urscript_interfaces/_urscript_interfaces_s.ep.rosidl_typesupport_introspection_c.c.o[0m
[29.959s] [100%] [32m[1mLinking C shared library rosidl_generator_py/urscript_interfaces/urscript_interfaces_s__rosidl_typesupport_introspection_c.cpython-38-x86_64-linux-gnu.so[0m
[30.217s] [100%] Built target urscript_interfaces__rosidl_typesupport_introspection_c__pyext
[30.258s] Invoked command in '/home/ros2-user/ros2_workspace/robotics-v1/build/urscript_interfaces' returned '0': CMAKE_PREFIX_PATH=/opt/ros/foxy /usr/bin/cmake --build /home/ros2-user/ros2_workspace/robotics-v1/build/urscript_interfaces -- -j4 -l4
[31.572s] Invoking command in '/home/ros2-user/ros2_workspace/robotics-v1/build/urscript_interfaces': CMAKE_PREFIX_PATH=/opt/ros/foxy /usr/bin/cmake --install /home/ros2-user/ros2_workspace/robotics-v1/build/urscript_interfaces
[31.597s] -- Install configuration: "Debug"
[31.597s] -- Execute custom install script
[31.600s] -- Symlinking: /home/ros2-user/ros2_workspace/robotics-v1/install/urscript_interfaces/share/ament_index/resource_index/rosidl_interfaces/urscript_interfaces
[31.621s] -- Symlinking: /home/ros2-user/ros2_workspace/robotics-v1/install/urscript_interfaces/include/urscript_interfaces/msg/rosidl_generator_c__visibility_control.h
[31.647s] -- Symlinking: /home/ros2-user/ros2_workspace/robotics-v1/install/urscript_interfaces/include/urscript_interfaces/srv/detail/ur_script__functions.h
[31.673s] -- Symlinking: /home/ros2-user/ros2_workspace/robotics-v1/install/urscript_interfaces/include/urscript_interfaces/srv/detail/ur_script__struct.h
[31.697s] -- Symlinking: /home/ros2-user/ros2_workspace/robotics-v1/install/urscript_interfaces/include/urscript_interfaces/srv/detail/ur_script__type_support.h
[31.726s] -- Symlinking: /home/ros2-user/ros2_workspace/robotics-v1/install/urscript_interfaces/include/urscript_interfaces/srv/ur_script.h
[31.775s] -- Symlinking: /home/ros2-user/ros2_workspace/robotics-v1/install/urscript_interfaces/share/urscript_interfaces/environment/library_path.sh
[31.826s] -- Symlinking: /home/ros2-user/ros2_workspace/robotics-v1/install/urscript_interfaces/share/urscript_interfaces/environment/library_path.dsv
[31.860s] -- Symlinking: /home/ros2-user/ros2_workspace/robotics-v1/install/urscript_interfaces/include/urscript_interfaces/msg/rosidl_typesupport_fastrtps_c__visibility_control.h
[31.906s] -- Symlinking: /home/ros2-user/ros2_workspace/robotics-v1/install/urscript_interfaces/include/urscript_interfaces/srv/detail/ur_script__rosidl_typesupport_fastrtps_c.h
[31.950s] -- Symlinking: /home/ros2-user/ros2_workspace/robotics-v1/install/urscript_interfaces/lib/liburscript_interfaces__rosidl_typesupport_fastrtps_c.so
[31.995s] -- Symlinking: /home/ros2-user/ros2_workspace/robotics-v1/install/urscript_interfaces/include/urscript_interfaces/msg/rosidl_typesupport_fastrtps_cpp__visibility_control.h
[32.048s] -- Symlinking: /home/ros2-user/ros2_workspace/robotics-v1/install/urscript_interfaces/include/urscript_interfaces/srv/detail/ur_script__rosidl_typesupport_fastrtps_cpp.hpp
[32.103s] -- Symlinking: /home/ros2-user/ros2_workspace/robotics-v1/install/urscript_interfaces/lib/liburscript_interfaces__rosidl_typesupport_fastrtps_cpp.so
[32.145s] -- Symlinking: /home/ros2-user/ros2_workspace/robotics-v1/install/urscript_interfaces/include/urscript_interfaces/msg/rosidl_typesupport_introspection_c__visibility_control.h
[32.188s] -- Symlinking: /home/ros2-user/ros2_workspace/robotics-v1/install/urscript_interfaces/include/urscript_interfaces/srv/detail/ur_script__rosidl_typesupport_introspection_c.h
[32.209s] -- Symlinking: /home/ros2-user/ros2_workspace/robotics-v1/install/urscript_interfaces/include/urscript_interfaces/srv/detail/ur_script__builder.hpp
[32.230s] -- Symlinking: /home/ros2-user/ros2_workspace/robotics-v1/install/urscript_interfaces/include/urscript_interfaces/srv/detail/ur_script__struct.hpp
[32.277s] -- Symlinking: /home/ros2-user/ros2_workspace/robotics-v1/install/urscript_interfaces/include/urscript_interfaces/srv/detail/ur_script__traits.hpp
[32.321s] -- Symlinking: /home/ros2-user/ros2_workspace/robotics-v1/install/urscript_interfaces/include/urscript_interfaces/srv/ur_script.hpp
[32.348s] -- Symlinking: /home/ros2-user/ros2_workspace/robotics-v1/install/urscript_interfaces/include/urscript_interfaces/srv/detail/ur_script__rosidl_typesupport_introspection_cpp.hpp
[32.381s] -- Symlinking: /home/ros2-user/ros2_workspace/robotics-v1/install/urscript_interfaces/share/urscript_interfaces/environment/pythonpath.sh
[32.410s] -- Symlinking: /home/ros2-user/ros2_workspace/robotics-v1/install/urscript_interfaces/share/urscript_interfaces/environment/pythonpath.dsv
[32.457s] -- Symlinking: /home/ros2-user/ros2_workspace/robotics-v1/install/urscript_interfaces/lib/python3.8/site-packages/urscript_interfaces/__init__.py
[32.507s] -- Symlinking: /home/ros2-user/ros2_workspace/robotics-v1/install/urscript_interfaces/lib/python3.8/site-packages/urscript_interfaces/srv/__init__.py
[32.529s] -- Symlinking: /home/ros2-user/ros2_workspace/robotics-v1/install/urscript_interfaces/lib/python3.8/site-packages/urscript_interfaces/srv/_ur_script.py
[32.551s] -- Symlinking: /home/ros2-user/ros2_workspace/robotics-v1/install/urscript_interfaces/lib/python3.8/site-packages/urscript_interfaces/urscript_interfaces_s__rosidl_typesupport_fastrtps_c.cpython-38-x86_64-linux-gnu.so
[32.570s] -- Symlinking: /home/ros2-user/ros2_workspace/robotics-v1/install/urscript_interfaces/lib/python3.8/site-packages/urscript_interfaces/urscript_interfaces_s__rosidl_typesupport_introspection_c.cpython-38-x86_64-linux-gnu.so
[32.589s] -- Symlinking: /home/ros2-user/ros2_workspace/robotics-v1/install/urscript_interfaces/lib/python3.8/site-packages/urscript_interfaces/urscript_interfaces_s__rosidl_typesupport_c.cpython-38-x86_64-linux-gnu.so
[32.674s] -- Symlinking: /home/ros2-user/ros2_workspace/robotics-v1/install/urscript_interfaces/lib/liburscript_interfaces__python.so
[32.689s] -- Symlinking: /home/ros2-user/ros2_workspace/robotics-v1/install/urscript_interfaces/share/urscript_interfaces/srv/UrScript.idl
[32.731s] -- Symlinking: /home/ros2-user/ros2_workspace/robotics-v1/install/urscript_interfaces/share/urscript_interfaces/srv/UrScript.srv
[32.817s] -- Symlinking: /home/ros2-user/ros2_workspace/robotics-v1/install/urscript_interfaces/share/urscript_interfaces/srv/UrScript_Request.msg
[32.845s] -- Symlinking: /home/ros2-user/ros2_workspace/robotics-v1/install/urscript_interfaces/share/urscript_interfaces/srv/UrScript_Response.msg
[32.868s] -- Symlinking: /home/ros2-user/ros2_workspace/robotics-v1/install/urscript_interfaces/share/ament_index/resource_index/package_run_dependencies/urscript_interfaces
[32.914s] -- Symlinking: /home/ros2-user/ros2_workspace/robotics-v1/install/urscript_interfaces/share/ament_index/resource_index/parent_prefix_path/urscript_interfaces
[32.966s] -- Symlinking: /home/ros2-user/ros2_workspace/robotics-v1/install/urscript_interfaces/share/urscript_interfaces/environment/ament_prefix_path.sh
[33.023s] -- Symlinking: /home/ros2-user/ros2_workspace/robotics-v1/install/urscript_interfaces/share/urscript_interfaces/environment/ament_prefix_path.dsv
[33.063s] -- Symlinking: /home/ros2-user/ros2_workspace/robotics-v1/install/urscript_interfaces/share/urscript_interfaces/environment/path.sh
[33.110s] -- Symlinking: /home/ros2-user/ros2_workspace/robotics-v1/install/urscript_interfaces/share/urscript_interfaces/environment/path.dsv
[33.151s] -- Symlinking: /home/ros2-user/ros2_workspace/robotics-v1/install/urscript_interfaces/share/urscript_interfaces/local_setup.bash
[33.173s] -- Symlinking: /home/ros2-user/ros2_workspace/robotics-v1/install/urscript_interfaces/share/urscript_interfaces/local_setup.sh
[33.202s] -- Symlinking: /home/ros2-user/ros2_workspace/robotics-v1/install/urscript_interfaces/share/urscript_interfaces/local_setup.zsh
[33.230s] -- Symlinking: /home/ros2-user/ros2_workspace/robotics-v1/install/urscript_interfaces/share/urscript_interfaces/local_setup.dsv
[33.269s] -- Symlinking: /home/ros2-user/ros2_workspace/robotics-v1/install/urscript_interfaces/share/urscript_interfaces/package.dsv
[33.302s] -- Symlinking: /home/ros2-user/ros2_workspace/robotics-v1/install/urscript_interfaces/share/ament_index/resource_index/packages/urscript_interfaces
[33.347s] -- Symlinking: /home/ros2-user/ros2_workspace/robotics-v1/install/urscript_interfaces/share/urscript_interfaces/cmake/rosidl_cmake-extras.cmake
[33.372s] -- Symlinking: /home/ros2-user/ros2_workspace/robotics-v1/install/urscript_interfaces/share/urscript_interfaces/cmake/ament_cmake_export_dependencies-extras.cmake
[33.403s] -- Symlinking: /home/ros2-user/ros2_workspace/robotics-v1/install/urscript_interfaces/share/urscript_interfaces/cmake/ament_cmake_export_libraries-extras.cmake
[33.435s] -- Symlinking: /home/ros2-user/ros2_workspace/robotics-v1/install/urscript_interfaces/share/urscript_interfaces/cmake/ament_cmake_export_targets-extras.cmake
[33.523s] -- Symlinking: /home/ros2-user/ros2_workspace/robotics-v1/install/urscript_interfaces/share/urscript_interfaces/cmake/ament_cmake_export_include_directories-extras.cmake
[33.613s] -- Symlinking: /home/ros2-user/ros2_workspace/robotics-v1/install/urscript_interfaces/share/urscript_interfaces/cmake/rosidl_cmake_export_typesupport_libraries-extras.cmake
[33.669s] -- Symlinking: /home/ros2-user/ros2_workspace/robotics-v1/install/urscript_interfaces/share/urscript_interfaces/cmake/rosidl_cmake_export_typesupport_targets-extras.cmake
[33.673s] -- Symlinking: /home/ros2-user/ros2_workspace/robotics-v1/install/urscript_interfaces/share/urscript_interfaces/cmake/urscript_interfacesConfig.cmake
[33.696s] -- Symlinking: /home/ros2-user/ros2_workspace/robotics-v1/install/urscript_interfaces/share/urscript_interfaces/cmake/urscript_interfacesConfig-version.cmake
[33.721s] -- Symlinking: /home/ros2-user/ros2_workspace/robotics-v1/install/urscript_interfaces/share/urscript_interfaces/package.xml
[33.745s] -- Installing: /home/ros2-user/ros2_workspace/robotics-v1/install/urscript_interfaces/lib/liburscript_interfaces__rosidl_generator_c.so
[33.748s] -- Set runtime path of "/home/ros2-user/ros2_workspace/robotics-v1/install/urscript_interfaces/lib/liburscript_interfaces__rosidl_generator_c.so" to ""
[33.748s] -- Installing: /home/ros2-user/ros2_workspace/robotics-v1/install/urscript_interfaces/lib/liburscript_interfaces__rosidl_typesupport_introspection_c.so
[33.750s] -- Set runtime path of "/home/ros2-user/ros2_workspace/robotics-v1/install/urscript_interfaces/lib/liburscript_interfaces__rosidl_typesupport_introspection_c.so" to ""
[33.751s] -- Installing: /home/ros2-user/ros2_workspace/robotics-v1/install/urscript_interfaces/lib/liburscript_interfaces__rosidl_typesupport_c.so
[33.752s] -- Set runtime path of "/home/ros2-user/ros2_workspace/robotics-v1/install/urscript_interfaces/lib/liburscript_interfaces__rosidl_typesupport_c.so" to ""
[33.752s] -- Installing: /home/ros2-user/ros2_workspace/robotics-v1/install/urscript_interfaces/lib/liburscript_interfaces__rosidl_typesupport_introspection_cpp.so
[33.753s] -- Set runtime path of "/home/ros2-user/ros2_workspace/robotics-v1/install/urscript_interfaces/lib/liburscript_interfaces__rosidl_typesupport_introspection_cpp.so" to ""
[33.753s] -- Installing: /home/ros2-user/ros2_workspace/robotics-v1/install/urscript_interfaces/lib/liburscript_interfaces__rosidl_typesupport_cpp.so
[33.754s] -- Set runtime path of "/home/ros2-user/ros2_workspace/robotics-v1/install/urscript_interfaces/lib/liburscript_interfaces__rosidl_typesupport_cpp.so" to ""
[33.819s] Compiling '/home/ros2-user/ros2_workspace/robotics-v1/install/urscript_interfaces/lib/python3.8/site-packages/urscript_interfaces/__init__.py'...
[33.831s] -- Installing: /home/ros2-user/ros2_workspace/robotics-v1/install/urscript_interfaces/share/urscript_interfaces/cmake/urscript_interfaces__rosidl_generator_cExport.cmake
[33.834s] -- Installing: /home/ros2-user/ros2_workspace/robotics-v1/install/urscript_interfaces/share/urscript_interfaces/cmake/urscript_interfaces__rosidl_generator_cExport-debug.cmake
[33.834s] -- Installing: /home/ros2-user/ros2_workspace/robotics-v1/install/urscript_interfaces/share/urscript_interfaces/cmake/urscript_interfaces__rosidl_typesupport_introspection_cExport.cmake
[33.834s] -- Installing: /home/ros2-user/ros2_workspace/robotics-v1/install/urscript_interfaces/share/urscript_interfaces/cmake/urscript_interfaces__rosidl_typesupport_introspection_cExport-debug.cmake
[33.835s] -- Installing: /home/ros2-user/ros2_workspace/robotics-v1/install/urscript_interfaces/share/urscript_interfaces/cmake/urscript_interfaces__rosidl_typesupport_cExport.cmake
[33.835s] -- Installing: /home/ros2-user/ros2_workspace/robotics-v1/install/urscript_interfaces/share/urscript_interfaces/cmake/urscript_interfaces__rosidl_typesupport_cExport-debug.cmake
[33.836s] -- Installing: /home/ros2-user/ros2_workspace/robotics-v1/install/urscript_interfaces/share/urscript_interfaces/cmake/urscript_interfaces__rosidl_generator_cppExport.cmake
[33.837s] -- Installing: /home/ros2-user/ros2_workspace/robotics-v1/install/urscript_interfaces/share/urscript_interfaces/cmake/urscript_interfaces__rosidl_typesupport_introspection_cppExport.cmake
[33.837s] -- Installing: /home/ros2-user/ros2_workspace/robotics-v1/install/urscript_interfaces/share/urscript_interfaces/cmake/urscript_interfaces__rosidl_typesupport_introspection_cppExport-debug.cmake
[33.837s] -- Installing: /home/ros2-user/ros2_workspace/robotics-v1/install/urscript_interfaces/share/urscript_interfaces/cmake/urscript_interfaces__rosidl_typesupport_cppExport.cmake
[33.837s] -- Installing: /home/ros2-user/ros2_workspace/robotics-v1/install/urscript_interfaces/share/urscript_interfaces/cmake/urscript_interfaces__rosidl_typesupport_cppExport-debug.cmake
[33.851s] Invoked command in '/home/ros2-user/ros2_workspace/robotics-v1/build/urscript_interfaces' returned '0': CMAKE_PREFIX_PATH=/opt/ros/foxy /usr/bin/cmake --install /home/ros2-user/ros2_workspace/robotics-v1/build/urscript_interfaces
