-- The C compiler identification is GNU 9.4.0
-- The CXX compiler identification is GNU 9.4.0
-- Check for working C compiler: /usr/bin/cc
-- Check for working C compiler: /usr/bin/cc -- works
-- Detecting C compiler ABI info
-- Detecting C compiler ABI info - done
-- Detecting C compile features
-- Detecting C compile features - done
-- Check for working CXX compiler: /usr/bin/g++
-- Check for working CXX compiler: /usr/bin/g++ -- works
-- Detecting CXX compiler ABI info
-- Detecting CXX compiler ABI info - done
-- Detecting CXX compile features
-- Detecting CXX compile features - done
-- Found ament_cmake: 0.9.11 (/opt/ros/foxy/share/ament_cmake/cmake)
-- Found PythonInterp: /usr/bin/python3 (found suitable version "3.8.10", minimum required is "3") 
-- Using PYTHON_EXECUTABLE: /usr/bin/python3
-- Override CMake install command with custom implementation using symlinks instead of copying resources
-- Found rosidl_default_generators: 1.0.1 (/opt/ros/foxy/share/rosidl_default_generators/cmake)
-- Using all available rosidl_typesupport_c: rosidl_typesupport_fastrtps_c;rosidl_typesupport_introspection_c
-- Found rosidl_adapter: 1.3.0 (/opt/ros/foxy/share/rosidl_adapter/cmake)
-- Found OpenSSL: /usr/lib/x86_64-linux-gnu/libcrypto.so (found version "1.1.1f")  
-- Found FastRTPS: /opt/ros/foxy/include  
-- Using all available rosidl_typesupport_cpp: rosidl_typesupport_fastrtps_cpp;rosidl_typesupport_introspection_cpp
-- Found PythonInterp: /usr/bin/python3 (found version "3.8.10") 
-- Found ament_cmake_ros: 0.9.2 (/opt/ros/foxy/share/ament_cmake_ros/cmake)
-- Using all available rosidl_typesupport_c: rosidl_typesupport_fastrtps_c;rosidl_typesupport_introspection_c
-- Using all available rosidl_typesupport_cpp: rosidl_typesupport_fastrtps_cpp;rosidl_typesupport_introspection_cpp
-- Found PythonInterp: /usr/bin/python3 (found suitable version "3.8.10", minimum required is "3.5") 
-- Found python_cmake_module: 0.8.1 (/opt/ros/foxy/share/python_cmake_module/cmake)
-- Found PythonLibs: /usr/lib/x86_64-linux-gnu/libpython3.8.so (found suitable version "3.8.10", minimum required is "3.5") 
-- Using PYTHON_EXECUTABLE: /usr/bin/python3
-- Using PYTHON_INCLUDE_DIRS: /usr/include/python3.8
-- Using PYTHON_LIBRARIES: /usr/lib/x86_64-linux-gnu/libpython3.8.so
-- Found PythonExtra: .so  
-- Configuring done
-- Generating done
-- Build files have been written to: /home/ros2-user/ros2_workspace/robotics-v1/build/robo_miner_interfaces
[35m[1mScanning dependencies of target robo_miner_interfaces__cpp[0m
[  0%] [34m[1mGenerating C++ code for ROS interfaces[0m
[  0%] Built target robo_miner_interfaces__cpp
[  1%] [34m[1mGenerating C code for ROS interfaces[0m
[35m[1mScanning dependencies of target robo_miner_interfaces__rosidl_generator_c[0m
[  2%] [32mBuilding C object CMakeFiles/robo_miner_interfaces__rosidl_generator_c.dir/rosidl_generator_c/robo_miner_interfaces/msg/detail/field_point__functions.c.o[0m
[  3%] [32mBuilding C object CMakeFiles/robo_miner_interfaces__rosidl_generator_c.dir/rosidl_generator_c/robo_miner_interfaces/msg/detail/robot_position_response__functions.c.o[0m
[  4%] [32mBuilding C object CMakeFiles/robo_miner_interfaces__rosidl_generator_c.dir/rosidl_generator_c/robo_miner_interfaces/msg/detail/u_int8_multi_array__functions.c.o[0m
[  5%] [32mBuilding C object CMakeFiles/robo_miner_interfaces__rosidl_generator_c.dir/rosidl_generator_c/robo_miner_interfaces/msg/detail/robot_move_type__functions.c.o[0m
[  6%] [32mBuilding C object CMakeFiles/robo_miner_interfaces__rosidl_generator_c.dir/rosidl_generator_c/robo_miner_interfaces/msg/detail/user_authenticate__functions.c.o[0m
[  7%] [32mBuilding C object CMakeFiles/robo_miner_interfaces__rosidl_generator_c.dir/rosidl_generator_c/robo_miner_interfaces/srv/detail/activate_mining_validate__functions.c.o[0m
[  8%] [32mBuilding C object CMakeFiles/robo_miner_interfaces__rosidl_generator_c.dir/rosidl_generator_c/robo_miner_interfaces/srv/detail/robot_move__functions.c.o[0m
[  9%] [32mBuilding C object CMakeFiles/robo_miner_interfaces__rosidl_generator_c.dir/rosidl_generator_c/robo_miner_interfaces/srv/detail/longest_sequence_validate__functions.c.o[0m
[ 10%] [32mBuilding C object CMakeFiles/robo_miner_interfaces__rosidl_generator_c.dir/rosidl_generator_c/robo_miner_interfaces/srv/detail/field_map_validate__functions.c.o[0m
[ 11%] [32mBuilding C object CMakeFiles/robo_miner_interfaces__rosidl_generator_c.dir/rosidl_generator_c/robo_miner_interfaces/srv/detail/query_initial_robot_position__functions.c.o[0m
[ 12%] [32m[1mLinking C shared library librobo_miner_interfaces__rosidl_generator_c.so[0m
[ 12%] Built target robo_miner_interfaces__rosidl_generator_c
[ 13%] [34m[1mGenerating C++ introspection for ROS interfaces[0m
[35m[1mScanning dependencies of target robo_miner_interfaces__rosidl_typesupport_introspection_cpp[0m
[ 14%] [32mBuilding CXX object CMakeFiles/robo_miner_interfaces__rosidl_typesupport_introspection_cpp.dir/rosidl_typesupport_introspection_cpp/robo_miner_interfaces/msg/detail/field_point__type_support.cpp.o[0m
[ 15%] [32mBuilding CXX object CMakeFiles/robo_miner_interfaces__rosidl_typesupport_introspection_cpp.dir/rosidl_typesupport_introspection_cpp/robo_miner_interfaces/msg/detail/robot_position_response__type_support.cpp.o[0m
[ 16%] [32mBuilding CXX object CMakeFiles/robo_miner_interfaces__rosidl_typesupport_introspection_cpp.dir/rosidl_typesupport_introspection_cpp/robo_miner_interfaces/msg/detail/u_int8_multi_array__type_support.cpp.o[0m
[ 17%] [32mBuilding CXX object CMakeFiles/robo_miner_interfaces__rosidl_typesupport_introspection_cpp.dir/rosidl_typesupport_introspection_cpp/robo_miner_interfaces/msg/detail/robot_move_type__type_support.cpp.o[0m
[ 18%] [32mBuilding CXX object CMakeFiles/robo_miner_interfaces__rosidl_typesupport_introspection_cpp.dir/rosidl_typesupport_introspection_cpp/robo_miner_interfaces/msg/detail/user_authenticate__type_support.cpp.o[0m
[ 19%] [32mBuilding CXX object CMakeFiles/robo_miner_interfaces__rosidl_typesupport_introspection_cpp.dir/rosidl_typesupport_introspection_cpp/robo_miner_interfaces/srv/detail/activate_mining_validate__type_support.cpp.o[0m
[ 20%] [32mBuilding CXX object CMakeFiles/robo_miner_interfaces__rosidl_typesupport_introspection_cpp.dir/rosidl_typesupport_introspection_cpp/robo_miner_interfaces/srv/detail/robot_move__type_support.cpp.o[0m
[ 21%] [32mBuilding CXX object CMakeFiles/robo_miner_interfaces__rosidl_typesupport_introspection_cpp.dir/rosidl_typesupport_introspection_cpp/robo_miner_interfaces/srv/detail/longest_sequence_validate__type_support.cpp.o[0m
[ 22%] [32mBuilding CXX object CMakeFiles/robo_miner_interfaces__rosidl_typesupport_introspection_cpp.dir/rosidl_typesupport_introspection_cpp/robo_miner_interfaces/srv/detail/field_map_validate__type_support.cpp.o[0m
[ 23%] [32mBuilding CXX object CMakeFiles/robo_miner_interfaces__rosidl_typesupport_introspection_cpp.dir/rosidl_typesupport_introspection_cpp/robo_miner_interfaces/srv/detail/query_initial_robot_position__type_support.cpp.o[0m
[ 24%] [32m[1mLinking CXX shared library librobo_miner_interfaces__rosidl_typesupport_introspection_cpp.so[0m
[ 24%] Built target robo_miner_interfaces__rosidl_typesupport_introspection_cpp
[ 25%] [34m[1mGenerating C introspection for ROS interfaces[0m
[35m[1mScanning dependencies of target robo_miner_interfaces__rosidl_typesupport_introspection_c[0m
[ 26%] [32mBuilding C object CMakeFiles/robo_miner_interfaces__rosidl_typesupport_introspection_c.dir/rosidl_typesupport_introspection_c/robo_miner_interfaces/msg/detail/field_point__type_support.c.o[0m
[ 27%] [32mBuilding C object CMakeFiles/robo_miner_interfaces__rosidl_typesupport_introspection_c.dir/rosidl_typesupport_introspection_c/robo_miner_interfaces/msg/detail/robot_position_response__type_support.c.o[0m
[ 28%] [32mBuilding C object CMakeFiles/robo_miner_interfaces__rosidl_typesupport_introspection_c.dir/rosidl_typesupport_introspection_c/robo_miner_interfaces/msg/detail/u_int8_multi_array__type_support.c.o[0m
[ 29%] [32mBuilding C object CMakeFiles/robo_miner_interfaces__rosidl_typesupport_introspection_c.dir/rosidl_typesupport_introspection_c/robo_miner_interfaces/msg/detail/robot_move_type__type_support.c.o[0m
[ 30%] [32mBuilding C object CMakeFiles/robo_miner_interfaces__rosidl_typesupport_introspection_c.dir/rosidl_typesupport_introspection_c/robo_miner_interfaces/msg/detail/user_authenticate__type_support.c.o[0m
[ 31%] [32mBuilding C object CMakeFiles/robo_miner_interfaces__rosidl_typesupport_introspection_c.dir/rosidl_typesupport_introspection_c/robo_miner_interfaces/srv/detail/activate_mining_validate__type_support.c.o[0m
[ 32%] [32mBuilding C object CMakeFiles/robo_miner_interfaces__rosidl_typesupport_introspection_c.dir/rosidl_typesupport_introspection_c/robo_miner_interfaces/srv/detail/robot_move__type_support.c.o[0m
[ 33%] [32mBuilding C object CMakeFiles/robo_miner_interfaces__rosidl_typesupport_introspection_c.dir/rosidl_typesupport_introspection_c/robo_miner_interfaces/srv/detail/longest_sequence_validate__type_support.c.o[0m
[ 34%] [32mBuilding C object CMakeFiles/robo_miner_interfaces__rosidl_typesupport_introspection_c.dir/rosidl_typesupport_introspection_c/robo_miner_interfaces/srv/detail/field_map_validate__type_support.c.o[0m
[ 35%] [32mBuilding C object CMakeFiles/robo_miner_interfaces__rosidl_typesupport_introspection_c.dir/rosidl_typesupport_introspection_c/robo_miner_interfaces/srv/detail/query_initial_robot_position__type_support.c.o[0m
[ 36%] [32m[1mLinking C shared library librobo_miner_interfaces__rosidl_typesupport_introspection_c.so[0m
[ 36%] Built target robo_miner_interfaces__rosidl_typesupport_introspection_c
[ 37%] [34m[1mGenerating C type support dispatch for ROS interfaces[0m
[35m[1mScanning dependencies of target robo_miner_interfaces__rosidl_typesupport_c[0m
[ 38%] [32mBuilding CXX object CMakeFiles/robo_miner_interfaces__rosidl_typesupport_c.dir/rosidl_typesupport_c/robo_miner_interfaces/msg/field_point__type_support.cpp.o[0m
[ 39%] [32mBuilding CXX object CMakeFiles/robo_miner_interfaces__rosidl_typesupport_c.dir/rosidl_typesupport_c/robo_miner_interfaces/msg/robot_position_response__type_support.cpp.o[0m
[ 40%] [32mBuilding CXX object CMakeFiles/robo_miner_interfaces__rosidl_typesupport_c.dir/rosidl_typesupport_c/robo_miner_interfaces/msg/u_int8_multi_array__type_support.cpp.o[0m
[ 41%] [32mBuilding CXX object CMakeFiles/robo_miner_interfaces__rosidl_typesupport_c.dir/rosidl_typesupport_c/robo_miner_interfaces/msg/robot_move_type__type_support.cpp.o[0m
[ 42%] [32mBuilding CXX object CMakeFiles/robo_miner_interfaces__rosidl_typesupport_c.dir/rosidl_typesupport_c/robo_miner_interfaces/msg/user_authenticate__type_support.cpp.o[0m
[ 43%] [32mBuilding CXX object CMakeFiles/robo_miner_interfaces__rosidl_typesupport_c.dir/rosidl_typesupport_c/robo_miner_interfaces/srv/activate_mining_validate__type_support.cpp.o[0m
[ 44%] [32mBuilding CXX object CMakeFiles/robo_miner_interfaces__rosidl_typesupport_c.dir/rosidl_typesupport_c/robo_miner_interfaces/srv/robot_move__type_support.cpp.o[0m
[ 45%] [32mBuilding CXX object CMakeFiles/robo_miner_interfaces__rosidl_typesupport_c.dir/rosidl_typesupport_c/robo_miner_interfaces/srv/longest_sequence_validate__type_support.cpp.o[0m
[ 45%] [32mBuilding CXX object CMakeFiles/robo_miner_interfaces__rosidl_typesupport_c.dir/rosidl_typesupport_c/robo_miner_interfaces/srv/field_map_validate__type_support.cpp.o[0m
[ 46%] [32mBuilding CXX object CMakeFiles/robo_miner_interfaces__rosidl_typesupport_c.dir/rosidl_typesupport_c/robo_miner_interfaces/srv/query_initial_robot_position__type_support.cpp.o[0m
[ 47%] [32m[1mLinking CXX shared library librobo_miner_interfaces__rosidl_typesupport_c.so[0m
[ 47%] Built target robo_miner_interfaces__rosidl_typesupport_c
[ 48%] [34m[1mGenerating C++ type support for eProsima Fast-RTPS[0m
[35m[1mScanning dependencies of target robo_miner_interfaces__rosidl_typesupport_fastrtps_cpp[0m
[ 49%] [32mBuilding CXX object CMakeFiles/robo_miner_interfaces__rosidl_typesupport_fastrtps_cpp.dir/rosidl_typesupport_fastrtps_cpp/robo_miner_interfaces/msg/detail/dds_fastrtps/field_point__type_support.cpp.o[0m
[ 49%] [32mBuilding CXX object CMakeFiles/robo_miner_interfaces__rosidl_typesupport_fastrtps_cpp.dir/rosidl_typesupport_fastrtps_cpp/robo_miner_interfaces/msg/detail/dds_fastrtps/u_int8_multi_array__type_support.cpp.o[0m
[ 50%] [32mBuilding CXX object CMakeFiles/robo_miner_interfaces__rosidl_typesupport_fastrtps_cpp.dir/rosidl_typesupport_fastrtps_cpp/robo_miner_interfaces/msg/detail/dds_fastrtps/robot_move_type__type_support.cpp.o[0m
[ 51%] [32mBuilding CXX object CMakeFiles/robo_miner_interfaces__rosidl_typesupport_fastrtps_cpp.dir/rosidl_typesupport_fastrtps_cpp/robo_miner_interfaces/msg/detail/dds_fastrtps/user_authenticate__type_support.cpp.o[0m
[ 52%] [32mBuilding CXX object CMakeFiles/robo_miner_interfaces__rosidl_typesupport_fastrtps_cpp.dir/rosidl_typesupport_fastrtps_cpp/robo_miner_interfaces/srv/detail/dds_fastrtps/activate_mining_validate__type_support.cpp.o[0m
[ 53%] [32mBuilding CXX object CMakeFiles/robo_miner_interfaces__rosidl_typesupport_fastrtps_cpp.dir/rosidl_typesupport_fastrtps_cpp/robo_miner_interfaces/srv/detail/dds_fastrtps/robot_move__type_support.cpp.o[0m
[ 54%] [32mBuilding CXX object CMakeFiles/robo_miner_interfaces__rosidl_typesupport_fastrtps_cpp.dir/rosidl_typesupport_fastrtps_cpp/robo_miner_interfaces/srv/detail/dds_fastrtps/longest_sequence_validate__type_support.cpp.o[0m
[ 55%] [32mBuilding CXX object CMakeFiles/robo_miner_interfaces__rosidl_typesupport_fastrtps_cpp.dir/rosidl_typesupport_fastrtps_cpp/robo_miner_interfaces/srv/detail/dds_fastrtps/field_map_validate__type_support.cpp.o[0m
[ 56%] [32mBuilding CXX object CMakeFiles/robo_miner_interfaces__rosidl_typesupport_fastrtps_cpp.dir/rosidl_typesupport_fastrtps_cpp/robo_miner_interfaces/srv/detail/dds_fastrtps/query_initial_robot_position__type_support.cpp.o[0m
[ 57%] [32mBuilding CXX object CMakeFiles/robo_miner_interfaces__rosidl_typesupport_fastrtps_cpp.dir/rosidl_typesupport_fastrtps_cpp/robo_miner_interfaces/msg/detail/dds_fastrtps/robot_position_response__type_support.cpp.o[0m
[ 58%] [32m[1mLinking CXX shared library librobo_miner_interfaces__rosidl_typesupport_fastrtps_cpp.so[0m
[ 58%] Built target robo_miner_interfaces__rosidl_typesupport_fastrtps_cpp
[ 59%] [34m[1mGenerating C++ type support dispatch for ROS interfaces[0m
[35m[1mScanning dependencies of target robo_miner_interfaces__rosidl_typesupport_cpp[0m
[ 60%] [32mBuilding CXX object CMakeFiles/robo_miner_interfaces__rosidl_typesupport_cpp.dir/rosidl_typesupport_cpp/robo_miner_interfaces/msg/field_point__type_support.cpp.o[0m
[ 61%] [32mBuilding CXX object CMakeFiles/robo_miner_interfaces__rosidl_typesupport_cpp.dir/rosidl_typesupport_cpp/robo_miner_interfaces/msg/u_int8_multi_array__type_support.cpp.o[0m
[ 62%] [32mBuilding CXX object CMakeFiles/robo_miner_interfaces__rosidl_typesupport_cpp.dir/rosidl_typesupport_cpp/robo_miner_interfaces/msg/robot_move_type__type_support.cpp.o[0m
[ 63%] [32mBuilding CXX object CMakeFiles/robo_miner_interfaces__rosidl_typesupport_cpp.dir/rosidl_typesupport_cpp/robo_miner_interfaces/msg/user_authenticate__type_support.cpp.o[0m
[ 64%] [32mBuilding CXX object CMakeFiles/robo_miner_interfaces__rosidl_typesupport_cpp.dir/rosidl_typesupport_cpp/robo_miner_interfaces/srv/activate_mining_validate__type_support.cpp.o[0m
[ 65%] [32mBuilding CXX object CMakeFiles/robo_miner_interfaces__rosidl_typesupport_cpp.dir/rosidl_typesupport_cpp/robo_miner_interfaces/srv/robot_move__type_support.cpp.o[0m
[ 66%] [32mBuilding CXX object CMakeFiles/robo_miner_interfaces__rosidl_typesupport_cpp.dir/rosidl_typesupport_cpp/robo_miner_interfaces/srv/longest_sequence_validate__type_support.cpp.o[0m
[ 67%] [32mBuilding CXX object CMakeFiles/robo_miner_interfaces__rosidl_typesupport_cpp.dir/rosidl_typesupport_cpp/robo_miner_interfaces/srv/field_map_validate__type_support.cpp.o[0m
[ 68%] [32mBuilding CXX object CMakeFiles/robo_miner_interfaces__rosidl_typesupport_cpp.dir/rosidl_typesupport_cpp/robo_miner_interfaces/srv/query_initial_robot_position__type_support.cpp.o[0m
[ 69%] [32mBuilding CXX object CMakeFiles/robo_miner_interfaces__rosidl_typesupport_cpp.dir/rosidl_typesupport_cpp/robo_miner_interfaces/msg/robot_position_response__type_support.cpp.o[0m
[ 70%] [32m[1mLinking CXX shared library librobo_miner_interfaces__rosidl_typesupport_cpp.so[0m
[ 70%] Built target robo_miner_interfaces__rosidl_typesupport_cpp
[ 71%] [34m[1mGenerating C type support for eProsima Fast-RTPS[0m
[35m[1mScanning dependencies of target robo_miner_interfaces__rosidl_typesupport_fastrtps_c[0m
[ 72%] [32mBuilding CXX object CMakeFiles/robo_miner_interfaces__rosidl_typesupport_fastrtps_c.dir/rosidl_typesupport_fastrtps_c/robo_miner_interfaces/msg/detail/field_point__type_support_c.cpp.o[0m
[ 73%] [32mBuilding CXX object CMakeFiles/robo_miner_interfaces__rosidl_typesupport_fastrtps_c.dir/rosidl_typesupport_fastrtps_c/robo_miner_interfaces/msg/detail/robot_move_type__type_support_c.cpp.o[0m
[ 74%] [32mBuilding CXX object CMakeFiles/robo_miner_interfaces__rosidl_typesupport_fastrtps_c.dir/rosidl_typesupport_fastrtps_c/robo_miner_interfaces/msg/detail/user_authenticate__type_support_c.cpp.o[0m
[ 75%] [32mBuilding CXX object CMakeFiles/robo_miner_interfaces__rosidl_typesupport_fastrtps_c.dir/rosidl_typesupport_fastrtps_c/robo_miner_interfaces/srv/detail/activate_mining_validate__type_support_c.cpp.o[0m
[ 76%] [32mBuilding CXX object CMakeFiles/robo_miner_interfaces__rosidl_typesupport_fastrtps_c.dir/rosidl_typesupport_fastrtps_c/robo_miner_interfaces/srv/detail/robot_move__type_support_c.cpp.o[0m
[ 77%] [32mBuilding CXX object CMakeFiles/robo_miner_interfaces__rosidl_typesupport_fastrtps_c.dir/rosidl_typesupport_fastrtps_c/robo_miner_interfaces/srv/detail/longest_sequence_validate__type_support_c.cpp.o[0m
[ 78%] [32mBuilding CXX object CMakeFiles/robo_miner_interfaces__rosidl_typesupport_fastrtps_c.dir/rosidl_typesupport_fastrtps_c/robo_miner_interfaces/srv/detail/field_map_validate__type_support_c.cpp.o[0m
[ 79%] [32mBuilding CXX object CMakeFiles/robo_miner_interfaces__rosidl_typesupport_fastrtps_c.dir/rosidl_typesupport_fastrtps_c/robo_miner_interfaces/srv/detail/query_initial_robot_position__type_support_c.cpp.o[0m
[ 80%] [32mBuilding CXX object CMakeFiles/robo_miner_interfaces__rosidl_typesupport_fastrtps_c.dir/rosidl_typesupport_fastrtps_c/robo_miner_interfaces/msg/detail/u_int8_multi_array__type_support_c.cpp.o[0m
[ 81%] [32mBuilding CXX object CMakeFiles/robo_miner_interfaces__rosidl_typesupport_fastrtps_c.dir/rosidl_typesupport_fastrtps_c/robo_miner_interfaces/msg/detail/robot_position_response__type_support_c.cpp.o[0m
[ 82%] [32m[1mLinking CXX shared library librobo_miner_interfaces__rosidl_typesupport_fastrtps_c.so[0m
[ 82%] Built target robo_miner_interfaces__rosidl_typesupport_fastrtps_c
[35m[1mScanning dependencies of target robo_miner_interfaces[0m
[ 82%] Built target robo_miner_interfaces
[35m[1mScanning dependencies of target robo_miner_interfaces__py[0m
[ 83%] [34m[1mGenerating Python code for ROS interfaces[0m
[ 83%] Built target robo_miner_interfaces__py
[35m[1mScanning dependencies of target robo_miner_interfaces__python[0m
[ 84%] [32mBuilding C object CMakeFiles/robo_miner_interfaces__python.dir/rosidl_generator_py/robo_miner_interfaces/msg/_field_point_s.c.o[0m
[ 85%] [32mBuilding C object CMakeFiles/robo_miner_interfaces__python.dir/rosidl_generator_py/robo_miner_interfaces/msg/_robot_move_type_s.c.o[0m
[ 86%] [32mBuilding C object CMakeFiles/robo_miner_interfaces__python.dir/rosidl_generator_py/robo_miner_interfaces/msg/_user_authenticate_s.c.o[0m
[ 87%] [32mBuilding C object CMakeFiles/robo_miner_interfaces__python.dir/rosidl_generator_py/robo_miner_interfaces/srv/_activate_mining_validate_s.c.o[0m
[ 88%] [32mBuilding C object CMakeFiles/robo_miner_interfaces__python.dir/rosidl_generator_py/robo_miner_interfaces/srv/_robot_move_s.c.o[0m
[ 89%] [32mBuilding C object CMakeFiles/robo_miner_interfaces__python.dir/rosidl_generator_py/robo_miner_interfaces/srv/_longest_sequence_validate_s.c.o[0m
[ 90%] [32mBuilding C object CMakeFiles/robo_miner_interfaces__python.dir/rosidl_generator_py/robo_miner_interfaces/srv/_field_map_validate_s.c.o[0m
[ 91%] [32mBuilding C object CMakeFiles/robo_miner_interfaces__python.dir/rosidl_generator_py/robo_miner_interfaces/srv/_query_initial_robot_position_s.c.o[0m
[ 92%] [32mBuilding C object CMakeFiles/robo_miner_interfaces__python.dir/rosidl_generator_py/robo_miner_interfaces/msg/_u_int8_multi_array_s.c.o[0m
[ 93%] [32mBuilding C object CMakeFiles/robo_miner_interfaces__python.dir/rosidl_generator_py/robo_miner_interfaces/msg/_robot_position_response_s.c.o[0m
[ 94%] [32m[1mLinking C shared library rosidl_generator_py/robo_miner_interfaces/librobo_miner_interfaces__python.so[0m
[ 94%] Built target robo_miner_interfaces__python
[35m[1mScanning dependencies of target robo_miner_interfaces__rosidl_typesupport_introspection_c__pyext[0m
[ 95%] [32mBuilding C object CMakeFiles/robo_miner_interfaces__rosidl_typesupport_introspection_c__pyext.dir/rosidl_generator_py/robo_miner_interfaces/_robo_miner_interfaces_s.ep.rosidl_typesupport_introspection_c.c.o[0m
[ 96%] [32m[1mLinking C shared library rosidl_generator_py/robo_miner_interfaces/robo_miner_interfaces_s__rosidl_typesupport_introspection_c.cpython-38-x86_64-linux-gnu.so[0m
[ 96%] Built target robo_miner_interfaces__rosidl_typesupport_introspection_c__pyext
[35m[1mScanning dependencies of target robo_miner_interfaces__rosidl_typesupport_c__pyext[0m
[ 97%] [32mBuilding C object CMakeFiles/robo_miner_interfaces__rosidl_typesupport_c__pyext.dir/rosidl_generator_py/robo_miner_interfaces/_robo_miner_interfaces_s.ep.rosidl_typesupport_c.c.o[0m
[ 98%] [32m[1mLinking C shared library rosidl_generator_py/robo_miner_interfaces/robo_miner_interfaces_s__rosidl_typesupport_c.cpython-38-x86_64-linux-gnu.so[0m
[ 98%] Built target robo_miner_interfaces__rosidl_typesupport_c__pyext
[35m[1mScanning dependencies of target robo_miner_interfaces__rosidl_typesupport_fastrtps_c__pyext[0m
[ 99%] [32mBuilding C object CMakeFiles/robo_miner_interfaces__rosidl_typesupport_fastrtps_c__pyext.dir/rosidl_generator_py/robo_miner_interfaces/_robo_miner_interfaces_s.ep.rosidl_typesupport_fastrtps_c.c.o[0m
[100%] [32m[1mLinking CXX shared library rosidl_generator_py/robo_miner_interfaces/robo_miner_interfaces_s__rosidl_typesupport_fastrtps_c.cpython-38-x86_64-linux-gnu.so[0m
[100%] Built target robo_miner_interfaces__rosidl_typesupport_fastrtps_c__pyext
-- Install configuration: "Debug"
-- Execute custom install script
-- Symlinking: /home/ros2-user/ros2_workspace/robotics-v1/install/robo_miner_interfaces/share/ament_index/resource_index/rosidl_interfaces/robo_miner_interfaces
-- Symlinking: /home/ros2-user/ros2_workspace/robotics-v1/install/robo_miner_interfaces/include/robo_miner_interfaces/msg/detail/field_point__functions.h
-- Symlinking: /home/ros2-user/ros2_workspace/robotics-v1/install/robo_miner_interfaces/include/robo_miner_interfaces/msg/detail/field_point__struct.h
-- Symlinking: /home/ros2-user/ros2_workspace/robotics-v1/install/robo_miner_interfaces/include/robo_miner_interfaces/msg/detail/field_point__type_support.h
-- Symlinking: /home/ros2-user/ros2_workspace/robotics-v1/install/robo_miner_interfaces/include/robo_miner_interfaces/msg/detail/robot_move_type__functions.h
-- Symlinking: /home/ros2-user/ros2_workspace/robotics-v1/install/robo_miner_interfaces/include/robo_miner_interfaces/msg/detail/robot_move_type__struct.h
-- Symlinking: /home/ros2-user/ros2_workspace/robotics-v1/install/robo_miner_interfaces/include/robo_miner_interfaces/msg/detail/robot_move_type__type_support.h
-- Symlinking: /home/ros2-user/ros2_workspace/robotics-v1/install/robo_miner_interfaces/include/robo_miner_interfaces/msg/detail/robot_position_response__functions.h
-- Symlinking: /home/ros2-user/ros2_workspace/robotics-v1/install/robo_miner_interfaces/include/robo_miner_interfaces/msg/detail/robot_position_response__struct.h
-- Symlinking: /home/ros2-user/ros2_workspace/robotics-v1/install/robo_miner_interfaces/include/robo_miner_interfaces/msg/detail/robot_position_response__type_support.h
-- Symlinking: /home/ros2-user/ros2_workspace/robotics-v1/install/robo_miner_interfaces/include/robo_miner_interfaces/msg/detail/u_int8_multi_array__functions.h
-- Symlinking: /home/ros2-user/ros2_workspace/robotics-v1/install/robo_miner_interfaces/include/robo_miner_interfaces/msg/detail/u_int8_multi_array__struct.h
-- Symlinking: /home/ros2-user/ros2_workspace/robotics-v1/install/robo_miner_interfaces/include/robo_miner_interfaces/msg/detail/u_int8_multi_array__type_support.h
-- Symlinking: /home/ros2-user/ros2_workspace/robotics-v1/install/robo_miner_interfaces/include/robo_miner_interfaces/msg/detail/user_authenticate__functions.h
-- Symlinking: /home/ros2-user/ros2_workspace/robotics-v1/install/robo_miner_interfaces/include/robo_miner_interfaces/msg/detail/user_authenticate__struct.h
-- Symlinking: /home/ros2-user/ros2_workspace/robotics-v1/install/robo_miner_interfaces/include/robo_miner_interfaces/msg/detail/user_authenticate__type_support.h
-- Symlinking: /home/ros2-user/ros2_workspace/robotics-v1/install/robo_miner_interfaces/include/robo_miner_interfaces/msg/field_point.h
-- Symlinking: /home/ros2-user/ros2_workspace/robotics-v1/install/robo_miner_interfaces/include/robo_miner_interfaces/msg/robot_move_type.h
-- Symlinking: /home/ros2-user/ros2_workspace/robotics-v1/install/robo_miner_interfaces/include/robo_miner_interfaces/msg/robot_position_response.h
-- Symlinking: /home/ros2-user/ros2_workspace/robotics-v1/install/robo_miner_interfaces/include/robo_miner_interfaces/msg/rosidl_generator_c__visibility_control.h
-- Symlinking: /home/ros2-user/ros2_workspace/robotics-v1/install/robo_miner_interfaces/include/robo_miner_interfaces/msg/u_int8_multi_array.h
-- Symlinking: /home/ros2-user/ros2_workspace/robotics-v1/install/robo_miner_interfaces/include/robo_miner_interfaces/msg/user_authenticate.h
-- Symlinking: /home/ros2-user/ros2_workspace/robotics-v1/install/robo_miner_interfaces/include/robo_miner_interfaces/srv/activate_mining_validate.h
-- Symlinking: /home/ros2-user/ros2_workspace/robotics-v1/install/robo_miner_interfaces/include/robo_miner_interfaces/srv/detail/activate_mining_validate__functions.h
-- Symlinking: /home/ros2-user/ros2_workspace/robotics-v1/install/robo_miner_interfaces/include/robo_miner_interfaces/srv/detail/activate_mining_validate__struct.h
-- Symlinking: /home/ros2-user/ros2_workspace/robotics-v1/install/robo_miner_interfaces/include/robo_miner_interfaces/srv/detail/activate_mining_validate__type_support.h
-- Symlinking: /home/ros2-user/ros2_workspace/robotics-v1/install/robo_miner_interfaces/include/robo_miner_interfaces/srv/detail/field_map_validate__functions.h
-- Symlinking: /home/ros2-user/ros2_workspace/robotics-v1/install/robo_miner_interfaces/include/robo_miner_interfaces/srv/detail/field_map_validate__struct.h
-- Symlinking: /home/ros2-user/ros2_workspace/robotics-v1/install/robo_miner_interfaces/include/robo_miner_interfaces/srv/detail/field_map_validate__type_support.h
-- Symlinking: /home/ros2-user/ros2_workspace/robotics-v1/install/robo_miner_interfaces/include/robo_miner_interfaces/srv/detail/longest_sequence_validate__functions.h
-- Symlinking: /home/ros2-user/ros2_workspace/robotics-v1/install/robo_miner_interfaces/include/robo_miner_interfaces/srv/detail/longest_sequence_validate__struct.h
-- Symlinking: /home/ros2-user/ros2_workspace/robotics-v1/install/robo_miner_interfaces/include/robo_miner_interfaces/srv/detail/longest_sequence_validate__type_support.h
-- Symlinking: /home/ros2-user/ros2_workspace/robotics-v1/install/robo_miner_interfaces/include/robo_miner_interfaces/srv/detail/query_initial_robot_position__functions.h
-- Symlinking: /home/ros2-user/ros2_workspace/robotics-v1/install/robo_miner_interfaces/include/robo_miner_interfaces/srv/detail/query_initial_robot_position__struct.h
-- Symlinking: /home/ros2-user/ros2_workspace/robotics-v1/install/robo_miner_interfaces/include/robo_miner_interfaces/srv/detail/query_initial_robot_position__type_support.h
-- Symlinking: /home/ros2-user/ros2_workspace/robotics-v1/install/robo_miner_interfaces/include/robo_miner_interfaces/srv/detail/robot_move__functions.h
-- Symlinking: /home/ros2-user/ros2_workspace/robotics-v1/install/robo_miner_interfaces/include/robo_miner_interfaces/srv/detail/robot_move__struct.h
-- Symlinking: /home/ros2-user/ros2_workspace/robotics-v1/install/robo_miner_interfaces/include/robo_miner_interfaces/srv/detail/robot_move__type_support.h
-- Symlinking: /home/ros2-user/ros2_workspace/robotics-v1/install/robo_miner_interfaces/include/robo_miner_interfaces/srv/field_map_validate.h
-- Symlinking: /home/ros2-user/ros2_workspace/robotics-v1/install/robo_miner_interfaces/include/robo_miner_interfaces/srv/longest_sequence_validate.h
-- Symlinking: /home/ros2-user/ros2_workspace/robotics-v1/install/robo_miner_interfaces/include/robo_miner_interfaces/srv/query_initial_robot_position.h
-- Symlinking: /home/ros2-user/ros2_workspace/robotics-v1/install/robo_miner_interfaces/include/robo_miner_interfaces/srv/robot_move.h
-- Symlinking: /home/ros2-user/ros2_workspace/robotics-v1/install/robo_miner_interfaces/share/robo_miner_interfaces/environment/library_path.sh
-- Symlinking: /home/ros2-user/ros2_workspace/robotics-v1/install/robo_miner_interfaces/share/robo_miner_interfaces/environment/library_path.dsv
-- Symlinking: /home/ros2-user/ros2_workspace/robotics-v1/install/robo_miner_interfaces/include/robo_miner_interfaces/msg/detail/field_point__rosidl_typesupport_fastrtps_c.h
-- Symlinking: /home/ros2-user/ros2_workspace/robotics-v1/install/robo_miner_interfaces/include/robo_miner_interfaces/msg/detail/robot_move_type__rosidl_typesupport_fastrtps_c.h
-- Symlinking: /home/ros2-user/ros2_workspace/robotics-v1/install/robo_miner_interfaces/include/robo_miner_interfaces/msg/detail/robot_position_response__rosidl_typesupport_fastrtps_c.h
-- Symlinking: /home/ros2-user/ros2_workspace/robotics-v1/install/robo_miner_interfaces/include/robo_miner_interfaces/msg/detail/u_int8_multi_array__rosidl_typesupport_fastrtps_c.h
-- Symlinking: /home/ros2-user/ros2_workspace/robotics-v1/install/robo_miner_interfaces/include/robo_miner_interfaces/msg/detail/user_authenticate__rosidl_typesupport_fastrtps_c.h
-- Symlinking: /home/ros2-user/ros2_workspace/robotics-v1/install/robo_miner_interfaces/include/robo_miner_interfaces/msg/rosidl_typesupport_fastrtps_c__visibility_control.h
-- Symlinking: /home/ros2-user/ros2_workspace/robotics-v1/install/robo_miner_interfaces/include/robo_miner_interfaces/srv/detail/activate_mining_validate__rosidl_typesupport_fastrtps_c.h
-- Symlinking: /home/ros2-user/ros2_workspace/robotics-v1/install/robo_miner_interfaces/include/robo_miner_interfaces/srv/detail/field_map_validate__rosidl_typesupport_fastrtps_c.h
-- Symlinking: /home/ros2-user/ros2_workspace/robotics-v1/install/robo_miner_interfaces/include/robo_miner_interfaces/srv/detail/longest_sequence_validate__rosidl_typesupport_fastrtps_c.h
-- Symlinking: /home/ros2-user/ros2_workspace/robotics-v1/install/robo_miner_interfaces/include/robo_miner_interfaces/srv/detail/query_initial_robot_position__rosidl_typesupport_fastrtps_c.h
-- Symlinking: /home/ros2-user/ros2_workspace/robotics-v1/install/robo_miner_interfaces/include/robo_miner_interfaces/srv/detail/robot_move__rosidl_typesupport_fastrtps_c.h
-- Symlinking: /home/ros2-user/ros2_workspace/robotics-v1/install/robo_miner_interfaces/lib/librobo_miner_interfaces__rosidl_typesupport_fastrtps_c.so
-- Symlinking: /home/ros2-user/ros2_workspace/robotics-v1/install/robo_miner_interfaces/include/robo_miner_interfaces/msg/detail/field_point__rosidl_typesupport_fastrtps_cpp.hpp
-- Symlinking: /home/ros2-user/ros2_workspace/robotics-v1/install/robo_miner_interfaces/include/robo_miner_interfaces/msg/detail/robot_move_type__rosidl_typesupport_fastrtps_cpp.hpp
-- Symlinking: /home/ros2-user/ros2_workspace/robotics-v1/install/robo_miner_interfaces/include/robo_miner_interfaces/msg/detail/robot_position_response__rosidl_typesupport_fastrtps_cpp.hpp
-- Symlinking: /home/ros2-user/ros2_workspace/robotics-v1/install/robo_miner_interfaces/include/robo_miner_interfaces/msg/detail/u_int8_multi_array__rosidl_typesupport_fastrtps_cpp.hpp
-- Symlinking: /home/ros2-user/ros2_workspace/robotics-v1/install/robo_miner_interfaces/include/robo_miner_interfaces/msg/detail/user_authenticate__rosidl_typesupport_fastrtps_cpp.hpp
-- Symlinking: /home/ros2-user/ros2_workspace/robotics-v1/install/robo_miner_interfaces/include/robo_miner_interfaces/msg/rosidl_typesupport_fastrtps_cpp__visibility_control.h
-- Symlinking: /home/ros2-user/ros2_workspace/robotics-v1/install/robo_miner_interfaces/include/robo_miner_interfaces/srv/detail/activate_mining_validate__rosidl_typesupport_fastrtps_cpp.hpp
-- Symlinking: /home/ros2-user/ros2_workspace/robotics-v1/install/robo_miner_interfaces/include/robo_miner_interfaces/srv/detail/field_map_validate__rosidl_typesupport_fastrtps_cpp.hpp
-- Symlinking: /home/ros2-user/ros2_workspace/robotics-v1/install/robo_miner_interfaces/include/robo_miner_interfaces/srv/detail/longest_sequence_validate__rosidl_typesupport_fastrtps_cpp.hpp
-- Symlinking: /home/ros2-user/ros2_workspace/robotics-v1/install/robo_miner_interfaces/include/robo_miner_interfaces/srv/detail/query_initial_robot_position__rosidl_typesupport_fastrtps_cpp.hpp
-- Symlinking: /home/ros2-user/ros2_workspace/robotics-v1/install/robo_miner_interfaces/include/robo_miner_interfaces/srv/detail/robot_move__rosidl_typesupport_fastrtps_cpp.hpp
-- Symlinking: /home/ros2-user/ros2_workspace/robotics-v1/install/robo_miner_interfaces/lib/librobo_miner_interfaces__rosidl_typesupport_fastrtps_cpp.so
-- Symlinking: /home/ros2-user/ros2_workspace/robotics-v1/install/robo_miner_interfaces/include/robo_miner_interfaces/msg/detail/field_point__rosidl_typesupport_introspection_c.h
-- Symlinking: /home/ros2-user/ros2_workspace/robotics-v1/install/robo_miner_interfaces/include/robo_miner_interfaces/msg/detail/robot_move_type__rosidl_typesupport_introspection_c.h
-- Symlinking: /home/ros2-user/ros2_workspace/robotics-v1/install/robo_miner_interfaces/include/robo_miner_interfaces/msg/detail/robot_position_response__rosidl_typesupport_introspection_c.h
-- Symlinking: /home/ros2-user/ros2_workspace/robotics-v1/install/robo_miner_interfaces/include/robo_miner_interfaces/msg/detail/u_int8_multi_array__rosidl_typesupport_introspection_c.h
-- Symlinking: /home/ros2-user/ros2_workspace/robotics-v1/install/robo_miner_interfaces/include/robo_miner_interfaces/msg/detail/user_authenticate__rosidl_typesupport_introspection_c.h
-- Symlinking: /home/ros2-user/ros2_workspace/robotics-v1/install/robo_miner_interfaces/include/robo_miner_interfaces/msg/rosidl_typesupport_introspection_c__visibility_control.h
-- Symlinking: /home/ros2-user/ros2_workspace/robotics-v1/install/robo_miner_interfaces/include/robo_miner_interfaces/srv/detail/activate_mining_validate__rosidl_typesupport_introspection_c.h
-- Symlinking: /home/ros2-user/ros2_workspace/robotics-v1/install/robo_miner_interfaces/include/robo_miner_interfaces/srv/detail/field_map_validate__rosidl_typesupport_introspection_c.h
-- Symlinking: /home/ros2-user/ros2_workspace/robotics-v1/install/robo_miner_interfaces/include/robo_miner_interfaces/srv/detail/longest_sequence_validate__rosidl_typesupport_introspection_c.h
-- Symlinking: /home/ros2-user/ros2_workspace/robotics-v1/install/robo_miner_interfaces/include/robo_miner_interfaces/srv/detail/query_initial_robot_position__rosidl_typesupport_introspection_c.h
-- Symlinking: /home/ros2-user/ros2_workspace/robotics-v1/install/robo_miner_interfaces/include/robo_miner_interfaces/srv/detail/robot_move__rosidl_typesupport_introspection_c.h
-- Symlinking: /home/ros2-user/ros2_workspace/robotics-v1/install/robo_miner_interfaces/include/robo_miner_interfaces/msg/detail/field_point__builder.hpp
-- Symlinking: /home/ros2-user/ros2_workspace/robotics-v1/install/robo_miner_interfaces/include/robo_miner_interfaces/msg/detail/field_point__struct.hpp
-- Symlinking: /home/ros2-user/ros2_workspace/robotics-v1/install/robo_miner_interfaces/include/robo_miner_interfaces/msg/detail/field_point__traits.hpp
-- Symlinking: /home/ros2-user/ros2_workspace/robotics-v1/install/robo_miner_interfaces/include/robo_miner_interfaces/msg/detail/robot_move_type__builder.hpp
-- Symlinking: /home/ros2-user/ros2_workspace/robotics-v1/install/robo_miner_interfaces/include/robo_miner_interfaces/msg/detail/robot_move_type__struct.hpp
-- Symlinking: /home/ros2-user/ros2_workspace/robotics-v1/install/robo_miner_interfaces/include/robo_miner_interfaces/msg/detail/robot_move_type__traits.hpp
-- Symlinking: /home/ros2-user/ros2_workspace/robotics-v1/install/robo_miner_interfaces/include/robo_miner_interfaces/msg/detail/robot_position_response__builder.hpp
-- Symlinking: /home/ros2-user/ros2_workspace/robotics-v1/install/robo_miner_interfaces/include/robo_miner_interfaces/msg/detail/robot_position_response__struct.hpp
-- Symlinking: /home/ros2-user/ros2_workspace/robotics-v1/install/robo_miner_interfaces/include/robo_miner_interfaces/msg/detail/robot_position_response__traits.hpp
-- Symlinking: /home/ros2-user/ros2_workspace/robotics-v1/install/robo_miner_interfaces/include/robo_miner_interfaces/msg/detail/u_int8_multi_array__builder.hpp
-- Symlinking: /home/ros2-user/ros2_workspace/robotics-v1/install/robo_miner_interfaces/include/robo_miner_interfaces/msg/detail/u_int8_multi_array__struct.hpp
-- Symlinking: /home/ros2-user/ros2_workspace/robotics-v1/install/robo_miner_interfaces/include/robo_miner_interfaces/msg/detail/u_int8_multi_array__traits.hpp
-- Symlinking: /home/ros2-user/ros2_workspace/robotics-v1/install/robo_miner_interfaces/include/robo_miner_interfaces/msg/detail/user_authenticate__builder.hpp
-- Symlinking: /home/ros2-user/ros2_workspace/robotics-v1/install/robo_miner_interfaces/include/robo_miner_interfaces/msg/detail/user_authenticate__struct.hpp
-- Symlinking: /home/ros2-user/ros2_workspace/robotics-v1/install/robo_miner_interfaces/include/robo_miner_interfaces/msg/detail/user_authenticate__traits.hpp
-- Symlinking: /home/ros2-user/ros2_workspace/robotics-v1/install/robo_miner_interfaces/include/robo_miner_interfaces/msg/field_point.hpp
-- Symlinking: /home/ros2-user/ros2_workspace/robotics-v1/install/robo_miner_interfaces/include/robo_miner_interfaces/msg/robot_move_type.hpp
-- Symlinking: /home/ros2-user/ros2_workspace/robotics-v1/install/robo_miner_interfaces/include/robo_miner_interfaces/msg/robot_position_response.hpp
-- Symlinking: /home/ros2-user/ros2_workspace/robotics-v1/install/robo_miner_interfaces/include/robo_miner_interfaces/msg/u_int8_multi_array.hpp
-- Symlinking: /home/ros2-user/ros2_workspace/robotics-v1/install/robo_miner_interfaces/include/robo_miner_interfaces/msg/user_authenticate.hpp
-- Symlinking: /home/ros2-user/ros2_workspace/robotics-v1/install/robo_miner_interfaces/include/robo_miner_interfaces/srv/activate_mining_validate.hpp
-- Symlinking: /home/ros2-user/ros2_workspace/robotics-v1/install/robo_miner_interfaces/include/robo_miner_interfaces/srv/detail/activate_mining_validate__builder.hpp
-- Symlinking: /home/ros2-user/ros2_workspace/robotics-v1/install/robo_miner_interfaces/include/robo_miner_interfaces/srv/detail/activate_mining_validate__struct.hpp
-- Symlinking: /home/ros2-user/ros2_workspace/robotics-v1/install/robo_miner_interfaces/include/robo_miner_interfaces/srv/detail/activate_mining_validate__traits.hpp
-- Symlinking: /home/ros2-user/ros2_workspace/robotics-v1/install/robo_miner_interfaces/include/robo_miner_interfaces/srv/detail/field_map_validate__builder.hpp
-- Symlinking: /home/ros2-user/ros2_workspace/robotics-v1/install/robo_miner_interfaces/include/robo_miner_interfaces/srv/detail/field_map_validate__struct.hpp
-- Symlinking: /home/ros2-user/ros2_workspace/robotics-v1/install/robo_miner_interfaces/include/robo_miner_interfaces/srv/detail/field_map_validate__traits.hpp
-- Symlinking: /home/ros2-user/ros2_workspace/robotics-v1/install/robo_miner_interfaces/include/robo_miner_interfaces/srv/detail/longest_sequence_validate__builder.hpp
-- Symlinking: /home/ros2-user/ros2_workspace/robotics-v1/install/robo_miner_interfaces/include/robo_miner_interfaces/srv/detail/longest_sequence_validate__struct.hpp
-- Symlinking: /home/ros2-user/ros2_workspace/robotics-v1/install/robo_miner_interfaces/include/robo_miner_interfaces/srv/detail/longest_sequence_validate__traits.hpp
-- Symlinking: /home/ros2-user/ros2_workspace/robotics-v1/install/robo_miner_interfaces/include/robo_miner_interfaces/srv/detail/query_initial_robot_position__builder.hpp
-- Symlinking: /home/ros2-user/ros2_workspace/robotics-v1/install/robo_miner_interfaces/include/robo_miner_interfaces/srv/detail/query_initial_robot_position__struct.hpp
-- Symlinking: /home/ros2-user/ros2_workspace/robotics-v1/install/robo_miner_interfaces/include/robo_miner_interfaces/srv/detail/query_initial_robot_position__traits.hpp
-- Symlinking: /home/ros2-user/ros2_workspace/robotics-v1/install/robo_miner_interfaces/include/robo_miner_interfaces/srv/detail/robot_move__builder.hpp
-- Symlinking: /home/ros2-user/ros2_workspace/robotics-v1/install/robo_miner_interfaces/include/robo_miner_interfaces/srv/detail/robot_move__struct.hpp
-- Symlinking: /home/ros2-user/ros2_workspace/robotics-v1/install/robo_miner_interfaces/include/robo_miner_interfaces/srv/detail/robot_move__traits.hpp
-- Symlinking: /home/ros2-user/ros2_workspace/robotics-v1/install/robo_miner_interfaces/include/robo_miner_interfaces/srv/field_map_validate.hpp
-- Symlinking: /home/ros2-user/ros2_workspace/robotics-v1/install/robo_miner_interfaces/include/robo_miner_interfaces/srv/longest_sequence_validate.hpp
-- Symlinking: /home/ros2-user/ros2_workspace/robotics-v1/install/robo_miner_interfaces/include/robo_miner_interfaces/srv/query_initial_robot_position.hpp
-- Symlinking: /home/ros2-user/ros2_workspace/robotics-v1/install/robo_miner_interfaces/include/robo_miner_interfaces/srv/robot_move.hpp
-- Symlinking: /home/ros2-user/ros2_workspace/robotics-v1/install/robo_miner_interfaces/include/robo_miner_interfaces/msg/detail/field_point__rosidl_typesupport_introspection_cpp.hpp
-- Symlinking: /home/ros2-user/ros2_workspace/robotics-v1/install/robo_miner_interfaces/include/robo_miner_interfaces/msg/detail/robot_move_type__rosidl_typesupport_introspection_cpp.hpp
-- Symlinking: /home/ros2-user/ros2_workspace/robotics-v1/install/robo_miner_interfaces/include/robo_miner_interfaces/msg/detail/robot_position_response__rosidl_typesupport_introspection_cpp.hpp
-- Symlinking: /home/ros2-user/ros2_workspace/robotics-v1/install/robo_miner_interfaces/include/robo_miner_interfaces/msg/detail/u_int8_multi_array__rosidl_typesupport_introspection_cpp.hpp
-- Symlinking: /home/ros2-user/ros2_workspace/robotics-v1/install/robo_miner_interfaces/include/robo_miner_interfaces/msg/detail/user_authenticate__rosidl_typesupport_introspection_cpp.hpp
-- Symlinking: /home/ros2-user/ros2_workspace/robotics-v1/install/robo_miner_interfaces/include/robo_miner_interfaces/srv/detail/activate_mining_validate__rosidl_typesupport_introspection_cpp.hpp
-- Symlinking: /home/ros2-user/ros2_workspace/robotics-v1/install/robo_miner_interfaces/include/robo_miner_interfaces/srv/detail/field_map_validate__rosidl_typesupport_introspection_cpp.hpp
-- Symlinking: /home/ros2-user/ros2_workspace/robotics-v1/install/robo_miner_interfaces/include/robo_miner_interfaces/srv/detail/longest_sequence_validate__rosidl_typesupport_introspection_cpp.hpp
-- Symlinking: /home/ros2-user/ros2_workspace/robotics-v1/install/robo_miner_interfaces/include/robo_miner_interfaces/srv/detail/query_initial_robot_position__rosidl_typesupport_introspection_cpp.hpp
-- Symlinking: /home/ros2-user/ros2_workspace/robotics-v1/install/robo_miner_interfaces/include/robo_miner_interfaces/srv/detail/robot_move__rosidl_typesupport_introspection_cpp.hpp
-- Symlinking: /home/ros2-user/ros2_workspace/robotics-v1/install/robo_miner_interfaces/share/robo_miner_interfaces/environment/pythonpath.sh
-- Symlinking: /home/ros2-user/ros2_workspace/robotics-v1/install/robo_miner_interfaces/share/robo_miner_interfaces/environment/pythonpath.dsv
-- Symlinking: /home/ros2-user/ros2_workspace/robotics-v1/install/robo_miner_interfaces/lib/python3.8/site-packages/robo_miner_interfaces/__init__.py
-- Symlinking: /home/ros2-user/ros2_workspace/robotics-v1/install/robo_miner_interfaces/lib/python3.8/site-packages/robo_miner_interfaces/msg/__init__.py
-- Symlinking: /home/ros2-user/ros2_workspace/robotics-v1/install/robo_miner_interfaces/lib/python3.8/site-packages/robo_miner_interfaces/msg/_field_point.py
-- Symlinking: /home/ros2-user/ros2_workspace/robotics-v1/install/robo_miner_interfaces/lib/python3.8/site-packages/robo_miner_interfaces/msg/_robot_move_type.py
-- Symlinking: /home/ros2-user/ros2_workspace/robotics-v1/install/robo_miner_interfaces/lib/python3.8/site-packages/robo_miner_interfaces/msg/_robot_position_response.py
-- Symlinking: /home/ros2-user/ros2_workspace/robotics-v1/install/robo_miner_interfaces/lib/python3.8/site-packages/robo_miner_interfaces/msg/_u_int8_multi_array.py
-- Symlinking: /home/ros2-user/ros2_workspace/robotics-v1/install/robo_miner_interfaces/lib/python3.8/site-packages/robo_miner_interfaces/msg/_user_authenticate.py
-- Symlinking: /home/ros2-user/ros2_workspace/robotics-v1/install/robo_miner_interfaces/lib/python3.8/site-packages/robo_miner_interfaces/srv/__init__.py
-- Symlinking: /home/ros2-user/ros2_workspace/robotics-v1/install/robo_miner_interfaces/lib/python3.8/site-packages/robo_miner_interfaces/srv/_activate_mining_validate.py
-- Symlinking: /home/ros2-user/ros2_workspace/robotics-v1/install/robo_miner_interfaces/lib/python3.8/site-packages/robo_miner_interfaces/srv/_field_map_validate.py
-- Symlinking: /home/ros2-user/ros2_workspace/robotics-v1/install/robo_miner_interfaces/lib/python3.8/site-packages/robo_miner_interfaces/srv/_longest_sequence_validate.py
-- Symlinking: /home/ros2-user/ros2_workspace/robotics-v1/install/robo_miner_interfaces/lib/python3.8/site-packages/robo_miner_interfaces/srv/_query_initial_robot_position.py
-- Symlinking: /home/ros2-user/ros2_workspace/robotics-v1/install/robo_miner_interfaces/lib/python3.8/site-packages/robo_miner_interfaces/srv/_robot_move.py
-- Symlinking: /home/ros2-user/ros2_workspace/robotics-v1/install/robo_miner_interfaces/lib/python3.8/site-packages/robo_miner_interfaces/robo_miner_interfaces_s__rosidl_typesupport_fastrtps_c.cpython-38-x86_64-linux-gnu.so
-- Symlinking: /home/ros2-user/ros2_workspace/robotics-v1/install/robo_miner_interfaces/lib/python3.8/site-packages/robo_miner_interfaces/robo_miner_interfaces_s__rosidl_typesupport_introspection_c.cpython-38-x86_64-linux-gnu.so
-- Symlinking: /home/ros2-user/ros2_workspace/robotics-v1/install/robo_miner_interfaces/lib/python3.8/site-packages/robo_miner_interfaces/robo_miner_interfaces_s__rosidl_typesupport_c.cpython-38-x86_64-linux-gnu.so
-- Symlinking: /home/ros2-user/ros2_workspace/robotics-v1/install/robo_miner_interfaces/lib/librobo_miner_interfaces__python.so
-- Symlinking: /home/ros2-user/ros2_workspace/robotics-v1/install/robo_miner_interfaces/share/robo_miner_interfaces/msg/FieldPoint.idl
-- Symlinking: /home/ros2-user/ros2_workspace/robotics-v1/install/robo_miner_interfaces/share/robo_miner_interfaces/msg/RobotPositionResponse.idl
-- Symlinking: /home/ros2-user/ros2_workspace/robotics-v1/install/robo_miner_interfaces/share/robo_miner_interfaces/msg/UInt8MultiArray.idl
-- Symlinking: /home/ros2-user/ros2_workspace/robotics-v1/install/robo_miner_interfaces/share/robo_miner_interfaces/msg/RobotMoveType.idl
-- Symlinking: /home/ros2-user/ros2_workspace/robotics-v1/install/robo_miner_interfaces/share/robo_miner_interfaces/msg/UserAuthenticate.idl
-- Symlinking: /home/ros2-user/ros2_workspace/robotics-v1/install/robo_miner_interfaces/share/robo_miner_interfaces/srv/ActivateMiningValidate.idl
-- Symlinking: /home/ros2-user/ros2_workspace/robotics-v1/install/robo_miner_interfaces/share/robo_miner_interfaces/srv/RobotMove.idl
-- Symlinking: /home/ros2-user/ros2_workspace/robotics-v1/install/robo_miner_interfaces/share/robo_miner_interfaces/srv/LongestSequenceValidate.idl
-- Symlinking: /home/ros2-user/ros2_workspace/robotics-v1/install/robo_miner_interfaces/share/robo_miner_interfaces/srv/FieldMapValidate.idl
-- Symlinking: /home/ros2-user/ros2_workspace/robotics-v1/install/robo_miner_interfaces/share/robo_miner_interfaces/srv/QueryInitialRobotPosition.idl
-- Symlinking: /home/ros2-user/ros2_workspace/robotics-v1/install/robo_miner_interfaces/share/robo_miner_interfaces/msg/FieldPoint.msg
-- Symlinking: /home/ros2-user/ros2_workspace/robotics-v1/install/robo_miner_interfaces/share/robo_miner_interfaces/msg/RobotPositionResponse.msg
-- Symlinking: /home/ros2-user/ros2_workspace/robotics-v1/install/robo_miner_interfaces/share/robo_miner_interfaces/msg/UInt8MultiArray.msg
-- Symlinking: /home/ros2-user/ros2_workspace/robotics-v1/install/robo_miner_interfaces/share/robo_miner_interfaces/msg/RobotMoveType.msg
-- Symlinking: /home/ros2-user/ros2_workspace/robotics-v1/install/robo_miner_interfaces/share/robo_miner_interfaces/msg/UserAuthenticate.msg
-- Symlinking: /home/ros2-user/ros2_workspace/robotics-v1/install/robo_miner_interfaces/share/robo_miner_interfaces/srv/ActivateMiningValidate.srv
-- Symlinking: /home/ros2-user/ros2_workspace/robotics-v1/install/robo_miner_interfaces/share/robo_miner_interfaces/srv/ActivateMiningValidate_Request.msg
-- Symlinking: /home/ros2-user/ros2_workspace/robotics-v1/install/robo_miner_interfaces/share/robo_miner_interfaces/srv/ActivateMiningValidate_Response.msg
-- Symlinking: /home/ros2-user/ros2_workspace/robotics-v1/install/robo_miner_interfaces/share/robo_miner_interfaces/srv/RobotMove.srv
-- Symlinking: /home/ros2-user/ros2_workspace/robotics-v1/install/robo_miner_interfaces/share/robo_miner_interfaces/srv/RobotMove_Request.msg
-- Symlinking: /home/ros2-user/ros2_workspace/robotics-v1/install/robo_miner_interfaces/share/robo_miner_interfaces/srv/RobotMove_Response.msg
-- Symlinking: /home/ros2-user/ros2_workspace/robotics-v1/install/robo_miner_interfaces/share/robo_miner_interfaces/srv/LongestSequenceValidate.srv
-- Symlinking: /home/ros2-user/ros2_workspace/robotics-v1/install/robo_miner_interfaces/share/robo_miner_interfaces/srv/LongestSequenceValidate_Request.msg
-- Symlinking: /home/ros2-user/ros2_workspace/robotics-v1/install/robo_miner_interfaces/share/robo_miner_interfaces/srv/LongestSequenceValidate_Response.msg
-- Symlinking: /home/ros2-user/ros2_workspace/robotics-v1/install/robo_miner_interfaces/share/robo_miner_interfaces/srv/FieldMapValidate.srv
-- Symlinking: /home/ros2-user/ros2_workspace/robotics-v1/install/robo_miner_interfaces/share/robo_miner_interfaces/srv/FieldMapValidate_Request.msg
-- Symlinking: /home/ros2-user/ros2_workspace/robotics-v1/install/robo_miner_interfaces/share/robo_miner_interfaces/srv/FieldMapValidate_Response.msg
-- Symlinking: /home/ros2-user/ros2_workspace/robotics-v1/install/robo_miner_interfaces/share/robo_miner_interfaces/srv/QueryInitialRobotPosition.srv
-- Symlinking: /home/ros2-user/ros2_workspace/robotics-v1/install/robo_miner_interfaces/share/robo_miner_interfaces/srv/QueryInitialRobotPosition_Request.msg
-- Symlinking: /home/ros2-user/ros2_workspace/robotics-v1/install/robo_miner_interfaces/share/robo_miner_interfaces/srv/QueryInitialRobotPosition_Response.msg
-- Symlinking: /home/ros2-user/ros2_workspace/robotics-v1/install/robo_miner_interfaces/share/ament_index/resource_index/package_run_dependencies/robo_miner_interfaces
-- Symlinking: /home/ros2-user/ros2_workspace/robotics-v1/install/robo_miner_interfaces/share/ament_index/resource_index/parent_prefix_path/robo_miner_interfaces
-- Symlinking: /home/ros2-user/ros2_workspace/robotics-v1/install/robo_miner_interfaces/share/robo_miner_interfaces/environment/ament_prefix_path.sh
-- Symlinking: /home/ros2-user/ros2_workspace/robotics-v1/install/robo_miner_interfaces/share/robo_miner_interfaces/environment/ament_prefix_path.dsv
-- Symlinking: /home/ros2-user/ros2_workspace/robotics-v1/install/robo_miner_interfaces/share/robo_miner_interfaces/environment/path.sh
-- Symlinking: /home/ros2-user/ros2_workspace/robotics-v1/install/robo_miner_interfaces/share/robo_miner_interfaces/environment/path.dsv
-- Symlinking: /home/ros2-user/ros2_workspace/robotics-v1/install/robo_miner_interfaces/share/robo_miner_interfaces/local_setup.bash
-- Symlinking: /home/ros2-user/ros2_workspace/robotics-v1/install/robo_miner_interfaces/share/robo_miner_interfaces/local_setup.sh
-- Symlinking: /home/ros2-user/ros2_workspace/robotics-v1/install/robo_miner_interfaces/share/robo_miner_interfaces/local_setup.zsh
-- Symlinking: /home/ros2-user/ros2_workspace/robotics-v1/install/robo_miner_interfaces/share/robo_miner_interfaces/local_setup.dsv
-- Symlinking: /home/ros2-user/ros2_workspace/robotics-v1/install/robo_miner_interfaces/share/robo_miner_interfaces/package.dsv
-- Symlinking: /home/ros2-user/ros2_workspace/robotics-v1/install/robo_miner_interfaces/share/ament_index/resource_index/packages/robo_miner_interfaces
-- Symlinking: /home/ros2-user/ros2_workspace/robotics-v1/install/robo_miner_interfaces/share/robo_miner_interfaces/cmake/rosidl_cmake-extras.cmake
-- Symlinking: /home/ros2-user/ros2_workspace/robotics-v1/install/robo_miner_interfaces/share/robo_miner_interfaces/cmake/ament_cmake_export_dependencies-extras.cmake
-- Symlinking: /home/ros2-user/ros2_workspace/robotics-v1/install/robo_miner_interfaces/share/robo_miner_interfaces/cmake/ament_cmake_export_libraries-extras.cmake
-- Symlinking: /home/ros2-user/ros2_workspace/robotics-v1/install/robo_miner_interfaces/share/robo_miner_interfaces/cmake/ament_cmake_export_targets-extras.cmake
-- Symlinking: /home/ros2-user/ros2_workspace/robotics-v1/install/robo_miner_interfaces/share/robo_miner_interfaces/cmake/ament_cmake_export_include_directories-extras.cmake
-- Symlinking: /home/ros2-user/ros2_workspace/robotics-v1/install/robo_miner_interfaces/share/robo_miner_interfaces/cmake/rosidl_cmake_export_typesupport_libraries-extras.cmake
-- Symlinking: /home/ros2-user/ros2_workspace/robotics-v1/install/robo_miner_interfaces/share/robo_miner_interfaces/cmake/rosidl_cmake_export_typesupport_targets-extras.cmake
-- Symlinking: /home/ros2-user/ros2_workspace/robotics-v1/install/robo_miner_interfaces/share/robo_miner_interfaces/cmake/robo_miner_interfacesConfig.cmake
-- Symlinking: /home/ros2-user/ros2_workspace/robotics-v1/install/robo_miner_interfaces/share/robo_miner_interfaces/cmake/robo_miner_interfacesConfig-version.cmake
-- Symlinking: /home/ros2-user/ros2_workspace/robotics-v1/install/robo_miner_interfaces/share/robo_miner_interfaces/package.xml
-- Installing: /home/ros2-user/ros2_workspace/robotics-v1/install/robo_miner_interfaces/lib/librobo_miner_interfaces__rosidl_generator_c.so
-- Set runtime path of "/home/ros2-user/ros2_workspace/robotics-v1/install/robo_miner_interfaces/lib/librobo_miner_interfaces__rosidl_generator_c.so" to ""
-- Installing: /home/ros2-user/ros2_workspace/robotics-v1/install/robo_miner_interfaces/lib/librobo_miner_interfaces__rosidl_typesupport_introspection_c.so
-- Set runtime path of "/home/ros2-user/ros2_workspace/robotics-v1/install/robo_miner_interfaces/lib/librobo_miner_interfaces__rosidl_typesupport_introspection_c.so" to ""
-- Installing: /home/ros2-user/ros2_workspace/robotics-v1/install/robo_miner_interfaces/lib/librobo_miner_interfaces__rosidl_typesupport_c.so
-- Set runtime path of "/home/ros2-user/ros2_workspace/robotics-v1/install/robo_miner_interfaces/lib/librobo_miner_interfaces__rosidl_typesupport_c.so" to ""
-- Installing: /home/ros2-user/ros2_workspace/robotics-v1/install/robo_miner_interfaces/lib/librobo_miner_interfaces__rosidl_typesupport_introspection_cpp.so
-- Set runtime path of "/home/ros2-user/ros2_workspace/robotics-v1/install/robo_miner_interfaces/lib/librobo_miner_interfaces__rosidl_typesupport_introspection_cpp.so" to ""
-- Installing: /home/ros2-user/ros2_workspace/robotics-v1/install/robo_miner_interfaces/lib/librobo_miner_interfaces__rosidl_typesupport_cpp.so
-- Set runtime path of "/home/ros2-user/ros2_workspace/robotics-v1/install/robo_miner_interfaces/lib/librobo_miner_interfaces__rosidl_typesupport_cpp.so" to ""
Compiling '/home/ros2-user/ros2_workspace/robotics-v1/install/robo_miner_interfaces/lib/python3.8/site-packages/robo_miner_interfaces/__init__.py'...
-- Installing: /home/ros2-user/ros2_workspace/robotics-v1/install/robo_miner_interfaces/share/robo_miner_interfaces/cmake/robo_miner_interfaces__rosidl_generator_cExport.cmake
-- Installing: /home/ros2-user/ros2_workspace/robotics-v1/install/robo_miner_interfaces/share/robo_miner_interfaces/cmake/robo_miner_interfaces__rosidl_generator_cExport-debug.cmake
-- Installing: /home/ros2-user/ros2_workspace/robotics-v1/install/robo_miner_interfaces/share/robo_miner_interfaces/cmake/robo_miner_interfaces__rosidl_typesupport_introspection_cExport.cmake
-- Installing: /home/ros2-user/ros2_workspace/robotics-v1/install/robo_miner_interfaces/share/robo_miner_interfaces/cmake/robo_miner_interfaces__rosidl_typesupport_introspection_cExport-debug.cmake
-- Installing: /home/ros2-user/ros2_workspace/robotics-v1/install/robo_miner_interfaces/share/robo_miner_interfaces/cmake/robo_miner_interfaces__rosidl_typesupport_cExport.cmake
-- Installing: /home/ros2-user/ros2_workspace/robotics-v1/install/robo_miner_interfaces/share/robo_miner_interfaces/cmake/robo_miner_interfaces__rosidl_typesupport_cExport-debug.cmake
-- Installing: /home/ros2-user/ros2_workspace/robotics-v1/install/robo_miner_interfaces/share/robo_miner_interfaces/cmake/robo_miner_interfaces__rosidl_generator_cppExport.cmake
-- Installing: /home/ros2-user/ros2_workspace/robotics-v1/install/robo_miner_interfaces/share/robo_miner_interfaces/cmake/robo_miner_interfaces__rosidl_typesupport_introspection_cppExport.cmake
-- Installing: /home/ros2-user/ros2_workspace/robotics-v1/install/robo_miner_interfaces/share/robo_miner_interfaces/cmake/robo_miner_interfaces__rosidl_typesupport_introspection_cppExport-debug.cmake
-- Installing: /home/ros2-user/ros2_workspace/robotics-v1/install/robo_miner_interfaces/share/robo_miner_interfaces/cmake/robo_miner_interfaces__rosidl_typesupport_cppExport.cmake
-- Installing: /home/ros2-user/ros2_workspace/robotics-v1/install/robo_miner_interfaces/share/robo_miner_interfaces/cmake/robo_miner_interfaces__rosidl_typesupport_cppExport-debug.cmake
