[0.112s] Invoking command in '/home/ros2-user/ros2_workspace/robotics-v1/build/robo_miner_interfaces': CMAKE_PREFIX_PATH=/opt/ros/foxy /usr/bin/cmake /home/ros2-user/ros2_workspace/robotics-v1/src/robo_miner/robo_miner_interfaces -DCMAKE_BUILD_TYPE=Debug -DCMAKE_CXX_COMPILER=/usr/bin/g++ -DAMENT_CMAKE_SYMLINK_INSTALL=1 -DCMAKE_INSTALL_PREFIX=/home/ros2-user/ros2_workspace/robotics-v1/install/robo_miner_interfaces
[0.414s] -- The C compiler identification is GNU 9.4.0
[0.917s] -- The CXX compiler identification is GNU 9.4.0
[0.939s] -- Check for working C compiler: /usr/bin/cc
[1.167s] -- Check for working C compiler: /usr/bin/cc -- works
[1.171s] -- Detecting C compiler ABI info
[1.684s] -- Detecting C compiler ABI info - done
[1.721s] -- Detecting C compile features
[1.722s] -- Detecting C compile features - done
[1.884s] -- Check for working CXX compiler: /usr/bin/g++
[2.279s] -- Check for working CXX compiler: /usr/bin/g++ -- works
[2.288s] -- Detecting CXX compiler ABI info
[2.762s] -- Detecting CXX compiler ABI info - done
[2.794s] -- Detecting CXX compile features
[2.795s] -- Detecting CXX compile features - done
[2.799s] -- Found ament_cmake: 0.9.11 (/opt/ros/foxy/share/ament_cmake/cmake)
[2.913s] -- Found PythonInterp: /usr/bin/python3 (found suitable version "3.8.10", minimum required is "3") 
[2.914s] -- Using PYTHON_EXECUTABLE: /usr/bin/python3
[3.366s] -- Override CMake install command with custom implementation using symlinks instead of copying resources
[3.414s] -- Found rosidl_default_generators: 1.0.1 (/opt/ros/foxy/share/rosidl_default_generators/cmake)
[3.420s] -- Using all available rosidl_typesupport_c: rosidl_typesupport_fastrtps_c;rosidl_typesupport_introspection_c
[3.432s] -- Found rosidl_adapter: 1.3.0 (/opt/ros/foxy/share/rosidl_adapter/cmake)
[4.127s] -- Found OpenSSL: /usr/lib/x86_64-linux-gnu/libcrypto.so (found version "1.1.1f")  
[4.227s] -- Found FastRTPS: /opt/ros/foxy/include  
[4.596s] -- Using all available rosidl_typesupport_cpp: rosidl_typesupport_fastrtps_cpp;rosidl_typesupport_introspection_cpp
[4.764s] -- Found PythonInterp: /usr/bin/python3 (found version "3.8.10") 
[5.381s] -- Found ament_cmake_ros: 0.9.2 (/opt/ros/foxy/share/ament_cmake_ros/cmake)
[5.919s] -- Using all available rosidl_typesupport_c: rosidl_typesupport_fastrtps_c;rosidl_typesupport_introspection_c
[5.959s] -- Using all available rosidl_typesupport_cpp: rosidl_typesupport_fastrtps_cpp;rosidl_typesupport_introspection_cpp
[6.115s] -- Found PythonInterp: /usr/bin/python3 (found suitable version "3.8.10", minimum required is "3.5") 
[6.117s] -- Found python_cmake_module: 0.8.1 (/opt/ros/foxy/share/python_cmake_module/cmake)
[6.279s] -- Found PythonLibs: /usr/lib/x86_64-linux-gnu/libpython3.8.so (found suitable version "3.8.10", minimum required is "3.5") 
[6.281s] -- Using PYTHON_EXECUTABLE: /usr/bin/python3
[6.282s] -- Using PYTHON_INCLUDE_DIRS: /usr/include/python3.8
[6.282s] -- Using PYTHON_LIBRARIES: /usr/lib/x86_64-linux-gnu/libpython3.8.so
[6.376s] -- Found PythonExtra: .so  
[6.665s] -- Configuring done
[6.992s] -- Generating done
[7.062s] -- Build files have been written to: /home/ros2-user/ros2_workspace/robotics-v1/build/robo_miner_interfaces
[7.081s] Invoked command in '/home/ros2-user/ros2_workspace/robotics-v1/build/robo_miner_interfaces' returned '0': CMAKE_PREFIX_PATH=/opt/ros/foxy /usr/bin/cmake /home/ros2-user/ros2_workspace/robotics-v1/src/robo_miner/robo_miner_interfaces -DCMAKE_BUILD_TYPE=Debug -DCMAKE_CXX_COMPILER=/usr/bin/g++ -DAMENT_CMAKE_SYMLINK_INSTALL=1 -DCMAKE_INSTALL_PREFIX=/home/ros2-user/ros2_workspace/robotics-v1/install/robo_miner_interfaces
[7.090s] Invoking command in '/home/ros2-user/ros2_workspace/robotics-v1/build/robo_miner_interfaces': CMAKE_PREFIX_PATH=/opt/ros/foxy /usr/bin/cmake --build /home/ros2-user/ros2_workspace/robotics-v1/build/robo_miner_interfaces -- -j4 -l4
[7.522s] [35m[1mScanning dependencies of target robo_miner_interfaces__cpp[0m
[7.568s] [  0%] [34m[1mGenerating C++ code for ROS interfaces[0m
[10.756s] [  0%] Built target robo_miner_interfaces__cpp
[10.781s] [  1%] [34m[1mGenerating C code for ROS interfaces[0m
[14.821s] [35m[1mScanning dependencies of target robo_miner_interfaces__rosidl_generator_c[0m
[14.903s] [  2%] [32mBuilding C object CMakeFiles/robo_miner_interfaces__rosidl_generator_c.dir/rosidl_generator_c/robo_miner_interfaces/msg/detail/field_point__functions.c.o[0m
[15.101s] [  3%] [32mBuilding C object CMakeFiles/robo_miner_interfaces__rosidl_generator_c.dir/rosidl_generator_c/robo_miner_interfaces/msg/detail/robot_position_response__functions.c.o[0m
[15.409s] [  4%] [32mBuilding C object CMakeFiles/robo_miner_interfaces__rosidl_generator_c.dir/rosidl_generator_c/robo_miner_interfaces/msg/detail/u_int8_multi_array__functions.c.o[0m
[15.585s] [  5%] [32mBuilding C object CMakeFiles/robo_miner_interfaces__rosidl_generator_c.dir/rosidl_generator_c/robo_miner_interfaces/msg/detail/robot_move_type__functions.c.o[0m
[16.115s] [  6%] [32mBuilding C object CMakeFiles/robo_miner_interfaces__rosidl_generator_c.dir/rosidl_generator_c/robo_miner_interfaces/msg/detail/user_authenticate__functions.c.o[0m
[16.476s] [  7%] [32mBuilding C object CMakeFiles/robo_miner_interfaces__rosidl_generator_c.dir/rosidl_generator_c/robo_miner_interfaces/srv/detail/activate_mining_validate__functions.c.o[0m
[16.701s] [  8%] [32mBuilding C object CMakeFiles/robo_miner_interfaces__rosidl_generator_c.dir/rosidl_generator_c/robo_miner_interfaces/srv/detail/robot_move__functions.c.o[0m
[17.023s] [  9%] [32mBuilding C object CMakeFiles/robo_miner_interfaces__rosidl_generator_c.dir/rosidl_generator_c/robo_miner_interfaces/srv/detail/longest_sequence_validate__functions.c.o[0m
[17.170s] [ 10%] [32mBuilding C object CMakeFiles/robo_miner_interfaces__rosidl_generator_c.dir/rosidl_generator_c/robo_miner_interfaces/srv/detail/field_map_validate__functions.c.o[0m
[17.380s] [ 11%] [32mBuilding C object CMakeFiles/robo_miner_interfaces__rosidl_generator_c.dir/rosidl_generator_c/robo_miner_interfaces/srv/detail/query_initial_robot_position__functions.c.o[0m
[17.572s] [ 12%] [32m[1mLinking C shared library librobo_miner_interfaces__rosidl_generator_c.so[0m
[17.708s] [ 12%] Built target robo_miner_interfaces__rosidl_generator_c
[17.738s] [ 13%] [34m[1mGenerating C++ introspection for ROS interfaces[0m
[20.894s] [35m[1mScanning dependencies of target robo_miner_interfaces__rosidl_typesupport_introspection_cpp[0m
[21.099s] [ 14%] [32mBuilding CXX object CMakeFiles/robo_miner_interfaces__rosidl_typesupport_introspection_cpp.dir/rosidl_typesupport_introspection_cpp/robo_miner_interfaces/msg/detail/field_point__type_support.cpp.o[0m
[21.812s] [ 15%] [32mBuilding CXX object CMakeFiles/robo_miner_interfaces__rosidl_typesupport_introspection_cpp.dir/rosidl_typesupport_introspection_cpp/robo_miner_interfaces/msg/detail/robot_position_response__type_support.cpp.o[0m
[23.036s] [ 16%] [32mBuilding CXX object CMakeFiles/robo_miner_interfaces__rosidl_typesupport_introspection_cpp.dir/rosidl_typesupport_introspection_cpp/robo_miner_interfaces/msg/detail/u_int8_multi_array__type_support.cpp.o[0m
[24.918s] [ 17%] [32mBuilding CXX object CMakeFiles/robo_miner_interfaces__rosidl_typesupport_introspection_cpp.dir/rosidl_typesupport_introspection_cpp/robo_miner_interfaces/msg/detail/robot_move_type__type_support.cpp.o[0m
[25.840s] [ 18%] [32mBuilding CXX object CMakeFiles/robo_miner_interfaces__rosidl_typesupport_introspection_cpp.dir/rosidl_typesupport_introspection_cpp/robo_miner_interfaces/msg/detail/user_authenticate__type_support.cpp.o[0m
[26.608s] [ 19%] [32mBuilding CXX object CMakeFiles/robo_miner_interfaces__rosidl_typesupport_introspection_cpp.dir/rosidl_typesupport_introspection_cpp/robo_miner_interfaces/srv/detail/activate_mining_validate__type_support.cpp.o[0m
[27.455s] [ 20%] [32mBuilding CXX object CMakeFiles/robo_miner_interfaces__rosidl_typesupport_introspection_cpp.dir/rosidl_typesupport_introspection_cpp/robo_miner_interfaces/srv/detail/robot_move__type_support.cpp.o[0m
[28.405s] [ 21%] [32mBuilding CXX object CMakeFiles/robo_miner_interfaces__rosidl_typesupport_introspection_cpp.dir/rosidl_typesupport_introspection_cpp/robo_miner_interfaces/srv/detail/longest_sequence_validate__type_support.cpp.o[0m
[29.171s] [ 22%] [32mBuilding CXX object CMakeFiles/robo_miner_interfaces__rosidl_typesupport_introspection_cpp.dir/rosidl_typesupport_introspection_cpp/robo_miner_interfaces/srv/detail/field_map_validate__type_support.cpp.o[0m
[30.112s] [ 23%] [32mBuilding CXX object CMakeFiles/robo_miner_interfaces__rosidl_typesupport_introspection_cpp.dir/rosidl_typesupport_introspection_cpp/robo_miner_interfaces/srv/detail/query_initial_robot_position__type_support.cpp.o[0m
[32.044s] [ 24%] [32m[1mLinking CXX shared library librobo_miner_interfaces__rosidl_typesupport_introspection_cpp.so[0m
[32.603s] [ 24%] Built target robo_miner_interfaces__rosidl_typesupport_introspection_cpp
[32.645s] [ 25%] [34m[1mGenerating C introspection for ROS interfaces[0m
[35.074s] [35m[1mScanning dependencies of target robo_miner_interfaces__rosidl_typesupport_introspection_c[0m
[35.221s] [ 26%] [32mBuilding C object CMakeFiles/robo_miner_interfaces__rosidl_typesupport_introspection_c.dir/rosidl_typesupport_introspection_c/robo_miner_interfaces/msg/detail/field_point__type_support.c.o[0m
[35.314s] [ 27%] [32mBuilding C object CMakeFiles/robo_miner_interfaces__rosidl_typesupport_introspection_c.dir/rosidl_typesupport_introspection_c/robo_miner_interfaces/msg/detail/robot_position_response__type_support.c.o[0m
[35.481s] [ 28%] [32mBuilding C object CMakeFiles/robo_miner_interfaces__rosidl_typesupport_introspection_c.dir/rosidl_typesupport_introspection_c/robo_miner_interfaces/msg/detail/u_int8_multi_array__type_support.c.o[0m
[35.765s] [ 29%] [32mBuilding C object CMakeFiles/robo_miner_interfaces__rosidl_typesupport_introspection_c.dir/rosidl_typesupport_introspection_c/robo_miner_interfaces/msg/detail/robot_move_type__type_support.c.o[0m
[35.922s] [ 30%] [32mBuilding C object CMakeFiles/robo_miner_interfaces__rosidl_typesupport_introspection_c.dir/rosidl_typesupport_introspection_c/robo_miner_interfaces/msg/detail/user_authenticate__type_support.c.o[0m
[36.635s] [ 31%] [32mBuilding C object CMakeFiles/robo_miner_interfaces__rosidl_typesupport_introspection_c.dir/rosidl_typesupport_introspection_c/robo_miner_interfaces/srv/detail/activate_mining_validate__type_support.c.o[0m
[36.742s] [ 32%] [32mBuilding C object CMakeFiles/robo_miner_interfaces__rosidl_typesupport_introspection_c.dir/rosidl_typesupport_introspection_c/robo_miner_interfaces/srv/detail/robot_move__type_support.c.o[0m
[36.904s] [ 33%] [32mBuilding C object CMakeFiles/robo_miner_interfaces__rosidl_typesupport_introspection_c.dir/rosidl_typesupport_introspection_c/robo_miner_interfaces/srv/detail/longest_sequence_validate__type_support.c.o[0m
[37.311s] [ 34%] [32mBuilding C object CMakeFiles/robo_miner_interfaces__rosidl_typesupport_introspection_c.dir/rosidl_typesupport_introspection_c/robo_miner_interfaces/srv/detail/field_map_validate__type_support.c.o[0m
[37.422s] [ 35%] [32mBuilding C object CMakeFiles/robo_miner_interfaces__rosidl_typesupport_introspection_c.dir/rosidl_typesupport_introspection_c/robo_miner_interfaces/srv/detail/query_initial_robot_position__type_support.c.o[0m
[37.536s] [ 36%] [32m[1mLinking C shared library librobo_miner_interfaces__rosidl_typesupport_introspection_c.so[0m
[38.102s] [ 36%] Built target robo_miner_interfaces__rosidl_typesupport_introspection_c
[38.145s] [ 37%] [34m[1mGenerating C type support dispatch for ROS interfaces[0m
[40.080s] [35m[1mScanning dependencies of target robo_miner_interfaces__rosidl_typesupport_c[0m
[40.275s] [ 38%] [32mBuilding CXX object CMakeFiles/robo_miner_interfaces__rosidl_typesupport_c.dir/rosidl_typesupport_c/robo_miner_interfaces/msg/field_point__type_support.cpp.o[0m
[40.456s] [ 39%] [32mBuilding CXX object CMakeFiles/robo_miner_interfaces__rosidl_typesupport_c.dir/rosidl_typesupport_c/robo_miner_interfaces/msg/robot_position_response__type_support.cpp.o[0m
[40.666s] [ 40%] [32mBuilding CXX object CMakeFiles/robo_miner_interfaces__rosidl_typesupport_c.dir/rosidl_typesupport_c/robo_miner_interfaces/msg/u_int8_multi_array__type_support.cpp.o[0m
[40.804s] [ 41%] [32mBuilding CXX object CMakeFiles/robo_miner_interfaces__rosidl_typesupport_c.dir/rosidl_typesupport_c/robo_miner_interfaces/msg/robot_move_type__type_support.cpp.o[0m
[41.015s] [ 42%] [32mBuilding CXX object CMakeFiles/robo_miner_interfaces__rosidl_typesupport_c.dir/rosidl_typesupport_c/robo_miner_interfaces/msg/user_authenticate__type_support.cpp.o[0m
[41.148s] [ 43%] [32mBuilding CXX object CMakeFiles/robo_miner_interfaces__rosidl_typesupport_c.dir/rosidl_typesupport_c/robo_miner_interfaces/srv/activate_mining_validate__type_support.cpp.o[0m
[41.329s] [ 44%] [32mBuilding CXX object CMakeFiles/robo_miner_interfaces__rosidl_typesupport_c.dir/rosidl_typesupport_c/robo_miner_interfaces/srv/robot_move__type_support.cpp.o[0m
[42.426s] [ 45%] [32mBuilding CXX object CMakeFiles/robo_miner_interfaces__rosidl_typesupport_c.dir/rosidl_typesupport_c/robo_miner_interfaces/srv/longest_sequence_validate__type_support.cpp.o[0m
[42.531s] [ 45%] [32mBuilding CXX object CMakeFiles/robo_miner_interfaces__rosidl_typesupport_c.dir/rosidl_typesupport_c/robo_miner_interfaces/srv/field_map_validate__type_support.cpp.o[0m
[42.766s] [ 46%] [32mBuilding CXX object CMakeFiles/robo_miner_interfaces__rosidl_typesupport_c.dir/rosidl_typesupport_c/robo_miner_interfaces/srv/query_initial_robot_position__type_support.cpp.o[0m
[42.941s] [ 47%] [32m[1mLinking CXX shared library librobo_miner_interfaces__rosidl_typesupport_c.so[0m
[43.256s] [ 47%] Built target robo_miner_interfaces__rosidl_typesupport_c
[43.280s] [ 48%] [34m[1mGenerating C++ type support for eProsima Fast-RTPS[0m
[46.584s] [35m[1mScanning dependencies of target robo_miner_interfaces__rosidl_typesupport_fastrtps_cpp[0m
[46.704s] [ 49%] [32mBuilding CXX object CMakeFiles/robo_miner_interfaces__rosidl_typesupport_fastrtps_cpp.dir/rosidl_typesupport_fastrtps_cpp/robo_miner_interfaces/msg/detail/dds_fastrtps/field_point__type_support.cpp.o[0m
[48.013s] [ 49%] [32mBuilding CXX object CMakeFiles/robo_miner_interfaces__rosidl_typesupport_fastrtps_cpp.dir/rosidl_typesupport_fastrtps_cpp/robo_miner_interfaces/msg/detail/dds_fastrtps/u_int8_multi_array__type_support.cpp.o[0m
[49.410s] [ 50%] [32mBuilding CXX object CMakeFiles/robo_miner_interfaces__rosidl_typesupport_fastrtps_cpp.dir/rosidl_typesupport_fastrtps_cpp/robo_miner_interfaces/msg/detail/dds_fastrtps/robot_move_type__type_support.cpp.o[0m
[50.937s] [ 51%] [32mBuilding CXX object CMakeFiles/robo_miner_interfaces__rosidl_typesupport_fastrtps_cpp.dir/rosidl_typesupport_fastrtps_cpp/robo_miner_interfaces/msg/detail/dds_fastrtps/user_authenticate__type_support.cpp.o[0m
[52.106s] [ 52%] [32mBuilding CXX object CMakeFiles/robo_miner_interfaces__rosidl_typesupport_fastrtps_cpp.dir/rosidl_typesupport_fastrtps_cpp/robo_miner_interfaces/srv/detail/dds_fastrtps/activate_mining_validate__type_support.cpp.o[0m
[53.321s] [ 53%] [32mBuilding CXX object CMakeFiles/robo_miner_interfaces__rosidl_typesupport_fastrtps_cpp.dir/rosidl_typesupport_fastrtps_cpp/robo_miner_interfaces/srv/detail/dds_fastrtps/robot_move__type_support.cpp.o[0m
[54.714s] [ 54%] [32mBuilding CXX object CMakeFiles/robo_miner_interfaces__rosidl_typesupport_fastrtps_cpp.dir/rosidl_typesupport_fastrtps_cpp/robo_miner_interfaces/srv/detail/dds_fastrtps/longest_sequence_validate__type_support.cpp.o[0m
[56.494s] [ 55%] [32mBuilding CXX object CMakeFiles/robo_miner_interfaces__rosidl_typesupport_fastrtps_cpp.dir/rosidl_typesupport_fastrtps_cpp/robo_miner_interfaces/srv/detail/dds_fastrtps/field_map_validate__type_support.cpp.o[0m
[57.791s] [ 56%] [32mBuilding CXX object CMakeFiles/robo_miner_interfaces__rosidl_typesupport_fastrtps_cpp.dir/rosidl_typesupport_fastrtps_cpp/robo_miner_interfaces/srv/detail/dds_fastrtps/query_initial_robot_position__type_support.cpp.o[0m
[59.114s] [ 57%] [32mBuilding CXX object CMakeFiles/robo_miner_interfaces__rosidl_typesupport_fastrtps_cpp.dir/rosidl_typesupport_fastrtps_cpp/robo_miner_interfaces/msg/detail/dds_fastrtps/robot_position_response__type_support.cpp.o[0m
[60.370s] [ 58%] [32m[1mLinking CXX shared library librobo_miner_interfaces__rosidl_typesupport_fastrtps_cpp.so[0m
[60.614s] [ 58%] Built target robo_miner_interfaces__rosidl_typesupport_fastrtps_cpp
[60.643s] [ 59%] [34m[1mGenerating C++ type support dispatch for ROS interfaces[0m
[61.991s] [35m[1mScanning dependencies of target robo_miner_interfaces__rosidl_typesupport_cpp[0m
[62.033s] [ 60%] [32mBuilding CXX object CMakeFiles/robo_miner_interfaces__rosidl_typesupport_cpp.dir/rosidl_typesupport_cpp/robo_miner_interfaces/msg/field_point__type_support.cpp.o[0m
[62.618s] [ 61%] [32mBuilding CXX object CMakeFiles/robo_miner_interfaces__rosidl_typesupport_cpp.dir/rosidl_typesupport_cpp/robo_miner_interfaces/msg/u_int8_multi_array__type_support.cpp.o[0m
[63.321s] [ 62%] [32mBuilding CXX object CMakeFiles/robo_miner_interfaces__rosidl_typesupport_cpp.dir/rosidl_typesupport_cpp/robo_miner_interfaces/msg/robot_move_type__type_support.cpp.o[0m
[64.661s] [ 63%] [32mBuilding CXX object CMakeFiles/robo_miner_interfaces__rosidl_typesupport_cpp.dir/rosidl_typesupport_cpp/robo_miner_interfaces/msg/user_authenticate__type_support.cpp.o[0m
[65.734s] [ 64%] [32mBuilding CXX object CMakeFiles/robo_miner_interfaces__rosidl_typesupport_cpp.dir/rosidl_typesupport_cpp/robo_miner_interfaces/srv/activate_mining_validate__type_support.cpp.o[0m
[66.728s] [ 65%] [32mBuilding CXX object CMakeFiles/robo_miner_interfaces__rosidl_typesupport_cpp.dir/rosidl_typesupport_cpp/robo_miner_interfaces/srv/robot_move__type_support.cpp.o[0m
[67.536s] [ 66%] [32mBuilding CXX object CMakeFiles/robo_miner_interfaces__rosidl_typesupport_cpp.dir/rosidl_typesupport_cpp/robo_miner_interfaces/srv/longest_sequence_validate__type_support.cpp.o[0m
[68.288s] [ 67%] [32mBuilding CXX object CMakeFiles/robo_miner_interfaces__rosidl_typesupport_cpp.dir/rosidl_typesupport_cpp/robo_miner_interfaces/srv/field_map_validate__type_support.cpp.o[0m
[68.985s] [ 68%] [32mBuilding CXX object CMakeFiles/robo_miner_interfaces__rosidl_typesupport_cpp.dir/rosidl_typesupport_cpp/robo_miner_interfaces/srv/query_initial_robot_position__type_support.cpp.o[0m
[69.893s] [ 69%] [32mBuilding CXX object CMakeFiles/robo_miner_interfaces__rosidl_typesupport_cpp.dir/rosidl_typesupport_cpp/robo_miner_interfaces/msg/robot_position_response__type_support.cpp.o[0m
[70.761s] [ 70%] [32m[1mLinking CXX shared library librobo_miner_interfaces__rosidl_typesupport_cpp.so[0m
[70.912s] [ 70%] Built target robo_miner_interfaces__rosidl_typesupport_cpp
[70.938s] [ 71%] [34m[1mGenerating C type support for eProsima Fast-RTPS[0m
[73.642s] [35m[1mScanning dependencies of target robo_miner_interfaces__rosidl_typesupport_fastrtps_c[0m
[74.219s] [ 72%] [32mBuilding CXX object CMakeFiles/robo_miner_interfaces__rosidl_typesupport_fastrtps_c.dir/rosidl_typesupport_fastrtps_c/robo_miner_interfaces/msg/detail/field_point__type_support_c.cpp.o[0m
[75.253s] [ 73%] [32mBuilding CXX object CMakeFiles/robo_miner_interfaces__rosidl_typesupport_fastrtps_c.dir/rosidl_typesupport_fastrtps_c/robo_miner_interfaces/msg/detail/robot_move_type__type_support_c.cpp.o[0m
[76.610s] [ 74%] [32mBuilding CXX object CMakeFiles/robo_miner_interfaces__rosidl_typesupport_fastrtps_c.dir/rosidl_typesupport_fastrtps_c/robo_miner_interfaces/msg/detail/user_authenticate__type_support_c.cpp.o[0m
[77.850s] [ 75%] [32mBuilding CXX object CMakeFiles/robo_miner_interfaces__rosidl_typesupport_fastrtps_c.dir/rosidl_typesupport_fastrtps_c/robo_miner_interfaces/srv/detail/activate_mining_validate__type_support_c.cpp.o[0m
[78.879s] [ 76%] [32mBuilding CXX object CMakeFiles/robo_miner_interfaces__rosidl_typesupport_fastrtps_c.dir/rosidl_typesupport_fastrtps_c/robo_miner_interfaces/srv/detail/robot_move__type_support_c.cpp.o[0m
[80.773s] [ 77%] [32mBuilding CXX object CMakeFiles/robo_miner_interfaces__rosidl_typesupport_fastrtps_c.dir/rosidl_typesupport_fastrtps_c/robo_miner_interfaces/srv/detail/longest_sequence_validate__type_support_c.cpp.o[0m
[81.899s] [ 78%] [32mBuilding CXX object CMakeFiles/robo_miner_interfaces__rosidl_typesupport_fastrtps_c.dir/rosidl_typesupport_fastrtps_c/robo_miner_interfaces/srv/detail/field_map_validate__type_support_c.cpp.o[0m
[82.943s] [ 79%] [32mBuilding CXX object CMakeFiles/robo_miner_interfaces__rosidl_typesupport_fastrtps_c.dir/rosidl_typesupport_fastrtps_c/robo_miner_interfaces/srv/detail/query_initial_robot_position__type_support_c.cpp.o[0m
[83.905s] [ 80%] [32mBuilding CXX object CMakeFiles/robo_miner_interfaces__rosidl_typesupport_fastrtps_c.dir/rosidl_typesupport_fastrtps_c/robo_miner_interfaces/msg/detail/u_int8_multi_array__type_support_c.cpp.o[0m
[84.749s] [ 81%] [32mBuilding CXX object CMakeFiles/robo_miner_interfaces__rosidl_typesupport_fastrtps_c.dir/rosidl_typesupport_fastrtps_c/robo_miner_interfaces/msg/detail/robot_position_response__type_support_c.cpp.o[0m
[86.460s] [ 82%] [32m[1mLinking CXX shared library librobo_miner_interfaces__rosidl_typesupport_fastrtps_c.so[0m
[86.915s] [ 82%] Built target robo_miner_interfaces__rosidl_typesupport_fastrtps_c
[86.988s] [35m[1mScanning dependencies of target robo_miner_interfaces[0m
[87.292s] [ 82%] Built target robo_miner_interfaces
[87.345s] [35m[1mScanning dependencies of target robo_miner_interfaces__py[0m
[87.448s] [ 83%] [34m[1mGenerating Python code for ROS interfaces[0m
[91.958s] [ 83%] Built target robo_miner_interfaces__py
[91.985s] [35m[1mScanning dependencies of target robo_miner_interfaces__python[0m
[92.081s] [ 84%] [32mBuilding C object CMakeFiles/robo_miner_interfaces__python.dir/rosidl_generator_py/robo_miner_interfaces/msg/_field_point_s.c.o[0m
[92.307s] [ 85%] [32mBuilding C object CMakeFiles/robo_miner_interfaces__python.dir/rosidl_generator_py/robo_miner_interfaces/msg/_robot_move_type_s.c.o[0m
[92.534s] [ 86%] [32mBuilding C object CMakeFiles/robo_miner_interfaces__python.dir/rosidl_generator_py/robo_miner_interfaces/msg/_user_authenticate_s.c.o[0m
[92.736s] [ 87%] [32mBuilding C object CMakeFiles/robo_miner_interfaces__python.dir/rosidl_generator_py/robo_miner_interfaces/srv/_activate_mining_validate_s.c.o[0m
[92.985s] [ 88%] [32mBuilding C object CMakeFiles/robo_miner_interfaces__python.dir/rosidl_generator_py/robo_miner_interfaces/srv/_robot_move_s.c.o[0m
[93.302s] [ 89%] [32mBuilding C object CMakeFiles/robo_miner_interfaces__python.dir/rosidl_generator_py/robo_miner_interfaces/srv/_longest_sequence_validate_s.c.o[0m
[93.547s] [ 90%] [32mBuilding C object CMakeFiles/robo_miner_interfaces__python.dir/rosidl_generator_py/robo_miner_interfaces/srv/_field_map_validate_s.c.o[0m
[93.780s] [ 91%] [32mBuilding C object CMakeFiles/robo_miner_interfaces__python.dir/rosidl_generator_py/robo_miner_interfaces/srv/_query_initial_robot_position_s.c.o[0m
[94.097s] [ 92%] [32mBuilding C object CMakeFiles/robo_miner_interfaces__python.dir/rosidl_generator_py/robo_miner_interfaces/msg/_u_int8_multi_array_s.c.o[0m
[94.432s] [ 93%] [32mBuilding C object CMakeFiles/robo_miner_interfaces__python.dir/rosidl_generator_py/robo_miner_interfaces/msg/_robot_position_response_s.c.o[0m
[94.778s] [ 94%] [32m[1mLinking C shared library rosidl_generator_py/robo_miner_interfaces/librobo_miner_interfaces__python.so[0m
[95.037s] [ 94%] Built target robo_miner_interfaces__python
[95.137s] [35m[1mScanning dependencies of target robo_miner_interfaces__rosidl_typesupport_introspection_c__pyext[0m
[95.310s] [ 95%] [32mBuilding C object CMakeFiles/robo_miner_interfaces__rosidl_typesupport_introspection_c__pyext.dir/rosidl_generator_py/robo_miner_interfaces/_robo_miner_interfaces_s.ep.rosidl_typesupport_introspection_c.c.o[0m
[95.678s] [ 96%] [32m[1mLinking C shared library rosidl_generator_py/robo_miner_interfaces/robo_miner_interfaces_s__rosidl_typesupport_introspection_c.cpython-38-x86_64-linux-gnu.so[0m
[95.890s] [ 96%] Built target robo_miner_interfaces__rosidl_typesupport_introspection_c__pyext
[96.004s] [35m[1mScanning dependencies of target robo_miner_interfaces__rosidl_typesupport_c__pyext[0m
[96.181s] [ 97%] [32mBuilding C object CMakeFiles/robo_miner_interfaces__rosidl_typesupport_c__pyext.dir/rosidl_generator_py/robo_miner_interfaces/_robo_miner_interfaces_s.ep.rosidl_typesupport_c.c.o[0m
[96.470s] [ 98%] [32m[1mLinking C shared library rosidl_generator_py/robo_miner_interfaces/robo_miner_interfaces_s__rosidl_typesupport_c.cpython-38-x86_64-linux-gnu.so[0m
[96.609s] [ 98%] Built target robo_miner_interfaces__rosidl_typesupport_c__pyext
[96.711s] [35m[1mScanning dependencies of target robo_miner_interfaces__rosidl_typesupport_fastrtps_c__pyext[0m
[96.828s] [ 99%] [32mBuilding C object CMakeFiles/robo_miner_interfaces__rosidl_typesupport_fastrtps_c__pyext.dir/rosidl_generator_py/robo_miner_interfaces/_robo_miner_interfaces_s.ep.rosidl_typesupport_fastrtps_c.c.o[0m
[97.200s] [100%] [32m[1mLinking CXX shared library rosidl_generator_py/robo_miner_interfaces/robo_miner_interfaces_s__rosidl_typesupport_fastrtps_c.cpython-38-x86_64-linux-gnu.so[0m
[97.397s] [100%] Built target robo_miner_interfaces__rosidl_typesupport_fastrtps_c__pyext
[97.459s] Invoked command in '/home/ros2-user/ros2_workspace/robotics-v1/build/robo_miner_interfaces' returned '0': CMAKE_PREFIX_PATH=/opt/ros/foxy /usr/bin/cmake --build /home/ros2-user/ros2_workspace/robotics-v1/build/robo_miner_interfaces -- -j4 -l4
[98.441s] Invoking command in '/home/ros2-user/ros2_workspace/robotics-v1/build/robo_miner_interfaces': CMAKE_PREFIX_PATH=/opt/ros/foxy /usr/bin/cmake --install /home/ros2-user/ros2_workspace/robotics-v1/build/robo_miner_interfaces
[98.461s] -- Install configuration: "Debug"
[98.464s] -- Execute custom install script
[98.465s] -- Symlinking: /home/ros2-user/ros2_workspace/robotics-v1/install/robo_miner_interfaces/share/ament_index/resource_index/rosidl_interfaces/robo_miner_interfaces
[98.496s] -- Symlinking: /home/ros2-user/ros2_workspace/robotics-v1/install/robo_miner_interfaces/include/robo_miner_interfaces/msg/detail/field_point__functions.h
[98.522s] -- Symlinking: /home/ros2-user/ros2_workspace/robotics-v1/install/robo_miner_interfaces/include/robo_miner_interfaces/msg/detail/field_point__struct.h
[98.547s] -- Symlinking: /home/ros2-user/ros2_workspace/robotics-v1/install/robo_miner_interfaces/include/robo_miner_interfaces/msg/detail/field_point__type_support.h
[98.568s] -- Symlinking: /home/ros2-user/ros2_workspace/robotics-v1/install/robo_miner_interfaces/include/robo_miner_interfaces/msg/detail/robot_move_type__functions.h
[98.593s] -- Symlinking: /home/ros2-user/ros2_workspace/robotics-v1/install/robo_miner_interfaces/include/robo_miner_interfaces/msg/detail/robot_move_type__struct.h
[98.620s] -- Symlinking: /home/ros2-user/ros2_workspace/robotics-v1/install/robo_miner_interfaces/include/robo_miner_interfaces/msg/detail/robot_move_type__type_support.h
[98.656s] -- Symlinking: /home/ros2-user/ros2_workspace/robotics-v1/install/robo_miner_interfaces/include/robo_miner_interfaces/msg/detail/robot_position_response__functions.h
[98.694s] -- Symlinking: /home/ros2-user/ros2_workspace/robotics-v1/install/robo_miner_interfaces/include/robo_miner_interfaces/msg/detail/robot_position_response__struct.h
[98.715s] -- Symlinking: /home/ros2-user/ros2_workspace/robotics-v1/install/robo_miner_interfaces/include/robo_miner_interfaces/msg/detail/robot_position_response__type_support.h
[98.735s] -- Symlinking: /home/ros2-user/ros2_workspace/robotics-v1/install/robo_miner_interfaces/include/robo_miner_interfaces/msg/detail/u_int8_multi_array__functions.h
[98.769s] -- Symlinking: /home/ros2-user/ros2_workspace/robotics-v1/install/robo_miner_interfaces/include/robo_miner_interfaces/msg/detail/u_int8_multi_array__struct.h
[98.793s] -- Symlinking: /home/ros2-user/ros2_workspace/robotics-v1/install/robo_miner_interfaces/include/robo_miner_interfaces/msg/detail/u_int8_multi_array__type_support.h
[98.813s] -- Symlinking: /home/ros2-user/ros2_workspace/robotics-v1/install/robo_miner_interfaces/include/robo_miner_interfaces/msg/detail/user_authenticate__functions.h
[98.836s] -- Symlinking: /home/ros2-user/ros2_workspace/robotics-v1/install/robo_miner_interfaces/include/robo_miner_interfaces/msg/detail/user_authenticate__struct.h
[98.863s] -- Symlinking: /home/ros2-user/ros2_workspace/robotics-v1/install/robo_miner_interfaces/include/robo_miner_interfaces/msg/detail/user_authenticate__type_support.h
[98.884s] -- Symlinking: /home/ros2-user/ros2_workspace/robotics-v1/install/robo_miner_interfaces/include/robo_miner_interfaces/msg/field_point.h
[98.921s] -- Symlinking: /home/ros2-user/ros2_workspace/robotics-v1/install/robo_miner_interfaces/include/robo_miner_interfaces/msg/robot_move_type.h
[98.946s] -- Symlinking: /home/ros2-user/ros2_workspace/robotics-v1/install/robo_miner_interfaces/include/robo_miner_interfaces/msg/robot_position_response.h
[98.968s] -- Symlinking: /home/ros2-user/ros2_workspace/robotics-v1/install/robo_miner_interfaces/include/robo_miner_interfaces/msg/rosidl_generator_c__visibility_control.h
[98.990s] -- Symlinking: /home/ros2-user/ros2_workspace/robotics-v1/install/robo_miner_interfaces/include/robo_miner_interfaces/msg/u_int8_multi_array.h
[99.025s] -- Symlinking: /home/ros2-user/ros2_workspace/robotics-v1/install/robo_miner_interfaces/include/robo_miner_interfaces/msg/user_authenticate.h
[99.082s] -- Symlinking: /home/ros2-user/ros2_workspace/robotics-v1/install/robo_miner_interfaces/include/robo_miner_interfaces/srv/activate_mining_validate.h
[99.114s] -- Symlinking: /home/ros2-user/ros2_workspace/robotics-v1/install/robo_miner_interfaces/include/robo_miner_interfaces/srv/detail/activate_mining_validate__functions.h
[99.134s] -- Symlinking: /home/ros2-user/ros2_workspace/robotics-v1/install/robo_miner_interfaces/include/robo_miner_interfaces/srv/detail/activate_mining_validate__struct.h
[99.154s] -- Symlinking: /home/ros2-user/ros2_workspace/robotics-v1/install/robo_miner_interfaces/include/robo_miner_interfaces/srv/detail/activate_mining_validate__type_support.h
[99.180s] -- Symlinking: /home/ros2-user/ros2_workspace/robotics-v1/install/robo_miner_interfaces/include/robo_miner_interfaces/srv/detail/field_map_validate__functions.h
[99.208s] -- Symlinking: /home/ros2-user/ros2_workspace/robotics-v1/install/robo_miner_interfaces/include/robo_miner_interfaces/srv/detail/field_map_validate__struct.h
[99.236s] -- Symlinking: /home/ros2-user/ros2_workspace/robotics-v1/install/robo_miner_interfaces/include/robo_miner_interfaces/srv/detail/field_map_validate__type_support.h
[99.259s] -- Symlinking: /home/ros2-user/ros2_workspace/robotics-v1/install/robo_miner_interfaces/include/robo_miner_interfaces/srv/detail/longest_sequence_validate__functions.h
[99.282s] -- Symlinking: /home/ros2-user/ros2_workspace/robotics-v1/install/robo_miner_interfaces/include/robo_miner_interfaces/srv/detail/longest_sequence_validate__struct.h
[99.310s] -- Symlinking: /home/ros2-user/ros2_workspace/robotics-v1/install/robo_miner_interfaces/include/robo_miner_interfaces/srv/detail/longest_sequence_validate__type_support.h
[99.333s] -- Symlinking: /home/ros2-user/ros2_workspace/robotics-v1/install/robo_miner_interfaces/include/robo_miner_interfaces/srv/detail/query_initial_robot_position__functions.h
[99.356s] -- Symlinking: /home/ros2-user/ros2_workspace/robotics-v1/install/robo_miner_interfaces/include/robo_miner_interfaces/srv/detail/query_initial_robot_position__struct.h
[99.377s] -- Symlinking: /home/ros2-user/ros2_workspace/robotics-v1/install/robo_miner_interfaces/include/robo_miner_interfaces/srv/detail/query_initial_robot_position__type_support.h
[99.408s] -- Symlinking: /home/ros2-user/ros2_workspace/robotics-v1/install/robo_miner_interfaces/include/robo_miner_interfaces/srv/detail/robot_move__functions.h
[99.432s] -- Symlinking: /home/ros2-user/ros2_workspace/robotics-v1/install/robo_miner_interfaces/include/robo_miner_interfaces/srv/detail/robot_move__struct.h
[99.456s] -- Symlinking: /home/ros2-user/ros2_workspace/robotics-v1/install/robo_miner_interfaces/include/robo_miner_interfaces/srv/detail/robot_move__type_support.h
[99.481s] -- Symlinking: /home/ros2-user/ros2_workspace/robotics-v1/install/robo_miner_interfaces/include/robo_miner_interfaces/srv/field_map_validate.h
[99.510s] -- Symlinking: /home/ros2-user/ros2_workspace/robotics-v1/install/robo_miner_interfaces/include/robo_miner_interfaces/srv/longest_sequence_validate.h
[99.534s] -- Symlinking: /home/ros2-user/ros2_workspace/robotics-v1/install/robo_miner_interfaces/include/robo_miner_interfaces/srv/query_initial_robot_position.h
[99.556s] -- Symlinking: /home/ros2-user/ros2_workspace/robotics-v1/install/robo_miner_interfaces/include/robo_miner_interfaces/srv/robot_move.h
[99.579s] -- Symlinking: /home/ros2-user/ros2_workspace/robotics-v1/install/robo_miner_interfaces/share/robo_miner_interfaces/environment/library_path.sh
[99.606s] -- Symlinking: /home/ros2-user/ros2_workspace/robotics-v1/install/robo_miner_interfaces/share/robo_miner_interfaces/environment/library_path.dsv
[99.627s] -- Symlinking: /home/ros2-user/ros2_workspace/robotics-v1/install/robo_miner_interfaces/include/robo_miner_interfaces/msg/detail/field_point__rosidl_typesupport_fastrtps_c.h
[99.662s] -- Symlinking: /home/ros2-user/ros2_workspace/robotics-v1/install/robo_miner_interfaces/include/robo_miner_interfaces/msg/detail/robot_move_type__rosidl_typesupport_fastrtps_c.h
[99.700s] -- Symlinking: /home/ros2-user/ros2_workspace/robotics-v1/install/robo_miner_interfaces/include/robo_miner_interfaces/msg/detail/robot_position_response__rosidl_typesupport_fastrtps_c.h
[99.724s] -- Symlinking: /home/ros2-user/ros2_workspace/robotics-v1/install/robo_miner_interfaces/include/robo_miner_interfaces/msg/detail/u_int8_multi_array__rosidl_typesupport_fastrtps_c.h
[99.765s] -- Symlinking: /home/ros2-user/ros2_workspace/robotics-v1/install/robo_miner_interfaces/include/robo_miner_interfaces/msg/detail/user_authenticate__rosidl_typesupport_fastrtps_c.h
[99.789s] -- Symlinking: /home/ros2-user/ros2_workspace/robotics-v1/install/robo_miner_interfaces/include/robo_miner_interfaces/msg/rosidl_typesupport_fastrtps_c__visibility_control.h
[99.850s] -- Symlinking: /home/ros2-user/ros2_workspace/robotics-v1/install/robo_miner_interfaces/include/robo_miner_interfaces/srv/detail/activate_mining_validate__rosidl_typesupport_fastrtps_c.h
[99.900s] -- Symlinking: /home/ros2-user/ros2_workspace/robotics-v1/install/robo_miner_interfaces/include/robo_miner_interfaces/srv/detail/field_map_validate__rosidl_typesupport_fastrtps_c.h
[99.925s] -- Symlinking: /home/ros2-user/ros2_workspace/robotics-v1/install/robo_miner_interfaces/include/robo_miner_interfaces/srv/detail/longest_sequence_validate__rosidl_typesupport_fastrtps_c.h
[99.949s] -- Symlinking: /home/ros2-user/ros2_workspace/robotics-v1/install/robo_miner_interfaces/include/robo_miner_interfaces/srv/detail/query_initial_robot_position__rosidl_typesupport_fastrtps_c.h
[99.975s] -- Symlinking: /home/ros2-user/ros2_workspace/robotics-v1/install/robo_miner_interfaces/include/robo_miner_interfaces/srv/detail/robot_move__rosidl_typesupport_fastrtps_c.h
[100.026s] -- Symlinking: /home/ros2-user/ros2_workspace/robotics-v1/install/robo_miner_interfaces/lib/librobo_miner_interfaces__rosidl_typesupport_fastrtps_c.so
[100.086s] -- Symlinking: /home/ros2-user/ros2_workspace/robotics-v1/install/robo_miner_interfaces/include/robo_miner_interfaces/msg/detail/field_point__rosidl_typesupport_fastrtps_cpp.hpp
[100.101s] -- Symlinking: /home/ros2-user/ros2_workspace/robotics-v1/install/robo_miner_interfaces/include/robo_miner_interfaces/msg/detail/robot_move_type__rosidl_typesupport_fastrtps_cpp.hpp
[100.124s] -- Symlinking: /home/ros2-user/ros2_workspace/robotics-v1/install/robo_miner_interfaces/include/robo_miner_interfaces/msg/detail/robot_position_response__rosidl_typesupport_fastrtps_cpp.hpp
[100.174s] -- Symlinking: /home/ros2-user/ros2_workspace/robotics-v1/install/robo_miner_interfaces/include/robo_miner_interfaces/msg/detail/u_int8_multi_array__rosidl_typesupport_fastrtps_cpp.hpp
[100.213s] -- Symlinking: /home/ros2-user/ros2_workspace/robotics-v1/install/robo_miner_interfaces/include/robo_miner_interfaces/msg/detail/user_authenticate__rosidl_typesupport_fastrtps_cpp.hpp
[100.252s] -- Symlinking: /home/ros2-user/ros2_workspace/robotics-v1/install/robo_miner_interfaces/include/robo_miner_interfaces/msg/rosidl_typesupport_fastrtps_cpp__visibility_control.h
[100.274s] -- Symlinking: /home/ros2-user/ros2_workspace/robotics-v1/install/robo_miner_interfaces/include/robo_miner_interfaces/srv/detail/activate_mining_validate__rosidl_typesupport_fastrtps_cpp.hpp
[100.296s] -- Symlinking: /home/ros2-user/ros2_workspace/robotics-v1/install/robo_miner_interfaces/include/robo_miner_interfaces/srv/detail/field_map_validate__rosidl_typesupport_fastrtps_cpp.hpp
[100.330s] -- Symlinking: /home/ros2-user/ros2_workspace/robotics-v1/install/robo_miner_interfaces/include/robo_miner_interfaces/srv/detail/longest_sequence_validate__rosidl_typesupport_fastrtps_cpp.hpp
[100.348s] -- Symlinking: /home/ros2-user/ros2_workspace/robotics-v1/install/robo_miner_interfaces/include/robo_miner_interfaces/srv/detail/query_initial_robot_position__rosidl_typesupport_fastrtps_cpp.hpp
[100.417s] -- Symlinking: /home/ros2-user/ros2_workspace/robotics-v1/install/robo_miner_interfaces/include/robo_miner_interfaces/srv/detail/robot_move__rosidl_typesupport_fastrtps_cpp.hpp
[100.485s] -- Symlinking: /home/ros2-user/ros2_workspace/robotics-v1/install/robo_miner_interfaces/lib/librobo_miner_interfaces__rosidl_typesupport_fastrtps_cpp.so
[100.548s] -- Symlinking: /home/ros2-user/ros2_workspace/robotics-v1/install/robo_miner_interfaces/include/robo_miner_interfaces/msg/detail/field_point__rosidl_typesupport_introspection_c.h
[100.603s] -- Symlinking: /home/ros2-user/ros2_workspace/robotics-v1/install/robo_miner_interfaces/include/robo_miner_interfaces/msg/detail/robot_move_type__rosidl_typesupport_introspection_c.h
[100.657s] -- Symlinking: /home/ros2-user/ros2_workspace/robotics-v1/install/robo_miner_interfaces/include/robo_miner_interfaces/msg/detail/robot_position_response__rosidl_typesupport_introspection_c.h
[100.761s] -- Symlinking: /home/ros2-user/ros2_workspace/robotics-v1/install/robo_miner_interfaces/include/robo_miner_interfaces/msg/detail/u_int8_multi_array__rosidl_typesupport_introspection_c.h
[100.793s] -- Symlinking: /home/ros2-user/ros2_workspace/robotics-v1/install/robo_miner_interfaces/include/robo_miner_interfaces/msg/detail/user_authenticate__rosidl_typesupport_introspection_c.h
[100.812s] -- Symlinking: /home/ros2-user/ros2_workspace/robotics-v1/install/robo_miner_interfaces/include/robo_miner_interfaces/msg/rosidl_typesupport_introspection_c__visibility_control.h
[100.844s] -- Symlinking: /home/ros2-user/ros2_workspace/robotics-v1/install/robo_miner_interfaces/include/robo_miner_interfaces/srv/detail/activate_mining_validate__rosidl_typesupport_introspection_c.h
[100.881s] -- Symlinking: /home/ros2-user/ros2_workspace/robotics-v1/install/robo_miner_interfaces/include/robo_miner_interfaces/srv/detail/field_map_validate__rosidl_typesupport_introspection_c.h
[100.904s] -- Symlinking: /home/ros2-user/ros2_workspace/robotics-v1/install/robo_miner_interfaces/include/robo_miner_interfaces/srv/detail/longest_sequence_validate__rosidl_typesupport_introspection_c.h
[100.938s] -- Symlinking: /home/ros2-user/ros2_workspace/robotics-v1/install/robo_miner_interfaces/include/robo_miner_interfaces/srv/detail/query_initial_robot_position__rosidl_typesupport_introspection_c.h
[100.956s] -- Symlinking: /home/ros2-user/ros2_workspace/robotics-v1/install/robo_miner_interfaces/include/robo_miner_interfaces/srv/detail/robot_move__rosidl_typesupport_introspection_c.h
[100.985s] -- Symlinking: /home/ros2-user/ros2_workspace/robotics-v1/install/robo_miner_interfaces/include/robo_miner_interfaces/msg/detail/field_point__builder.hpp
[101.005s] -- Symlinking: /home/ros2-user/ros2_workspace/robotics-v1/install/robo_miner_interfaces/include/robo_miner_interfaces/msg/detail/field_point__struct.hpp
[101.034s] -- Symlinking: /home/ros2-user/ros2_workspace/robotics-v1/install/robo_miner_interfaces/include/robo_miner_interfaces/msg/detail/field_point__traits.hpp
[101.092s] -- Symlinking: /home/ros2-user/ros2_workspace/robotics-v1/install/robo_miner_interfaces/include/robo_miner_interfaces/msg/detail/robot_move_type__builder.hpp
[101.112s] -- Symlinking: /home/ros2-user/ros2_workspace/robotics-v1/install/robo_miner_interfaces/include/robo_miner_interfaces/msg/detail/robot_move_type__struct.hpp
[101.155s] -- Symlinking: /home/ros2-user/ros2_workspace/robotics-v1/install/robo_miner_interfaces/include/robo_miner_interfaces/msg/detail/robot_move_type__traits.hpp
[101.174s] -- Symlinking: /home/ros2-user/ros2_workspace/robotics-v1/install/robo_miner_interfaces/include/robo_miner_interfaces/msg/detail/robot_position_response__builder.hpp
[101.197s] -- Symlinking: /home/ros2-user/ros2_workspace/robotics-v1/install/robo_miner_interfaces/include/robo_miner_interfaces/msg/detail/robot_position_response__struct.hpp
[101.217s] -- Symlinking: /home/ros2-user/ros2_workspace/robotics-v1/install/robo_miner_interfaces/include/robo_miner_interfaces/msg/detail/robot_position_response__traits.hpp
[101.253s] -- Symlinking: /home/ros2-user/ros2_workspace/robotics-v1/install/robo_miner_interfaces/include/robo_miner_interfaces/msg/detail/u_int8_multi_array__builder.hpp
[101.278s] -- Symlinking: /home/ros2-user/ros2_workspace/robotics-v1/install/robo_miner_interfaces/include/robo_miner_interfaces/msg/detail/u_int8_multi_array__struct.hpp
[101.297s] -- Symlinking: /home/ros2-user/ros2_workspace/robotics-v1/install/robo_miner_interfaces/include/robo_miner_interfaces/msg/detail/u_int8_multi_array__traits.hpp
[101.319s] -- Symlinking: /home/ros2-user/ros2_workspace/robotics-v1/install/robo_miner_interfaces/include/robo_miner_interfaces/msg/detail/user_authenticate__builder.hpp
[101.349s] -- Symlinking: /home/ros2-user/ros2_workspace/robotics-v1/install/robo_miner_interfaces/include/robo_miner_interfaces/msg/detail/user_authenticate__struct.hpp
[101.386s] -- Symlinking: /home/ros2-user/ros2_workspace/robotics-v1/install/robo_miner_interfaces/include/robo_miner_interfaces/msg/detail/user_authenticate__traits.hpp
[101.429s] -- Symlinking: /home/ros2-user/ros2_workspace/robotics-v1/install/robo_miner_interfaces/include/robo_miner_interfaces/msg/field_point.hpp
[101.454s] -- Symlinking: /home/ros2-user/ros2_workspace/robotics-v1/install/robo_miner_interfaces/include/robo_miner_interfaces/msg/robot_move_type.hpp
[101.473s] -- Symlinking: /home/ros2-user/ros2_workspace/robotics-v1/install/robo_miner_interfaces/include/robo_miner_interfaces/msg/robot_position_response.hpp
[101.490s] -- Symlinking: /home/ros2-user/ros2_workspace/robotics-v1/install/robo_miner_interfaces/include/robo_miner_interfaces/msg/u_int8_multi_array.hpp
[101.554s] -- Symlinking: /home/ros2-user/ros2_workspace/robotics-v1/install/robo_miner_interfaces/include/robo_miner_interfaces/msg/user_authenticate.hpp
[101.606s] -- Symlinking: /home/ros2-user/ros2_workspace/robotics-v1/install/robo_miner_interfaces/include/robo_miner_interfaces/srv/activate_mining_validate.hpp
[101.623s] -- Symlinking: /home/ros2-user/ros2_workspace/robotics-v1/install/robo_miner_interfaces/include/robo_miner_interfaces/srv/detail/activate_mining_validate__builder.hpp
[101.643s] -- Symlinking: /home/ros2-user/ros2_workspace/robotics-v1/install/robo_miner_interfaces/include/robo_miner_interfaces/srv/detail/activate_mining_validate__struct.hpp
[101.674s] -- Symlinking: /home/ros2-user/ros2_workspace/robotics-v1/install/robo_miner_interfaces/include/robo_miner_interfaces/srv/detail/activate_mining_validate__traits.hpp
[101.692s] -- Symlinking: /home/ros2-user/ros2_workspace/robotics-v1/install/robo_miner_interfaces/include/robo_miner_interfaces/srv/detail/field_map_validate__builder.hpp
[101.709s] -- Symlinking: /home/ros2-user/ros2_workspace/robotics-v1/install/robo_miner_interfaces/include/robo_miner_interfaces/srv/detail/field_map_validate__struct.hpp
[101.727s] -- Symlinking: /home/ros2-user/ros2_workspace/robotics-v1/install/robo_miner_interfaces/include/robo_miner_interfaces/srv/detail/field_map_validate__traits.hpp
[101.744s] -- Symlinking: /home/ros2-user/ros2_workspace/robotics-v1/install/robo_miner_interfaces/include/robo_miner_interfaces/srv/detail/longest_sequence_validate__builder.hpp
[101.761s] -- Symlinking: /home/ros2-user/ros2_workspace/robotics-v1/install/robo_miner_interfaces/include/robo_miner_interfaces/srv/detail/longest_sequence_validate__struct.hpp
[101.783s] -- Symlinking: /home/ros2-user/ros2_workspace/robotics-v1/install/robo_miner_interfaces/include/robo_miner_interfaces/srv/detail/longest_sequence_validate__traits.hpp
[101.801s] -- Symlinking: /home/ros2-user/ros2_workspace/robotics-v1/install/robo_miner_interfaces/include/robo_miner_interfaces/srv/detail/query_initial_robot_position__builder.hpp
[101.818s] -- Symlinking: /home/ros2-user/ros2_workspace/robotics-v1/install/robo_miner_interfaces/include/robo_miner_interfaces/srv/detail/query_initial_robot_position__struct.hpp
[101.835s] -- Symlinking: /home/ros2-user/ros2_workspace/robotics-v1/install/robo_miner_interfaces/include/robo_miner_interfaces/srv/detail/query_initial_robot_position__traits.hpp
[101.852s] -- Symlinking: /home/ros2-user/ros2_workspace/robotics-v1/install/robo_miner_interfaces/include/robo_miner_interfaces/srv/detail/robot_move__builder.hpp
[101.896s] -- Symlinking: /home/ros2-user/ros2_workspace/robotics-v1/install/robo_miner_interfaces/include/robo_miner_interfaces/srv/detail/robot_move__struct.hpp
[101.940s] -- Symlinking: /home/ros2-user/ros2_workspace/robotics-v1/install/robo_miner_interfaces/include/robo_miner_interfaces/srv/detail/robot_move__traits.hpp
[101.978s] -- Symlinking: /home/ros2-user/ros2_workspace/robotics-v1/install/robo_miner_interfaces/include/robo_miner_interfaces/srv/field_map_validate.hpp
[102.012s] -- Symlinking: /home/ros2-user/ros2_workspace/robotics-v1/install/robo_miner_interfaces/include/robo_miner_interfaces/srv/longest_sequence_validate.hpp
[102.070s] -- Symlinking: /home/ros2-user/ros2_workspace/robotics-v1/install/robo_miner_interfaces/include/robo_miner_interfaces/srv/query_initial_robot_position.hpp
[102.096s] -- Symlinking: /home/ros2-user/ros2_workspace/robotics-v1/install/robo_miner_interfaces/include/robo_miner_interfaces/srv/robot_move.hpp
[102.119s] -- Symlinking: /home/ros2-user/ros2_workspace/robotics-v1/install/robo_miner_interfaces/include/robo_miner_interfaces/msg/detail/field_point__rosidl_typesupport_introspection_cpp.hpp
[102.155s] -- Symlinking: /home/ros2-user/ros2_workspace/robotics-v1/install/robo_miner_interfaces/include/robo_miner_interfaces/msg/detail/robot_move_type__rosidl_typesupport_introspection_cpp.hpp
[102.176s] -- Symlinking: /home/ros2-user/ros2_workspace/robotics-v1/install/robo_miner_interfaces/include/robo_miner_interfaces/msg/detail/robot_position_response__rosidl_typesupport_introspection_cpp.hpp
[102.197s] -- Symlinking: /home/ros2-user/ros2_workspace/robotics-v1/install/robo_miner_interfaces/include/robo_miner_interfaces/msg/detail/u_int8_multi_array__rosidl_typesupport_introspection_cpp.hpp
[102.220s] -- Symlinking: /home/ros2-user/ros2_workspace/robotics-v1/install/robo_miner_interfaces/include/robo_miner_interfaces/msg/detail/user_authenticate__rosidl_typesupport_introspection_cpp.hpp
[102.241s] -- Symlinking: /home/ros2-user/ros2_workspace/robotics-v1/install/robo_miner_interfaces/include/robo_miner_interfaces/srv/detail/activate_mining_validate__rosidl_typesupport_introspection_cpp.hpp
[102.268s] -- Symlinking: /home/ros2-user/ros2_workspace/robotics-v1/install/robo_miner_interfaces/include/robo_miner_interfaces/srv/detail/field_map_validate__rosidl_typesupport_introspection_cpp.hpp
[102.288s] -- Symlinking: /home/ros2-user/ros2_workspace/robotics-v1/install/robo_miner_interfaces/include/robo_miner_interfaces/srv/detail/longest_sequence_validate__rosidl_typesupport_introspection_cpp.hpp
[102.308s] -- Symlinking: /home/ros2-user/ros2_workspace/robotics-v1/install/robo_miner_interfaces/include/robo_miner_interfaces/srv/detail/query_initial_robot_position__rosidl_typesupport_introspection_cpp.hpp
[102.328s] -- Symlinking: /home/ros2-user/ros2_workspace/robotics-v1/install/robo_miner_interfaces/include/robo_miner_interfaces/srv/detail/robot_move__rosidl_typesupport_introspection_cpp.hpp
[102.350s] -- Symlinking: /home/ros2-user/ros2_workspace/robotics-v1/install/robo_miner_interfaces/share/robo_miner_interfaces/environment/pythonpath.sh
[102.370s] -- Symlinking: /home/ros2-user/ros2_workspace/robotics-v1/install/robo_miner_interfaces/share/robo_miner_interfaces/environment/pythonpath.dsv
[102.392s] -- Symlinking: /home/ros2-user/ros2_workspace/robotics-v1/install/robo_miner_interfaces/lib/python3.8/site-packages/robo_miner_interfaces/__init__.py
[102.416s] -- Symlinking: /home/ros2-user/ros2_workspace/robotics-v1/install/robo_miner_interfaces/lib/python3.8/site-packages/robo_miner_interfaces/msg/__init__.py
[102.436s] -- Symlinking: /home/ros2-user/ros2_workspace/robotics-v1/install/robo_miner_interfaces/lib/python3.8/site-packages/robo_miner_interfaces/msg/_field_point.py
[102.461s] -- Symlinking: /home/ros2-user/ros2_workspace/robotics-v1/install/robo_miner_interfaces/lib/python3.8/site-packages/robo_miner_interfaces/msg/_robot_move_type.py
[102.484s] -- Symlinking: /home/ros2-user/ros2_workspace/robotics-v1/install/robo_miner_interfaces/lib/python3.8/site-packages/robo_miner_interfaces/msg/_robot_position_response.py
[102.517s] -- Symlinking: /home/ros2-user/ros2_workspace/robotics-v1/install/robo_miner_interfaces/lib/python3.8/site-packages/robo_miner_interfaces/msg/_u_int8_multi_array.py
[102.543s] -- Symlinking: /home/ros2-user/ros2_workspace/robotics-v1/install/robo_miner_interfaces/lib/python3.8/site-packages/robo_miner_interfaces/msg/_user_authenticate.py
[102.577s] -- Symlinking: /home/ros2-user/ros2_workspace/robotics-v1/install/robo_miner_interfaces/lib/python3.8/site-packages/robo_miner_interfaces/srv/__init__.py
[102.595s] -- Symlinking: /home/ros2-user/ros2_workspace/robotics-v1/install/robo_miner_interfaces/lib/python3.8/site-packages/robo_miner_interfaces/srv/_activate_mining_validate.py
[102.612s] -- Symlinking: /home/ros2-user/ros2_workspace/robotics-v1/install/robo_miner_interfaces/lib/python3.8/site-packages/robo_miner_interfaces/srv/_field_map_validate.py
[102.630s] -- Symlinking: /home/ros2-user/ros2_workspace/robotics-v1/install/robo_miner_interfaces/lib/python3.8/site-packages/robo_miner_interfaces/srv/_longest_sequence_validate.py
[102.652s] -- Symlinking: /home/ros2-user/ros2_workspace/robotics-v1/install/robo_miner_interfaces/lib/python3.8/site-packages/robo_miner_interfaces/srv/_query_initial_robot_position.py
[102.679s] -- Symlinking: /home/ros2-user/ros2_workspace/robotics-v1/install/robo_miner_interfaces/lib/python3.8/site-packages/robo_miner_interfaces/srv/_robot_move.py
[102.705s] -- Symlinking: /home/ros2-user/ros2_workspace/robotics-v1/install/robo_miner_interfaces/lib/python3.8/site-packages/robo_miner_interfaces/robo_miner_interfaces_s__rosidl_typesupport_fastrtps_c.cpython-38-x86_64-linux-gnu.so
[102.732s] -- Symlinking: /home/ros2-user/ros2_workspace/robotics-v1/install/robo_miner_interfaces/lib/python3.8/site-packages/robo_miner_interfaces/robo_miner_interfaces_s__rosidl_typesupport_introspection_c.cpython-38-x86_64-linux-gnu.so
[102.756s] -- Symlinking: /home/ros2-user/ros2_workspace/robotics-v1/install/robo_miner_interfaces/lib/python3.8/site-packages/robo_miner_interfaces/robo_miner_interfaces_s__rosidl_typesupport_c.cpython-38-x86_64-linux-gnu.so
[102.779s] -- Symlinking: /home/ros2-user/ros2_workspace/robotics-v1/install/robo_miner_interfaces/lib/librobo_miner_interfaces__python.so
[102.804s] -- Symlinking: /home/ros2-user/ros2_workspace/robotics-v1/install/robo_miner_interfaces/share/robo_miner_interfaces/msg/FieldPoint.idl
[102.825s] -- Symlinking: /home/ros2-user/ros2_workspace/robotics-v1/install/robo_miner_interfaces/share/robo_miner_interfaces/msg/RobotPositionResponse.idl
[102.853s] -- Symlinking: /home/ros2-user/ros2_workspace/robotics-v1/install/robo_miner_interfaces/share/robo_miner_interfaces/msg/UInt8MultiArray.idl
[102.878s] -- Symlinking: /home/ros2-user/ros2_workspace/robotics-v1/install/robo_miner_interfaces/share/robo_miner_interfaces/msg/RobotMoveType.idl
[102.904s] -- Symlinking: /home/ros2-user/ros2_workspace/robotics-v1/install/robo_miner_interfaces/share/robo_miner_interfaces/msg/UserAuthenticate.idl
[102.940s] -- Symlinking: /home/ros2-user/ros2_workspace/robotics-v1/install/robo_miner_interfaces/share/robo_miner_interfaces/srv/ActivateMiningValidate.idl
[102.981s] -- Symlinking: /home/ros2-user/ros2_workspace/robotics-v1/install/robo_miner_interfaces/share/robo_miner_interfaces/srv/RobotMove.idl
[103.002s] -- Symlinking: /home/ros2-user/ros2_workspace/robotics-v1/install/robo_miner_interfaces/share/robo_miner_interfaces/srv/LongestSequenceValidate.idl
[103.024s] -- Symlinking: /home/ros2-user/ros2_workspace/robotics-v1/install/robo_miner_interfaces/share/robo_miner_interfaces/srv/FieldMapValidate.idl
[103.043s] -- Symlinking: /home/ros2-user/ros2_workspace/robotics-v1/install/robo_miner_interfaces/share/robo_miner_interfaces/srv/QueryInitialRobotPosition.idl
[103.066s] -- Symlinking: /home/ros2-user/ros2_workspace/robotics-v1/install/robo_miner_interfaces/share/robo_miner_interfaces/msg/FieldPoint.msg
[103.084s] -- Symlinking: /home/ros2-user/ros2_workspace/robotics-v1/install/robo_miner_interfaces/share/robo_miner_interfaces/msg/RobotPositionResponse.msg
[103.104s] -- Symlinking: /home/ros2-user/ros2_workspace/robotics-v1/install/robo_miner_interfaces/share/robo_miner_interfaces/msg/UInt8MultiArray.msg
[103.124s] -- Symlinking: /home/ros2-user/ros2_workspace/robotics-v1/install/robo_miner_interfaces/share/robo_miner_interfaces/msg/RobotMoveType.msg
[103.142s] -- Symlinking: /home/ros2-user/ros2_workspace/robotics-v1/install/robo_miner_interfaces/share/robo_miner_interfaces/msg/UserAuthenticate.msg
[103.180s] -- Symlinking: /home/ros2-user/ros2_workspace/robotics-v1/install/robo_miner_interfaces/share/robo_miner_interfaces/srv/ActivateMiningValidate.srv
[103.206s] -- Symlinking: /home/ros2-user/ros2_workspace/robotics-v1/install/robo_miner_interfaces/share/robo_miner_interfaces/srv/ActivateMiningValidate_Request.msg
[103.227s] -- Symlinking: /home/ros2-user/ros2_workspace/robotics-v1/install/robo_miner_interfaces/share/robo_miner_interfaces/srv/ActivateMiningValidate_Response.msg
[103.350s] -- Symlinking: /home/ros2-user/ros2_workspace/robotics-v1/install/robo_miner_interfaces/share/robo_miner_interfaces/srv/RobotMove.srv
[103.372s] -- Symlinking: /home/ros2-user/ros2_workspace/robotics-v1/install/robo_miner_interfaces/share/robo_miner_interfaces/srv/RobotMove_Request.msg
[103.400s] -- Symlinking: /home/ros2-user/ros2_workspace/robotics-v1/install/robo_miner_interfaces/share/robo_miner_interfaces/srv/RobotMove_Response.msg
[103.426s] -- Symlinking: /home/ros2-user/ros2_workspace/robotics-v1/install/robo_miner_interfaces/share/robo_miner_interfaces/srv/LongestSequenceValidate.srv
[103.448s] -- Symlinking: /home/ros2-user/ros2_workspace/robotics-v1/install/robo_miner_interfaces/share/robo_miner_interfaces/srv/LongestSequenceValidate_Request.msg
[103.467s] -- Symlinking: /home/ros2-user/ros2_workspace/robotics-v1/install/robo_miner_interfaces/share/robo_miner_interfaces/srv/LongestSequenceValidate_Response.msg
[103.487s] -- Symlinking: /home/ros2-user/ros2_workspace/robotics-v1/install/robo_miner_interfaces/share/robo_miner_interfaces/srv/FieldMapValidate.srv
[103.522s] -- Symlinking: /home/ros2-user/ros2_workspace/robotics-v1/install/robo_miner_interfaces/share/robo_miner_interfaces/srv/FieldMapValidate_Request.msg
[103.543s] -- Symlinking: /home/ros2-user/ros2_workspace/robotics-v1/install/robo_miner_interfaces/share/robo_miner_interfaces/srv/FieldMapValidate_Response.msg
[103.564s] -- Symlinking: /home/ros2-user/ros2_workspace/robotics-v1/install/robo_miner_interfaces/share/robo_miner_interfaces/srv/QueryInitialRobotPosition.srv
[103.583s] -- Symlinking: /home/ros2-user/ros2_workspace/robotics-v1/install/robo_miner_interfaces/share/robo_miner_interfaces/srv/QueryInitialRobotPosition_Request.msg
[103.611s] -- Symlinking: /home/ros2-user/ros2_workspace/robotics-v1/install/robo_miner_interfaces/share/robo_miner_interfaces/srv/QueryInitialRobotPosition_Response.msg
[103.639s] -- Symlinking: /home/ros2-user/ros2_workspace/robotics-v1/install/robo_miner_interfaces/share/ament_index/resource_index/package_run_dependencies/robo_miner_interfaces
[103.663s] -- Symlinking: /home/ros2-user/ros2_workspace/robotics-v1/install/robo_miner_interfaces/share/ament_index/resource_index/parent_prefix_path/robo_miner_interfaces
[103.692s] -- Symlinking: /home/ros2-user/ros2_workspace/robotics-v1/install/robo_miner_interfaces/share/robo_miner_interfaces/environment/ament_prefix_path.sh
[103.718s] -- Symlinking: /home/ros2-user/ros2_workspace/robotics-v1/install/robo_miner_interfaces/share/robo_miner_interfaces/environment/ament_prefix_path.dsv
[103.741s] -- Symlinking: /home/ros2-user/ros2_workspace/robotics-v1/install/robo_miner_interfaces/share/robo_miner_interfaces/environment/path.sh
[103.771s] -- Symlinking: /home/ros2-user/ros2_workspace/robotics-v1/install/robo_miner_interfaces/share/robo_miner_interfaces/environment/path.dsv
[103.799s] -- Symlinking: /home/ros2-user/ros2_workspace/robotics-v1/install/robo_miner_interfaces/share/robo_miner_interfaces/local_setup.bash
[103.831s] -- Symlinking: /home/ros2-user/ros2_workspace/robotics-v1/install/robo_miner_interfaces/share/robo_miner_interfaces/local_setup.sh
[103.851s] -- Symlinking: /home/ros2-user/ros2_workspace/robotics-v1/install/robo_miner_interfaces/share/robo_miner_interfaces/local_setup.zsh
[103.888s] -- Symlinking: /home/ros2-user/ros2_workspace/robotics-v1/install/robo_miner_interfaces/share/robo_miner_interfaces/local_setup.dsv
[103.908s] -- Symlinking: /home/ros2-user/ros2_workspace/robotics-v1/install/robo_miner_interfaces/share/robo_miner_interfaces/package.dsv
[103.948s] -- Symlinking: /home/ros2-user/ros2_workspace/robotics-v1/install/robo_miner_interfaces/share/ament_index/resource_index/packages/robo_miner_interfaces
[103.984s] -- Symlinking: /home/ros2-user/ros2_workspace/robotics-v1/install/robo_miner_interfaces/share/robo_miner_interfaces/cmake/rosidl_cmake-extras.cmake
[104.050s] -- Symlinking: /home/ros2-user/ros2_workspace/robotics-v1/install/robo_miner_interfaces/share/robo_miner_interfaces/cmake/ament_cmake_export_dependencies-extras.cmake
[104.099s] -- Symlinking: /home/ros2-user/ros2_workspace/robotics-v1/install/robo_miner_interfaces/share/robo_miner_interfaces/cmake/ament_cmake_export_libraries-extras.cmake
[104.125s] -- Symlinking: /home/ros2-user/ros2_workspace/robotics-v1/install/robo_miner_interfaces/share/robo_miner_interfaces/cmake/ament_cmake_export_targets-extras.cmake
[104.152s] -- Symlinking: /home/ros2-user/ros2_workspace/robotics-v1/install/robo_miner_interfaces/share/robo_miner_interfaces/cmake/ament_cmake_export_include_directories-extras.cmake
[104.192s] -- Symlinking: /home/ros2-user/ros2_workspace/robotics-v1/install/robo_miner_interfaces/share/robo_miner_interfaces/cmake/rosidl_cmake_export_typesupport_libraries-extras.cmake
[104.236s] -- Symlinking: /home/ros2-user/ros2_workspace/robotics-v1/install/robo_miner_interfaces/share/robo_miner_interfaces/cmake/rosidl_cmake_export_typesupport_targets-extras.cmake
[104.281s] -- Symlinking: /home/ros2-user/ros2_workspace/robotics-v1/install/robo_miner_interfaces/share/robo_miner_interfaces/cmake/robo_miner_interfacesConfig.cmake
[104.314s] -- Symlinking: /home/ros2-user/ros2_workspace/robotics-v1/install/robo_miner_interfaces/share/robo_miner_interfaces/cmake/robo_miner_interfacesConfig-version.cmake
[104.340s] -- Symlinking: /home/ros2-user/ros2_workspace/robotics-v1/install/robo_miner_interfaces/share/robo_miner_interfaces/package.xml
[104.393s] -- Installing: /home/ros2-user/ros2_workspace/robotics-v1/install/robo_miner_interfaces/lib/librobo_miner_interfaces__rosidl_generator_c.so
[104.396s] -- Set runtime path of "/home/ros2-user/ros2_workspace/robotics-v1/install/robo_miner_interfaces/lib/librobo_miner_interfaces__rosidl_generator_c.so" to ""
[104.396s] -- Installing: /home/ros2-user/ros2_workspace/robotics-v1/install/robo_miner_interfaces/lib/librobo_miner_interfaces__rosidl_typesupport_introspection_c.so
[104.400s] -- Set runtime path of "/home/ros2-user/ros2_workspace/robotics-v1/install/robo_miner_interfaces/lib/librobo_miner_interfaces__rosidl_typesupport_introspection_c.so" to ""
[104.401s] -- Installing: /home/ros2-user/ros2_workspace/robotics-v1/install/robo_miner_interfaces/lib/librobo_miner_interfaces__rosidl_typesupport_c.so
[104.404s] -- Set runtime path of "/home/ros2-user/ros2_workspace/robotics-v1/install/robo_miner_interfaces/lib/librobo_miner_interfaces__rosidl_typesupport_c.so" to ""
[104.404s] -- Installing: /home/ros2-user/ros2_workspace/robotics-v1/install/robo_miner_interfaces/lib/librobo_miner_interfaces__rosidl_typesupport_introspection_cpp.so
[104.411s] -- Set runtime path of "/home/ros2-user/ros2_workspace/robotics-v1/install/robo_miner_interfaces/lib/librobo_miner_interfaces__rosidl_typesupport_introspection_cpp.so" to ""
[104.412s] -- Installing: /home/ros2-user/ros2_workspace/robotics-v1/install/robo_miner_interfaces/lib/librobo_miner_interfaces__rosidl_typesupport_cpp.so
[104.415s] -- Set runtime path of "/home/ros2-user/ros2_workspace/robotics-v1/install/robo_miner_interfaces/lib/librobo_miner_interfaces__rosidl_typesupport_cpp.so" to ""
[104.488s] Compiling '/home/ros2-user/ros2_workspace/robotics-v1/install/robo_miner_interfaces/lib/python3.8/site-packages/robo_miner_interfaces/__init__.py'...
[104.497s] -- Installing: /home/ros2-user/ros2_workspace/robotics-v1/install/robo_miner_interfaces/share/robo_miner_interfaces/cmake/robo_miner_interfaces__rosidl_generator_cExport.cmake
[104.497s] -- Installing: /home/ros2-user/ros2_workspace/robotics-v1/install/robo_miner_interfaces/share/robo_miner_interfaces/cmake/robo_miner_interfaces__rosidl_generator_cExport-debug.cmake
[104.498s] -- Installing: /home/ros2-user/ros2_workspace/robotics-v1/install/robo_miner_interfaces/share/robo_miner_interfaces/cmake/robo_miner_interfaces__rosidl_typesupport_introspection_cExport.cmake
[104.499s] -- Installing: /home/ros2-user/ros2_workspace/robotics-v1/install/robo_miner_interfaces/share/robo_miner_interfaces/cmake/robo_miner_interfaces__rosidl_typesupport_introspection_cExport-debug.cmake
[104.499s] -- Installing: /home/ros2-user/ros2_workspace/robotics-v1/install/robo_miner_interfaces/share/robo_miner_interfaces/cmake/robo_miner_interfaces__rosidl_typesupport_cExport.cmake
[104.501s] -- Installing: /home/ros2-user/ros2_workspace/robotics-v1/install/robo_miner_interfaces/share/robo_miner_interfaces/cmake/robo_miner_interfaces__rosidl_typesupport_cExport-debug.cmake
[104.502s] -- Installing: /home/ros2-user/ros2_workspace/robotics-v1/install/robo_miner_interfaces/share/robo_miner_interfaces/cmake/robo_miner_interfaces__rosidl_generator_cppExport.cmake
[104.503s] -- Installing: /home/ros2-user/ros2_workspace/robotics-v1/install/robo_miner_interfaces/share/robo_miner_interfaces/cmake/robo_miner_interfaces__rosidl_typesupport_introspection_cppExport.cmake
[104.504s] -- Installing: /home/ros2-user/ros2_workspace/robotics-v1/install/robo_miner_interfaces/share/robo_miner_interfaces/cmake/robo_miner_interfaces__rosidl_typesupport_introspection_cppExport-debug.cmake
[104.505s] -- Installing: /home/ros2-user/ros2_workspace/robotics-v1/install/robo_miner_interfaces/share/robo_miner_interfaces/cmake/robo_miner_interfaces__rosidl_typesupport_cppExport.cmake
[104.507s] -- Installing: /home/ros2-user/ros2_workspace/robotics-v1/install/robo_miner_interfaces/share/robo_miner_interfaces/cmake/robo_miner_interfaces__rosidl_typesupport_cppExport-debug.cmake
[104.518s] Invoked command in '/home/ros2-user/ros2_workspace/robotics-v1/build/robo_miner_interfaces' returned '0': CMAKE_PREFIX_PATH=/opt/ros/foxy /usr/bin/cmake --install /home/ros2-user/ros2_workspace/robotics-v1/build/robo_miner_interfaces
