[0.227s] Invoking command in '/home/ros2-user/ros2_workspace/robotics-v1/build/game_engine': CMAKE_PREFIX_PATH=/home/ros2-user/ros2_workspace/robotics-v1/install/manager_utils:/home/ros2-user/ros2_workspace/robotics-v1/install/sdl_utils:/home/ros2-user/ros2_workspace/robotics-v1/install/resource_utils:/home/ros2-user/ros2_workspace/robotics-v1/install/utils:/home/ros2-user/ros2_workspace/robotics-v1/install/cmake_helpers:/opt/ros/foxy PKG_CONFIG_PATH=/home/ros2-user/ros2_workspace/robotics-v1/install/manager_utils/lib/x86_64-linux-gnu/pkgconfig:/home/ros2-user/ros2_workspace/robotics-v1/install/manager_utils/lib/pkgconfig:/home/ros2-user/ros2_workspace/robotics-v1/install/sdl_utils/lib/x86_64-linux-gnu/pkgconfig:/home/ros2-user/ros2_workspace/robotics-v1/install/sdl_utils/lib/pkgconfig:/home/ros2-user/ros2_workspace/robotics-v1/install/resource_utils/lib/x86_64-linux-gnu/pkgconfig:/home/ros2-user/ros2_workspace/robotics-v1/install/resource_utils/lib/pkgconfig:/home/ros2-user/ros2_workspace/robotics-v1/install/utils/lib/x86_64-linux-gnu/pkgconfig:/home/ros2-user/ros2_workspace/robotics-v1/install/utils/lib/pkgconfig:/home/ros2-user/ros2_workspace/robotics-v1/install/cmake_helpers/lib/x86_64-linux-gnu/pkgconfig:/home/ros2-user/ros2_workspace/robotics-v1/install/cmake_helpers/lib/pkgconfig /usr/bin/cmake /home/ros2-user/ros2_workspace/robotics-v1/src/lib/game_engine -DCMAKE_BUILD_TYPE=Debug -DCMAKE_CXX_COMPILER=/usr/bin/g++ -DCMAKE_INSTALL_PREFIX=/home/ros2-user/ros2_workspace/robotics-v1/install/game_engine
[0.638s] -- The CXX compiler identification is GNU 9.4.0
[0.662s] -- Check for working CXX compiler: /usr/bin/g++
[1.082s] -- Check for working CXX compiler: /usr/bin/g++ -- works
[1.083s] -- Detecting CXX compiler ABI info
[2.425s] -- Detecting CXX compiler ABI info - done
[2.491s] -- Detecting CXX compile features
[2.492s] -- Detecting CXX compile features - done
[2.498s] -- Found cmake_helpers: 1.0.0 (/home/ros2-user/ros2_workspace/robotics-v1/install/cmake_helpers/share/cmake_helpers/cmake)
[2.506s] -- Looking for C++ include pthread.h
[2.809s] -- Looking for C++ include pthread.h - found
[2.811s] -- Performing Test CMAKE_HAVE_LIBC_PTHREAD
[3.179s] -- Performing Test CMAKE_HAVE_LIBC_PTHREAD - Failed
[3.180s] -- Looking for pthread_create in pthreads
[4.297s] -- Looking for pthread_create in pthreads - not found
[4.297s] -- Looking for pthread_create in pthread
[5.526s] -- Looking for pthread_create in pthread - found
[5.528s] -- Found Threads: TRUE  
[5.546s] -- Found ament_cmake: 0.9.11 (/opt/ros/foxy/share/ament_cmake/cmake)
[5.619s] -- Found PythonInterp: /usr/bin/python3 (found suitable version "3.8.10", minimum required is "3") 
[5.620s] -- Using PYTHON_EXECUTABLE: /usr/bin/python3
[6.443s] -- Configuring done
[6.463s] -- Generating done
[6.468s] -- Build files have been written to: /home/ros2-user/ros2_workspace/robotics-v1/build/game_engine
[6.481s] Invoked command in '/home/ros2-user/ros2_workspace/robotics-v1/build/game_engine' returned '0': CMAKE_PREFIX_PATH=/home/ros2-user/ros2_workspace/robotics-v1/install/manager_utils:/home/ros2-user/ros2_workspace/robotics-v1/install/sdl_utils:/home/ros2-user/ros2_workspace/robotics-v1/install/resource_utils:/home/ros2-user/ros2_workspace/robotics-v1/install/utils:/home/ros2-user/ros2_workspace/robotics-v1/install/cmake_helpers:/opt/ros/foxy PKG_CONFIG_PATH=/home/ros2-user/ros2_workspace/robotics-v1/install/manager_utils/lib/x86_64-linux-gnu/pkgconfig:/home/ros2-user/ros2_workspace/robotics-v1/install/manager_utils/lib/pkgconfig:/home/ros2-user/ros2_workspace/robotics-v1/install/sdl_utils/lib/x86_64-linux-gnu/pkgconfig:/home/ros2-user/ros2_workspace/robotics-v1/install/sdl_utils/lib/pkgconfig:/home/ros2-user/ros2_workspace/robotics-v1/install/resource_utils/lib/x86_64-linux-gnu/pkgconfig:/home/ros2-user/ros2_workspace/robotics-v1/install/resource_utils/lib/pkgconfig:/home/ros2-user/ros2_workspace/robotics-v1/install/utils/lib/x86_64-linux-gnu/pkgconfig:/home/ros2-user/ros2_workspace/robotics-v1/install/utils/lib/pkgconfig:/home/ros2-user/ros2_workspace/robotics-v1/install/cmake_helpers/lib/x86_64-linux-gnu/pkgconfig:/home/ros2-user/ros2_workspace/robotics-v1/install/cmake_helpers/lib/pkgconfig /usr/bin/cmake /home/ros2-user/ros2_workspace/robotics-v1/src/lib/game_engine -DCMAKE_BUILD_TYPE=Debug -DCMAKE_CXX_COMPILER=/usr/bin/g++ -DCMAKE_INSTALL_PREFIX=/home/ros2-user/ros2_workspace/robotics-v1/install/game_engine
[6.485s] Invoking command in '/home/ros2-user/ros2_workspace/robotics-v1/build/game_engine': CMAKE_PREFIX_PATH=/home/ros2-user/ros2_workspace/robotics-v1/install/manager_utils:/home/ros2-user/ros2_workspace/robotics-v1/install/sdl_utils:/home/ros2-user/ros2_workspace/robotics-v1/install/resource_utils:/home/ros2-user/ros2_workspace/robotics-v1/install/utils:/home/ros2-user/ros2_workspace/robotics-v1/install/cmake_helpers:/opt/ros/foxy PKG_CONFIG_PATH=/home/ros2-user/ros2_workspace/robotics-v1/install/manager_utils/lib/x86_64-linux-gnu/pkgconfig:/home/ros2-user/ros2_workspace/robotics-v1/install/manager_utils/lib/pkgconfig:/home/ros2-user/ros2_workspace/robotics-v1/install/sdl_utils/lib/x86_64-linux-gnu/pkgconfig:/home/ros2-user/ros2_workspace/robotics-v1/install/sdl_utils/lib/pkgconfig:/home/ros2-user/ros2_workspace/robotics-v1/install/resource_utils/lib/x86_64-linux-gnu/pkgconfig:/home/ros2-user/ros2_workspace/robotics-v1/install/resource_utils/lib/pkgconfig:/home/ros2-user/ros2_workspace/robotics-v1/install/utils/lib/x86_64-linux-gnu/pkgconfig:/home/ros2-user/ros2_workspace/robotics-v1/install/utils/lib/pkgconfig:/home/ros2-user/ros2_workspace/robotics-v1/install/cmake_helpers/lib/x86_64-linux-gnu/pkgconfig:/home/ros2-user/ros2_workspace/robotics-v1/install/cmake_helpers/lib/pkgconfig /usr/bin/cmake --build /home/ros2-user/ros2_workspace/robotics-v1/build/game_engine -- -j4 -l4
[6.649s] [35m[1mScanning dependencies of target game_engine[0m
[6.747s] [ 14%] [32mBuilding CXX object CMakeFiles/game_engine.dir/src/communicator/NullCommunicator.cpp.o[0m
[7.055s] [ 28%] [32mBuilding CXX object CMakeFiles/game_engine.dir/src/event_handler/ActionEventHandler.cpp.o[0m
[10.682s] [ 42%] [32mBuilding CXX object CMakeFiles/game_engine.dir/src/utils/DebugConsole.cpp.o[0m
[12.002s] [ 57%] [32mBuilding CXX object CMakeFiles/game_engine.dir/src/Application.cpp.o[0m
[14.126s] [ 71%] [32mBuilding CXX object CMakeFiles/game_engine.dir/src/engine/Engine.cpp.o[0m
[17.605s] [ 85%] [32mBuilding CXX object CMakeFiles/game_engine.dir/src/engine/config/EngineConfig.cpp.o[0m
[19.710s] [100%] [32m[1mLinking CXX static library libgame_engine.a[0m
[20.200s] [100%] Built target game_engine
[20.402s] Invoked command in '/home/ros2-user/ros2_workspace/robotics-v1/build/game_engine' returned '0': CMAKE_PREFIX_PATH=/home/ros2-user/ros2_workspace/robotics-v1/install/manager_utils:/home/ros2-user/ros2_workspace/robotics-v1/install/sdl_utils:/home/ros2-user/ros2_workspace/robotics-v1/install/resource_utils:/home/ros2-user/ros2_workspace/robotics-v1/install/utils:/home/ros2-user/ros2_workspace/robotics-v1/install/cmake_helpers:/opt/ros/foxy PKG_CONFIG_PATH=/home/ros2-user/ros2_workspace/robotics-v1/install/manager_utils/lib/x86_64-linux-gnu/pkgconfig:/home/ros2-user/ros2_workspace/robotics-v1/install/manager_utils/lib/pkgconfig:/home/ros2-user/ros2_workspace/robotics-v1/install/sdl_utils/lib/x86_64-linux-gnu/pkgconfig:/home/ros2-user/ros2_workspace/robotics-v1/install/sdl_utils/lib/pkgconfig:/home/ros2-user/ros2_workspace/robotics-v1/install/resource_utils/lib/x86_64-linux-gnu/pkgconfig:/home/ros2-user/ros2_workspace/robotics-v1/install/resource_utils/lib/pkgconfig:/home/ros2-user/ros2_workspace/robotics-v1/install/utils/lib/x86_64-linux-gnu/pkgconfig:/home/ros2-user/ros2_workspace/robotics-v1/install/utils/lib/pkgconfig:/home/ros2-user/ros2_workspace/robotics-v1/install/cmake_helpers/lib/x86_64-linux-gnu/pkgconfig:/home/ros2-user/ros2_workspace/robotics-v1/install/cmake_helpers/lib/pkgconfig /usr/bin/cmake --build /home/ros2-user/ros2_workspace/robotics-v1/build/game_engine -- -j4 -l4
[21.364s] Invoking command in '/home/ros2-user/ros2_workspace/robotics-v1/build/game_engine': CMAKE_PREFIX_PATH=/home/ros2-user/ros2_workspace/robotics-v1/install/manager_utils:/home/ros2-user/ros2_workspace/robotics-v1/install/sdl_utils:/home/ros2-user/ros2_workspace/robotics-v1/install/resource_utils:/home/ros2-user/ros2_workspace/robotics-v1/install/utils:/home/ros2-user/ros2_workspace/robotics-v1/install/cmake_helpers:/opt/ros/foxy PKG_CONFIG_PATH=/home/ros2-user/ros2_workspace/robotics-v1/install/manager_utils/lib/x86_64-linux-gnu/pkgconfig:/home/ros2-user/ros2_workspace/robotics-v1/install/manager_utils/lib/pkgconfig:/home/ros2-user/ros2_workspace/robotics-v1/install/sdl_utils/lib/x86_64-linux-gnu/pkgconfig:/home/ros2-user/ros2_workspace/robotics-v1/install/sdl_utils/lib/pkgconfig:/home/ros2-user/ros2_workspace/robotics-v1/install/resource_utils/lib/x86_64-linux-gnu/pkgconfig:/home/ros2-user/ros2_workspace/robotics-v1/install/resource_utils/lib/pkgconfig:/home/ros2-user/ros2_workspace/robotics-v1/install/utils/lib/x86_64-linux-gnu/pkgconfig:/home/ros2-user/ros2_workspace/robotics-v1/install/utils/lib/pkgconfig:/home/ros2-user/ros2_workspace/robotics-v1/install/cmake_helpers/lib/x86_64-linux-gnu/pkgconfig:/home/ros2-user/ros2_workspace/robotics-v1/install/cmake_helpers/lib/pkgconfig /usr/bin/cmake --install /home/ros2-user/ros2_workspace/robotics-v1/build/game_engine
[21.399s] -- Install configuration: "Debug"
[21.400s] -- Installing: /home/ros2-user/ros2_workspace/robotics-v1/install/game_engine/share/game_engine/package.xml
[21.400s] -- Installing: /home/ros2-user/ros2_workspace/robotics-v1/install/game_engine/lib/game_engine/libgame_engine.a
[21.409s] -- Installing: /home/ros2-user/ros2_workspace/robotics-v1/install/game_engine/share/ament_index/resource_index/packages/game_engine
[21.410s] -- Installing: /home/ros2-user/ros2_workspace/robotics-v1/install/game_engine/share/game_engine/hook/ament_prefix_path.dsv
[21.410s] -- Installing: /home/ros2-user/ros2_workspace/robotics-v1/install/game_engine/share/game_engine/hook/ros_package_path.dsv
[21.410s] -- Installing: /home/ros2-user/ros2_workspace/robotics-v1/install/game_engine/share/ament_index/resource_index/package_run_dependencies/game_engine
[21.411s] -- Installing: /home/ros2-user/ros2_workspace/robotics-v1/install/game_engine/share/ament_index/resource_index/parent_prefix_path/game_engine
[21.412s] -- Installing: /home/ros2-user/ros2_workspace/robotics-v1/install/game_engine/share/game_engine/environment/ament_prefix_path.sh
[21.413s] -- Installing: /home/ros2-user/ros2_workspace/robotics-v1/install/game_engine/share/game_engine/environment/ament_prefix_path.dsv
[21.414s] -- Installing: /home/ros2-user/ros2_workspace/robotics-v1/install/game_engine/share/game_engine/environment/path.sh
[21.416s] -- Installing: /home/ros2-user/ros2_workspace/robotics-v1/install/game_engine/share/game_engine/environment/path.dsv
[21.418s] -- Installing: /home/ros2-user/ros2_workspace/robotics-v1/install/game_engine/share/game_engine/local_setup.bash
[21.420s] -- Installing: /home/ros2-user/ros2_workspace/robotics-v1/install/game_engine/share/game_engine/local_setup.sh
[21.422s] -- Installing: /home/ros2-user/ros2_workspace/robotics-v1/install/game_engine/share/game_engine/local_setup.zsh
[21.431s] -- Installing: /home/ros2-user/ros2_workspace/robotics-v1/install/game_engine/share/game_engine/local_setup.dsv
[21.432s] -- Installing: /home/ros2-user/ros2_workspace/robotics-v1/install/game_engine/share/game_engine/package.dsv
[21.437s] -- Up-to-date: /home/ros2-user/ros2_workspace/robotics-v1/install/game_engine/share/ament_index/resource_index/packages/game_engine
[21.447s] -- Installing: /home/ros2-user/ros2_workspace/robotics-v1/install/game_engine/share/game_engine/cmake/game_engineConfig.cmake
[21.447s] -- Installing: /home/ros2-user/ros2_workspace/robotics-v1/install/game_engine/share/game_engine/cmake/game_engineConfig-version.cmake
[21.481s] -- Up-to-date: /home/ros2-user/ros2_workspace/robotics-v1/install/game_engine/share/game_engine/package.xml
[21.482s] -- Installing: /home/ros2-user/ros2_workspace/robotics-v1/install/game_engine/lib/libgame_engine.a
[21.482s] -- Installing: /home/ros2-user/ros2_workspace/robotics-v1/install/game_engine/include
[21.482s] -- Installing: /home/ros2-user/ros2_workspace/robotics-v1/install/game_engine/include/game_engine
[21.483s] -- Installing: /home/ros2-user/ros2_workspace/robotics-v1/install/game_engine/include/game_engine/config
[21.483s] -- Installing: /home/ros2-user/ros2_workspace/robotics-v1/install/game_engine/include/game_engine/config/ApplicationConfig.h
[21.483s] -- Installing: /home/ros2-user/ros2_workspace/robotics-v1/install/game_engine/include/game_engine/Game.h
[21.483s] -- Installing: /home/ros2-user/ros2_workspace/robotics-v1/install/game_engine/include/game_engine/Application.h
[21.484s] -- Installing: /home/ros2-user/ros2_workspace/robotics-v1/install/game_engine/include/game_engine/communicator
[21.484s] -- Installing: /home/ros2-user/ros2_workspace/robotics-v1/install/game_engine/include/game_engine/communicator/Communicator.h
[21.484s] -- Installing: /home/ros2-user/ros2_workspace/robotics-v1/install/game_engine/include/game_engine/communicator/NullCommunicator.h
[21.485s] -- Installing: /home/ros2-user/ros2_workspace/robotics-v1/install/game_engine/include/game_engine/defines
[21.485s] -- Installing: /home/ros2-user/ros2_workspace/robotics-v1/install/game_engine/include/game_engine/defines/ActionEventDefines.h
[21.485s] -- Installing: /home/ros2-user/ros2_workspace/robotics-v1/install/game_engine/include/game_engine/defines/DependencyDefines.h
[21.486s] -- Installing: /home/ros2-user/ros2_workspace/robotics-v1/install/game_engine/include/game_engine/engine
[21.486s] -- Installing: /home/ros2-user/ros2_workspace/robotics-v1/install/game_engine/include/game_engine/engine/config
[21.486s] -- Installing: /home/ros2-user/ros2_workspace/robotics-v1/install/game_engine/include/game_engine/engine/config/EngineConfig.h
[21.486s] -- Installing: /home/ros2-user/ros2_workspace/robotics-v1/install/game_engine/include/game_engine/engine/Engine.h
[21.487s] -- Installing: /home/ros2-user/ros2_workspace/robotics-v1/install/game_engine/include/game_engine/event_handler
[21.487s] -- Installing: /home/ros2-user/ros2_workspace/robotics-v1/install/game_engine/include/game_engine/event_handler/ActionEventHandler.h
[21.487s] -- Installing: /home/ros2-user/ros2_workspace/robotics-v1/install/game_engine/include/game_engine/utils
[21.487s] -- Installing: /home/ros2-user/ros2_workspace/robotics-v1/install/game_engine/include/game_engine/utils/DebugConsole.h
[21.488s] -- Installing: /home/ros2-user/ros2_workspace/robotics-v1/install/game_engine/include/game_engine/utils/config
[21.488s] -- Installing: /home/ros2-user/ros2_workspace/robotics-v1/install/game_engine/include/game_engine/utils/config/DebugConsoleConfig.h
[21.488s] -- Installing: /home/ros2-user/ros2_workspace/robotics-v1/install/game_engine/lib/cmake/game_engine/game_engineTargets.cmake
[21.489s] -- Installing: /home/ros2-user/ros2_workspace/robotics-v1/install/game_engine/lib/cmake/game_engine/game_engineTargets-debug.cmake
[21.489s] -- Installing: /home/ros2-user/ros2_workspace/robotics-v1/install/game_engine/lib/cmake/game_engine/game_engineConfig.cmake
[21.490s] Invoked command in '/home/ros2-user/ros2_workspace/robotics-v1/build/game_engine' returned '0': CMAKE_PREFIX_PATH=/home/ros2-user/ros2_workspace/robotics-v1/install/manager_utils:/home/ros2-user/ros2_workspace/robotics-v1/install/sdl_utils:/home/ros2-user/ros2_workspace/robotics-v1/install/resource_utils:/home/ros2-user/ros2_workspace/robotics-v1/install/utils:/home/ros2-user/ros2_workspace/robotics-v1/install/cmake_helpers:/opt/ros/foxy PKG_CONFIG_PATH=/home/ros2-user/ros2_workspace/robotics-v1/install/manager_utils/lib/x86_64-linux-gnu/pkgconfig:/home/ros2-user/ros2_workspace/robotics-v1/install/manager_utils/lib/pkgconfig:/home/ros2-user/ros2_workspace/robotics-v1/install/sdl_utils/lib/x86_64-linux-gnu/pkgconfig:/home/ros2-user/ros2_workspace/robotics-v1/install/sdl_utils/lib/pkgconfig:/home/ros2-user/ros2_workspace/robotics-v1/install/resource_utils/lib/x86_64-linux-gnu/pkgconfig:/home/ros2-user/ros2_workspace/robotics-v1/install/resource_utils/lib/pkgconfig:/home/ros2-user/ros2_workspace/robotics-v1/install/utils/lib/x86_64-linux-gnu/pkgconfig:/home/ros2-user/ros2_workspace/robotics-v1/install/utils/lib/pkgconfig:/home/ros2-user/ros2_workspace/robotics-v1/install/cmake_helpers/lib/x86_64-linux-gnu/pkgconfig:/home/ros2-user/ros2_workspace/robotics-v1/install/cmake_helpers/lib/pkgconfig /usr/bin/cmake --install /home/ros2-user/ros2_workspace/robotics-v1/build/game_engine
