-- The C compiler identification is GNU 9.4.0
-- The CXX compiler identification is GNU 9.4.0
-- Check for working C compiler: /usr/bin/cc
-- Check for working C compiler: /usr/bin/cc -- works
-- Detecting C compiler ABI info
-- Detecting C compiler ABI info - done
-- Detecting C compile features
-- Detecting C compile features - done
-- Check for working CXX compiler: /usr/bin/g++
-- Check for working CXX compiler: /usr/bin/g++ -- works
-- Detecting CXX compiler ABI info
-- Detecting CXX compiler ABI info - done
-- Detecting CXX compile features
-- Detecting CXX compile features - done
-- Found ament_cmake: 0.9.11 (/opt/ros/foxy/share/ament_cmake/cmake)
-- Found PythonInterp: /usr/bin/python3 (found suitable version "3.8.10", minimum required is "3") 
-- Using PYTHON_EXECUTABLE: /usr/bin/python3
-- Override CMake install command with custom implementation using symlinks instead of copying resources
-- Found hardware_interface: 0.11.0 (/opt/ros/foxy/share/hardware_interface/cmake)
-- Using all available rosidl_typesupport_c: rosidl_typesupport_fastrtps_c;rosidl_typesupport_introspection_c
-- Found rosidl_adapter: 1.3.0 (/opt/ros/foxy/share/rosidl_adapter/cmake)
-- Found OpenSSL: /usr/lib/x86_64-linux-gnu/libcrypto.so (found version "1.1.1f")  
-- Found FastRTPS: /opt/ros/foxy/include  
-- Using all available rosidl_typesupport_cpp: rosidl_typesupport_fastrtps_cpp;rosidl_typesupport_introspection_cpp
-- Found rclcpp: 2.4.2 (/opt/ros/foxy/share/rclcpp/cmake)
-- Found rmw_implementation_cmake: 1.0.3 (/opt/ros/foxy/share/rmw_implementation_cmake/cmake)
-- Using RMW implementation 'rmw_fastrtps_cpp' as default
-- Looking for pthread.h
-- Looking for pthread.h - found
-- Performing Test CMAKE_HAVE_LIBC_PTHREAD
-- Performing Test CMAKE_HAVE_LIBC_PTHREAD - Failed
-- Looking for pthread_create in pthreads
-- Looking for pthread_create in pthreads - not found
-- Looking for pthread_create in pthread
-- Looking for pthread_create in pthread - found
-- Found Threads: TRUE  
-- Found std_srvs: 2.0.5 (/opt/ros/foxy/share/std_srvs/cmake)
-- Found ur_dashboard_msgs: 0.0.0 (/home/ros2-user/ros2_workspace/robotics-v1/install/ur_dashboard_msgs/share/ur_dashboard_msgs/cmake)
-- Found ur_controllers: 0.0.0 (/home/ros2-user/ros2_workspace/robotics-v1/install/ur_controllers/share/ur_controllers/cmake)
-- Found ur_description: 0.0.0 (/home/ros2-user/ros2_workspace/robotics-v1/install/ur_description/share/ur_description/cmake)
-- Found ur_bringup: 0.0.0 (/home/ros2-user/ros2_workspace/robotics-v1/install/ur_bringup/share/ur_bringup/cmake)
-- Found launch_testing_ament_cmake: 0.10.9 (/opt/ros/foxy/share/launch_testing_ament_cmake/cmake)
-- Found python_cmake_module: 0.8.1 (/opt/ros/foxy/share/python_cmake_module/cmake)
-- Found PythonInterp: /usr/bin/python3 (found suitable version "3.8.10", minimum required is "3.5") 
-- Found PythonLibs: /usr/lib/x86_64-linux-gnu/libpython3.8.so (found suitable version "3.8.10", minimum required is "3.5") 
-- Using PYTHON_EXECUTABLE: /usr/bin/python3
-- Using PYTHON_INCLUDE_DIRS: /usr/include/python3.8
-- Using PYTHON_LIBRARIES: /usr/lib/x86_64-linux-gnu/libpython3.8.so
-- Found PythonExtra: .so  
-- Configuring done
-- Generating done
-- Build files have been written to: /home/ros2-user/ros2_workspace/robotics-v1/build/ur_robot_driver
[35m[1mScanning dependencies of target dashboard_client[0m
[ 12%] [32mBuilding CXX object CMakeFiles/dashboard_client.dir/src/dashboard_client_ros.cpp.o[0m
[ 25%] [32mBuilding CXX object CMakeFiles/dashboard_client.dir/src/urcl_log_handler.cpp.o[0m
[ 37%] [32mBuilding CXX object CMakeFiles/dashboard_client.dir/src/dashboard_client_node.cpp.o[0m
[ 50%] [32m[1mLinking CXX executable dashboard_client[0m
[ 50%] Built target dashboard_client
[35m[1mScanning dependencies of target ur_robot_driver_plugin[0m
[ 62%] [32mBuilding CXX object CMakeFiles/ur_robot_driver_plugin.dir/src/dashboard_client_ros.cpp.o[0m
[ 75%] [32mBuilding CXX object CMakeFiles/ur_robot_driver_plugin.dir/src/urcl_log_handler.cpp.o[0m
[ 87%] [32mBuilding CXX object CMakeFiles/ur_robot_driver_plugin.dir/src/hardware_interface.cpp.o[0m
[100%] [32m[1mLinking CXX shared library libur_robot_driver_plugin.so[0m
[100%] Built target ur_robot_driver_plugin
-- Install configuration: "Debug"
-- Execute custom install script
-- Symlinking: /home/ros2-user/ros2_workspace/robotics-v1/install/ur_robot_driver/share/ur_robot_driver//hardware_interface_plugin.xml
-- Symlinking: /home/ros2-user/ros2_workspace/robotics-v1/install/ur_robot_driver/lib/ur_robot_driver/dashboard_client
-- Symlinking: /home/ros2-user/ros2_workspace/robotics-v1/install/ur_robot_driver/lib/libur_robot_driver_plugin.so
-- Symlinking: /home/ros2-user/ros2_workspace/robotics-v1/install/ur_robot_driver/include/ur_robot_driver/dashboard_client_ros.hpp
-- Symlinking: /home/ros2-user/ros2_workspace/robotics-v1/install/ur_robot_driver/include/ur_robot_driver/hardware_interface.hpp
-- Symlinking: /home/ros2-user/ros2_workspace/robotics-v1/install/ur_robot_driver/include/ur_robot_driver/urcl_log_handler.hpp
-- Symlinking: /home/ros2-user/ros2_workspace/robotics-v1/install/ur_robot_driver/share/ur_robot_driver/environment/library_path.sh
-- Symlinking: /home/ros2-user/ros2_workspace/robotics-v1/install/ur_robot_driver/share/ur_robot_driver/environment/library_path.dsv
-- Symlinking: /home/ros2-user/ros2_workspace/robotics-v1/install/ur_robot_driver/bin/tool_communication
-- Symlinking: /home/ros2-user/ros2_workspace/robotics-v1/install/ur_robot_driver/share/ur_robot_driver/resources/Dockerfile
-- Symlinking: /home/ros2-user/ros2_workspace/robotics-v1/install/ur_robot_driver/share/ur_robot_driver/resources/externalcontrol-1.0.5.urcap
-- Symlinking: /home/ros2-user/ros2_workspace/robotics-v1/install/ur_robot_driver/share/ur_robot_driver/resources/ros_control.urscript
-- Symlinking: /home/ros2-user/ros2_workspace/robotics-v1/install/ur_robot_driver/share/ur_robot_driver/resources/rs485-1.0.urcap
-- Symlinking: /home/ros2-user/ros2_workspace/robotics-v1/install/ur_robot_driver/share/ur_robot_driver/resources/rtde_input_recipe.txt
-- Symlinking: /home/ros2-user/ros2_workspace/robotics-v1/install/ur_robot_driver/share/ur_robot_driver/resources/rtde_output_recipe.txt
-- Symlinking: /home/ros2-user/ros2_workspace/robotics-v1/install/ur_robot_driver/share/ur_robot_driver/resources/ursim_driver/README.md
-- Symlinking: /home/ros2-user/ros2_workspace/robotics-v1/install/ur_robot_driver/share/ur_robot_driver/resources/ursim_driver/build_and_run_docker_ursim_with_driver.sh
-- Symlinking: /home/ros2-user/ros2_workspace/robotics-v1/install/ur_robot_driver/share/ur_robot_driver/resources/ursim_driver/docker-compose.yml
-- Symlinking: /home/ros2-user/ros2_workspace/robotics-v1/install/ur_robot_driver/share/ur_robot_driver/resources/ursim_driver/driver/Dockerfile
-- Symlinking: /home/ros2-user/ros2_workspace/robotics-v1/install/ur_robot_driver/share/ur_robot_driver/resources/ursim_driver/driver/entrypoint.sh
-- Symlinking: /home/ros2-user/ros2_workspace/robotics-v1/install/ur_robot_driver/share/ur_robot_driver/resources/ursim_driver/driver/wait_dashboard_server.sh
-- Symlinking: /home/ros2-user/ros2_workspace/robotics-v1/install/ur_robot_driver/share/ur_robot_driver/resources/ursim_driver/resources/add_urcap.png
-- Symlinking: /home/ros2-user/ros2_workspace/robotics-v1/install/ur_robot_driver/share/ur_robot_driver/resources/ursim_driver/resources/added_external_ctrl.png
-- Symlinking: /home/ros2-user/ros2_workspace/robotics-v1/install/ur_robot_driver/share/ur_robot_driver/resources/ursim_driver/resources/added_urcap.png
-- Symlinking: /home/ros2-user/ros2_workspace/robotics-v1/install/ur_robot_driver/share/ur_robot_driver/resources/ursim_driver/resources/move_tab.png
-- Symlinking: /home/ros2-user/ros2_workspace/robotics-v1/install/ur_robot_driver/share/ur_robot_driver/resources/ursim_driver/resources/powered_on.png
-- Symlinking: /home/ros2-user/ros2_workspace/robotics-v1/install/ur_robot_driver/share/ur_robot_driver/resources/ursim_driver/resources/poweron_proc.png
-- Symlinking: /home/ros2-user/ros2_workspace/robotics-v1/install/ur_robot_driver/share/ur_robot_driver/resources/ursim_driver/resources/running_external_ctrl.png
-- Symlinking: /home/ros2-user/ros2_workspace/robotics-v1/install/ur_robot_driver/share/ur_robot_driver/resources/ursim_driver/resources/rviz.png
-- Symlinking: /home/ros2-user/ros2_workspace/robotics-v1/install/ur_robot_driver/share/ur_robot_driver/resources/ursim_driver/resources/settings.png
-- Symlinking: /home/ros2-user/ros2_workspace/robotics-v1/install/ur_robot_driver/share/ur_robot_driver/resources/ursim_driver/resources/terminal.png
-- Symlinking: /home/ros2-user/ros2_workspace/robotics-v1/install/ur_robot_driver/share/ur_robot_driver/resources/ursim_driver/resources/urcap_menu.png
-- Symlinking: /home/ros2-user/ros2_workspace/robotics-v1/install/ur_robot_driver/share/ur_robot_driver/resources/ursim_driver/resources/vncviewer_list.png
-- Symlinking: /home/ros2-user/ros2_workspace/robotics-v1/install/ur_robot_driver/share/ur_robot_driver/resources/ursim_driver/ursim/aux/.vol/urcap_ros_control.installation
-- Symlinking: /home/ros2-user/ros2_workspace/robotics-v1/install/ur_robot_driver/share/ur_robot_driver/resources/ursim_driver/ursim/aux/.vol/urcap_ros_control.script
-- Symlinking: /home/ros2-user/ros2_workspace/robotics-v1/install/ur_robot_driver/share/ur_robot_driver/resources/ursim_driver/ursim/aux/.vol/urcap_ros_control.txt
-- Symlinking: /home/ros2-user/ros2_workspace/robotics-v1/install/ur_robot_driver/share/ur_robot_driver/resources/ursim_driver/ursim/aux/.vol/urcap_ros_control.urp
-- Symlinking: /home/ros2-user/ros2_workspace/robotics-v1/install/ur_robot_driver/share/ur_robot_driver/resources/ursim_driver/ursim/aux/.vol/urcap_ros_control.variables
-- Symlinking: /home/ros2-user/ros2_workspace/robotics-v1/install/ur_robot_driver/share/ur_robot_driver/resources/ursim_driver/ursim/aux/externalcontrol-1.0.5.urcap
-- Symlinking: /home/ros2-user/ros2_workspace/robotics-v1/install/ur_robot_driver/share/ur_robot_driver/resources/ursim_driver/ursim/aux/ros_control.urscript
-- Symlinking: /home/ros2-user/ros2_workspace/robotics-v1/install/ur_robot_driver/share/ur_robot_driver/resources/ursim_driver/ursim/aux/rs485-1.0.urcap
-- Symlinking: /home/ros2-user/ros2_workspace/robotics-v1/install/ur_robot_driver/share/ur_robot_driver/resources/ursim_driver/ursim/g3/Dockerfile
-- Symlinking: /home/ros2-user/ros2_workspace/robotics-v1/install/ur_robot_driver/share/ur_robot_driver/resources/ursim_driver/ursim/g3/entrypoint.sh
-- Symlinking: /home/ros2-user/ros2_workspace/robotics-v1/install/ur_robot_driver/share/ur_robot_driver/resources/ursim_driver/ursim/g5/Dockerfile
-- Symlinking: /home/ros2-user/ros2_workspace/robotics-v1/install/ur_robot_driver/share/ur_robot_driver/resources/ursim_driver/ursim/g5/entrypoint.sh
-- Up-to-date symlink: /home/ros2-user/ros2_workspace/robotics-v1/install/ur_robot_driver/include/ur_robot_driver/dashboard_client_ros.hpp
-- Up-to-date symlink: /home/ros2-user/ros2_workspace/robotics-v1/install/ur_robot_driver/include/ur_robot_driver/hardware_interface.hpp
-- Up-to-date symlink: /home/ros2-user/ros2_workspace/robotics-v1/install/ur_robot_driver/include/ur_robot_driver/urcl_log_handler.hpp
-- Symlinking: /home/ros2-user/ros2_workspace/robotics-v1/install/ur_robot_driver/share/ament_index/resource_index/package_run_dependencies/ur_robot_driver
-- Symlinking: /home/ros2-user/ros2_workspace/robotics-v1/install/ur_robot_driver/share/ament_index/resource_index/parent_prefix_path/ur_robot_driver
-- Symlinking: /home/ros2-user/ros2_workspace/robotics-v1/install/ur_robot_driver/share/ur_robot_driver/environment/ament_prefix_path.sh
-- Symlinking: /home/ros2-user/ros2_workspace/robotics-v1/install/ur_robot_driver/share/ur_robot_driver/environment/ament_prefix_path.dsv
-- Symlinking: /home/ros2-user/ros2_workspace/robotics-v1/install/ur_robot_driver/share/ur_robot_driver/environment/path.sh
-- Symlinking: /home/ros2-user/ros2_workspace/robotics-v1/install/ur_robot_driver/share/ur_robot_driver/environment/path.dsv
-- Symlinking: /home/ros2-user/ros2_workspace/robotics-v1/install/ur_robot_driver/share/ur_robot_driver/local_setup.bash
-- Symlinking: /home/ros2-user/ros2_workspace/robotics-v1/install/ur_robot_driver/share/ur_robot_driver/local_setup.sh
-- Symlinking: /home/ros2-user/ros2_workspace/robotics-v1/install/ur_robot_driver/share/ur_robot_driver/local_setup.zsh
-- Symlinking: /home/ros2-user/ros2_workspace/robotics-v1/install/ur_robot_driver/share/ur_robot_driver/local_setup.dsv
-- Symlinking: /home/ros2-user/ros2_workspace/robotics-v1/install/ur_robot_driver/share/ur_robot_driver/package.dsv
-- Symlinking: /home/ros2-user/ros2_workspace/robotics-v1/install/ur_robot_driver/share/ament_index/resource_index/packages/ur_robot_driver
-- Symlinking: /home/ros2-user/ros2_workspace/robotics-v1/install/ur_robot_driver/share/ament_index/resource_index/hardware_interface__pluginlib__plugin/ur_robot_driver
-- Symlinking: /home/ros2-user/ros2_workspace/robotics-v1/install/ur_robot_driver/share/ur_robot_driver/cmake/ament_cmake_export_include_directories-extras.cmake
-- Symlinking: /home/ros2-user/ros2_workspace/robotics-v1/install/ur_robot_driver/share/ur_robot_driver/cmake/ament_cmake_export_libraries-extras.cmake
-- Symlinking: /home/ros2-user/ros2_workspace/robotics-v1/install/ur_robot_driver/share/ur_robot_driver/cmake/ament_cmake_export_dependencies-extras.cmake
-- Symlinking: /home/ros2-user/ros2_workspace/robotics-v1/install/ur_robot_driver/share/ur_robot_driver/cmake/ur_robot_driverConfig.cmake
-- Symlinking: /home/ros2-user/ros2_workspace/robotics-v1/install/ur_robot_driver/share/ur_robot_driver/cmake/ur_robot_driverConfig-version.cmake
-- Symlinking: /home/ros2-user/ros2_workspace/robotics-v1/install/ur_robot_driver/share/ur_robot_driver/package.xml
