[0.124s] Invoking command in '/home/ros2-user/ros2_workspace/robotics-v1/build/resource_utils': CMAKE_PREFIX_PATH=/home/ros2-user/ros2_workspace/robotics-v1/install/utils:/home/ros2-user/ros2_workspace/robotics-v1/install/cmake_helpers:/opt/ros/foxy PKG_CONFIG_PATH=/home/ros2-user/ros2_workspace/robotics-v1/install/utils/lib/x86_64-linux-gnu/pkgconfig:/home/ros2-user/ros2_workspace/robotics-v1/install/utils/lib/pkgconfig:/home/ros2-user/ros2_workspace/robotics-v1/install/cmake_helpers/lib/x86_64-linux-gnu/pkgconfig:/home/ros2-user/ros2_workspace/robotics-v1/install/cmake_helpers/lib/pkgconfig /usr/bin/cmake --build /home/ros2-user/ros2_workspace/robotics-v1/build/resource_utils -- -j4 -l4
[0.511s] [100%] Built target resource_utils
[0.555s] Invoked command in '/home/ros2-user/ros2_workspace/robotics-v1/build/resource_utils' returned '0': CMAKE_PREFIX_PATH=/home/ros2-user/ros2_workspace/robotics-v1/install/utils:/home/ros2-user/ros2_workspace/robotics-v1/install/cmake_helpers:/opt/ros/foxy PKG_CONFIG_PATH=/home/ros2-user/ros2_workspace/robotics-v1/install/utils/lib/x86_64-linux-gnu/pkgconfig:/home/ros2-user/ros2_workspace/robotics-v1/install/utils/lib/pkgconfig:/home/ros2-user/ros2_workspace/robotics-v1/install/cmake_helpers/lib/x86_64-linux-gnu/pkgconfig:/home/ros2-user/ros2_workspace/robotics-v1/install/cmake_helpers/lib/pkgconfig /usr/bin/cmake --build /home/ros2-user/ros2_workspace/robotics-v1/build/resource_utils -- -j4 -l4
[0.765s] Invoking command in '/home/ros2-user/ros2_workspace/robotics-v1/build/resource_utils': CMAKE_PREFIX_PATH=/home/ros2-user/ros2_workspace/robotics-v1/install/utils:/home/ros2-user/ros2_workspace/robotics-v1/install/cmake_helpers:/opt/ros/foxy PKG_CONFIG_PATH=/home/ros2-user/ros2_workspace/robotics-v1/install/utils/lib/x86_64-linux-gnu/pkgconfig:/home/ros2-user/ros2_workspace/robotics-v1/install/utils/lib/pkgconfig:/home/ros2-user/ros2_workspace/robotics-v1/install/cmake_helpers/lib/x86_64-linux-gnu/pkgconfig:/home/ros2-user/ros2_workspace/robotics-v1/install/cmake_helpers/lib/pkgconfig /usr/bin/cmake --install /home/ros2-user/ros2_workspace/robotics-v1/build/resource_utils
[0.793s] -- Install configuration: "Debug"
[0.793s] -- Up-to-date: /home/ros2-user/ros2_workspace/robotics-v1/install/resource_utils/share/resource_utils/package.xml
[0.794s] -- Up-to-date: /home/ros2-user/ros2_workspace/robotics-v1/install/resource_utils/lib/resource_utils/libresource_utils.a
[0.794s] -- Up-to-date: /home/ros2-user/ros2_workspace/robotics-v1/install/resource_utils/share/ament_index/resource_index/packages/resource_utils
[0.795s] -- Up-to-date: /home/ros2-user/ros2_workspace/robotics-v1/install/resource_utils/share/resource_utils/hook/ament_prefix_path.dsv
[0.795s] -- Up-to-date: /home/ros2-user/ros2_workspace/robotics-v1/install/resource_utils/share/resource_utils/hook/ros_package_path.dsv
[0.796s] -- Up-to-date: /home/ros2-user/ros2_workspace/robotics-v1/install/resource_utils/share/ament_index/resource_index/package_run_dependencies/resource_utils
[0.796s] -- Up-to-date: /home/ros2-user/ros2_workspace/robotics-v1/install/resource_utils/share/ament_index/resource_index/parent_prefix_path/resource_utils
[0.798s] -- Up-to-date: /home/ros2-user/ros2_workspace/robotics-v1/install/resource_utils/share/resource_utils/environment/ament_prefix_path.sh
[0.799s] -- Up-to-date: /home/ros2-user/ros2_workspace/robotics-v1/install/resource_utils/share/resource_utils/environment/ament_prefix_path.dsv
[0.799s] -- Up-to-date: /home/ros2-user/ros2_workspace/robotics-v1/install/resource_utils/share/resource_utils/environment/path.sh
[0.799s] -- Up-to-date: /home/ros2-user/ros2_workspace/robotics-v1/install/resource_utils/share/resource_utils/environment/path.dsv
[0.800s] -- Up-to-date: /home/ros2-user/ros2_workspace/robotics-v1/install/resource_utils/share/resource_utils/local_setup.bash
[0.800s] -- Up-to-date: /home/ros2-user/ros2_workspace/robotics-v1/install/resource_utils/share/resource_utils/local_setup.sh
[0.801s] -- Up-to-date: /home/ros2-user/ros2_workspace/robotics-v1/install/resource_utils/share/resource_utils/local_setup.zsh
[0.801s] -- Up-to-date: /home/ros2-user/ros2_workspace/robotics-v1/install/resource_utils/share/resource_utils/local_setup.dsv
[0.801s] -- Installing: /home/ros2-user/ros2_workspace/robotics-v1/install/resource_utils/share/resource_utils/package.dsv
[0.802s] -- Up-to-date: /home/ros2-user/ros2_workspace/robotics-v1/install/resource_utils/share/ament_index/resource_index/packages/resource_utils
[0.802s] -- Up-to-date: /home/ros2-user/ros2_workspace/robotics-v1/install/resource_utils/share/resource_utils/cmake/resource_utilsConfig.cmake
[0.803s] -- Up-to-date: /home/ros2-user/ros2_workspace/robotics-v1/install/resource_utils/share/resource_utils/cmake/resource_utilsConfig-version.cmake
[0.803s] -- Up-to-date: /home/ros2-user/ros2_workspace/robotics-v1/install/resource_utils/share/resource_utils/package.xml
[0.804s] -- Up-to-date: /home/ros2-user/ros2_workspace/robotics-v1/install/resource_utils/lib/libresource_utils.a
[0.812s] -- Up-to-date: /home/ros2-user/ros2_workspace/robotics-v1/install/resource_utils/include
[0.818s] -- Up-to-date: /home/ros2-user/ros2_workspace/robotics-v1/install/resource_utils/include/resource_utils
[0.819s] -- Up-to-date: /home/ros2-user/ros2_workspace/robotics-v1/install/resource_utils/include/resource_utils/common
[0.820s] -- Up-to-date: /home/ros2-user/ros2_workspace/robotics-v1/install/resource_utils/include/resource_utils/common/ResourceFileHeader.h
[0.821s] -- Up-to-date: /home/ros2-user/ros2_workspace/robotics-v1/install/resource_utils/include/resource_utils/structs
[0.821s] -- Up-to-date: /home/ros2-user/ros2_workspace/robotics-v1/install/resource_utils/include/resource_utils/structs/FontData.h
[0.823s] -- Up-to-date: /home/ros2-user/ros2_workspace/robotics-v1/install/resource_utils/include/resource_utils/structs/CombinedStructs.h
[0.824s] -- Up-to-date: /home/ros2-user/ros2_workspace/robotics-v1/install/resource_utils/include/resource_utils/structs/SoundData.h
[0.825s] -- Up-to-date: /home/ros2-user/ros2_workspace/robotics-v1/install/resource_utils/include/resource_utils/structs/ResourceData.h
[0.828s] -- Up-to-date: /home/ros2-user/ros2_workspace/robotics-v1/install/resource_utils/include/resource_utils/structs/DataHeader.h
[0.828s] -- Up-to-date: /home/ros2-user/ros2_workspace/robotics-v1/install/resource_utils/include/resource_utils/defines
[0.829s] -- Up-to-date: /home/ros2-user/ros2_workspace/robotics-v1/install/resource_utils/include/resource_utils/defines/ResourceDefines.h
[0.829s] -- Up-to-date: /home/ros2-user/ros2_workspace/robotics-v1/install/resource_utils/include/resource_utils/defines/SoundDefines.h
[0.829s] -- Up-to-date: /home/ros2-user/ros2_workspace/robotics-v1/install/resource_utils/include/resource_utils/resource_loader
[0.830s] -- Up-to-date: /home/ros2-user/ros2_workspace/robotics-v1/install/resource_utils/include/resource_utils/resource_loader/ResourceLoader.h
[0.830s] -- Up-to-date: /home/ros2-user/ros2_workspace/robotics-v1/install/resource_utils/lib/cmake/resource_utils/resource_utilsTargets.cmake
[0.830s] -- Up-to-date: /home/ros2-user/ros2_workspace/robotics-v1/install/resource_utils/lib/cmake/resource_utils/resource_utilsTargets-debug.cmake
[0.831s] -- Up-to-date: /home/ros2-user/ros2_workspace/robotics-v1/install/resource_utils/lib/cmake/resource_utils/resource_utilsConfig.cmake
[0.832s] Invoked command in '/home/ros2-user/ros2_workspace/robotics-v1/build/resource_utils' returned '0': CMAKE_PREFIX_PATH=/home/ros2-user/ros2_workspace/robotics-v1/install/utils:/home/ros2-user/ros2_workspace/robotics-v1/install/cmake_helpers:/opt/ros/foxy PKG_CONFIG_PATH=/home/ros2-user/ros2_workspace/robotics-v1/install/utils/lib/x86_64-linux-gnu/pkgconfig:/home/ros2-user/ros2_workspace/robotics-v1/install/utils/lib/pkgconfig:/home/ros2-user/ros2_workspace/robotics-v1/install/cmake_helpers/lib/x86_64-linux-gnu/pkgconfig:/home/ros2-user/ros2_workspace/robotics-v1/install/cmake_helpers/lib/pkgconfig /usr/bin/cmake --install /home/ros2-user/ros2_workspace/robotics-v1/build/resource_utils
