-- Found cmake_helpers: 1.0.0 (/home/ros2-user/ros2_workspace/robotics-v1/install/cmake_helpers/share/cmake_helpers/cmake)
-- Found ament_cmake: 0.9.11 (/opt/ros/foxy/share/ament_cmake/cmake)
-- Using PYTHON_EXECUTABLE: /usr/bin/python3
-- Override CMake install command with custom implementation using symlinks instead of copying resources
-- Found rclcpp: 2.4.2 (/opt/ros/foxy/share/rclcpp/cmake)
-- Using all available rosidl_typesupport_c: rosidl_typesupport_fastrtps_c;rosidl_typesupport_introspection_c
-- Found rosidl_adapter: 1.3.0 (/opt/ros/foxy/share/rosidl_adapter/cmake)
-- Using all available rosidl_typesupport_cpp: rosidl_typesupport_fastrtps_cpp;rosidl_typesupport_introspection_cpp
-- Found rmw_implementation_cmake: 1.0.3 (/opt/ros/foxy/share/rmw_implementation_cmake/cmake)
-- Using RMW implementation 'rmw_fastrtps_cpp' as default
-- Found ur_msgs: 2.0.0 (/opt/ros/foxy/share/ur_msgs/cmake)
-- Found urscript_interfaces: 1.0.0 (/home/ros2-user/ros2_workspace/robotics-v1/install/urscript_interfaces/share/urscript_interfaces/cmake)
-- Configuring done
-- Generating done
-- Build files have been written to: /home/ros2-user/ros2_workspace/robotics-v1/build/urscript_bridge
[100%] Built target urscript_bridge
-- Install configuration: "Debug"
-- Execute custom install script
-- Up-to-date symlink: /home/ros2-user/ros2_workspace/robotics-v1/install/urscript_bridge/share/urscript_bridge/package.xml
-- Up-to-date symlink: /home/ros2-user/ros2_workspace/robotics-v1/install/urscript_bridge/share/urscript_bridge//launch/launch.py
-- Up-to-date symlink: /home/ros2-user/ros2_workspace/robotics-v1/install/urscript_bridge/share/urscript_bridge//config/params.yaml
-- Up-to-date symlink: /home/ros2-user/ros2_workspace/robotics-v1/install/urscript_bridge/lib/urscript_bridge/urscript_bridge
-- Symlinking: /home/ros2-user/ros2_workspace/robotics-v1/install/urscript_bridge/share/ament_index/resource_index/packages/urscript_bridge
-- Up-to-date symlink: /home/ros2-user/ros2_workspace/robotics-v1/install/urscript_bridge/share/urscript_bridge/hook/ament_prefix_path.dsv
-- Up-to-date symlink: /home/ros2-user/ros2_workspace/robotics-v1/install/urscript_bridge/share/urscript_bridge/hook/ros_package_path.dsv
-- Up-to-date symlink: /home/ros2-user/ros2_workspace/robotics-v1/install/urscript_bridge/share/ament_index/resource_index/package_run_dependencies/urscript_bridge
-- Up-to-date symlink: /home/ros2-user/ros2_workspace/robotics-v1/install/urscript_bridge/share/ament_index/resource_index/parent_prefix_path/urscript_bridge
-- Up-to-date symlink: /home/ros2-user/ros2_workspace/robotics-v1/install/urscript_bridge/share/urscript_bridge/environment/ament_prefix_path.sh
-- Up-to-date symlink: /home/ros2-user/ros2_workspace/robotics-v1/install/urscript_bridge/share/urscript_bridge/environment/ament_prefix_path.dsv
-- Up-to-date symlink: /home/ros2-user/ros2_workspace/robotics-v1/install/urscript_bridge/share/urscript_bridge/environment/path.sh
-- Up-to-date symlink: /home/ros2-user/ros2_workspace/robotics-v1/install/urscript_bridge/share/urscript_bridge/environment/path.dsv
-- Up-to-date symlink: /home/ros2-user/ros2_workspace/robotics-v1/install/urscript_bridge/share/urscript_bridge/local_setup.bash
-- Up-to-date symlink: /home/ros2-user/ros2_workspace/robotics-v1/install/urscript_bridge/share/urscript_bridge/local_setup.sh
-- Up-to-date symlink: /home/ros2-user/ros2_workspace/robotics-v1/install/urscript_bridge/share/urscript_bridge/local_setup.zsh
-- Up-to-date symlink: /home/ros2-user/ros2_workspace/robotics-v1/install/urscript_bridge/share/urscript_bridge/local_setup.dsv
-- Symlinking: /home/ros2-user/ros2_workspace/robotics-v1/install/urscript_bridge/share/urscript_bridge/package.dsv
-- Symlinking: /home/ros2-user/ros2_workspace/robotics-v1/install/urscript_bridge/share/ament_index/resource_index/packages/urscript_bridge
-- Up-to-date symlink: /home/ros2-user/ros2_workspace/robotics-v1/install/urscript_bridge/share/urscript_bridge/cmake/ament_cmake_export_dependencies-extras.cmake
-- Up-to-date symlink: /home/ros2-user/ros2_workspace/robotics-v1/install/urscript_bridge/share/urscript_bridge/cmake/urscript_bridgeConfig.cmake
-- Up-to-date symlink: /home/ros2-user/ros2_workspace/robotics-v1/install/urscript_bridge/share/urscript_bridge/cmake/urscript_bridgeConfig-version.cmake
-- Up-to-date symlink: /home/ros2-user/ros2_workspace/robotics-v1/install/urscript_bridge/share/urscript_bridge/package.xml
