[0.054s] Invoking command in '/home/ros2-user/ros2_workspace/robotics-v1/build/cmake_helpers': CMAKE_PREFIX_PATH=/opt/ros/foxy /usr/bin/cmake /home/ros2-user/ros2_workspace/robotics-v1/src/lib/cmake_helpers -DCMAKE_INSTALL_PREFIX=/home/ros2-user/ros2_workspace/robotics-v1/install/cmake_helpers
[0.111s] -- Found ament_cmake: 0.9.11 (/opt/ros/foxy/share/ament_cmake/cmake)
[0.139s] -- Using PYTHON_EXECUTABLE: /usr/bin/python3
[0.636s] -- Configuring done
[0.667s] -- Generating done
[0.671s] -- Build files have been written to: /home/ros2-user/ros2_workspace/robotics-v1/build/cmake_helpers
[0.676s] Invoked command in '/home/ros2-user/ros2_workspace/robotics-v1/build/cmake_helpers' returned '0': CMAKE_PREFIX_PATH=/opt/ros/foxy /usr/bin/cmake /home/ros2-user/ros2_workspace/robotics-v1/src/lib/cmake_helpers -DCMAKE_INSTALL_PREFIX=/home/ros2-user/ros2_workspace/robotics-v1/install/cmake_helpers
[0.681s] Invoking command in '/home/ros2-user/ros2_workspace/robotics-v1/build/cmake_helpers': CMAKE_PREFIX_PATH=/opt/ros/foxy /usr/bin/cmake --build /home/ros2-user/ros2_workspace/robotics-v1/build/cmake_helpers -- -j4 -l4
[0.817s] Invoked command in '/home/ros2-user/ros2_workspace/robotics-v1/build/cmake_helpers' returned '0': CMAKE_PREFIX_PATH=/opt/ros/foxy /usr/bin/cmake --build /home/ros2-user/ros2_workspace/robotics-v1/build/cmake_helpers -- -j4 -l4
[1.052s] Invoking command in '/home/ros2-user/ros2_workspace/robotics-v1/build/cmake_helpers': CMAKE_PREFIX_PATH=/opt/ros/foxy /usr/bin/cmake --install /home/ros2-user/ros2_workspace/robotics-v1/build/cmake_helpers
[1.064s] -- Install configuration: "Debug"
[1.065s] -- Up-to-date: /home/ros2-user/ros2_workspace/robotics-v1/install/cmake_helpers/share/cmake_helpers/package.xml
[1.066s] -- Up-to-date: /home/ros2-user/ros2_workspace/robotics-v1/install/cmake_helpers/share/cmake_helpers/cmake/helpers.cmake
[1.066s] -- Up-to-date: /home/ros2-user/ros2_workspace/robotics-v1/install/cmake_helpers/share/cmake_helpers/cmake/find_modules
[1.066s] -- Up-to-date: /home/ros2-user/ros2_workspace/robotics-v1/install/cmake_helpers/share/cmake_helpers/cmake/find_modules/FindSDL2.cmake
[1.066s] -- Up-to-date: /home/ros2-user/ros2_workspace/robotics-v1/install/cmake_helpers/share/cmake_helpers/cmake/find_modules/FindSDL2_ttf.cmake
[1.066s] -- Up-to-date: /home/ros2-user/ros2_workspace/robotics-v1/install/cmake_helpers/share/cmake_helpers/cmake/find_modules/FindSDL2_image.cmake
[1.066s] -- Up-to-date: /home/ros2-user/ros2_workspace/robotics-v1/install/cmake_helpers/share/cmake_helpers/cmake/find_modules/FindSDL2_mixer.cmake
[1.067s] -- Up-to-date: /home/ros2-user/ros2_workspace/robotics-v1/install/cmake_helpers/share/cmake_helpers/cmake/find_modules/FindIWYU.cmake
[1.067s] -- Up-to-date: /home/ros2-user/ros2_workspace/robotics-v1/install/cmake_helpers/share/ament_index/resource_index/package_run_dependencies/cmake_helpers
[1.067s] -- Up-to-date: /home/ros2-user/ros2_workspace/robotics-v1/install/cmake_helpers/share/ament_index/resource_index/parent_prefix_path/cmake_helpers
[1.069s] -- Up-to-date: /home/ros2-user/ros2_workspace/robotics-v1/install/cmake_helpers/share/cmake_helpers/environment/ament_prefix_path.sh
[1.070s] -- Installing: /home/ros2-user/ros2_workspace/robotics-v1/install/cmake_helpers/share/cmake_helpers/environment/ament_prefix_path.dsv
[1.070s] -- Up-to-date: /home/ros2-user/ros2_workspace/robotics-v1/install/cmake_helpers/share/cmake_helpers/environment/path.sh
[1.071s] -- Installing: /home/ros2-user/ros2_workspace/robotics-v1/install/cmake_helpers/share/cmake_helpers/environment/path.dsv
[1.071s] -- Up-to-date: /home/ros2-user/ros2_workspace/robotics-v1/install/cmake_helpers/share/cmake_helpers/local_setup.bash
[1.073s] -- Up-to-date: /home/ros2-user/ros2_workspace/robotics-v1/install/cmake_helpers/share/cmake_helpers/local_setup.sh
[1.073s] -- Up-to-date: /home/ros2-user/ros2_workspace/robotics-v1/install/cmake_helpers/share/cmake_helpers/local_setup.zsh
[1.074s] -- Installing: /home/ros2-user/ros2_workspace/robotics-v1/install/cmake_helpers/share/cmake_helpers/local_setup.dsv
[1.074s] -- Installing: /home/ros2-user/ros2_workspace/robotics-v1/install/cmake_helpers/share/cmake_helpers/package.dsv
[1.074s] -- Up-to-date: /home/ros2-user/ros2_workspace/robotics-v1/install/cmake_helpers/share/ament_index/resource_index/packages/cmake_helpers
[1.074s] -- Up-to-date: /home/ros2-user/ros2_workspace/robotics-v1/install/cmake_helpers/share/cmake_helpers/cmake/cmake_helpersConfig.cmake
[1.075s] -- Up-to-date: /home/ros2-user/ros2_workspace/robotics-v1/install/cmake_helpers/share/cmake_helpers/cmake/cmake_helpersConfig-version.cmake
[1.075s] -- Up-to-date: /home/ros2-user/ros2_workspace/robotics-v1/install/cmake_helpers/share/cmake_helpers/package.xml
[1.077s] Invoked command in '/home/ros2-user/ros2_workspace/robotics-v1/build/cmake_helpers' returned '0': CMAKE_PREFIX_PATH=/opt/ros/foxy /usr/bin/cmake --install /home/ros2-user/ros2_workspace/robotics-v1/build/cmake_helpers
