[0.240s] Invoking command in '/home/ros2-user/ros2_workspace/robotics-v1/build/resource_builder': CMAKE_PREFIX_PATH=/home/ros2-user/ros2_workspace/robotics-v1/install/resource_utils:/home/ros2-user/ros2_workspace/robotics-v1/install/utils:/home/ros2-user/ros2_workspace/robotics-v1/install/cmake_helpers:/opt/ros/foxy PKG_CONFIG_PATH=/home/ros2-user/ros2_workspace/robotics-v1/install/resource_utils/lib/x86_64-linux-gnu/pkgconfig:/home/ros2-user/ros2_workspace/robotics-v1/install/resource_utils/lib/pkgconfig:/home/ros2-user/ros2_workspace/robotics-v1/install/utils/lib/x86_64-linux-gnu/pkgconfig:/home/ros2-user/ros2_workspace/robotics-v1/install/utils/lib/pkgconfig:/home/ros2-user/ros2_workspace/robotics-v1/install/cmake_helpers/lib/x86_64-linux-gnu/pkgconfig:/home/ros2-user/ros2_workspace/robotics-v1/install/cmake_helpers/lib/pkgconfig /usr/bin/cmake --build /home/ros2-user/ros2_workspace/robotics-v1/build/resource_builder -- -j4 -l4
[0.535s] [100%] Built target resource_builder
[0.622s] Invoked command in '/home/ros2-user/ros2_workspace/robotics-v1/build/resource_builder' returned '0': CMAKE_PREFIX_PATH=/home/ros2-user/ros2_workspace/robotics-v1/install/resource_utils:/home/ros2-user/ros2_workspace/robotics-v1/install/utils:/home/ros2-user/ros2_workspace/robotics-v1/install/cmake_helpers:/opt/ros/foxy PKG_CONFIG_PATH=/home/ros2-user/ros2_workspace/robotics-v1/install/resource_utils/lib/x86_64-linux-gnu/pkgconfig:/home/ros2-user/ros2_workspace/robotics-v1/install/resource_utils/lib/pkgconfig:/home/ros2-user/ros2_workspace/robotics-v1/install/utils/lib/x86_64-linux-gnu/pkgconfig:/home/ros2-user/ros2_workspace/robotics-v1/install/utils/lib/pkgconfig:/home/ros2-user/ros2_workspace/robotics-v1/install/cmake_helpers/lib/x86_64-linux-gnu/pkgconfig:/home/ros2-user/ros2_workspace/robotics-v1/install/cmake_helpers/lib/pkgconfig /usr/bin/cmake --build /home/ros2-user/ros2_workspace/robotics-v1/build/resource_builder -- -j4 -l4
[0.962s] Invoking command in '/home/ros2-user/ros2_workspace/robotics-v1/build/resource_builder': CMAKE_PREFIX_PATH=/home/ros2-user/ros2_workspace/robotics-v1/install/resource_utils:/home/ros2-user/ros2_workspace/robotics-v1/install/utils:/home/ros2-user/ros2_workspace/robotics-v1/install/cmake_helpers:/opt/ros/foxy PKG_CONFIG_PATH=/home/ros2-user/ros2_workspace/robotics-v1/install/resource_utils/lib/x86_64-linux-gnu/pkgconfig:/home/ros2-user/ros2_workspace/robotics-v1/install/resource_utils/lib/pkgconfig:/home/ros2-user/ros2_workspace/robotics-v1/install/utils/lib/x86_64-linux-gnu/pkgconfig:/home/ros2-user/ros2_workspace/robotics-v1/install/utils/lib/pkgconfig:/home/ros2-user/ros2_workspace/robotics-v1/install/cmake_helpers/lib/x86_64-linux-gnu/pkgconfig:/home/ros2-user/ros2_workspace/robotics-v1/install/cmake_helpers/lib/pkgconfig /usr/bin/cmake --install /home/ros2-user/ros2_workspace/robotics-v1/build/resource_builder
[1.048s] -- Install configuration: "Debug"
[1.049s] -- Up-to-date: /home/ros2-user/ros2_workspace/robotics-v1/install/resource_builder/share/resource_builder/package.xml
[1.049s] -- Up-to-date: /home/ros2-user/ros2_workspace/robotics-v1/install/resource_builder/lib/resource_builder/resource_builder
[1.052s] -- Up-to-date: /home/ros2-user/ros2_workspace/robotics-v1/install/resource_builder/share/ament_index/resource_index/packages/resource_builder
[1.081s] -- Up-to-date: /home/ros2-user/ros2_workspace/robotics-v1/install/resource_builder/share/resource_builder/hook/ament_prefix_path.dsv
[1.082s] -- Up-to-date: /home/ros2-user/ros2_workspace/robotics-v1/install/resource_builder/share/resource_builder/hook/ros_package_path.dsv
[1.083s] -- Up-to-date: /home/ros2-user/ros2_workspace/robotics-v1/install/resource_builder/share/ament_index/resource_index/package_run_dependencies/resource_builder
[1.085s] -- Up-to-date: /home/ros2-user/ros2_workspace/robotics-v1/install/resource_builder/share/ament_index/resource_index/parent_prefix_path/resource_builder
[1.086s] -- Up-to-date: /home/ros2-user/ros2_workspace/robotics-v1/install/resource_builder/share/resource_builder/environment/ament_prefix_path.sh
[1.086s] -- Up-to-date: /home/ros2-user/ros2_workspace/robotics-v1/install/resource_builder/share/resource_builder/environment/ament_prefix_path.dsv
[1.087s] -- Up-to-date: /home/ros2-user/ros2_workspace/robotics-v1/install/resource_builder/share/resource_builder/environment/path.sh
[1.087s] -- Up-to-date: /home/ros2-user/ros2_workspace/robotics-v1/install/resource_builder/share/resource_builder/environment/path.dsv
[1.088s] -- Up-to-date: /home/ros2-user/ros2_workspace/robotics-v1/install/resource_builder/share/resource_builder/local_setup.bash
[1.088s] -- Up-to-date: /home/ros2-user/ros2_workspace/robotics-v1/install/resource_builder/share/resource_builder/local_setup.sh
[1.088s] -- Up-to-date: /home/ros2-user/ros2_workspace/robotics-v1/install/resource_builder/share/resource_builder/local_setup.zsh
[1.089s] -- Up-to-date: /home/ros2-user/ros2_workspace/robotics-v1/install/resource_builder/share/resource_builder/local_setup.dsv
[1.089s] -- Installing: /home/ros2-user/ros2_workspace/robotics-v1/install/resource_builder/share/resource_builder/package.dsv
[1.090s] -- Up-to-date: /home/ros2-user/ros2_workspace/robotics-v1/install/resource_builder/share/ament_index/resource_index/packages/resource_builder
[1.090s] -- Up-to-date: /home/ros2-user/ros2_workspace/robotics-v1/install/resource_builder/share/resource_builder/cmake/resource_builderConfig.cmake
[1.090s] -- Up-to-date: /home/ros2-user/ros2_workspace/robotics-v1/install/resource_builder/share/resource_builder/cmake/resource_builderConfig-version.cmake
[1.090s] -- Up-to-date: /home/ros2-user/ros2_workspace/robotics-v1/install/resource_builder/share/resource_builder/package.xml
[1.091s] -- Up-to-date: /home/ros2-user/ros2_workspace/robotics-v1/install/resource_builder/bin/resource_builder
[1.091s] -- Up-to-date: /home/ros2-user/ros2_workspace/robotics-v1/install/resource_builder/include
[1.091s] -- Up-to-date: /home/ros2-user/ros2_workspace/robotics-v1/install/resource_builder/include/resource_builder
[1.092s] -- Up-to-date: /home/ros2-user/ros2_workspace/robotics-v1/install/resource_builder/include/resource_builder/ResourceParser.h
[1.092s] -- Up-to-date: /home/ros2-user/ros2_workspace/robotics-v1/install/resource_builder/include/resource_builder/SyntaxChecker.h
[1.092s] -- Up-to-date: /home/ros2-user/ros2_workspace/robotics-v1/install/resource_builder/include/resource_builder/FileBuilder.h
[1.092s] -- Up-to-date: /home/ros2-user/ros2_workspace/robotics-v1/install/resource_builder/include/resource_builder/FileParser.h
[1.093s] -- Up-to-date: /home/ros2-user/ros2_workspace/robotics-v1/install/resource_builder/lib/cmake/resource_builder/resource_builderTargets.cmake
[1.093s] -- Up-to-date: /home/ros2-user/ros2_workspace/robotics-v1/install/resource_builder/lib/cmake/resource_builder/resource_builderTargets-debug.cmake
[1.093s] -- Up-to-date: /home/ros2-user/ros2_workspace/robotics-v1/install/resource_builder/lib/cmake/resource_builder/resource_builderConfig.cmake
[1.112s] Invoked command in '/home/ros2-user/ros2_workspace/robotics-v1/build/resource_builder' returned '0': CMAKE_PREFIX_PATH=/home/ros2-user/ros2_workspace/robotics-v1/install/resource_utils:/home/ros2-user/ros2_workspace/robotics-v1/install/utils:/home/ros2-user/ros2_workspace/robotics-v1/install/cmake_helpers:/opt/ros/foxy PKG_CONFIG_PATH=/home/ros2-user/ros2_workspace/robotics-v1/install/resource_utils/lib/x86_64-linux-gnu/pkgconfig:/home/ros2-user/ros2_workspace/robotics-v1/install/resource_utils/lib/pkgconfig:/home/ros2-user/ros2_workspace/robotics-v1/install/utils/lib/x86_64-linux-gnu/pkgconfig:/home/ros2-user/ros2_workspace/robotics-v1/install/utils/lib/pkgconfig:/home/ros2-user/ros2_workspace/robotics-v1/install/cmake_helpers/lib/x86_64-linux-gnu/pkgconfig:/home/ros2-user/ros2_workspace/robotics-v1/install/cmake_helpers/lib/pkgconfig /usr/bin/cmake --install /home/ros2-user/ros2_workspace/robotics-v1/build/resource_builder
