[0.058s] Invoking command in '/home/ros2-user/ros2_workspace/robotics-v1/build/utils': CMAKE_PREFIX_PATH=/home/ros2-user/ros2_workspace/robotics-v1/install/cmake_helpers:/opt/ros/foxy PKG_CONFIG_PATH=/home/ros2-user/ros2_workspace/robotics-v1/install/cmake_helpers/lib/x86_64-linux-gnu/pkgconfig:/home/ros2-user/ros2_workspace/robotics-v1/install/cmake_helpers/lib/pkgconfig /usr/bin/cmake /home/ros2-user/ros2_workspace/robotics-v1/src/lib/utils -DCMAKE_INSTALL_PREFIX=/home/ros2-user/ros2_workspace/robotics-v1/install/utils
[0.085s] -- Found cmake_helpers: 1.0.0 (/home/ros2-user/ros2_workspace/robotics-v1/install/cmake_helpers/share/cmake_helpers/cmake)
[0.089s] -- Found ament_cmake: 0.9.11 (/opt/ros/foxy/share/ament_cmake/cmake)
[0.129s] -- Using PYTHON_EXECUTABLE: /usr/bin/python3
[0.468s] -- Configuring done
[0.490s] -- Generating done
[0.509s] -- Build files have been written to: /home/ros2-user/ros2_workspace/robotics-v1/build/utils
[0.525s] Invoked command in '/home/ros2-user/ros2_workspace/robotics-v1/build/utils' returned '0': CMAKE_PREFIX_PATH=/home/ros2-user/ros2_workspace/robotics-v1/install/cmake_helpers:/opt/ros/foxy PKG_CONFIG_PATH=/home/ros2-user/ros2_workspace/robotics-v1/install/cmake_helpers/lib/x86_64-linux-gnu/pkgconfig:/home/ros2-user/ros2_workspace/robotics-v1/install/cmake_helpers/lib/pkgconfig /usr/bin/cmake /home/ros2-user/ros2_workspace/robotics-v1/src/lib/utils -DCMAKE_INSTALL_PREFIX=/home/ros2-user/ros2_workspace/robotics-v1/install/utils
[0.527s] Invoking command in '/home/ros2-user/ros2_workspace/robotics-v1/build/utils': CMAKE_PREFIX_PATH=/home/ros2-user/ros2_workspace/robotics-v1/install/cmake_helpers:/opt/ros/foxy PKG_CONFIG_PATH=/home/ros2-user/ros2_workspace/robotics-v1/install/cmake_helpers/lib/x86_64-linux-gnu/pkgconfig:/home/ros2-user/ros2_workspace/robotics-v1/install/cmake_helpers/lib/pkgconfig /usr/bin/cmake --build /home/ros2-user/ros2_workspace/robotics-v1/build/utils -- -j4 -l4
[0.700s] [100%] Built target utils
[0.748s] Invoked command in '/home/ros2-user/ros2_workspace/robotics-v1/build/utils' returned '0': CMAKE_PREFIX_PATH=/home/ros2-user/ros2_workspace/robotics-v1/install/cmake_helpers:/opt/ros/foxy PKG_CONFIG_PATH=/home/ros2-user/ros2_workspace/robotics-v1/install/cmake_helpers/lib/x86_64-linux-gnu/pkgconfig:/home/ros2-user/ros2_workspace/robotics-v1/install/cmake_helpers/lib/pkgconfig /usr/bin/cmake --build /home/ros2-user/ros2_workspace/robotics-v1/build/utils -- -j4 -l4
[1.061s] Invoking command in '/home/ros2-user/ros2_workspace/robotics-v1/build/utils': CMAKE_PREFIX_PATH=/home/ros2-user/ros2_workspace/robotics-v1/install/cmake_helpers:/opt/ros/foxy PKG_CONFIG_PATH=/home/ros2-user/ros2_workspace/robotics-v1/install/cmake_helpers/lib/x86_64-linux-gnu/pkgconfig:/home/ros2-user/ros2_workspace/robotics-v1/install/cmake_helpers/lib/pkgconfig /usr/bin/cmake --install /home/ros2-user/ros2_workspace/robotics-v1/build/utils
[1.106s] -- Install configuration: "Debug"
[1.107s] -- Up-to-date: /home/ros2-user/ros2_workspace/robotics-v1/install/utils/share/utils/package.xml
[1.108s] -- Up-to-date: /home/ros2-user/ros2_workspace/robotics-v1/install/utils/lib/utils/libutils.a
[1.108s] -- Installing: /home/ros2-user/ros2_workspace/robotics-v1/install/utils/share/ament_index/resource_index/packages/utils
[1.108s] -- Installing: /home/ros2-user/ros2_workspace/robotics-v1/install/utils/share/utils/hook/ament_prefix_path.dsv
[1.111s] -- Installing: /home/ros2-user/ros2_workspace/robotics-v1/install/utils/share/utils/hook/ros_package_path.dsv
[1.112s] -- Up-to-date: /home/ros2-user/ros2_workspace/robotics-v1/install/utils/share/ament_index/resource_index/package_run_dependencies/utils
[1.113s] -- Up-to-date: /home/ros2-user/ros2_workspace/robotics-v1/install/utils/share/ament_index/resource_index/parent_prefix_path/utils
[1.113s] -- Up-to-date: /home/ros2-user/ros2_workspace/robotics-v1/install/utils/share/utils/environment/ament_prefix_path.sh
[1.113s] -- Installing: /home/ros2-user/ros2_workspace/robotics-v1/install/utils/share/utils/environment/ament_prefix_path.dsv
[1.114s] -- Up-to-date: /home/ros2-user/ros2_workspace/robotics-v1/install/utils/share/utils/environment/path.sh
[1.116s] -- Installing: /home/ros2-user/ros2_workspace/robotics-v1/install/utils/share/utils/environment/path.dsv
[1.117s] -- Up-to-date: /home/ros2-user/ros2_workspace/robotics-v1/install/utils/share/utils/local_setup.bash
[1.117s] -- Up-to-date: /home/ros2-user/ros2_workspace/robotics-v1/install/utils/share/utils/local_setup.sh
[1.117s] -- Up-to-date: /home/ros2-user/ros2_workspace/robotics-v1/install/utils/share/utils/local_setup.zsh
[1.118s] -- Installing: /home/ros2-user/ros2_workspace/robotics-v1/install/utils/share/utils/local_setup.dsv
[1.120s] -- Installing: /home/ros2-user/ros2_workspace/robotics-v1/install/utils/share/utils/package.dsv
[1.121s] -- Installing: /home/ros2-user/ros2_workspace/robotics-v1/install/utils/share/ament_index/resource_index/packages/utils
[1.122s] -- Up-to-date: /home/ros2-user/ros2_workspace/robotics-v1/install/utils/share/utils/cmake/utilsConfig.cmake
[1.123s] -- Up-to-date: /home/ros2-user/ros2_workspace/robotics-v1/install/utils/share/utils/cmake/utilsConfig-version.cmake
[1.123s] -- Up-to-date: /home/ros2-user/ros2_workspace/robotics-v1/install/utils/share/utils/package.xml
[1.124s] -- Up-to-date: /home/ros2-user/ros2_workspace/robotics-v1/install/utils/lib/libutils.a
[1.124s] -- Up-to-date: /home/ros2-user/ros2_workspace/robotics-v1/install/utils/include
[1.125s] -- Up-to-date: /home/ros2-user/ros2_workspace/robotics-v1/install/utils/include/utils
[1.126s] -- Up-to-date: /home/ros2-user/ros2_workspace/robotics-v1/install/utils/include/utils/drawing
[1.126s] -- Up-to-date: /home/ros2-user/ros2_workspace/robotics-v1/install/utils/include/utils/drawing/Rectangle.h
[1.127s] -- Up-to-date: /home/ros2-user/ros2_workspace/robotics-v1/install/utils/include/utils/drawing/WidgetAligner.h
[1.127s] -- Up-to-date: /home/ros2-user/ros2_workspace/robotics-v1/install/utils/include/utils/drawing/Margin.h
[1.128s] -- Up-to-date: /home/ros2-user/ros2_workspace/robotics-v1/install/utils/include/utils/drawing/Point.h
[1.128s] -- Up-to-date: /home/ros2-user/ros2_workspace/robotics-v1/install/utils/include/utils/drawing/Color.h
[1.128s] -- Up-to-date: /home/ros2-user/ros2_workspace/robotics-v1/install/utils/include/utils/rng
[1.128s] -- Up-to-date: /home/ros2-user/ros2_workspace/robotics-v1/install/utils/include/utils/rng/Rng.h
[1.129s] -- Up-to-date: /home/ros2-user/ros2_workspace/robotics-v1/install/utils/include/utils/ErrorCode.h
[1.129s] -- Up-to-date: /home/ros2-user/ros2_workspace/robotics-v1/install/utils/include/utils/concurrency
[1.129s] -- Up-to-date: /home/ros2-user/ros2_workspace/robotics-v1/install/utils/include/utils/concurrency/ThreadSafeQueue.h
[1.130s] -- Up-to-date: /home/ros2-user/ros2_workspace/robotics-v1/install/utils/include/utils/file
[1.132s] -- Up-to-date: /home/ros2-user/ros2_workspace/robotics-v1/install/utils/include/utils/file/IniFileParser.h
[1.133s] -- Up-to-date: /home/ros2-user/ros2_workspace/robotics-v1/install/utils/include/utils/data_type
[1.133s] -- Up-to-date: /home/ros2-user/ros2_workspace/robotics-v1/install/utils/include/utils/data_type/FloatingPoint.h
[1.136s] -- Up-to-date: /home/ros2-user/ros2_workspace/robotics-v1/install/utils/include/utils/data_type/StringUtils.h
[1.136s] -- Up-to-date: /home/ros2-user/ros2_workspace/robotics-v1/install/utils/include/utils/data_type/FloatingPointUtils.h
[1.138s] -- Up-to-date: /home/ros2-user/ros2_workspace/robotics-v1/install/utils/include/utils/data_type/IntegerUtils.h
[1.138s] -- Up-to-date: /home/ros2-user/ros2_workspace/robotics-v1/install/utils/include/utils/data_type/EnumClassUtils.h
[1.143s] -- Up-to-date: /home/ros2-user/ros2_workspace/robotics-v1/install/utils/include/utils/Log.h
[1.143s] -- Up-to-date: /home/ros2-user/ros2_workspace/robotics-v1/install/utils/include/utils/LimitValues.h
[1.143s] -- Up-to-date: /home/ros2-user/ros2_workspace/robotics-v1/install/utils/include/utils/debug
[1.143s] -- Up-to-date: /home/ros2-user/ros2_workspace/robotics-v1/install/utils/include/utils/debug/StackTrace.h
[1.143s] -- Up-to-date: /home/ros2-user/ros2_workspace/robotics-v1/install/utils/include/utils/debug/FunctionTracer.h
[1.143s] -- Up-to-date: /home/ros2-user/ros2_workspace/robotics-v1/install/utils/include/utils/debug/SignalHandler.h
[1.144s] -- Up-to-date: /home/ros2-user/ros2_workspace/robotics-v1/install/utils/include/utils/common
[1.145s] -- Up-to-date: /home/ros2-user/ros2_workspace/robotics-v1/install/utils/include/utils/common/CircularBuffer.h
[1.145s] -- Up-to-date: /home/ros2-user/ros2_workspace/robotics-v1/install/utils/include/utils/common/defines
[1.145s] -- Up-to-date: /home/ros2-user/ros2_workspace/robotics-v1/install/utils/include/utils/common/defines/SymbolNameDefines.h
[1.146s] -- Up-to-date: /home/ros2-user/ros2_workspace/robotics-v1/install/utils/include/utils/common/AutoCircularBuffer.h
[1.146s] -- Up-to-date: /home/ros2-user/ros2_workspace/robotics-v1/install/utils/include/utils/common/Crc.h
[1.146s] -- Up-to-date: /home/ros2-user/ros2_workspace/robotics-v1/install/utils/include/utils/class
[1.146s] -- Up-to-date: /home/ros2-user/ros2_workspace/robotics-v1/install/utils/include/utils/class/NonMoveable.h
[1.148s] -- Up-to-date: /home/ros2-user/ros2_workspace/robotics-v1/install/utils/include/utils/class/NonCopyable.h
[1.148s] -- Up-to-date: /home/ros2-user/ros2_workspace/robotics-v1/install/utils/include/utils/time
[1.148s] -- Up-to-date: /home/ros2-user/ros2_workspace/robotics-v1/install/utils/include/utils/time/Time.h
[1.148s] -- Up-to-date: /home/ros2-user/ros2_workspace/robotics-v1/install/utils/include/utils/file_system
[1.148s] -- Up-to-date: /home/ros2-user/ros2_workspace/robotics-v1/install/utils/include/utils/file_system/FileSystemUtils.h
[1.148s] -- Up-to-date: /home/ros2-user/ros2_workspace/robotics-v1/install/utils/lib/cmake/utils/utilsTargets.cmake
[1.149s] -- Installing: /home/ros2-user/ros2_workspace/robotics-v1/install/utils/lib/cmake/utils/utilsTargets-debug.cmake
[1.149s] -- Up-to-date: /home/ros2-user/ros2_workspace/robotics-v1/install/utils/lib/cmake/utils/utilsConfig.cmake
[1.167s] Invoked command in '/home/ros2-user/ros2_workspace/robotics-v1/build/utils' returned '0': CMAKE_PREFIX_PATH=/home/ros2-user/ros2_workspace/robotics-v1/install/cmake_helpers:/opt/ros/foxy PKG_CONFIG_PATH=/home/ros2-user/ros2_workspace/robotics-v1/install/cmake_helpers/lib/x86_64-linux-gnu/pkgconfig:/home/ros2-user/ros2_workspace/robotics-v1/install/cmake_helpers/lib/pkgconfig /usr/bin/cmake --install /home/ros2-user/ros2_workspace/robotics-v1/build/utils
