-- Found ament_cmake: 0.9.11 (/opt/ros/foxy/share/ament_cmake/cmake)
-- Using PYTHON_EXECUTABLE: /usr/bin/python3
-- Override CMake install command with custom implementation using symlinks instead of copying resources
-- Configuring done
-- Generating done
-- Build files have been written to: /home/ros2-user/ros2_workspace/robotics-v1/build/ur_moveit_config
-- Install configuration: "Debug"
-- Execute custom install script
-- Up-to-date symlink: /home/ros2-user/ros2_workspace/robotics-v1/install/ur_moveit_config/share/ur_moveit_config/config/controllers.yaml
-- Up-to-date symlink: /home/ros2-user/ros2_workspace/robotics-v1/install/ur_moveit_config/share/ur_moveit_config/config/kinematics.yaml
-- Up-to-date symlink: /home/ros2-user/ros2_workspace/robotics-v1/install/ur_moveit_config/share/ur_moveit_config/config/ompl_planning.yaml
-- Up-to-date symlink: /home/ros2-user/ros2_workspace/robotics-v1/install/ur_moveit_config/share/ur_moveit_config/rviz/view_robot.rviz
-- Up-to-date symlink: /home/ros2-user/ros2_workspace/robotics-v1/install/ur_moveit_config/share/ur_moveit_config/srdf/ur.srdf.xacro
-- Up-to-date symlink: /home/ros2-user/ros2_workspace/robotics-v1/install/ur_moveit_config/share/ur_moveit_config/srdf/ur_macro.srdf.xacro
-- Up-to-date symlink: /home/ros2-user/ros2_workspace/robotics-v1/install/ur_moveit_config/share/ament_index/resource_index/package_run_dependencies/ur_moveit_config
-- Up-to-date symlink: /home/ros2-user/ros2_workspace/robotics-v1/install/ur_moveit_config/share/ament_index/resource_index/parent_prefix_path/ur_moveit_config
-- Up-to-date symlink: /home/ros2-user/ros2_workspace/robotics-v1/install/ur_moveit_config/share/ur_moveit_config/environment/ament_prefix_path.sh
-- Up-to-date symlink: /home/ros2-user/ros2_workspace/robotics-v1/install/ur_moveit_config/share/ur_moveit_config/environment/ament_prefix_path.dsv
-- Up-to-date symlink: /home/ros2-user/ros2_workspace/robotics-v1/install/ur_moveit_config/share/ur_moveit_config/environment/path.sh
-- Up-to-date symlink: /home/ros2-user/ros2_workspace/robotics-v1/install/ur_moveit_config/share/ur_moveit_config/environment/path.dsv
-- Up-to-date symlink: /home/ros2-user/ros2_workspace/robotics-v1/install/ur_moveit_config/share/ur_moveit_config/local_setup.bash
-- Up-to-date symlink: /home/ros2-user/ros2_workspace/robotics-v1/install/ur_moveit_config/share/ur_moveit_config/local_setup.sh
-- Up-to-date symlink: /home/ros2-user/ros2_workspace/robotics-v1/install/ur_moveit_config/share/ur_moveit_config/local_setup.zsh
-- Up-to-date symlink: /home/ros2-user/ros2_workspace/robotics-v1/install/ur_moveit_config/share/ur_moveit_config/local_setup.dsv
-- Symlinking: /home/ros2-user/ros2_workspace/robotics-v1/install/ur_moveit_config/share/ur_moveit_config/package.dsv
-- Up-to-date symlink: /home/ros2-user/ros2_workspace/robotics-v1/install/ur_moveit_config/share/ament_index/resource_index/packages/ur_moveit_config
-- Up-to-date symlink: /home/ros2-user/ros2_workspace/robotics-v1/install/ur_moveit_config/share/ur_moveit_config/cmake/ur_moveit_configConfig.cmake
-- Up-to-date symlink: /home/ros2-user/ros2_workspace/robotics-v1/install/ur_moveit_config/share/ur_moveit_config/cmake/ur_moveit_configConfig-version.cmake
-- Up-to-date symlink: /home/ros2-user/ros2_workspace/robotics-v1/install/ur_moveit_config/share/ur_moveit_config/package.xml
