[0.064s] Invoking command in '/home/ros2-user/ros2_workspace/robotics-v1/build/ur_moveit_config': CMAKE_PREFIX_PATH=/opt/ros/foxy /usr/bin/cmake /home/ros2-user/ros2_workspace/robotics-v1/src/ur_driver/Universal_Robots_ROS2_Driver/ur_moveit_config -DCMAKE_INSTALL_PREFIX=/home/ros2-user/ros2_workspace/robotics-v1/install/ur_moveit_config
[0.100s] -- Found ament_cmake: 0.9.11 (/opt/ros/foxy/share/ament_cmake/cmake)
[0.164s] -- Using PYTHON_EXECUTABLE: /usr/bin/python3
[0.680s] -- Override CMake install command with custom implementation using symlinks instead of copying resources
[0.839s] -- Configuring done
[0.857s] -- Generating done
[0.864s] -- Build files have been written to: /home/ros2-user/ros2_workspace/robotics-v1/build/ur_moveit_config
[0.885s] Invoked command in '/home/ros2-user/ros2_workspace/robotics-v1/build/ur_moveit_config' returned '0': CMAKE_PREFIX_PATH=/opt/ros/foxy /usr/bin/cmake /home/ros2-user/ros2_workspace/robotics-v1/src/ur_driver/Universal_Robots_ROS2_Driver/ur_moveit_config -DCMAKE_INSTALL_PREFIX=/home/ros2-user/ros2_workspace/robotics-v1/install/ur_moveit_config
[0.890s] Invoking command in '/home/ros2-user/ros2_workspace/robotics-v1/build/ur_moveit_config': CMAKE_PREFIX_PATH=/opt/ros/foxy /usr/bin/cmake --build /home/ros2-user/ros2_workspace/robotics-v1/build/ur_moveit_config -- -j4 -l4
[1.027s] Invoked command in '/home/ros2-user/ros2_workspace/robotics-v1/build/ur_moveit_config' returned '0': CMAKE_PREFIX_PATH=/opt/ros/foxy /usr/bin/cmake --build /home/ros2-user/ros2_workspace/robotics-v1/build/ur_moveit_config -- -j4 -l4
[1.105s] Invoking command in '/home/ros2-user/ros2_workspace/robotics-v1/build/ur_moveit_config': CMAKE_PREFIX_PATH=/opt/ros/foxy /usr/bin/cmake --install /home/ros2-user/ros2_workspace/robotics-v1/build/ur_moveit_config
[1.123s] -- Install configuration: "Debug"
[1.124s] -- Execute custom install script
[1.126s] -- Up-to-date symlink: /home/ros2-user/ros2_workspace/robotics-v1/install/ur_moveit_config/share/ur_moveit_config/config/controllers.yaml
[1.129s] -- Up-to-date symlink: /home/ros2-user/ros2_workspace/robotics-v1/install/ur_moveit_config/share/ur_moveit_config/config/kinematics.yaml
[1.129s] -- Up-to-date symlink: /home/ros2-user/ros2_workspace/robotics-v1/install/ur_moveit_config/share/ur_moveit_config/config/ompl_planning.yaml
[1.129s] -- Up-to-date symlink: /home/ros2-user/ros2_workspace/robotics-v1/install/ur_moveit_config/share/ur_moveit_config/rviz/view_robot.rviz
[1.129s] -- Up-to-date symlink: /home/ros2-user/ros2_workspace/robotics-v1/install/ur_moveit_config/share/ur_moveit_config/srdf/ur.srdf.xacro
[1.130s] -- Up-to-date symlink: /home/ros2-user/ros2_workspace/robotics-v1/install/ur_moveit_config/share/ur_moveit_config/srdf/ur_macro.srdf.xacro
[1.131s] -- Up-to-date symlink: /home/ros2-user/ros2_workspace/robotics-v1/install/ur_moveit_config/share/ament_index/resource_index/package_run_dependencies/ur_moveit_config
[1.133s] -- Up-to-date symlink: /home/ros2-user/ros2_workspace/robotics-v1/install/ur_moveit_config/share/ament_index/resource_index/parent_prefix_path/ur_moveit_config
[1.134s] -- Up-to-date symlink: /home/ros2-user/ros2_workspace/robotics-v1/install/ur_moveit_config/share/ur_moveit_config/environment/ament_prefix_path.sh
[1.134s] -- Up-to-date symlink: /home/ros2-user/ros2_workspace/robotics-v1/install/ur_moveit_config/share/ur_moveit_config/environment/ament_prefix_path.dsv
[1.140s] -- Up-to-date symlink: /home/ros2-user/ros2_workspace/robotics-v1/install/ur_moveit_config/share/ur_moveit_config/environment/path.sh
[1.141s] -- Up-to-date symlink: /home/ros2-user/ros2_workspace/robotics-v1/install/ur_moveit_config/share/ur_moveit_config/environment/path.dsv
[1.141s] -- Up-to-date symlink: /home/ros2-user/ros2_workspace/robotics-v1/install/ur_moveit_config/share/ur_moveit_config/local_setup.bash
[1.142s] -- Up-to-date symlink: /home/ros2-user/ros2_workspace/robotics-v1/install/ur_moveit_config/share/ur_moveit_config/local_setup.sh
[1.147s] -- Up-to-date symlink: /home/ros2-user/ros2_workspace/robotics-v1/install/ur_moveit_config/share/ur_moveit_config/local_setup.zsh
[1.147s] -- Up-to-date symlink: /home/ros2-user/ros2_workspace/robotics-v1/install/ur_moveit_config/share/ur_moveit_config/local_setup.dsv
[1.148s] -- Symlinking: /home/ros2-user/ros2_workspace/robotics-v1/install/ur_moveit_config/share/ur_moveit_config/package.dsv
[1.177s] -- Up-to-date symlink: /home/ros2-user/ros2_workspace/robotics-v1/install/ur_moveit_config/share/ament_index/resource_index/packages/ur_moveit_config
[1.177s] -- Up-to-date symlink: /home/ros2-user/ros2_workspace/robotics-v1/install/ur_moveit_config/share/ur_moveit_config/cmake/ur_moveit_configConfig.cmake
[1.178s] -- Up-to-date symlink: /home/ros2-user/ros2_workspace/robotics-v1/install/ur_moveit_config/share/ur_moveit_config/cmake/ur_moveit_configConfig-version.cmake
[1.179s] -- Up-to-date symlink: /home/ros2-user/ros2_workspace/robotics-v1/install/ur_moveit_config/share/ur_moveit_config/package.xml
[1.185s] Invoked command in '/home/ros2-user/ros2_workspace/robotics-v1/build/ur_moveit_config' returned '0': CMAKE_PREFIX_PATH=/opt/ros/foxy /usr/bin/cmake --install /home/ros2-user/ros2_workspace/robotics-v1/build/ur_moveit_config
