[0.744s] Invoking command in '/home/ros2-user/ros2_workspace/robotics-v1/build/robo_cleaner_gui': AMENT_PREFIX_PATH=/home/ros2-user/ros2_workspace/robotics-v1/install/robo_cleaner_common:/home/ros2-user/ros2_workspace/robotics-v1/install/robo_cleaner_interfaces:${AMENT_PREFIX_PATH} CMAKE_PREFIX_PATH=/home/ros2-user/ros2_workspace/robotics-v1/install/ros2_game_engine:/home/ros2-user/ros2_workspace/robotics-v1/install/robo_cleaner_common:/home/ros2-user/ros2_workspace/robotics-v1/install/robo_common:/home/ros2-user/ros2_workspace/robotics-v1/install/game_engine:/home/ros2-user/ros2_workspace/robotics-v1/install/manager_utils:/home/ros2-user/ros2_workspace/robotics-v1/install/sdl_utils:/home/ros2-user/ros2_workspace/robotics-v1/install/resource_utils:/home/ros2-user/ros2_workspace/robotics-v1/install/utils:/home/ros2-user/ros2_workspace/robotics-v1/install/robo_cleaner_interfaces:/home/ros2-user/ros2_workspace/robotics-v1/install/cmake_helpers:/opt/ros/foxy LD_LIBRARY_PATH=/home/ros2-user/ros2_workspace/robotics-v1/install/robo_cleaner_interfaces/lib:${LD_LIBRARY_PATH} PKG_CONFIG_PATH=/home/ros2-user/ros2_workspace/robotics-v1/install/ros2_game_engine/lib/x86_64-linux-gnu/pkgconfig:/home/ros2-user/ros2_workspace/robotics-v1/install/ros2_game_engine/lib/pkgconfig:/home/ros2-user/ros2_workspace/robotics-v1/install/robo_common/lib/x86_64-linux-gnu/pkgconfig:/home/ros2-user/ros2_workspace/robotics-v1/install/robo_common/lib/pkgconfig:/home/ros2-user/ros2_workspace/robotics-v1/install/game_engine/lib/x86_64-linux-gnu/pkgconfig:/home/ros2-user/ros2_workspace/robotics-v1/install/game_engine/lib/pkgconfig:/home/ros2-user/ros2_workspace/robotics-v1/install/manager_utils/lib/x86_64-linux-gnu/pkgconfig:/home/ros2-user/ros2_workspace/robotics-v1/install/manager_utils/lib/pkgconfig:/home/ros2-user/ros2_workspace/robotics-v1/install/sdl_utils/lib/x86_64-linux-gnu/pkgconfig:/home/ros2-user/ros2_workspace/robotics-v1/install/sdl_utils/lib/pkgconfig:/home/ros2-user/ros2_workspace/robotics-v1/install/resource_utils/lib/x86_64-linux-gnu/pkgconfig:/home/ros2-user/ros2_workspace/robotics-v1/install/resource_utils/lib/pkgconfig:/home/ros2-user/ros2_workspace/robotics-v1/install/utils/lib/x86_64-linux-gnu/pkgconfig:/home/ros2-user/ros2_workspace/robotics-v1/install/utils/lib/pkgconfig:/home/ros2-user/ros2_workspace/robotics-v1/install/cmake_helpers/lib/x86_64-linux-gnu/pkgconfig:/home/ros2-user/ros2_workspace/robotics-v1/install/cmake_helpers/lib/pkgconfig PYTHONPATH=/home/ros2-user/ros2_workspace/robotics-v1/install/robo_cleaner_interfaces/lib/python3.8/site-packages:${PYTHONPATH} /usr/bin/cmake /home/ros2-user/ros2_workspace/robotics-v1/src/robo_cleaner/robo_cleaner_gui -DCMAKE_BUILD_TYPE=Debug -DCMAKE_CXX_COMPILER=/usr/bin/g++ -DAMENT_CMAKE_SYMLINK_INSTALL=1 -DCMAKE_INSTALL_PREFIX=/home/ros2-user/ros2_workspace/robotics-v1/install/robo_cleaner_gui
[1.002s] -- The CXX compiler identification is GNU 9.4.0
[1.031s] -- Check for working CXX compiler: /usr/bin/g++
[2.406s] -- Check for working CXX compiler: /usr/bin/g++ -- works
[2.407s] -- Detecting CXX compiler ABI info
[2.764s] -- Detecting CXX compiler ABI info - done
[2.808s] -- Detecting CXX compile features
[2.809s] -- Detecting CXX compile features - done
[2.814s] -- Found cmake_helpers: 1.0.0 (/home/ros2-user/ros2_workspace/robotics-v1/install/cmake_helpers/share/cmake_helpers/cmake)
[2.828s] -- Found ament_cmake: 0.9.11 (/opt/ros/foxy/share/ament_cmake/cmake)
[2.891s] -- Found PythonInterp: /usr/bin/python3 (found suitable version "3.8.10", minimum required is "3") 
[2.892s] -- Using PYTHON_EXECUTABLE: /usr/bin/python3
[3.596s] -- Override CMake install command with custom implementation using symlinks instead of copying resources
[4.155s] -- Found ament_index_cpp: 1.1.0 (/opt/ros/foxy/share/ament_index_cpp/cmake)
[4.206s] -- Found rclcpp: 2.4.2 (/opt/ros/foxy/share/rclcpp/cmake)
[4.336s] -- Using all available rosidl_typesupport_c: rosidl_typesupport_fastrtps_c;rosidl_typesupport_introspection_c
[4.355s] -- Found rosidl_adapter: 1.3.0 (/opt/ros/foxy/share/rosidl_adapter/cmake)
[4.654s] -- Found OpenSSL: /usr/lib/x86_64-linux-gnu/libcrypto.so (found version "1.1.1f")  
[4.755s] -- Found FastRTPS: /opt/ros/foxy/include  
[4.938s] -- Using all available rosidl_typesupport_cpp: rosidl_typesupport_fastrtps_cpp;rosidl_typesupport_introspection_cpp
[5.092s] -- Found rmw_implementation_cmake: 1.0.3 (/opt/ros/foxy/share/rmw_implementation_cmake/cmake)
[5.096s] -- Using RMW implementation 'rmw_fastrtps_cpp' as default
[5.103s] -- Looking for C++ include pthread.h
[5.736s] -- Looking for C++ include pthread.h - found
[5.737s] -- Performing Test CMAKE_HAVE_LIBC_PTHREAD
[6.150s] -- Performing Test CMAKE_HAVE_LIBC_PTHREAD - Failed
[6.152s] -- Looking for pthread_create in pthreads
[6.763s] -- Looking for pthread_create in pthreads - not found
[6.764s] -- Looking for pthread_create in pthread
[7.424s] -- Looking for pthread_create in pthread - found
[7.426s] -- Found Threads: TRUE  
[7.817s] -- Found rclcpp_action: 2.4.2 (/opt/ros/foxy/share/rclcpp_action/cmake)
[8.109s] -- Found robo_cleaner_interfaces: 1.0.0 (/home/ros2-user/ros2_workspace/robotics-v1/install/robo_cleaner_interfaces/share/robo_cleaner_interfaces/cmake)
[14.734s] -- Configuring done
[14.820s] -- Generating done
[14.826s] -- Build files have been written to: /home/ros2-user/ros2_workspace/robotics-v1/build/robo_cleaner_gui
[14.873s] Invoked command in '/home/ros2-user/ros2_workspace/robotics-v1/build/robo_cleaner_gui' returned '0': AMENT_PREFIX_PATH=/home/ros2-user/ros2_workspace/robotics-v1/install/robo_cleaner_common:/home/ros2-user/ros2_workspace/robotics-v1/install/robo_cleaner_interfaces:${AMENT_PREFIX_PATH} CMAKE_PREFIX_PATH=/home/ros2-user/ros2_workspace/robotics-v1/install/ros2_game_engine:/home/ros2-user/ros2_workspace/robotics-v1/install/robo_cleaner_common:/home/ros2-user/ros2_workspace/robotics-v1/install/robo_common:/home/ros2-user/ros2_workspace/robotics-v1/install/game_engine:/home/ros2-user/ros2_workspace/robotics-v1/install/manager_utils:/home/ros2-user/ros2_workspace/robotics-v1/install/sdl_utils:/home/ros2-user/ros2_workspace/robotics-v1/install/resource_utils:/home/ros2-user/ros2_workspace/robotics-v1/install/utils:/home/ros2-user/ros2_workspace/robotics-v1/install/robo_cleaner_interfaces:/home/ros2-user/ros2_workspace/robotics-v1/install/cmake_helpers:/opt/ros/foxy LD_LIBRARY_PATH=/home/ros2-user/ros2_workspace/robotics-v1/install/robo_cleaner_interfaces/lib:${LD_LIBRARY_PATH} PKG_CONFIG_PATH=/home/ros2-user/ros2_workspace/robotics-v1/install/ros2_game_engine/lib/x86_64-linux-gnu/pkgconfig:/home/ros2-user/ros2_workspace/robotics-v1/install/ros2_game_engine/lib/pkgconfig:/home/ros2-user/ros2_workspace/robotics-v1/install/robo_common/lib/x86_64-linux-gnu/pkgconfig:/home/ros2-user/ros2_workspace/robotics-v1/install/robo_common/lib/pkgconfig:/home/ros2-user/ros2_workspace/robotics-v1/install/game_engine/lib/x86_64-linux-gnu/pkgconfig:/home/ros2-user/ros2_workspace/robotics-v1/install/game_engine/lib/pkgconfig:/home/ros2-user/ros2_workspace/robotics-v1/install/manager_utils/lib/x86_64-linux-gnu/pkgconfig:/home/ros2-user/ros2_workspace/robotics-v1/install/manager_utils/lib/pkgconfig:/home/ros2-user/ros2_workspace/robotics-v1/install/sdl_utils/lib/x86_64-linux-gnu/pkgconfig:/home/ros2-user/ros2_workspace/robotics-v1/install/sdl_utils/lib/pkgconfig:/home/ros2-user/ros2_workspace/robotics-v1/install/resource_utils/lib/x86_64-linux-gnu/pkgconfig:/home/ros2-user/ros2_workspace/robotics-v1/install/resource_utils/lib/pkgconfig:/home/ros2-user/ros2_workspace/robotics-v1/install/utils/lib/x86_64-linux-gnu/pkgconfig:/home/ros2-user/ros2_workspace/robotics-v1/install/utils/lib/pkgconfig:/home/ros2-user/ros2_workspace/robotics-v1/install/cmake_helpers/lib/x86_64-linux-gnu/pkgconfig:/home/ros2-user/ros2_workspace/robotics-v1/install/cmake_helpers/lib/pkgconfig PYTHONPATH=/home/ros2-user/ros2_workspace/robotics-v1/install/robo_cleaner_interfaces/lib/python3.8/site-packages:${PYTHONPATH} /usr/bin/cmake /home/ros2-user/ros2_workspace/robotics-v1/src/robo_cleaner/robo_cleaner_gui -DCMAKE_BUILD_TYPE=Debug -DCMAKE_CXX_COMPILER=/usr/bin/g++ -DAMENT_CMAKE_SYMLINK_INSTALL=1 -DCMAKE_INSTALL_PREFIX=/home/ros2-user/ros2_workspace/robotics-v1/install/robo_cleaner_gui
[14.878s] Invoking command in '/home/ros2-user/ros2_workspace/robotics-v1/build/robo_cleaner_gui': AMENT_PREFIX_PATH=/home/ros2-user/ros2_workspace/robotics-v1/install/robo_cleaner_common:/home/ros2-user/ros2_workspace/robotics-v1/install/robo_cleaner_interfaces:${AMENT_PREFIX_PATH} CMAKE_PREFIX_PATH=/home/ros2-user/ros2_workspace/robotics-v1/install/ros2_game_engine:/home/ros2-user/ros2_workspace/robotics-v1/install/robo_cleaner_common:/home/ros2-user/ros2_workspace/robotics-v1/install/robo_common:/home/ros2-user/ros2_workspace/robotics-v1/install/game_engine:/home/ros2-user/ros2_workspace/robotics-v1/install/manager_utils:/home/ros2-user/ros2_workspace/robotics-v1/install/sdl_utils:/home/ros2-user/ros2_workspace/robotics-v1/install/resource_utils:/home/ros2-user/ros2_workspace/robotics-v1/install/utils:/home/ros2-user/ros2_workspace/robotics-v1/install/robo_cleaner_interfaces:/home/ros2-user/ros2_workspace/robotics-v1/install/cmake_helpers:/opt/ros/foxy LD_LIBRARY_PATH=/home/ros2-user/ros2_workspace/robotics-v1/install/robo_cleaner_interfaces/lib:${LD_LIBRARY_PATH} PKG_CONFIG_PATH=/home/ros2-user/ros2_workspace/robotics-v1/install/ros2_game_engine/lib/x86_64-linux-gnu/pkgconfig:/home/ros2-user/ros2_workspace/robotics-v1/install/ros2_game_engine/lib/pkgconfig:/home/ros2-user/ros2_workspace/robotics-v1/install/robo_common/lib/x86_64-linux-gnu/pkgconfig:/home/ros2-user/ros2_workspace/robotics-v1/install/robo_common/lib/pkgconfig:/home/ros2-user/ros2_workspace/robotics-v1/install/game_engine/lib/x86_64-linux-gnu/pkgconfig:/home/ros2-user/ros2_workspace/robotics-v1/install/game_engine/lib/pkgconfig:/home/ros2-user/ros2_workspace/robotics-v1/install/manager_utils/lib/x86_64-linux-gnu/pkgconfig:/home/ros2-user/ros2_workspace/robotics-v1/install/manager_utils/lib/pkgconfig:/home/ros2-user/ros2_workspace/robotics-v1/install/sdl_utils/lib/x86_64-linux-gnu/pkgconfig:/home/ros2-user/ros2_workspace/robotics-v1/install/sdl_utils/lib/pkgconfig:/home/ros2-user/ros2_workspace/robotics-v1/install/resource_utils/lib/x86_64-linux-gnu/pkgconfig:/home/ros2-user/ros2_workspace/robotics-v1/install/resource_utils/lib/pkgconfig:/home/ros2-user/ros2_workspace/robotics-v1/install/utils/lib/x86_64-linux-gnu/pkgconfig:/home/ros2-user/ros2_workspace/robotics-v1/install/utils/lib/pkgconfig:/home/ros2-user/ros2_workspace/robotics-v1/install/cmake_helpers/lib/x86_64-linux-gnu/pkgconfig:/home/ros2-user/ros2_workspace/robotics-v1/install/cmake_helpers/lib/pkgconfig PYTHONPATH=/home/ros2-user/ros2_workspace/robotics-v1/install/robo_cleaner_interfaces/lib/python3.8/site-packages:${PYTHONPATH} /usr/bin/cmake --build /home/ros2-user/ros2_workspace/robotics-v1/build/robo_cleaner_gui -- -j4 -l4
[15.156s] [35m[1mScanning dependencies of target robo_cleaner_gui[0m
[16.202s] [  5%] [32mBuilding CXX object CMakeFiles/robo_cleaner_gui.dir/src/main.cpp.o[0m
[23.694s] [ 11%] [32mBuilding CXX object CMakeFiles/robo_cleaner_gui.dir/src/external_api/CleanerControllerExternalBridge.cpp.o[0m
[61.369s] [ 17%] [32mBuilding CXX object CMakeFiles/robo_cleaner_gui.dir/src/external_api/RoboCleanerGuiRos2ParamProvider.cpp.o[0m
[67.429s] [ 23%] [32mBuilding CXX object CMakeFiles/robo_cleaner_gui.dir/src/external_api/MovementReporter.cpp.o[0m
[74.277s] [ 29%] [32mBuilding CXX object CMakeFiles/robo_cleaner_gui.dir/src/helpers/EnergyHandler.cpp.o[0m
[79.837s] [ 35%] [32mBuilding CXX object CMakeFiles/robo_cleaner_gui.dir/src/helpers/RoboCleanerBuilder.cpp.o[0m
[85.994s] [ 41%] [32mBuilding CXX object CMakeFiles/robo_cleaner_gui.dir/src/helpers/RoboCleanerGuiInitHelper.cpp.o[0m
[94.612s] [ 47%] [32mBuilding CXX object CMakeFiles/robo_cleaner_gui.dir/src/helpers/MovementWatcher.cpp.o[0m
[99.000s] [ 52%] [32mBuilding CXX object CMakeFiles/robo_cleaner_gui.dir/src/helpers/RoboCleanerSolutionValidator.cpp.o[0m
[101.615s] [ 58%] [32mBuilding CXX object CMakeFiles/robo_cleaner_gui.dir/src/layout/RoboCleanerLayout.cpp.o[0m
[110.133s] [ 64%] [32mBuilding CXX object CMakeFiles/robo_cleaner_gui.dir/src/layout/entities/Rubbish.cpp.o[0m
[111.612s] [ 70%] [32mBuilding CXX object CMakeFiles/robo_cleaner_gui.dir/src/layout/entities/EntityHandler.cpp.o[0m
[114.339s] [ 76%] [32mBuilding CXX object CMakeFiles/robo_cleaner_gui.dir/src/layout/panels/PanelHandler.cpp.o[0m
[120.912s] [ 82%] [32mBuilding CXX object CMakeFiles/robo_cleaner_gui.dir/src/layout/helpers/RoboCleanerLayoutInitHelper.cpp.o[0m
[126.553s] [ 88%] [32mBuilding CXX object CMakeFiles/robo_cleaner_gui.dir/src/config/RoboCleanerGuiConfigGenerator.cpp.o[0m
[132.264s] [ 94%] [32mBuilding CXX object CMakeFiles/robo_cleaner_gui.dir/src/RoboCleanerGui.cpp.o[0m
[139.207s] [100%] [32m[1mLinking CXX executable robo_cleaner_gui[0m
[143.201s] [100%] Built target robo_cleaner_gui
[143.269s] Invoked command in '/home/ros2-user/ros2_workspace/robotics-v1/build/robo_cleaner_gui' returned '0': AMENT_PREFIX_PATH=/home/ros2-user/ros2_workspace/robotics-v1/install/robo_cleaner_common:/home/ros2-user/ros2_workspace/robotics-v1/install/robo_cleaner_interfaces:${AMENT_PREFIX_PATH} CMAKE_PREFIX_PATH=/home/ros2-user/ros2_workspace/robotics-v1/install/ros2_game_engine:/home/ros2-user/ros2_workspace/robotics-v1/install/robo_cleaner_common:/home/ros2-user/ros2_workspace/robotics-v1/install/robo_common:/home/ros2-user/ros2_workspace/robotics-v1/install/game_engine:/home/ros2-user/ros2_workspace/robotics-v1/install/manager_utils:/home/ros2-user/ros2_workspace/robotics-v1/install/sdl_utils:/home/ros2-user/ros2_workspace/robotics-v1/install/resource_utils:/home/ros2-user/ros2_workspace/robotics-v1/install/utils:/home/ros2-user/ros2_workspace/robotics-v1/install/robo_cleaner_interfaces:/home/ros2-user/ros2_workspace/robotics-v1/install/cmake_helpers:/opt/ros/foxy LD_LIBRARY_PATH=/home/ros2-user/ros2_workspace/robotics-v1/install/robo_cleaner_interfaces/lib:${LD_LIBRARY_PATH} PKG_CONFIG_PATH=/home/ros2-user/ros2_workspace/robotics-v1/install/ros2_game_engine/lib/x86_64-linux-gnu/pkgconfig:/home/ros2-user/ros2_workspace/robotics-v1/install/ros2_game_engine/lib/pkgconfig:/home/ros2-user/ros2_workspace/robotics-v1/install/robo_common/lib/x86_64-linux-gnu/pkgconfig:/home/ros2-user/ros2_workspace/robotics-v1/install/robo_common/lib/pkgconfig:/home/ros2-user/ros2_workspace/robotics-v1/install/game_engine/lib/x86_64-linux-gnu/pkgconfig:/home/ros2-user/ros2_workspace/robotics-v1/install/game_engine/lib/pkgconfig:/home/ros2-user/ros2_workspace/robotics-v1/install/manager_utils/lib/x86_64-linux-gnu/pkgconfig:/home/ros2-user/ros2_workspace/robotics-v1/install/manager_utils/lib/pkgconfig:/home/ros2-user/ros2_workspace/robotics-v1/install/sdl_utils/lib/x86_64-linux-gnu/pkgconfig:/home/ros2-user/ros2_workspace/robotics-v1/install/sdl_utils/lib/pkgconfig:/home/ros2-user/ros2_workspace/robotics-v1/install/resource_utils/lib/x86_64-linux-gnu/pkgconfig:/home/ros2-user/ros2_workspace/robotics-v1/install/resource_utils/lib/pkgconfig:/home/ros2-user/ros2_workspace/robotics-v1/install/utils/lib/x86_64-linux-gnu/pkgconfig:/home/ros2-user/ros2_workspace/robotics-v1/install/utils/lib/pkgconfig:/home/ros2-user/ros2_workspace/robotics-v1/install/cmake_helpers/lib/x86_64-linux-gnu/pkgconfig:/home/ros2-user/ros2_workspace/robotics-v1/install/cmake_helpers/lib/pkgconfig PYTHONPATH=/home/ros2-user/ros2_workspace/robotics-v1/install/robo_cleaner_interfaces/lib/python3.8/site-packages:${PYTHONPATH} /usr/bin/cmake --build /home/ros2-user/ros2_workspace/robotics-v1/build/robo_cleaner_gui -- -j4 -l4
[143.502s] Invoking command in '/home/ros2-user/ros2_workspace/robotics-v1/build/robo_cleaner_gui': AMENT_PREFIX_PATH=/home/ros2-user/ros2_workspace/robotics-v1/install/robo_cleaner_common:/home/ros2-user/ros2_workspace/robotics-v1/install/robo_cleaner_interfaces:${AMENT_PREFIX_PATH} CMAKE_PREFIX_PATH=/home/ros2-user/ros2_workspace/robotics-v1/install/ros2_game_engine:/home/ros2-user/ros2_workspace/robotics-v1/install/robo_cleaner_common:/home/ros2-user/ros2_workspace/robotics-v1/install/robo_common:/home/ros2-user/ros2_workspace/robotics-v1/install/game_engine:/home/ros2-user/ros2_workspace/robotics-v1/install/manager_utils:/home/ros2-user/ros2_workspace/robotics-v1/install/sdl_utils:/home/ros2-user/ros2_workspace/robotics-v1/install/resource_utils:/home/ros2-user/ros2_workspace/robotics-v1/install/utils:/home/ros2-user/ros2_workspace/robotics-v1/install/robo_cleaner_interfaces:/home/ros2-user/ros2_workspace/robotics-v1/install/cmake_helpers:/opt/ros/foxy LD_LIBRARY_PATH=/home/ros2-user/ros2_workspace/robotics-v1/install/robo_cleaner_interfaces/lib:${LD_LIBRARY_PATH} PKG_CONFIG_PATH=/home/ros2-user/ros2_workspace/robotics-v1/install/ros2_game_engine/lib/x86_64-linux-gnu/pkgconfig:/home/ros2-user/ros2_workspace/robotics-v1/install/ros2_game_engine/lib/pkgconfig:/home/ros2-user/ros2_workspace/robotics-v1/install/robo_common/lib/x86_64-linux-gnu/pkgconfig:/home/ros2-user/ros2_workspace/robotics-v1/install/robo_common/lib/pkgconfig:/home/ros2-user/ros2_workspace/robotics-v1/install/game_engine/lib/x86_64-linux-gnu/pkgconfig:/home/ros2-user/ros2_workspace/robotics-v1/install/game_engine/lib/pkgconfig:/home/ros2-user/ros2_workspace/robotics-v1/install/manager_utils/lib/x86_64-linux-gnu/pkgconfig:/home/ros2-user/ros2_workspace/robotics-v1/install/manager_utils/lib/pkgconfig:/home/ros2-user/ros2_workspace/robotics-v1/install/sdl_utils/lib/x86_64-linux-gnu/pkgconfig:/home/ros2-user/ros2_workspace/robotics-v1/install/sdl_utils/lib/pkgconfig:/home/ros2-user/ros2_workspace/robotics-v1/install/resource_utils/lib/x86_64-linux-gnu/pkgconfig:/home/ros2-user/ros2_workspace/robotics-v1/install/resource_utils/lib/pkgconfig:/home/ros2-user/ros2_workspace/robotics-v1/install/utils/lib/x86_64-linux-gnu/pkgconfig:/home/ros2-user/ros2_workspace/robotics-v1/install/utils/lib/pkgconfig:/home/ros2-user/ros2_workspace/robotics-v1/install/cmake_helpers/lib/x86_64-linux-gnu/pkgconfig:/home/ros2-user/ros2_workspace/robotics-v1/install/cmake_helpers/lib/pkgconfig PYTHONPATH=/home/ros2-user/ros2_workspace/robotics-v1/install/robo_cleaner_interfaces/lib/python3.8/site-packages:${PYTHONPATH} /usr/bin/cmake --install /home/ros2-user/ros2_workspace/robotics-v1/build/robo_cleaner_gui
[143.532s] -- Install configuration: "Debug"
[143.534s] -- Execute custom install script
[143.535s] -- Symlinking: /home/ros2-user/ros2_workspace/robotics-v1/install/robo_cleaner_gui/share/robo_cleaner_gui/package.xml
[143.562s] -- Symlinking: /home/ros2-user/ros2_workspace/robotics-v1/install/robo_cleaner_gui/share/robo_cleaner_gui//launch/launch.py
[143.586s] -- Symlinking: /home/ros2-user/ros2_workspace/robotics-v1/install/robo_cleaner_gui/share/robo_cleaner_gui//config/params.yaml
[143.606s] -- Symlinking: /home/ros2-user/ros2_workspace/robotics-v1/install/robo_cleaner_gui/lib/robo_cleaner_gui/robo_cleaner_gui
[143.626s] -- Symlinking: /home/ros2-user/ros2_workspace/robotics-v1/install/robo_cleaner_gui/share/ament_index/resource_index/packages/robo_cleaner_gui
[143.648s] -- Symlinking: /home/ros2-user/ros2_workspace/robotics-v1/install/robo_cleaner_gui/share/robo_cleaner_gui/hook/ament_prefix_path.dsv
[143.671s] -- Symlinking: /home/ros2-user/ros2_workspace/robotics-v1/install/robo_cleaner_gui/share/robo_cleaner_gui/hook/ros_package_path.dsv
[143.698s] -- Symlinking: /home/ros2-user/ros2_workspace/robotics-v1/install/robo_cleaner_gui/share/ament_index/resource_index/package_run_dependencies/robo_cleaner_gui
[143.720s] -- Symlinking: /home/ros2-user/ros2_workspace/robotics-v1/install/robo_cleaner_gui/share/ament_index/resource_index/parent_prefix_path/robo_cleaner_gui
[143.745s] -- Symlinking: /home/ros2-user/ros2_workspace/robotics-v1/install/robo_cleaner_gui/share/robo_cleaner_gui/environment/ament_prefix_path.sh
[143.771s] -- Symlinking: /home/ros2-user/ros2_workspace/robotics-v1/install/robo_cleaner_gui/share/robo_cleaner_gui/environment/ament_prefix_path.dsv
[143.794s] -- Symlinking: /home/ros2-user/ros2_workspace/robotics-v1/install/robo_cleaner_gui/share/robo_cleaner_gui/environment/path.sh
[143.816s] -- Symlinking: /home/ros2-user/ros2_workspace/robotics-v1/install/robo_cleaner_gui/share/robo_cleaner_gui/environment/path.dsv
[143.833s] -- Symlinking: /home/ros2-user/ros2_workspace/robotics-v1/install/robo_cleaner_gui/share/robo_cleaner_gui/local_setup.bash
[143.851s] -- Symlinking: /home/ros2-user/ros2_workspace/robotics-v1/install/robo_cleaner_gui/share/robo_cleaner_gui/local_setup.sh
[143.868s] -- Symlinking: /home/ros2-user/ros2_workspace/robotics-v1/install/robo_cleaner_gui/share/robo_cleaner_gui/local_setup.zsh
[143.886s] -- Symlinking: /home/ros2-user/ros2_workspace/robotics-v1/install/robo_cleaner_gui/share/robo_cleaner_gui/local_setup.dsv
[143.905s] -- Symlinking: /home/ros2-user/ros2_workspace/robotics-v1/install/robo_cleaner_gui/share/robo_cleaner_gui/package.dsv
[143.923s] -- Symlinking: /home/ros2-user/ros2_workspace/robotics-v1/install/robo_cleaner_gui/share/ament_index/resource_index/packages/robo_cleaner_gui
[143.941s] -- Symlinking: /home/ros2-user/ros2_workspace/robotics-v1/install/robo_cleaner_gui/share/robo_cleaner_gui/cmake/robo_cleaner_guiConfig.cmake
[143.959s] -- Symlinking: /home/ros2-user/ros2_workspace/robotics-v1/install/robo_cleaner_gui/share/robo_cleaner_gui/cmake/robo_cleaner_guiConfig-version.cmake
[143.976s] -- Up-to-date symlink: /home/ros2-user/ros2_workspace/robotics-v1/install/robo_cleaner_gui/share/robo_cleaner_gui/package.xml
[143.978s] -- Symlinking: /home/ros2-user/ros2_workspace/robotics-v1/install/robo_cleaner_gui/share/robo_cleaner_gui/resources//RoboCleanerGui.rsrc
[143.996s] -- Symlinking: /home/ros2-user/ros2_workspace/robotics-v1/install/robo_cleaner_gui/share/robo_cleaner_gui/resources//f/vinque_rg_20.ttf
[144.013s] -- Symlinking: /home/ros2-user/ros2_workspace/robotics-v1/install/robo_cleaner_gui/share/robo_cleaner_gui/resources//f/vinque_rg_30.ttf
[144.033s] -- Symlinking: /home/ros2-user/ros2_workspace/robotics-v1/install/robo_cleaner_gui/share/robo_cleaner_gui/resources//f/vinque_rg_75.ttf
[144.057s] -- Symlinking: /home/ros2-user/ros2_workspace/robotics-v1/install/robo_cleaner_gui/share/robo_cleaner_gui/resources//generated/RoboCleanerGuiResources.h
[144.077s] -- Symlinking: /home/ros2-user/ros2_workspace/robotics-v1/install/robo_cleaner_gui/share/robo_cleaner_gui/resources//generated/RoboCleanerGuiResourcesDynamic.h
[144.098s] -- Symlinking: /home/ros2-user/ros2_workspace/robotics-v1/install/robo_cleaner_gui/share/robo_cleaner_gui/resources//generated/RoboCleanerGuiResourcesDynamicValues.h
[144.119s] -- Symlinking: /home/ros2-user/ros2_workspace/robotics-v1/install/robo_cleaner_gui/share/robo_cleaner_gui/resources//generated/fonts.bin
[144.139s] -- Symlinking: /home/ros2-user/ros2_workspace/robotics-v1/install/robo_cleaner_gui/share/robo_cleaner_gui/resources//generated/resources.bin
[144.159s] -- Symlinking: /home/ros2-user/ros2_workspace/robotics-v1/install/robo_cleaner_gui/share/robo_cleaner_gui/resources//generated/sounds.bin
[144.178s] -- Symlinking: /home/ros2-user/ros2_workspace/robotics-v1/install/robo_cleaner_gui/share/robo_cleaner_gui/resources//levels/level_1/field_map.txt
[144.197s] -- Symlinking: /home/ros2-user/ros2_workspace/robotics-v1/install/robo_cleaner_gui/share/robo_cleaner_gui/resources//levels/level_2/field_map.txt
[144.215s] -- Symlinking: /home/ros2-user/ros2_workspace/robotics-v1/install/robo_cleaner_gui/share/robo_cleaner_gui/resources//levels/level_3/field_map.txt
[144.235s] -- Symlinking: /home/ros2-user/ros2_workspace/robotics-v1/install/robo_cleaner_gui/share/robo_cleaner_gui/resources//p/background/fogOfWar.png
[144.389s] -- Symlinking: /home/ros2-user/ros2_workspace/robotics-v1/install/robo_cleaner_gui/share/robo_cleaner_gui/resources//p/background/map.png
[145.101s] -- Symlinking: /home/ros2-user/ros2_workspace/robotics-v1/install/robo_cleaner_gui/share/robo_cleaner_gui/resources//p/background/obstacle.png
[145.133s] -- Symlinking: /home/ros2-user/ros2_workspace/robotics-v1/install/robo_cleaner_gui/share/robo_cleaner_gui/resources//p/background/tile.png
[145.179s] -- Symlinking: /home/ros2-user/ros2_workspace/robotics-v1/install/robo_cleaner_gui/share/robo_cleaner_gui/resources//p/entities/damage_marker.png
[145.270s] -- Symlinking: /home/ros2-user/ros2_workspace/robotics-v1/install/robo_cleaner_gui/share/robo_cleaner_gui/resources//p/entities/player_robot.png
[145.356s] -- Symlinking: /home/ros2-user/ros2_workspace/robotics-v1/install/robo_cleaner_gui/share/robo_cleaner_gui/resources//p/entities/rubbish.png
[145.405s] -- Symlinking: /home/ros2-user/ros2_workspace/robotics-v1/install/robo_cleaner_gui/share/robo_cleaner_gui/resources//p/panels/energy_indicator.png
[145.553s] -- Symlinking: /home/ros2-user/ros2_workspace/robotics-v1/install/robo_cleaner_gui/share/robo_cleaner_gui/resources//p/panels/energy_panel.png
[145.612s] -- Symlinking: /home/ros2-user/ros2_workspace/robotics-v1/install/robo_cleaner_gui/share/robo_cleaner_gui/resources//p/panels/health_indicator.png
[145.660s] -- Symlinking: /home/ros2-user/ros2_workspace/robotics-v1/install/robo_cleaner_gui/share/robo_cleaner_gui/resources//p/panels/health_panel.png
[145.697s] -- Symlinking: /home/ros2-user/ros2_workspace/robotics-v1/install/robo_cleaner_gui/share/robo_cleaner_gui/resources//p/panels/hor_delimiter.png
[145.727s] -- Symlinking: /home/ros2-user/ros2_workspace/robotics-v1/install/robo_cleaner_gui/share/robo_cleaner_gui/resources//p/panels/rubbish_panel.png
[145.758s] -- Symlinking: /home/ros2-user/ros2_workspace/robotics-v1/install/robo_cleaner_gui/share/robo_cleaner_gui/resources//p/panels/tile_panel.png
[145.805s] -- Symlinking: /home/ros2-user/ros2_workspace/robotics-v1/install/robo_cleaner_gui/share/robo_cleaner_gui/resources//p/panels/vert_delimiter.png
[145.830s] -- Symlinking: /home/ros2-user/ros2_workspace/robotics-v1/install/robo_cleaner_gui/share/robo_cleaner_gui/resources//p/stars/star_single.png
[145.857s] -- Symlinking: /home/ros2-user/ros2_workspace/robotics-v1/install/robo_cleaner_gui/share/robo_cleaner_gui/resources//p/stars/stars.png
[145.900s] Invoked command in '/home/ros2-user/ros2_workspace/robotics-v1/build/robo_cleaner_gui' returned '0': AMENT_PREFIX_PATH=/home/ros2-user/ros2_workspace/robotics-v1/install/robo_cleaner_common:/home/ros2-user/ros2_workspace/robotics-v1/install/robo_cleaner_interfaces:${AMENT_PREFIX_PATH} CMAKE_PREFIX_PATH=/home/ros2-user/ros2_workspace/robotics-v1/install/ros2_game_engine:/home/ros2-user/ros2_workspace/robotics-v1/install/robo_cleaner_common:/home/ros2-user/ros2_workspace/robotics-v1/install/robo_common:/home/ros2-user/ros2_workspace/robotics-v1/install/game_engine:/home/ros2-user/ros2_workspace/robotics-v1/install/manager_utils:/home/ros2-user/ros2_workspace/robotics-v1/install/sdl_utils:/home/ros2-user/ros2_workspace/robotics-v1/install/resource_utils:/home/ros2-user/ros2_workspace/robotics-v1/install/utils:/home/ros2-user/ros2_workspace/robotics-v1/install/robo_cleaner_interfaces:/home/ros2-user/ros2_workspace/robotics-v1/install/cmake_helpers:/opt/ros/foxy LD_LIBRARY_PATH=/home/ros2-user/ros2_workspace/robotics-v1/install/robo_cleaner_interfaces/lib:${LD_LIBRARY_PATH} PKG_CONFIG_PATH=/home/ros2-user/ros2_workspace/robotics-v1/install/ros2_game_engine/lib/x86_64-linux-gnu/pkgconfig:/home/ros2-user/ros2_workspace/robotics-v1/install/ros2_game_engine/lib/pkgconfig:/home/ros2-user/ros2_workspace/robotics-v1/install/robo_common/lib/x86_64-linux-gnu/pkgconfig:/home/ros2-user/ros2_workspace/robotics-v1/install/robo_common/lib/pkgconfig:/home/ros2-user/ros2_workspace/robotics-v1/install/game_engine/lib/x86_64-linux-gnu/pkgconfig:/home/ros2-user/ros2_workspace/robotics-v1/install/game_engine/lib/pkgconfig:/home/ros2-user/ros2_workspace/robotics-v1/install/manager_utils/lib/x86_64-linux-gnu/pkgconfig:/home/ros2-user/ros2_workspace/robotics-v1/install/manager_utils/lib/pkgconfig:/home/ros2-user/ros2_workspace/robotics-v1/install/sdl_utils/lib/x86_64-linux-gnu/pkgconfig:/home/ros2-user/ros2_workspace/robotics-v1/install/sdl_utils/lib/pkgconfig:/home/ros2-user/ros2_workspace/robotics-v1/install/resource_utils/lib/x86_64-linux-gnu/pkgconfig:/home/ros2-user/ros2_workspace/robotics-v1/install/resource_utils/lib/pkgconfig:/home/ros2-user/ros2_workspace/robotics-v1/install/utils/lib/x86_64-linux-gnu/pkgconfig:/home/ros2-user/ros2_workspace/robotics-v1/install/utils/lib/pkgconfig:/home/ros2-user/ros2_workspace/robotics-v1/install/cmake_helpers/lib/x86_64-linux-gnu/pkgconfig:/home/ros2-user/ros2_workspace/robotics-v1/install/cmake_helpers/lib/pkgconfig PYTHONPATH=/home/ros2-user/ros2_workspace/robotics-v1/install/robo_cleaner_interfaces/lib/python3.8/site-packages:${PYTHONPATH} /usr/bin/cmake --install /home/ros2-user/ros2_workspace/robotics-v1/build/robo_cleaner_gui
