[0.064s] Invoking command in '/home/ros2-user/ros2_workspace/robotics-v1/build/game_engine': CMAKE_PREFIX_PATH=/home/ros2-user/ros2_workspace/robotics-v1/install/manager_utils:/home/ros2-user/ros2_workspace/robotics-v1/install/sdl_utils:/home/ros2-user/ros2_workspace/robotics-v1/install/resource_utils:/home/ros2-user/ros2_workspace/robotics-v1/install/utils:/home/ros2-user/ros2_workspace/robotics-v1/install/cmake_helpers:/opt/ros/foxy PKG_CONFIG_PATH=/home/ros2-user/ros2_workspace/robotics-v1/install/manager_utils/lib/x86_64-linux-gnu/pkgconfig:/home/ros2-user/ros2_workspace/robotics-v1/install/manager_utils/lib/pkgconfig:/home/ros2-user/ros2_workspace/robotics-v1/install/sdl_utils/lib/x86_64-linux-gnu/pkgconfig:/home/ros2-user/ros2_workspace/robotics-v1/install/sdl_utils/lib/pkgconfig:/home/ros2-user/ros2_workspace/robotics-v1/install/resource_utils/lib/x86_64-linux-gnu/pkgconfig:/home/ros2-user/ros2_workspace/robotics-v1/install/resource_utils/lib/pkgconfig:/home/ros2-user/ros2_workspace/robotics-v1/install/utils/lib/x86_64-linux-gnu/pkgconfig:/home/ros2-user/ros2_workspace/robotics-v1/install/utils/lib/pkgconfig:/home/ros2-user/ros2_workspace/robotics-v1/install/cmake_helpers/lib/x86_64-linux-gnu/pkgconfig:/home/ros2-user/ros2_workspace/robotics-v1/install/cmake_helpers/lib/pkgconfig /usr/bin/cmake /home/ros2-user/ros2_workspace/robotics-v1/src/lib/game_engine -DCMAKE_INSTALL_PREFIX=/home/ros2-user/ros2_workspace/robotics-v1/install/game_engine
[0.079s] -- Found cmake_helpers: 1.0.0 (/home/ros2-user/ros2_workspace/robotics-v1/install/cmake_helpers/share/cmake_helpers/cmake)
[0.086s] -- Found ament_cmake: 0.9.11 (/opt/ros/foxy/share/ament_cmake/cmake)
[0.123s] -- Using PYTHON_EXECUTABLE: /usr/bin/python3
[0.461s] -- Configuring done
[0.481s] -- Generating done
[0.488s] -- Build files have been written to: /home/ros2-user/ros2_workspace/robotics-v1/build/game_engine
[0.496s] Invoked command in '/home/ros2-user/ros2_workspace/robotics-v1/build/game_engine' returned '0': CMAKE_PREFIX_PATH=/home/ros2-user/ros2_workspace/robotics-v1/install/manager_utils:/home/ros2-user/ros2_workspace/robotics-v1/install/sdl_utils:/home/ros2-user/ros2_workspace/robotics-v1/install/resource_utils:/home/ros2-user/ros2_workspace/robotics-v1/install/utils:/home/ros2-user/ros2_workspace/robotics-v1/install/cmake_helpers:/opt/ros/foxy PKG_CONFIG_PATH=/home/ros2-user/ros2_workspace/robotics-v1/install/manager_utils/lib/x86_64-linux-gnu/pkgconfig:/home/ros2-user/ros2_workspace/robotics-v1/install/manager_utils/lib/pkgconfig:/home/ros2-user/ros2_workspace/robotics-v1/install/sdl_utils/lib/x86_64-linux-gnu/pkgconfig:/home/ros2-user/ros2_workspace/robotics-v1/install/sdl_utils/lib/pkgconfig:/home/ros2-user/ros2_workspace/robotics-v1/install/resource_utils/lib/x86_64-linux-gnu/pkgconfig:/home/ros2-user/ros2_workspace/robotics-v1/install/resource_utils/lib/pkgconfig:/home/ros2-user/ros2_workspace/robotics-v1/install/utils/lib/x86_64-linux-gnu/pkgconfig:/home/ros2-user/ros2_workspace/robotics-v1/install/utils/lib/pkgconfig:/home/ros2-user/ros2_workspace/robotics-v1/install/cmake_helpers/lib/x86_64-linux-gnu/pkgconfig:/home/ros2-user/ros2_workspace/robotics-v1/install/cmake_helpers/lib/pkgconfig /usr/bin/cmake /home/ros2-user/ros2_workspace/robotics-v1/src/lib/game_engine -DCMAKE_INSTALL_PREFIX=/home/ros2-user/ros2_workspace/robotics-v1/install/game_engine
[0.497s] Invoking command in '/home/ros2-user/ros2_workspace/robotics-v1/build/game_engine': CMAKE_PREFIX_PATH=/home/ros2-user/ros2_workspace/robotics-v1/install/manager_utils:/home/ros2-user/ros2_workspace/robotics-v1/install/sdl_utils:/home/ros2-user/ros2_workspace/robotics-v1/install/resource_utils:/home/ros2-user/ros2_workspace/robotics-v1/install/utils:/home/ros2-user/ros2_workspace/robotics-v1/install/cmake_helpers:/opt/ros/foxy PKG_CONFIG_PATH=/home/ros2-user/ros2_workspace/robotics-v1/install/manager_utils/lib/x86_64-linux-gnu/pkgconfig:/home/ros2-user/ros2_workspace/robotics-v1/install/manager_utils/lib/pkgconfig:/home/ros2-user/ros2_workspace/robotics-v1/install/sdl_utils/lib/x86_64-linux-gnu/pkgconfig:/home/ros2-user/ros2_workspace/robotics-v1/install/sdl_utils/lib/pkgconfig:/home/ros2-user/ros2_workspace/robotics-v1/install/resource_utils/lib/x86_64-linux-gnu/pkgconfig:/home/ros2-user/ros2_workspace/robotics-v1/install/resource_utils/lib/pkgconfig:/home/ros2-user/ros2_workspace/robotics-v1/install/utils/lib/x86_64-linux-gnu/pkgconfig:/home/ros2-user/ros2_workspace/robotics-v1/install/utils/lib/pkgconfig:/home/ros2-user/ros2_workspace/robotics-v1/install/cmake_helpers/lib/x86_64-linux-gnu/pkgconfig:/home/ros2-user/ros2_workspace/robotics-v1/install/cmake_helpers/lib/pkgconfig /usr/bin/cmake --build /home/ros2-user/ros2_workspace/robotics-v1/build/game_engine -- -j4 -l4
[0.600s] [100%] Built target game_engine
[0.624s] Invoked command in '/home/ros2-user/ros2_workspace/robotics-v1/build/game_engine' returned '0': CMAKE_PREFIX_PATH=/home/ros2-user/ros2_workspace/robotics-v1/install/manager_utils:/home/ros2-user/ros2_workspace/robotics-v1/install/sdl_utils:/home/ros2-user/ros2_workspace/robotics-v1/install/resource_utils:/home/ros2-user/ros2_workspace/robotics-v1/install/utils:/home/ros2-user/ros2_workspace/robotics-v1/install/cmake_helpers:/opt/ros/foxy PKG_CONFIG_PATH=/home/ros2-user/ros2_workspace/robotics-v1/install/manager_utils/lib/x86_64-linux-gnu/pkgconfig:/home/ros2-user/ros2_workspace/robotics-v1/install/manager_utils/lib/pkgconfig:/home/ros2-user/ros2_workspace/robotics-v1/install/sdl_utils/lib/x86_64-linux-gnu/pkgconfig:/home/ros2-user/ros2_workspace/robotics-v1/install/sdl_utils/lib/pkgconfig:/home/ros2-user/ros2_workspace/robotics-v1/install/resource_utils/lib/x86_64-linux-gnu/pkgconfig:/home/ros2-user/ros2_workspace/robotics-v1/install/resource_utils/lib/pkgconfig:/home/ros2-user/ros2_workspace/robotics-v1/install/utils/lib/x86_64-linux-gnu/pkgconfig:/home/ros2-user/ros2_workspace/robotics-v1/install/utils/lib/pkgconfig:/home/ros2-user/ros2_workspace/robotics-v1/install/cmake_helpers/lib/x86_64-linux-gnu/pkgconfig:/home/ros2-user/ros2_workspace/robotics-v1/install/cmake_helpers/lib/pkgconfig /usr/bin/cmake --build /home/ros2-user/ros2_workspace/robotics-v1/build/game_engine -- -j4 -l4
[0.744s] Invoking command in '/home/ros2-user/ros2_workspace/robotics-v1/build/game_engine': CMAKE_PREFIX_PATH=/home/ros2-user/ros2_workspace/robotics-v1/install/manager_utils:/home/ros2-user/ros2_workspace/robotics-v1/install/sdl_utils:/home/ros2-user/ros2_workspace/robotics-v1/install/resource_utils:/home/ros2-user/ros2_workspace/robotics-v1/install/utils:/home/ros2-user/ros2_workspace/robotics-v1/install/cmake_helpers:/opt/ros/foxy PKG_CONFIG_PATH=/home/ros2-user/ros2_workspace/robotics-v1/install/manager_utils/lib/x86_64-linux-gnu/pkgconfig:/home/ros2-user/ros2_workspace/robotics-v1/install/manager_utils/lib/pkgconfig:/home/ros2-user/ros2_workspace/robotics-v1/install/sdl_utils/lib/x86_64-linux-gnu/pkgconfig:/home/ros2-user/ros2_workspace/robotics-v1/install/sdl_utils/lib/pkgconfig:/home/ros2-user/ros2_workspace/robotics-v1/install/resource_utils/lib/x86_64-linux-gnu/pkgconfig:/home/ros2-user/ros2_workspace/robotics-v1/install/resource_utils/lib/pkgconfig:/home/ros2-user/ros2_workspace/robotics-v1/install/utils/lib/x86_64-linux-gnu/pkgconfig:/home/ros2-user/ros2_workspace/robotics-v1/install/utils/lib/pkgconfig:/home/ros2-user/ros2_workspace/robotics-v1/install/cmake_helpers/lib/x86_64-linux-gnu/pkgconfig:/home/ros2-user/ros2_workspace/robotics-v1/install/cmake_helpers/lib/pkgconfig /usr/bin/cmake --install /home/ros2-user/ros2_workspace/robotics-v1/build/game_engine
[0.777s] -- Install configuration: "Debug"
[0.777s] -- Up-to-date: /home/ros2-user/ros2_workspace/robotics-v1/install/game_engine/share/game_engine/package.xml
[0.778s] -- Up-to-date: /home/ros2-user/ros2_workspace/robotics-v1/install/game_engine/lib/game_engine/libgame_engine.a
[0.778s] -- Installing: /home/ros2-user/ros2_workspace/robotics-v1/install/game_engine/share/ament_index/resource_index/packages/game_engine
[0.780s] -- Installing: /home/ros2-user/ros2_workspace/robotics-v1/install/game_engine/share/game_engine/hook/ament_prefix_path.dsv
[0.782s] -- Installing: /home/ros2-user/ros2_workspace/robotics-v1/install/game_engine/share/game_engine/hook/ros_package_path.dsv
[0.783s] -- Up-to-date: /home/ros2-user/ros2_workspace/robotics-v1/install/game_engine/share/ament_index/resource_index/package_run_dependencies/game_engine
[0.786s] -- Up-to-date: /home/ros2-user/ros2_workspace/robotics-v1/install/game_engine/share/ament_index/resource_index/parent_prefix_path/game_engine
[0.786s] -- Up-to-date: /home/ros2-user/ros2_workspace/robotics-v1/install/game_engine/share/game_engine/environment/ament_prefix_path.sh
[0.806s] -- Installing: /home/ros2-user/ros2_workspace/robotics-v1/install/game_engine/share/game_engine/environment/ament_prefix_path.dsv
[0.806s] -- Up-to-date: /home/ros2-user/ros2_workspace/robotics-v1/install/game_engine/share/game_engine/environment/path.sh
[0.807s] -- Installing: /home/ros2-user/ros2_workspace/robotics-v1/install/game_engine/share/game_engine/environment/path.dsv
[0.807s] -- Up-to-date: /home/ros2-user/ros2_workspace/robotics-v1/install/game_engine/share/game_engine/local_setup.bash
[0.812s] -- Up-to-date: /home/ros2-user/ros2_workspace/robotics-v1/install/game_engine/share/game_engine/local_setup.sh
[0.813s] -- Up-to-date: /home/ros2-user/ros2_workspace/robotics-v1/install/game_engine/share/game_engine/local_setup.zsh
[0.813s] -- Installing: /home/ros2-user/ros2_workspace/robotics-v1/install/game_engine/share/game_engine/local_setup.dsv
[0.814s] -- Installing: /home/ros2-user/ros2_workspace/robotics-v1/install/game_engine/share/game_engine/package.dsv
[0.814s] -- Installing: /home/ros2-user/ros2_workspace/robotics-v1/install/game_engine/share/ament_index/resource_index/packages/game_engine
[0.814s] -- Up-to-date: /home/ros2-user/ros2_workspace/robotics-v1/install/game_engine/share/game_engine/cmake/game_engineConfig.cmake
[0.815s] -- Up-to-date: /home/ros2-user/ros2_workspace/robotics-v1/install/game_engine/share/game_engine/cmake/game_engineConfig-version.cmake
[0.815s] -- Up-to-date: /home/ros2-user/ros2_workspace/robotics-v1/install/game_engine/share/game_engine/package.xml
[0.815s] -- Up-to-date: /home/ros2-user/ros2_workspace/robotics-v1/install/game_engine/lib/libgame_engine.a
[0.815s] -- Up-to-date: /home/ros2-user/ros2_workspace/robotics-v1/install/game_engine/include
[0.815s] -- Up-to-date: /home/ros2-user/ros2_workspace/robotics-v1/install/game_engine/include/game_engine
[0.815s] -- Up-to-date: /home/ros2-user/ros2_workspace/robotics-v1/install/game_engine/include/game_engine/config
[0.819s] -- Up-to-date: /home/ros2-user/ros2_workspace/robotics-v1/install/game_engine/include/game_engine/config/ApplicationConfig.h
[0.819s] -- Up-to-date: /home/ros2-user/ros2_workspace/robotics-v1/install/game_engine/include/game_engine/Game.h
[0.819s] -- Up-to-date: /home/ros2-user/ros2_workspace/robotics-v1/install/game_engine/include/game_engine/Application.h
[0.820s] -- Up-to-date: /home/ros2-user/ros2_workspace/robotics-v1/install/game_engine/include/game_engine/communicator
[0.820s] -- Up-to-date: /home/ros2-user/ros2_workspace/robotics-v1/install/game_engine/include/game_engine/communicator/Communicator.h
[0.821s] -- Up-to-date: /home/ros2-user/ros2_workspace/robotics-v1/install/game_engine/include/game_engine/communicator/NullCommunicator.h
[0.822s] -- Up-to-date: /home/ros2-user/ros2_workspace/robotics-v1/install/game_engine/include/game_engine/defines
[0.823s] -- Up-to-date: /home/ros2-user/ros2_workspace/robotics-v1/install/game_engine/include/game_engine/defines/ActionEventDefines.h
[0.823s] -- Up-to-date: /home/ros2-user/ros2_workspace/robotics-v1/install/game_engine/include/game_engine/defines/DependencyDefines.h
[0.823s] -- Up-to-date: /home/ros2-user/ros2_workspace/robotics-v1/install/game_engine/include/game_engine/engine
[0.824s] -- Up-to-date: /home/ros2-user/ros2_workspace/robotics-v1/install/game_engine/include/game_engine/engine/config
[0.824s] -- Up-to-date: /home/ros2-user/ros2_workspace/robotics-v1/install/game_engine/include/game_engine/engine/config/EngineConfig.h
[0.825s] -- Up-to-date: /home/ros2-user/ros2_workspace/robotics-v1/install/game_engine/include/game_engine/engine/Engine.h
[0.826s] -- Up-to-date: /home/ros2-user/ros2_workspace/robotics-v1/install/game_engine/include/game_engine/event_handler
[0.826s] -- Up-to-date: /home/ros2-user/ros2_workspace/robotics-v1/install/game_engine/include/game_engine/event_handler/ActionEventHandler.h
[0.827s] -- Up-to-date: /home/ros2-user/ros2_workspace/robotics-v1/install/game_engine/include/game_engine/utils
[0.827s] -- Up-to-date: /home/ros2-user/ros2_workspace/robotics-v1/install/game_engine/include/game_engine/utils/DebugConsole.h
[0.828s] -- Up-to-date: /home/ros2-user/ros2_workspace/robotics-v1/install/game_engine/include/game_engine/utils/config
[0.836s] -- Up-to-date: /home/ros2-user/ros2_workspace/robotics-v1/install/game_engine/include/game_engine/utils/config/DebugConsoleConfig.h
[0.836s] -- Up-to-date: /home/ros2-user/ros2_workspace/robotics-v1/install/game_engine/lib/cmake/game_engine/game_engineTargets.cmake
[0.837s] -- Installing: /home/ros2-user/ros2_workspace/robotics-v1/install/game_engine/lib/cmake/game_engine/game_engineTargets-debug.cmake
[0.837s] -- Up-to-date: /home/ros2-user/ros2_workspace/robotics-v1/install/game_engine/lib/cmake/game_engine/game_engineConfig.cmake
[0.868s] Invoked command in '/home/ros2-user/ros2_workspace/robotics-v1/build/game_engine' returned '0': CMAKE_PREFIX_PATH=/home/ros2-user/ros2_workspace/robotics-v1/install/manager_utils:/home/ros2-user/ros2_workspace/robotics-v1/install/sdl_utils:/home/ros2-user/ros2_workspace/robotics-v1/install/resource_utils:/home/ros2-user/ros2_workspace/robotics-v1/install/utils:/home/ros2-user/ros2_workspace/robotics-v1/install/cmake_helpers:/opt/ros/foxy PKG_CONFIG_PATH=/home/ros2-user/ros2_workspace/robotics-v1/install/manager_utils/lib/x86_64-linux-gnu/pkgconfig:/home/ros2-user/ros2_workspace/robotics-v1/install/manager_utils/lib/pkgconfig:/home/ros2-user/ros2_workspace/robotics-v1/install/sdl_utils/lib/x86_64-linux-gnu/pkgconfig:/home/ros2-user/ros2_workspace/robotics-v1/install/sdl_utils/lib/pkgconfig:/home/ros2-user/ros2_workspace/robotics-v1/install/resource_utils/lib/x86_64-linux-gnu/pkgconfig:/home/ros2-user/ros2_workspace/robotics-v1/install/resource_utils/lib/pkgconfig:/home/ros2-user/ros2_workspace/robotics-v1/install/utils/lib/x86_64-linux-gnu/pkgconfig:/home/ros2-user/ros2_workspace/robotics-v1/install/utils/lib/pkgconfig:/home/ros2-user/ros2_workspace/robotics-v1/install/cmake_helpers/lib/x86_64-linux-gnu/pkgconfig:/home/ros2-user/ros2_workspace/robotics-v1/install/cmake_helpers/lib/pkgconfig /usr/bin/cmake --install /home/ros2-user/ros2_workspace/robotics-v1/build/game_engine
