[0.100s] Invoking command in '/home/ros2-user/ros2_workspace/robotics-v1/build/resource_utils': CMAKE_PREFIX_PATH=/home/ros2-user/ros2_workspace/robotics-v1/install/utils:/home/ros2-user/ros2_workspace/robotics-v1/install/cmake_helpers:/opt/ros/foxy PKG_CONFIG_PATH=/home/ros2-user/ros2_workspace/robotics-v1/install/utils/lib/x86_64-linux-gnu/pkgconfig:/home/ros2-user/ros2_workspace/robotics-v1/install/utils/lib/pkgconfig:/home/ros2-user/ros2_workspace/robotics-v1/install/cmake_helpers/lib/x86_64-linux-gnu/pkgconfig:/home/ros2-user/ros2_workspace/robotics-v1/install/cmake_helpers/lib/pkgconfig /usr/bin/cmake /home/ros2-user/ros2_workspace/robotics-v1/src/lib/resource_utils -DCMAKE_INSTALL_PREFIX=/home/ros2-user/ros2_workspace/robotics-v1/install/resource_utils
[0.139s] -- Found cmake_helpers: 1.0.0 (/home/ros2-user/ros2_workspace/robotics-v1/install/cmake_helpers/share/cmake_helpers/cmake)
[0.139s] -- Found ament_cmake: 0.9.11 (/opt/ros/foxy/share/ament_cmake/cmake)
[0.191s] -- Using PYTHON_EXECUTABLE: /usr/bin/python3
[0.486s] -- Configuring done
[0.536s] -- Generating done
[0.543s] -- Build files have been written to: /home/ros2-user/ros2_workspace/robotics-v1/build/resource_utils
[0.550s] Invoked command in '/home/ros2-user/ros2_workspace/robotics-v1/build/resource_utils' returned '0': CMAKE_PREFIX_PATH=/home/ros2-user/ros2_workspace/robotics-v1/install/utils:/home/ros2-user/ros2_workspace/robotics-v1/install/cmake_helpers:/opt/ros/foxy PKG_CONFIG_PATH=/home/ros2-user/ros2_workspace/robotics-v1/install/utils/lib/x86_64-linux-gnu/pkgconfig:/home/ros2-user/ros2_workspace/robotics-v1/install/utils/lib/pkgconfig:/home/ros2-user/ros2_workspace/robotics-v1/install/cmake_helpers/lib/x86_64-linux-gnu/pkgconfig:/home/ros2-user/ros2_workspace/robotics-v1/install/cmake_helpers/lib/pkgconfig /usr/bin/cmake /home/ros2-user/ros2_workspace/robotics-v1/src/lib/resource_utils -DCMAKE_INSTALL_PREFIX=/home/ros2-user/ros2_workspace/robotics-v1/install/resource_utils
[0.551s] Invoking command in '/home/ros2-user/ros2_workspace/robotics-v1/build/resource_utils': CMAKE_PREFIX_PATH=/home/ros2-user/ros2_workspace/robotics-v1/install/utils:/home/ros2-user/ros2_workspace/robotics-v1/install/cmake_helpers:/opt/ros/foxy PKG_CONFIG_PATH=/home/ros2-user/ros2_workspace/robotics-v1/install/utils/lib/x86_64-linux-gnu/pkgconfig:/home/ros2-user/ros2_workspace/robotics-v1/install/utils/lib/pkgconfig:/home/ros2-user/ros2_workspace/robotics-v1/install/cmake_helpers/lib/x86_64-linux-gnu/pkgconfig:/home/ros2-user/ros2_workspace/robotics-v1/install/cmake_helpers/lib/pkgconfig /usr/bin/cmake --build /home/ros2-user/ros2_workspace/robotics-v1/build/resource_utils -- -j4 -l4
[0.642s] [100%] Built target resource_utils
[0.663s] Invoked command in '/home/ros2-user/ros2_workspace/robotics-v1/build/resource_utils' returned '0': CMAKE_PREFIX_PATH=/home/ros2-user/ros2_workspace/robotics-v1/install/utils:/home/ros2-user/ros2_workspace/robotics-v1/install/cmake_helpers:/opt/ros/foxy PKG_CONFIG_PATH=/home/ros2-user/ros2_workspace/robotics-v1/install/utils/lib/x86_64-linux-gnu/pkgconfig:/home/ros2-user/ros2_workspace/robotics-v1/install/utils/lib/pkgconfig:/home/ros2-user/ros2_workspace/robotics-v1/install/cmake_helpers/lib/x86_64-linux-gnu/pkgconfig:/home/ros2-user/ros2_workspace/robotics-v1/install/cmake_helpers/lib/pkgconfig /usr/bin/cmake --build /home/ros2-user/ros2_workspace/robotics-v1/build/resource_utils -- -j4 -l4
[0.949s] Invoking command in '/home/ros2-user/ros2_workspace/robotics-v1/build/resource_utils': CMAKE_PREFIX_PATH=/home/ros2-user/ros2_workspace/robotics-v1/install/utils:/home/ros2-user/ros2_workspace/robotics-v1/install/cmake_helpers:/opt/ros/foxy PKG_CONFIG_PATH=/home/ros2-user/ros2_workspace/robotics-v1/install/utils/lib/x86_64-linux-gnu/pkgconfig:/home/ros2-user/ros2_workspace/robotics-v1/install/utils/lib/pkgconfig:/home/ros2-user/ros2_workspace/robotics-v1/install/cmake_helpers/lib/x86_64-linux-gnu/pkgconfig:/home/ros2-user/ros2_workspace/robotics-v1/install/cmake_helpers/lib/pkgconfig /usr/bin/cmake --install /home/ros2-user/ros2_workspace/robotics-v1/build/resource_utils
[0.950s] -- Install configuration: "Debug"
[0.950s] -- Up-to-date: /home/ros2-user/ros2_workspace/robotics-v1/install/resource_utils/share/resource_utils/package.xml
[0.950s] -- Up-to-date: /home/ros2-user/ros2_workspace/robotics-v1/install/resource_utils/lib/resource_utils/libresource_utils.a
[0.953s] -- Installing: /home/ros2-user/ros2_workspace/robotics-v1/install/resource_utils/share/ament_index/resource_index/packages/resource_utils
[0.953s] -- Installing: /home/ros2-user/ros2_workspace/robotics-v1/install/resource_utils/share/resource_utils/hook/ament_prefix_path.dsv
[0.953s] -- Installing: /home/ros2-user/ros2_workspace/robotics-v1/install/resource_utils/share/resource_utils/hook/ros_package_path.dsv
[0.953s] -- Up-to-date: /home/ros2-user/ros2_workspace/robotics-v1/install/resource_utils/share/ament_index/resource_index/package_run_dependencies/resource_utils
[0.954s] -- Up-to-date: /home/ros2-user/ros2_workspace/robotics-v1/install/resource_utils/share/ament_index/resource_index/parent_prefix_path/resource_utils
[0.954s] -- Up-to-date: /home/ros2-user/ros2_workspace/robotics-v1/install/resource_utils/share/resource_utils/environment/ament_prefix_path.sh
[0.954s] -- Installing: /home/ros2-user/ros2_workspace/robotics-v1/install/resource_utils/share/resource_utils/environment/ament_prefix_path.dsv
[0.954s] -- Up-to-date: /home/ros2-user/ros2_workspace/robotics-v1/install/resource_utils/share/resource_utils/environment/path.sh
[0.955s] -- Installing: /home/ros2-user/ros2_workspace/robotics-v1/install/resource_utils/share/resource_utils/environment/path.dsv
[0.955s] -- Up-to-date: /home/ros2-user/ros2_workspace/robotics-v1/install/resource_utils/share/resource_utils/local_setup.bash
[0.955s] -- Up-to-date: /home/ros2-user/ros2_workspace/robotics-v1/install/resource_utils/share/resource_utils/local_setup.sh
[0.955s] -- Up-to-date: /home/ros2-user/ros2_workspace/robotics-v1/install/resource_utils/share/resource_utils/local_setup.zsh
[0.955s] -- Installing: /home/ros2-user/ros2_workspace/robotics-v1/install/resource_utils/share/resource_utils/local_setup.dsv
[0.955s] -- Installing: /home/ros2-user/ros2_workspace/robotics-v1/install/resource_utils/share/resource_utils/package.dsv
[0.962s] -- Installing: /home/ros2-user/ros2_workspace/robotics-v1/install/resource_utils/share/ament_index/resource_index/packages/resource_utils
[0.962s] -- Up-to-date: /home/ros2-user/ros2_workspace/robotics-v1/install/resource_utils/share/resource_utils/cmake/resource_utilsConfig.cmake
[0.963s] -- Up-to-date: /home/ros2-user/ros2_workspace/robotics-v1/install/resource_utils/share/resource_utils/cmake/resource_utilsConfig-version.cmake
[0.963s] -- Up-to-date: /home/ros2-user/ros2_workspace/robotics-v1/install/resource_utils/share/resource_utils/package.xml
[0.963s] -- Up-to-date: /home/ros2-user/ros2_workspace/robotics-v1/install/resource_utils/lib/libresource_utils.a
[0.964s] -- Up-to-date: /home/ros2-user/ros2_workspace/robotics-v1/install/resource_utils/include
[0.964s] -- Up-to-date: /home/ros2-user/ros2_workspace/robotics-v1/install/resource_utils/include/resource_utils
[0.964s] -- Up-to-date: /home/ros2-user/ros2_workspace/robotics-v1/install/resource_utils/include/resource_utils/common
[0.964s] -- Up-to-date: /home/ros2-user/ros2_workspace/robotics-v1/install/resource_utils/include/resource_utils/common/ResourceFileHeader.h
[0.966s] -- Up-to-date: /home/ros2-user/ros2_workspace/robotics-v1/install/resource_utils/include/resource_utils/structs
[0.982s] -- Up-to-date: /home/ros2-user/ros2_workspace/robotics-v1/install/resource_utils/include/resource_utils/structs/FontData.h
[0.982s] -- Up-to-date: /home/ros2-user/ros2_workspace/robotics-v1/install/resource_utils/include/resource_utils/structs/CombinedStructs.h
[0.982s] -- Up-to-date: /home/ros2-user/ros2_workspace/robotics-v1/install/resource_utils/include/resource_utils/structs/SoundData.h
[0.983s] -- Up-to-date: /home/ros2-user/ros2_workspace/robotics-v1/install/resource_utils/include/resource_utils/structs/ResourceData.h
[0.983s] -- Up-to-date: /home/ros2-user/ros2_workspace/robotics-v1/install/resource_utils/include/resource_utils/structs/DataHeader.h
[0.983s] -- Up-to-date: /home/ros2-user/ros2_workspace/robotics-v1/install/resource_utils/include/resource_utils/defines
[0.983s] -- Up-to-date: /home/ros2-user/ros2_workspace/robotics-v1/install/resource_utils/include/resource_utils/defines/ResourceDefines.h
[0.984s] -- Up-to-date: /home/ros2-user/ros2_workspace/robotics-v1/install/resource_utils/include/resource_utils/defines/SoundDefines.h
[0.984s] -- Up-to-date: /home/ros2-user/ros2_workspace/robotics-v1/install/resource_utils/include/resource_utils/resource_loader
[0.987s] -- Up-to-date: /home/ros2-user/ros2_workspace/robotics-v1/install/resource_utils/include/resource_utils/resource_loader/ResourceLoader.h
[0.987s] -- Up-to-date: /home/ros2-user/ros2_workspace/robotics-v1/install/resource_utils/lib/cmake/resource_utils/resource_utilsTargets.cmake
[0.987s] -- Installing: /home/ros2-user/ros2_workspace/robotics-v1/install/resource_utils/lib/cmake/resource_utils/resource_utilsTargets-debug.cmake
[0.987s] -- Up-to-date: /home/ros2-user/ros2_workspace/robotics-v1/install/resource_utils/lib/cmake/resource_utils/resource_utilsConfig.cmake
[0.988s] Invoked command in '/home/ros2-user/ros2_workspace/robotics-v1/build/resource_utils' returned '0': CMAKE_PREFIX_PATH=/home/ros2-user/ros2_workspace/robotics-v1/install/utils:/home/ros2-user/ros2_workspace/robotics-v1/install/cmake_helpers:/opt/ros/foxy PKG_CONFIG_PATH=/home/ros2-user/ros2_workspace/robotics-v1/install/utils/lib/x86_64-linux-gnu/pkgconfig:/home/ros2-user/ros2_workspace/robotics-v1/install/utils/lib/pkgconfig:/home/ros2-user/ros2_workspace/robotics-v1/install/cmake_helpers/lib/x86_64-linux-gnu/pkgconfig:/home/ros2-user/ros2_workspace/robotics-v1/install/cmake_helpers/lib/pkgconfig /usr/bin/cmake --install /home/ros2-user/ros2_workspace/robotics-v1/build/resource_utils
